[0.020s] Invoking command in '/home/andrea/ros2_ws/build/custom_msgs': CMAKE_PREFIX_PATH=${CMAKE_PREFIX_PATH}:/home/andrea/ros2_ws/install/detection_aruco:/opt/ros/humble /usr/bin/cmake --build /home/andrea/ros2_ws/build/custom_msgs -- -j4 -l4
[0.125s] [  0%] Built target ament_cmake_python_copy_custom_msgs
[0.126s] [  2%] Built target custom_msgs__cpp
[0.128s] [ 12%] Built target custom_msgs__rosidl_generator_c
[0.236s] [ 23%] Built target custom_msgs__rosidl_typesupport_introspection_cpp
[0.241s] [ 34%] Built target custom_msgs__rosidl_typesupport_cpp
[0.243s] [ 44%] Built target custom_msgs__rosidl_typesupport_fastrtps_cpp
[0.310s] [ 55%] Built target custom_msgs__rosidl_typesupport_fastrtps_c
[0.314s] [ 65%] Built target custom_msgs__rosidl_typesupport_c
[0.329s] [ 76%] Built target custom_msgs__rosidl_typesupport_introspection_c
[0.368s] [ 76%] Built target custom_msgs
[0.407s] [ 78%] Built target custom_msgs__py
[0.472s] [ 87%] Built target custom_msgs__rosidl_generator_py
[0.558s] [ 91%] Built target custom_msgs__rosidl_typesupport_introspection_c__pyext
[0.559s] [ 95%] Built target custom_msgs__rosidl_typesupport_fastrtps_c__pyext
[0.572s] [100%] Built target custom_msgs__rosidl_typesupport_c__pyext
[0.655s] running egg_info
[0.676s] writing custom_msgs.egg-info/PKG-INFO
[0.677s] writing dependency_links to custom_msgs.egg-info/dependency_links.txt
[0.677s] writing top-level names to custom_msgs.egg-info/top_level.txt
[0.750s] reading manifest file 'custom_msgs.egg-info/SOURCES.txt'
[0.751s] writing manifest file 'custom_msgs.egg-info/SOURCES.txt'
[0.799s] [100%] Built target ament_cmake_python_build_custom_msgs_egg
[0.815s] Invoked command in '/home/andrea/ros2_ws/build/custom_msgs' returned '0': CMAKE_PREFIX_PATH=${CMAKE_PREFIX_PATH}:/home/andrea/ros2_ws/install/detection_aruco:/opt/ros/humble /usr/bin/cmake --build /home/andrea/ros2_ws/build/custom_msgs -- -j4 -l4
[0.971s] Invoking command in '/home/andrea/ros2_ws/build/custom_msgs': CMAKE_PREFIX_PATH=${CMAKE_PREFIX_PATH}:/home/andrea/ros2_ws/install/detection_aruco:/opt/ros/humble /usr/bin/cmake --install /home/andrea/ros2_ws/build/custom_msgs
[0.985s] -- Install configuration: ""
[0.986s] -- Up-to-date: /home/andrea/ros2_ws/install/custom_msgs/share/ament_index/resource_index/rosidl_interfaces/custom_msgs
[0.987s] -- Up-to-date: /home/andrea/ros2_ws/install/custom_msgs/include/custom_msgs/custom_msgs
[0.987s] -- Up-to-date: /home/andrea/ros2_ws/install/custom_msgs/include/custom_msgs/custom_msgs/msg
[0.987s] -- Up-to-date: /home/andrea/ros2_ws/install/custom_msgs/include/custom_msgs/custom_msgs/msg/plane.h
[0.987s] -- Up-to-date: /home/andrea/ros2_ws/install/custom_msgs/include/custom_msgs/custom_msgs/msg/plane_match.h
[0.987s] -- Up-to-date: /home/andrea/ros2_ws/install/custom_msgs/include/custom_msgs/custom_msgs/msg/detail
[0.987s] -- Up-to-date: /home/andrea/ros2_ws/install/custom_msgs/include/custom_msgs/custom_msgs/msg/detail/correspondences__functions.h
[0.987s] -- Up-to-date: /home/andrea/ros2_ws/install/custom_msgs/include/custom_msgs/custom_msgs/msg/detail/plane_match__functions.h
[0.987s] -- Up-to-date: /home/andrea/ros2_ws/install/custom_msgs/include/custom_msgs/custom_msgs/msg/detail/plane__functions.h
[0.987s] -- Up-to-date: /home/andrea/ros2_ws/install/custom_msgs/include/custom_msgs/custom_msgs/msg/detail/plane_match__struct.h
[0.988s] -- Up-to-date: /home/andrea/ros2_ws/install/custom_msgs/include/custom_msgs/custom_msgs/msg/detail/plane__struct.h
[0.988s] -- Up-to-date: /home/andrea/ros2_ws/install/custom_msgs/include/custom_msgs/custom_msgs/msg/detail/correspondences__type_support.h
[0.988s] -- Up-to-date: /home/andrea/ros2_ws/install/custom_msgs/include/custom_msgs/custom_msgs/msg/detail/plane__functions.c
[0.988s] -- Up-to-date: /home/andrea/ros2_ws/install/custom_msgs/include/custom_msgs/custom_msgs/msg/detail/plane_match__type_support.h
[0.988s] -- Up-to-date: /home/andrea/ros2_ws/install/custom_msgs/include/custom_msgs/custom_msgs/msg/detail/plane_match__functions.c
[0.989s] -- Up-to-date: /home/andrea/ros2_ws/install/custom_msgs/include/custom_msgs/custom_msgs/msg/detail/correspondences__struct.h
[0.989s] -- Up-to-date: /home/andrea/ros2_ws/install/custom_msgs/include/custom_msgs/custom_msgs/msg/detail/correspondences__functions.c
[0.989s] -- Up-to-date: /home/andrea/ros2_ws/install/custom_msgs/include/custom_msgs/custom_msgs/msg/detail/plane__type_support.h
[0.989s] -- Up-to-date: /home/andrea/ros2_ws/install/custom_msgs/include/custom_msgs/custom_msgs/msg/correspondences.h
[0.989s] -- Up-to-date: /home/andrea/ros2_ws/install/custom_msgs/include/custom_msgs/custom_msgs/msg/rosidl_generator_c__visibility_control.h
[0.990s] -- Up-to-date: /home/andrea/ros2_ws/install/custom_msgs/share/custom_msgs/environment/library_path.sh
[0.990s] -- Up-to-date: /home/andrea/ros2_ws/install/custom_msgs/share/custom_msgs/environment/library_path.dsv
[0.990s] -- Up-to-date: /home/andrea/ros2_ws/install/custom_msgs/lib/libcustom_msgs__rosidl_generator_c.so
[0.991s] -- Up-to-date: /home/andrea/ros2_ws/install/custom_msgs/include/custom_msgs/custom_msgs
[0.991s] -- Up-to-date: /home/andrea/ros2_ws/install/custom_msgs/include/custom_msgs/custom_msgs/msg
[0.991s] -- Up-to-date: /home/andrea/ros2_ws/install/custom_msgs/include/custom_msgs/custom_msgs/msg/detail
[0.992s] -- Up-to-date: /home/andrea/ros2_ws/install/custom_msgs/include/custom_msgs/custom_msgs/msg/detail/plane_match__rosidl_typesupport_fastrtps_c.h
[0.992s] -- Up-to-date: /home/andrea/ros2_ws/install/custom_msgs/include/custom_msgs/custom_msgs/msg/detail/plane__rosidl_typesupport_fastrtps_c.h
[0.992s] -- Up-to-date: /home/andrea/ros2_ws/install/custom_msgs/include/custom_msgs/custom_msgs/msg/detail/correspondences__rosidl_typesupport_fastrtps_c.h
[0.992s] -- Up-to-date: /home/andrea/ros2_ws/install/custom_msgs/include/custom_msgs/custom_msgs/msg/rosidl_typesupport_fastrtps_c__visibility_control.h
[0.996s] -- Up-to-date: /home/andrea/ros2_ws/install/custom_msgs/lib/libcustom_msgs__rosidl_typesupport_fastrtps_c.so
[0.999s] -- Up-to-date: /home/andrea/ros2_ws/install/custom_msgs/include/custom_msgs/custom_msgs
[0.999s] -- Up-to-date: /home/andrea/ros2_ws/install/custom_msgs/include/custom_msgs/custom_msgs/msg
[1.000s] -- Up-to-date: /home/andrea/ros2_ws/install/custom_msgs/include/custom_msgs/custom_msgs/msg/rosidl_typesupport_introspection_c__visibility_control.h
[1.000s] -- Up-to-date: /home/andrea/ros2_ws/install/custom_msgs/include/custom_msgs/custom_msgs/msg/detail
[1.000s] -- Up-to-date: /home/andrea/ros2_ws/install/custom_msgs/include/custom_msgs/custom_msgs/msg/detail/plane_match__type_support.c
[1.000s] -- Up-to-date: /home/andrea/ros2_ws/install/custom_msgs/include/custom_msgs/custom_msgs/msg/detail/plane__rosidl_typesupport_introspection_c.h
[1.001s] -- Up-to-date: /home/andrea/ros2_ws/install/custom_msgs/include/custom_msgs/custom_msgs/msg/detail/plane_match__rosidl_typesupport_introspection_c.h
[1.001s] -- Up-to-date: /home/andrea/ros2_ws/install/custom_msgs/include/custom_msgs/custom_msgs/msg/detail/correspondences__rosidl_typesupport_introspection_c.h
[1.001s] -- Up-to-date: /home/andrea/ros2_ws/install/custom_msgs/include/custom_msgs/custom_msgs/msg/detail/correspondences__type_support.c
[1.002s] -- Up-to-date: /home/andrea/ros2_ws/install/custom_msgs/include/custom_msgs/custom_msgs/msg/detail/plane__type_support.c
[1.002s] -- Up-to-date: /home/andrea/ros2_ws/install/custom_msgs/lib/libcustom_msgs__rosidl_typesupport_introspection_c.so
[1.009s] -- Up-to-date: /home/andrea/ros2_ws/install/custom_msgs/lib/libcustom_msgs__rosidl_typesupport_c.so
[1.010s] -- Up-to-date: /home/andrea/ros2_ws/install/custom_msgs/include/custom_msgs/custom_msgs
[1.011s] -- Up-to-date: /home/andrea/ros2_ws/install/custom_msgs/include/custom_msgs/custom_msgs/msg
[1.011s] -- Up-to-date: /home/andrea/ros2_ws/install/custom_msgs/include/custom_msgs/custom_msgs/msg/plane_match.hpp
[1.012s] -- Up-to-date: /home/andrea/ros2_ws/install/custom_msgs/include/custom_msgs/custom_msgs/msg/correspondences.hpp
[1.012s] -- Up-to-date: /home/andrea/ros2_ws/install/custom_msgs/include/custom_msgs/custom_msgs/msg/detail
[1.013s] -- Up-to-date: /home/andrea/ros2_ws/install/custom_msgs/include/custom_msgs/custom_msgs/msg/detail/plane_match__traits.hpp
[1.013s] -- Up-to-date: /home/andrea/ros2_ws/install/custom_msgs/include/custom_msgs/custom_msgs/msg/detail/plane_match__struct.hpp
[1.013s] -- Up-to-date: /home/andrea/ros2_ws/install/custom_msgs/include/custom_msgs/custom_msgs/msg/detail/correspondences__struct.hpp
[1.013s] -- Up-to-date: /home/andrea/ros2_ws/install/custom_msgs/include/custom_msgs/custom_msgs/msg/detail/plane__struct.hpp
[1.013s] -- Up-to-date: /home/andrea/ros2_ws/install/custom_msgs/include/custom_msgs/custom_msgs/msg/detail/plane_match__builder.hpp
[1.014s] -- Up-to-date: /home/andrea/ros2_ws/install/custom_msgs/include/custom_msgs/custom_msgs/msg/detail/plane__builder.hpp
[1.014s] -- Up-to-date: /home/andrea/ros2_ws/install/custom_msgs/include/custom_msgs/custom_msgs/msg/detail/correspondences__traits.hpp
[1.014s] -- Up-to-date: /home/andrea/ros2_ws/install/custom_msgs/include/custom_msgs/custom_msgs/msg/detail/correspondences__builder.hpp
[1.032s] -- Up-to-date: /home/andrea/ros2_ws/install/custom_msgs/include/custom_msgs/custom_msgs/msg/detail/plane__traits.hpp
[1.032s] -- Up-to-date: /home/andrea/ros2_ws/install/custom_msgs/include/custom_msgs/custom_msgs/msg/plane.hpp
[1.032s] -- Up-to-date: /home/andrea/ros2_ws/install/custom_msgs/include/custom_msgs/custom_msgs
[1.033s] -- Up-to-date: /home/andrea/ros2_ws/install/custom_msgs/include/custom_msgs/custom_msgs/msg
[1.033s] -- Up-to-date: /home/andrea/ros2_ws/install/custom_msgs/include/custom_msgs/custom_msgs/msg/rosidl_typesupport_fastrtps_cpp__visibility_control.h
[1.033s] -- Up-to-date: /home/andrea/ros2_ws/install/custom_msgs/include/custom_msgs/custom_msgs/msg/detail
[1.033s] -- Up-to-date: /home/andrea/ros2_ws/install/custom_msgs/include/custom_msgs/custom_msgs/msg/detail/plane_match__rosidl_typesupport_fastrtps_cpp.hpp
[1.033s] -- Up-to-date: /home/andrea/ros2_ws/install/custom_msgs/include/custom_msgs/custom_msgs/msg/detail/dds_fastrtps
[1.033s] -- Up-to-date: /home/andrea/ros2_ws/install/custom_msgs/include/custom_msgs/custom_msgs/msg/detail/correspondences__rosidl_typesupport_fastrtps_cpp.hpp
[1.033s] -- Up-to-date: /home/andrea/ros2_ws/install/custom_msgs/include/custom_msgs/custom_msgs/msg/detail/plane__rosidl_typesupport_fastrtps_cpp.hpp
[1.034s] -- Up-to-date: /home/andrea/ros2_ws/install/custom_msgs/lib/libcustom_msgs__rosidl_typesupport_fastrtps_cpp.so
[1.034s] -- Up-to-date: /home/andrea/ros2_ws/install/custom_msgs/include/custom_msgs/custom_msgs
[1.034s] -- Up-to-date: /home/andrea/ros2_ws/install/custom_msgs/include/custom_msgs/custom_msgs/msg
[1.034s] -- Up-to-date: /home/andrea/ros2_ws/install/custom_msgs/include/custom_msgs/custom_msgs/msg/detail
[1.034s] -- Up-to-date: /home/andrea/ros2_ws/install/custom_msgs/include/custom_msgs/custom_msgs/msg/detail/correspondences__rosidl_typesupport_introspection_cpp.hpp
[1.035s] -- Up-to-date: /home/andrea/ros2_ws/install/custom_msgs/include/custom_msgs/custom_msgs/msg/detail/plane__rosidl_typesupport_introspection_cpp.hpp
[1.035s] -- Up-to-date: /home/andrea/ros2_ws/install/custom_msgs/include/custom_msgs/custom_msgs/msg/detail/correspondences__type_support.cpp
[1.035s] -- Up-to-date: /home/andrea/ros2_ws/install/custom_msgs/include/custom_msgs/custom_msgs/msg/detail/plane_match__rosidl_typesupport_introspection_cpp.hpp
[1.035s] -- Up-to-date: /home/andrea/ros2_ws/install/custom_msgs/include/custom_msgs/custom_msgs/msg/detail/plane__type_support.cpp
[1.035s] -- Up-to-date: /home/andrea/ros2_ws/install/custom_msgs/include/custom_msgs/custom_msgs/msg/detail/plane_match__type_support.cpp
[1.035s] -- Up-to-date: /home/andrea/ros2_ws/install/custom_msgs/lib/libcustom_msgs__rosidl_typesupport_introspection_cpp.so
[1.036s] -- Up-to-date: /home/andrea/ros2_ws/install/custom_msgs/lib/libcustom_msgs__rosidl_typesupport_cpp.so
[1.036s] -- Up-to-date: /home/andrea/ros2_ws/install/custom_msgs/share/custom_msgs/environment/pythonpath.sh
[1.036s] -- Up-to-date: /home/andrea/ros2_ws/install/custom_msgs/share/custom_msgs/environment/pythonpath.dsv
[1.036s] -- Up-to-date: /home/andrea/ros2_ws/install/custom_msgs/local/lib/python3.10/dist-packages/custom_msgs-0.0.0-py3.10.egg-info
[1.036s] -- Installing: /home/andrea/ros2_ws/install/custom_msgs/local/lib/python3.10/dist-packages/custom_msgs-0.0.0-py3.10.egg-info/dependency_links.txt
[1.036s] -- Installing: /home/andrea/ros2_ws/install/custom_msgs/local/lib/python3.10/dist-packages/custom_msgs-0.0.0-py3.10.egg-info/SOURCES.txt
[1.036s] -- Installing: /home/andrea/ros2_ws/install/custom_msgs/local/lib/python3.10/dist-packages/custom_msgs-0.0.0-py3.10.egg-info/PKG-INFO
[1.040s] -- Installing: /home/andrea/ros2_ws/install/custom_msgs/local/lib/python3.10/dist-packages/custom_msgs-0.0.0-py3.10.egg-info/top_level.txt
[1.040s] -- Up-to-date: /home/andrea/ros2_ws/install/custom_msgs/local/lib/python3.10/dist-packages/custom_msgs
[1.040s] -- Up-to-date: /home/andrea/ros2_ws/install/custom_msgs/local/lib/python3.10/dist-packages/custom_msgs/custom_msgs_s__rosidl_typesupport_fastrtps_c.cpython-310-x86_64-linux-gnu.so
[1.041s] -- Up-to-date: /home/andrea/ros2_ws/install/custom_msgs/local/lib/python3.10/dist-packages/custom_msgs/custom_msgs_s__rosidl_typesupport_c.cpython-310-x86_64-linux-gnu.so
[1.041s] -- Up-to-date: /home/andrea/ros2_ws/install/custom_msgs/local/lib/python3.10/dist-packages/custom_msgs/_custom_msgs_s.ep.rosidl_typesupport_c.c
[1.042s] -- Up-to-date: /home/andrea/ros2_ws/install/custom_msgs/local/lib/python3.10/dist-packages/custom_msgs/msg
[1.042s] -- Up-to-date: /home/andrea/ros2_ws/install/custom_msgs/local/lib/python3.10/dist-packages/custom_msgs/msg/_plane_match_s.c
[1.042s] -- Up-to-date: /home/andrea/ros2_ws/install/custom_msgs/local/lib/python3.10/dist-packages/custom_msgs/msg/_correspondences.py
[1.042s] -- Up-to-date: /home/andrea/ros2_ws/install/custom_msgs/local/lib/python3.10/dist-packages/custom_msgs/msg/_plane_s.c
[1.042s] -- Up-to-date: /home/andrea/ros2_ws/install/custom_msgs/local/lib/python3.10/dist-packages/custom_msgs/msg/__init__.py
[1.044s] -- Up-to-date: /home/andrea/ros2_ws/install/custom_msgs/local/lib/python3.10/dist-packages/custom_msgs/msg/_plane.py
[1.044s] -- Up-to-date: /home/andrea/ros2_ws/install/custom_msgs/local/lib/python3.10/dist-packages/custom_msgs/msg/_plane_match.py
[1.044s] -- Up-to-date: /home/andrea/ros2_ws/install/custom_msgs/local/lib/python3.10/dist-packages/custom_msgs/msg/_correspondences_s.c
[1.044s] -- Up-to-date: /home/andrea/ros2_ws/install/custom_msgs/local/lib/python3.10/dist-packages/custom_msgs/_custom_msgs_s.ep.rosidl_typesupport_fastrtps_c.c
[1.044s] -- Up-to-date: /home/andrea/ros2_ws/install/custom_msgs/local/lib/python3.10/dist-packages/custom_msgs/__init__.py
[1.045s] -- Up-to-date: /home/andrea/ros2_ws/install/custom_msgs/local/lib/python3.10/dist-packages/custom_msgs/_custom_msgs_s.ep.rosidl_typesupport_introspection_c.c
[1.045s] -- Up-to-date: /home/andrea/ros2_ws/install/custom_msgs/local/lib/python3.10/dist-packages/custom_msgs/custom_msgs_s__rosidl_typesupport_introspection_c.cpython-310-x86_64-linux-gnu.so
[1.045s] -- Up-to-date: /home/andrea/ros2_ws/install/custom_msgs/local/lib/python3.10/dist-packages/custom_msgs/libcustom_msgs__rosidl_generator_py.so
[1.063s] Listing '/home/andrea/ros2_ws/install/custom_msgs/local/lib/python3.10/dist-packages/custom_msgs'...
[1.063s] Listing '/home/andrea/ros2_ws/install/custom_msgs/local/lib/python3.10/dist-packages/custom_msgs/msg'...
[1.073s] -- Up-to-date: /home/andrea/ros2_ws/install/custom_msgs/local/lib/python3.10/dist-packages/custom_msgs/custom_msgs_s__rosidl_typesupport_fastrtps_c.cpython-310-x86_64-linux-gnu.so
[1.074s] -- Up-to-date: /home/andrea/ros2_ws/install/custom_msgs/local/lib/python3.10/dist-packages/custom_msgs/custom_msgs_s__rosidl_typesupport_introspection_c.cpython-310-x86_64-linux-gnu.so
[1.074s] -- Up-to-date: /home/andrea/ros2_ws/install/custom_msgs/local/lib/python3.10/dist-packages/custom_msgs/custom_msgs_s__rosidl_typesupport_c.cpython-310-x86_64-linux-gnu.so
[1.075s] -- Up-to-date: /home/andrea/ros2_ws/install/custom_msgs/lib/libcustom_msgs__rosidl_generator_py.so
[1.075s] -- Up-to-date: /home/andrea/ros2_ws/install/custom_msgs/share/custom_msgs/msg/Plane.idl
[1.075s] -- Up-to-date: /home/andrea/ros2_ws/install/custom_msgs/share/custom_msgs/msg/PlaneMatch.idl
[1.076s] -- Up-to-date: /home/andrea/ros2_ws/install/custom_msgs/share/custom_msgs/msg/Correspondences.idl
[1.076s] -- Up-to-date: /home/andrea/ros2_ws/install/custom_msgs/share/custom_msgs/msg/Plane.msg
[1.076s] -- Up-to-date: /home/andrea/ros2_ws/install/custom_msgs/share/custom_msgs/msg/PlaneMatch.msg
[1.076s] -- Up-to-date: /home/andrea/ros2_ws/install/custom_msgs/share/custom_msgs/msg/Correspondences.msg
[1.077s] -- Up-to-date: /home/andrea/ros2_ws/install/custom_msgs/share/ament_index/resource_index/package_run_dependencies/custom_msgs
[1.077s] -- Up-to-date: /home/andrea/ros2_ws/install/custom_msgs/share/ament_index/resource_index/parent_prefix_path/custom_msgs
[1.077s] -- Up-to-date: /home/andrea/ros2_ws/install/custom_msgs/share/custom_msgs/environment/ament_prefix_path.sh
[1.077s] -- Up-to-date: /home/andrea/ros2_ws/install/custom_msgs/share/custom_msgs/environment/ament_prefix_path.dsv
[1.077s] -- Up-to-date: /home/andrea/ros2_ws/install/custom_msgs/share/custom_msgs/environment/path.sh
[1.077s] -- Up-to-date: /home/andrea/ros2_ws/install/custom_msgs/share/custom_msgs/environment/path.dsv
[1.078s] -- Up-to-date: /home/andrea/ros2_ws/install/custom_msgs/share/custom_msgs/local_setup.bash
[1.078s] -- Up-to-date: /home/andrea/ros2_ws/install/custom_msgs/share/custom_msgs/local_setup.sh
[1.078s] -- Up-to-date: /home/andrea/ros2_ws/install/custom_msgs/share/custom_msgs/local_setup.zsh
[1.078s] -- Up-to-date: /home/andrea/ros2_ws/install/custom_msgs/share/custom_msgs/local_setup.dsv
[1.079s] -- Installing: /home/andrea/ros2_ws/install/custom_msgs/share/custom_msgs/package.dsv
[1.079s] -- Up-to-date: /home/andrea/ros2_ws/install/custom_msgs/share/ament_index/resource_index/packages/custom_msgs
[1.080s] -- Up-to-date: /home/andrea/ros2_ws/install/custom_msgs/share/custom_msgs/cmake/export_custom_msgs__rosidl_generator_cExport.cmake
[1.080s] -- Up-to-date: /home/andrea/ros2_ws/install/custom_msgs/share/custom_msgs/cmake/export_custom_msgs__rosidl_generator_cExport-noconfig.cmake
[1.080s] -- Up-to-date: /home/andrea/ros2_ws/install/custom_msgs/share/custom_msgs/cmake/export_custom_msgs__rosidl_typesupport_fastrtps_cExport.cmake
[1.080s] -- Up-to-date: /home/andrea/ros2_ws/install/custom_msgs/share/custom_msgs/cmake/export_custom_msgs__rosidl_typesupport_fastrtps_cExport-noconfig.cmake
[1.081s] -- Up-to-date: /home/andrea/ros2_ws/install/custom_msgs/share/custom_msgs/cmake/custom_msgs__rosidl_typesupport_introspection_cExport.cmake
[1.081s] -- Up-to-date: /home/andrea/ros2_ws/install/custom_msgs/share/custom_msgs/cmake/custom_msgs__rosidl_typesupport_introspection_cExport-noconfig.cmake
[1.081s] -- Up-to-date: /home/andrea/ros2_ws/install/custom_msgs/share/custom_msgs/cmake/custom_msgs__rosidl_typesupport_cExport.cmake
[1.081s] -- Up-to-date: /home/andrea/ros2_ws/install/custom_msgs/share/custom_msgs/cmake/custom_msgs__rosidl_typesupport_cExport-noconfig.cmake
[1.081s] -- Up-to-date: /home/andrea/ros2_ws/install/custom_msgs/share/custom_msgs/cmake/export_custom_msgs__rosidl_generator_cppExport.cmake
[1.081s] -- Up-to-date: /home/andrea/ros2_ws/install/custom_msgs/share/custom_msgs/cmake/export_custom_msgs__rosidl_typesupport_fastrtps_cppExport.cmake
[1.082s] -- Up-to-date: /home/andrea/ros2_ws/install/custom_msgs/share/custom_msgs/cmake/export_custom_msgs__rosidl_typesupport_fastrtps_cppExport-noconfig.cmake
[1.082s] -- Up-to-date: /home/andrea/ros2_ws/install/custom_msgs/share/custom_msgs/cmake/custom_msgs__rosidl_typesupport_introspection_cppExport.cmake
[1.084s] -- Up-to-date: /home/andrea/ros2_ws/install/custom_msgs/share/custom_msgs/cmake/custom_msgs__rosidl_typesupport_introspection_cppExport-noconfig.cmake
[1.084s] -- Up-to-date: /home/andrea/ros2_ws/install/custom_msgs/share/custom_msgs/cmake/custom_msgs__rosidl_typesupport_cppExport.cmake
[1.084s] -- Up-to-date: /home/andrea/ros2_ws/install/custom_msgs/share/custom_msgs/cmake/custom_msgs__rosidl_typesupport_cppExport-noconfig.cmake
[1.085s] -- Up-to-date: /home/andrea/ros2_ws/install/custom_msgs/share/custom_msgs/cmake/export_custom_msgs__rosidl_generator_pyExport.cmake
[1.085s] -- Up-to-date: /home/andrea/ros2_ws/install/custom_msgs/share/custom_msgs/cmake/export_custom_msgs__rosidl_generator_pyExport-noconfig.cmake
[1.085s] -- Up-to-date: /home/andrea/ros2_ws/install/custom_msgs/share/custom_msgs/cmake/rosidl_cmake-extras.cmake
[1.086s] -- Up-to-date: /home/andrea/ros2_ws/install/custom_msgs/share/custom_msgs/cmake/ament_cmake_export_dependencies-extras.cmake
[1.086s] -- Up-to-date: /home/andrea/ros2_ws/install/custom_msgs/share/custom_msgs/cmake/ament_cmake_export_include_directories-extras.cmake
[1.086s] -- Up-to-date: /home/andrea/ros2_ws/install/custom_msgs/share/custom_msgs/cmake/ament_cmake_export_libraries-extras.cmake
[1.086s] -- Up-to-date: /home/andrea/ros2_ws/install/custom_msgs/share/custom_msgs/cmake/ament_cmake_export_targets-extras.cmake
[1.086s] -- Up-to-date: /home/andrea/ros2_ws/install/custom_msgs/share/custom_msgs/cmake/rosidl_cmake_export_typesupport_targets-extras.cmake
[1.087s] -- Up-to-date: /home/andrea/ros2_ws/install/custom_msgs/share/custom_msgs/cmake/rosidl_cmake_export_typesupport_libraries-extras.cmake
[1.087s] -- Up-to-date: /home/andrea/ros2_ws/install/custom_msgs/share/custom_msgs/cmake/custom_msgsConfig.cmake
[1.087s] -- Up-to-date: /home/andrea/ros2_ws/install/custom_msgs/share/custom_msgs/cmake/custom_msgsConfig-version.cmake
[1.089s] -- Up-to-date: /home/andrea/ros2_ws/install/custom_msgs/share/custom_msgs/package.xml
[1.089s] Invoked command in '/home/andrea/ros2_ws/build/custom_msgs' returned '0': CMAKE_PREFIX_PATH=${CMAKE_PREFIX_PATH}:/home/andrea/ros2_ws/install/detection_aruco:/opt/ros/humble /usr/bin/cmake --install /home/andrea/ros2_ws/build/custom_msgs
