[1.729s] Invoking command in '/home/andre/ros2_ws/src/detection_person': PYTHONPATH=/home/andre/ros2_ws/build/detection_person/prefix_override:/usr/lib/python3/dist-packages/colcon_core/task/python/colcon_distutils_commands:/home/andre/ros2_ws/install/detection_person/lib/python3.10/site-packages:${PYTHONPATH} /usr/bin/python3 -W ignore:setup.py install is deprecated setup.py egg_info --egg-base ../../build/detection_person build --build-base /home/andre/ros2_ws/build/detection_person/build install --record /home/andre/ros2_ws/build/detection_person/install.log --single-version-externally-managed install_data
[2.310s] running egg_info
[2.314s] writing ../../build/detection_person/detection_person.egg-info/PKG-INFO
[2.314s] writing dependency_links to ../../build/detection_person/detection_person.egg-info/dependency_links.txt
[2.314s] writing entry points to ../../build/detection_person/detection_person.egg-info/entry_points.txt
[2.315s] writing requirements to ../../build/detection_person/detection_person.egg-info/requires.txt
[2.315s] writing top-level names to ../../build/detection_person/detection_person.egg-info/top_level.txt
[2.318s] reading manifest file '../../build/detection_person/detection_person.egg-info/SOURCES.txt'
[2.318s] adding license file 'LICENSE'
[2.320s] writing manifest file '../../build/detection_person/detection_person.egg-info/SOURCES.txt'
[2.321s] running build
[2.321s] running build_py
[2.321s] copying detection_person/detection_person.py -> /home/andre/ros2_ws/build/detection_person/build/lib/detection_person
[2.321s] running install
[2.323s] running install_lib
[2.325s] copying /home/andre/ros2_ws/build/detection_person/build/lib/detection_person/detection_person.py -> /home/andre/ros2_ws/install/detection_person/lib/python3.10/site-packages/detection_person
[2.326s] byte-compiling /home/andre/ros2_ws/install/detection_person/lib/python3.10/site-packages/detection_person/detection_person.py to detection_person.cpython-310.pyc
[2.328s] running install_data
[2.328s] running install_egg_info
[2.332s] removing '/home/andre/ros2_ws/install/detection_person/lib/python3.10/site-packages/detection_person-0.0.0-py3.10.egg-info' (and everything under it)
[2.333s] Copying ../../build/detection_person/detection_person.egg-info to /home/andre/ros2_ws/install/detection_person/lib/python3.10/site-packages/detection_person-0.0.0-py3.10.egg-info
[2.381s] running install_scripts
[2.431s] Installing obtain_person script to /home/andre/ros2_ws/install/detection_person/lib/detection_person
[2.431s] writing list of installed files to '/home/andre/ros2_ws/build/detection_person/install.log'
[2.492s] Invoked command in '/home/andre/ros2_ws/src/detection_person' returned '0': PYTHONPATH=/home/andre/ros2_ws/build/detection_person/prefix_override:/usr/lib/python3/dist-packages/colcon_core/task/python/colcon_distutils_commands:/home/andre/ros2_ws/install/detection_person/lib/python3.10/site-packages:${PYTHONPATH} /usr/bin/python3 -W ignore:setup.py install is deprecated setup.py egg_info --egg-base ../../build/detection_person build --build-base /home/andre/ros2_ws/build/detection_person/build install --record /home/andre/ros2_ws/build/detection_person/install.log --single-version-externally-managed install_data
