[1.701s] Invoking command in '/home/andre/ros2_ws/src/detection_aruco': CMAKE_PREFIX_PATH=/home/andre/ros2_ws/install/custom_msgs:/home/andre/ros2_ws/install/pcl_example:/home/andre/ros2_ws/install/calib_correspondences:/home/andre/ros2_ws/install/astra_camera:/home/andre/ros2_ws/install/astra_camera_msgs:/home/andre/ros2_ws/install/apriltag_ros:/home/andre/ros2_ws/install/apriltag_msgs PYTHONPATH=/home/andre/ros2_ws/build/detection_aruco/prefix_override:/usr/lib/python3/dist-packages/colcon_core/task/python/colcon_distutils_commands:/home/andre/ros2_ws/install/detection_aruco/lib/python3.10/site-packages:${PYTHONPATH} /usr/bin/python3 -W ignore:setup.py install is deprecated setup.py egg_info --egg-base ../../build/detection_aruco build --build-base /home/andre/ros2_ws/build/detection_aruco/build install --record /home/andre/ros2_ws/build/detection_aruco/install.log --single-version-externally-managed install_data
[2.355s] running egg_info
[2.356s] writing ../../build/detection_aruco/detection_aruco.egg-info/PKG-INFO
[2.357s] writing dependency_links to ../../build/detection_aruco/detection_aruco.egg-info/dependency_links.txt
[2.357s] writing entry points to ../../build/detection_aruco/detection_aruco.egg-info/entry_points.txt
[2.358s] writing requirements to ../../build/detection_aruco/detection_aruco.egg-info/requires.txt
[2.358s] writing top-level names to ../../build/detection_aruco/detection_aruco.egg-info/top_level.txt
[2.364s] reading manifest file '../../build/detection_aruco/detection_aruco.egg-info/SOURCES.txt'
[2.364s] adding license file 'LICENSE'
[2.366s] writing manifest file '../../build/detection_aruco/detection_aruco.egg-info/SOURCES.txt'
[2.367s] running build
[2.367s] running build_py
[2.368s] copying detection_aruco/detection_aruco.py -> /home/andre/ros2_ws/build/detection_aruco/build/lib/detection_aruco
[2.368s] running install
[2.371s] running install_lib
[2.373s] copying /home/andre/ros2_ws/build/detection_aruco/build/lib/detection_aruco/detection_aruco.py -> /home/andre/ros2_ws/install/detection_aruco/lib/python3.10/site-packages/detection_aruco
[2.376s] byte-compiling /home/andre/ros2_ws/install/detection_aruco/lib/python3.10/site-packages/detection_aruco/detection_aruco.py to detection_aruco.cpython-310.pyc
[2.381s] running install_data
[2.381s] running install_egg_info
[2.386s] removing '/home/andre/ros2_ws/install/detection_aruco/lib/python3.10/site-packages/detection_aruco-0.0.0-py3.10.egg-info' (and everything under it)
[2.386s] Copying ../../build/detection_aruco/detection_aruco.egg-info to /home/andre/ros2_ws/install/detection_aruco/lib/python3.10/site-packages/detection_aruco-0.0.0-py3.10.egg-info
[2.388s] running install_scripts
[2.439s] Installing obtain script to /home/andre/ros2_ws/install/detection_aruco/lib/detection_aruco
[2.439s] Installing see script to /home/andre/ros2_ws/install/detection_aruco/lib/detection_aruco
[2.442s] writing list of installed files to '/home/andre/ros2_ws/build/detection_aruco/install.log'
[2.499s] Invoked command in '/home/andre/ros2_ws/src/detection_aruco' returned '0': CMAKE_PREFIX_PATH=/home/andre/ros2_ws/install/custom_msgs:/home/andre/ros2_ws/install/pcl_example:/home/andre/ros2_ws/install/calib_correspondences:/home/andre/ros2_ws/install/astra_camera:/home/andre/ros2_ws/install/astra_camera_msgs:/home/andre/ros2_ws/install/apriltag_ros:/home/andre/ros2_ws/install/apriltag_msgs PYTHONPATH=/home/andre/ros2_ws/build/detection_aruco/prefix_override:/usr/lib/python3/dist-packages/colcon_core/task/python/colcon_distutils_commands:/home/andre/ros2_ws/install/detection_aruco/lib/python3.10/site-packages:${PYTHONPATH} /usr/bin/python3 -W ignore:setup.py install is deprecated setup.py egg_info --egg-base ../../build/detection_aruco build --build-base /home/andre/ros2_ws/build/detection_aruco/build install --record /home/andre/ros2_ws/build/detection_aruco/install.log --single-version-externally-managed install_data
