[0.132s] DEBUG:colcon:Command line arguments: ['/usr/bin/colcon', 'build']
[0.132s] DEBUG:colcon:Parsed command line arguments: Namespace(log_base=None, log_level=None, verb_name='build', build_base='build', install_base='install', merge_install=False, symlink_install=False, test_result_base=None, continue_on_error=False, executor='parallel', parallel_workers=4, event_handlers=None, ignore_user_meta=False, metas=['./colcon.meta'], base_paths=['.'], packages_ignore=None, packages_ignore_regex=None, paths=None, packages_up_to=None, packages_up_to_regex=None, packages_above=None, packages_above_and_dependencies=None, packages_above_depth=None, packages_select_by_dep=None, packages_skip_by_dep=None, packages_skip_up_to=None, packages_select_build_failed=False, packages_skip_build_finished=False, packages_select_test_failures=False, packages_skip_test_passed=False, packages_select=None, packages_skip=None, packages_select_regex=None, packages_skip_regex=None, packages_start=None, packages_end=None, allow_overriding=[], cmake_args=None, cmake_target=None, cmake_target_skip_unavailable=False, cmake_clean_cache=False, cmake_clean_first=False, cmake_force_configure=False, ament_cmake_args=None, catkin_cmake_args=None, catkin_skip_building_tests=False, verb_parser=<colcon_defaults.argument_parser.defaults.DefaultArgumentsDecorator object at 0x7d449bc484c0>, verb_extension=<colcon_core.verb.build.BuildVerb object at 0x7d449bc0b640>, main=<bound method BuildVerb.main of <colcon_core.verb.build.BuildVerb object at 0x7d449bc0b640>>)
[0.182s] Level 1:colcon.colcon_core.package_discovery:discover_packages(colcon_meta) check parameters
[0.182s] Level 1:colcon.colcon_core.package_discovery:discover_packages(recursive) check parameters
[0.182s] Level 1:colcon.colcon_core.package_discovery:discover_packages(ignore) check parameters
[0.182s] Level 1:colcon.colcon_core.package_discovery:discover_packages(path) check parameters
[0.182s] Level 1:colcon.colcon_core.package_discovery:discover_packages(colcon_meta) discover
[0.182s] Level 1:colcon.colcon_core.package_discovery:discover_packages(recursive) discover
[0.182s] INFO:colcon.colcon_core.package_discovery:Crawling recursively for packages in '/home/andrea/ros2_ws'
[0.183s] Level 1:colcon.colcon_core.package_identification:_identify(.) by extensions ['ignore', 'ignore_ament_install']
[0.183s] Level 1:colcon.colcon_core.package_identification:_identify(.) by extension 'ignore'
[0.183s] Level 1:colcon.colcon_core.package_identification:_identify(.) by extension 'ignore_ament_install'
[0.183s] Level 1:colcon.colcon_core.package_identification:_identify(.) by extensions ['colcon_pkg']
[0.183s] Level 1:colcon.colcon_core.package_identification:_identify(.) by extension 'colcon_pkg'
[0.183s] Level 1:colcon.colcon_core.package_identification:_identify(.) by extensions ['colcon_meta']
[0.183s] Level 1:colcon.colcon_core.package_identification:_identify(.) by extension 'colcon_meta'
[0.183s] Level 1:colcon.colcon_core.package_identification:_identify(.) by extensions ['ros']
[0.183s] Level 1:colcon.colcon_core.package_identification:_identify(.) by extension 'ros'
[0.201s] Level 1:colcon.colcon_core.package_identification:_identify(.) by extensions ['cmake', 'python']
[0.201s] Level 1:colcon.colcon_core.package_identification:_identify(.) by extension 'cmake'
[0.201s] Level 1:colcon.colcon_core.package_identification:_identify(.) by extension 'python'
[0.201s] Level 1:colcon.colcon_core.package_identification:_identify(.) by extensions ['python_setup_py']
[0.201s] Level 1:colcon.colcon_core.package_identification:_identify(.) by extension 'python_setup_py'
[0.202s] Level 1:colcon.colcon_core.package_identification:_identify(build) by extensions ['ignore', 'ignore_ament_install']
[0.202s] Level 1:colcon.colcon_core.package_identification:_identify(build) by extension 'ignore'
[0.202s] Level 1:colcon.colcon_core.package_identification:_identify(build) ignored
[0.202s] Level 1:colcon.colcon_core.package_identification:_identify(install) by extensions ['ignore', 'ignore_ament_install']
[0.202s] Level 1:colcon.colcon_core.package_identification:_identify(install) by extension 'ignore'
[0.202s] Level 1:colcon.colcon_core.package_identification:_identify(install) ignored
[0.202s] Level 1:colcon.colcon_core.package_identification:_identify(log) by extensions ['ignore', 'ignore_ament_install']
[0.202s] Level 1:colcon.colcon_core.package_identification:_identify(log) by extension 'ignore'
[0.202s] Level 1:colcon.colcon_core.package_identification:_identify(log) ignored
[0.202s] Level 1:colcon.colcon_core.package_identification:_identify(src) by extensions ['ignore', 'ignore_ament_install']
[0.202s] Level 1:colcon.colcon_core.package_identification:_identify(src) by extension 'ignore'
[0.203s] Level 1:colcon.colcon_core.package_identification:_identify(src) by extension 'ignore_ament_install'
[0.203s] Level 1:colcon.colcon_core.package_identification:_identify(src) by extensions ['colcon_pkg']
[0.203s] Level 1:colcon.colcon_core.package_identification:_identify(src) by extension 'colcon_pkg'
[0.203s] Level 1:colcon.colcon_core.package_identification:_identify(src) by extensions ['colcon_meta']
[0.203s] Level 1:colcon.colcon_core.package_identification:_identify(src) by extension 'colcon_meta'
[0.203s] Level 1:colcon.colcon_core.package_identification:_identify(src) by extensions ['ros']
[0.203s] Level 1:colcon.colcon_core.package_identification:_identify(src) by extension 'ros'
[0.203s] Level 1:colcon.colcon_core.package_identification:_identify(src) by extensions ['cmake', 'python']
[0.203s] Level 1:colcon.colcon_core.package_identification:_identify(src) by extension 'cmake'
[0.203s] Level 1:colcon.colcon_core.package_identification:_identify(src) by extension 'python'
[0.203s] Level 1:colcon.colcon_core.package_identification:_identify(src) by extensions ['python_setup_py']
[0.203s] Level 1:colcon.colcon_core.package_identification:_identify(src) by extension 'python_setup_py'
[0.203s] Level 1:colcon.colcon_core.package_identification:_identify(src/apriltag_ros) by extensions ['ignore', 'ignore_ament_install']
[0.203s] Level 1:colcon.colcon_core.package_identification:_identify(src/apriltag_ros) by extension 'ignore'
[0.203s] Level 1:colcon.colcon_core.package_identification:_identify(src/apriltag_ros) by extension 'ignore_ament_install'
[0.203s] Level 1:colcon.colcon_core.package_identification:_identify(src/apriltag_ros) by extensions ['colcon_pkg']
[0.203s] Level 1:colcon.colcon_core.package_identification:_identify(src/apriltag_ros) by extension 'colcon_pkg'
[0.203s] Level 1:colcon.colcon_core.package_identification:_identify(src/apriltag_ros) by extensions ['colcon_meta']
[0.203s] Level 1:colcon.colcon_core.package_identification:_identify(src/apriltag_ros) by extension 'colcon_meta'
[0.204s] Level 1:colcon.colcon_core.package_identification:_identify(src/apriltag_ros) by extensions ['ros']
[0.204s] Level 1:colcon.colcon_core.package_identification:_identify(src/apriltag_ros) by extension 'ros'
[0.207s] DEBUG:colcon.colcon_core.package_identification:Package 'src/apriltag_ros' with type 'ros.ament_cmake' and name 'apriltag_ros'
[0.207s] Level 1:colcon.colcon_core.package_identification:_identify(src/datos_camara) by extensions ['ignore', 'ignore_ament_install']
[0.207s] Level 1:colcon.colcon_core.package_identification:_identify(src/datos_camara) by extension 'ignore'
[0.207s] Level 1:colcon.colcon_core.package_identification:_identify(src/datos_camara) by extension 'ignore_ament_install'
[0.207s] Level 1:colcon.colcon_core.package_identification:_identify(src/datos_camara) by extensions ['colcon_pkg']
[0.207s] Level 1:colcon.colcon_core.package_identification:_identify(src/datos_camara) by extension 'colcon_pkg'
[0.208s] Level 1:colcon.colcon_core.package_identification:_identify(src/datos_camara) by extensions ['colcon_meta']
[0.208s] Level 1:colcon.colcon_core.package_identification:_identify(src/datos_camara) by extension 'colcon_meta'
[0.208s] Level 1:colcon.colcon_core.package_identification:_identify(src/datos_camara) by extensions ['ros']
[0.208s] Level 1:colcon.colcon_core.package_identification:_identify(src/datos_camara) by extension 'ros'
[0.209s] DEBUG:colcon.colcon_core.package_identification:Package 'src/datos_camara' with type 'ros.ament_cmake' and name 'datos_camara'
[0.209s] Level 1:colcon.colcon_core.package_identification:_identify(src/detection_aruco) by extensions ['ignore', 'ignore_ament_install']
[0.209s] Level 1:colcon.colcon_core.package_identification:_identify(src/detection_aruco) by extension 'ignore'
[0.209s] Level 1:colcon.colcon_core.package_identification:_identify(src/detection_aruco) by extension 'ignore_ament_install'
[0.209s] Level 1:colcon.colcon_core.package_identification:_identify(src/detection_aruco) by extensions ['colcon_pkg']
[0.209s] Level 1:colcon.colcon_core.package_identification:_identify(src/detection_aruco) by extension 'colcon_pkg'
[0.209s] Level 1:colcon.colcon_core.package_identification:_identify(src/detection_aruco) by extensions ['colcon_meta']
[0.209s] Level 1:colcon.colcon_core.package_identification:_identify(src/detection_aruco) by extension 'colcon_meta'
[0.210s] Level 1:colcon.colcon_core.package_identification:_identify(src/detection_aruco) by extensions ['ros']
[0.210s] Level 1:colcon.colcon_core.package_identification:_identify(src/detection_aruco) by extension 'ros'
[0.210s] DEBUG:colcon.colcon_core.package_identification:Package 'src/detection_aruco' with type 'ros.ament_python' and name 'detection_aruco'
[0.210s] Level 1:colcon.colcon_core.package_discovery:discover_packages(recursive) using defaults
[0.211s] Level 1:colcon.colcon_core.package_discovery:discover_packages(ignore) discover
[0.211s] Level 1:colcon.colcon_core.package_discovery:discover_packages(ignore) using defaults
[0.211s] Level 1:colcon.colcon_core.package_discovery:discover_packages(path) discover
[0.211s] Level 1:colcon.colcon_core.package_discovery:discover_packages(path) using defaults
[0.235s] Level 1:colcon.colcon_core.package_discovery:discover_packages(prefix_path) check parameters
[0.236s] Level 1:colcon.colcon_core.package_discovery:discover_packages(prefix_path) discover
[0.237s] WARNING:colcon.colcon_ros.prefix_path.ament:The path '/home/andrea/ros2_ws/install/v4l2_camera' in the environment variable AMENT_PREFIX_PATH doesn't exist
[0.237s] WARNING:colcon.colcon_ros.prefix_path.ament:The path '/home/andrea/ros2_ws/install/usb_camera_driver' in the environment variable AMENT_PREFIX_PATH doesn't exist
[0.237s] WARNING:colcon.colcon_ros.prefix_path.ament:The path '/home/andrea/ros2_ws/install/usb_cam' in the environment variable AMENT_PREFIX_PATH doesn't exist
[0.237s] WARNING:colcon.colcon_ros.prefix_path.ament:The path '/home/andrea/ros2_ws/install/py_pubsub' in the environment variable AMENT_PREFIX_PATH doesn't exist
[0.237s] WARNING:colcon.colcon_ros.prefix_path.ament:The path '/home/andrea/ros2_ws/install/tutorial_interfaces' in the environment variable AMENT_PREFIX_PATH doesn't exist
[0.237s] WARNING:colcon.colcon_ros.prefix_path.ament:The path '/home/andrea/ros2_ws/install/opencv_cam' in the environment variable AMENT_PREFIX_PATH doesn't exist
[0.237s] WARNING:colcon.colcon_ros.prefix_path.ament:The path '/home/andrea/ros2_ws/install/ros2_shared' in the environment variable AMENT_PREFIX_PATH doesn't exist
[0.238s] WARNING:colcon.colcon_ros.prefix_path.ament:The path '/home/andrea/ros2_ws/install/python_parameters' in the environment variable AMENT_PREFIX_PATH doesn't exist
[0.238s] WARNING:colcon.colcon_ros.prefix_path.ament:The path '/home/andrea/ros2_ws/install/prueba_pkg' in the environment variable AMENT_PREFIX_PATH doesn't exist
[0.238s] WARNING:colcon.colcon_ros.prefix_path.ament:The path '/home/andrea/ros2_ws/install/my_package' in the environment variable AMENT_PREFIX_PATH doesn't exist
[0.238s] WARNING:colcon.colcon_ros.prefix_path.ament:The path '/home/andrea/ros2_ws/install/launch_testing_examples' in the environment variable AMENT_PREFIX_PATH doesn't exist
[0.238s] WARNING:colcon.colcon_ros.prefix_path.ament:The path '/home/andrea/ros2_ws/install/examples_rclpy_pointcloud_publisher' in the environment variable AMENT_PREFIX_PATH doesn't exist
[0.238s] WARNING:colcon.colcon_ros.prefix_path.ament:The path '/home/andrea/ros2_ws/install/examples_rclpy_minimal_subscriber' in the environment variable AMENT_PREFIX_PATH doesn't exist
[0.238s] WARNING:colcon.colcon_ros.prefix_path.ament:The path '/home/andrea/ros2_ws/install/examples_rclpy_minimal_service' in the environment variable AMENT_PREFIX_PATH doesn't exist
[0.238s] WARNING:colcon.colcon_ros.prefix_path.ament:The path '/home/andrea/ros2_ws/install/examples_rclpy_minimal_publisher' in the environment variable AMENT_PREFIX_PATH doesn't exist
[0.238s] WARNING:colcon.colcon_ros.prefix_path.ament:The path '/home/andrea/ros2_ws/install/examples_rclpy_minimal_client' in the environment variable AMENT_PREFIX_PATH doesn't exist
[0.238s] WARNING:colcon.colcon_ros.prefix_path.ament:The path '/home/andrea/ros2_ws/install/examples_rclpy_minimal_action_server' in the environment variable AMENT_PREFIX_PATH doesn't exist
[0.238s] WARNING:colcon.colcon_ros.prefix_path.ament:The path '/home/andrea/ros2_ws/install/examples_rclpy_minimal_action_client' in the environment variable AMENT_PREFIX_PATH doesn't exist
[0.238s] WARNING:colcon.colcon_ros.prefix_path.ament:The path '/home/andrea/ros2_ws/install/examples_rclpy_guard_conditions' in the environment variable AMENT_PREFIX_PATH doesn't exist
[0.238s] WARNING:colcon.colcon_ros.prefix_path.ament:The path '/home/andrea/ros2_ws/install/examples_rclpy_executors' in the environment variable AMENT_PREFIX_PATH doesn't exist
[0.239s] WARNING:colcon.colcon_ros.prefix_path.ament:The path '/home/andrea/ros2_ws/install/examples_rclcpp_wait_set' in the environment variable AMENT_PREFIX_PATH doesn't exist
[0.239s] WARNING:colcon.colcon_ros.prefix_path.ament:The path '/home/andrea/ros2_ws/install/examples_rclcpp_multithreaded_executor' in the environment variable AMENT_PREFIX_PATH doesn't exist
[0.239s] WARNING:colcon.colcon_ros.prefix_path.ament:The path '/home/andrea/ros2_ws/install/examples_rclcpp_minimal_timer' in the environment variable AMENT_PREFIX_PATH doesn't exist
[0.239s] WARNING:colcon.colcon_ros.prefix_path.ament:The path '/home/andrea/ros2_ws/install/examples_rclcpp_minimal_subscriber' in the environment variable AMENT_PREFIX_PATH doesn't exist
[0.239s] WARNING:colcon.colcon_ros.prefix_path.ament:The path '/home/andrea/ros2_ws/install/examples_rclcpp_minimal_service' in the environment variable AMENT_PREFIX_PATH doesn't exist
[0.239s] WARNING:colcon.colcon_ros.prefix_path.ament:The path '/home/andrea/ros2_ws/install/examples_rclcpp_minimal_publisher' in the environment variable AMENT_PREFIX_PATH doesn't exist
[0.239s] WARNING:colcon.colcon_ros.prefix_path.ament:The path '/home/andrea/ros2_ws/install/examples_rclcpp_minimal_composition' in the environment variable AMENT_PREFIX_PATH doesn't exist
[0.239s] WARNING:colcon.colcon_ros.prefix_path.ament:The path '/home/andrea/ros2_ws/install/examples_rclcpp_minimal_client' in the environment variable AMENT_PREFIX_PATH doesn't exist
[0.239s] WARNING:colcon.colcon_ros.prefix_path.ament:The path '/home/andrea/ros2_ws/install/examples_rclcpp_minimal_action_server' in the environment variable AMENT_PREFIX_PATH doesn't exist
[0.239s] WARNING:colcon.colcon_ros.prefix_path.ament:The path '/home/andrea/ros2_ws/install/examples_rclcpp_minimal_action_client' in the environment variable AMENT_PREFIX_PATH doesn't exist
[0.240s] WARNING:colcon.colcon_ros.prefix_path.ament:The path '/home/andrea/ros2_ws/install/examples_rclcpp_cbg_executor' in the environment variable AMENT_PREFIX_PATH doesn't exist
[0.240s] WARNING:colcon.colcon_ros.prefix_path.ament:The path '/home/andrea/ros2_ws/install/examples_rclcpp_async_client' in the environment variable AMENT_PREFIX_PATH doesn't exist
[0.240s] WARNING:colcon.colcon_ros.prefix_path.ament:The path '/home/andrea/ros2_ws/install/detection_aruco' in the environment variable AMENT_PREFIX_PATH doesn't exist
[0.240s] WARNING:colcon.colcon_ros.prefix_path.ament:The path '/home/andrea/ros2_ws/install/datos_camara' in the environment variable AMENT_PREFIX_PATH doesn't exist
[0.240s] WARNING:colcon.colcon_ros.prefix_path.ament:The path '/home/andrea/ros2_ws/install/cv_basics' in the environment variable AMENT_PREFIX_PATH doesn't exist
[0.240s] WARNING:colcon.colcon_ros.prefix_path.ament:The path '/home/andrea/ros2_ws/install/cpp_pubsub' in the environment variable AMENT_PREFIX_PATH doesn't exist
[0.240s] WARNING:colcon.colcon_ros.prefix_path.ament:The path '/home/andrea/ros2_ws/install/apriltag_ros' in the environment variable AMENT_PREFIX_PATH doesn't exist
[0.240s] WARNING:colcon.colcon_ros.prefix_path.catkin:The path '/home/andrea/ros2_ws/install/v4l2_camera' in the environment variable CMAKE_PREFIX_PATH doesn't exist
[0.240s] WARNING:colcon.colcon_ros.prefix_path.catkin:The path '/home/andrea/ros2_ws/install/usb_camera_driver' in the environment variable CMAKE_PREFIX_PATH doesn't exist
[0.240s] WARNING:colcon.colcon_ros.prefix_path.catkin:The path '/home/andrea/ros2_ws/install/usb_cam' in the environment variable CMAKE_PREFIX_PATH doesn't exist
[0.240s] WARNING:colcon.colcon_ros.prefix_path.catkin:The path '/home/andrea/ros2_ws/install/tutorial_interfaces' in the environment variable CMAKE_PREFIX_PATH doesn't exist
[0.240s] WARNING:colcon.colcon_ros.prefix_path.catkin:The path '/home/andrea/ros2_ws/install/opencv_cam' in the environment variable CMAKE_PREFIX_PATH doesn't exist
[0.240s] WARNING:colcon.colcon_ros.prefix_path.catkin:The path '/home/andrea/ros2_ws/install/ros2_shared' in the environment variable CMAKE_PREFIX_PATH doesn't exist
[0.241s] WARNING:colcon.colcon_ros.prefix_path.catkin:The path '/home/andrea/ros2_ws/install/examples_rclcpp_wait_set' in the environment variable CMAKE_PREFIX_PATH doesn't exist
[0.241s] WARNING:colcon.colcon_ros.prefix_path.catkin:The path '/home/andrea/ros2_ws/install/examples_rclcpp_multithreaded_executor' in the environment variable CMAKE_PREFIX_PATH doesn't exist
[0.241s] WARNING:colcon.colcon_ros.prefix_path.catkin:The path '/home/andrea/ros2_ws/install/examples_rclcpp_minimal_timer' in the environment variable CMAKE_PREFIX_PATH doesn't exist
[0.241s] WARNING:colcon.colcon_ros.prefix_path.catkin:The path '/home/andrea/ros2_ws/install/examples_rclcpp_minimal_subscriber' in the environment variable CMAKE_PREFIX_PATH doesn't exist
[0.241s] WARNING:colcon.colcon_ros.prefix_path.catkin:The path '/home/andrea/ros2_ws/install/examples_rclcpp_minimal_service' in the environment variable CMAKE_PREFIX_PATH doesn't exist
[0.241s] WARNING:colcon.colcon_ros.prefix_path.catkin:The path '/home/andrea/ros2_ws/install/examples_rclcpp_minimal_publisher' in the environment variable CMAKE_PREFIX_PATH doesn't exist
[0.241s] WARNING:colcon.colcon_ros.prefix_path.catkin:The path '/home/andrea/ros2_ws/install/examples_rclcpp_minimal_composition' in the environment variable CMAKE_PREFIX_PATH doesn't exist
[0.241s] WARNING:colcon.colcon_ros.prefix_path.catkin:The path '/home/andrea/ros2_ws/install/examples_rclcpp_minimal_client' in the environment variable CMAKE_PREFIX_PATH doesn't exist
[0.241s] WARNING:colcon.colcon_ros.prefix_path.catkin:The path '/home/andrea/ros2_ws/install/examples_rclcpp_minimal_action_server' in the environment variable CMAKE_PREFIX_PATH doesn't exist
[0.241s] WARNING:colcon.colcon_ros.prefix_path.catkin:The path '/home/andrea/ros2_ws/install/examples_rclcpp_minimal_action_client' in the environment variable CMAKE_PREFIX_PATH doesn't exist
[0.241s] WARNING:colcon.colcon_ros.prefix_path.catkin:The path '/home/andrea/ros2_ws/install/examples_rclcpp_cbg_executor' in the environment variable CMAKE_PREFIX_PATH doesn't exist
[0.241s] WARNING:colcon.colcon_ros.prefix_path.catkin:The path '/home/andrea/ros2_ws/install/examples_rclcpp_async_client' in the environment variable CMAKE_PREFIX_PATH doesn't exist
[0.241s] WARNING:colcon.colcon_ros.prefix_path.catkin:The path '/home/andrea/ros2_ws/install/datos_camara' in the environment variable CMAKE_PREFIX_PATH doesn't exist
[0.241s] WARNING:colcon.colcon_ros.prefix_path.catkin:The path '/home/andrea/ros2_ws/install/cpp_pubsub' in the environment variable CMAKE_PREFIX_PATH doesn't exist
[0.241s] WARNING:colcon.colcon_ros.prefix_path.catkin:The path '/home/andrea/ros2_ws/install/apriltag_ros' in the environment variable CMAKE_PREFIX_PATH doesn't exist
[0.242s] DEBUG:colcon.colcon_installed_package_information.package_discovery:Found 0 installed packages in /home/andrea/ros2_ws/install
[0.245s] DEBUG:colcon.colcon_installed_package_information.package_discovery:Found 299 installed packages in /opt/ros/humble
[0.247s] Level 1:colcon.colcon_core.package_discovery:discover_packages(prefix_path) using defaults
[0.274s] ERROR:colcon.colcon_core.package_augmentation:Exception in package augmentation extension 'python': 
Traceback (most recent call last):
  File "/usr/lib/python3/dist-packages/colcon_core/package_augmentation/__init__.py", line 97, in augment_packages
    retval = extension.augment_packages(
  File "/usr/lib/python3/dist-packages/colcon_installed_package_information/package_augmentation/python.py", line 44, in augment_packages
    dist = next(iter(dists))
StopIteration

[0.281s] Level 5:colcon.colcon_core.verb:set package 'datos_camara' build argument 'cmake_args' from command line to 'None'
[0.281s] Level 5:colcon.colcon_core.verb:set package 'datos_camara' build argument 'cmake_target' from command line to 'None'
[0.281s] Level 5:colcon.colcon_core.verb:set package 'datos_camara' build argument 'cmake_target_skip_unavailable' from command line to 'False'
[0.281s] Level 5:colcon.colcon_core.verb:set package 'datos_camara' build argument 'cmake_clean_cache' from command line to 'False'
[0.281s] Level 5:colcon.colcon_core.verb:set package 'datos_camara' build argument 'cmake_clean_first' from command line to 'False'
[0.281s] Level 5:colcon.colcon_core.verb:set package 'datos_camara' build argument 'cmake_force_configure' from command line to 'False'
[0.281s] Level 5:colcon.colcon_core.verb:set package 'datos_camara' build argument 'ament_cmake_args' from command line to 'None'
[0.281s] Level 5:colcon.colcon_core.verb:set package 'datos_camara' build argument 'catkin_cmake_args' from command line to 'None'
[0.281s] Level 5:colcon.colcon_core.verb:set package 'datos_camara' build argument 'catkin_skip_building_tests' from command line to 'False'
[0.281s] DEBUG:colcon.colcon_core.verb:Building package 'datos_camara' with the following arguments: {'ament_cmake_args': None, 'build_base': '/home/andrea/ros2_ws/build/datos_camara', 'catkin_cmake_args': None, 'catkin_skip_building_tests': False, 'cmake_args': None, 'cmake_clean_cache': False, 'cmake_clean_first': False, 'cmake_force_configure': False, 'cmake_target': None, 'cmake_target_skip_unavailable': False, 'install_base': '/home/andrea/ros2_ws/install/datos_camara', 'merge_install': False, 'path': '/home/andrea/ros2_ws/src/datos_camara', 'symlink_install': False, 'test_result_base': None}
[0.281s] Level 5:colcon.colcon_core.verb:set package 'apriltag_ros' build argument 'cmake_args' from command line to 'None'
[0.281s] Level 5:colcon.colcon_core.verb:set package 'apriltag_ros' build argument 'cmake_target' from command line to 'None'
[0.282s] Level 5:colcon.colcon_core.verb:set package 'apriltag_ros' build argument 'cmake_target_skip_unavailable' from command line to 'False'
[0.282s] Level 5:colcon.colcon_core.verb:set package 'apriltag_ros' build argument 'cmake_clean_cache' from command line to 'False'
[0.282s] Level 5:colcon.colcon_core.verb:set package 'apriltag_ros' build argument 'cmake_clean_first' from command line to 'False'
[0.282s] Level 5:colcon.colcon_core.verb:set package 'apriltag_ros' build argument 'cmake_force_configure' from command line to 'False'
[0.282s] Level 5:colcon.colcon_core.verb:set package 'apriltag_ros' build argument 'ament_cmake_args' from command line to 'None'
[0.282s] Level 5:colcon.colcon_core.verb:set package 'apriltag_ros' build argument 'catkin_cmake_args' from command line to 'None'
[0.282s] Level 5:colcon.colcon_core.verb:set package 'apriltag_ros' build argument 'catkin_skip_building_tests' from command line to 'False'
[0.282s] DEBUG:colcon.colcon_core.verb:Building package 'apriltag_ros' with the following arguments: {'ament_cmake_args': None, 'build_base': '/home/andrea/ros2_ws/build/apriltag_ros', 'catkin_cmake_args': None, 'catkin_skip_building_tests': False, 'cmake_args': None, 'cmake_clean_cache': False, 'cmake_clean_first': False, 'cmake_force_configure': False, 'cmake_target': None, 'cmake_target_skip_unavailable': False, 'install_base': '/home/andrea/ros2_ws/install/apriltag_ros', 'merge_install': False, 'path': '/home/andrea/ros2_ws/src/apriltag_ros', 'symlink_install': False, 'test_result_base': None}
[0.282s] Level 5:colcon.colcon_core.verb:set package 'detection_aruco' build argument 'cmake_args' from command line to 'None'
[0.283s] Level 5:colcon.colcon_core.verb:set package 'detection_aruco' build argument 'cmake_target' from command line to 'None'
[0.283s] Level 5:colcon.colcon_core.verb:set package 'detection_aruco' build argument 'cmake_target_skip_unavailable' from command line to 'False'
[0.283s] Level 5:colcon.colcon_core.verb:set package 'detection_aruco' build argument 'cmake_clean_cache' from command line to 'False'
[0.283s] Level 5:colcon.colcon_core.verb:set package 'detection_aruco' build argument 'cmake_clean_first' from command line to 'False'
[0.283s] Level 5:colcon.colcon_core.verb:set package 'detection_aruco' build argument 'cmake_force_configure' from command line to 'False'
[0.283s] Level 5:colcon.colcon_core.verb:set package 'detection_aruco' build argument 'ament_cmake_args' from command line to 'None'
[0.283s] Level 5:colcon.colcon_core.verb:set package 'detection_aruco' build argument 'catkin_cmake_args' from command line to 'None'
[0.283s] Level 5:colcon.colcon_core.verb:set package 'detection_aruco' build argument 'catkin_skip_building_tests' from command line to 'False'
[0.283s] DEBUG:colcon.colcon_core.verb:Building package 'detection_aruco' with the following arguments: {'ament_cmake_args': None, 'build_base': '/home/andrea/ros2_ws/build/detection_aruco', 'catkin_cmake_args': None, 'catkin_skip_building_tests': False, 'cmake_args': None, 'cmake_clean_cache': False, 'cmake_clean_first': False, 'cmake_force_configure': False, 'cmake_target': None, 'cmake_target_skip_unavailable': False, 'install_base': '/home/andrea/ros2_ws/install/detection_aruco', 'merge_install': False, 'path': '/home/andrea/ros2_ws/src/detection_aruco', 'symlink_install': False, 'test_result_base': None}
[0.283s] INFO:colcon.colcon_core.executor:Executing jobs using 'parallel' executor
[0.284s] DEBUG:colcon.colcon_parallel_executor.executor.parallel:run_until_complete
[0.285s] INFO:colcon.colcon_ros.task.ament_cmake.build:Building ROS package in '/home/andrea/ros2_ws/src/datos_camara' with build type 'ament_cmake'
[0.285s] INFO:colcon.colcon_cmake.task.cmake.build:Building CMake package in '/home/andrea/ros2_ws/src/datos_camara'
[0.288s] INFO:colcon.colcon_core.plugin_system:Skipping extension 'colcon_core.shell.bat': Not used on non-Windows systems
[0.288s] INFO:colcon.colcon_core.shell:Skip shell extension 'powershell' for command environment: Not usable outside of PowerShell
[0.288s] DEBUG:colcon.colcon_core.shell:Skip shell extension 'dsv' for command environment
[0.299s] DEBUG:colcon.colcon_core.event_handler.log_command:Invoking command in '/home/andrea/ros2_ws/build/datos_camara': CMAKE_PREFIX_PATH=${CMAKE_PREFIX_PATH}:/home/andrea/ros2_ws/install/py_pubsub:/home/andrea/ros2_ws/install/python_parameters:/home/andrea/ros2_ws/install/prueba_pkg:/home/andrea/ros2_ws/install/my_package:/home/andrea/ros2_ws/install/launch_testing_examples:/home/andrea/ros2_ws/install/examples_rclpy_pointcloud_publisher:/home/andrea/ros2_ws/install/examples_rclpy_minimal_subscriber:/home/andrea/ros2_ws/install/examples_rclpy_minimal_service:/home/andrea/ros2_ws/install/examples_rclpy_minimal_publisher:/home/andrea/ros2_ws/install/examples_rclpy_minimal_client:/home/andrea/ros2_ws/install/examples_rclpy_minimal_action_server:/home/andrea/ros2_ws/install/examples_rclpy_minimal_action_client:/home/andrea/ros2_ws/install/examples_rclpy_guard_conditions:/home/andrea/ros2_ws/install/examples_rclpy_executors:/home/andrea/ros2_ws/install/detection_aruco:/home/andrea/ros2_ws/install/cv_basics:/opt/ros/humble /usr/bin/cmake /home/andrea/ros2_ws/src/datos_camara -DCMAKE_INSTALL_PREFIX=/home/andrea/ros2_ws/install/datos_camara
[2.896s] DEBUG:colcon.colcon_core.event_handler.log_command:Invoked command in '/home/andrea/ros2_ws/build/datos_camara' returned '0': CMAKE_PREFIX_PATH=${CMAKE_PREFIX_PATH}:/home/andrea/ros2_ws/install/py_pubsub:/home/andrea/ros2_ws/install/python_parameters:/home/andrea/ros2_ws/install/prueba_pkg:/home/andrea/ros2_ws/install/my_package:/home/andrea/ros2_ws/install/launch_testing_examples:/home/andrea/ros2_ws/install/examples_rclpy_pointcloud_publisher:/home/andrea/ros2_ws/install/examples_rclpy_minimal_subscriber:/home/andrea/ros2_ws/install/examples_rclpy_minimal_service:/home/andrea/ros2_ws/install/examples_rclpy_minimal_publisher:/home/andrea/ros2_ws/install/examples_rclpy_minimal_client:/home/andrea/ros2_ws/install/examples_rclpy_minimal_action_server:/home/andrea/ros2_ws/install/examples_rclpy_minimal_action_client:/home/andrea/ros2_ws/install/examples_rclpy_guard_conditions:/home/andrea/ros2_ws/install/examples_rclpy_executors:/home/andrea/ros2_ws/install/detection_aruco:/home/andrea/ros2_ws/install/cv_basics:/opt/ros/humble /usr/bin/cmake /home/andrea/ros2_ws/src/datos_camara -DCMAKE_INSTALL_PREFIX=/home/andrea/ros2_ws/install/datos_camara
[2.899s] DEBUG:colcon.colcon_core.event_handler.log_command:Invoking command in '/home/andrea/ros2_ws/build/datos_camara': CMAKE_PREFIX_PATH=${CMAKE_PREFIX_PATH}:/home/andrea/ros2_ws/install/py_pubsub:/home/andrea/ros2_ws/install/python_parameters:/home/andrea/ros2_ws/install/prueba_pkg:/home/andrea/ros2_ws/install/my_package:/home/andrea/ros2_ws/install/launch_testing_examples:/home/andrea/ros2_ws/install/examples_rclpy_pointcloud_publisher:/home/andrea/ros2_ws/install/examples_rclpy_minimal_subscriber:/home/andrea/ros2_ws/install/examples_rclpy_minimal_service:/home/andrea/ros2_ws/install/examples_rclpy_minimal_publisher:/home/andrea/ros2_ws/install/examples_rclpy_minimal_client:/home/andrea/ros2_ws/install/examples_rclpy_minimal_action_server:/home/andrea/ros2_ws/install/examples_rclpy_minimal_action_client:/home/andrea/ros2_ws/install/examples_rclpy_guard_conditions:/home/andrea/ros2_ws/install/examples_rclpy_executors:/home/andrea/ros2_ws/install/detection_aruco:/home/andrea/ros2_ws/install/cv_basics:/opt/ros/humble /usr/bin/cmake --build /home/andrea/ros2_ws/build/datos_camara -- -j4 -l4
[6.384s] DEBUG:colcon.colcon_core.event_handler.log_command:Invoked command in '/home/andrea/ros2_ws/build/datos_camara' returned '0': CMAKE_PREFIX_PATH=${CMAKE_PREFIX_PATH}:/home/andrea/ros2_ws/install/py_pubsub:/home/andrea/ros2_ws/install/python_parameters:/home/andrea/ros2_ws/install/prueba_pkg:/home/andrea/ros2_ws/install/my_package:/home/andrea/ros2_ws/install/launch_testing_examples:/home/andrea/ros2_ws/install/examples_rclpy_pointcloud_publisher:/home/andrea/ros2_ws/install/examples_rclpy_minimal_subscriber:/home/andrea/ros2_ws/install/examples_rclpy_minimal_service:/home/andrea/ros2_ws/install/examples_rclpy_minimal_publisher:/home/andrea/ros2_ws/install/examples_rclpy_minimal_client:/home/andrea/ros2_ws/install/examples_rclpy_minimal_action_server:/home/andrea/ros2_ws/install/examples_rclpy_minimal_action_client:/home/andrea/ros2_ws/install/examples_rclpy_guard_conditions:/home/andrea/ros2_ws/install/examples_rclpy_executors:/home/andrea/ros2_ws/install/detection_aruco:/home/andrea/ros2_ws/install/cv_basics:/opt/ros/humble /usr/bin/cmake --build /home/andrea/ros2_ws/build/datos_camara -- -j4 -l4
[6.490s] DEBUG:colcon.colcon_core.event_handler.log_command:Invoking command in '/home/andrea/ros2_ws/build/datos_camara': CMAKE_PREFIX_PATH=${CMAKE_PREFIX_PATH}:/home/andrea/ros2_ws/install/py_pubsub:/home/andrea/ros2_ws/install/python_parameters:/home/andrea/ros2_ws/install/prueba_pkg:/home/andrea/ros2_ws/install/my_package:/home/andrea/ros2_ws/install/launch_testing_examples:/home/andrea/ros2_ws/install/examples_rclpy_pointcloud_publisher:/home/andrea/ros2_ws/install/examples_rclpy_minimal_subscriber:/home/andrea/ros2_ws/install/examples_rclpy_minimal_service:/home/andrea/ros2_ws/install/examples_rclpy_minimal_publisher:/home/andrea/ros2_ws/install/examples_rclpy_minimal_client:/home/andrea/ros2_ws/install/examples_rclpy_minimal_action_server:/home/andrea/ros2_ws/install/examples_rclpy_minimal_action_client:/home/andrea/ros2_ws/install/examples_rclpy_guard_conditions:/home/andrea/ros2_ws/install/examples_rclpy_executors:/home/andrea/ros2_ws/install/detection_aruco:/home/andrea/ros2_ws/install/cv_basics:/opt/ros/humble /usr/bin/cmake --install /home/andrea/ros2_ws/build/datos_camara
[6.591s] Level 1:colcon.colcon_core.environment:create_environment_scripts_only(datos_camara)
[6.592s] DEBUG:colcon.colcon_core.event_handler.log_command:Invoked command in '/home/andrea/ros2_ws/build/datos_camara' returned '0': CMAKE_PREFIX_PATH=${CMAKE_PREFIX_PATH}:/home/andrea/ros2_ws/install/py_pubsub:/home/andrea/ros2_ws/install/python_parameters:/home/andrea/ros2_ws/install/prueba_pkg:/home/andrea/ros2_ws/install/my_package:/home/andrea/ros2_ws/install/launch_testing_examples:/home/andrea/ros2_ws/install/examples_rclpy_pointcloud_publisher:/home/andrea/ros2_ws/install/examples_rclpy_minimal_subscriber:/home/andrea/ros2_ws/install/examples_rclpy_minimal_service:/home/andrea/ros2_ws/install/examples_rclpy_minimal_publisher:/home/andrea/ros2_ws/install/examples_rclpy_minimal_client:/home/andrea/ros2_ws/install/examples_rclpy_minimal_action_server:/home/andrea/ros2_ws/install/examples_rclpy_minimal_action_client:/home/andrea/ros2_ws/install/examples_rclpy_guard_conditions:/home/andrea/ros2_ws/install/examples_rclpy_executors:/home/andrea/ros2_ws/install/detection_aruco:/home/andrea/ros2_ws/install/cv_basics:/opt/ros/humble /usr/bin/cmake --install /home/andrea/ros2_ws/build/datos_camara
[6.595s] Level 1:colcon.colcon_core.environment:checking '/home/andrea/ros2_ws/install/datos_camara' for CMake module files
[6.595s] Level 1:colcon.colcon_core.environment:checking '/home/andrea/ros2_ws/install/datos_camara' for CMake config files
[6.596s] Level 1:colcon.colcon_core.shell:create_environment_hook('datos_camara', 'cmake_prefix_path')
[6.596s] INFO:colcon.colcon_core.shell:Creating environment hook '/home/andrea/ros2_ws/install/datos_camara/share/datos_camara/hook/cmake_prefix_path.ps1'
[6.597s] INFO:colcon.colcon_core.shell:Creating environment descriptor '/home/andrea/ros2_ws/install/datos_camara/share/datos_camara/hook/cmake_prefix_path.dsv'
[6.597s] INFO:colcon.colcon_core.shell:Creating environment hook '/home/andrea/ros2_ws/install/datos_camara/share/datos_camara/hook/cmake_prefix_path.sh'
[6.598s] Level 1:colcon.colcon_core.environment:checking '/home/andrea/ros2_ws/install/datos_camara/lib'
[6.598s] Level 1:colcon.colcon_core.shell:create_environment_hook('datos_camara', 'ld_library_path_lib')
[6.599s] INFO:colcon.colcon_core.shell:Creating environment hook '/home/andrea/ros2_ws/install/datos_camara/share/datos_camara/hook/ld_library_path_lib.ps1'
[6.599s] INFO:colcon.colcon_core.shell:Creating environment descriptor '/home/andrea/ros2_ws/install/datos_camara/share/datos_camara/hook/ld_library_path_lib.dsv'
[6.599s] INFO:colcon.colcon_core.shell:Creating environment hook '/home/andrea/ros2_ws/install/datos_camara/share/datos_camara/hook/ld_library_path_lib.sh'
[6.600s] Level 1:colcon.colcon_core.environment:checking '/home/andrea/ros2_ws/install/datos_camara/bin'
[6.600s] Level 1:colcon.colcon_core.environment:checking '/home/andrea/ros2_ws/install/datos_camara/lib/pkgconfig/datos_camara.pc'
[6.600s] Level 1:colcon.colcon_core.environment:checking '/home/andrea/ros2_ws/install/datos_camara/lib/python3.10/site-packages'
[6.600s] Level 1:colcon.colcon_core.environment:checking '/home/andrea/ros2_ws/install/datos_camara/bin'
[6.601s] INFO:colcon.colcon_core.shell:Creating package script '/home/andrea/ros2_ws/install/datos_camara/share/datos_camara/package.ps1'
[6.602s] INFO:colcon.colcon_core.shell:Creating package descriptor '/home/andrea/ros2_ws/install/datos_camara/share/datos_camara/package.dsv'
[6.602s] INFO:colcon.colcon_core.shell:Creating package script '/home/andrea/ros2_ws/install/datos_camara/share/datos_camara/package.sh'
[6.603s] INFO:colcon.colcon_core.shell:Creating package script '/home/andrea/ros2_ws/install/datos_camara/share/datos_camara/package.bash'
[6.604s] INFO:colcon.colcon_core.shell:Creating package script '/home/andrea/ros2_ws/install/datos_camara/share/datos_camara/package.zsh'
[6.605s] Level 1:colcon.colcon_core.environment:create_file_with_runtime_dependencies(/home/andrea/ros2_ws/install/datos_camara/share/colcon-core/packages/datos_camara)
[6.699s] Level 1:colcon.colcon_core.environment:create_environment_scripts_only(datos_camara)
[6.699s] Level 1:colcon.colcon_core.environment:checking '/home/andrea/ros2_ws/install/datos_camara' for CMake module files
[6.700s] Level 1:colcon.colcon_core.environment:checking '/home/andrea/ros2_ws/install/datos_camara' for CMake config files
[6.700s] Level 1:colcon.colcon_core.shell:create_environment_hook('datos_camara', 'cmake_prefix_path')
[6.701s] INFO:colcon.colcon_core.shell:Creating environment hook '/home/andrea/ros2_ws/install/datos_camara/share/datos_camara/hook/cmake_prefix_path.ps1'
[6.701s] INFO:colcon.colcon_core.shell:Creating environment descriptor '/home/andrea/ros2_ws/install/datos_camara/share/datos_camara/hook/cmake_prefix_path.dsv'
[6.702s] INFO:colcon.colcon_core.shell:Creating environment hook '/home/andrea/ros2_ws/install/datos_camara/share/datos_camara/hook/cmake_prefix_path.sh'
[6.702s] Level 1:colcon.colcon_core.environment:checking '/home/andrea/ros2_ws/install/datos_camara/lib'
[6.702s] Level 1:colcon.colcon_core.shell:create_environment_hook('datos_camara', 'ld_library_path_lib')
[6.702s] INFO:colcon.colcon_core.shell:Creating environment hook '/home/andrea/ros2_ws/install/datos_camara/share/datos_camara/hook/ld_library_path_lib.ps1'
[6.703s] INFO:colcon.colcon_core.shell:Creating environment descriptor '/home/andrea/ros2_ws/install/datos_camara/share/datos_camara/hook/ld_library_path_lib.dsv'
[6.703s] INFO:colcon.colcon_core.shell:Creating environment hook '/home/andrea/ros2_ws/install/datos_camara/share/datos_camara/hook/ld_library_path_lib.sh'
[6.704s] Level 1:colcon.colcon_core.environment:checking '/home/andrea/ros2_ws/install/datos_camara/bin'
[6.704s] Level 1:colcon.colcon_core.environment:checking '/home/andrea/ros2_ws/install/datos_camara/lib/pkgconfig/datos_camara.pc'
[6.704s] Level 1:colcon.colcon_core.environment:checking '/home/andrea/ros2_ws/install/datos_camara/lib/python3.10/site-packages'
[6.704s] Level 1:colcon.colcon_core.environment:checking '/home/andrea/ros2_ws/install/datos_camara/bin'
[6.705s] INFO:colcon.colcon_core.shell:Creating package script '/home/andrea/ros2_ws/install/datos_camara/share/datos_camara/package.ps1'
[6.705s] INFO:colcon.colcon_core.shell:Creating package descriptor '/home/andrea/ros2_ws/install/datos_camara/share/datos_camara/package.dsv'
[6.706s] INFO:colcon.colcon_core.shell:Creating package script '/home/andrea/ros2_ws/install/datos_camara/share/datos_camara/package.sh'
[6.707s] INFO:colcon.colcon_core.shell:Creating package script '/home/andrea/ros2_ws/install/datos_camara/share/datos_camara/package.bash'
[6.707s] INFO:colcon.colcon_core.shell:Creating package script '/home/andrea/ros2_ws/install/datos_camara/share/datos_camara/package.zsh'
[6.707s] Level 1:colcon.colcon_core.environment:create_file_with_runtime_dependencies(/home/andrea/ros2_ws/install/datos_camara/share/colcon-core/packages/datos_camara)
[6.708s] INFO:colcon.colcon_ros.task.ament_cmake.build:Building ROS package in '/home/andrea/ros2_ws/src/apriltag_ros' with build type 'ament_cmake'
[6.708s] INFO:colcon.colcon_cmake.task.cmake.build:Building CMake package in '/home/andrea/ros2_ws/src/apriltag_ros'
[6.708s] INFO:colcon.colcon_core.shell:Skip shell extension 'powershell' for command environment: Not usable outside of PowerShell
[6.708s] DEBUG:colcon.colcon_core.shell:Skip shell extension 'dsv' for command environment
[6.723s] DEBUG:colcon.colcon_core.event_handler.log_command:Invoking command in '/home/andrea/ros2_ws/build/apriltag_ros': CMAKE_PREFIX_PATH=/home/andrea/ros2_ws/install/datos_camara:/home/andrea/ros2_ws/install/v4l2_camera:/home/andrea/ros2_ws/install/usb_camera_driver:/home/andrea/ros2_ws/install/usb_cam:/home/andrea/ros2_ws/install/tutorial_interfaces:/home/andrea/ros2_ws/install/opencv_cam:/home/andrea/ros2_ws/install/ros2_shared:/home/andrea/ros2_ws/install/examples_rclcpp_wait_set:/home/andrea/ros2_ws/install/examples_rclcpp_multithreaded_executor:/home/andrea/ros2_ws/install/examples_rclcpp_minimal_timer:/home/andrea/ros2_ws/install/examples_rclcpp_minimal_subscriber:/home/andrea/ros2_ws/install/examples_rclcpp_minimal_service:/home/andrea/ros2_ws/install/examples_rclcpp_minimal_publisher:/home/andrea/ros2_ws/install/examples_rclcpp_minimal_composition:/home/andrea/ros2_ws/install/examples_rclcpp_minimal_client:/home/andrea/ros2_ws/install/examples_rclcpp_minimal_action_server:/home/andrea/ros2_ws/install/examples_rclcpp_minimal_action_client:/home/andrea/ros2_ws/install/examples_rclcpp_cbg_executor:/home/andrea/ros2_ws/install/examples_rclcpp_async_client:/home/andrea/ros2_ws/install/cpp_pubsub:/home/andrea/ros2_ws/install/apriltag_ros:/home/andrea/ros2_ws/install/py_pubsub:/home/andrea/ros2_ws/install/python_parameters:/home/andrea/ros2_ws/install/prueba_pkg:/home/andrea/ros2_ws/install/my_package:/home/andrea/ros2_ws/install/launch_testing_examples:/home/andrea/ros2_ws/install/examples_rclpy_pointcloud_publisher:/home/andrea/ros2_ws/install/examples_rclpy_minimal_subscriber:/home/andrea/ros2_ws/install/examples_rclpy_minimal_service:/home/andrea/ros2_ws/install/examples_rclpy_minimal_publisher:/home/andrea/ros2_ws/install/examples_rclpy_minimal_client:/home/andrea/ros2_ws/install/examples_rclpy_minimal_action_server:/home/andrea/ros2_ws/install/examples_rclpy_minimal_action_client:/home/andrea/ros2_ws/install/examples_rclpy_guard_conditions:/home/andrea/ros2_ws/install/examples_rclpy_executors:/home/andrea/ros2_ws/install/detection_aruco:/home/andrea/ros2_ws/install/cv_basics:/opt/ros/humble LD_LIBRARY_PATH=/home/andrea/ros2_ws/install/datos_camara/lib:/home/andrea/ros2_ws/install/v4l2_camera/lib:/home/andrea/ros2_ws/install/usb_camera_driver/lib:/home/andrea/ros2_ws/install/usb_cam/lib:/home/andrea/ros2_ws/install/tutorial_interfaces/lib:/home/andrea/ros2_ws/install/opencv_cam/lib:/home/andrea/ros2_ws/install/examples_rclcpp_wait_set/lib:/home/andrea/ros2_ws/install/examples_rclcpp_minimal_subscriber/lib:/home/andrea/ros2_ws/install/examples_rclcpp_minimal_composition/lib:/home/andrea/ros2_ws/install/apriltag_ros/lib:/opt/ros/humble/opt/rviz_ogre_vendor/lib:/opt/ros/humble/lib/x86_64-linux-gnu:/opt/ros/humble/lib /usr/bin/cmake /home/andrea/ros2_ws/src/apriltag_ros -DCMAKE_INSTALL_PREFIX=/home/andrea/ros2_ws/install/apriltag_ros
[9.373s] DEBUG:colcon.colcon_core.event_handler.log_command:Invoked command in '/home/andrea/ros2_ws/build/apriltag_ros' returned '0': CMAKE_PREFIX_PATH=/home/andrea/ros2_ws/install/datos_camara:/home/andrea/ros2_ws/install/v4l2_camera:/home/andrea/ros2_ws/install/usb_camera_driver:/home/andrea/ros2_ws/install/usb_cam:/home/andrea/ros2_ws/install/tutorial_interfaces:/home/andrea/ros2_ws/install/opencv_cam:/home/andrea/ros2_ws/install/ros2_shared:/home/andrea/ros2_ws/install/examples_rclcpp_wait_set:/home/andrea/ros2_ws/install/examples_rclcpp_multithreaded_executor:/home/andrea/ros2_ws/install/examples_rclcpp_minimal_timer:/home/andrea/ros2_ws/install/examples_rclcpp_minimal_subscriber:/home/andrea/ros2_ws/install/examples_rclcpp_minimal_service:/home/andrea/ros2_ws/install/examples_rclcpp_minimal_publisher:/home/andrea/ros2_ws/install/examples_rclcpp_minimal_composition:/home/andrea/ros2_ws/install/examples_rclcpp_minimal_client:/home/andrea/ros2_ws/install/examples_rclcpp_minimal_action_server:/home/andrea/ros2_ws/install/examples_rclcpp_minimal_action_client:/home/andrea/ros2_ws/install/examples_rclcpp_cbg_executor:/home/andrea/ros2_ws/install/examples_rclcpp_async_client:/home/andrea/ros2_ws/install/cpp_pubsub:/home/andrea/ros2_ws/install/apriltag_ros:/home/andrea/ros2_ws/install/py_pubsub:/home/andrea/ros2_ws/install/python_parameters:/home/andrea/ros2_ws/install/prueba_pkg:/home/andrea/ros2_ws/install/my_package:/home/andrea/ros2_ws/install/launch_testing_examples:/home/andrea/ros2_ws/install/examples_rclpy_pointcloud_publisher:/home/andrea/ros2_ws/install/examples_rclpy_minimal_subscriber:/home/andrea/ros2_ws/install/examples_rclpy_minimal_service:/home/andrea/ros2_ws/install/examples_rclpy_minimal_publisher:/home/andrea/ros2_ws/install/examples_rclpy_minimal_client:/home/andrea/ros2_ws/install/examples_rclpy_minimal_action_server:/home/andrea/ros2_ws/install/examples_rclpy_minimal_action_client:/home/andrea/ros2_ws/install/examples_rclpy_guard_conditions:/home/andrea/ros2_ws/install/examples_rclpy_executors:/home/andrea/ros2_ws/install/detection_aruco:/home/andrea/ros2_ws/install/cv_basics:/opt/ros/humble LD_LIBRARY_PATH=/home/andrea/ros2_ws/install/datos_camara/lib:/home/andrea/ros2_ws/install/v4l2_camera/lib:/home/andrea/ros2_ws/install/usb_camera_driver/lib:/home/andrea/ros2_ws/install/usb_cam/lib:/home/andrea/ros2_ws/install/tutorial_interfaces/lib:/home/andrea/ros2_ws/install/opencv_cam/lib:/home/andrea/ros2_ws/install/examples_rclcpp_wait_set/lib:/home/andrea/ros2_ws/install/examples_rclcpp_minimal_subscriber/lib:/home/andrea/ros2_ws/install/examples_rclcpp_minimal_composition/lib:/home/andrea/ros2_ws/install/apriltag_ros/lib:/opt/ros/humble/opt/rviz_ogre_vendor/lib:/opt/ros/humble/lib/x86_64-linux-gnu:/opt/ros/humble/lib /usr/bin/cmake /home/andrea/ros2_ws/src/apriltag_ros -DCMAKE_INSTALL_PREFIX=/home/andrea/ros2_ws/install/apriltag_ros
[9.375s] DEBUG:colcon.colcon_core.event_handler.log_command:Invoking command in '/home/andrea/ros2_ws/build/apriltag_ros': CMAKE_PREFIX_PATH=/home/andrea/ros2_ws/install/datos_camara:/home/andrea/ros2_ws/install/v4l2_camera:/home/andrea/ros2_ws/install/usb_camera_driver:/home/andrea/ros2_ws/install/usb_cam:/home/andrea/ros2_ws/install/tutorial_interfaces:/home/andrea/ros2_ws/install/opencv_cam:/home/andrea/ros2_ws/install/ros2_shared:/home/andrea/ros2_ws/install/examples_rclcpp_wait_set:/home/andrea/ros2_ws/install/examples_rclcpp_multithreaded_executor:/home/andrea/ros2_ws/install/examples_rclcpp_minimal_timer:/home/andrea/ros2_ws/install/examples_rclcpp_minimal_subscriber:/home/andrea/ros2_ws/install/examples_rclcpp_minimal_service:/home/andrea/ros2_ws/install/examples_rclcpp_minimal_publisher:/home/andrea/ros2_ws/install/examples_rclcpp_minimal_composition:/home/andrea/ros2_ws/install/examples_rclcpp_minimal_client:/home/andrea/ros2_ws/install/examples_rclcpp_minimal_action_server:/home/andrea/ros2_ws/install/examples_rclcpp_minimal_action_client:/home/andrea/ros2_ws/install/examples_rclcpp_cbg_executor:/home/andrea/ros2_ws/install/examples_rclcpp_async_client:/home/andrea/ros2_ws/install/cpp_pubsub:/home/andrea/ros2_ws/install/apriltag_ros:/home/andrea/ros2_ws/install/py_pubsub:/home/andrea/ros2_ws/install/python_parameters:/home/andrea/ros2_ws/install/prueba_pkg:/home/andrea/ros2_ws/install/my_package:/home/andrea/ros2_ws/install/launch_testing_examples:/home/andrea/ros2_ws/install/examples_rclpy_pointcloud_publisher:/home/andrea/ros2_ws/install/examples_rclpy_minimal_subscriber:/home/andrea/ros2_ws/install/examples_rclpy_minimal_service:/home/andrea/ros2_ws/install/examples_rclpy_minimal_publisher:/home/andrea/ros2_ws/install/examples_rclpy_minimal_client:/home/andrea/ros2_ws/install/examples_rclpy_minimal_action_server:/home/andrea/ros2_ws/install/examples_rclpy_minimal_action_client:/home/andrea/ros2_ws/install/examples_rclpy_guard_conditions:/home/andrea/ros2_ws/install/examples_rclpy_executors:/home/andrea/ros2_ws/install/detection_aruco:/home/andrea/ros2_ws/install/cv_basics:/opt/ros/humble LD_LIBRARY_PATH=/home/andrea/ros2_ws/install/datos_camara/lib:/home/andrea/ros2_ws/install/v4l2_camera/lib:/home/andrea/ros2_ws/install/usb_camera_driver/lib:/home/andrea/ros2_ws/install/usb_cam/lib:/home/andrea/ros2_ws/install/tutorial_interfaces/lib:/home/andrea/ros2_ws/install/opencv_cam/lib:/home/andrea/ros2_ws/install/examples_rclcpp_wait_set/lib:/home/andrea/ros2_ws/install/examples_rclcpp_minimal_subscriber/lib:/home/andrea/ros2_ws/install/examples_rclcpp_minimal_composition/lib:/home/andrea/ros2_ws/install/apriltag_ros/lib:/opt/ros/humble/opt/rviz_ogre_vendor/lib:/opt/ros/humble/lib/x86_64-linux-gnu:/opt/ros/humble/lib /usr/bin/cmake --build /home/andrea/ros2_ws/build/apriltag_ros -- -j4 -l4
[19.756s] DEBUG:colcon.colcon_core.event_handler.log_command:Invoked command in '/home/andrea/ros2_ws/build/apriltag_ros' returned '0': CMAKE_PREFIX_PATH=/home/andrea/ros2_ws/install/datos_camara:/home/andrea/ros2_ws/install/v4l2_camera:/home/andrea/ros2_ws/install/usb_camera_driver:/home/andrea/ros2_ws/install/usb_cam:/home/andrea/ros2_ws/install/tutorial_interfaces:/home/andrea/ros2_ws/install/opencv_cam:/home/andrea/ros2_ws/install/ros2_shared:/home/andrea/ros2_ws/install/examples_rclcpp_wait_set:/home/andrea/ros2_ws/install/examples_rclcpp_multithreaded_executor:/home/andrea/ros2_ws/install/examples_rclcpp_minimal_timer:/home/andrea/ros2_ws/install/examples_rclcpp_minimal_subscriber:/home/andrea/ros2_ws/install/examples_rclcpp_minimal_service:/home/andrea/ros2_ws/install/examples_rclcpp_minimal_publisher:/home/andrea/ros2_ws/install/examples_rclcpp_minimal_composition:/home/andrea/ros2_ws/install/examples_rclcpp_minimal_client:/home/andrea/ros2_ws/install/examples_rclcpp_minimal_action_server:/home/andrea/ros2_ws/install/examples_rclcpp_minimal_action_client:/home/andrea/ros2_ws/install/examples_rclcpp_cbg_executor:/home/andrea/ros2_ws/install/examples_rclcpp_async_client:/home/andrea/ros2_ws/install/cpp_pubsub:/home/andrea/ros2_ws/install/apriltag_ros:/home/andrea/ros2_ws/install/py_pubsub:/home/andrea/ros2_ws/install/python_parameters:/home/andrea/ros2_ws/install/prueba_pkg:/home/andrea/ros2_ws/install/my_package:/home/andrea/ros2_ws/install/launch_testing_examples:/home/andrea/ros2_ws/install/examples_rclpy_pointcloud_publisher:/home/andrea/ros2_ws/install/examples_rclpy_minimal_subscriber:/home/andrea/ros2_ws/install/examples_rclpy_minimal_service:/home/andrea/ros2_ws/install/examples_rclpy_minimal_publisher:/home/andrea/ros2_ws/install/examples_rclpy_minimal_client:/home/andrea/ros2_ws/install/examples_rclpy_minimal_action_server:/home/andrea/ros2_ws/install/examples_rclpy_minimal_action_client:/home/andrea/ros2_ws/install/examples_rclpy_guard_conditions:/home/andrea/ros2_ws/install/examples_rclpy_executors:/home/andrea/ros2_ws/install/detection_aruco:/home/andrea/ros2_ws/install/cv_basics:/opt/ros/humble LD_LIBRARY_PATH=/home/andrea/ros2_ws/install/datos_camara/lib:/home/andrea/ros2_ws/install/v4l2_camera/lib:/home/andrea/ros2_ws/install/usb_camera_driver/lib:/home/andrea/ros2_ws/install/usb_cam/lib:/home/andrea/ros2_ws/install/tutorial_interfaces/lib:/home/andrea/ros2_ws/install/opencv_cam/lib:/home/andrea/ros2_ws/install/examples_rclcpp_wait_set/lib:/home/andrea/ros2_ws/install/examples_rclcpp_minimal_subscriber/lib:/home/andrea/ros2_ws/install/examples_rclcpp_minimal_composition/lib:/home/andrea/ros2_ws/install/apriltag_ros/lib:/opt/ros/humble/opt/rviz_ogre_vendor/lib:/opt/ros/humble/lib/x86_64-linux-gnu:/opt/ros/humble/lib /usr/bin/cmake --build /home/andrea/ros2_ws/build/apriltag_ros -- -j4 -l4
[19.810s] DEBUG:colcon.colcon_core.event_handler.log_command:Invoking command in '/home/andrea/ros2_ws/build/apriltag_ros': CMAKE_PREFIX_PATH=/home/andrea/ros2_ws/install/datos_camara:/home/andrea/ros2_ws/install/v4l2_camera:/home/andrea/ros2_ws/install/usb_camera_driver:/home/andrea/ros2_ws/install/usb_cam:/home/andrea/ros2_ws/install/tutorial_interfaces:/home/andrea/ros2_ws/install/opencv_cam:/home/andrea/ros2_ws/install/ros2_shared:/home/andrea/ros2_ws/install/examples_rclcpp_wait_set:/home/andrea/ros2_ws/install/examples_rclcpp_multithreaded_executor:/home/andrea/ros2_ws/install/examples_rclcpp_minimal_timer:/home/andrea/ros2_ws/install/examples_rclcpp_minimal_subscriber:/home/andrea/ros2_ws/install/examples_rclcpp_minimal_service:/home/andrea/ros2_ws/install/examples_rclcpp_minimal_publisher:/home/andrea/ros2_ws/install/examples_rclcpp_minimal_composition:/home/andrea/ros2_ws/install/examples_rclcpp_minimal_client:/home/andrea/ros2_ws/install/examples_rclcpp_minimal_action_server:/home/andrea/ros2_ws/install/examples_rclcpp_minimal_action_client:/home/andrea/ros2_ws/install/examples_rclcpp_cbg_executor:/home/andrea/ros2_ws/install/examples_rclcpp_async_client:/home/andrea/ros2_ws/install/cpp_pubsub:/home/andrea/ros2_ws/install/apriltag_ros:/home/andrea/ros2_ws/install/py_pubsub:/home/andrea/ros2_ws/install/python_parameters:/home/andrea/ros2_ws/install/prueba_pkg:/home/andrea/ros2_ws/install/my_package:/home/andrea/ros2_ws/install/launch_testing_examples:/home/andrea/ros2_ws/install/examples_rclpy_pointcloud_publisher:/home/andrea/ros2_ws/install/examples_rclpy_minimal_subscriber:/home/andrea/ros2_ws/install/examples_rclpy_minimal_service:/home/andrea/ros2_ws/install/examples_rclpy_minimal_publisher:/home/andrea/ros2_ws/install/examples_rclpy_minimal_client:/home/andrea/ros2_ws/install/examples_rclpy_minimal_action_server:/home/andrea/ros2_ws/install/examples_rclpy_minimal_action_client:/home/andrea/ros2_ws/install/examples_rclpy_guard_conditions:/home/andrea/ros2_ws/install/examples_rclpy_executors:/home/andrea/ros2_ws/install/detection_aruco:/home/andrea/ros2_ws/install/cv_basics:/opt/ros/humble LD_LIBRARY_PATH=/home/andrea/ros2_ws/install/datos_camara/lib:/home/andrea/ros2_ws/install/v4l2_camera/lib:/home/andrea/ros2_ws/install/usb_camera_driver/lib:/home/andrea/ros2_ws/install/usb_cam/lib:/home/andrea/ros2_ws/install/tutorial_interfaces/lib:/home/andrea/ros2_ws/install/opencv_cam/lib:/home/andrea/ros2_ws/install/examples_rclcpp_wait_set/lib:/home/andrea/ros2_ws/install/examples_rclcpp_minimal_subscriber/lib:/home/andrea/ros2_ws/install/examples_rclcpp_minimal_composition/lib:/home/andrea/ros2_ws/install/apriltag_ros/lib:/opt/ros/humble/opt/rviz_ogre_vendor/lib:/opt/ros/humble/lib/x86_64-linux-gnu:/opt/ros/humble/lib /usr/bin/cmake --install /home/andrea/ros2_ws/build/apriltag_ros
[19.831s] Level 1:colcon.colcon_core.environment:create_environment_scripts_only(apriltag_ros)
[19.831s] Level 1:colcon.colcon_core.environment:checking '/home/andrea/ros2_ws/install/apriltag_ros' for CMake module files
[19.832s] DEBUG:colcon.colcon_core.event_handler.log_command:Invoked command in '/home/andrea/ros2_ws/build/apriltag_ros' returned '0': CMAKE_PREFIX_PATH=/home/andrea/ros2_ws/install/datos_camara:/home/andrea/ros2_ws/install/v4l2_camera:/home/andrea/ros2_ws/install/usb_camera_driver:/home/andrea/ros2_ws/install/usb_cam:/home/andrea/ros2_ws/install/tutorial_interfaces:/home/andrea/ros2_ws/install/opencv_cam:/home/andrea/ros2_ws/install/ros2_shared:/home/andrea/ros2_ws/install/examples_rclcpp_wait_set:/home/andrea/ros2_ws/install/examples_rclcpp_multithreaded_executor:/home/andrea/ros2_ws/install/examples_rclcpp_minimal_timer:/home/andrea/ros2_ws/install/examples_rclcpp_minimal_subscriber:/home/andrea/ros2_ws/install/examples_rclcpp_minimal_service:/home/andrea/ros2_ws/install/examples_rclcpp_minimal_publisher:/home/andrea/ros2_ws/install/examples_rclcpp_minimal_composition:/home/andrea/ros2_ws/install/examples_rclcpp_minimal_client:/home/andrea/ros2_ws/install/examples_rclcpp_minimal_action_server:/home/andrea/ros2_ws/install/examples_rclcpp_minimal_action_client:/home/andrea/ros2_ws/install/examples_rclcpp_cbg_executor:/home/andrea/ros2_ws/install/examples_rclcpp_async_client:/home/andrea/ros2_ws/install/cpp_pubsub:/home/andrea/ros2_ws/install/apriltag_ros:/home/andrea/ros2_ws/install/py_pubsub:/home/andrea/ros2_ws/install/python_parameters:/home/andrea/ros2_ws/install/prueba_pkg:/home/andrea/ros2_ws/install/my_package:/home/andrea/ros2_ws/install/launch_testing_examples:/home/andrea/ros2_ws/install/examples_rclpy_pointcloud_publisher:/home/andrea/ros2_ws/install/examples_rclpy_minimal_subscriber:/home/andrea/ros2_ws/install/examples_rclpy_minimal_service:/home/andrea/ros2_ws/install/examples_rclpy_minimal_publisher:/home/andrea/ros2_ws/install/examples_rclpy_minimal_client:/home/andrea/ros2_ws/install/examples_rclpy_minimal_action_server:/home/andrea/ros2_ws/install/examples_rclpy_minimal_action_client:/home/andrea/ros2_ws/install/examples_rclpy_guard_conditions:/home/andrea/ros2_ws/install/examples_rclpy_executors:/home/andrea/ros2_ws/install/detection_aruco:/home/andrea/ros2_ws/install/cv_basics:/opt/ros/humble LD_LIBRARY_PATH=/home/andrea/ros2_ws/install/datos_camara/lib:/home/andrea/ros2_ws/install/v4l2_camera/lib:/home/andrea/ros2_ws/install/usb_camera_driver/lib:/home/andrea/ros2_ws/install/usb_cam/lib:/home/andrea/ros2_ws/install/tutorial_interfaces/lib:/home/andrea/ros2_ws/install/opencv_cam/lib:/home/andrea/ros2_ws/install/examples_rclcpp_wait_set/lib:/home/andrea/ros2_ws/install/examples_rclcpp_minimal_subscriber/lib:/home/andrea/ros2_ws/install/examples_rclcpp_minimal_composition/lib:/home/andrea/ros2_ws/install/apriltag_ros/lib:/opt/ros/humble/opt/rviz_ogre_vendor/lib:/opt/ros/humble/lib/x86_64-linux-gnu:/opt/ros/humble/lib /usr/bin/cmake --install /home/andrea/ros2_ws/build/apriltag_ros
[19.832s] Level 1:colcon.colcon_core.environment:checking '/home/andrea/ros2_ws/install/apriltag_ros' for CMake config files
[19.833s] Level 1:colcon.colcon_core.shell:create_environment_hook('apriltag_ros', 'cmake_prefix_path')
[19.833s] INFO:colcon.colcon_core.shell:Creating environment hook '/home/andrea/ros2_ws/install/apriltag_ros/share/apriltag_ros/hook/cmake_prefix_path.ps1'
[19.834s] INFO:colcon.colcon_core.shell:Creating environment descriptor '/home/andrea/ros2_ws/install/apriltag_ros/share/apriltag_ros/hook/cmake_prefix_path.dsv'
[19.834s] INFO:colcon.colcon_core.shell:Creating environment hook '/home/andrea/ros2_ws/install/apriltag_ros/share/apriltag_ros/hook/cmake_prefix_path.sh'
[19.835s] Level 1:colcon.colcon_core.environment:checking '/home/andrea/ros2_ws/install/apriltag_ros/lib'
[19.835s] Level 1:colcon.colcon_core.shell:create_environment_hook('apriltag_ros', 'ld_library_path_lib')
[19.835s] INFO:colcon.colcon_core.shell:Creating environment hook '/home/andrea/ros2_ws/install/apriltag_ros/share/apriltag_ros/hook/ld_library_path_lib.ps1'
[19.835s] INFO:colcon.colcon_core.shell:Creating environment descriptor '/home/andrea/ros2_ws/install/apriltag_ros/share/apriltag_ros/hook/ld_library_path_lib.dsv'
[19.836s] INFO:colcon.colcon_core.shell:Creating environment hook '/home/andrea/ros2_ws/install/apriltag_ros/share/apriltag_ros/hook/ld_library_path_lib.sh'
[19.836s] Level 1:colcon.colcon_core.environment:checking '/home/andrea/ros2_ws/install/apriltag_ros/bin'
[19.836s] Level 1:colcon.colcon_core.environment:checking '/home/andrea/ros2_ws/install/apriltag_ros/lib/pkgconfig/apriltag_ros.pc'
[19.836s] Level 1:colcon.colcon_core.environment:checking '/home/andrea/ros2_ws/install/apriltag_ros/lib/python3.10/site-packages'
[19.837s] Level 1:colcon.colcon_core.environment:checking '/home/andrea/ros2_ws/install/apriltag_ros/bin'
[19.837s] INFO:colcon.colcon_core.shell:Creating package script '/home/andrea/ros2_ws/install/apriltag_ros/share/apriltag_ros/package.ps1'
[19.838s] INFO:colcon.colcon_core.shell:Creating package descriptor '/home/andrea/ros2_ws/install/apriltag_ros/share/apriltag_ros/package.dsv'
[19.838s] INFO:colcon.colcon_core.shell:Creating package script '/home/andrea/ros2_ws/install/apriltag_ros/share/apriltag_ros/package.sh'
[19.839s] INFO:colcon.colcon_core.shell:Creating package script '/home/andrea/ros2_ws/install/apriltag_ros/share/apriltag_ros/package.bash'
[19.839s] INFO:colcon.colcon_core.shell:Creating package script '/home/andrea/ros2_ws/install/apriltag_ros/share/apriltag_ros/package.zsh'
[19.839s] Level 1:colcon.colcon_core.environment:create_file_with_runtime_dependencies(/home/andrea/ros2_ws/install/apriltag_ros/share/colcon-core/packages/apriltag_ros)
[19.893s] Level 1:colcon.colcon_core.environment:create_environment_scripts_only(apriltag_ros)
[19.893s] Level 1:colcon.colcon_core.environment:checking '/home/andrea/ros2_ws/install/apriltag_ros' for CMake module files
[19.894s] Level 1:colcon.colcon_core.environment:checking '/home/andrea/ros2_ws/install/apriltag_ros' for CMake config files
[19.894s] Level 1:colcon.colcon_core.shell:create_environment_hook('apriltag_ros', 'cmake_prefix_path')
[19.895s] INFO:colcon.colcon_core.shell:Creating environment hook '/home/andrea/ros2_ws/install/apriltag_ros/share/apriltag_ros/hook/cmake_prefix_path.ps1'
[19.895s] INFO:colcon.colcon_core.shell:Creating environment descriptor '/home/andrea/ros2_ws/install/apriltag_ros/share/apriltag_ros/hook/cmake_prefix_path.dsv'
[19.895s] INFO:colcon.colcon_core.shell:Creating environment hook '/home/andrea/ros2_ws/install/apriltag_ros/share/apriltag_ros/hook/cmake_prefix_path.sh'
[19.896s] Level 1:colcon.colcon_core.environment:checking '/home/andrea/ros2_ws/install/apriltag_ros/lib'
[19.896s] Level 1:colcon.colcon_core.shell:create_environment_hook('apriltag_ros', 'ld_library_path_lib')
[19.896s] INFO:colcon.colcon_core.shell:Creating environment hook '/home/andrea/ros2_ws/install/apriltag_ros/share/apriltag_ros/hook/ld_library_path_lib.ps1'
[19.897s] INFO:colcon.colcon_core.shell:Creating environment descriptor '/home/andrea/ros2_ws/install/apriltag_ros/share/apriltag_ros/hook/ld_library_path_lib.dsv'
[19.897s] INFO:colcon.colcon_core.shell:Creating environment hook '/home/andrea/ros2_ws/install/apriltag_ros/share/apriltag_ros/hook/ld_library_path_lib.sh'
[19.897s] Level 1:colcon.colcon_core.environment:checking '/home/andrea/ros2_ws/install/apriltag_ros/bin'
[19.897s] Level 1:colcon.colcon_core.environment:checking '/home/andrea/ros2_ws/install/apriltag_ros/lib/pkgconfig/apriltag_ros.pc'
[19.898s] Level 1:colcon.colcon_core.environment:checking '/home/andrea/ros2_ws/install/apriltag_ros/lib/python3.10/site-packages'
[19.898s] Level 1:colcon.colcon_core.environment:checking '/home/andrea/ros2_ws/install/apriltag_ros/bin'
[19.898s] INFO:colcon.colcon_core.shell:Creating package script '/home/andrea/ros2_ws/install/apriltag_ros/share/apriltag_ros/package.ps1'
[19.899s] INFO:colcon.colcon_core.shell:Creating package descriptor '/home/andrea/ros2_ws/install/apriltag_ros/share/apriltag_ros/package.dsv'
[19.899s] INFO:colcon.colcon_core.shell:Creating package script '/home/andrea/ros2_ws/install/apriltag_ros/share/apriltag_ros/package.sh'
[19.900s] INFO:colcon.colcon_core.shell:Creating package script '/home/andrea/ros2_ws/install/apriltag_ros/share/apriltag_ros/package.bash'
[19.900s] INFO:colcon.colcon_core.shell:Creating package script '/home/andrea/ros2_ws/install/apriltag_ros/share/apriltag_ros/package.zsh'
[19.901s] Level 1:colcon.colcon_core.environment:create_file_with_runtime_dependencies(/home/andrea/ros2_ws/install/apriltag_ros/share/colcon-core/packages/apriltag_ros)
[19.901s] INFO:colcon.colcon_ros.task.ament_python.build:Building ROS package in '/home/andrea/ros2_ws/src/detection_aruco' with build type 'ament_python'
[19.901s] Level 1:colcon.colcon_core.shell:create_environment_hook('detection_aruco', 'ament_prefix_path')
[19.902s] INFO:colcon.colcon_core.shell:Creating environment hook '/home/andrea/ros2_ws/install/detection_aruco/share/detection_aruco/hook/ament_prefix_path.ps1'
[19.903s] INFO:colcon.colcon_core.shell:Creating environment descriptor '/home/andrea/ros2_ws/install/detection_aruco/share/detection_aruco/hook/ament_prefix_path.dsv'
[19.903s] INFO:colcon.colcon_core.shell:Creating environment hook '/home/andrea/ros2_ws/install/detection_aruco/share/detection_aruco/hook/ament_prefix_path.sh'
[19.904s] INFO:colcon.colcon_core.shell:Skip shell extension 'powershell' for command environment: Not usable outside of PowerShell
[19.904s] DEBUG:colcon.colcon_core.shell:Skip shell extension 'dsv' for command environment
[20.194s] INFO:colcon.colcon_core.task.python.build:Building Python package in '/home/andrea/ros2_ws/src/detection_aruco'
[20.194s] INFO:colcon.colcon_core.shell:Skip shell extension 'powershell' for command environment: Not usable outside of PowerShell
[20.194s] DEBUG:colcon.colcon_core.shell:Skip shell extension 'dsv' for command environment
[20.883s] DEBUG:colcon.colcon_core.event_handler.log_command:Invoking command in '/home/andrea/ros2_ws/src/detection_aruco': CMAKE_PREFIX_PATH=/home/andrea/ros2_ws/install/apriltag_ros:/home/andrea/ros2_ws/install/datos_camara:/home/andrea/ros2_ws/install/v4l2_camera:/home/andrea/ros2_ws/install/usb_camera_driver:/home/andrea/ros2_ws/install/usb_cam:/home/andrea/ros2_ws/install/tutorial_interfaces:/home/andrea/ros2_ws/install/opencv_cam:/home/andrea/ros2_ws/install/ros2_shared:/home/andrea/ros2_ws/install/examples_rclcpp_wait_set:/home/andrea/ros2_ws/install/examples_rclcpp_multithreaded_executor:/home/andrea/ros2_ws/install/examples_rclcpp_minimal_timer:/home/andrea/ros2_ws/install/examples_rclcpp_minimal_subscriber:/home/andrea/ros2_ws/install/examples_rclcpp_minimal_service:/home/andrea/ros2_ws/install/examples_rclcpp_minimal_publisher:/home/andrea/ros2_ws/install/examples_rclcpp_minimal_composition:/home/andrea/ros2_ws/install/examples_rclcpp_minimal_client:/home/andrea/ros2_ws/install/examples_rclcpp_minimal_action_server:/home/andrea/ros2_ws/install/examples_rclcpp_minimal_action_client:/home/andrea/ros2_ws/install/examples_rclcpp_cbg_executor:/home/andrea/ros2_ws/install/examples_rclcpp_async_client:/home/andrea/ros2_ws/install/cpp_pubsub LD_LIBRARY_PATH=/home/andrea/ros2_ws/install/apriltag_ros/lib:/home/andrea/ros2_ws/install/datos_camara/lib:/home/andrea/ros2_ws/install/v4l2_camera/lib:/home/andrea/ros2_ws/install/usb_camera_driver/lib:/home/andrea/ros2_ws/install/usb_cam/lib:/home/andrea/ros2_ws/install/tutorial_interfaces/lib:/home/andrea/ros2_ws/install/opencv_cam/lib:/home/andrea/ros2_ws/install/examples_rclcpp_wait_set/lib:/home/andrea/ros2_ws/install/examples_rclcpp_minimal_subscriber/lib:/home/andrea/ros2_ws/install/examples_rclcpp_minimal_composition/lib:/opt/ros/humble/opt/rviz_ogre_vendor/lib:/opt/ros/humble/lib/x86_64-linux-gnu:/opt/ros/humble/lib PYTHONPATH=/home/andrea/ros2_ws/build/detection_aruco/prefix_override:/home/andrea/ros2_ws/install/detection_aruco/lib/python3.10/site-packages:${PYTHONPATH} /usr/bin/python3 -W ignore:setup.py install is deprecated setup.py egg_info --egg-base ../../build/detection_aruco build --build-base /home/andrea/ros2_ws/build/detection_aruco/build install --record /home/andrea/ros2_ws/build/detection_aruco/install.log --single-version-externally-managed install_data
[21.529s] Level 1:colcon.colcon_core.environment:checking '/home/andrea/ros2_ws/install/detection_aruco' for CMake module files
[21.529s] DEBUG:colcon.colcon_core.event_handler.log_command:Invoked command in '/home/andrea/ros2_ws/src/detection_aruco' returned '0': CMAKE_PREFIX_PATH=/home/andrea/ros2_ws/install/apriltag_ros:/home/andrea/ros2_ws/install/datos_camara:/home/andrea/ros2_ws/install/v4l2_camera:/home/andrea/ros2_ws/install/usb_camera_driver:/home/andrea/ros2_ws/install/usb_cam:/home/andrea/ros2_ws/install/tutorial_interfaces:/home/andrea/ros2_ws/install/opencv_cam:/home/andrea/ros2_ws/install/ros2_shared:/home/andrea/ros2_ws/install/examples_rclcpp_wait_set:/home/andrea/ros2_ws/install/examples_rclcpp_multithreaded_executor:/home/andrea/ros2_ws/install/examples_rclcpp_minimal_timer:/home/andrea/ros2_ws/install/examples_rclcpp_minimal_subscriber:/home/andrea/ros2_ws/install/examples_rclcpp_minimal_service:/home/andrea/ros2_ws/install/examples_rclcpp_minimal_publisher:/home/andrea/ros2_ws/install/examples_rclcpp_minimal_composition:/home/andrea/ros2_ws/install/examples_rclcpp_minimal_client:/home/andrea/ros2_ws/install/examples_rclcpp_minimal_action_server:/home/andrea/ros2_ws/install/examples_rclcpp_minimal_action_client:/home/andrea/ros2_ws/install/examples_rclcpp_cbg_executor:/home/andrea/ros2_ws/install/examples_rclcpp_async_client:/home/andrea/ros2_ws/install/cpp_pubsub LD_LIBRARY_PATH=/home/andrea/ros2_ws/install/apriltag_ros/lib:/home/andrea/ros2_ws/install/datos_camara/lib:/home/andrea/ros2_ws/install/v4l2_camera/lib:/home/andrea/ros2_ws/install/usb_camera_driver/lib:/home/andrea/ros2_ws/install/usb_cam/lib:/home/andrea/ros2_ws/install/tutorial_interfaces/lib:/home/andrea/ros2_ws/install/opencv_cam/lib:/home/andrea/ros2_ws/install/examples_rclcpp_wait_set/lib:/home/andrea/ros2_ws/install/examples_rclcpp_minimal_subscriber/lib:/home/andrea/ros2_ws/install/examples_rclcpp_minimal_composition/lib:/opt/ros/humble/opt/rviz_ogre_vendor/lib:/opt/ros/humble/lib/x86_64-linux-gnu:/opt/ros/humble/lib PYTHONPATH=/home/andrea/ros2_ws/build/detection_aruco/prefix_override:/home/andrea/ros2_ws/install/detection_aruco/lib/python3.10/site-packages:${PYTHONPATH} /usr/bin/python3 -W ignore:setup.py install is deprecated setup.py egg_info --egg-base ../../build/detection_aruco build --build-base /home/andrea/ros2_ws/build/detection_aruco/build install --record /home/andrea/ros2_ws/build/detection_aruco/install.log --single-version-externally-managed install_data
[21.530s] Level 1:colcon.colcon_core.environment:checking '/home/andrea/ros2_ws/install/detection_aruco' for CMake config files
[21.530s] Level 1:colcon.colcon_core.environment:checking '/home/andrea/ros2_ws/install/detection_aruco/lib'
[21.530s] Level 1:colcon.colcon_core.environment:checking '/home/andrea/ros2_ws/install/detection_aruco/bin'
[21.530s] Level 1:colcon.colcon_core.environment:checking '/home/andrea/ros2_ws/install/detection_aruco/lib/pkgconfig/detection_aruco.pc'
[21.531s] Level 1:colcon.colcon_core.environment:checking '/home/andrea/ros2_ws/install/detection_aruco/lib/python3.10/site-packages'
[21.531s] Level 1:colcon.colcon_core.shell:create_environment_hook('detection_aruco', 'pythonpath')
[21.531s] INFO:colcon.colcon_core.shell:Creating environment hook '/home/andrea/ros2_ws/install/detection_aruco/share/detection_aruco/hook/pythonpath.ps1'
[21.532s] INFO:colcon.colcon_core.shell:Creating environment descriptor '/home/andrea/ros2_ws/install/detection_aruco/share/detection_aruco/hook/pythonpath.dsv'
[21.532s] INFO:colcon.colcon_core.shell:Creating environment hook '/home/andrea/ros2_ws/install/detection_aruco/share/detection_aruco/hook/pythonpath.sh'
[21.533s] Level 1:colcon.colcon_core.environment:checking '/home/andrea/ros2_ws/install/detection_aruco/bin'
[21.533s] Level 1:colcon.colcon_core.environment:create_environment_scripts_only(detection_aruco)
[21.533s] INFO:colcon.colcon_core.shell:Creating package script '/home/andrea/ros2_ws/install/detection_aruco/share/detection_aruco/package.ps1'
[21.534s] INFO:colcon.colcon_core.shell:Creating package descriptor '/home/andrea/ros2_ws/install/detection_aruco/share/detection_aruco/package.dsv'
[21.534s] INFO:colcon.colcon_core.shell:Creating package script '/home/andrea/ros2_ws/install/detection_aruco/share/detection_aruco/package.sh'
[21.535s] INFO:colcon.colcon_core.shell:Creating package script '/home/andrea/ros2_ws/install/detection_aruco/share/detection_aruco/package.bash'
[21.535s] INFO:colcon.colcon_core.shell:Creating package script '/home/andrea/ros2_ws/install/detection_aruco/share/detection_aruco/package.zsh'
[21.535s] Level 1:colcon.colcon_core.environment:create_file_with_runtime_dependencies(/home/andrea/ros2_ws/install/detection_aruco/share/colcon-core/packages/detection_aruco)
[21.536s] DEBUG:colcon.colcon_parallel_executor.executor.parallel:closing loop
[21.536s] DEBUG:colcon.colcon_parallel_executor.executor.parallel:loop closed
[21.536s] DEBUG:colcon.colcon_parallel_executor.executor.parallel:run_until_complete finished with '0'
[21.536s] DEBUG:colcon.colcon_core.event_reactor:joining thread
[21.542s] INFO:colcon.colcon_core.plugin_system:Skipping extension 'colcon_notification.desktop_notification.terminal_notifier': Not used on non-Darwin systems
[21.542s] INFO:colcon.colcon_core.plugin_system:Skipping extension 'colcon_notification.desktop_notification.win32': Not used on non-Windows systems
[21.542s] INFO:colcon.colcon_notification.desktop_notification:Sending desktop notification using 'notify2'
[21.559s] DEBUG:colcon.colcon_core.event_reactor:joined thread
[21.559s] INFO:colcon.colcon_core.shell:Creating prefix script '/home/andrea/ros2_ws/install/local_setup.ps1'
[21.561s] INFO:colcon.colcon_core.shell:Creating prefix util module '/home/andrea/ros2_ws/install/_local_setup_util_ps1.py'
[21.563s] INFO:colcon.colcon_core.shell:Creating prefix chain script '/home/andrea/ros2_ws/install/setup.ps1'
[21.564s] INFO:colcon.colcon_core.shell:Creating prefix script '/home/andrea/ros2_ws/install/local_setup.sh'
[21.565s] INFO:colcon.colcon_core.shell:Creating prefix util module '/home/andrea/ros2_ws/install/_local_setup_util_sh.py'
[21.566s] INFO:colcon.colcon_core.shell:Creating prefix chain script '/home/andrea/ros2_ws/install/setup.sh'
[21.568s] INFO:colcon.colcon_core.shell:Creating prefix script '/home/andrea/ros2_ws/install/local_setup.bash'
[21.569s] INFO:colcon.colcon_core.shell:Creating prefix chain script '/home/andrea/ros2_ws/install/setup.bash'
[21.572s] INFO:colcon.colcon_core.shell:Creating prefix script '/home/andrea/ros2_ws/install/local_setup.zsh'
[21.573s] INFO:colcon.colcon_core.shell:Creating prefix chain script '/home/andrea/ros2_ws/install/setup.zsh'
