[0.014s] Invoking command in '/home/andre/ros2_ws/build/astra_camera': AMENT_PREFIX_PATH=/home/andre/ros2_ws/install/astra_camera_msgs:${AMENT_PREFIX_PATH} CMAKE_PREFIX_PATH=/home/andre/ros2_ws/install/astra_camera_msgs:/opt/ros/humble LD_LIBRARY_PATH=/home/andre/ros2_ws/install/astra_camera_msgs/lib:${LD_LIBRARY_PATH} PYTHONPATH=/home/andre/ros2_ws/install/astra_camera_msgs/local/lib/python3.10/dist-packages:${PYTHONPATH} /usr/bin/cmake --build /home/andre/ros2_ws/build/astra_camera -- -j4 -l4
[0.066s] -- Found ament_cmake: 1.3.9 (/opt/ros/humble/share/ament_cmake/cmake)
[0.325s] -- Found ament_index_cpp: 1.4.0 (/opt/ros/humble/share/ament_index_cpp/cmake)
[0.327s] -- Found astra_camera_msgs: 1.0.1 (/home/andre/ros2_ws/install/astra_camera_msgs/share/astra_camera_msgs/cmake)
[0.440s] -- Found rosidl_generator_c: 3.1.5 (/opt/ros/humble/share/rosidl_generator_c/cmake)
[0.448s] -- Found rosidl_adapter: 3.1.5 (/opt/ros/humble/share/rosidl_adapter/cmake)
[0.460s] -- Found rosidl_generator_cpp: 3.1.5 (/opt/ros/humble/share/rosidl_generator_cpp/cmake)
[0.483s] -- Using all available rosidl_typesupport_c: rosidl_typesupport_fastrtps_c;rosidl_typesupport_introspection_c
[0.554s] -- Using all available rosidl_typesupport_cpp: rosidl_typesupport_fastrtps_cpp;rosidl_typesupport_introspection_cpp
[1.724s] [31mCMake Error at CMakeLists.txt:21 (find_package):
[1.725s]   By not providing "Findcamera_info_manager.cmake" in CMAKE_MODULE_PATH this
[1.725s]   project has asked CMake to find a package configuration file provided by
[1.725s]   "camera_info_manager", but CMake did not find one.
[1.725s] 
[1.725s]   Could not find a package configuration file provided by
[1.725s]   "camera_info_manager" with any of the following names:
[1.725s] 
[1.725s]     camera_info_managerConfig.cmake
[1.726s]     camera_info_manager-config.cmake
[1.726s] 
[1.726s]   Add the installation prefix of "camera_info_manager" to CMAKE_PREFIX_PATH
[1.726s]   or set "camera_info_manager_DIR" to a directory containing one of the above
[1.726s]   files.  If "camera_info_manager" provides a separate development package or
[1.727s]   SDK, be sure it has been installed.
[1.727s] 
[1.727s] [0m
[1.727s] -- Configuring incomplete, errors occurred!
[1.727s] See also "/home/andre/ros2_ws/build/astra_camera/CMakeFiles/CMakeOutput.log".
[1.735s] gmake: *** [Makefile:686: cmake_check_build_system] Error 1
[1.736s] Invoked command in '/home/andre/ros2_ws/build/astra_camera' returned '2': AMENT_PREFIX_PATH=/home/andre/ros2_ws/install/astra_camera_msgs:${AMENT_PREFIX_PATH} CMAKE_PREFIX_PATH=/home/andre/ros2_ws/install/astra_camera_msgs:/opt/ros/humble LD_LIBRARY_PATH=/home/andre/ros2_ws/install/astra_camera_msgs/lib:${LD_LIBRARY_PATH} PYTHONPATH=/home/andre/ros2_ws/install/astra_camera_msgs/local/lib/python3.10/dist-packages:${PYTHONPATH} /usr/bin/cmake --build /home/andre/ros2_ws/build/astra_camera -- -j4 -l4
