[1.656s] Invoking command in '/home/andre/ros2_ws/src/detection_aruco': CMAKE_PREFIX_PATH=/home/andre/ros2_ws/install/apriltag_ros:/home/andre/ros2_ws/install/custom_msgs:/home/andre/ros2_ws/install/apriltag_msgs:/home/andre/ros2_ws/install/calib_correspondences:/home/andre/ros2_ws/install/astra_camera:/home/andre/ros2_ws/install/astra_camera_msgs LD_LIBRARY_PATH=/home/andre/ros2_ws/install/apriltag_ros/lib:/home/andre/ros2_ws/install/custom_msgs/lib:/home/andre/ros2_ws/install/apriltag_msgs/lib:/home/andre/ros2_ws/install/astra_camera/lib:/home/andre/ros2_ws/install/astra_camera_msgs/lib:/opt/ros/humble/opt/rviz_ogre_vendor/lib:/opt/ros/humble/lib/x86_64-linux-gnu:/opt/ros/humble/lib PYTHONPATH=/home/andre/ros2_ws/build/detection_aruco/prefix_override:/home/andre/ros2_ws/install/detection_aruco/lib/python3.10/site-packages:${PYTHONPATH} /usr/bin/python3 -W ignore:setup.py install is deprecated setup.py egg_info --egg-base ../../build/detection_aruco build --build-base /home/andre/ros2_ws/build/detection_aruco/build install --record /home/andre/ros2_ws/build/detection_aruco/install.log --single-version-externally-managed install_data
[2.280s] running egg_info
[2.282s] writing ../../build/detection_aruco/detection_aruco.egg-info/PKG-INFO
[2.285s] writing dependency_links to ../../build/detection_aruco/detection_aruco.egg-info/dependency_links.txt
[2.285s] writing entry points to ../../build/detection_aruco/detection_aruco.egg-info/entry_points.txt
[2.285s] writing requirements to ../../build/detection_aruco/detection_aruco.egg-info/requires.txt
[2.285s] writing top-level names to ../../build/detection_aruco/detection_aruco.egg-info/top_level.txt
[2.287s] reading manifest file '../../build/detection_aruco/detection_aruco.egg-info/SOURCES.txt'
[2.288s] adding license file 'LICENSE'
[2.290s] writing manifest file '../../build/detection_aruco/detection_aruco.egg-info/SOURCES.txt'
[2.290s] running build
[2.290s] running build_py
[2.290s] copying detection_aruco/detection_aruco.py -> /home/andre/ros2_ws/build/detection_aruco/build/lib/detection_aruco
[2.291s] running install
[2.294s] running install_lib
[2.294s] copying /home/andre/ros2_ws/build/detection_aruco/build/lib/detection_aruco/detection_aruco.py -> /home/andre/ros2_ws/install/detection_aruco/lib/python3.10/site-packages/detection_aruco
[2.294s] byte-compiling /home/andre/ros2_ws/install/detection_aruco/lib/python3.10/site-packages/detection_aruco/detection_aruco.py to detection_aruco.cpython-310.pyc
[2.298s] /home/andre/ros2_ws/install/detection_aruco/lib/python3.10/site-packages/detection_aruco/detection_aruco.py:84: SyntaxWarning: "is not" with a literal. Did you mean "!="?
[2.299s]   if len(self.dets1) is not 0:
[2.299s] /home/andre/ros2_ws/install/detection_aruco/lib/python3.10/site-packages/detection_aruco/detection_aruco.py:120: SyntaxWarning: "is not" with a literal. Did you mean "!="?
[2.299s]   if self.dets1.detections is not 0:
[2.299s] /home/andre/ros2_ws/install/detection_aruco/lib/python3.10/site-packages/detection_aruco/detection_aruco.py:167: SyntaxWarning: "is not" with a literal. Did you mean "!="?
[2.300s]   if self.dets2.detections is not 0:
[2.300s] running install_data
[2.300s] running install_egg_info
[2.303s] removing '/home/andre/ros2_ws/install/detection_aruco/lib/python3.10/site-packages/detection_aruco-0.0.0-py3.10.egg-info' (and everything under it)
[2.304s] Copying ../../build/detection_aruco/detection_aruco.egg-info to /home/andre/ros2_ws/install/detection_aruco/lib/python3.10/site-packages/detection_aruco-0.0.0-py3.10.egg-info
[2.305s] running install_scripts
[2.363s] Installing obtain script to /home/andre/ros2_ws/install/detection_aruco/lib/detection_aruco
[2.366s] Installing see script to /home/andre/ros2_ws/install/detection_aruco/lib/detection_aruco
[2.366s] writing list of installed files to '/home/andre/ros2_ws/build/detection_aruco/install.log'
[2.443s] Invoked command in '/home/andre/ros2_ws/src/detection_aruco' returned '0': CMAKE_PREFIX_PATH=/home/andre/ros2_ws/install/apriltag_ros:/home/andre/ros2_ws/install/custom_msgs:/home/andre/ros2_ws/install/apriltag_msgs:/home/andre/ros2_ws/install/calib_correspondences:/home/andre/ros2_ws/install/astra_camera:/home/andre/ros2_ws/install/astra_camera_msgs LD_LIBRARY_PATH=/home/andre/ros2_ws/install/apriltag_ros/lib:/home/andre/ros2_ws/install/custom_msgs/lib:/home/andre/ros2_ws/install/apriltag_msgs/lib:/home/andre/ros2_ws/install/astra_camera/lib:/home/andre/ros2_ws/install/astra_camera_msgs/lib:/opt/ros/humble/opt/rviz_ogre_vendor/lib:/opt/ros/humble/lib/x86_64-linux-gnu:/opt/ros/humble/lib PYTHONPATH=/home/andre/ros2_ws/build/detection_aruco/prefix_override:/home/andre/ros2_ws/install/detection_aruco/lib/python3.10/site-packages:${PYTHONPATH} /usr/bin/python3 -W ignore:setup.py install is deprecated setup.py egg_info --egg-base ../../build/detection_aruco build --build-base /home/andre/ros2_ws/build/detection_aruco/build install --record /home/andre/ros2_ws/build/detection_aruco/install.log --single-version-externally-managed install_data
