[0.954s] Invoking command in '/home/andrea/ros2_ws/src/detection_aruco': PYTHONPATH=/home/andrea/ros2_ws/build/detection_aruco/prefix_override:/home/andrea/ros2_ws/install/detection_aruco/lib/python3.10/site-packages:${PYTHONPATH} /usr/bin/python3 -W ignore:setup.py install is deprecated setup.py egg_info --egg-base ../../build/detection_aruco build --build-base /home/andrea/ros2_ws/build/detection_aruco/build install --record /home/andrea/ros2_ws/build/detection_aruco/install.log --single-version-externally-managed install_data
[1.260s] running egg_info
[1.279s] writing ../../build/detection_aruco/detection_aruco.egg-info/PKG-INFO
[1.279s] writing dependency_links to ../../build/detection_aruco/detection_aruco.egg-info/dependency_links.txt
[1.280s] writing entry points to ../../build/detection_aruco/detection_aruco.egg-info/entry_points.txt
[1.280s] writing requirements to ../../build/detection_aruco/detection_aruco.egg-info/requires.txt
[1.280s] writing top-level names to ../../build/detection_aruco/detection_aruco.egg-info/top_level.txt
[1.319s] reading manifest file '../../build/detection_aruco/detection_aruco.egg-info/SOURCES.txt'
[1.319s] adding license file 'LICENSE'
[1.320s] writing manifest file '../../build/detection_aruco/detection_aruco.egg-info/SOURCES.txt'
[1.320s] running build
[1.320s] running build_py
[1.320s] copying detection_aruco/detection_aruco.py -> /home/andrea/ros2_ws/build/detection_aruco/build/lib/detection_aruco
[1.321s] copying detection_aruco/obtener_imagen.py -> /home/andrea/ros2_ws/build/detection_aruco/build/lib/detection_aruco
[1.321s] copying detection_aruco/__init__.py -> /home/andrea/ros2_ws/build/detection_aruco/build/lib/detection_aruco
[1.321s] running install
[1.328s] running install_lib
[1.349s] copying /home/andrea/ros2_ws/build/detection_aruco/build/lib/detection_aruco/detection_aruco.py -> /home/andrea/ros2_ws/install/detection_aruco/lib/python3.10/site-packages/detection_aruco
[1.351s] byte-compiling /home/andrea/ros2_ws/install/detection_aruco/lib/python3.10/site-packages/detection_aruco/detection_aruco.py to detection_aruco.cpython-310.pyc
[1.353s] running install_data
[1.353s] copying resource/detection_aruco -> /home/andrea/ros2_ws/install/detection_aruco/share/ament_index/resource_index/packages
[1.354s] copying package.xml -> /home/andrea/ros2_ws/install/detection_aruco/share/detection_aruco
[1.354s] running install_egg_info
[1.376s] removing '/home/andrea/ros2_ws/install/detection_aruco/lib/python3.10/site-packages/detection_aruco-0.0.0-py3.10.egg-info' (and everything under it)
[1.376s] Copying ../../build/detection_aruco/detection_aruco.egg-info to /home/andrea/ros2_ws/install/detection_aruco/lib/python3.10/site-packages/detection_aruco-0.0.0-py3.10.egg-info
[1.377s] running install_scripts
[1.559s] Installing obtain script to /home/andrea/ros2_ws/install/detection_aruco/lib/detection_aruco
[1.560s] Installing see script to /home/andrea/ros2_ws/install/detection_aruco/lib/detection_aruco
[1.560s] writing list of installed files to '/home/andrea/ros2_ws/build/detection_aruco/install.log'
[1.596s] Invoked command in '/home/andrea/ros2_ws/src/detection_aruco' returned '0': PYTHONPATH=/home/andrea/ros2_ws/build/detection_aruco/prefix_override:/home/andrea/ros2_ws/install/detection_aruco/lib/python3.10/site-packages:${PYTHONPATH} /usr/bin/python3 -W ignore:setup.py install is deprecated setup.py egg_info --egg-base ../../build/detection_aruco build --build-base /home/andrea/ros2_ws/build/detection_aruco/build install --record /home/andrea/ros2_ws/build/detection_aruco/install.log --single-version-externally-managed install_data
