[1.596s] Invoking command in '/home/andre/ros2_ws/src/obtain_data_calibration': AMENT_PREFIX_PATH=/home/andre/ros2_ws/install/detection_person:/home/andre/ros2_ws/install/pcl_example:/home/andre/ros2_ws/install/detection_human_ros:/home/andre/ros2_ws/install/detection_astra_camera:/home/andre/ros2_ws/install/detection_aruco:/home/andre/ros2_ws/install/custom_msgs:/home/andre/ros2_ws/install/calib_correspondences:/home/andre/ros2_ws/install/astra_camera:/home/andre/ros2_ws/install/astra_camera_msgs:/home/andre/ros2_ws/install/apriltag_ros:/home/andre/ros2_ws/install/apriltag_msgs:/opt/ros/humble CMAKE_PREFIX_PATH=/home/andre/ros2_ws/install/astra_camera:/home/andre/ros2_ws/install/astra_camera_msgs:/home/andre/ros2_ws/install/pcl_example:/home/andre/ros2_ws/install/custom_msgs:/home/andre/ros2_ws/install/calib_correspondences:/home/andre/ros2_ws/install/apriltag_ros:/home/andre/ros2_ws/install/apriltag_msgs LD_LIBRARY_PATH=/home/andre/ros2_ws/install/astra_camera/lib:/home/andre/ros2_ws/install/astra_camera_msgs/lib:/home/andre/ros2_ws/install/custom_msgs/lib:/home/andre/ros2_ws/install/apriltag_ros/lib:/home/andre/ros2_ws/install/apriltag_msgs/lib:/opt/ros/humble/opt/rviz_ogre_vendor/lib:/opt/ros/humble/lib/x86_64-linux-gnu:/opt/ros/humble/lib PYTHONPATH=/home/andre/ros2_ws/build/obtain_data_calibration/prefix_override:/usr/lib/python3/dist-packages/colcon_core/task/python/colcon_distutils_commands:/home/andre/ros2_ws/install/obtain_data_calibration/lib/python3.10/site-packages:/home/andre/ros2_ws/install/detection_person/lib/python3.10/site-packages:/home/andre/ros2_ws/install/my-test-package/lib/python3.10/site-packages:/home/andre/ros2_ws/install/detection_human_ros/lib/python3.10/site-packages:/home/andre/ros2_ws/install/detection_astra_camera/lib/python3.10/site-packages:/home/andre/ros2_ws/install/detection_aruco/lib/python3.10/site-packages:/home/andre/ros2_ws/install/custom_msgs/local/lib/python3.10/dist-packages:/home/andre/ros2_ws/install/astra_camera_msgs/local/lib/python3.10/dist-packages:/home/andre/ros2_ws/install/apriltag_msgs/local/lib/python3.10/dist-packages:/opt/ros/humble/lib/python3.10/site-packages:/opt/ros/humble/local/lib/python3.10/dist-packages /usr/bin/python3 -W ignore:setup.py install is deprecated setup.py egg_info --egg-base ../../build/obtain_data_calibration build --build-base /home/andre/ros2_ws/build/obtain_data_calibration/build install --record /home/andre/ros2_ws/build/obtain_data_calibration/install.log --single-version-externally-managed install_data
[2.052s] running egg_info
[2.056s] writing ../../build/obtain_data_calibration/obtain_data_calibration.egg-info/PKG-INFO
[2.059s] writing dependency_links to ../../build/obtain_data_calibration/obtain_data_calibration.egg-info/dependency_links.txt
[2.060s] writing entry points to ../../build/obtain_data_calibration/obtain_data_calibration.egg-info/entry_points.txt
[2.060s] writing requirements to ../../build/obtain_data_calibration/obtain_data_calibration.egg-info/requires.txt
[2.060s] writing top-level names to ../../build/obtain_data_calibration/obtain_data_calibration.egg-info/top_level.txt
[2.064s] reading manifest file '../../build/obtain_data_calibration/obtain_data_calibration.egg-info/SOURCES.txt'
[2.156s] adding license file 'LICENSE'
[2.162s] writing manifest file '../../build/obtain_data_calibration/obtain_data_calibration.egg-info/SOURCES.txt'
[2.162s] running build
[2.163s] running build_py
[2.164s] copying obtain_data_ calibration/obtain_data_calibration.py -> /home/andre/ros2_ws/build/obtain_data_calibration/build/lib/obtain_data_ calibration
[2.165s] running install
[2.166s] running install_lib
[2.173s] copying /home/andre/ros2_ws/build/obtain_data_calibration/build/lib/obtain_data_ calibration/obtain_data_calibration.py -> /home/andre/ros2_ws/install/obtain_data_calibration/lib/python3.10/site-packages/obtain_data_ calibration
[2.176s] byte-compiling /home/andre/ros2_ws/install/obtain_data_calibration/lib/python3.10/site-packages/obtain_data_ calibration/obtain_data_calibration.py to obtain_data_calibration.cpython-310.pyc
[2.183s] running install_data
[2.183s] copying package.xml -> /home/andre/ros2_ws/install/obtain_data_calibration/share/obtain_data_calibration
[2.185s] running install_egg_info
[2.190s] removing '/home/andre/ros2_ws/install/obtain_data_calibration/lib/python3.10/site-packages/obtain_data_calibration-0.0.0-py3.10.egg-info' (and everything under it)
[2.191s] Copying ../../build/obtain_data_calibration/obtain_data_calibration.egg-info to /home/andre/ros2_ws/install/obtain_data_calibration/lib/python3.10/site-packages/obtain_data_calibration-0.0.0-py3.10.egg-info
[2.195s] running install_scripts
[2.241s] Installing obtain_data_calibration script to /home/andre/ros2_ws/install/obtain_data_calibration/lib/obtain_data_calibration
[2.241s] writing list of installed files to '/home/andre/ros2_ws/build/obtain_data_calibration/install.log'
[2.306s] Invoked command in '/home/andre/ros2_ws/src/obtain_data_calibration' returned '0': AMENT_PREFIX_PATH=/home/andre/ros2_ws/install/detection_person:/home/andre/ros2_ws/install/pcl_example:/home/andre/ros2_ws/install/detection_human_ros:/home/andre/ros2_ws/install/detection_astra_camera:/home/andre/ros2_ws/install/detection_aruco:/home/andre/ros2_ws/install/custom_msgs:/home/andre/ros2_ws/install/calib_correspondences:/home/andre/ros2_ws/install/astra_camera:/home/andre/ros2_ws/install/astra_camera_msgs:/home/andre/ros2_ws/install/apriltag_ros:/home/andre/ros2_ws/install/apriltag_msgs:/opt/ros/humble CMAKE_PREFIX_PATH=/home/andre/ros2_ws/install/astra_camera:/home/andre/ros2_ws/install/astra_camera_msgs:/home/andre/ros2_ws/install/pcl_example:/home/andre/ros2_ws/install/custom_msgs:/home/andre/ros2_ws/install/calib_correspondences:/home/andre/ros2_ws/install/apriltag_ros:/home/andre/ros2_ws/install/apriltag_msgs LD_LIBRARY_PATH=/home/andre/ros2_ws/install/astra_camera/lib:/home/andre/ros2_ws/install/astra_camera_msgs/lib:/home/andre/ros2_ws/install/custom_msgs/lib:/home/andre/ros2_ws/install/apriltag_ros/lib:/home/andre/ros2_ws/install/apriltag_msgs/lib:/opt/ros/humble/opt/rviz_ogre_vendor/lib:/opt/ros/humble/lib/x86_64-linux-gnu:/opt/ros/humble/lib PYTHONPATH=/home/andre/ros2_ws/build/obtain_data_calibration/prefix_override:/usr/lib/python3/dist-packages/colcon_core/task/python/colcon_distutils_commands:/home/andre/ros2_ws/install/obtain_data_calibration/lib/python3.10/site-packages:/home/andre/ros2_ws/install/detection_person/lib/python3.10/site-packages:/home/andre/ros2_ws/install/my-test-package/lib/python3.10/site-packages:/home/andre/ros2_ws/install/detection_human_ros/lib/python3.10/site-packages:/home/andre/ros2_ws/install/detection_astra_camera/lib/python3.10/site-packages:/home/andre/ros2_ws/install/detection_aruco/lib/python3.10/site-packages:/home/andre/ros2_ws/install/custom_msgs/local/lib/python3.10/dist-packages:/home/andre/ros2_ws/install/astra_camera_msgs/local/lib/python3.10/dist-packages:/home/andre/ros2_ws/install/apriltag_msgs/local/lib/python3.10/dist-packages:/opt/ros/humble/lib/python3.10/site-packages:/opt/ros/humble/local/lib/python3.10/dist-packages /usr/bin/python3 -W ignore:setup.py install is deprecated setup.py egg_info --egg-base ../../build/obtain_data_calibration build --build-base /home/andre/ros2_ws/build/obtain_data_calibration/build install --record /home/andre/ros2_ws/build/obtain_data_calibration/install.log --single-version-externally-managed install_data
