[1.730s] Invoking command in '/home/andre/ros2_ws/src/detection_human_ros': CMAKE_PREFIX_PATH=/home/andre/ros2_ws/install/astra_camera:/home/andre/ros2_ws/install/astra_camera_msgs:/home/andre/ros2_ws/install/custom_msgs:/home/andre/ros2_ws/install/calib_correspondences:/home/andre/ros2_ws/install/apriltag_ros:/home/andre/ros2_ws/install/apriltag_msgs LD_LIBRARY_PATH=/home/andre/ros2_ws/install/astra_camera/lib:/home/andre/ros2_ws/install/astra_camera_msgs/lib:/home/andre/ros2_ws/install/custom_msgs/lib:/home/andre/ros2_ws/install/apriltag_ros/lib:/home/andre/ros2_ws/install/apriltag_msgs/lib:/opt/ros/humble/opt/rviz_ogre_vendor/lib:/opt/ros/humble/lib/x86_64-linux-gnu:/opt/ros/humble/lib PYTHONPATH=/home/andre/ros2_ws/build/detection_human_ros/prefix_override:/home/andre/ros2_ws/install/detection_human_ros/lib/python3.10/site-packages:${PYTHONPATH} /usr/bin/python3 -W ignore:setup.py install is deprecated setup.py egg_info --egg-base ../../build/detection_human_ros build --build-base /home/andre/ros2_ws/build/detection_human_ros/build install --record /home/andre/ros2_ws/build/detection_human_ros/install.log --single-version-externally-managed install_data
[2.449s] running egg_info
[2.451s] writing ../../build/detection_human_ros/detection_human_ros.egg-info/PKG-INFO
[2.451s] writing dependency_links to ../../build/detection_human_ros/detection_human_ros.egg-info/dependency_links.txt
[2.451s] writing entry points to ../../build/detection_human_ros/detection_human_ros.egg-info/entry_points.txt
[2.452s] writing requirements to ../../build/detection_human_ros/detection_human_ros.egg-info/requires.txt
[2.452s] writing top-level names to ../../build/detection_human_ros/detection_human_ros.egg-info/top_level.txt
[2.456s] reading manifest file '../../build/detection_human_ros/detection_human_ros.egg-info/SOURCES.txt'
[2.457s] adding license file 'LICENSE'
[2.459s] writing manifest file '../../build/detection_human_ros/detection_human_ros.egg-info/SOURCES.txt'
[2.459s] running build
[2.459s] running build_py
[2.459s] copying detection_human_ros/detection_human.py -> /home/andre/ros2_ws/build/detection_human_ros/build/lib/detection_human_ros
[2.460s] running install
[2.460s] running install_lib
[2.462s] copying /home/andre/ros2_ws/build/detection_human_ros/build/lib/detection_human_ros/detection_human.py -> /home/andre/ros2_ws/install/detection_human_ros/lib/python3.10/site-packages/detection_human_ros
[2.464s] byte-compiling /home/andre/ros2_ws/install/detection_human_ros/lib/python3.10/site-packages/detection_human_ros/detection_human.py to detection_human.cpython-310.pyc
[2.465s] running install_data
[2.466s] running install_egg_info
[2.469s] removing '/home/andre/ros2_ws/install/detection_human_ros/lib/python3.10/site-packages/detection_human_ros-0.0.0-py3.10.egg-info' (and everything under it)
[2.470s] Copying ../../build/detection_human_ros/detection_human_ros.egg-info to /home/andre/ros2_ws/install/detection_human_ros/lib/python3.10/site-packages/detection_human_ros-0.0.0-py3.10.egg-info
[2.471s] running install_scripts
[2.532s] Installing obtain_human script to /home/andre/ros2_ws/install/detection_human_ros/lib/detection_human_ros
[2.533s] writing list of installed files to '/home/andre/ros2_ws/build/detection_human_ros/install.log'
[2.612s] Invoked command in '/home/andre/ros2_ws/src/detection_human_ros' returned '0': CMAKE_PREFIX_PATH=/home/andre/ros2_ws/install/astra_camera:/home/andre/ros2_ws/install/astra_camera_msgs:/home/andre/ros2_ws/install/custom_msgs:/home/andre/ros2_ws/install/calib_correspondences:/home/andre/ros2_ws/install/apriltag_ros:/home/andre/ros2_ws/install/apriltag_msgs LD_LIBRARY_PATH=/home/andre/ros2_ws/install/astra_camera/lib:/home/andre/ros2_ws/install/astra_camera_msgs/lib:/home/andre/ros2_ws/install/custom_msgs/lib:/home/andre/ros2_ws/install/apriltag_ros/lib:/home/andre/ros2_ws/install/apriltag_msgs/lib:/opt/ros/humble/opt/rviz_ogre_vendor/lib:/opt/ros/humble/lib/x86_64-linux-gnu:/opt/ros/humble/lib PYTHONPATH=/home/andre/ros2_ws/build/detection_human_ros/prefix_override:/home/andre/ros2_ws/install/detection_human_ros/lib/python3.10/site-packages:${PYTHONPATH} /usr/bin/python3 -W ignore:setup.py install is deprecated setup.py egg_info --egg-base ../../build/detection_human_ros build --build-base /home/andre/ros2_ws/build/detection_human_ros/build install --record /home/andre/ros2_ws/build/detection_human_ros/install.log --single-version-externally-managed install_data
