[1.400s] Invoking command in '/home/andre/ros2_ws/src/detection_person': PYTHONPATH=/home/andre/ros2_ws/build/detection_person/prefix_override:/home/andre/ros2_ws/install/detection_person/lib/python3.10/site-packages:${PYTHONPATH} /usr/bin/python3 -W ignore:setup.py install is deprecated setup.py egg_info --egg-base ../../build/detection_person build --build-base /home/andre/ros2_ws/build/detection_person/build install --record /home/andre/ros2_ws/build/detection_person/install.log --single-version-externally-managed install_data
[1.917s] running egg_info
[1.919s] writing ../../build/detection_person/detection_person.egg-info/PKG-INFO
[1.921s] writing dependency_links to ../../build/detection_person/detection_person.egg-info/dependency_links.txt
[1.921s] writing entry points to ../../build/detection_person/detection_person.egg-info/entry_points.txt
[1.921s] writing requirements to ../../build/detection_person/detection_person.egg-info/requires.txt
[1.921s] writing top-level names to ../../build/detection_person/detection_person.egg-info/top_level.txt
[1.923s] reading manifest file '../../build/detection_person/detection_person.egg-info/SOURCES.txt'
[1.923s] adding license file 'LICENSE'
[1.925s] writing manifest file '../../build/detection_person/detection_person.egg-info/SOURCES.txt'
[1.925s] running build
[1.925s] running build_py
[1.925s] copying detection_person/detection_person.py -> /home/andre/ros2_ws/build/detection_person/build/lib/detection_person
[1.925s] running install
[1.928s] running install_lib
[1.929s] copying /home/andre/ros2_ws/build/detection_person/build/lib/detection_person/detection_person.py -> /home/andre/ros2_ws/install/detection_person/lib/python3.10/site-packages/detection_person
[1.931s] byte-compiling /home/andre/ros2_ws/install/detection_person/lib/python3.10/site-packages/detection_person/detection_person.py to detection_person.cpython-310.pyc
[1.936s] running install_data
[1.936s] running install_egg_info
[1.946s] removing '/home/andre/ros2_ws/install/detection_person/lib/python3.10/site-packages/detection_person-0.0.0-py3.10.egg-info' (and everything under it)
[1.947s] Copying ../../build/detection_person/detection_person.egg-info to /home/andre/ros2_ws/install/detection_person/lib/python3.10/site-packages/detection_person-0.0.0-py3.10.egg-info
[1.947s] running install_scripts
[1.993s] Installing obtain_person script to /home/andre/ros2_ws/install/detection_person/lib/detection_person
[1.996s] writing list of installed files to '/home/andre/ros2_ws/build/detection_person/install.log'
[2.076s] Invoked command in '/home/andre/ros2_ws/src/detection_person' returned '0': PYTHONPATH=/home/andre/ros2_ws/build/detection_person/prefix_override:/home/andre/ros2_ws/install/detection_person/lib/python3.10/site-packages:${PYTHONPATH} /usr/bin/python3 -W ignore:setup.py install is deprecated setup.py egg_info --egg-base ../../build/detection_person build --build-base /home/andre/ros2_ws/build/detection_person/build install --record /home/andre/ros2_ws/build/detection_person/install.log --single-version-externally-managed install_data
