[2.765s] Invoking command in '/home/andre/ros2_ws/src/detection_aruco': CMAKE_PREFIX_PATH=/home/andre/ros2_ws/install/custom_msgs:/home/andre/ros2_ws/install/pcl_example:/home/andre/ros2_ws/install/calib_correspondences:/home/andre/ros2_ws/install/astra_camera:/home/andre/ros2_ws/install/astra_camera_msgs:/home/andre/ros2_ws/install/apriltag_ros:/home/andre/ros2_ws/install/apriltag_msgs PYTHONPATH=/home/andre/ros2_ws/build/detection_aruco/prefix_override:/usr/lib/python3/dist-packages/colcon_core/task/python/colcon_distutils_commands:/home/andre/ros2_ws/install/detection_aruco/lib/python3.10/site-packages:${PYTHONPATH} /usr/bin/python3 -W ignore:setup.py install is deprecated setup.py egg_info --egg-base ../../build/detection_aruco build --build-base /home/andre/ros2_ws/build/detection_aruco/build install --record /home/andre/ros2_ws/build/detection_aruco/install.log --single-version-externally-managed install_data
[3.580s] running egg_info
[3.581s] writing ../../build/detection_aruco/detection_aruco.egg-info/PKG-INFO
[3.582s] writing dependency_links to ../../build/detection_aruco/detection_aruco.egg-info/dependency_links.txt
[3.582s] writing entry points to ../../build/detection_aruco/detection_aruco.egg-info/entry_points.txt
[3.583s] writing requirements to ../../build/detection_aruco/detection_aruco.egg-info/requires.txt
[3.583s] writing top-level names to ../../build/detection_aruco/detection_aruco.egg-info/top_level.txt
[3.589s] reading manifest file '../../build/detection_aruco/detection_aruco.egg-info/SOURCES.txt'
[3.589s] adding license file 'LICENSE'
[3.591s] writing manifest file '../../build/detection_aruco/detection_aruco.egg-info/SOURCES.txt'
[3.592s] running build
[3.592s] running build_py
[3.592s] copying detection_aruco/detection_aruco.py -> /home/andre/ros2_ws/build/detection_aruco/build/lib/detection_aruco
[3.595s] running install
[3.597s] running install_lib
[3.598s] copying /home/andre/ros2_ws/build/detection_aruco/build/lib/detection_aruco/detection_aruco.py -> /home/andre/ros2_ws/install/detection_aruco/lib/python3.10/site-packages/detection_aruco
[3.600s] byte-compiling /home/andre/ros2_ws/install/detection_aruco/lib/python3.10/site-packages/detection_aruco/detection_aruco.py to detection_aruco.cpython-310.pyc
[3.605s] running install_data
[3.606s] running install_egg_info
[3.609s] removing '/home/andre/ros2_ws/install/detection_aruco/lib/python3.10/site-packages/detection_aruco-0.0.0-py3.10.egg-info' (and everything under it)
[3.610s] Copying ../../build/detection_aruco/detection_aruco.egg-info to /home/andre/ros2_ws/install/detection_aruco/lib/python3.10/site-packages/detection_aruco-0.0.0-py3.10.egg-info
[3.611s] running install_scripts
[3.666s] Installing obtain script to /home/andre/ros2_ws/install/detection_aruco/lib/detection_aruco
[3.670s] Installing see script to /home/andre/ros2_ws/install/detection_aruco/lib/detection_aruco
[3.670s] writing list of installed files to '/home/andre/ros2_ws/build/detection_aruco/install.log'
[3.745s] Invoked command in '/home/andre/ros2_ws/src/detection_aruco' returned '0': CMAKE_PREFIX_PATH=/home/andre/ros2_ws/install/custom_msgs:/home/andre/ros2_ws/install/pcl_example:/home/andre/ros2_ws/install/calib_correspondences:/home/andre/ros2_ws/install/astra_camera:/home/andre/ros2_ws/install/astra_camera_msgs:/home/andre/ros2_ws/install/apriltag_ros:/home/andre/ros2_ws/install/apriltag_msgs PYTHONPATH=/home/andre/ros2_ws/build/detection_aruco/prefix_override:/usr/lib/python3/dist-packages/colcon_core/task/python/colcon_distutils_commands:/home/andre/ros2_ws/install/detection_aruco/lib/python3.10/site-packages:${PYTHONPATH} /usr/bin/python3 -W ignore:setup.py install is deprecated setup.py egg_info --egg-base ../../build/detection_aruco build --build-base /home/andre/ros2_ws/build/detection_aruco/build install --record /home/andre/ros2_ws/build/detection_aruco/install.log --single-version-externally-managed install_data
