[0.058s] Invoking command in '/home/andre/ros2_ws/build/calib_correspondences': CMAKE_PREFIX_PATH=${CMAKE_PREFIX_PATH}:/home/andre/ros2_ws/install/detection_person:/home/andre/ros2_ws/install/detection_human_ros:/home/andre/ros2_ws/install/detection_astra_camera:/home/andre/ros2_ws/install/detection_aruco:/opt/ros/humble /usr/bin/cmake --build /home/andre/ros2_ws/build/calib_correspondences -- -j4 -l4
[0.457s] [ 50%] Built target image_cloud_reader
[0.582s] [100%] Built target corr_subscriber
[0.645s] Invoked command in '/home/andre/ros2_ws/build/calib_correspondences' returned '0': CMAKE_PREFIX_PATH=${CMAKE_PREFIX_PATH}:/home/andre/ros2_ws/install/detection_person:/home/andre/ros2_ws/install/detection_human_ros:/home/andre/ros2_ws/install/detection_astra_camera:/home/andre/ros2_ws/install/detection_aruco:/opt/ros/humble /usr/bin/cmake --build /home/andre/ros2_ws/build/calib_correspondences -- -j4 -l4
[0.963s] Invoking command in '/home/andre/ros2_ws/build/calib_correspondences': CMAKE_PREFIX_PATH=${CMAKE_PREFIX_PATH}:/home/andre/ros2_ws/install/detection_person:/home/andre/ros2_ws/install/detection_human_ros:/home/andre/ros2_ws/install/detection_astra_camera:/home/andre/ros2_ws/install/detection_aruco:/opt/ros/humble /usr/bin/cmake --install /home/andre/ros2_ws/build/calib_correspondences
[1.002s] -- Install configuration: "Release"
[1.002s] -- Up-to-date: /home/andre/ros2_ws/install/calib_correspondences/lib/calib_correspondences/image_cloud_reader
[1.007s] -- Up-to-date: /home/andre/ros2_ws/install/calib_correspondences/lib/calib_correspondences/corr_subscriber
[1.007s] -- Up-to-date: /home/andre/ros2_ws/install/calib_correspondences/share/calib_correspondences//launch
[1.007s] -- Up-to-date: /home/andre/ros2_ws/install/calib_correspondences/share/calib_correspondences//launch/calibrate_corr_launch.xml
[1.007s] -- Up-to-date: /home/andre/ros2_ws/install/calib_correspondences/share/calib_correspondences//launch/imgcloud2corr_launch.xml
[1.008s] -- Up-to-date: /home/andre/ros2_ws/install/calib_correspondences/share/calib_correspondences//config
[1.008s] -- Installing: /home/andre/ros2_ws/install/calib_correspondences/share/calib_correspondences//config/parameters.yaml
[1.008s] -- Up-to-date: /home/andre/ros2_ws/install/calib_correspondences/share/calib_correspondences//config/params_usb0.yaml
[1.009s] -- Up-to-date: /home/andre/ros2_ws/install/calib_correspondences/share/calib_correspondences//config/params_usb1.yaml
[1.009s] -- Up-to-date: /home/andre/ros2_ws/install/calib_correspondences/share/ament_index/resource_index/package_run_dependencies/calib_correspondences
[1.009s] -- Up-to-date: /home/andre/ros2_ws/install/calib_correspondences/share/ament_index/resource_index/parent_prefix_path/calib_correspondences
[1.009s] -- Up-to-date: /home/andre/ros2_ws/install/calib_correspondences/share/calib_correspondences/environment/ament_prefix_path.sh
[1.009s] -- Up-to-date: /home/andre/ros2_ws/install/calib_correspondences/share/calib_correspondences/environment/ament_prefix_path.dsv
[1.009s] -- Up-to-date: /home/andre/ros2_ws/install/calib_correspondences/share/calib_correspondences/environment/path.sh
[1.010s] -- Up-to-date: /home/andre/ros2_ws/install/calib_correspondences/share/calib_correspondences/environment/path.dsv
[1.010s] -- Up-to-date: /home/andre/ros2_ws/install/calib_correspondences/share/calib_correspondences/local_setup.bash
[1.011s] -- Up-to-date: /home/andre/ros2_ws/install/calib_correspondences/share/calib_correspondences/local_setup.sh
[1.018s] -- Up-to-date: /home/andre/ros2_ws/install/calib_correspondences/share/calib_correspondences/local_setup.zsh
[1.022s] -- Up-to-date: /home/andre/ros2_ws/install/calib_correspondences/share/calib_correspondences/local_setup.dsv
[1.023s] -- Installing: /home/andre/ros2_ws/install/calib_correspondences/share/calib_correspondences/package.dsv
[1.024s] -- Up-to-date: /home/andre/ros2_ws/install/calib_correspondences/share/ament_index/resource_index/packages/calib_correspondences
[1.024s] -- Up-to-date: /home/andre/ros2_ws/install/calib_correspondences/share/calib_correspondences/cmake/calib_correspondencesConfig.cmake
[1.025s] -- Up-to-date: /home/andre/ros2_ws/install/calib_correspondences/share/calib_correspondences/cmake/calib_correspondencesConfig-version.cmake
[1.025s] -- Up-to-date: /home/andre/ros2_ws/install/calib_correspondences/share/calib_correspondences/package.xml
[1.064s] Invoked command in '/home/andre/ros2_ws/build/calib_correspondences' returned '0': CMAKE_PREFIX_PATH=${CMAKE_PREFIX_PATH}:/home/andre/ros2_ws/install/detection_person:/home/andre/ros2_ws/install/detection_human_ros:/home/andre/ros2_ws/install/detection_astra_camera:/home/andre/ros2_ws/install/detection_aruco:/opt/ros/humble /usr/bin/cmake --install /home/andre/ros2_ws/build/calib_correspondences
