[0.075s] Invoking command in '/home/andre/ros2_ws/build/calib_correspondences': CMAKE_PREFIX_PATH=${CMAKE_PREFIX_PATH}:/home/andre/ros2_ws/install/obtain_data_calibration:/home/andre/ros2_ws/install/get_body_reconstruction:/home/andre/ros2_ws/install/detection_person:/home/andre/ros2_ws/install/detection_human_ros:/home/andre/ros2_ws/install/detection_astra_camera:/home/andre/ros2_ws/install/detection_aruco:/opt/ros/humble /usr/bin/cmake --build /home/andre/ros2_ws/build/calib_correspondences -- -j4 -l4
[2.022s] -- Found ament_cmake: 1.3.9 (/opt/ros/humble/share/ament_cmake/cmake)
[3.664s] -- Found rclcpp: 16.0.9 (/opt/ros/humble/share/rclcpp/cmake)
[4.077s] -- Found rosidl_generator_c: 3.1.5 (/opt/ros/humble/share/rosidl_generator_c/cmake)
[4.108s] -- Found rosidl_adapter: 3.1.5 (/opt/ros/humble/share/rosidl_adapter/cmake)
[4.175s] -- Found rosidl_generator_cpp: 3.1.5 (/opt/ros/humble/share/rosidl_generator_cpp/cmake)
[4.294s] -- Using all available rosidl_typesupport_c: rosidl_typesupport_fastrtps_c;rosidl_typesupport_introspection_c
[4.710s] -- Using all available rosidl_typesupport_cpp: rosidl_typesupport_fastrtps_cpp;rosidl_typesupport_introspection_cpp
[5.644s] -- Found rmw_implementation_cmake: 6.1.2 (/opt/ros/humble/share/rmw_implementation_cmake/cmake)
[5.855s] -- Found rmw_fastrtps_cpp: 6.2.6 (/opt/ros/humble/share/rmw_fastrtps_cpp/cmake)
[6.859s] -- Using RMW implementation 'rmw_fastrtps_cpp' as default
[7.891s] -- Found sensor_msgs: 4.2.4 (/opt/ros/humble/share/sensor_msgs/cmake)
[8.385s] -- Found custom_msgs: 0.0.0 (/home/andre/ros2_ws/install/custom_msgs/share/custom_msgs/cmake)
[8.681s] -- Found tf2_eigen: 0.25.7 (/opt/ros/humble/share/tf2_eigen/cmake)
[10.434s] -- Eigen found (include: /usr/include/eigen3, version: 3.4.0)
[10.742s] -- Found Boost: /usr/lib/x86_64-linux-gnu/cmake/Boost-1.74.0/BoostConfig.cmake (found suitable version "1.74.0", minimum required is "1.65.0") found components: system filesystem date_time iostreams serialization 
[10.853s] -- FLANN found (include: /usr/include, lib: /usr/lib/x86_64-linux-gnu/libflann_cpp.so)
[16.677s] -- OpenNI found (version: 1.5.4.0, include: /usr/include/ni, lib: /usr/lib/libOpenNI.so;libusb::libusb)
[16.718s] -- OpenNI2 found (version: 2.3.0.85, include: /home/andre/ros2_ws/install/astra_camera/include/openni2, lib: /home/andre/ros2_ws/install/astra_camera/lib/libOpenNI2.so;libusb::libusb)
[16.721s] [0m** WARNING ** io features related to pcap will be disabled[0m
[17.310s] -- Eigen found (include: /usr/include/eigen3, version: 3.4.0)
[17.343s] -- OpenNI found (version: 1.5.4.0, include: /usr/include/ni, lib: /usr/lib/libOpenNI.so;libusb::libusb)
[17.366s] -- OpenNI2 found (version: 2.3.0.85, include: /home/andre/ros2_ws/install/astra_camera/include/openni2, lib: /home/andre/ros2_ws/install/astra_camera/lib/libOpenNI2.so;libusb::libusb)
[18.060s] -- Found Qhull version 8.0.2
[18.621s] -- OpenNI found (version: 1.5.4.0, include: /usr/include/ni, lib: /usr/lib/libOpenNI.so;libusb::libusb)
[19.094s] -- looking for PCL_COMMON
[19.095s] -- looking for PCL_KDTREE
[19.096s] -- looking for PCL_OCTREE
[19.098s] -- looking for PCL_SEARCH
[19.099s] -- looking for PCL_SAMPLE_CONSENSUS
[19.100s] -- looking for PCL_FILTERS
[19.100s] -- looking for PCL_2D
[19.102s] -- looking for PCL_GEOMETRY
[19.105s] -- looking for PCL_IO
[19.105s] -- looking for PCL_FEATURES
[19.106s] -- looking for PCL_ML
[19.106s] -- looking for PCL_SEGMENTATION
[19.110s] -- looking for PCL_VISUALIZATION
[19.110s] -- looking for PCL_SURFACE
[19.111s] -- looking for PCL_REGISTRATION
[19.111s] -- looking for PCL_KEYPOINTS
[19.113s] -- looking for PCL_TRACKING
[19.119s] -- looking for PCL_RECOGNITION
[19.119s] -- looking for PCL_STEREO
[19.119s] -- looking for PCL_APPS
[19.125s] -- looking for PCL_IN_HAND_SCANNER
[19.126s] -- looking for PCL_MODELER
[19.126s] -- looking for PCL_POINT_CLOUD_EDITOR
[19.126s] -- looking for PCL_OUTOFCORE
[19.126s] -- looking for PCL_PEOPLE
[19.223s] -- Found pcl_conversions: 2.4.0 (/opt/ros/humble/share/pcl_conversions/cmake)
[19.788s] -- Found Boost: /usr/lib/x86_64-linux-gnu/cmake/Boost-1.74.0/BoostConfig.cmake (found version "1.74.0") found components: thread 
[19.809s] -- Found cv_bridge: 3.2.1 (/opt/ros/humble/share/cv_bridge/cmake)
[19.959s] -- Found visualization_msgs: 4.2.4 (/opt/ros/humble/share/visualization_msgs/cmake)
[21.125s] -- Configuring done
[22.880s] -- Generating done
[22.909s] -- Build files have been written to: /home/andre/ros2_ws/build/calib_correspondences
[23.079s] [35m[1mConsolidate compiler generated dependencies of target image_cloud_reader[0m
[24.060s] [ 10%] [32mBuilding CXX object CMakeFiles/image_cloud_reader.dir/src/ImageCloud2Correspondences.cpp.o[0m
