[1.329s] Invoking command in '/home/andre/ros2_ws/src/detection_person': PYTHONPATH=/home/andre/ros2_ws/build/detection_person/prefix_override:/home/andre/ros2_ws/install/detection_person/lib/python3.10/site-packages:${PYTHONPATH} /usr/bin/python3 -W ignore:setup.py install is deprecated setup.py egg_info --egg-base ../../build/detection_person build --build-base /home/andre/ros2_ws/build/detection_person/build install --record /home/andre/ros2_ws/build/detection_person/install.log --single-version-externally-managed install_data
[1.795s] running egg_info
[1.796s] writing ../../build/detection_person/detection_person.egg-info/PKG-INFO
[1.796s] writing dependency_links to ../../build/detection_person/detection_person.egg-info/dependency_links.txt
[1.796s] writing entry points to ../../build/detection_person/detection_person.egg-info/entry_points.txt
[1.797s] writing requirements to ../../build/detection_person/detection_person.egg-info/requires.txt
[1.797s] writing top-level names to ../../build/detection_person/detection_person.egg-info/top_level.txt
[1.800s] reading manifest file '../../build/detection_person/detection_person.egg-info/SOURCES.txt'
[1.802s] adding license file 'LICENSE'
[1.803s] writing manifest file '../../build/detection_person/detection_person.egg-info/SOURCES.txt'
[1.804s] running build
[1.804s] running build_py
[1.805s] copying detection_person/detection_person.py -> /home/andre/ros2_ws/build/detection_person/build/lib/detection_person
[1.805s] running install
[1.811s] running install_lib
[1.813s] copying /home/andre/ros2_ws/build/detection_person/build/lib/detection_person/detection_person.py -> /home/andre/ros2_ws/install/detection_person/lib/python3.10/site-packages/detection_person
[1.815s] byte-compiling /home/andre/ros2_ws/install/detection_person/lib/python3.10/site-packages/detection_person/detection_person.py to detection_person.cpython-310.pyc
[1.817s] running install_data
[1.818s] running install_egg_info
[1.820s] removing '/home/andre/ros2_ws/install/detection_person/lib/python3.10/site-packages/detection_person-0.0.0-py3.10.egg-info' (and everything under it)
[1.821s] Copying ../../build/detection_person/detection_person.egg-info to /home/andre/ros2_ws/install/detection_person/lib/python3.10/site-packages/detection_person-0.0.0-py3.10.egg-info
[1.822s] running install_scripts
[1.861s] Installing obtain_person script to /home/andre/ros2_ws/install/detection_person/lib/detection_person
[1.861s] writing list of installed files to '/home/andre/ros2_ws/build/detection_person/install.log'
[1.920s] Invoked command in '/home/andre/ros2_ws/src/detection_person' returned '0': PYTHONPATH=/home/andre/ros2_ws/build/detection_person/prefix_override:/home/andre/ros2_ws/install/detection_person/lib/python3.10/site-packages:${PYTHONPATH} /usr/bin/python3 -W ignore:setup.py install is deprecated setup.py egg_info --egg-base ../../build/detection_person build --build-base /home/andre/ros2_ws/build/detection_person/build install --record /home/andre/ros2_ws/build/detection_person/install.log --single-version-externally-managed install_data
