[0.214s] Invoking command in '/home/andre/ros2_ws/build/astra_camera': AMENT_PREFIX_PATH=/home/andre/ros2_ws/install/astra_camera_msgs:${AMENT_PREFIX_PATH} CMAKE_PREFIX_PATH=/home/andre/ros2_ws/install/astra_camera_msgs:/opt/ros/humble LD_LIBRARY_PATH=/home/andre/ros2_ws/install/astra_camera_msgs/lib:${LD_LIBRARY_PATH} PYTHONPATH=/home/andre/ros2_ws/install/astra_camera_msgs/local/lib/python3.10/dist-packages:${PYTHONPATH} /usr/bin/cmake --build /home/andre/ros2_ws/build/astra_camera -- -j4 -l4
[1.074s] [35m[1mConsolidate compiler generated dependencies of target astra_camera[0m
[1.201s] [ 88%] Built target astra_camera
[1.217s] [35m[1mConsolidate compiler generated dependencies of target list_devices_node[0m
[1.249s] [100%] Built target list_devices_node
[1.266s] Invoked command in '/home/andre/ros2_ws/build/astra_camera' returned '0': AMENT_PREFIX_PATH=/home/andre/ros2_ws/install/astra_camera_msgs:${AMENT_PREFIX_PATH} CMAKE_PREFIX_PATH=/home/andre/ros2_ws/install/astra_camera_msgs:/opt/ros/humble LD_LIBRARY_PATH=/home/andre/ros2_ws/install/astra_camera_msgs/lib:${LD_LIBRARY_PATH} PYTHONPATH=/home/andre/ros2_ws/install/astra_camera_msgs/local/lib/python3.10/dist-packages:${PYTHONPATH} /usr/bin/cmake --build /home/andre/ros2_ws/build/astra_camera -- -j4 -l4
[1.366s] Invoking command in '/home/andre/ros2_ws/build/astra_camera': AMENT_PREFIX_PATH=/home/andre/ros2_ws/install/astra_camera_msgs:${AMENT_PREFIX_PATH} CMAKE_PREFIX_PATH=/home/andre/ros2_ws/install/astra_camera_msgs:/opt/ros/humble LD_LIBRARY_PATH=/home/andre/ros2_ws/install/astra_camera_msgs/lib:${LD_LIBRARY_PATH} PYTHONPATH=/home/andre/ros2_ws/install/astra_camera_msgs/local/lib/python3.10/dist-packages:${PYTHONPATH} /usr/bin/cmake --install /home/andre/ros2_ws/build/astra_camera
[1.377s] -- Install configuration: "Release"
[1.377s] -- Up-to-date: /home/andre/ros2_ws/install/astra_camera/lib/libastra_camera.so
[1.377s] -- Up-to-date: /home/andre/ros2_ws/install/astra_camera/lib/libOpenNI2.so
[1.378s] -- Up-to-date: /home/andre/ros2_ws/install/astra_camera/lib//OpenNI2
[1.378s] -- Up-to-date: /home/andre/ros2_ws/install/astra_camera/lib//OpenNI2/Drivers
[1.378s] -- Up-to-date: /home/andre/ros2_ws/install/astra_camera/lib//OpenNI2/Drivers/OniFile.ini
[1.378s] -- Up-to-date: /home/andre/ros2_ws/install/astra_camera/lib//OpenNI2/Drivers/orbbec.ini
[1.379s] -- Up-to-date: /home/andre/ros2_ws/install/astra_camera/lib//OpenNI2/Drivers/liborbbec.so
[1.379s] -- Up-to-date: /home/andre/ros2_ws/install/astra_camera/lib//OpenNI2/Drivers/libOniFile.so
[1.380s] -- Up-to-date: /home/andre/ros2_ws/install/astra_camera/lib/astra_camera/list_devices_node
[1.380s] -- Up-to-date: /home/andre/ros2_ws/install/astra_camera/include
[1.380s] -- Up-to-date: /home/andre/ros2_ws/install/astra_camera/include/astra_camera
[1.381s] -- Up-to-date: /home/andre/ros2_ws/install/astra_camera/include/astra_camera/ros_param_backend.h
[1.381s] -- Up-to-date: /home/andre/ros2_ws/install/astra_camera/include/astra_camera/ob_camera_node.h
[1.381s] -- Up-to-date: /home/andre/ros2_ws/install/astra_camera/include/astra_camera/types.h
[1.382s] -- Up-to-date: /home/andre/ros2_ws/install/astra_camera/include/astra_camera/ob_frame_listener.h
[1.382s] -- Up-to-date: /home/andre/ros2_ws/install/astra_camera/include/astra_camera/point_cloud_proc
[1.382s] -- Up-to-date: /home/andre/ros2_ws/install/astra_camera/include/astra_camera/point_cloud_proc/depth_traits.h
[1.383s] -- Up-to-date: /home/andre/ros2_ws/install/astra_camera/include/astra_camera/point_cloud_proc/point_cloud_xyzrgb.h
[1.383s] -- Up-to-date: /home/andre/ros2_ws/install/astra_camera/include/astra_camera/point_cloud_proc/point_cloud_xyz.h
[1.383s] -- Up-to-date: /home/andre/ros2_ws/install/astra_camera/include/astra_camera/utils.h
[1.383s] -- Up-to-date: /home/andre/ros2_ws/install/astra_camera/include/astra_camera/dynamic_params.h
[1.384s] -- Up-to-date: /home/andre/ros2_ws/install/astra_camera/include/astra_camera/constants.h
[1.384s] -- Up-to-date: /home/andre/ros2_ws/install/astra_camera/include/astra_camera/ob_camera_node_factory.h
[1.384s] -- Up-to-date: /home/andre/ros2_ws/install/astra_camera/include/astra_camera/device_listener.h
[1.384s] -- Up-to-date: /home/andre/ros2_ws/install/astra_camera/include/astra_camera/ob_timer_filter.h
[1.385s] -- Up-to-date: /home/andre/ros2_ws/install/astra_camera/include/astra_camera/uvc_camera_driver.h
[1.385s] -- Up-to-date: /home/andre/ros2_ws/install/astra_camera/include/astra_camera/DefineImageType.hpp
[1.385s] -- Up-to-date: /home/andre/ros2_ws/install/astra_camera/include/astra_camera/ob_context.h
[1.385s] -- Up-to-date: /home/andre/ros2_ws/install/astra_camera/include/openni2
[1.385s] -- Up-to-date: /home/andre/ros2_ws/install/astra_camera/include/openni2/OpenNI.h
[1.386s] -- Up-to-date: /home/andre/ros2_ws/install/astra_camera/include/openni2/MacOSX
[1.386s] -- Up-to-date: /home/andre/ros2_ws/install/astra_camera/include/openni2/MacOSX/OniPlatformMacOSX.h
[1.386s] -- Up-to-date: /home/andre/ros2_ws/install/astra_camera/include/openni2/Linux-Arm
[1.386s] -- Up-to-date: /home/andre/ros2_ws/install/astra_camera/include/openni2/Linux-Arm/OniPlatformLinux-Arm.h
[1.386s] -- Up-to-date: /home/andre/ros2_ws/install/astra_camera/include/openni2/Android-Arm
[1.386s] -- Up-to-date: /home/andre/ros2_ws/install/astra_camera/include/openni2/Android-Arm/OniPlatformAndroid-Arm.h
[1.387s] -- Up-to-date: /home/andre/ros2_ws/install/astra_camera/include/openni2/OniEnums.h
[1.387s] -- Up-to-date: /home/andre/ros2_ws/install/astra_camera/include/openni2/Linux-x86
[1.387s] -- Up-to-date: /home/andre/ros2_ws/install/astra_camera/include/openni2/Linux-x86/OniPlatformLinux-x86.h
[1.387s] -- Up-to-date: /home/andre/ros2_ws/install/astra_camera/include/openni2/OniPlatform.h
[1.388s] -- Up-to-date: /home/andre/ros2_ws/install/astra_camera/include/openni2/OniCEnums.h
[1.389s] -- Up-to-date: /home/andre/ros2_ws/install/astra_camera/include/openni2/PrimeSense.h
[1.389s] -- Up-to-date: /home/andre/ros2_ws/install/astra_camera/include/openni2/PSLink.h
[1.389s] -- Up-to-date: /home/andre/ros2_ws/install/astra_camera/include/openni2/OniVersion.h
[1.389s] -- Up-to-date: /home/andre/ros2_ws/install/astra_camera/include/openni2/PS1080.h
[1.390s] -- Up-to-date: /home/andre/ros2_ws/install/astra_camera/include/openni2/util.h
[1.390s] -- Up-to-date: /home/andre/ros2_ws/install/astra_camera/include/openni2/OniProperties.h
[1.390s] -- Up-to-date: /home/andre/ros2_ws/install/astra_camera/include/openni2/Driver
[1.390s] -- Up-to-date: /home/andre/ros2_ws/install/astra_camera/include/openni2/Driver/OniDriverAPI.h
[1.390s] -- Up-to-date: /home/andre/ros2_ws/install/astra_camera/include/openni2/Driver/OniDriverTypes.h
[1.390s] -- Up-to-date: /home/andre/ros2_ws/install/astra_camera/include/openni2/SonixCamera.h
[1.390s] -- Up-to-date: /home/andre/ros2_ws/install/astra_camera/include/openni2/OniCTypes.h
[1.390s] -- Up-to-date: /home/andre/ros2_ws/install/astra_camera/include/openni2/OniTest.h
[1.391s] -- Up-to-date: /home/andre/ros2_ws/install/astra_camera/include/openni2/KinectProperties.h
[1.391s] -- Up-to-date: /home/andre/ros2_ws/install/astra_camera/include/openni2/OniCAPI.h
[1.391s] -- Up-to-date: /home/andre/ros2_ws/install/astra_camera/include/openni2/OniCProperties.h
[1.391s] -- Up-to-date: /home/andre/ros2_ws/install/astra_camera/share/astra_camera//launch
[1.391s] -- Up-to-date: /home/andre/ros2_ws/install/astra_camera/share/astra_camera//launch/multi_astra_mini.launch.py
[1.391s] -- Up-to-date: /home/andre/ros2_ws/install/astra_camera/share/astra_camera//launch/multi_dabai_dcw.launch.py
[1.391s] -- Up-to-date: /home/andre/ros2_ws/install/astra_camera/share/astra_camera//launch/multi_dabai_pro.launch.py
[1.392s] -- Up-to-date: /home/andre/ros2_ws/install/astra_camera/share/astra_camera//launch/multi_dabai_dw.launch.py
[1.392s] -- Up-to-date: /home/andre/ros2_ws/install/astra_camera/share/astra_camera//launch/dabai_dcw.launch.py
[1.392s] -- Up-to-date: /home/andre/ros2_ws/install/astra_camera/share/astra_camera//launch/dabai_pro.launch.py
[1.392s] -- Up-to-date: /home/andre/ros2_ws/install/astra_camera/share/astra_camera//launch/multi_astra.launch.py
[1.392s] -- Up-to-date: /home/andre/ros2_ws/install/astra_camera/share/astra_camera//launch/dabai_dw.launch.py
[1.392s] -- Up-to-date: /home/andre/ros2_ws/install/astra_camera/share/astra_camera//launch/.gitkeep
[1.392s] -- Up-to-date: /home/andre/ros2_ws/install/astra_camera/share/astra_camera//launch/astra.launch.py
[1.393s] -- Up-to-date: /home/andre/ros2_ws/install/astra_camera/share/astra_camera//launch/dabai_u3.launch.py
[1.393s] -- Up-to-date: /home/andre/ros2_ws/install/astra_camera/share/astra_camera//launch/astra_mini.launch.py
[1.393s] -- Up-to-date: /home/andre/ros2_ws/install/astra_camera/share/astra_camera//launch/multi_dabai.launch.py
[1.393s] -- Up-to-date: /home/andre/ros2_ws/install/astra_camera/share/astra_camera//launch/launch_utils.py
[1.393s] -- Up-to-date: /home/andre/ros2_ws/install/astra_camera/share/astra_camera//config
[1.393s] -- Up-to-date: /home/andre/ros2_ws/install/astra_camera/share/astra_camera//config/.gitkeep
[1.393s] -- Up-to-date: /home/andre/ros2_ws/install/astra_camera/share/astra_camera//params
[1.394s] -- Up-to-date: /home/andre/ros2_ws/install/astra_camera/share/astra_camera//params/configurable_params.yaml
[1.394s] -- Up-to-date: /home/andre/ros2_ws/install/astra_camera/share/astra_camera//params/camera_params_template.yaml
[1.394s] -- Up-to-date: /home/andre/ros2_ws/install/astra_camera/share/astra_camera//params/dabai_params.yaml
[1.394s] -- Up-to-date: /home/andre/ros2_ws/install/astra_camera/share/astra_camera//params/dabai_pro_params.yaml
[1.394s] -- Up-to-date: /home/andre/ros2_ws/install/astra_camera/share/astra_camera//params/.gitkeep
[1.394s] -- Up-to-date: /home/andre/ros2_ws/install/astra_camera/share/astra_camera//params/dabai_dw_params.yaml
[1.394s] -- Up-to-date: /home/andre/ros2_ws/install/astra_camera/share/astra_camera//params/dabai_dcw_params.yaml
[1.394s] -- Up-to-date: /home/andre/ros2_ws/install/astra_camera/share/astra_camera//params/astra_mini_params.yaml
[1.395s] -- Up-to-date: /home/andre/ros2_ws/install/astra_camera/share/astra_camera//params/astra_params.yaml
[1.395s] -- Up-to-date: /home/andre/ros2_ws/install/astra_camera/share/astra_camera//rviz
[1.395s] -- Up-to-date: /home/andre/ros2_ws/install/astra_camera/share/astra_camera//rviz/multi_camera.rviz
[1.395s] -- Up-to-date: /home/andre/ros2_ws/install/astra_camera/share/astra_camera//rviz/.gitkeep
[1.395s] -- Up-to-date: /home/andre/ros2_ws/install/astra_camera/share/astra_camera//rviz/pointcloud.rviz
[1.395s] -- Up-to-date: /home/andre/ros2_ws/install/astra_camera/share/astra_camera/environment/library_path.sh
[1.395s] -- Up-to-date: /home/andre/ros2_ws/install/astra_camera/share/astra_camera/environment/library_path.dsv
[1.396s] -- Up-to-date: /home/andre/ros2_ws/install/astra_camera/share/ament_index/resource_index/package_run_dependencies/astra_camera
[1.396s] -- Up-to-date: /home/andre/ros2_ws/install/astra_camera/share/ament_index/resource_index/parent_prefix_path/astra_camera
[1.396s] -- Up-to-date: /home/andre/ros2_ws/install/astra_camera/share/astra_camera/environment/ament_prefix_path.sh
[1.396s] -- Up-to-date: /home/andre/ros2_ws/install/astra_camera/share/astra_camera/environment/ament_prefix_path.dsv
[1.396s] -- Up-to-date: /home/andre/ros2_ws/install/astra_camera/share/astra_camera/environment/path.sh
[1.396s] -- Up-to-date: /home/andre/ros2_ws/install/astra_camera/share/astra_camera/environment/path.dsv
[1.396s] -- Up-to-date: /home/andre/ros2_ws/install/astra_camera/share/astra_camera/local_setup.bash
[1.397s] -- Up-to-date: /home/andre/ros2_ws/install/astra_camera/share/astra_camera/local_setup.sh
[1.397s] -- Up-to-date: /home/andre/ros2_ws/install/astra_camera/share/astra_camera/local_setup.zsh
[1.397s] -- Up-to-date: /home/andre/ros2_ws/install/astra_camera/share/astra_camera/local_setup.dsv
[1.397s] -- Installing: /home/andre/ros2_ws/install/astra_camera/share/astra_camera/package.dsv
[1.397s] -- Up-to-date: /home/andre/ros2_ws/install/astra_camera/share/ament_index/resource_index/packages/astra_camera
[1.397s] -- Up-to-date: /home/andre/ros2_ws/install/astra_camera/share/ament_index/resource_index/rclcpp_components/astra_camera
[1.397s] -- Up-to-date: /home/andre/ros2_ws/install/astra_camera/share/astra_camera/cmake/ament_cmake_export_include_directories-extras.cmake
[1.397s] -- Up-to-date: /home/andre/ros2_ws/install/astra_camera/share/astra_camera/cmake/ament_cmake_export_libraries-extras.cmake
[1.398s] -- Up-to-date: /home/andre/ros2_ws/install/astra_camera/share/astra_camera/cmake/ament_cmake_export_dependencies-extras.cmake
[1.398s] -- Up-to-date: /home/andre/ros2_ws/install/astra_camera/share/astra_camera/cmake/astra_cameraConfig.cmake
[1.398s] -- Up-to-date: /home/andre/ros2_ws/install/astra_camera/share/astra_camera/cmake/astra_cameraConfig-version.cmake
[1.398s] -- Up-to-date: /home/andre/ros2_ws/install/astra_camera/share/astra_camera/package.xml
[1.398s] Invoked command in '/home/andre/ros2_ws/build/astra_camera' returned '0': AMENT_PREFIX_PATH=/home/andre/ros2_ws/install/astra_camera_msgs:${AMENT_PREFIX_PATH} CMAKE_PREFIX_PATH=/home/andre/ros2_ws/install/astra_camera_msgs:/opt/ros/humble LD_LIBRARY_PATH=/home/andre/ros2_ws/install/astra_camera_msgs/lib:${LD_LIBRARY_PATH} PYTHONPATH=/home/andre/ros2_ws/install/astra_camera_msgs/local/lib/python3.10/dist-packages:${PYTHONPATH} /usr/bin/cmake --install /home/andre/ros2_ws/build/astra_camera
