[0.806s] Invoking command in '/home/andre/ros2_ws/src/obtain_data_calibration': AMENT_PREFIX_PATH=/home/andre/ros2_ws/install/detection_person:/home/andre/ros2_ws/install/pcl_example:/home/andre/ros2_ws/install/obtain_data_calibration:/home/andre/ros2_ws/install/get_body_reconstruction:/home/andre/ros2_ws/install/detection_human_ros:/home/andre/ros2_ws/install/detection_astra_camera:/home/andre/ros2_ws/install/detection_aruco:/home/andre/ros2_ws/install/custom_msgs:/home/andre/ros2_ws/install/calib_correspondences:/home/andre/ros2_ws/install/astra_camera:/home/andre/ros2_ws/install/astra_camera_msgs:/home/andre/ros2_ws/install/apriltag_ros:/home/andre/ros2_ws/install/apriltag_msgs:/opt/ros/humble CMAKE_PREFIX_PATH=/home/andre/ros2_ws/install/astra_camera:/home/andre/ros2_ws/install/astra_camera_msgs:/home/andre/ros2_ws/install/pcl_example:/home/andre/ros2_ws/install/custom_msgs:/home/andre/ros2_ws/install/calib_correspondences:/home/andre/ros2_ws/install/apriltag_ros:/home/andre/ros2_ws/install/apriltag_msgs LD_LIBRARY_PATH=/home/andre/ros2_ws/install/astra_camera/lib:/home/andre/ros2_ws/install/astra_camera_msgs/lib:/home/andre/ros2_ws/install/custom_msgs/lib:/home/andre/ros2_ws/install/apriltag_ros/lib:/home/andre/ros2_ws/install/apriltag_msgs/lib:/opt/ros/humble/opt/rviz_ogre_vendor/lib:/opt/ros/humble/lib/x86_64-linux-gnu:/opt/ros/humble/lib PYTHONPATH=/home/andre/ros2_ws/build/obtain_data_calibration/prefix_override:/usr/lib/python3/dist-packages/colcon_core/task/python/colcon_distutils_commands:/home/andre/ros2_ws/install/obtain_data_calibration/lib/python3.10/site-packages:/home/andre/ros2_ws/install/detection_person/lib/python3.10/site-packages:/home/andre/ros2_ws/install/obtain_data_calibration/lib/python3.10/site-packages:/home/andre/ros2_ws/install/my-test-package/lib/python3.10/site-packages:/home/andre/ros2_ws/install/get_body_reconstruction/lib/python3.10/site-packages:/home/andre/ros2_ws/install/detection_human_ros/lib/python3.10/site-packages:/home/andre/ros2_ws/install/detection_astra_camera/lib/python3.10/site-packages:/home/andre/ros2_ws/install/detection_aruco/lib/python3.10/site-packages:/home/andre/ros2_ws/install/custom_msgs/local/lib/python3.10/dist-packages:/home/andre/ros2_ws/install/astra_camera_msgs/local/lib/python3.10/dist-packages:/home/andre/ros2_ws/install/apriltag_msgs/local/lib/python3.10/dist-packages:/opt/ros/humble/lib/python3.10/site-packages:/opt/ros/humble/local/lib/python3.10/dist-packages /usr/bin/python3 -W ignore:setup.py install is deprecated setup.py egg_info --egg-base ../../build/obtain_data_calibration build --build-base /home/andre/ros2_ws/build/obtain_data_calibration/build install --record /home/andre/ros2_ws/build/obtain_data_calibration/install.log --single-version-externally-managed install_data
[1.118s] running egg_info
[1.119s] writing ../../build/obtain_data_calibration/obtain_data_calibration.egg-info/PKG-INFO
[1.120s] writing dependency_links to ../../build/obtain_data_calibration/obtain_data_calibration.egg-info/dependency_links.txt
[1.120s] writing entry points to ../../build/obtain_data_calibration/obtain_data_calibration.egg-info/entry_points.txt
[1.120s] writing requirements to ../../build/obtain_data_calibration/obtain_data_calibration.egg-info/requires.txt
[1.120s] writing top-level names to ../../build/obtain_data_calibration/obtain_data_calibration.egg-info/top_level.txt
[1.123s] reading manifest file '../../build/obtain_data_calibration/obtain_data_calibration.egg-info/SOURCES.txt'
[1.124s] adding license file 'LICENSE'
[1.125s] writing manifest file '../../build/obtain_data_calibration/obtain_data_calibration.egg-info/SOURCES.txt'
[1.125s] running build
[1.125s] running build_py
[1.125s] creating /home/andre/ros2_ws/build/obtain_data_calibration/build/lib/obtain_data_calibration
[1.126s] copying obtain_data_calibration/obtain_data_calibration.py -> /home/andre/ros2_ws/build/obtain_data_calibration/build/lib/obtain_data_calibration
[1.126s] copying obtain_data_calibration/__init__.py -> /home/andre/ros2_ws/build/obtain_data_calibration/build/lib/obtain_data_calibration
[1.126s] running install
[1.127s] running install_lib
[1.131s] creating /home/andre/ros2_ws/install/obtain_data_calibration/lib/python3.10/site-packages/obtain_data_calibration
[1.132s] copying /home/andre/ros2_ws/build/obtain_data_calibration/build/lib/obtain_data_calibration/obtain_data_calibration.py -> /home/andre/ros2_ws/install/obtain_data_calibration/lib/python3.10/site-packages/obtain_data_calibration
[1.132s] copying /home/andre/ros2_ws/build/obtain_data_calibration/build/lib/obtain_data_calibration/__init__.py -> /home/andre/ros2_ws/install/obtain_data_calibration/lib/python3.10/site-packages/obtain_data_calibration
[1.133s] byte-compiling /home/andre/ros2_ws/install/obtain_data_calibration/lib/python3.10/site-packages/obtain_data_calibration/obtain_data_calibration.py to obtain_data_calibration.cpython-310.pyc
[1.135s] byte-compiling /home/andre/ros2_ws/install/obtain_data_calibration/lib/python3.10/site-packages/obtain_data_calibration/__init__.py to __init__.cpython-310.pyc
[1.135s] running install_data
[1.135s] copying resource/obtain_data_calibration -> /home/andre/ros2_ws/install/obtain_data_calibration/share/ament_index/resource_index/packages
[1.136s] copying package.xml -> /home/andre/ros2_ws/install/obtain_data_calibration/share/obtain_data_calibration
[1.136s] running install_egg_info
[1.139s] removing '/home/andre/ros2_ws/install/obtain_data_calibration/lib/python3.10/site-packages/obtain_data_calibration-0.0.0-py3.10.egg-info' (and everything under it)
[1.139s] Copying ../../build/obtain_data_calibration/obtain_data_calibration.egg-info to /home/andre/ros2_ws/install/obtain_data_calibration/lib/python3.10/site-packages/obtain_data_calibration-0.0.0-py3.10.egg-info
[1.140s] running install_scripts
[1.166s] Installing obtain_calibration script to /home/andre/ros2_ws/install/obtain_data_calibration/lib/obtain_data_calibration
[1.167s] writing list of installed files to '/home/andre/ros2_ws/build/obtain_data_calibration/install.log'
[1.197s] Invoked command in '/home/andre/ros2_ws/src/obtain_data_calibration' returned '0': AMENT_PREFIX_PATH=/home/andre/ros2_ws/install/detection_person:/home/andre/ros2_ws/install/pcl_example:/home/andre/ros2_ws/install/obtain_data_calibration:/home/andre/ros2_ws/install/get_body_reconstruction:/home/andre/ros2_ws/install/detection_human_ros:/home/andre/ros2_ws/install/detection_astra_camera:/home/andre/ros2_ws/install/detection_aruco:/home/andre/ros2_ws/install/custom_msgs:/home/andre/ros2_ws/install/calib_correspondences:/home/andre/ros2_ws/install/astra_camera:/home/andre/ros2_ws/install/astra_camera_msgs:/home/andre/ros2_ws/install/apriltag_ros:/home/andre/ros2_ws/install/apriltag_msgs:/opt/ros/humble CMAKE_PREFIX_PATH=/home/andre/ros2_ws/install/astra_camera:/home/andre/ros2_ws/install/astra_camera_msgs:/home/andre/ros2_ws/install/pcl_example:/home/andre/ros2_ws/install/custom_msgs:/home/andre/ros2_ws/install/calib_correspondences:/home/andre/ros2_ws/install/apriltag_ros:/home/andre/ros2_ws/install/apriltag_msgs LD_LIBRARY_PATH=/home/andre/ros2_ws/install/astra_camera/lib:/home/andre/ros2_ws/install/astra_camera_msgs/lib:/home/andre/ros2_ws/install/custom_msgs/lib:/home/andre/ros2_ws/install/apriltag_ros/lib:/home/andre/ros2_ws/install/apriltag_msgs/lib:/opt/ros/humble/opt/rviz_ogre_vendor/lib:/opt/ros/humble/lib/x86_64-linux-gnu:/opt/ros/humble/lib PYTHONPATH=/home/andre/ros2_ws/build/obtain_data_calibration/prefix_override:/usr/lib/python3/dist-packages/colcon_core/task/python/colcon_distutils_commands:/home/andre/ros2_ws/install/obtain_data_calibration/lib/python3.10/site-packages:/home/andre/ros2_ws/install/detection_person/lib/python3.10/site-packages:/home/andre/ros2_ws/install/obtain_data_calibration/lib/python3.10/site-packages:/home/andre/ros2_ws/install/my-test-package/lib/python3.10/site-packages:/home/andre/ros2_ws/install/get_body_reconstruction/lib/python3.10/site-packages:/home/andre/ros2_ws/install/detection_human_ros/lib/python3.10/site-packages:/home/andre/ros2_ws/install/detection_astra_camera/lib/python3.10/site-packages:/home/andre/ros2_ws/install/detection_aruco/lib/python3.10/site-packages:/home/andre/ros2_ws/install/custom_msgs/local/lib/python3.10/dist-packages:/home/andre/ros2_ws/install/astra_camera_msgs/local/lib/python3.10/dist-packages:/home/andre/ros2_ws/install/apriltag_msgs/local/lib/python3.10/dist-packages:/opt/ros/humble/lib/python3.10/site-packages:/opt/ros/humble/local/lib/python3.10/dist-packages /usr/bin/python3 -W ignore:setup.py install is deprecated setup.py egg_info --egg-base ../../build/obtain_data_calibration build --build-base /home/andre/ros2_ws/build/obtain_data_calibration/build install --record /home/andre/ros2_ws/build/obtain_data_calibration/install.log --single-version-externally-managed install_data
