[0.984s] Invoking command in '/home/andrea/ros2_ws/src/detection_aruco': CMAKE_PREFIX_PATH=/home/andrea/ros2_ws/install/apriltag_ros:/home/andrea/ros2_ws/install/datos_camara:/home/andrea/ros2_ws/install/v4l2_camera:/home/andrea/ros2_ws/install/usb_camera_driver:/home/andrea/ros2_ws/install/usb_cam:/home/andrea/ros2_ws/install/tutorial_interfaces:/home/andrea/ros2_ws/install/opencv_cam:/home/andrea/ros2_ws/install/ros2_shared:/home/andrea/ros2_ws/install/examples_rclcpp_wait_set:/home/andrea/ros2_ws/install/examples_rclcpp_multithreaded_executor:/home/andrea/ros2_ws/install/examples_rclcpp_minimal_timer:/home/andrea/ros2_ws/install/examples_rclcpp_minimal_subscriber:/home/andrea/ros2_ws/install/examples_rclcpp_minimal_service:/home/andrea/ros2_ws/install/examples_rclcpp_minimal_publisher:/home/andrea/ros2_ws/install/examples_rclcpp_minimal_composition:/home/andrea/ros2_ws/install/examples_rclcpp_minimal_client:/home/andrea/ros2_ws/install/examples_rclcpp_minimal_action_server:/home/andrea/ros2_ws/install/examples_rclcpp_minimal_action_client:/home/andrea/ros2_ws/install/examples_rclcpp_cbg_executor:/home/andrea/ros2_ws/install/examples_rclcpp_async_client:/home/andrea/ros2_ws/install/cpp_pubsub LD_LIBRARY_PATH=/home/andrea/ros2_ws/install/apriltag_ros/lib:/home/andrea/ros2_ws/install/datos_camara/lib:/home/andrea/ros2_ws/install/v4l2_camera/lib:/home/andrea/ros2_ws/install/usb_camera_driver/lib:/home/andrea/ros2_ws/install/usb_cam/lib:/home/andrea/ros2_ws/install/tutorial_interfaces/lib:/home/andrea/ros2_ws/install/opencv_cam/lib:/home/andrea/ros2_ws/install/examples_rclcpp_wait_set/lib:/home/andrea/ros2_ws/install/examples_rclcpp_minimal_subscriber/lib:/home/andrea/ros2_ws/install/examples_rclcpp_minimal_composition/lib:/opt/ros/humble/opt/rviz_ogre_vendor/lib:/opt/ros/humble/lib/x86_64-linux-gnu:/opt/ros/humble/lib PYTHONPATH=/home/andrea/ros2_ws/build/detection_aruco/prefix_override:/home/andrea/ros2_ws/install/detection_aruco/lib/python3.10/site-packages:${PYTHONPATH} /usr/bin/python3 -W ignore:setup.py install is deprecated setup.py egg_info --egg-base ../../build/detection_aruco build --build-base /home/andrea/ros2_ws/build/detection_aruco/build install --record /home/andrea/ros2_ws/build/detection_aruco/install.log --single-version-externally-managed install_data
[1.319s] running egg_info
[1.339s] writing ../../build/detection_aruco/detection_aruco.egg-info/PKG-INFO
[1.340s] writing dependency_links to ../../build/detection_aruco/detection_aruco.egg-info/dependency_links.txt
[1.340s] writing entry points to ../../build/detection_aruco/detection_aruco.egg-info/entry_points.txt
[1.341s] writing requirements to ../../build/detection_aruco/detection_aruco.egg-info/requires.txt
[1.341s] writing top-level names to ../../build/detection_aruco/detection_aruco.egg-info/top_level.txt
[1.381s] reading manifest file '../../build/detection_aruco/detection_aruco.egg-info/SOURCES.txt'
[1.381s] adding license file 'LICENSE'
[1.382s] writing manifest file '../../build/detection_aruco/detection_aruco.egg-info/SOURCES.txt'
[1.383s] running build
[1.383s] running build_py
[1.383s] copying detection_aruco/detection_aruco.py -> /home/andrea/ros2_ws/build/detection_aruco/build/lib/detection_aruco
[1.383s] copying detection_aruco/obtener_imagen.py -> /home/andrea/ros2_ws/build/detection_aruco/build/lib/detection_aruco
[1.384s] copying detection_aruco/__init__.py -> /home/andrea/ros2_ws/build/detection_aruco/build/lib/detection_aruco
[1.384s] running install
[1.391s] running install_lib
[1.410s] copying /home/andrea/ros2_ws/build/detection_aruco/build/lib/detection_aruco/detection_aruco.py -> /home/andrea/ros2_ws/install/detection_aruco/lib/python3.10/site-packages/detection_aruco
[1.411s] byte-compiling /home/andrea/ros2_ws/install/detection_aruco/lib/python3.10/site-packages/detection_aruco/detection_aruco.py to detection_aruco.cpython-310.pyc
[1.413s] running install_data
[1.414s] copying resource/detection_aruco -> /home/andrea/ros2_ws/install/detection_aruco/share/ament_index/resource_index/packages
[1.414s] copying package.xml -> /home/andrea/ros2_ws/install/detection_aruco/share/detection_aruco
[1.414s] running install_egg_info
[1.436s] removing '/home/andrea/ros2_ws/install/detection_aruco/lib/python3.10/site-packages/detection_aruco-0.0.0-py3.10.egg-info' (and everything under it)
[1.437s] Copying ../../build/detection_aruco/detection_aruco.egg-info to /home/andrea/ros2_ws/install/detection_aruco/lib/python3.10/site-packages/detection_aruco-0.0.0-py3.10.egg-info
[1.438s] running install_scripts
[1.614s] Installing obtain script to /home/andrea/ros2_ws/install/detection_aruco/lib/detection_aruco
[1.614s] Installing see script to /home/andrea/ros2_ws/install/detection_aruco/lib/detection_aruco
[1.614s] writing list of installed files to '/home/andrea/ros2_ws/build/detection_aruco/install.log'
[1.654s] Invoked command in '/home/andrea/ros2_ws/src/detection_aruco' returned '0': CMAKE_PREFIX_PATH=/home/andrea/ros2_ws/install/apriltag_ros:/home/andrea/ros2_ws/install/datos_camara:/home/andrea/ros2_ws/install/v4l2_camera:/home/andrea/ros2_ws/install/usb_camera_driver:/home/andrea/ros2_ws/install/usb_cam:/home/andrea/ros2_ws/install/tutorial_interfaces:/home/andrea/ros2_ws/install/opencv_cam:/home/andrea/ros2_ws/install/ros2_shared:/home/andrea/ros2_ws/install/examples_rclcpp_wait_set:/home/andrea/ros2_ws/install/examples_rclcpp_multithreaded_executor:/home/andrea/ros2_ws/install/examples_rclcpp_minimal_timer:/home/andrea/ros2_ws/install/examples_rclcpp_minimal_subscriber:/home/andrea/ros2_ws/install/examples_rclcpp_minimal_service:/home/andrea/ros2_ws/install/examples_rclcpp_minimal_publisher:/home/andrea/ros2_ws/install/examples_rclcpp_minimal_composition:/home/andrea/ros2_ws/install/examples_rclcpp_minimal_client:/home/andrea/ros2_ws/install/examples_rclcpp_minimal_action_server:/home/andrea/ros2_ws/install/examples_rclcpp_minimal_action_client:/home/andrea/ros2_ws/install/examples_rclcpp_cbg_executor:/home/andrea/ros2_ws/install/examples_rclcpp_async_client:/home/andrea/ros2_ws/install/cpp_pubsub LD_LIBRARY_PATH=/home/andrea/ros2_ws/install/apriltag_ros/lib:/home/andrea/ros2_ws/install/datos_camara/lib:/home/andrea/ros2_ws/install/v4l2_camera/lib:/home/andrea/ros2_ws/install/usb_camera_driver/lib:/home/andrea/ros2_ws/install/usb_cam/lib:/home/andrea/ros2_ws/install/tutorial_interfaces/lib:/home/andrea/ros2_ws/install/opencv_cam/lib:/home/andrea/ros2_ws/install/examples_rclcpp_wait_set/lib:/home/andrea/ros2_ws/install/examples_rclcpp_minimal_subscriber/lib:/home/andrea/ros2_ws/install/examples_rclcpp_minimal_composition/lib:/opt/ros/humble/opt/rviz_ogre_vendor/lib:/opt/ros/humble/lib/x86_64-linux-gnu:/opt/ros/humble/lib PYTHONPATH=/home/andrea/ros2_ws/build/detection_aruco/prefix_override:/home/andrea/ros2_ws/install/detection_aruco/lib/python3.10/site-packages:${PYTHONPATH} /usr/bin/python3 -W ignore:setup.py install is deprecated setup.py egg_info --egg-base ../../build/detection_aruco build --build-base /home/andrea/ros2_ws/build/detection_aruco/build install --record /home/andrea/ros2_ws/build/detection_aruco/install.log --single-version-externally-managed install_data
