running egg_info
writing ../../build/get_body_reconstruction/get_body_reconstruction.egg-info/PKG-INFO
writing dependency_links to ../../build/get_body_reconstruction/get_body_reconstruction.egg-info/dependency_links.txt
writing entry points to ../../build/get_body_reconstruction/get_body_reconstruction.egg-info/entry_points.txt
writing requirements to ../../build/get_body_reconstruction/get_body_reconstruction.egg-info/requires.txt
writing top-level names to ../../build/get_body_reconstruction/get_body_reconstruction.egg-info/top_level.txt
reading manifest file '../../build/get_body_reconstruction/get_body_reconstruction.egg-info/SOURCES.txt'
adding license file 'LICENSE'
writing manifest file '../../build/get_body_reconstruction/get_body_reconstruction.egg-info/SOURCES.txt'
running build
running build_py
running install
running install_lib
running install_data
running install_egg_info
removing '/home/andre/ros2_ws/install/get_body_reconstruction/lib/python3.10/site-packages/get_body_reconstruction-0.0.0-py3.10.egg-info' (and everything under it)
Copying ../../build/get_body_reconstruction/get_body_reconstruction.egg-info to /home/andre/ros2_ws/install/get_body_reconstruction/lib/python3.10/site-packages/get_body_reconstruction-0.0.0-py3.10.egg-info
running install_scripts
Installing form_body script to /home/andre/ros2_ws/install/get_body_reconstruction/lib/get_body_reconstruction
writing list of installed files to '/home/andre/ros2_ws/build/get_body_reconstruction/install.log'
