[1.258s] Invoking command in '/home/andre/ros2_ws/src/detection_aruco': AMENT_PREFIX_PATH=/home/andre/ros2_ws/install/custom_msgs:${AMENT_PREFIX_PATH} CMAKE_PREFIX_PATH=/home/andre/ros2_ws/install/custom_msgs LD_LIBRARY_PATH=/home/andre/ros2_ws/install/custom_msgs/lib:${LD_LIBRARY_PATH} PYTHONPATH=/home/andre/ros2_ws/build/detection_aruco/prefix_override:/home/andre/ros2_ws/install/detection_aruco/lib/python3.10/site-packages:/home/andre/ros2_ws/install/custom_msgs/local/lib/python3.10/dist-packages:${PYTHONPATH} /usr/bin/python3 -W ignore:setup.py install is deprecated setup.py egg_info --egg-base ../../build/detection_aruco build --build-base /home/andre/ros2_ws/build/detection_aruco/build install --record /home/andre/ros2_ws/build/detection_aruco/install.log --single-version-externally-managed install_data
[1.799s] running egg_info
[1.803s] writing ../../build/detection_aruco/detection_aruco.egg-info/PKG-INFO
[1.803s] writing dependency_links to ../../build/detection_aruco/detection_aruco.egg-info/dependency_links.txt
[1.803s] writing entry points to ../../build/detection_aruco/detection_aruco.egg-info/entry_points.txt
[1.803s] writing requirements to ../../build/detection_aruco/detection_aruco.egg-info/requires.txt
[1.803s] writing top-level names to ../../build/detection_aruco/detection_aruco.egg-info/top_level.txt
[1.821s] reading manifest file '../../build/detection_aruco/detection_aruco.egg-info/SOURCES.txt'
[1.822s] adding license file 'LICENSE'
[1.823s] writing manifest file '../../build/detection_aruco/detection_aruco.egg-info/SOURCES.txt'
[1.823s] running build
[1.823s] running build_py
[1.825s] running install
[1.825s] running install_lib
[1.827s] running install_data
[1.828s] running install_egg_info
[1.830s] removing '/home/andre/ros2_ws/install/detection_aruco/lib/python3.10/site-packages/detection_aruco-0.0.0-py3.10.egg-info' (and everything under it)
[1.834s] Copying ../../build/detection_aruco/detection_aruco.egg-info to /home/andre/ros2_ws/install/detection_aruco/lib/python3.10/site-packages/detection_aruco-0.0.0-py3.10.egg-info
[1.834s] running install_scripts
[1.877s] Installing obtain script to /home/andre/ros2_ws/install/detection_aruco/lib/detection_aruco
[1.879s] Installing see script to /home/andre/ros2_ws/install/detection_aruco/lib/detection_aruco
[1.880s] writing list of installed files to '/home/andre/ros2_ws/build/detection_aruco/install.log'
[1.926s] Invoked command in '/home/andre/ros2_ws/src/detection_aruco' returned '0': AMENT_PREFIX_PATH=/home/andre/ros2_ws/install/custom_msgs:${AMENT_PREFIX_PATH} CMAKE_PREFIX_PATH=/home/andre/ros2_ws/install/custom_msgs LD_LIBRARY_PATH=/home/andre/ros2_ws/install/custom_msgs/lib:${LD_LIBRARY_PATH} PYTHONPATH=/home/andre/ros2_ws/build/detection_aruco/prefix_override:/home/andre/ros2_ws/install/detection_aruco/lib/python3.10/site-packages:/home/andre/ros2_ws/install/custom_msgs/local/lib/python3.10/dist-packages:${PYTHONPATH} /usr/bin/python3 -W ignore:setup.py install is deprecated setup.py egg_info --egg-base ../../build/detection_aruco build --build-base /home/andre/ros2_ws/build/detection_aruco/build install --record /home/andre/ros2_ws/build/detection_aruco/install.log --single-version-externally-managed install_data
