[2.404s] Invoking command in '/home/andre/ros2_ws/src/detection_aruco': AMENT_PREFIX_PATH=/home/andre/ros2_ws/install/custom_msgs:${AMENT_PREFIX_PATH} CMAKE_PREFIX_PATH=/home/andre/ros2_ws/install/custom_msgs LD_LIBRARY_PATH=/home/andre/ros2_ws/install/custom_msgs/lib:${LD_LIBRARY_PATH} PYTHONPATH=/home/andre/ros2_ws/build/detection_aruco/prefix_override:/home/andre/ros2_ws/install/detection_aruco/lib/python3.10/site-packages:/home/andre/ros2_ws/install/custom_msgs/local/lib/python3.10/dist-packages:${PYTHONPATH} /usr/bin/python3 -W ignore:setup.py install is deprecated setup.py egg_info --egg-base ../../build/detection_aruco build --build-base /home/andre/ros2_ws/build/detection_aruco/build install --record /home/andre/ros2_ws/build/detection_aruco/install.log --single-version-externally-managed install_data
[3.531s] running egg_info
[3.534s] creating ../../build/detection_aruco/detection_aruco.egg-info
[3.536s] writing ../../build/detection_aruco/detection_aruco.egg-info/PKG-INFO
[3.539s] writing dependency_links to ../../build/detection_aruco/detection_aruco.egg-info/dependency_links.txt
[3.542s] writing entry points to ../../build/detection_aruco/detection_aruco.egg-info/entry_points.txt
[3.544s] writing requirements to ../../build/detection_aruco/detection_aruco.egg-info/requires.txt
[3.547s] writing top-level names to ../../build/detection_aruco/detection_aruco.egg-info/top_level.txt
[3.549s] writing manifest file '../../build/detection_aruco/detection_aruco.egg-info/SOURCES.txt'
[3.555s] reading manifest file '../../build/detection_aruco/detection_aruco.egg-info/SOURCES.txt'
[3.557s] adding license file 'LICENSE'
[3.560s] writing manifest file '../../build/detection_aruco/detection_aruco.egg-info/SOURCES.txt'
[3.562s] running build
[3.564s] running build_py
[3.566s] creating /home/andre/ros2_ws/build/detection_aruco/build
[3.567s] creating /home/andre/ros2_ws/build/detection_aruco/build/lib
[3.569s] creating /home/andre/ros2_ws/build/detection_aruco/build/lib/detection_aruco
[3.571s] copying detection_aruco/detection_aruco.py -> /home/andre/ros2_ws/build/detection_aruco/build/lib/detection_aruco
[3.573s] copying detection_aruco/obtener_imagen.py -> /home/andre/ros2_ws/build/detection_aruco/build/lib/detection_aruco
[3.576s] copying detection_aruco/__init__.py -> /home/andre/ros2_ws/build/detection_aruco/build/lib/detection_aruco
[3.582s] running install
[3.584s] running install_lib
[3.587s] creating /home/andre/ros2_ws/install/detection_aruco/lib/python3.10/site-packages/detection_aruco
[3.589s] copying /home/andre/ros2_ws/build/detection_aruco/build/lib/detection_aruco/detection_aruco.py -> /home/andre/ros2_ws/install/detection_aruco/lib/python3.10/site-packages/detection_aruco
[3.591s] copying /home/andre/ros2_ws/build/detection_aruco/build/lib/detection_aruco/obtener_imagen.py -> /home/andre/ros2_ws/install/detection_aruco/lib/python3.10/site-packages/detection_aruco
[3.592s] copying /home/andre/ros2_ws/build/detection_aruco/build/lib/detection_aruco/__init__.py -> /home/andre/ros2_ws/install/detection_aruco/lib/python3.10/site-packages/detection_aruco
[3.595s] byte-compiling /home/andre/ros2_ws/install/detection_aruco/lib/python3.10/site-packages/detection_aruco/detection_aruco.py to detection_aruco.cpython-310.pyc
[3.602s] byte-compiling /home/andre/ros2_ws/install/detection_aruco/lib/python3.10/site-packages/detection_aruco/obtener_imagen.py to obtener_imagen.cpython-310.pyc
[3.604s] byte-compiling /home/andre/ros2_ws/install/detection_aruco/lib/python3.10/site-packages/detection_aruco/__init__.py to __init__.cpython-310.pyc
[3.606s] running install_data
[3.608s] creating /home/andre/ros2_ws/install/detection_aruco/share/ament_index
[3.610s] creating /home/andre/ros2_ws/install/detection_aruco/share/ament_index/resource_index
[3.611s] creating /home/andre/ros2_ws/install/detection_aruco/share/ament_index/resource_index/packages
[3.613s] copying resource/detection_aruco -> /home/andre/ros2_ws/install/detection_aruco/share/ament_index/resource_index/packages
[3.614s] copying package.xml -> /home/andre/ros2_ws/install/detection_aruco/share/detection_aruco
[3.615s] running install_egg_info
[3.620s] Copying ../../build/detection_aruco/detection_aruco.egg-info to /home/andre/ros2_ws/install/detection_aruco/lib/python3.10/site-packages/detection_aruco-0.0.0-py3.10.egg-info
[3.623s] running install_scripts
[3.674s] Installing obtain script to /home/andre/ros2_ws/install/detection_aruco/lib/detection_aruco
[3.677s] Installing see script to /home/andre/ros2_ws/install/detection_aruco/lib/detection_aruco
[3.681s] writing list of installed files to '/home/andre/ros2_ws/build/detection_aruco/install.log'
[3.744s] Invoked command in '/home/andre/ros2_ws/src/detection_aruco' returned '0': AMENT_PREFIX_PATH=/home/andre/ros2_ws/install/custom_msgs:${AMENT_PREFIX_PATH} CMAKE_PREFIX_PATH=/home/andre/ros2_ws/install/custom_msgs LD_LIBRARY_PATH=/home/andre/ros2_ws/install/custom_msgs/lib:${LD_LIBRARY_PATH} PYTHONPATH=/home/andre/ros2_ws/build/detection_aruco/prefix_override:/home/andre/ros2_ws/install/detection_aruco/lib/python3.10/site-packages:/home/andre/ros2_ws/install/custom_msgs/local/lib/python3.10/dist-packages:${PYTHONPATH} /usr/bin/python3 -W ignore:setup.py install is deprecated setup.py egg_info --egg-base ../../build/detection_aruco build --build-base /home/andre/ros2_ws/build/detection_aruco/build install --record /home/andre/ros2_ws/build/detection_aruco/install.log --single-version-externally-managed install_data
