[0.139s] DEBUG:colcon:Command line arguments: ['/usr/bin/colcon', 'build', '--packages-select', 'detection_aruco']
[0.139s] DEBUG:colcon:Parsed command line arguments: Namespace(log_base=None, log_level=None, verb_name='build', build_base='build', install_base='install', merge_install=False, symlink_install=False, test_result_base=None, continue_on_error=False, executor='parallel', parallel_workers=4, event_handlers=None, ignore_user_meta=False, metas=['./colcon.meta'], base_paths=['.'], packages_ignore=None, packages_ignore_regex=None, paths=None, packages_up_to=None, packages_up_to_regex=None, packages_above=None, packages_above_and_dependencies=None, packages_above_depth=None, packages_select_by_dep=None, packages_skip_by_dep=None, packages_skip_up_to=None, packages_select_build_failed=False, packages_skip_build_finished=False, packages_select_test_failures=False, packages_skip_test_passed=False, packages_select=['detection_aruco'], packages_skip=None, packages_select_regex=None, packages_skip_regex=None, packages_start=None, packages_end=None, allow_overriding=[], cmake_args=None, cmake_target=None, cmake_target_skip_unavailable=False, cmake_clean_cache=False, cmake_clean_first=False, cmake_force_configure=False, ament_cmake_args=None, catkin_cmake_args=None, catkin_skip_building_tests=False, verb_parser=<colcon_defaults.argument_parser.defaults.DefaultArgumentsDecorator object at 0x788c5c23cdc0>, verb_extension=<colcon_core.verb.build.BuildVerb object at 0x788c5c23c2b0>, main=<bound method BuildVerb.main of <colcon_core.verb.build.BuildVerb object at 0x788c5c23c2b0>>)
[0.192s] Level 1:colcon.colcon_core.package_discovery:discover_packages(colcon_meta) check parameters
[0.192s] Level 1:colcon.colcon_core.package_discovery:discover_packages(recursive) check parameters
[0.192s] Level 1:colcon.colcon_core.package_discovery:discover_packages(ignore) check parameters
[0.192s] Level 1:colcon.colcon_core.package_discovery:discover_packages(path) check parameters
[0.192s] Level 1:colcon.colcon_core.package_discovery:discover_packages(colcon_meta) discover
[0.193s] Level 1:colcon.colcon_core.package_discovery:discover_packages(recursive) discover
[0.193s] INFO:colcon.colcon_core.package_discovery:Crawling recursively for packages in '/home/andrea/ros2_ws'
[0.193s] Level 1:colcon.colcon_core.package_identification:_identify(.) by extensions ['ignore', 'ignore_ament_install']
[0.193s] Level 1:colcon.colcon_core.package_identification:_identify(.) by extension 'ignore'
[0.193s] Level 1:colcon.colcon_core.package_identification:_identify(.) by extension 'ignore_ament_install'
[0.193s] Level 1:colcon.colcon_core.package_identification:_identify(.) by extensions ['colcon_pkg']
[0.193s] Level 1:colcon.colcon_core.package_identification:_identify(.) by extension 'colcon_pkg'
[0.193s] Level 1:colcon.colcon_core.package_identification:_identify(.) by extensions ['colcon_meta']
[0.193s] Level 1:colcon.colcon_core.package_identification:_identify(.) by extension 'colcon_meta'
[0.193s] Level 1:colcon.colcon_core.package_identification:_identify(.) by extensions ['ros']
[0.194s] Level 1:colcon.colcon_core.package_identification:_identify(.) by extension 'ros'
[0.214s] Level 1:colcon.colcon_core.package_identification:_identify(.) by extensions ['cmake', 'python']
[0.214s] Level 1:colcon.colcon_core.package_identification:_identify(.) by extension 'cmake'
[0.214s] Level 1:colcon.colcon_core.package_identification:_identify(.) by extension 'python'
[0.214s] Level 1:colcon.colcon_core.package_identification:_identify(.) by extensions ['python_setup_py']
[0.214s] Level 1:colcon.colcon_core.package_identification:_identify(.) by extension 'python_setup_py'
[0.214s] Level 1:colcon.colcon_core.package_identification:_identify(build) by extensions ['ignore', 'ignore_ament_install']
[0.214s] Level 1:colcon.colcon_core.package_identification:_identify(build) by extension 'ignore'
[0.215s] Level 1:colcon.colcon_core.package_identification:_identify(build) ignored
[0.215s] Level 1:colcon.colcon_core.package_identification:_identify(install) by extensions ['ignore', 'ignore_ament_install']
[0.215s] Level 1:colcon.colcon_core.package_identification:_identify(install) by extension 'ignore'
[0.216s] Level 1:colcon.colcon_core.package_identification:_identify(install) ignored
[0.216s] Level 1:colcon.colcon_core.package_identification:_identify(log) by extensions ['ignore', 'ignore_ament_install']
[0.216s] Level 1:colcon.colcon_core.package_identification:_identify(log) by extension 'ignore'
[0.216s] Level 1:colcon.colcon_core.package_identification:_identify(log) ignored
[0.216s] Level 1:colcon.colcon_core.package_identification:_identify(src) by extensions ['ignore', 'ignore_ament_install']
[0.217s] Level 1:colcon.colcon_core.package_identification:_identify(src) by extension 'ignore'
[0.217s] Level 1:colcon.colcon_core.package_identification:_identify(src) by extension 'ignore_ament_install'
[0.217s] Level 1:colcon.colcon_core.package_identification:_identify(src) by extensions ['colcon_pkg']
[0.217s] Level 1:colcon.colcon_core.package_identification:_identify(src) by extension 'colcon_pkg'
[0.217s] Level 1:colcon.colcon_core.package_identification:_identify(src) by extensions ['colcon_meta']
[0.217s] Level 1:colcon.colcon_core.package_identification:_identify(src) by extension 'colcon_meta'
[0.217s] Level 1:colcon.colcon_core.package_identification:_identify(src) by extensions ['ros']
[0.217s] Level 1:colcon.colcon_core.package_identification:_identify(src) by extension 'ros'
[0.217s] Level 1:colcon.colcon_core.package_identification:_identify(src) by extensions ['cmake', 'python']
[0.217s] Level 1:colcon.colcon_core.package_identification:_identify(src) by extension 'cmake'
[0.217s] Level 1:colcon.colcon_core.package_identification:_identify(src) by extension 'python'
[0.217s] Level 1:colcon.colcon_core.package_identification:_identify(src) by extensions ['python_setup_py']
[0.218s] Level 1:colcon.colcon_core.package_identification:_identify(src) by extension 'python_setup_py'
[0.218s] Level 1:colcon.colcon_core.package_identification:_identify(src/apriltag_ros) by extensions ['ignore', 'ignore_ament_install']
[0.218s] Level 1:colcon.colcon_core.package_identification:_identify(src/apriltag_ros) by extension 'ignore'
[0.218s] Level 1:colcon.colcon_core.package_identification:_identify(src/apriltag_ros) by extension 'ignore_ament_install'
[0.218s] Level 1:colcon.colcon_core.package_identification:_identify(src/apriltag_ros) by extensions ['colcon_pkg']
[0.218s] Level 1:colcon.colcon_core.package_identification:_identify(src/apriltag_ros) by extension 'colcon_pkg'
[0.218s] Level 1:colcon.colcon_core.package_identification:_identify(src/apriltag_ros) by extensions ['colcon_meta']
[0.218s] Level 1:colcon.colcon_core.package_identification:_identify(src/apriltag_ros) by extension 'colcon_meta'
[0.218s] Level 1:colcon.colcon_core.package_identification:_identify(src/apriltag_ros) by extensions ['ros']
[0.218s] Level 1:colcon.colcon_core.package_identification:_identify(src/apriltag_ros) by extension 'ros'
[0.224s] DEBUG:colcon.colcon_core.package_identification:Package 'src/apriltag_ros' with type 'ros.ament_cmake' and name 'apriltag_ros'
[0.224s] Level 1:colcon.colcon_core.package_identification:_identify(src/custom_msgs) by extensions ['ignore', 'ignore_ament_install']
[0.224s] Level 1:colcon.colcon_core.package_identification:_identify(src/custom_msgs) by extension 'ignore'
[0.224s] Level 1:colcon.colcon_core.package_identification:_identify(src/custom_msgs) by extension 'ignore_ament_install'
[0.224s] Level 1:colcon.colcon_core.package_identification:_identify(src/custom_msgs) by extensions ['colcon_pkg']
[0.224s] Level 1:colcon.colcon_core.package_identification:_identify(src/custom_msgs) by extension 'colcon_pkg'
[0.224s] Level 1:colcon.colcon_core.package_identification:_identify(src/custom_msgs) by extensions ['colcon_meta']
[0.224s] Level 1:colcon.colcon_core.package_identification:_identify(src/custom_msgs) by extension 'colcon_meta'
[0.225s] Level 1:colcon.colcon_core.package_identification:_identify(src/custom_msgs) by extensions ['ros']
[0.225s] Level 1:colcon.colcon_core.package_identification:_identify(src/custom_msgs) by extension 'ros'
[0.225s] DEBUG:colcon.colcon_core.package_identification:Package 'src/custom_msgs' with type 'ros.ament_cmake' and name 'custom_msgs'
[0.225s] Level 1:colcon.colcon_core.package_identification:_identify(src/datos_camara) by extensions ['ignore', 'ignore_ament_install']
[0.226s] Level 1:colcon.colcon_core.package_identification:_identify(src/datos_camara) by extension 'ignore'
[0.226s] Level 1:colcon.colcon_core.package_identification:_identify(src/datos_camara) by extension 'ignore_ament_install'
[0.226s] Level 1:colcon.colcon_core.package_identification:_identify(src/datos_camara) by extensions ['colcon_pkg']
[0.226s] Level 1:colcon.colcon_core.package_identification:_identify(src/datos_camara) by extension 'colcon_pkg'
[0.226s] Level 1:colcon.colcon_core.package_identification:_identify(src/datos_camara) by extensions ['colcon_meta']
[0.226s] Level 1:colcon.colcon_core.package_identification:_identify(src/datos_camara) by extension 'colcon_meta'
[0.226s] Level 1:colcon.colcon_core.package_identification:_identify(src/datos_camara) by extensions ['ros']
[0.226s] Level 1:colcon.colcon_core.package_identification:_identify(src/datos_camara) by extension 'ros'
[0.227s] DEBUG:colcon.colcon_core.package_identification:Package 'src/datos_camara' with type 'ros.ament_cmake' and name 'datos_camara'
[0.227s] Level 1:colcon.colcon_core.package_identification:_identify(src/detection_aruco) by extensions ['ignore', 'ignore_ament_install']
[0.227s] Level 1:colcon.colcon_core.package_identification:_identify(src/detection_aruco) by extension 'ignore'
[0.227s] Level 1:colcon.colcon_core.package_identification:_identify(src/detection_aruco) by extension 'ignore_ament_install'
[0.228s] Level 1:colcon.colcon_core.package_identification:_identify(src/detection_aruco) by extensions ['colcon_pkg']
[0.228s] Level 1:colcon.colcon_core.package_identification:_identify(src/detection_aruco) by extension 'colcon_pkg'
[0.228s] Level 1:colcon.colcon_core.package_identification:_identify(src/detection_aruco) by extensions ['colcon_meta']
[0.228s] Level 1:colcon.colcon_core.package_identification:_identify(src/detection_aruco) by extension 'colcon_meta'
[0.228s] Level 1:colcon.colcon_core.package_identification:_identify(src/detection_aruco) by extensions ['ros']
[0.228s] Level 1:colcon.colcon_core.package_identification:_identify(src/detection_aruco) by extension 'ros'
[0.230s] DEBUG:colcon.colcon_core.package_identification:Package 'src/detection_aruco' with type 'ros.ament_python' and name 'detection_aruco'
[0.230s] Level 1:colcon.colcon_core.package_discovery:discover_packages(recursive) using defaults
[0.230s] Level 1:colcon.colcon_core.package_discovery:discover_packages(ignore) discover
[0.230s] Level 1:colcon.colcon_core.package_discovery:discover_packages(ignore) using defaults
[0.230s] Level 1:colcon.colcon_core.package_discovery:discover_packages(path) discover
[0.230s] Level 1:colcon.colcon_core.package_discovery:discover_packages(path) using defaults
[0.257s] INFO:colcon.colcon_core.package_selection:Skipping not selected package 'custom_msgs' in 'src/custom_msgs'
[0.257s] INFO:colcon.colcon_core.package_selection:Skipping not selected package 'datos_camara' in 'src/datos_camara'
[0.257s] INFO:colcon.colcon_core.package_selection:Skipping not selected package 'apriltag_ros' in 'src/apriltag_ros'
[0.257s] Level 1:colcon.colcon_core.package_discovery:discover_packages(prefix_path) check parameters
[0.257s] Level 1:colcon.colcon_core.package_discovery:discover_packages(prefix_path) discover
[0.260s] DEBUG:colcon.colcon_installed_package_information.package_discovery:Found 4 installed packages in /home/andrea/ros2_ws/install
[0.262s] DEBUG:colcon.colcon_installed_package_information.package_discovery:Found 299 installed packages in /opt/ros/humble
[0.264s] Level 1:colcon.colcon_core.package_discovery:discover_packages(prefix_path) using defaults
[0.286s] ERROR:colcon.colcon_core.package_augmentation:Exception in package augmentation extension 'python': 
Traceback (most recent call last):
  File "/usr/lib/python3/dist-packages/colcon_core/package_augmentation/__init__.py", line 97, in augment_packages
    retval = extension.augment_packages(
  File "/usr/lib/python3/dist-packages/colcon_installed_package_information/package_augmentation/python.py", line 44, in augment_packages
    dist = next(iter(dists))
StopIteration

[0.293s] Level 5:colcon.colcon_core.verb:set package 'detection_aruco' build argument 'cmake_args' from command line to 'None'
[0.293s] Level 5:colcon.colcon_core.verb:set package 'detection_aruco' build argument 'cmake_target' from command line to 'None'
[0.293s] Level 5:colcon.colcon_core.verb:set package 'detection_aruco' build argument 'cmake_target_skip_unavailable' from command line to 'False'
[0.293s] Level 5:colcon.colcon_core.verb:set package 'detection_aruco' build argument 'cmake_clean_cache' from command line to 'False'
[0.293s] Level 5:colcon.colcon_core.verb:set package 'detection_aruco' build argument 'cmake_clean_first' from command line to 'False'
[0.293s] Level 5:colcon.colcon_core.verb:set package 'detection_aruco' build argument 'cmake_force_configure' from command line to 'False'
[0.293s] Level 5:colcon.colcon_core.verb:set package 'detection_aruco' build argument 'ament_cmake_args' from command line to 'None'
[0.293s] Level 5:colcon.colcon_core.verb:set package 'detection_aruco' build argument 'catkin_cmake_args' from command line to 'None'
[0.293s] Level 5:colcon.colcon_core.verb:set package 'detection_aruco' build argument 'catkin_skip_building_tests' from command line to 'False'
[0.293s] DEBUG:colcon.colcon_core.verb:Building package 'detection_aruco' with the following arguments: {'ament_cmake_args': None, 'build_base': '/home/andrea/ros2_ws/build/detection_aruco', 'catkin_cmake_args': None, 'catkin_skip_building_tests': False, 'cmake_args': None, 'cmake_clean_cache': False, 'cmake_clean_first': False, 'cmake_force_configure': False, 'cmake_target': None, 'cmake_target_skip_unavailable': False, 'install_base': '/home/andrea/ros2_ws/install/detection_aruco', 'merge_install': False, 'path': '/home/andrea/ros2_ws/src/detection_aruco', 'symlink_install': False, 'test_result_base': None}
[0.294s] INFO:colcon.colcon_core.executor:Executing jobs using 'parallel' executor
[0.295s] DEBUG:colcon.colcon_parallel_executor.executor.parallel:run_until_complete
[0.295s] INFO:colcon.colcon_ros.task.ament_python.build:Building ROS package in '/home/andrea/ros2_ws/src/detection_aruco' with build type 'ament_python'
[0.295s] Level 1:colcon.colcon_core.shell:create_environment_hook('detection_aruco', 'ament_prefix_path')
[0.299s] INFO:colcon.colcon_core.plugin_system:Skipping extension 'colcon_core.shell.bat': Not used on non-Windows systems
[0.299s] INFO:colcon.colcon_core.shell:Creating environment hook '/home/andrea/ros2_ws/install/detection_aruco/share/detection_aruco/hook/ament_prefix_path.ps1'
[0.300s] INFO:colcon.colcon_core.shell:Creating environment descriptor '/home/andrea/ros2_ws/install/detection_aruco/share/detection_aruco/hook/ament_prefix_path.dsv'
[0.301s] INFO:colcon.colcon_core.shell:Creating environment hook '/home/andrea/ros2_ws/install/detection_aruco/share/detection_aruco/hook/ament_prefix_path.sh'
[0.302s] INFO:colcon.colcon_core.shell:Skip shell extension 'powershell' for command environment: Not usable outside of PowerShell
[0.302s] DEBUG:colcon.colcon_core.shell:Skip shell extension 'dsv' for command environment
[0.616s] INFO:colcon.colcon_core.task.python.build:Building Python package in '/home/andrea/ros2_ws/src/detection_aruco'
[0.617s] INFO:colcon.colcon_core.shell:Skip shell extension 'powershell' for command environment: Not usable outside of PowerShell
[0.617s] DEBUG:colcon.colcon_core.shell:Skip shell extension 'dsv' for command environment
[1.375s] DEBUG:colcon.colcon_core.event_handler.log_command:Invoking command in '/home/andrea/ros2_ws/src/detection_aruco': PYTHONPATH=/home/andrea/ros2_ws/build/detection_aruco/prefix_override:/home/andrea/ros2_ws/install/detection_aruco/lib/python3.10/site-packages:${PYTHONPATH} /usr/bin/python3 -W ignore:setup.py install is deprecated setup.py egg_info --egg-base ../../build/detection_aruco build --build-base /home/andrea/ros2_ws/build/detection_aruco/build install --record /home/andrea/ros2_ws/build/detection_aruco/install.log --single-version-externally-managed install_data
[2.088s] DEBUG:colcon.colcon_core.event_handler.log_command:Invoked command in '/home/andrea/ros2_ws/src/detection_aruco' returned '0': PYTHONPATH=/home/andrea/ros2_ws/build/detection_aruco/prefix_override:/home/andrea/ros2_ws/install/detection_aruco/lib/python3.10/site-packages:${PYTHONPATH} /usr/bin/python3 -W ignore:setup.py install is deprecated setup.py egg_info --egg-base ../../build/detection_aruco build --build-base /home/andrea/ros2_ws/build/detection_aruco/build install --record /home/andrea/ros2_ws/build/detection_aruco/install.log --single-version-externally-managed install_data
[2.091s] Level 1:colcon.colcon_core.environment:checking '/home/andrea/ros2_ws/install/detection_aruco' for CMake module files
[2.091s] Level 1:colcon.colcon_core.environment:checking '/home/andrea/ros2_ws/install/detection_aruco' for CMake config files
[2.092s] Level 1:colcon.colcon_core.environment:checking '/home/andrea/ros2_ws/install/detection_aruco/lib'
[2.092s] Level 1:colcon.colcon_core.environment:checking '/home/andrea/ros2_ws/install/detection_aruco/bin'
[2.092s] Level 1:colcon.colcon_core.environment:checking '/home/andrea/ros2_ws/install/detection_aruco/lib/pkgconfig/detection_aruco.pc'
[2.093s] Level 1:colcon.colcon_core.environment:checking '/home/andrea/ros2_ws/install/detection_aruco/lib/python3.10/site-packages'
[2.093s] Level 1:colcon.colcon_core.shell:create_environment_hook('detection_aruco', 'pythonpath')
[2.093s] INFO:colcon.colcon_core.shell:Creating environment hook '/home/andrea/ros2_ws/install/detection_aruco/share/detection_aruco/hook/pythonpath.ps1'
[2.094s] INFO:colcon.colcon_core.shell:Creating environment descriptor '/home/andrea/ros2_ws/install/detection_aruco/share/detection_aruco/hook/pythonpath.dsv'
[2.094s] INFO:colcon.colcon_core.shell:Creating environment hook '/home/andrea/ros2_ws/install/detection_aruco/share/detection_aruco/hook/pythonpath.sh'
[2.095s] Level 1:colcon.colcon_core.environment:checking '/home/andrea/ros2_ws/install/detection_aruco/bin'
[2.095s] Level 1:colcon.colcon_core.environment:create_environment_scripts_only(detection_aruco)
[2.095s] INFO:colcon.colcon_core.shell:Creating package script '/home/andrea/ros2_ws/install/detection_aruco/share/detection_aruco/package.ps1'
[2.097s] INFO:colcon.colcon_core.shell:Creating package descriptor '/home/andrea/ros2_ws/install/detection_aruco/share/detection_aruco/package.dsv'
[2.097s] INFO:colcon.colcon_core.shell:Creating package script '/home/andrea/ros2_ws/install/detection_aruco/share/detection_aruco/package.sh'
[2.098s] INFO:colcon.colcon_core.shell:Creating package script '/home/andrea/ros2_ws/install/detection_aruco/share/detection_aruco/package.bash'
[2.099s] INFO:colcon.colcon_core.shell:Creating package script '/home/andrea/ros2_ws/install/detection_aruco/share/detection_aruco/package.zsh'
[2.101s] Level 1:colcon.colcon_core.environment:create_file_with_runtime_dependencies(/home/andrea/ros2_ws/install/detection_aruco/share/colcon-core/packages/detection_aruco)
[2.101s] DEBUG:colcon.colcon_parallel_executor.executor.parallel:closing loop
[2.102s] DEBUG:colcon.colcon_parallel_executor.executor.parallel:loop closed
[2.102s] DEBUG:colcon.colcon_parallel_executor.executor.parallel:run_until_complete finished with '0'
[2.102s] DEBUG:colcon.colcon_core.event_reactor:joining thread
[2.108s] INFO:colcon.colcon_core.plugin_system:Skipping extension 'colcon_notification.desktop_notification.terminal_notifier': Not used on non-Darwin systems
[2.108s] INFO:colcon.colcon_core.plugin_system:Skipping extension 'colcon_notification.desktop_notification.win32': Not used on non-Windows systems
[2.108s] INFO:colcon.colcon_notification.desktop_notification:Sending desktop notification using 'notify2'
[2.127s] DEBUG:colcon.colcon_core.event_reactor:joined thread
[2.127s] INFO:colcon.colcon_core.shell:Creating prefix script '/home/andrea/ros2_ws/install/local_setup.ps1'
[2.129s] INFO:colcon.colcon_core.shell:Creating prefix util module '/home/andrea/ros2_ws/install/_local_setup_util_ps1.py'
[2.132s] INFO:colcon.colcon_core.shell:Creating prefix chain script '/home/andrea/ros2_ws/install/setup.ps1'
[2.136s] INFO:colcon.colcon_core.shell:Creating prefix script '/home/andrea/ros2_ws/install/local_setup.sh'
[2.138s] INFO:colcon.colcon_core.shell:Creating prefix util module '/home/andrea/ros2_ws/install/_local_setup_util_sh.py'
[2.139s] INFO:colcon.colcon_core.shell:Creating prefix chain script '/home/andrea/ros2_ws/install/setup.sh'
[2.141s] INFO:colcon.colcon_core.shell:Creating prefix script '/home/andrea/ros2_ws/install/local_setup.bash'
[2.141s] INFO:colcon.colcon_core.shell:Creating prefix chain script '/home/andrea/ros2_ws/install/setup.bash'
[2.143s] INFO:colcon.colcon_core.shell:Creating prefix script '/home/andrea/ros2_ws/install/local_setup.zsh'
[2.144s] INFO:colcon.colcon_core.shell:Creating prefix chain script '/home/andrea/ros2_ws/install/setup.zsh'
