[2.210s] Invoking command in '/home/andre/ros2_ws/src/detection_person': PS1=\[\e]0;\u@\h: \w\a\]${debian_chroot:+($debian_chroot)}\[\033[01;32m\]\u@\h\[\033[00m\]:\[\033[01;34m\]\w\[\033[00m\]\$ PYTHONPATH=/home/andre/ros2_ws/build/detection_person/prefix_override:/usr/lib/python3/dist-packages/colcon_core/task/python/colcon_distutils_commands:/home/andre/ros2_ws/install/detection_person/lib/python3.10/site-packages:${PYTHONPATH} /usr/bin/python3 -W ignore:setup.py install is deprecated setup.py egg_info --egg-base ../../build/detection_person build --build-base /home/andre/ros2_ws/build/detection_person/build install --record /home/andre/ros2_ws/build/detection_person/install.log --single-version-externally-managed install_data
[3.023s] running egg_info
[3.024s] writing ../../build/detection_person/detection_person.egg-info/PKG-INFO
[3.027s] writing dependency_links to ../../build/detection_person/detection_person.egg-info/dependency_links.txt
[3.027s] writing entry points to ../../build/detection_person/detection_person.egg-info/entry_points.txt
[3.027s] writing requirements to ../../build/detection_person/detection_person.egg-info/requires.txt
[3.028s] writing top-level names to ../../build/detection_person/detection_person.egg-info/top_level.txt
[3.031s] reading manifest file '../../build/detection_person/detection_person.egg-info/SOURCES.txt'
[3.032s] adding license file 'LICENSE'
[3.034s] writing manifest file '../../build/detection_person/detection_person.egg-info/SOURCES.txt'
[3.035s] running build
[3.036s] running build_py
[3.036s] copying detection_person/detection_person.py -> /home/andre/ros2_ws/build/detection_person/build/lib/detection_person
[3.039s] running install
[3.042s] running install_lib
[3.045s] copying /home/andre/ros2_ws/build/detection_person/build/lib/detection_person/detection_person.py -> /home/andre/ros2_ws/install/detection_person/lib/python3.10/site-packages/detection_person
[3.046s] byte-compiling /home/andre/ros2_ws/install/detection_person/lib/python3.10/site-packages/detection_person/detection_person.py to detection_person.cpython-310.pyc
[3.051s] running install_data
[3.051s] running install_egg_info
[3.053s] removing '/home/andre/ros2_ws/install/detection_person/lib/python3.10/site-packages/detection_person-0.0.0-py3.10.egg-info' (and everything under it)
[3.060s] Copying ../../build/detection_person/detection_person.egg-info to /home/andre/ros2_ws/install/detection_person/lib/python3.10/site-packages/detection_person-0.0.0-py3.10.egg-info
[3.066s] running install_scripts
[3.120s] Installing obtain_person script to /home/andre/ros2_ws/install/detection_person/lib/detection_person
[3.122s] writing list of installed files to '/home/andre/ros2_ws/build/detection_person/install.log'
[3.255s] Invoked command in '/home/andre/ros2_ws/src/detection_person' returned '0': PS1=\[\e]0;\u@\h: \w\a\]${debian_chroot:+($debian_chroot)}\[\033[01;32m\]\u@\h\[\033[00m\]:\[\033[01;34m\]\w\[\033[00m\]\$ PYTHONPATH=/home/andre/ros2_ws/build/detection_person/prefix_override:/usr/lib/python3/dist-packages/colcon_core/task/python/colcon_distutils_commands:/home/andre/ros2_ws/install/detection_person/lib/python3.10/site-packages:${PYTHONPATH} /usr/bin/python3 -W ignore:setup.py install is deprecated setup.py egg_info --egg-base ../../build/detection_person build --build-base /home/andre/ros2_ws/build/detection_person/build install --record /home/andre/ros2_ws/build/detection_person/install.log --single-version-externally-managed install_data
