[1.454s] Invoking command in '/home/andre/ros2_ws/src/detection_astra_camera': CMAKE_PREFIX_PATH=/home/andre/ros2_ws/install/astra_camera:/home/andre/ros2_ws/install/astra_camera_msgs:/home/andre/ros2_ws/install/datos_camara:/home/andre/ros2_ws/install/custom_msgs LD_LIBRARY_PATH=/home/andre/ros2_ws/install/astra_camera/lib:/home/andre/ros2_ws/install/astra_camera_msgs/lib:/home/andre/ros2_ws/install/datos_camara/lib:/home/andre/ros2_ws/install/custom_msgs/lib:/opt/ros/humble/opt/rviz_ogre_vendor/lib:/opt/ros/humble/lib/x86_64-linux-gnu:/opt/ros/humble/lib PYTHONPATH=/home/andre/ros2_ws/build/detection_astra_camera/prefix_override:/home/andre/ros2_ws/install/detection_astra_camera/lib/python3.10/site-packages:${PYTHONPATH} /usr/bin/python3 -W ignore:setup.py install is deprecated setup.py egg_info --egg-base ../../build/detection_astra_camera build --build-base /home/andre/ros2_ws/build/detection_astra_camera/build install --record /home/andre/ros2_ws/build/detection_astra_camera/install.log --single-version-externally-managed install_data
[2.015s] running egg_info
[2.017s] writing ../../build/detection_astra_camera/detection_astra_camera.egg-info/PKG-INFO
[2.017s] writing dependency_links to ../../build/detection_astra_camera/detection_astra_camera.egg-info/dependency_links.txt
[2.018s] writing entry points to ../../build/detection_astra_camera/detection_astra_camera.egg-info/entry_points.txt
[2.018s] writing requirements to ../../build/detection_astra_camera/detection_astra_camera.egg-info/requires.txt
[2.018s] writing top-level names to ../../build/detection_astra_camera/detection_astra_camera.egg-info/top_level.txt
[2.021s] reading manifest file '../../build/detection_astra_camera/detection_astra_camera.egg-info/SOURCES.txt'
[2.022s] adding license file 'LICENSE'
[2.023s] writing manifest file '../../build/detection_astra_camera/detection_astra_camera.egg-info/SOURCES.txt'
[2.023s] running build
[2.024s] running build_py
[2.024s] running install
[2.025s] running install_lib
[2.027s] running install_data
[2.028s] running install_egg_info
[2.031s] removing '/home/andre/ros2_ws/install/detection_astra_camera/lib/python3.10/site-packages/detection_astra_camera-0.0.0-py3.10.egg-info' (and everything under it)
[2.032s] Copying ../../build/detection_astra_camera/detection_astra_camera.egg-info to /home/andre/ros2_ws/install/detection_astra_camera/lib/python3.10/site-packages/detection_astra_camera-0.0.0-py3.10.egg-info
[2.034s] running install_scripts
[2.073s] Installing obtain_data_astra script to /home/andre/ros2_ws/install/detection_astra_camera/lib/detection_astra_camera
[2.074s] writing list of installed files to '/home/andre/ros2_ws/build/detection_astra_camera/install.log'
[2.133s] Invoked command in '/home/andre/ros2_ws/src/detection_astra_camera' returned '0': CMAKE_PREFIX_PATH=/home/andre/ros2_ws/install/astra_camera:/home/andre/ros2_ws/install/astra_camera_msgs:/home/andre/ros2_ws/install/datos_camara:/home/andre/ros2_ws/install/custom_msgs LD_LIBRARY_PATH=/home/andre/ros2_ws/install/astra_camera/lib:/home/andre/ros2_ws/install/astra_camera_msgs/lib:/home/andre/ros2_ws/install/datos_camara/lib:/home/andre/ros2_ws/install/custom_msgs/lib:/opt/ros/humble/opt/rviz_ogre_vendor/lib:/opt/ros/humble/lib/x86_64-linux-gnu:/opt/ros/humble/lib PYTHONPATH=/home/andre/ros2_ws/build/detection_astra_camera/prefix_override:/home/andre/ros2_ws/install/detection_astra_camera/lib/python3.10/site-packages:${PYTHONPATH} /usr/bin/python3 -W ignore:setup.py install is deprecated setup.py egg_info --egg-base ../../build/detection_astra_camera build --build-base /home/andre/ros2_ws/build/detection_astra_camera/build install --record /home/andre/ros2_ws/build/detection_astra_camera/install.log --single-version-externally-managed install_data
