[0.200s] DEBUG:colcon:Command line arguments: ['/usr/bin/colcon', 'build', '--packages-select', 'detection_person']
[0.200s] DEBUG:colcon:Parsed command line arguments: Namespace(log_base=None, log_level=None, verb_name='build', build_base='build', install_base='install', merge_install=False, symlink_install=False, test_result_base=None, continue_on_error=False, executor='parallel', parallel_workers=4, event_handlers=None, ignore_user_meta=False, metas=['./colcon.meta'], base_paths=['.'], packages_ignore=None, packages_ignore_regex=None, paths=None, packages_up_to=None, packages_up_to_regex=None, packages_above=None, packages_above_and_dependencies=None, packages_above_depth=None, packages_select_by_dep=None, packages_skip_by_dep=None, packages_skip_up_to=None, packages_select_build_failed=False, packages_skip_build_finished=False, packages_select_test_failures=False, packages_skip_test_passed=False, packages_select=['detection_person'], packages_skip=None, packages_select_regex=None, packages_skip_regex=None, packages_start=None, packages_end=None, allow_overriding=[], cmake_args=None, cmake_target=None, cmake_target_skip_unavailable=False, cmake_clean_cache=False, cmake_clean_first=False, cmake_force_configure=False, ament_cmake_args=None, catkin_cmake_args=None, catkin_skip_building_tests=False, mixin_files=None, mixin=None, verb_parser=<colcon_mixin.mixin.mixin_argument.MixinArgumentDecorator object at 0x75b79e6daad0>, verb_extension=<colcon_core.verb.build.BuildVerb object at 0x75b79e7cf190>, main=<bound method BuildVerb.main of <colcon_core.verb.build.BuildVerb object at 0x75b79e7cf190>>, mixin_verb=('build',))
[0.567s] Level 1:colcon.colcon_core.package_discovery:discover_packages(colcon_meta) check parameters
[0.567s] Level 1:colcon.colcon_core.package_discovery:discover_packages(recursive) check parameters
[0.567s] Level 1:colcon.colcon_core.package_discovery:discover_packages(ignore) check parameters
[0.567s] Level 1:colcon.colcon_core.package_discovery:discover_packages(path) check parameters
[0.567s] Level 1:colcon.colcon_core.package_discovery:discover_packages(colcon_meta) discover
[0.567s] Level 1:colcon.colcon_core.package_discovery:discover_packages(recursive) discover
[0.567s] INFO:colcon.colcon_core.package_discovery:Crawling recursively for packages in '/home/andre/ros2_ws'
[0.567s] Level 1:colcon.colcon_core.package_identification:_identify(.) by extensions ['ignore', 'ignore_ament_install']
[0.568s] Level 1:colcon.colcon_core.package_identification:_identify(.) by extension 'ignore'
[0.568s] Level 1:colcon.colcon_core.package_identification:_identify(.) by extension 'ignore_ament_install'
[0.568s] Level 1:colcon.colcon_core.package_identification:_identify(.) by extensions ['colcon_pkg']
[0.568s] Level 1:colcon.colcon_core.package_identification:_identify(.) by extension 'colcon_pkg'
[0.568s] Level 1:colcon.colcon_core.package_identification:_identify(.) by extensions ['colcon_meta']
[0.568s] Level 1:colcon.colcon_core.package_identification:_identify(.) by extension 'colcon_meta'
[0.568s] Level 1:colcon.colcon_core.package_identification:_identify(.) by extensions ['ros']
[0.568s] Level 1:colcon.colcon_core.package_identification:_identify(.) by extension 'ros'
[0.594s] Level 1:colcon.colcon_core.package_identification:_identify(.) by extensions ['cmake', 'python']
[0.594s] Level 1:colcon.colcon_core.package_identification:_identify(.) by extension 'cmake'
[0.594s] Level 1:colcon.colcon_core.package_identification:_identify(.) by extension 'python'
[0.594s] Level 1:colcon.colcon_core.package_identification:_identify(.) by extensions ['python_setup_py']
[0.594s] Level 1:colcon.colcon_core.package_identification:_identify(.) by extension 'python_setup_py'
[0.594s] Level 1:colcon.colcon_core.package_identification:_identify(build) by extensions ['ignore', 'ignore_ament_install']
[0.595s] Level 1:colcon.colcon_core.package_identification:_identify(build) by extension 'ignore'
[0.595s] Level 1:colcon.colcon_core.package_identification:_identify(build) ignored
[0.595s] Level 1:colcon.colcon_core.package_identification:_identify(install) by extensions ['ignore', 'ignore_ament_install']
[0.595s] Level 1:colcon.colcon_core.package_identification:_identify(install) by extension 'ignore'
[0.595s] Level 1:colcon.colcon_core.package_identification:_identify(install) ignored
[0.596s] Level 1:colcon.colcon_core.package_identification:_identify(log) by extensions ['ignore', 'ignore_ament_install']
[0.596s] Level 1:colcon.colcon_core.package_identification:_identify(log) by extension 'ignore'
[0.596s] Level 1:colcon.colcon_core.package_identification:_identify(log) ignored
[0.596s] Level 1:colcon.colcon_core.package_identification:_identify(src) by extensions ['ignore', 'ignore_ament_install']
[0.596s] Level 1:colcon.colcon_core.package_identification:_identify(src) by extension 'ignore'
[0.596s] Level 1:colcon.colcon_core.package_identification:_identify(src) by extension 'ignore_ament_install'
[0.596s] Level 1:colcon.colcon_core.package_identification:_identify(src) by extensions ['colcon_pkg']
[0.596s] Level 1:colcon.colcon_core.package_identification:_identify(src) by extension 'colcon_pkg'
[0.597s] Level 1:colcon.colcon_core.package_identification:_identify(src) by extensions ['colcon_meta']
[0.597s] Level 1:colcon.colcon_core.package_identification:_identify(src) by extension 'colcon_meta'
[0.597s] Level 1:colcon.colcon_core.package_identification:_identify(src) by extensions ['ros']
[0.597s] Level 1:colcon.colcon_core.package_identification:_identify(src) by extension 'ros'
[0.597s] Level 1:colcon.colcon_core.package_identification:_identify(src) by extensions ['cmake', 'python']
[0.597s] Level 1:colcon.colcon_core.package_identification:_identify(src) by extension 'cmake'
[0.597s] Level 1:colcon.colcon_core.package_identification:_identify(src) by extension 'python'
[0.597s] Level 1:colcon.colcon_core.package_identification:_identify(src) by extensions ['python_setup_py']
[0.597s] Level 1:colcon.colcon_core.package_identification:_identify(src) by extension 'python_setup_py'
[0.597s] Level 1:colcon.colcon_core.package_identification:_identify(src/astra_camera) by extensions ['ignore', 'ignore_ament_install']
[0.597s] Level 1:colcon.colcon_core.package_identification:_identify(src/astra_camera) by extension 'ignore'
[0.598s] Level 1:colcon.colcon_core.package_identification:_identify(src/astra_camera) by extension 'ignore_ament_install'
[0.598s] Level 1:colcon.colcon_core.package_identification:_identify(src/astra_camera) by extensions ['colcon_pkg']
[0.598s] Level 1:colcon.colcon_core.package_identification:_identify(src/astra_camera) by extension 'colcon_pkg'
[0.598s] Level 1:colcon.colcon_core.package_identification:_identify(src/astra_camera) by extensions ['colcon_meta']
[0.598s] Level 1:colcon.colcon_core.package_identification:_identify(src/astra_camera) by extension 'colcon_meta'
[0.598s] Level 1:colcon.colcon_core.package_identification:_identify(src/astra_camera) by extensions ['ros']
[0.598s] Level 1:colcon.colcon_core.package_identification:_identify(src/astra_camera) by extension 'ros'
[0.598s] Level 1:colcon.colcon_core.package_identification:_identify(src/astra_camera) by extensions ['cmake', 'python']
[0.598s] Level 1:colcon.colcon_core.package_identification:_identify(src/astra_camera) by extension 'cmake'
[0.598s] Level 1:colcon.colcon_core.package_identification:_identify(src/astra_camera) by extension 'python'
[0.598s] Level 1:colcon.colcon_core.package_identification:_identify(src/astra_camera) by extensions ['python_setup_py']
[0.598s] Level 1:colcon.colcon_core.package_identification:_identify(src/astra_camera) by extension 'python_setup_py'
[0.599s] Level 1:colcon.colcon_core.package_identification:_identify(src/astra_camera/astra_camera) by extensions ['ignore', 'ignore_ament_install']
[0.599s] Level 1:colcon.colcon_core.package_identification:_identify(src/astra_camera/astra_camera) by extension 'ignore'
[0.599s] Level 1:colcon.colcon_core.package_identification:_identify(src/astra_camera/astra_camera) by extension 'ignore_ament_install'
[0.599s] Level 1:colcon.colcon_core.package_identification:_identify(src/astra_camera/astra_camera) by extensions ['colcon_pkg']
[0.599s] Level 1:colcon.colcon_core.package_identification:_identify(src/astra_camera/astra_camera) by extension 'colcon_pkg'
[0.599s] Level 1:colcon.colcon_core.package_identification:_identify(src/astra_camera/astra_camera) by extensions ['colcon_meta']
[0.599s] Level 1:colcon.colcon_core.package_identification:_identify(src/astra_camera/astra_camera) by extension 'colcon_meta'
[0.599s] Level 1:colcon.colcon_core.package_identification:_identify(src/astra_camera/astra_camera) by extensions ['ros']
[0.599s] Level 1:colcon.colcon_core.package_identification:_identify(src/astra_camera/astra_camera) by extension 'ros'
[0.609s] DEBUG:colcon.colcon_core.package_identification:Package 'src/astra_camera/astra_camera' with type 'ros.ament_cmake' and name 'astra_camera'
[0.609s] Level 1:colcon.colcon_core.package_identification:_identify(src/astra_camera/astra_camera_msgs) by extensions ['ignore', 'ignore_ament_install']
[0.610s] Level 1:colcon.colcon_core.package_identification:_identify(src/astra_camera/astra_camera_msgs) by extension 'ignore'
[0.610s] Level 1:colcon.colcon_core.package_identification:_identify(src/astra_camera/astra_camera_msgs) by extension 'ignore_ament_install'
[0.610s] Level 1:colcon.colcon_core.package_identification:_identify(src/astra_camera/astra_camera_msgs) by extensions ['colcon_pkg']
[0.610s] Level 1:colcon.colcon_core.package_identification:_identify(src/astra_camera/astra_camera_msgs) by extension 'colcon_pkg'
[0.610s] Level 1:colcon.colcon_core.package_identification:_identify(src/astra_camera/astra_camera_msgs) by extensions ['colcon_meta']
[0.610s] Level 1:colcon.colcon_core.package_identification:_identify(src/astra_camera/astra_camera_msgs) by extension 'colcon_meta'
[0.610s] Level 1:colcon.colcon_core.package_identification:_identify(src/astra_camera/astra_camera_msgs) by extensions ['ros']
[0.610s] Level 1:colcon.colcon_core.package_identification:_identify(src/astra_camera/astra_camera_msgs) by extension 'ros'
[0.612s] DEBUG:colcon.colcon_core.package_identification:Package 'src/astra_camera/astra_camera_msgs' with type 'ros.ament_cmake' and name 'astra_camera_msgs'
[0.613s] Level 1:colcon.colcon_core.package_identification:_identify(src/calib_correspondences) by extensions ['ignore', 'ignore_ament_install']
[0.613s] Level 1:colcon.colcon_core.package_identification:_identify(src/calib_correspondences) by extension 'ignore'
[0.613s] Level 1:colcon.colcon_core.package_identification:_identify(src/calib_correspondences) by extension 'ignore_ament_install'
[0.614s] Level 1:colcon.colcon_core.package_identification:_identify(src/calib_correspondences) by extensions ['colcon_pkg']
[0.614s] Level 1:colcon.colcon_core.package_identification:_identify(src/calib_correspondences) by extension 'colcon_pkg'
[0.614s] Level 1:colcon.colcon_core.package_identification:_identify(src/calib_correspondences) by extensions ['colcon_meta']
[0.614s] Level 1:colcon.colcon_core.package_identification:_identify(src/calib_correspondences) by extension 'colcon_meta'
[0.614s] Level 1:colcon.colcon_core.package_identification:_identify(src/calib_correspondences) by extensions ['ros']
[0.614s] Level 1:colcon.colcon_core.package_identification:_identify(src/calib_correspondences) by extension 'ros'
[0.616s] DEBUG:colcon.colcon_core.package_identification:Package 'src/calib_correspondences' with type 'ros.ament_cmake' and name 'calib_correspondences'
[0.616s] Level 1:colcon.colcon_core.package_identification:_identify(src/custom_msgs) by extensions ['ignore', 'ignore_ament_install']
[0.616s] Level 1:colcon.colcon_core.package_identification:_identify(src/custom_msgs) by extension 'ignore'
[0.616s] Level 1:colcon.colcon_core.package_identification:_identify(src/custom_msgs) by extension 'ignore_ament_install'
[0.616s] Level 1:colcon.colcon_core.package_identification:_identify(src/custom_msgs) by extensions ['colcon_pkg']
[0.617s] Level 1:colcon.colcon_core.package_identification:_identify(src/custom_msgs) by extension 'colcon_pkg'
[0.617s] Level 1:colcon.colcon_core.package_identification:_identify(src/custom_msgs) by extensions ['colcon_meta']
[0.617s] Level 1:colcon.colcon_core.package_identification:_identify(src/custom_msgs) by extension 'colcon_meta'
[0.617s] Level 1:colcon.colcon_core.package_identification:_identify(src/custom_msgs) by extensions ['ros']
[0.617s] Level 1:colcon.colcon_core.package_identification:_identify(src/custom_msgs) by extension 'ros'
[0.618s] DEBUG:colcon.colcon_core.package_identification:Package 'src/custom_msgs' with type 'ros.ament_cmake' and name 'custom_msgs'
[0.619s] Level 1:colcon.colcon_core.package_identification:_identify(src/detection_aruco) by extensions ['ignore', 'ignore_ament_install']
[0.619s] Level 1:colcon.colcon_core.package_identification:_identify(src/detection_aruco) by extension 'ignore'
[0.619s] Level 1:colcon.colcon_core.package_identification:_identify(src/detection_aruco) by extension 'ignore_ament_install'
[0.619s] Level 1:colcon.colcon_core.package_identification:_identify(src/detection_aruco) by extensions ['colcon_pkg']
[0.619s] Level 1:colcon.colcon_core.package_identification:_identify(src/detection_aruco) by extension 'colcon_pkg'
[0.619s] Level 1:colcon.colcon_core.package_identification:_identify(src/detection_aruco) by extensions ['colcon_meta']
[0.619s] Level 1:colcon.colcon_core.package_identification:_identify(src/detection_aruco) by extension 'colcon_meta'
[0.619s] Level 1:colcon.colcon_core.package_identification:_identify(src/detection_aruco) by extensions ['ros']
[0.619s] Level 1:colcon.colcon_core.package_identification:_identify(src/detection_aruco) by extension 'ros'
[0.621s] DEBUG:colcon.colcon_core.package_identification:Package 'src/detection_aruco' with type 'ros.ament_python' and name 'detection_aruco'
[0.621s] Level 1:colcon.colcon_core.package_identification:_identify(src/detection_astra_camera) by extensions ['ignore', 'ignore_ament_install']
[0.621s] Level 1:colcon.colcon_core.package_identification:_identify(src/detection_astra_camera) by extension 'ignore'
[0.621s] Level 1:colcon.colcon_core.package_identification:_identify(src/detection_astra_camera) by extension 'ignore_ament_install'
[0.621s] Level 1:colcon.colcon_core.package_identification:_identify(src/detection_astra_camera) by extensions ['colcon_pkg']
[0.622s] Level 1:colcon.colcon_core.package_identification:_identify(src/detection_astra_camera) by extension 'colcon_pkg'
[0.622s] Level 1:colcon.colcon_core.package_identification:_identify(src/detection_astra_camera) by extensions ['colcon_meta']
[0.622s] Level 1:colcon.colcon_core.package_identification:_identify(src/detection_astra_camera) by extension 'colcon_meta'
[0.622s] Level 1:colcon.colcon_core.package_identification:_identify(src/detection_astra_camera) by extensions ['ros']
[0.622s] Level 1:colcon.colcon_core.package_identification:_identify(src/detection_astra_camera) by extension 'ros'
[0.623s] DEBUG:colcon.colcon_core.package_identification:Package 'src/detection_astra_camera' with type 'ros.ament_python' and name 'detection_astra_camera'
[0.623s] Level 1:colcon.colcon_core.package_identification:_identify(src/detection_human_ros) by extensions ['ignore', 'ignore_ament_install']
[0.623s] Level 1:colcon.colcon_core.package_identification:_identify(src/detection_human_ros) by extension 'ignore'
[0.623s] Level 1:colcon.colcon_core.package_identification:_identify(src/detection_human_ros) by extension 'ignore_ament_install'
[0.623s] Level 1:colcon.colcon_core.package_identification:_identify(src/detection_human_ros) by extensions ['colcon_pkg']
[0.623s] Level 1:colcon.colcon_core.package_identification:_identify(src/detection_human_ros) by extension 'colcon_pkg'
[0.623s] Level 1:colcon.colcon_core.package_identification:_identify(src/detection_human_ros) by extensions ['colcon_meta']
[0.623s] Level 1:colcon.colcon_core.package_identification:_identify(src/detection_human_ros) by extension 'colcon_meta'
[0.623s] Level 1:colcon.colcon_core.package_identification:_identify(src/detection_human_ros) by extensions ['ros']
[0.623s] Level 1:colcon.colcon_core.package_identification:_identify(src/detection_human_ros) by extension 'ros'
[0.624s] DEBUG:colcon.colcon_core.package_identification:Package 'src/detection_human_ros' with type 'ros.ament_python' and name 'detection_human_ros'
[0.625s] Level 1:colcon.colcon_core.package_identification:_identify(src/detection_person) by extensions ['ignore', 'ignore_ament_install']
[0.625s] Level 1:colcon.colcon_core.package_identification:_identify(src/detection_person) by extension 'ignore'
[0.625s] Level 1:colcon.colcon_core.package_identification:_identify(src/detection_person) by extension 'ignore_ament_install'
[0.625s] Level 1:colcon.colcon_core.package_identification:_identify(src/detection_person) by extensions ['colcon_pkg']
[0.625s] Level 1:colcon.colcon_core.package_identification:_identify(src/detection_person) by extension 'colcon_pkg'
[0.625s] Level 1:colcon.colcon_core.package_identification:_identify(src/detection_person) by extensions ['colcon_meta']
[0.625s] Level 1:colcon.colcon_core.package_identification:_identify(src/detection_person) by extension 'colcon_meta'
[0.625s] Level 1:colcon.colcon_core.package_identification:_identify(src/detection_person) by extensions ['ros']
[0.625s] Level 1:colcon.colcon_core.package_identification:_identify(src/detection_person) by extension 'ros'
[0.627s] DEBUG:colcon.colcon_core.package_identification:Package 'src/detection_person' with type 'ros.ament_python' and name 'detection_person'
[0.627s] Level 1:colcon.colcon_core.package_identification:_identify(src/pcl_example) by extensions ['ignore', 'ignore_ament_install']
[0.627s] Level 1:colcon.colcon_core.package_identification:_identify(src/pcl_example) by extension 'ignore'
[0.627s] Level 1:colcon.colcon_core.package_identification:_identify(src/pcl_example) by extension 'ignore_ament_install'
[0.627s] Level 1:colcon.colcon_core.package_identification:_identify(src/pcl_example) by extensions ['colcon_pkg']
[0.627s] Level 1:colcon.colcon_core.package_identification:_identify(src/pcl_example) by extension 'colcon_pkg'
[0.627s] Level 1:colcon.colcon_core.package_identification:_identify(src/pcl_example) by extensions ['colcon_meta']
[0.627s] Level 1:colcon.colcon_core.package_identification:_identify(src/pcl_example) by extension 'colcon_meta'
[0.627s] Level 1:colcon.colcon_core.package_identification:_identify(src/pcl_example) by extensions ['ros']
[0.628s] Level 1:colcon.colcon_core.package_identification:_identify(src/pcl_example) by extension 'ros'
[0.629s] DEBUG:colcon.colcon_core.package_identification:Package 'src/pcl_example' with type 'ros.ament_cmake' and name 'pcl_example'
[0.629s] Level 1:colcon.colcon_core.package_discovery:discover_packages(recursive) using defaults
[0.629s] Level 1:colcon.colcon_core.package_discovery:discover_packages(ignore) discover
[0.629s] Level 1:colcon.colcon_core.package_discovery:discover_packages(ignore) using defaults
[0.629s] Level 1:colcon.colcon_core.package_discovery:discover_packages(path) discover
[0.629s] Level 1:colcon.colcon_core.package_discovery:discover_packages(path) using defaults
[0.701s] INFO:colcon.colcon_core.package_selection:Skipping not selected package 'astra_camera_msgs' in 'src/astra_camera/astra_camera_msgs'
[0.701s] INFO:colcon.colcon_core.package_selection:Skipping not selected package 'calib_correspondences' in 'src/calib_correspondences'
[0.701s] INFO:colcon.colcon_core.package_selection:Skipping not selected package 'custom_msgs' in 'src/custom_msgs'
[0.701s] INFO:colcon.colcon_core.package_selection:Skipping not selected package 'pcl_example' in 'src/pcl_example'
[0.701s] INFO:colcon.colcon_core.package_selection:Skipping not selected package 'astra_camera' in 'src/astra_camera/astra_camera'
[0.701s] INFO:colcon.colcon_core.package_selection:Skipping not selected package 'detection_aruco' in 'src/detection_aruco'
[0.701s] INFO:colcon.colcon_core.package_selection:Skipping not selected package 'detection_astra_camera' in 'src/detection_astra_camera'
[0.701s] INFO:colcon.colcon_core.package_selection:Skipping not selected package 'detection_human_ros' in 'src/detection_human_ros'
[0.702s] Level 1:colcon.colcon_core.package_discovery:discover_packages(prefix_path) check parameters
[0.702s] Level 1:colcon.colcon_core.package_discovery:discover_packages(prefix_path) discover
[0.708s] DEBUG:colcon.colcon_installed_package_information.package_discovery:Found 11 installed packages in /home/andre/ros2_ws/install
[0.711s] DEBUG:colcon.colcon_installed_package_information.package_discovery:Found 271 installed packages in /opt/ros/humble
[0.715s] Level 1:colcon.colcon_core.package_discovery:discover_packages(prefix_path) using defaults
[0.801s] Level 5:colcon.colcon_core.verb:set package 'detection_person' build argument 'cmake_args' from command line to 'None'
[0.801s] Level 5:colcon.colcon_core.verb:set package 'detection_person' build argument 'cmake_target' from command line to 'None'
[0.801s] Level 5:colcon.colcon_core.verb:set package 'detection_person' build argument 'cmake_target_skip_unavailable' from command line to 'False'
[0.801s] Level 5:colcon.colcon_core.verb:set package 'detection_person' build argument 'cmake_clean_cache' from command line to 'False'
[0.801s] Level 5:colcon.colcon_core.verb:set package 'detection_person' build argument 'cmake_clean_first' from command line to 'False'
[0.801s] Level 5:colcon.colcon_core.verb:set package 'detection_person' build argument 'cmake_force_configure' from command line to 'False'
[0.801s] Level 5:colcon.colcon_core.verb:set package 'detection_person' build argument 'ament_cmake_args' from command line to 'None'
[0.802s] Level 5:colcon.colcon_core.verb:set package 'detection_person' build argument 'catkin_cmake_args' from command line to 'None'
[0.802s] Level 5:colcon.colcon_core.verb:set package 'detection_person' build argument 'catkin_skip_building_tests' from command line to 'False'
[0.802s] DEBUG:colcon.colcon_core.verb:Building package 'detection_person' with the following arguments: {'ament_cmake_args': None, 'build_base': '/home/andre/ros2_ws/build/detection_person', 'catkin_cmake_args': None, 'catkin_skip_building_tests': False, 'cmake_args': None, 'cmake_clean_cache': False, 'cmake_clean_first': False, 'cmake_force_configure': False, 'cmake_target': None, 'cmake_target_skip_unavailable': False, 'install_base': '/home/andre/ros2_ws/install/detection_person', 'merge_install': False, 'path': '/home/andre/ros2_ws/src/detection_person', 'symlink_install': False, 'test_result_base': None}
[0.802s] INFO:colcon.colcon_core.executor:Executing jobs using 'parallel' executor
[0.804s] DEBUG:colcon.colcon_parallel_executor.executor.parallel:run_until_complete
[0.805s] INFO:colcon.colcon_ros.task.ament_python.build:Building ROS package in '/home/andre/ros2_ws/src/detection_person' with build type 'ament_python'
[0.806s] Level 1:colcon.colcon_core.shell:create_environment_hook('detection_person', 'ament_prefix_path')
[0.813s] INFO:colcon.colcon_core.plugin_system:Skipping extension 'colcon_core.shell.bat': Not used on non-Windows systems
[0.814s] INFO:colcon.colcon_core.shell:Creating environment hook '/home/andre/ros2_ws/install/detection_person/share/detection_person/hook/ament_prefix_path.ps1'
[0.817s] INFO:colcon.colcon_core.shell:Creating environment descriptor '/home/andre/ros2_ws/install/detection_person/share/detection_person/hook/ament_prefix_path.dsv'
[0.821s] INFO:colcon.colcon_core.shell:Creating environment hook '/home/andre/ros2_ws/install/detection_person/share/detection_person/hook/ament_prefix_path.sh'
[0.824s] INFO:colcon.colcon_core.shell:Skip shell extension 'powershell' for command environment: Not usable outside of PowerShell
[0.825s] DEBUG:colcon.colcon_core.shell:Skip shell extension 'dsv' for command environment
[1.326s] INFO:colcon.colcon_core.task.python.build:Building Python package in '/home/andre/ros2_ws/src/detection_person'
[1.327s] INFO:colcon.colcon_core.shell:Skip shell extension 'powershell' for command environment: Not usable outside of PowerShell
[1.327s] DEBUG:colcon.colcon_core.shell:Skip shell extension 'dsv' for command environment
[1.901s] DEBUG:colcon.colcon_core.event_handler.log_command:Invoking command in '/home/andre/ros2_ws/src/detection_person': PYTHONPATH=/home/andre/ros2_ws/build/detection_person/prefix_override:/home/andre/ros2_ws/install/detection_person/lib/python3.10/site-packages:${PYTHONPATH} /usr/bin/python3 -W ignore:setup.py install is deprecated setup.py egg_info --egg-base ../../build/detection_person build --build-base /home/andre/ros2_ws/build/detection_person/build install --record /home/andre/ros2_ws/build/detection_person/install.log --single-version-externally-managed install_data
[2.480s] DEBUG:colcon.colcon_core.event_handler.log_command:Invoked command in '/home/andre/ros2_ws/src/detection_person' returned '0': PYTHONPATH=/home/andre/ros2_ws/build/detection_person/prefix_override:/home/andre/ros2_ws/install/detection_person/lib/python3.10/site-packages:${PYTHONPATH} /usr/bin/python3 -W ignore:setup.py install is deprecated setup.py egg_info --egg-base ../../build/detection_person build --build-base /home/andre/ros2_ws/build/detection_person/build install --record /home/andre/ros2_ws/build/detection_person/install.log --single-version-externally-managed install_data
[2.485s] Level 1:colcon.colcon_core.environment:checking '/home/andre/ros2_ws/install/detection_person' for CMake module files
[2.486s] Level 1:colcon.colcon_core.environment:checking '/home/andre/ros2_ws/install/detection_person' for CMake config files
[2.487s] Level 1:colcon.colcon_core.environment:checking '/home/andre/ros2_ws/install/detection_person/lib'
[2.488s] Level 1:colcon.colcon_core.environment:checking '/home/andre/ros2_ws/install/detection_person/bin'
[2.488s] Level 1:colcon.colcon_core.environment:checking '/home/andre/ros2_ws/install/detection_person/lib/pkgconfig/detection_person.pc'
[2.488s] Level 1:colcon.colcon_core.environment:checking '/home/andre/ros2_ws/install/detection_person/lib/python3.10/site-packages'
[2.488s] Level 1:colcon.colcon_core.shell:create_environment_hook('detection_person', 'pythonpath')
[2.489s] INFO:colcon.colcon_core.shell:Creating environment hook '/home/andre/ros2_ws/install/detection_person/share/detection_person/hook/pythonpath.ps1'
[2.489s] INFO:colcon.colcon_core.shell:Creating environment descriptor '/home/andre/ros2_ws/install/detection_person/share/detection_person/hook/pythonpath.dsv'
[2.490s] INFO:colcon.colcon_core.shell:Creating environment hook '/home/andre/ros2_ws/install/detection_person/share/detection_person/hook/pythonpath.sh'
[2.491s] Level 1:colcon.colcon_core.environment:checking '/home/andre/ros2_ws/install/detection_person/bin'
[2.491s] Level 1:colcon.colcon_core.environment:create_environment_scripts_only(detection_person)
[2.491s] INFO:colcon.colcon_core.shell:Creating package script '/home/andre/ros2_ws/install/detection_person/share/detection_person/package.ps1'
[2.492s] INFO:colcon.colcon_core.shell:Creating package descriptor '/home/andre/ros2_ws/install/detection_person/share/detection_person/package.dsv'
[2.493s] INFO:colcon.colcon_core.shell:Creating package script '/home/andre/ros2_ws/install/detection_person/share/detection_person/package.sh'
[2.494s] INFO:colcon.colcon_core.shell:Creating package script '/home/andre/ros2_ws/install/detection_person/share/detection_person/package.bash'
[2.495s] INFO:colcon.colcon_core.shell:Creating package script '/home/andre/ros2_ws/install/detection_person/share/detection_person/package.zsh'
[2.496s] Level 1:colcon.colcon_core.environment:create_file_with_runtime_dependencies(/home/andre/ros2_ws/install/detection_person/share/colcon-core/packages/detection_person)
[2.497s] DEBUG:colcon.colcon_parallel_executor.executor.parallel:closing loop
[2.498s] DEBUG:colcon.colcon_parallel_executor.executor.parallel:loop closed
[2.498s] DEBUG:colcon.colcon_parallel_executor.executor.parallel:run_until_complete finished with '0'
[2.498s] DEBUG:colcon.colcon_core.event_reactor:joining thread
[2.507s] INFO:colcon.colcon_core.plugin_system:Skipping extension 'colcon_notification.desktop_notification.terminal_notifier': Not used on non-Darwin systems
[2.507s] INFO:colcon.colcon_core.plugin_system:Skipping extension 'colcon_notification.desktop_notification.win32': Not used on non-Windows systems
[2.507s] INFO:colcon.colcon_notification.desktop_notification:Sending desktop notification using 'notify2'
[2.529s] DEBUG:colcon.colcon_core.event_reactor:joined thread
[2.530s] INFO:colcon.colcon_core.shell:Creating prefix script '/home/andre/ros2_ws/install/local_setup.ps1'
[2.531s] INFO:colcon.colcon_core.shell:Creating prefix util module '/home/andre/ros2_ws/install/_local_setup_util_ps1.py'
[2.533s] INFO:colcon.colcon_core.shell:Creating prefix chain script '/home/andre/ros2_ws/install/setup.ps1'
[2.538s] INFO:colcon.colcon_core.shell:Creating prefix script '/home/andre/ros2_ws/install/local_setup.sh'
[2.539s] INFO:colcon.colcon_core.shell:Creating prefix util module '/home/andre/ros2_ws/install/_local_setup_util_sh.py'
[2.541s] INFO:colcon.colcon_core.shell:Creating prefix chain script '/home/andre/ros2_ws/install/setup.sh'
[2.553s] INFO:colcon.colcon_core.shell:Creating prefix script '/home/andre/ros2_ws/install/local_setup.bash'
[2.556s] INFO:colcon.colcon_core.shell:Creating prefix chain script '/home/andre/ros2_ws/install/setup.bash'
[2.559s] INFO:colcon.colcon_core.shell:Creating prefix script '/home/andre/ros2_ws/install/local_setup.zsh'
[2.561s] INFO:colcon.colcon_core.shell:Creating prefix chain script '/home/andre/ros2_ws/install/setup.zsh'
