[0.018s] Invoking command in '/home/andre/ros2_ws/build/astra_camera': CMAKE_PREFIX_PATH=/home/andre/ros2_ws/install/astra_camera_msgs:/home/andre/ros2_ws/install/custom_msgs:/home/andre/ros2_ws/install/calib_correspondences:/home/andre/ros2_ws/install/astra_camera:/home/andre/ros2_ws/install/apriltag_msgs:/home/andre/ros2_ws/install/detection_astra_camera:/home/andre/ros2_ws/install/detection_aruco:/opt/ros/humble LD_LIBRARY_PATH=/home/andre/ros2_ws/install/astra_camera_msgs/lib:/home/andre/ros2_ws/install/custom_msgs/lib:/home/andre/ros2_ws/install/astra_camera/lib:/home/andre/ros2_ws/install/apriltag_msgs/lib:/opt/ros/humble/opt/rviz_ogre_vendor/lib:/opt/ros/humble/lib/x86_64-linux-gnu:/opt/ros/humble/lib /usr/bin/cmake /home/andre/ros2_ws/src/astra_camera/astra_camera -DCMAKE_INSTALL_PREFIX=/home/andre/ros2_ws/install/astra_camera
[0.120s] -- The C compiler identification is GNU 11.4.0
[0.211s] -- The CXX compiler identification is GNU 11.4.0
[0.226s] -- Detecting C compiler ABI info
[0.336s] -- Detecting C compiler ABI info - done
[0.348s] -- Check for working C compiler: /usr/bin/cc - skipped
[0.349s] -- Detecting C compile features
[0.350s] -- Detecting C compile features - done
[0.354s] -- Detecting CXX compiler ABI info
[0.474s] -- Detecting CXX compiler ABI info - done
[0.489s] -- Check for working CXX compiler: /usr/bin/c++ - skipped
[0.489s] -- Detecting CXX compile features
[0.490s] -- Detecting CXX compile features - done
[0.495s] -- Found ament_cmake: 1.3.9 (/opt/ros/humble/share/ament_cmake/cmake)
[0.717s] -- Found Python3: /usr/bin/python3 (found version "3.10.12") found components: Interpreter 
[0.935s] -- Found ament_index_cpp: 1.4.0 (/opt/ros/humble/share/ament_index_cpp/cmake)
[0.950s] -- Found astra_camera_msgs: 1.0.1 (/home/andre/ros2_ws/install/astra_camera_msgs/share/astra_camera_msgs/cmake)
[1.030s] -- Found rosidl_generator_c: 3.1.5 (/opt/ros/humble/share/rosidl_generator_c/cmake)
[1.038s] -- Found rosidl_adapter: 3.1.5 (/opt/ros/humble/share/rosidl_adapter/cmake)
[1.051s] -- Found rosidl_generator_cpp: 3.1.5 (/opt/ros/humble/share/rosidl_generator_cpp/cmake)
[1.071s] -- Using all available rosidl_typesupport_c: rosidl_typesupport_fastrtps_c;rosidl_typesupport_introspection_c
[1.100s] -- Using all available rosidl_typesupport_cpp: rosidl_typesupport_fastrtps_cpp;rosidl_typesupport_introspection_cpp
[1.701s] -- Found camera_info_manager: 3.1.9 (/opt/ros/humble/share/camera_info_manager/cmake)
[2.228s] -- Found rmw_implementation_cmake: 6.1.2 (/opt/ros/humble/share/rmw_implementation_cmake/cmake)
[2.254s] -- Found rmw_fastrtps_cpp: 6.2.6 (/opt/ros/humble/share/rmw_fastrtps_cpp/cmake)
[2.986s] -- Found OpenSSL: /usr/lib/x86_64-linux-gnu/libcrypto.so (found version "3.0.2")  
[3.044s] -- Found FastRTPS: /opt/ros/humble/include  
[3.112s] -- Using RMW implementation 'rmw_fastrtps_cpp' as default
[3.171s] -- Looking for pthread.h
[3.445s] -- Looking for pthread.h - found
[3.445s] -- Performing Test CMAKE_HAVE_LIBC_PTHREAD
[3.591s] -- Performing Test CMAKE_HAVE_LIBC_PTHREAD - Success
[3.594s] -- Found Threads: TRUE  
[4.108s] -- Found class_loader: 2.2.0 (/opt/ros/humble/share/class_loader/cmake)
[4.285s] -- Found cv_bridge: 3.2.1 (/opt/ros/humble/share/cv_bridge/cmake)
[4.358s] -- Found message_filters: 4.3.4 (/opt/ros/humble/share/message_filters/cmake)
[4.486s] -- Found image_geometry: 3.2.1 (/opt/ros/humble/share/image_geometry/cmake)
[4.552s] -- Found image_publisher: 3.0.4 (/opt/ros/humble/share/image_publisher/cmake)
[4.890s] -- Found OpenCV: /usr (found version "4.5.4") 
[4.918s] -- Found std_srvs: 4.2.3 (/opt/ros/humble/share/std_srvs/cmake)
[4.992s] -- Found tf2: 0.25.6 (/opt/ros/humble/share/tf2/cmake)
[5.046s] -- Found tf2_eigen: 0.25.6 (/opt/ros/humble/share/tf2_eigen/cmake)
[5.764s] -- Found tf2_sensor_msgs: 0.25.6 (/opt/ros/humble/share/tf2_sensor_msgs/cmake)
[5.825s] -- Found PkgConfig: /usr/bin/pkg-config (found version "0.29.2") 
[5.826s] -- Checking for one of the modules 'libuvc'
[5.927s] -- ORRBEC Machine : x86_64
[5.927s] 
[5.927s] -- ORRBEC Machine Bits : 64
[5.928s] 
[5.928s] -- ORRBEC : x64
[6.209s] -- Found ament_lint_auto: 0.12.11 (/opt/ros/humble/share/ament_lint_auto/cmake)
[6.314s] -- Configuring done
[6.491s] -- Generating done
[6.496s] -- Build files have been written to: /home/andre/ros2_ws/build/astra_camera
[6.515s] Invoked command in '/home/andre/ros2_ws/build/astra_camera' returned '0': CMAKE_PREFIX_PATH=/home/andre/ros2_ws/install/astra_camera_msgs:/home/andre/ros2_ws/install/custom_msgs:/home/andre/ros2_ws/install/calib_correspondences:/home/andre/ros2_ws/install/astra_camera:/home/andre/ros2_ws/install/apriltag_msgs:/home/andre/ros2_ws/install/detection_astra_camera:/home/andre/ros2_ws/install/detection_aruco:/opt/ros/humble LD_LIBRARY_PATH=/home/andre/ros2_ws/install/astra_camera_msgs/lib:/home/andre/ros2_ws/install/custom_msgs/lib:/home/andre/ros2_ws/install/astra_camera/lib:/home/andre/ros2_ws/install/apriltag_msgs/lib:/opt/ros/humble/opt/rviz_ogre_vendor/lib:/opt/ros/humble/lib/x86_64-linux-gnu:/opt/ros/humble/lib /usr/bin/cmake /home/andre/ros2_ws/src/astra_camera/astra_camera -DCMAKE_INSTALL_PREFIX=/home/andre/ros2_ws/install/astra_camera
[6.518s] Invoking command in '/home/andre/ros2_ws/build/astra_camera': CMAKE_PREFIX_PATH=/home/andre/ros2_ws/install/astra_camera_msgs:/home/andre/ros2_ws/install/custom_msgs:/home/andre/ros2_ws/install/calib_correspondences:/home/andre/ros2_ws/install/astra_camera:/home/andre/ros2_ws/install/apriltag_msgs:/home/andre/ros2_ws/install/detection_astra_camera:/home/andre/ros2_ws/install/detection_aruco:/opt/ros/humble LD_LIBRARY_PATH=/home/andre/ros2_ws/install/astra_camera_msgs/lib:/home/andre/ros2_ws/install/custom_msgs/lib:/home/andre/ros2_ws/install/astra_camera/lib:/home/andre/ros2_ws/install/apriltag_msgs/lib:/opt/ros/humble/opt/rviz_ogre_vendor/lib:/opt/ros/humble/lib/x86_64-linux-gnu:/opt/ros/humble/lib /usr/bin/cmake --build /home/andre/ros2_ws/build/astra_camera -- -j4 -l4
[6.608s] [ 16%] [32mBuilding CXX object CMakeFiles/astra_camera.dir/src/dynamic_params.cpp.o[0m
[6.608s] [ 16%] [32mBuilding CXX object CMakeFiles/astra_camera.dir/src/point_cloud_proc/point_cloud_xyzrgb.cpp.o[0m
[6.608s] [ 16%] [32mBuilding CXX object CMakeFiles/astra_camera.dir/src/device_listener.cpp.o[0m
[6.610s] [ 22%] [32mBuilding CXX object CMakeFiles/astra_camera.dir/src/point_cloud_proc/point_cloud_xyz.cpp.o[0m
[15.948s] [ 27%] [32mBuilding CXX object CMakeFiles/astra_camera.dir/src/ob_camera_info.cpp.o[0m
[18.056s] [ 33%] [32mBuilding CXX object CMakeFiles/astra_camera.dir/src/ob_frame_listener.cpp.o[0m
[27.406s] [ 38%] [32mBuilding CXX object CMakeFiles/astra_camera.dir/src/ob_timer_filter.cpp.o[0m
[34.783s] [ 44%] [32mBuilding CXX object CMakeFiles/astra_camera.dir/src/ob_camera_node_factory.cpp.o[0m
[35.812s] [ 50%] [32mBuilding CXX object CMakeFiles/astra_camera.dir/src/ob_camera_node.cpp.o[0m
[55.334s] In file included from [01m[K/usr/include/c++/11/string:40[m[K,
[55.336s]                  from [01m[K/usr/include/c++/11/stdexcept:39[m[K,
[55.337s]                  from [01m[K/usr/include/c++/11/system_error:41[m[K,
[55.338s]                  from [01m[K/usr/include/c++/11/bits/fs_fwd.h:35[m[K,
[55.339s]                  from [01m[K/usr/include/c++/11/filesystem:44[m[K,
[55.341s]                  from [01m[K/home/andre/ros2_ws/src/astra_camera/astra_camera/src/ob_camera_node_factory.cpp:13[m[K:
[55.342s] In static member function ‘[01m[Kstatic constexpr std::size_t std::char_traits<char>::length(const char_type*)[m[K’,
[55.344s]     inlined from ‘[01m[Kstd::basic_ostream<char, _Traits>& std::operator<<(std::basic_ostream<char, _Traits>&, const char*) [with _Traits = std::char_traits<char>][m[K’ at [01m[K/usr/include/c++/11/ostream:617:44[m[K,
[55.345s]     inlined from ‘[01m[Kvoid astra_camera::OBCameraNodeFactory::onDeviceConnected(const openni::DeviceInfo*)[m[K’ at [01m[K/home/andre/ros2_ws/src/astra_camera/astra_camera/src/ob_camera_node_factory.cpp:118:5[m[K:
[55.346s] [01m[K/usr/include/c++/11/bits/char_traits.h:399:32:[m[K [01;35m[Kwarning: [m[K‘[01m[Klong unsigned int __builtin_strlen(const char*)[m[K’ reading 1 or more bytes from a region of size 0 [[01;35m[K]8;;https://gcc.gnu.org/onlinedocs/gcc/Warning-Options.html#index-Wstringop-overread-Wstringop-overread]8;;[m[K]
[55.347s]   399 |         return [01;35m[K__builtin_strlen(__s)[m[K;
[55.349s]       |                [01;35m[K~~~~~~~~~~~~~~~~^~~~~[m[K
[56.271s] [ 61%] [32mBuilding CXX object CMakeFiles/astra_camera.dir/src/ros_param_backend.cpp.o[0m
[56.272s] [ 61%] [32mBuilding CXX object CMakeFiles/astra_camera.dir/src/ros_service.cpp.o[0m
[57.925s] [ 66%] [32mBuilding CXX object CMakeFiles/astra_camera.dir/src/utils.cpp.o[0m
[63.649s] [ 72%] [32mBuilding CXX object CMakeFiles/astra_camera.dir/src/ob_context.cpp.o[0m
[68.468s] [ 77%] [32mBuilding CXX object CMakeFiles/astra_camera.dir/src/uvc_camera_driver.cpp.o[0m
[72.085s] [ 83%] [32mBuilding CXX object CMakeFiles/astra_camera.dir/src/clean_up_shm_node.cpp.o[0m
[89.130s] [ 88%] [32m[1mLinking CXX shared library libastra_camera.so[0m
[95.065s] [ 88%] Built target astra_camera
[95.351s] [ 94%] [32mBuilding CXX object CMakeFiles/list_devices_node.dir/src/list_devices_node.cpp.o[0m
[99.620s] [100%] [32m[1mLinking CXX executable list_devices_node[0m
[102.754s] [100%] Built target list_devices_node
[102.816s] Invoked command in '/home/andre/ros2_ws/build/astra_camera' returned '0': CMAKE_PREFIX_PATH=/home/andre/ros2_ws/install/astra_camera_msgs:/home/andre/ros2_ws/install/custom_msgs:/home/andre/ros2_ws/install/calib_correspondences:/home/andre/ros2_ws/install/astra_camera:/home/andre/ros2_ws/install/apriltag_msgs:/home/andre/ros2_ws/install/detection_astra_camera:/home/andre/ros2_ws/install/detection_aruco:/opt/ros/humble LD_LIBRARY_PATH=/home/andre/ros2_ws/install/astra_camera_msgs/lib:/home/andre/ros2_ws/install/custom_msgs/lib:/home/andre/ros2_ws/install/astra_camera/lib:/home/andre/ros2_ws/install/apriltag_msgs/lib:/opt/ros/humble/opt/rviz_ogre_vendor/lib:/opt/ros/humble/lib/x86_64-linux-gnu:/opt/ros/humble/lib /usr/bin/cmake --build /home/andre/ros2_ws/build/astra_camera -- -j4 -l4
[102.919s] Invoking command in '/home/andre/ros2_ws/build/astra_camera': CMAKE_PREFIX_PATH=/home/andre/ros2_ws/install/astra_camera_msgs:/home/andre/ros2_ws/install/custom_msgs:/home/andre/ros2_ws/install/calib_correspondences:/home/andre/ros2_ws/install/astra_camera:/home/andre/ros2_ws/install/apriltag_msgs:/home/andre/ros2_ws/install/detection_astra_camera:/home/andre/ros2_ws/install/detection_aruco:/opt/ros/humble LD_LIBRARY_PATH=/home/andre/ros2_ws/install/astra_camera_msgs/lib:/home/andre/ros2_ws/install/custom_msgs/lib:/home/andre/ros2_ws/install/astra_camera/lib:/home/andre/ros2_ws/install/apriltag_msgs/lib:/opt/ros/humble/opt/rviz_ogre_vendor/lib:/opt/ros/humble/lib/x86_64-linux-gnu:/opt/ros/humble/lib /usr/bin/cmake --install /home/andre/ros2_ws/build/astra_camera
[102.930s] -- Install configuration: "Release"
[102.968s] -- Installing: /home/andre/ros2_ws/install/astra_camera/lib/libastra_camera.so
[102.978s] -- Set runtime path of "/home/andre/ros2_ws/install/astra_camera/lib/libastra_camera.so" to ""
[102.978s] -- Installing: /home/andre/ros2_ws/install/astra_camera/lib/libOpenNI2.so
[103.015s] -- Installing: /home/andre/ros2_ws/install/astra_camera/lib//OpenNI2
[103.033s] -- Installing: /home/andre/ros2_ws/install/astra_camera/lib//OpenNI2/Drivers
[103.033s] -- Installing: /home/andre/ros2_ws/install/astra_camera/lib//OpenNI2/Drivers/OniFile.ini
[103.050s] -- Installing: /home/andre/ros2_ws/install/astra_camera/lib//OpenNI2/Drivers/orbbec.ini
[103.050s] -- Installing: /home/andre/ros2_ws/install/astra_camera/lib//OpenNI2/Drivers/liborbbec.so
[103.078s] -- Installing: /home/andre/ros2_ws/install/astra_camera/lib//OpenNI2/Drivers/libOniFile.so
[103.098s] -- Installing: /home/andre/ros2_ws/install/astra_camera/lib/astra_camera/list_devices_node
[103.099s] -- Set runtime path of "/home/andre/ros2_ws/install/astra_camera/lib/astra_camera/list_devices_node" to ""
[103.099s] -- Installing: /home/andre/ros2_ws/install/astra_camera/include
[103.099s] -- Installing: /home/andre/ros2_ws/install/astra_camera/include/astra_camera
[103.099s] -- Installing: /home/andre/ros2_ws/install/astra_camera/include/astra_camera/ros_param_backend.h
[103.100s] -- Installing: /home/andre/ros2_ws/install/astra_camera/include/astra_camera/ob_camera_node.h
[103.100s] -- Installing: /home/andre/ros2_ws/install/astra_camera/include/astra_camera/types.h
[103.100s] -- Installing: /home/andre/ros2_ws/install/astra_camera/include/astra_camera/ob_frame_listener.h
[103.100s] -- Installing: /home/andre/ros2_ws/install/astra_camera/include/astra_camera/point_cloud_proc
[103.101s] -- Installing: /home/andre/ros2_ws/install/astra_camera/include/astra_camera/point_cloud_proc/depth_traits.h
[103.123s] -- Installing: /home/andre/ros2_ws/install/astra_camera/include/astra_camera/point_cloud_proc/point_cloud_xyzrgb.h
[103.123s] -- Installing: /home/andre/ros2_ws/install/astra_camera/include/astra_camera/point_cloud_proc/point_cloud_xyz.h
[103.124s] -- Installing: /home/andre/ros2_ws/install/astra_camera/include/astra_camera/utils.h
[103.124s] -- Installing: /home/andre/ros2_ws/install/astra_camera/include/astra_camera/dynamic_params.h
[103.124s] -- Installing: /home/andre/ros2_ws/install/astra_camera/include/astra_camera/constants.h
[103.125s] -- Installing: /home/andre/ros2_ws/install/astra_camera/include/astra_camera/ob_camera_node_factory.h
[103.125s] -- Installing: /home/andre/ros2_ws/install/astra_camera/include/astra_camera/device_listener.h
[103.125s] -- Installing: /home/andre/ros2_ws/install/astra_camera/include/astra_camera/ob_timer_filter.h
[103.126s] -- Installing: /home/andre/ros2_ws/install/astra_camera/include/astra_camera/uvc_camera_driver.h
[103.126s] -- Installing: /home/andre/ros2_ws/install/astra_camera/include/astra_camera/DefineImageType.hpp
[103.127s] -- Installing: /home/andre/ros2_ws/install/astra_camera/include/astra_camera/ob_context.h
[103.127s] -- Installing: /home/andre/ros2_ws/install/astra_camera/include/openni2
[103.127s] -- Installing: /home/andre/ros2_ws/install/astra_camera/include/openni2/OpenNI.h
[103.128s] -- Installing: /home/andre/ros2_ws/install/astra_camera/include/openni2/MacOSX
[103.128s] -- Installing: /home/andre/ros2_ws/install/astra_camera/include/openni2/MacOSX/OniPlatformMacOSX.h
[103.153s] -- Installing: /home/andre/ros2_ws/install/astra_camera/include/openni2/Linux-Arm
[103.153s] -- Installing: /home/andre/ros2_ws/install/astra_camera/include/openni2/Linux-Arm/OniPlatformLinux-Arm.h
[103.154s] -- Installing: /home/andre/ros2_ws/install/astra_camera/include/openni2/Android-Arm
[103.154s] -- Installing: /home/andre/ros2_ws/install/astra_camera/include/openni2/Android-Arm/OniPlatformAndroid-Arm.h
[103.154s] -- Installing: /home/andre/ros2_ws/install/astra_camera/include/openni2/OniEnums.h
[103.155s] -- Installing: /home/andre/ros2_ws/install/astra_camera/include/openni2/Linux-x86
[103.155s] -- Installing: /home/andre/ros2_ws/install/astra_camera/include/openni2/Linux-x86/OniPlatformLinux-x86.h
[103.155s] -- Installing: /home/andre/ros2_ws/install/astra_camera/include/openni2/OniPlatform.h
[103.155s] -- Installing: /home/andre/ros2_ws/install/astra_camera/include/openni2/OniCEnums.h
[103.156s] -- Installing: /home/andre/ros2_ws/install/astra_camera/include/openni2/PrimeSense.h
[103.156s] -- Installing: /home/andre/ros2_ws/install/astra_camera/include/openni2/PSLink.h
[103.156s] -- Installing: /home/andre/ros2_ws/install/astra_camera/include/openni2/OniVersion.h
[103.157s] -- Installing: /home/andre/ros2_ws/install/astra_camera/include/openni2/PS1080.h
[103.157s] -- Installing: /home/andre/ros2_ws/install/astra_camera/include/openni2/util.h
[103.170s] -- Installing: /home/andre/ros2_ws/install/astra_camera/include/openni2/OniProperties.h
[103.171s] -- Installing: /home/andre/ros2_ws/install/astra_camera/include/openni2/Driver
[103.171s] -- Installing: /home/andre/ros2_ws/install/astra_camera/include/openni2/Driver/OniDriverAPI.h
[103.171s] -- Installing: /home/andre/ros2_ws/install/astra_camera/include/openni2/Driver/OniDriverTypes.h
[103.172s] -- Installing: /home/andre/ros2_ws/install/astra_camera/include/openni2/SonixCamera.h
[103.181s] -- Installing: /home/andre/ros2_ws/install/astra_camera/include/openni2/OniCTypes.h
[103.182s] -- Installing: /home/andre/ros2_ws/install/astra_camera/include/openni2/OniTest.h
[103.182s] -- Installing: /home/andre/ros2_ws/install/astra_camera/include/openni2/KinectProperties.h
[103.182s] -- Installing: /home/andre/ros2_ws/install/astra_camera/include/openni2/OniCAPI.h
[103.183s] -- Installing: /home/andre/ros2_ws/install/astra_camera/include/openni2/OniCProperties.h
[103.183s] -- Installing: /home/andre/ros2_ws/install/astra_camera/share/astra_camera//launch
[103.183s] -- Installing: /home/andre/ros2_ws/install/astra_camera/share/astra_camera//launch/multi_astra_mini.launch.py
[103.184s] -- Installing: /home/andre/ros2_ws/install/astra_camera/share/astra_camera//launch/multi_dabai_dcw.launch.py
[103.184s] -- Installing: /home/andre/ros2_ws/install/astra_camera/share/astra_camera//launch/multi_dabai_pro.launch.py
[103.184s] -- Installing: /home/andre/ros2_ws/install/astra_camera/share/astra_camera//launch/multi_dabai_dw.launch.py
[103.185s] -- Installing: /home/andre/ros2_ws/install/astra_camera/share/astra_camera//launch/dabai_dcw.launch.py
[103.185s] -- Installing: /home/andre/ros2_ws/install/astra_camera/share/astra_camera//launch/dabai_pro.launch.py
[103.185s] -- Installing: /home/andre/ros2_ws/install/astra_camera/share/astra_camera//launch/multi_astra.launch.py
[103.192s] -- Installing: /home/andre/ros2_ws/install/astra_camera/share/astra_camera//launch/dabai_dw.launch.py
[103.192s] -- Installing: /home/andre/ros2_ws/install/astra_camera/share/astra_camera//launch/.gitkeep
[103.192s] -- Installing: /home/andre/ros2_ws/install/astra_camera/share/astra_camera//launch/astra.launch.py
[103.193s] -- Installing: /home/andre/ros2_ws/install/astra_camera/share/astra_camera//launch/dabai_u3.launch.py
[103.193s] -- Installing: /home/andre/ros2_ws/install/astra_camera/share/astra_camera//launch/astra_mini.launch.py
[103.193s] -- Installing: /home/andre/ros2_ws/install/astra_camera/share/astra_camera//launch/multi_dabai.launch.py
[103.194s] -- Installing: /home/andre/ros2_ws/install/astra_camera/share/astra_camera//launch/launch_utils.py
[103.194s] -- Installing: /home/andre/ros2_ws/install/astra_camera/share/astra_camera//config
[103.194s] -- Installing: /home/andre/ros2_ws/install/astra_camera/share/astra_camera//config/.gitkeep
[103.194s] -- Installing: /home/andre/ros2_ws/install/astra_camera/share/astra_camera//params
[103.195s] -- Installing: /home/andre/ros2_ws/install/astra_camera/share/astra_camera//params/configurable_params.yaml
[103.212s] -- Installing: /home/andre/ros2_ws/install/astra_camera/share/astra_camera//params/camera_params_template.yaml
[103.213s] -- Installing: /home/andre/ros2_ws/install/astra_camera/share/astra_camera//params/dabai_params.yaml
[103.214s] -- Installing: /home/andre/ros2_ws/install/astra_camera/share/astra_camera//params/dabai_pro_params.yaml
[103.214s] -- Installing: /home/andre/ros2_ws/install/astra_camera/share/astra_camera//params/.gitkeep
[103.215s] -- Installing: /home/andre/ros2_ws/install/astra_camera/share/astra_camera//params/dabai_dw_params.yaml
[103.216s] -- Installing: /home/andre/ros2_ws/install/astra_camera/share/astra_camera//params/dabai_dcw_params.yaml
[103.217s] -- Installing: /home/andre/ros2_ws/install/astra_camera/share/astra_camera//params/astra_mini_params.yaml
[103.218s] -- Installing: /home/andre/ros2_ws/install/astra_camera/share/astra_camera//params/astra_params.yaml
[103.219s] -- Installing: /home/andre/ros2_ws/install/astra_camera/share/astra_camera//rviz
[103.220s] -- Installing: /home/andre/ros2_ws/install/astra_camera/share/astra_camera//rviz/multi_camera.rviz
[103.221s] -- Installing: /home/andre/ros2_ws/install/astra_camera/share/astra_camera//rviz/.gitkeep
[103.222s] -- Installing: /home/andre/ros2_ws/install/astra_camera/share/astra_camera//rviz/pointcloud.rviz
[103.235s] -- Installing: /home/andre/ros2_ws/install/astra_camera/share/astra_camera/environment/library_path.sh
[103.248s] -- Installing: /home/andre/ros2_ws/install/astra_camera/share/astra_camera/environment/library_path.dsv
[103.264s] -- Installing: /home/andre/ros2_ws/install/astra_camera/share/ament_index/resource_index/package_run_dependencies/astra_camera
[103.264s] -- Installing: /home/andre/ros2_ws/install/astra_camera/share/ament_index/resource_index/parent_prefix_path/astra_camera
[103.265s] -- Installing: /home/andre/ros2_ws/install/astra_camera/share/astra_camera/environment/ament_prefix_path.sh
[103.273s] -- Installing: /home/andre/ros2_ws/install/astra_camera/share/astra_camera/environment/ament_prefix_path.dsv
[103.274s] -- Installing: /home/andre/ros2_ws/install/astra_camera/share/astra_camera/environment/path.sh
[103.274s] -- Installing: /home/andre/ros2_ws/install/astra_camera/share/astra_camera/environment/path.dsv
[103.274s] -- Installing: /home/andre/ros2_ws/install/astra_camera/share/astra_camera/local_setup.bash
[103.275s] -- Installing: /home/andre/ros2_ws/install/astra_camera/share/astra_camera/local_setup.sh
[103.275s] -- Installing: /home/andre/ros2_ws/install/astra_camera/share/astra_camera/local_setup.zsh
[103.275s] -- Installing: /home/andre/ros2_ws/install/astra_camera/share/astra_camera/local_setup.dsv
[103.276s] -- Installing: /home/andre/ros2_ws/install/astra_camera/share/astra_camera/package.dsv
[103.276s] -- Installing: /home/andre/ros2_ws/install/astra_camera/share/ament_index/resource_index/packages/astra_camera
[103.277s] -- Installing: /home/andre/ros2_ws/install/astra_camera/share/ament_index/resource_index/rclcpp_components/astra_camera
[103.277s] -- Installing: /home/andre/ros2_ws/install/astra_camera/share/astra_camera/cmake/ament_cmake_export_include_directories-extras.cmake
[103.277s] -- Installing: /home/andre/ros2_ws/install/astra_camera/share/astra_camera/cmake/ament_cmake_export_libraries-extras.cmake
[103.278s] -- Installing: /home/andre/ros2_ws/install/astra_camera/share/astra_camera/cmake/ament_cmake_export_dependencies-extras.cmake
[103.278s] -- Installing: /home/andre/ros2_ws/install/astra_camera/share/astra_camera/cmake/astra_cameraConfig.cmake
[103.278s] -- Installing: /home/andre/ros2_ws/install/astra_camera/share/astra_camera/cmake/astra_cameraConfig-version.cmake
[103.279s] -- Installing: /home/andre/ros2_ws/install/astra_camera/share/astra_camera/package.xml
[103.282s] Invoked command in '/home/andre/ros2_ws/build/astra_camera' returned '0': CMAKE_PREFIX_PATH=/home/andre/ros2_ws/install/astra_camera_msgs:/home/andre/ros2_ws/install/custom_msgs:/home/andre/ros2_ws/install/calib_correspondences:/home/andre/ros2_ws/install/astra_camera:/home/andre/ros2_ws/install/apriltag_msgs:/home/andre/ros2_ws/install/detection_astra_camera:/home/andre/ros2_ws/install/detection_aruco:/opt/ros/humble LD_LIBRARY_PATH=/home/andre/ros2_ws/install/astra_camera_msgs/lib:/home/andre/ros2_ws/install/custom_msgs/lib:/home/andre/ros2_ws/install/astra_camera/lib:/home/andre/ros2_ws/install/apriltag_msgs/lib:/opt/ros/humble/opt/rviz_ogre_vendor/lib:/opt/ros/humble/lib/x86_64-linux-gnu:/opt/ros/humble/lib /usr/bin/cmake --install /home/andre/ros2_ws/build/astra_camera
