[0.317s] DEBUG:colcon:Command line arguments: ['/usr/bin/colcon', 'build', '--packages-select', 'pcl_example']
[0.318s] DEBUG:colcon:Parsed command line arguments: Namespace(log_base=None, log_level=None, verb_name='build', build_base='build', install_base='install', merge_install=False, symlink_install=False, test_result_base=None, continue_on_error=False, executor='parallel', parallel_workers=4, event_handlers=None, ignore_user_meta=False, metas=['./colcon.meta'], base_paths=['.'], packages_ignore=None, packages_ignore_regex=None, paths=None, packages_up_to=None, packages_up_to_regex=None, packages_above=None, packages_above_and_dependencies=None, packages_above_depth=None, packages_select_by_dep=None, packages_skip_by_dep=None, packages_skip_up_to=None, packages_select_build_failed=False, packages_skip_build_finished=False, packages_select_test_failures=False, packages_skip_test_passed=False, packages_select=['pcl_example'], packages_skip=None, packages_select_regex=None, packages_skip_regex=None, packages_start=None, packages_end=None, allow_overriding=[], cmake_args=None, cmake_target=None, cmake_target_skip_unavailable=False, cmake_clean_cache=False, cmake_clean_first=False, cmake_force_configure=False, ament_cmake_args=None, catkin_cmake_args=None, catkin_skip_building_tests=False, mixin_files=None, mixin=None, verb_parser=<colcon_mixin.mixin.mixin_argument.MixinArgumentDecorator object at 0x78d4b73220b0>, verb_extension=<colcon_core.verb.build.BuildVerb object at 0x78d4b740a800>, main=<bound method BuildVerb.main of <colcon_core.verb.build.BuildVerb object at 0x78d4b740a800>>, mixin_verb=('build',))
[1.035s] Level 1:colcon.colcon_core.package_discovery:discover_packages(colcon_meta) check parameters
[1.036s] Level 1:colcon.colcon_core.package_discovery:discover_packages(recursive) check parameters
[1.036s] Level 1:colcon.colcon_core.package_discovery:discover_packages(ignore) check parameters
[1.036s] Level 1:colcon.colcon_core.package_discovery:discover_packages(path) check parameters
[1.036s] Level 1:colcon.colcon_core.package_discovery:discover_packages(colcon_meta) discover
[1.036s] Level 1:colcon.colcon_core.package_discovery:discover_packages(recursive) discover
[1.036s] INFO:colcon.colcon_core.package_discovery:Crawling recursively for packages in '/home/andre/ros2_ws'
[1.037s] Level 1:colcon.colcon_core.package_identification:_identify(.) by extensions ['ignore', 'ignore_ament_install']
[1.037s] Level 1:colcon.colcon_core.package_identification:_identify(.) by extension 'ignore'
[1.037s] Level 1:colcon.colcon_core.package_identification:_identify(.) by extension 'ignore_ament_install'
[1.037s] Level 1:colcon.colcon_core.package_identification:_identify(.) by extensions ['colcon_pkg']
[1.037s] Level 1:colcon.colcon_core.package_identification:_identify(.) by extension 'colcon_pkg'
[1.037s] Level 1:colcon.colcon_core.package_identification:_identify(.) by extensions ['colcon_meta']
[1.038s] Level 1:colcon.colcon_core.package_identification:_identify(.) by extension 'colcon_meta'
[1.038s] Level 1:colcon.colcon_core.package_identification:_identify(.) by extensions ['ros']
[1.038s] Level 1:colcon.colcon_core.package_identification:_identify(.) by extension 'ros'
[1.103s] Level 1:colcon.colcon_core.package_identification:_identify(.) by extensions ['cmake', 'python']
[1.103s] Level 1:colcon.colcon_core.package_identification:_identify(.) by extension 'cmake'
[1.104s] Level 1:colcon.colcon_core.package_identification:_identify(.) by extension 'python'
[1.104s] Level 1:colcon.colcon_core.package_identification:_identify(.) by extensions ['python_setup_py']
[1.104s] Level 1:colcon.colcon_core.package_identification:_identify(.) by extension 'python_setup_py'
[1.105s] Level 1:colcon.colcon_core.package_identification:_identify(build) by extensions ['ignore', 'ignore_ament_install']
[1.105s] Level 1:colcon.colcon_core.package_identification:_identify(build) by extension 'ignore'
[1.105s] Level 1:colcon.colcon_core.package_identification:_identify(build) ignored
[1.105s] Level 1:colcon.colcon_core.package_identification:_identify(install) by extensions ['ignore', 'ignore_ament_install']
[1.106s] Level 1:colcon.colcon_core.package_identification:_identify(install) by extension 'ignore'
[1.106s] Level 1:colcon.colcon_core.package_identification:_identify(install) ignored
[1.106s] Level 1:colcon.colcon_core.package_identification:_identify(log) by extensions ['ignore', 'ignore_ament_install']
[1.106s] Level 1:colcon.colcon_core.package_identification:_identify(log) by extension 'ignore'
[1.107s] Level 1:colcon.colcon_core.package_identification:_identify(log) ignored
[1.107s] Level 1:colcon.colcon_core.package_identification:_identify(src) by extensions ['ignore', 'ignore_ament_install']
[1.107s] Level 1:colcon.colcon_core.package_identification:_identify(src) by extension 'ignore'
[1.107s] Level 1:colcon.colcon_core.package_identification:_identify(src) by extension 'ignore_ament_install'
[1.107s] Level 1:colcon.colcon_core.package_identification:_identify(src) by extensions ['colcon_pkg']
[1.107s] Level 1:colcon.colcon_core.package_identification:_identify(src) by extension 'colcon_pkg'
[1.107s] Level 1:colcon.colcon_core.package_identification:_identify(src) by extensions ['colcon_meta']
[1.108s] Level 1:colcon.colcon_core.package_identification:_identify(src) by extension 'colcon_meta'
[1.108s] Level 1:colcon.colcon_core.package_identification:_identify(src) by extensions ['ros']
[1.108s] Level 1:colcon.colcon_core.package_identification:_identify(src) by extension 'ros'
[1.108s] Level 1:colcon.colcon_core.package_identification:_identify(src) by extensions ['cmake', 'python']
[1.108s] Level 1:colcon.colcon_core.package_identification:_identify(src) by extension 'cmake'
[1.108s] Level 1:colcon.colcon_core.package_identification:_identify(src) by extension 'python'
[1.108s] Level 1:colcon.colcon_core.package_identification:_identify(src) by extensions ['python_setup_py']
[1.109s] Level 1:colcon.colcon_core.package_identification:_identify(src) by extension 'python_setup_py'
[1.109s] Level 1:colcon.colcon_core.package_identification:_identify(src/astra_camera) by extensions ['ignore', 'ignore_ament_install']
[1.109s] Level 1:colcon.colcon_core.package_identification:_identify(src/astra_camera) by extension 'ignore'
[1.110s] Level 1:colcon.colcon_core.package_identification:_identify(src/astra_camera) by extension 'ignore_ament_install'
[1.110s] Level 1:colcon.colcon_core.package_identification:_identify(src/astra_camera) by extensions ['colcon_pkg']
[1.110s] Level 1:colcon.colcon_core.package_identification:_identify(src/astra_camera) by extension 'colcon_pkg'
[1.110s] Level 1:colcon.colcon_core.package_identification:_identify(src/astra_camera) by extensions ['colcon_meta']
[1.110s] Level 1:colcon.colcon_core.package_identification:_identify(src/astra_camera) by extension 'colcon_meta'
[1.110s] Level 1:colcon.colcon_core.package_identification:_identify(src/astra_camera) by extensions ['ros']
[1.110s] Level 1:colcon.colcon_core.package_identification:_identify(src/astra_camera) by extension 'ros'
[1.111s] Level 1:colcon.colcon_core.package_identification:_identify(src/astra_camera) by extensions ['cmake', 'python']
[1.111s] Level 1:colcon.colcon_core.package_identification:_identify(src/astra_camera) by extension 'cmake'
[1.111s] Level 1:colcon.colcon_core.package_identification:_identify(src/astra_camera) by extension 'python'
[1.111s] Level 1:colcon.colcon_core.package_identification:_identify(src/astra_camera) by extensions ['python_setup_py']
[1.111s] Level 1:colcon.colcon_core.package_identification:_identify(src/astra_camera) by extension 'python_setup_py'
[1.112s] Level 1:colcon.colcon_core.package_identification:_identify(src/astra_camera/astra_camera) by extensions ['ignore', 'ignore_ament_install']
[1.112s] Level 1:colcon.colcon_core.package_identification:_identify(src/astra_camera/astra_camera) by extension 'ignore'
[1.112s] Level 1:colcon.colcon_core.package_identification:_identify(src/astra_camera/astra_camera) by extension 'ignore_ament_install'
[1.112s] Level 1:colcon.colcon_core.package_identification:_identify(src/astra_camera/astra_camera) by extensions ['colcon_pkg']
[1.112s] Level 1:colcon.colcon_core.package_identification:_identify(src/astra_camera/astra_camera) by extension 'colcon_pkg'
[1.112s] Level 1:colcon.colcon_core.package_identification:_identify(src/astra_camera/astra_camera) by extensions ['colcon_meta']
[1.112s] Level 1:colcon.colcon_core.package_identification:_identify(src/astra_camera/astra_camera) by extension 'colcon_meta'
[1.112s] Level 1:colcon.colcon_core.package_identification:_identify(src/astra_camera/astra_camera) by extensions ['ros']
[1.112s] Level 1:colcon.colcon_core.package_identification:_identify(src/astra_camera/astra_camera) by extension 'ros'
[1.146s] DEBUG:colcon.colcon_core.package_identification:Package 'src/astra_camera/astra_camera' with type 'ros.ament_cmake' and name 'astra_camera'
[1.146s] Level 1:colcon.colcon_core.package_identification:_identify(src/astra_camera/astra_camera_msgs) by extensions ['ignore', 'ignore_ament_install']
[1.146s] Level 1:colcon.colcon_core.package_identification:_identify(src/astra_camera/astra_camera_msgs) by extension 'ignore'
[1.146s] Level 1:colcon.colcon_core.package_identification:_identify(src/astra_camera/astra_camera_msgs) by extension 'ignore_ament_install'
[1.146s] Level 1:colcon.colcon_core.package_identification:_identify(src/astra_camera/astra_camera_msgs) by extensions ['colcon_pkg']
[1.146s] Level 1:colcon.colcon_core.package_identification:_identify(src/astra_camera/astra_camera_msgs) by extension 'colcon_pkg'
[1.146s] Level 1:colcon.colcon_core.package_identification:_identify(src/astra_camera/astra_camera_msgs) by extensions ['colcon_meta']
[1.146s] Level 1:colcon.colcon_core.package_identification:_identify(src/astra_camera/astra_camera_msgs) by extension 'colcon_meta'
[1.147s] Level 1:colcon.colcon_core.package_identification:_identify(src/astra_camera/astra_camera_msgs) by extensions ['ros']
[1.147s] Level 1:colcon.colcon_core.package_identification:_identify(src/astra_camera/astra_camera_msgs) by extension 'ros'
[1.162s] DEBUG:colcon.colcon_core.package_identification:Package 'src/astra_camera/astra_camera_msgs' with type 'ros.ament_cmake' and name 'astra_camera_msgs'
[1.163s] Level 1:colcon.colcon_core.package_identification:_identify(src/calib_correspondences) by extensions ['ignore', 'ignore_ament_install']
[1.163s] Level 1:colcon.colcon_core.package_identification:_identify(src/calib_correspondences) by extension 'ignore'
[1.163s] Level 1:colcon.colcon_core.package_identification:_identify(src/calib_correspondences) by extension 'ignore_ament_install'
[1.163s] Level 1:colcon.colcon_core.package_identification:_identify(src/calib_correspondences) by extensions ['colcon_pkg']
[1.163s] Level 1:colcon.colcon_core.package_identification:_identify(src/calib_correspondences) by extension 'colcon_pkg'
[1.163s] Level 1:colcon.colcon_core.package_identification:_identify(src/calib_correspondences) by extensions ['colcon_meta']
[1.163s] Level 1:colcon.colcon_core.package_identification:_identify(src/calib_correspondences) by extension 'colcon_meta'
[1.163s] Level 1:colcon.colcon_core.package_identification:_identify(src/calib_correspondences) by extensions ['ros']
[1.163s] Level 1:colcon.colcon_core.package_identification:_identify(src/calib_correspondences) by extension 'ros'
[1.168s] DEBUG:colcon.colcon_core.package_identification:Package 'src/calib_correspondences' with type 'ros.ament_cmake' and name 'calib_correspondences'
[1.169s] Level 1:colcon.colcon_core.package_identification:_identify(src/custom_msgs) by extensions ['ignore', 'ignore_ament_install']
[1.170s] Level 1:colcon.colcon_core.package_identification:_identify(src/custom_msgs) by extension 'ignore'
[1.170s] Level 1:colcon.colcon_core.package_identification:_identify(src/custom_msgs) by extension 'ignore_ament_install'
[1.170s] Level 1:colcon.colcon_core.package_identification:_identify(src/custom_msgs) by extensions ['colcon_pkg']
[1.170s] Level 1:colcon.colcon_core.package_identification:_identify(src/custom_msgs) by extension 'colcon_pkg'
[1.170s] Level 1:colcon.colcon_core.package_identification:_identify(src/custom_msgs) by extensions ['colcon_meta']
[1.170s] Level 1:colcon.colcon_core.package_identification:_identify(src/custom_msgs) by extension 'colcon_meta'
[1.171s] Level 1:colcon.colcon_core.package_identification:_identify(src/custom_msgs) by extensions ['ros']
[1.171s] Level 1:colcon.colcon_core.package_identification:_identify(src/custom_msgs) by extension 'ros'
[1.174s] DEBUG:colcon.colcon_core.package_identification:Package 'src/custom_msgs' with type 'ros.ament_cmake' and name 'custom_msgs'
[1.175s] Level 1:colcon.colcon_core.package_identification:_identify(src/detection_aruco) by extensions ['ignore', 'ignore_ament_install']
[1.175s] Level 1:colcon.colcon_core.package_identification:_identify(src/detection_aruco) by extension 'ignore'
[1.175s] Level 1:colcon.colcon_core.package_identification:_identify(src/detection_aruco) by extension 'ignore_ament_install'
[1.175s] Level 1:colcon.colcon_core.package_identification:_identify(src/detection_aruco) by extensions ['colcon_pkg']
[1.176s] Level 1:colcon.colcon_core.package_identification:_identify(src/detection_aruco) by extension 'colcon_pkg'
[1.176s] Level 1:colcon.colcon_core.package_identification:_identify(src/detection_aruco) by extensions ['colcon_meta']
[1.176s] Level 1:colcon.colcon_core.package_identification:_identify(src/detection_aruco) by extension 'colcon_meta'
[1.176s] Level 1:colcon.colcon_core.package_identification:_identify(src/detection_aruco) by extensions ['ros']
[1.176s] Level 1:colcon.colcon_core.package_identification:_identify(src/detection_aruco) by extension 'ros'
[1.178s] DEBUG:colcon.colcon_core.package_identification:Package 'src/detection_aruco' with type 'ros.ament_python' and name 'detection_aruco'
[1.179s] Level 1:colcon.colcon_core.package_identification:_identify(src/detection_astra_camera) by extensions ['ignore', 'ignore_ament_install']
[1.179s] Level 1:colcon.colcon_core.package_identification:_identify(src/detection_astra_camera) by extension 'ignore'
[1.179s] Level 1:colcon.colcon_core.package_identification:_identify(src/detection_astra_camera) by extension 'ignore_ament_install'
[1.179s] Level 1:colcon.colcon_core.package_identification:_identify(src/detection_astra_camera) by extensions ['colcon_pkg']
[1.179s] Level 1:colcon.colcon_core.package_identification:_identify(src/detection_astra_camera) by extension 'colcon_pkg'
[1.179s] Level 1:colcon.colcon_core.package_identification:_identify(src/detection_astra_camera) by extensions ['colcon_meta']
[1.180s] Level 1:colcon.colcon_core.package_identification:_identify(src/detection_astra_camera) by extension 'colcon_meta'
[1.180s] Level 1:colcon.colcon_core.package_identification:_identify(src/detection_astra_camera) by extensions ['ros']
[1.180s] Level 1:colcon.colcon_core.package_identification:_identify(src/detection_astra_camera) by extension 'ros'
[1.181s] DEBUG:colcon.colcon_core.package_identification:Package 'src/detection_astra_camera' with type 'ros.ament_python' and name 'detection_astra_camera'
[1.181s] Level 1:colcon.colcon_core.package_identification:_identify(src/detection_human_ros) by extensions ['ignore', 'ignore_ament_install']
[1.181s] Level 1:colcon.colcon_core.package_identification:_identify(src/detection_human_ros) by extension 'ignore'
[1.181s] Level 1:colcon.colcon_core.package_identification:_identify(src/detection_human_ros) by extension 'ignore_ament_install'
[1.181s] Level 1:colcon.colcon_core.package_identification:_identify(src/detection_human_ros) by extensions ['colcon_pkg']
[1.181s] Level 1:colcon.colcon_core.package_identification:_identify(src/detection_human_ros) by extension 'colcon_pkg'
[1.181s] Level 1:colcon.colcon_core.package_identification:_identify(src/detection_human_ros) by extensions ['colcon_meta']
[1.181s] Level 1:colcon.colcon_core.package_identification:_identify(src/detection_human_ros) by extension 'colcon_meta'
[1.181s] Level 1:colcon.colcon_core.package_identification:_identify(src/detection_human_ros) by extensions ['ros']
[1.181s] Level 1:colcon.colcon_core.package_identification:_identify(src/detection_human_ros) by extension 'ros'
[1.182s] DEBUG:colcon.colcon_core.package_identification:Package 'src/detection_human_ros' with type 'ros.ament_python' and name 'detection_human_ros'
[1.182s] Level 1:colcon.colcon_core.package_identification:_identify(src/detection_person) by extensions ['ignore', 'ignore_ament_install']
[1.182s] Level 1:colcon.colcon_core.package_identification:_identify(src/detection_person) by extension 'ignore'
[1.182s] Level 1:colcon.colcon_core.package_identification:_identify(src/detection_person) by extension 'ignore_ament_install'
[1.182s] Level 1:colcon.colcon_core.package_identification:_identify(src/detection_person) by extensions ['colcon_pkg']
[1.182s] Level 1:colcon.colcon_core.package_identification:_identify(src/detection_person) by extension 'colcon_pkg'
[1.183s] Level 1:colcon.colcon_core.package_identification:_identify(src/detection_person) by extensions ['colcon_meta']
[1.183s] Level 1:colcon.colcon_core.package_identification:_identify(src/detection_person) by extension 'colcon_meta'
[1.183s] Level 1:colcon.colcon_core.package_identification:_identify(src/detection_person) by extensions ['ros']
[1.183s] Level 1:colcon.colcon_core.package_identification:_identify(src/detection_person) by extension 'ros'
[1.184s] DEBUG:colcon.colcon_core.package_identification:Package 'src/detection_person' with type 'ros.ament_python' and name 'detection_person'
[1.184s] Level 1:colcon.colcon_core.package_identification:_identify(src/pcl_example) by extensions ['ignore', 'ignore_ament_install']
[1.184s] Level 1:colcon.colcon_core.package_identification:_identify(src/pcl_example) by extension 'ignore'
[1.184s] Level 1:colcon.colcon_core.package_identification:_identify(src/pcl_example) by extension 'ignore_ament_install'
[1.184s] Level 1:colcon.colcon_core.package_identification:_identify(src/pcl_example) by extensions ['colcon_pkg']
[1.184s] Level 1:colcon.colcon_core.package_identification:_identify(src/pcl_example) by extension 'colcon_pkg'
[1.185s] Level 1:colcon.colcon_core.package_identification:_identify(src/pcl_example) by extensions ['colcon_meta']
[1.185s] Level 1:colcon.colcon_core.package_identification:_identify(src/pcl_example) by extension 'colcon_meta'
[1.185s] Level 1:colcon.colcon_core.package_identification:_identify(src/pcl_example) by extensions ['ros']
[1.185s] Level 1:colcon.colcon_core.package_identification:_identify(src/pcl_example) by extension 'ros'
[1.186s] DEBUG:colcon.colcon_core.package_identification:Package 'src/pcl_example' with type 'ros.ament_cmake' and name 'pcl_example'
[1.186s] Level 1:colcon.colcon_core.package_discovery:discover_packages(recursive) using defaults
[1.186s] Level 1:colcon.colcon_core.package_discovery:discover_packages(ignore) discover
[1.186s] Level 1:colcon.colcon_core.package_discovery:discover_packages(ignore) using defaults
[1.186s] Level 1:colcon.colcon_core.package_discovery:discover_packages(path) discover
[1.186s] Level 1:colcon.colcon_core.package_discovery:discover_packages(path) using defaults
[1.326s] INFO:colcon.colcon_core.package_selection:Skipping not selected package 'astra_camera_msgs' in 'src/astra_camera/astra_camera_msgs'
[1.326s] INFO:colcon.colcon_core.package_selection:Skipping not selected package 'calib_correspondences' in 'src/calib_correspondences'
[1.327s] INFO:colcon.colcon_core.package_selection:Skipping not selected package 'custom_msgs' in 'src/custom_msgs'
[1.327s] INFO:colcon.colcon_core.package_selection:Skipping not selected package 'detection_person' in 'src/detection_person'
[1.327s] INFO:colcon.colcon_core.package_selection:Skipping not selected package 'astra_camera' in 'src/astra_camera/astra_camera'
[1.327s] INFO:colcon.colcon_core.package_selection:Skipping not selected package 'detection_aruco' in 'src/detection_aruco'
[1.327s] INFO:colcon.colcon_core.package_selection:Skipping not selected package 'detection_astra_camera' in 'src/detection_astra_camera'
[1.327s] INFO:colcon.colcon_core.package_selection:Skipping not selected package 'detection_human_ros' in 'src/detection_human_ros'
[1.328s] Level 1:colcon.colcon_core.package_discovery:discover_packages(prefix_path) check parameters
[1.328s] Level 1:colcon.colcon_core.package_discovery:discover_packages(prefix_path) discover
[1.331s] DEBUG:colcon.colcon_installed_package_information.package_discovery:Found 11 installed packages in /home/andre/ros2_ws/install
[1.333s] DEBUG:colcon.colcon_installed_package_information.package_discovery:Found 271 installed packages in /opt/ros/humble
[1.337s] Level 1:colcon.colcon_core.package_discovery:discover_packages(prefix_path) using defaults
[2.437s] Level 5:colcon.colcon_core.verb:set package 'pcl_example' build argument 'cmake_args' from command line to 'None'
[2.437s] Level 5:colcon.colcon_core.verb:set package 'pcl_example' build argument 'cmake_target' from command line to 'None'
[2.437s] Level 5:colcon.colcon_core.verb:set package 'pcl_example' build argument 'cmake_target_skip_unavailable' from command line to 'False'
[2.437s] Level 5:colcon.colcon_core.verb:set package 'pcl_example' build argument 'cmake_clean_cache' from command line to 'False'
[2.437s] Level 5:colcon.colcon_core.verb:set package 'pcl_example' build argument 'cmake_clean_first' from command line to 'False'
[2.437s] Level 5:colcon.colcon_core.verb:set package 'pcl_example' build argument 'cmake_force_configure' from command line to 'False'
[2.437s] Level 5:colcon.colcon_core.verb:set package 'pcl_example' build argument 'ament_cmake_args' from command line to 'None'
[2.437s] Level 5:colcon.colcon_core.verb:set package 'pcl_example' build argument 'catkin_cmake_args' from command line to 'None'
[2.438s] Level 5:colcon.colcon_core.verb:set package 'pcl_example' build argument 'catkin_skip_building_tests' from command line to 'False'
[2.438s] DEBUG:colcon.colcon_core.verb:Building package 'pcl_example' with the following arguments: {'ament_cmake_args': None, 'build_base': '/home/andre/ros2_ws/build/pcl_example', 'catkin_cmake_args': None, 'catkin_skip_building_tests': False, 'cmake_args': None, 'cmake_clean_cache': False, 'cmake_clean_first': False, 'cmake_force_configure': False, 'cmake_target': None, 'cmake_target_skip_unavailable': False, 'install_base': '/home/andre/ros2_ws/install/pcl_example', 'merge_install': False, 'path': '/home/andre/ros2_ws/src/pcl_example', 'symlink_install': False, 'test_result_base': None}
[2.438s] INFO:colcon.colcon_core.executor:Executing jobs using 'parallel' executor
[2.441s] DEBUG:colcon.colcon_parallel_executor.executor.parallel:run_until_complete
[2.443s] INFO:colcon.colcon_ros.task.ament_cmake.build:Building ROS package in '/home/andre/ros2_ws/src/pcl_example' with build type 'ament_cmake'
[2.443s] INFO:colcon.colcon_cmake.task.cmake.build:Building CMake package in '/home/andre/ros2_ws/src/pcl_example'
[2.448s] INFO:colcon.colcon_core.plugin_system:Skipping extension 'colcon_core.shell.bat': Not used on non-Windows systems
[2.449s] INFO:colcon.colcon_core.shell:Skip shell extension 'powershell' for command environment: Not usable outside of PowerShell
[2.449s] DEBUG:colcon.colcon_core.shell:Skip shell extension 'dsv' for command environment
[2.466s] DEBUG:colcon.colcon_core.event_handler.log_command:Invoking command in '/home/andre/ros2_ws/build/pcl_example': CMAKE_PREFIX_PATH=${CMAKE_PREFIX_PATH}:/home/andre/ros2_ws/install/detection_person:/home/andre/ros2_ws/install/detection_human_ros:/home/andre/ros2_ws/install/detection_astra_camera:/home/andre/ros2_ws/install/detection_aruco:/opt/ros/humble /usr/bin/cmake --build /home/andre/ros2_ws/build/pcl_example -- -j4 -l4
[31.352s] DEBUG:colcon.colcon_core.event_handler.log_command:Invoked command in '/home/andre/ros2_ws/build/pcl_example' returned '0': CMAKE_PREFIX_PATH=${CMAKE_PREFIX_PATH}:/home/andre/ros2_ws/install/detection_person:/home/andre/ros2_ws/install/detection_human_ros:/home/andre/ros2_ws/install/detection_astra_camera:/home/andre/ros2_ws/install/detection_aruco:/opt/ros/humble /usr/bin/cmake --build /home/andre/ros2_ws/build/pcl_example -- -j4 -l4
[31.427s] DEBUG:colcon.colcon_core.event_handler.log_command:Invoking command in '/home/andre/ros2_ws/build/pcl_example': CMAKE_PREFIX_PATH=${CMAKE_PREFIX_PATH}:/home/andre/ros2_ws/install/detection_person:/home/andre/ros2_ws/install/detection_human_ros:/home/andre/ros2_ws/install/detection_astra_camera:/home/andre/ros2_ws/install/detection_aruco:/opt/ros/humble /usr/bin/cmake --install /home/andre/ros2_ws/build/pcl_example
[31.454s] Level 1:colcon.colcon_core.environment:create_environment_scripts_only(pcl_example)
[31.460s] DEBUG:colcon.colcon_core.event_handler.log_command:Invoked command in '/home/andre/ros2_ws/build/pcl_example' returned '0': CMAKE_PREFIX_PATH=${CMAKE_PREFIX_PATH}:/home/andre/ros2_ws/install/detection_person:/home/andre/ros2_ws/install/detection_human_ros:/home/andre/ros2_ws/install/detection_astra_camera:/home/andre/ros2_ws/install/detection_aruco:/opt/ros/humble /usr/bin/cmake --install /home/andre/ros2_ws/build/pcl_example
[31.464s] Level 1:colcon.colcon_core.environment:checking '/home/andre/ros2_ws/install/pcl_example' for CMake module files
[31.465s] Level 1:colcon.colcon_core.environment:checking '/home/andre/ros2_ws/install/pcl_example' for CMake config files
[31.466s] Level 1:colcon.colcon_core.shell:create_environment_hook('pcl_example', 'cmake_prefix_path')
[31.466s] INFO:colcon.colcon_core.shell:Creating environment hook '/home/andre/ros2_ws/install/pcl_example/share/pcl_example/hook/cmake_prefix_path.ps1'
[31.468s] INFO:colcon.colcon_core.shell:Creating environment descriptor '/home/andre/ros2_ws/install/pcl_example/share/pcl_example/hook/cmake_prefix_path.dsv'
[31.469s] INFO:colcon.colcon_core.shell:Creating environment hook '/home/andre/ros2_ws/install/pcl_example/share/pcl_example/hook/cmake_prefix_path.sh'
[31.471s] Level 1:colcon.colcon_core.environment:checking '/home/andre/ros2_ws/install/pcl_example/lib'
[31.471s] Level 1:colcon.colcon_core.environment:checking '/home/andre/ros2_ws/install/pcl_example/bin'
[31.471s] Level 1:colcon.colcon_core.environment:checking '/home/andre/ros2_ws/install/pcl_example/lib/pkgconfig/pcl_example.pc'
[31.472s] Level 1:colcon.colcon_core.environment:checking '/home/andre/ros2_ws/install/pcl_example/lib/python3.10/site-packages'
[31.472s] Level 1:colcon.colcon_core.environment:checking '/home/andre/ros2_ws/install/pcl_example/bin'
[31.472s] INFO:colcon.colcon_core.shell:Creating package script '/home/andre/ros2_ws/install/pcl_example/share/pcl_example/package.ps1'
[31.473s] INFO:colcon.colcon_core.shell:Creating package descriptor '/home/andre/ros2_ws/install/pcl_example/share/pcl_example/package.dsv'
[31.474s] INFO:colcon.colcon_core.shell:Creating package script '/home/andre/ros2_ws/install/pcl_example/share/pcl_example/package.sh'
[31.476s] INFO:colcon.colcon_core.shell:Creating package script '/home/andre/ros2_ws/install/pcl_example/share/pcl_example/package.bash'
[31.478s] INFO:colcon.colcon_core.shell:Creating package script '/home/andre/ros2_ws/install/pcl_example/share/pcl_example/package.zsh'
[31.479s] Level 1:colcon.colcon_core.environment:create_file_with_runtime_dependencies(/home/andre/ros2_ws/install/pcl_example/share/colcon-core/packages/pcl_example)
[31.542s] Level 1:colcon.colcon_core.environment:create_environment_scripts_only(pcl_example)
[31.543s] Level 1:colcon.colcon_core.environment:checking '/home/andre/ros2_ws/install/pcl_example' for CMake module files
[31.544s] Level 1:colcon.colcon_core.environment:checking '/home/andre/ros2_ws/install/pcl_example' for CMake config files
[31.544s] Level 1:colcon.colcon_core.shell:create_environment_hook('pcl_example', 'cmake_prefix_path')
[31.545s] INFO:colcon.colcon_core.shell:Creating environment hook '/home/andre/ros2_ws/install/pcl_example/share/pcl_example/hook/cmake_prefix_path.ps1'
[31.546s] INFO:colcon.colcon_core.shell:Creating environment descriptor '/home/andre/ros2_ws/install/pcl_example/share/pcl_example/hook/cmake_prefix_path.dsv'
[31.546s] INFO:colcon.colcon_core.shell:Creating environment hook '/home/andre/ros2_ws/install/pcl_example/share/pcl_example/hook/cmake_prefix_path.sh'
[31.547s] Level 1:colcon.colcon_core.environment:checking '/home/andre/ros2_ws/install/pcl_example/lib'
[31.547s] Level 1:colcon.colcon_core.environment:checking '/home/andre/ros2_ws/install/pcl_example/bin'
[31.547s] Level 1:colcon.colcon_core.environment:checking '/home/andre/ros2_ws/install/pcl_example/lib/pkgconfig/pcl_example.pc'
[31.548s] Level 1:colcon.colcon_core.environment:checking '/home/andre/ros2_ws/install/pcl_example/lib/python3.10/site-packages'
[31.548s] Level 1:colcon.colcon_core.environment:checking '/home/andre/ros2_ws/install/pcl_example/bin'
[31.548s] INFO:colcon.colcon_core.shell:Creating package script '/home/andre/ros2_ws/install/pcl_example/share/pcl_example/package.ps1'
[31.549s] INFO:colcon.colcon_core.shell:Creating package descriptor '/home/andre/ros2_ws/install/pcl_example/share/pcl_example/package.dsv'
[31.550s] INFO:colcon.colcon_core.shell:Creating package script '/home/andre/ros2_ws/install/pcl_example/share/pcl_example/package.sh'
[31.551s] INFO:colcon.colcon_core.shell:Creating package script '/home/andre/ros2_ws/install/pcl_example/share/pcl_example/package.bash'
[31.553s] INFO:colcon.colcon_core.shell:Creating package script '/home/andre/ros2_ws/install/pcl_example/share/pcl_example/package.zsh'
[31.554s] Level 1:colcon.colcon_core.environment:create_file_with_runtime_dependencies(/home/andre/ros2_ws/install/pcl_example/share/colcon-core/packages/pcl_example)
[31.556s] DEBUG:colcon.colcon_parallel_executor.executor.parallel:closing loop
[31.558s] DEBUG:colcon.colcon_parallel_executor.executor.parallel:loop closed
[31.559s] DEBUG:colcon.colcon_parallel_executor.executor.parallel:run_until_complete finished with '0'
[31.562s] DEBUG:colcon.colcon_core.event_reactor:joining thread
[31.574s] INFO:colcon.colcon_core.plugin_system:Skipping extension 'colcon_notification.desktop_notification.terminal_notifier': Not used on non-Darwin systems
[31.574s] INFO:colcon.colcon_core.plugin_system:Skipping extension 'colcon_notification.desktop_notification.win32': Not used on non-Windows systems
[31.575s] INFO:colcon.colcon_notification.desktop_notification:Sending desktop notification using 'notify2'
[31.617s] DEBUG:colcon.colcon_core.event_reactor:joined thread
[31.617s] INFO:colcon.colcon_core.shell:Creating prefix script '/home/andre/ros2_ws/install/local_setup.ps1'
[31.619s] INFO:colcon.colcon_core.shell:Creating prefix util module '/home/andre/ros2_ws/install/_local_setup_util_ps1.py'
[31.624s] INFO:colcon.colcon_core.shell:Creating prefix chain script '/home/andre/ros2_ws/install/setup.ps1'
[31.627s] INFO:colcon.colcon_core.shell:Creating prefix script '/home/andre/ros2_ws/install/local_setup.sh'
[31.628s] INFO:colcon.colcon_core.shell:Creating prefix util module '/home/andre/ros2_ws/install/_local_setup_util_sh.py'
[31.631s] INFO:colcon.colcon_core.shell:Creating prefix chain script '/home/andre/ros2_ws/install/setup.sh'
[31.635s] INFO:colcon.colcon_core.shell:Creating prefix script '/home/andre/ros2_ws/install/local_setup.bash'
[31.637s] INFO:colcon.colcon_core.shell:Creating prefix chain script '/home/andre/ros2_ws/install/setup.bash'
[31.640s] INFO:colcon.colcon_core.shell:Creating prefix script '/home/andre/ros2_ws/install/local_setup.zsh'
[31.642s] INFO:colcon.colcon_core.shell:Creating prefix chain script '/home/andre/ros2_ws/install/setup.zsh'
