[0.050s] Invoking command in '/home/andre/ros2_ws/build/custom_msgs': CMAKE_PREFIX_PATH=${CMAKE_PREFIX_PATH}:/home/andre/ros2_ws/install/detection_astra_camera:/home/andre/ros2_ws/install/detection_aruco:/opt/ros/humble /usr/bin/cmake --build /home/andre/ros2_ws/build/custom_msgs -- -j4 -l4
[0.117s] -- Found ament_cmake: 1.3.8 (/opt/ros/humble/share/ament_cmake/cmake)
[0.754s] -- Found rosidl_default_generators: 1.2.0 (/opt/ros/humble/share/rosidl_default_generators/cmake)
[0.773s] -- Using all available rosidl_typesupport_c: rosidl_typesupport_fastrtps_c;rosidl_typesupport_introspection_c
[0.792s] -- Found rosidl_adapter: 3.1.5 (/opt/ros/humble/share/rosidl_adapter/cmake)
[0.939s] -- Using all available rosidl_typesupport_cpp: rosidl_typesupport_fastrtps_cpp;rosidl_typesupport_introspection_cpp
[1.064s] -- Found geometry_msgs: 4.2.3 (/opt/ros/humble/share/geometry_msgs/cmake)
[2.560s] -- Found ament_cmake_ros: 0.10.0 (/opt/ros/humble/share/ament_cmake_ros/cmake)
[3.404s] -- Using all available rosidl_typesupport_c: rosidl_typesupport_fastrtps_c;rosidl_typesupport_introspection_c
[4.429s] -- Using all available rosidl_typesupport_cpp: rosidl_typesupport_fastrtps_cpp;rosidl_typesupport_introspection_cpp
[4.510s] -- Found python_cmake_module: 0.10.0 (/opt/ros/humble/share/python_cmake_module/cmake)
[4.577s] -- Using PYTHON_EXECUTABLE: /usr/bin/python3
[4.578s] -- Using PYTHON_INCLUDE_DIRS: /usr/include/python3.10
[4.580s] -- Using PYTHON_LIBRARIES: /usr/lib/x86_64-linux-gnu/libpython3.10.so
[4.735s] -- Configuring done
[4.871s] -- Generating done
[4.878s] -- Build files have been written to: /home/andre/ros2_ws/build/custom_msgs
[5.018s] [  1%] [34m[1mGenerating C code for ROS interfaces[0m
[5.028s] [  3%] [34m[1mGenerating C++ code for ROS interfaces[0m
[5.093s] [  3%] Built target ament_cmake_python_copy_custom_msgs
[5.931s] running egg_info
[5.939s] writing custom_msgs.egg-info/PKG-INFO
[5.941s] writing dependency_links to custom_msgs.egg-info/dependency_links.txt
[5.943s] writing top-level names to custom_msgs.egg-info/top_level.txt
[5.961s] reading manifest file 'custom_msgs.egg-info/SOURCES.txt'
[5.963s] writing manifest file 'custom_msgs.egg-info/SOURCES.txt'
[6.135s] [  3%] Built target ament_cmake_python_build_custom_msgs_egg
[7.774s] [35m[1mConsolidate compiler generated dependencies of target custom_msgs__rosidl_generator_c[0m
[7.810s] [  3%] Built target custom_msgs__cpp
[7.839s] [  4%] [32mBuilding C object CMakeFiles/custom_msgs__rosidl_generator_c.dir/rosidl_generator_c/custom_msgs/msg/detail/plane__functions.c.o[0m
[7.850s] [  6%] [32mBuilding C object CMakeFiles/custom_msgs__rosidl_generator_c.dir/rosidl_generator_c/custom_msgs/msg/detail/plane_match__functions.c.o[0m
[7.863s] [  7%] [34m[1mGenerating C++ type support dispatch for ROS interfaces[0m
[8.136s] [  9%] [32mBuilding C object CMakeFiles/custom_msgs__rosidl_generator_c.dir/rosidl_generator_c/custom_msgs/msg/detail/points_camera__functions.c.o[0m
[8.144s] [ 11%] [32mBuilding C object CMakeFiles/custom_msgs__rosidl_generator_c.dir/rosidl_generator_c/custom_msgs/msg/detail/correspondences__functions.c.o[0m
[8.379s] [ 12%] [32mBuilding C object CMakeFiles/custom_msgs__rosidl_generator_c.dir/rosidl_generator_c/custom_msgs/msg/detail/point__functions.c.o[0m
[8.622s] [ 14%] [32m[1mLinking C shared library libcustom_msgs__rosidl_generator_c.so[0m
[8.878s] [ 14%] Built target custom_msgs__rosidl_generator_c
[8.963s] [ 15%] [34m[1mGenerating C++ introspection for ROS interfaces[0m
[9.963s] [35m[1mConsolidate compiler generated dependencies of target custom_msgs__rosidl_typesupport_cpp[0m
[9.983s] [ 17%] [34m[1mGenerating C type support for eProsima Fast-RTPS[0m
[10.143s] [ 19%] [32mBuilding CXX object CMakeFiles/custom_msgs__rosidl_typesupport_cpp.dir/rosidl_typesupport_cpp/custom_msgs/msg/plane__type_support.cpp.o[0m
[11.131s] [35m[1mConsolidate compiler generated dependencies of target custom_msgs__rosidl_typesupport_introspection_cpp[0m
[11.291s] [ 20%] [32mBuilding CXX object CMakeFiles/custom_msgs__rosidl_typesupport_introspection_cpp.dir/rosidl_typesupport_introspection_cpp/custom_msgs/msg/detail/plane__type_support.cpp.o[0m
[12.026s] [35m[1mConsolidate compiler generated dependencies of target custom_msgs__rosidl_typesupport_fastrtps_c[0m
[12.088s] [ 22%] [32mBuilding CXX object CMakeFiles/custom_msgs__rosidl_typesupport_fastrtps_c.dir/rosidl_typesupport_fastrtps_c/custom_msgs/msg/detail/plane__type_support_c.cpp.o[0m
[12.253s] [ 23%] [32mBuilding CXX object CMakeFiles/custom_msgs__rosidl_typesupport_cpp.dir/rosidl_typesupport_cpp/custom_msgs/msg/plane_match__type_support.cpp.o[0m
[13.174s] [ 25%] [32mBuilding CXX object CMakeFiles/custom_msgs__rosidl_typesupport_fastrtps_c.dir/rosidl_typesupport_fastrtps_c/custom_msgs/msg/detail/plane_match__type_support_c.cpp.o[0m
[13.394s] [ 26%] [32mBuilding CXX object CMakeFiles/custom_msgs__rosidl_typesupport_introspection_cpp.dir/rosidl_typesupport_introspection_cpp/custom_msgs/msg/detail/plane_match__type_support.cpp.o[0m
[13.636s] [ 28%] [32mBuilding CXX object CMakeFiles/custom_msgs__rosidl_typesupport_cpp.dir/rosidl_typesupport_cpp/custom_msgs/msg/correspondences__type_support.cpp.o[0m
[14.538s] [ 30%] [32mBuilding CXX object CMakeFiles/custom_msgs__rosidl_typesupport_fastrtps_c.dir/rosidl_typesupport_fastrtps_c/custom_msgs/msg/detail/correspondences__type_support_c.cpp.o[0m
[14.764s] [ 31%] [32mBuilding CXX object CMakeFiles/custom_msgs__rosidl_typesupport_cpp.dir/rosidl_typesupport_cpp/custom_msgs/msg/points_camera__type_support.cpp.o[0m
[14.924s] [ 33%] [32mBuilding CXX object CMakeFiles/custom_msgs__rosidl_typesupport_introspection_cpp.dir/rosidl_typesupport_introspection_cpp/custom_msgs/msg/detail/correspondences__type_support.cpp.o[0m
[15.589s] [ 34%] [32mBuilding CXX object CMakeFiles/custom_msgs__rosidl_typesupport_fastrtps_c.dir/rosidl_typesupport_fastrtps_c/custom_msgs/msg/detail/points_camera__type_support_c.cpp.o[0m
[15.710s] [ 36%] [32mBuilding CXX object CMakeFiles/custom_msgs__rosidl_typesupport_cpp.dir/rosidl_typesupport_cpp/custom_msgs/msg/point__type_support.cpp.o[0m
[16.655s] [ 38%] [32m[1mLinking CXX shared library libcustom_msgs__rosidl_typesupport_cpp.so[0m
[16.670s] [ 39%] [32mBuilding CXX object CMakeFiles/custom_msgs__rosidl_typesupport_introspection_cpp.dir/rosidl_typesupport_introspection_cpp/custom_msgs/msg/detail/points_camera__type_support.cpp.o[0m
[16.691s] [ 41%] [32mBuilding CXX object CMakeFiles/custom_msgs__rosidl_typesupport_fastrtps_c.dir/rosidl_typesupport_fastrtps_c/custom_msgs/msg/detail/point__type_support_c.cpp.o[0m
[16.750s] [ 41%] Built target custom_msgs__rosidl_typesupport_cpp
[17.474s] [ 42%] [32m[1mLinking CXX shared library libcustom_msgs__rosidl_typesupport_fastrtps_c.so[0m
[17.625s] [ 44%] [32mBuilding CXX object CMakeFiles/custom_msgs__rosidl_typesupport_introspection_cpp.dir/rosidl_typesupport_introspection_cpp/custom_msgs/msg/detail/point__type_support.cpp.o[0m
[17.679s] [ 44%] Built target custom_msgs__rosidl_typesupport_fastrtps_c
[18.389s] [ 46%] [32m[1mLinking CXX shared library libcustom_msgs__rosidl_typesupport_introspection_cpp.so[0m
[18.581s] [ 46%] Built target custom_msgs__rosidl_typesupport_introspection_cpp
[18.601s] [ 47%] [34m[1mGenerating C type support dispatch for ROS interfaces[0m
[19.308s] [35m[1mConsolidate compiler generated dependencies of target custom_msgs__rosidl_typesupport_c[0m
[19.341s] [ 49%] [32mBuilding CXX object CMakeFiles/custom_msgs__rosidl_typesupport_c.dir/rosidl_typesupport_c/custom_msgs/msg/plane__type_support.cpp.o[0m
[19.393s] [ 50%] [32mBuilding CXX object CMakeFiles/custom_msgs__rosidl_typesupport_c.dir/rosidl_typesupport_c/custom_msgs/msg/plane_match__type_support.cpp.o[0m
[19.449s] [ 52%] [32mBuilding CXX object CMakeFiles/custom_msgs__rosidl_typesupport_c.dir/rosidl_typesupport_c/custom_msgs/msg/correspondences__type_support.cpp.o[0m
[19.506s] [ 53%] [32mBuilding CXX object CMakeFiles/custom_msgs__rosidl_typesupport_c.dir/rosidl_typesupport_c/custom_msgs/msg/points_camera__type_support.cpp.o[0m
[19.558s] [ 55%] [32mBuilding CXX object CMakeFiles/custom_msgs__rosidl_typesupport_c.dir/rosidl_typesupport_c/custom_msgs/msg/point__type_support.cpp.o[0m
[19.618s] [ 57%] [32m[1mLinking CXX shared library libcustom_msgs__rosidl_typesupport_c.so[0m
[19.699s] [ 57%] Built target custom_msgs__rosidl_typesupport_c
[19.715s] [ 58%] [34m[1mGenerating C introspection for ROS interfaces[0m
[20.495s] [35m[1mConsolidate compiler generated dependencies of target custom_msgs__rosidl_typesupport_introspection_c[0m
[20.520s] [ 60%] [32mBuilding C object CMakeFiles/custom_msgs__rosidl_typesupport_introspection_c.dir/rosidl_typesupport_introspection_c/custom_msgs/msg/detail/plane__type_support.c.o[0m
[20.591s] [ 61%] [32mBuilding C object CMakeFiles/custom_msgs__rosidl_typesupport_introspection_c.dir/rosidl_typesupport_introspection_c/custom_msgs/msg/detail/correspondences__type_support.c.o[0m
[20.664s] [ 63%] [32mBuilding C object CMakeFiles/custom_msgs__rosidl_typesupport_introspection_c.dir/rosidl_typesupport_introspection_c/custom_msgs/msg/detail/points_camera__type_support.c.o[0m
[20.750s] [ 65%] [32mBuilding C object CMakeFiles/custom_msgs__rosidl_typesupport_introspection_c.dir/rosidl_typesupport_introspection_c/custom_msgs/msg/detail/point__type_support.c.o[0m
[20.819s] [ 66%] [32mBuilding C object CMakeFiles/custom_msgs__rosidl_typesupport_introspection_c.dir/rosidl_typesupport_introspection_c/custom_msgs/msg/detail/plane_match__type_support.c.o[0m
[20.897s] [ 68%] [32m[1mLinking C shared library libcustom_msgs__rosidl_typesupport_introspection_c.so[0m
[20.974s] [ 68%] Built target custom_msgs__rosidl_typesupport_introspection_c
[21.002s] [ 69%] [34m[1mGenerating C++ type support for eProsima Fast-RTPS[0m
[21.993s] [35m[1mConsolidate compiler generated dependencies of target custom_msgs__rosidl_typesupport_fastrtps_cpp[0m
[22.023s] [ 71%] [32mBuilding CXX object CMakeFiles/custom_msgs__rosidl_typesupport_fastrtps_cpp.dir/rosidl_typesupport_fastrtps_cpp/custom_msgs/msg/detail/dds_fastrtps/plane__type_support.cpp.o[0m
[22.727s] [ 73%] [32mBuilding CXX object CMakeFiles/custom_msgs__rosidl_typesupport_fastrtps_cpp.dir/rosidl_typesupport_fastrtps_cpp/custom_msgs/msg/detail/dds_fastrtps/points_camera__type_support.cpp.o[0m
[23.617s] [ 74%] [32mBuilding CXX object CMakeFiles/custom_msgs__rosidl_typesupport_fastrtps_cpp.dir/rosidl_typesupport_fastrtps_cpp/custom_msgs/msg/detail/dds_fastrtps/point__type_support.cpp.o[0m
[24.376s] [ 76%] [32mBuilding CXX object CMakeFiles/custom_msgs__rosidl_typesupport_fastrtps_cpp.dir/rosidl_typesupport_fastrtps_cpp/custom_msgs/msg/detail/dds_fastrtps/correspondences__type_support.cpp.o[0m
[25.214s] [ 77%] [32mBuilding CXX object CMakeFiles/custom_msgs__rosidl_typesupport_fastrtps_cpp.dir/rosidl_typesupport_fastrtps_cpp/custom_msgs/msg/detail/dds_fastrtps/plane_match__type_support.cpp.o[0m
[25.979s] [ 79%] [32m[1mLinking CXX shared library libcustom_msgs__rosidl_typesupport_fastrtps_cpp.so[0m
[26.143s] [ 79%] Built target custom_msgs__rosidl_typesupport_fastrtps_cpp
[26.184s] [ 79%] Built target custom_msgs
[26.222s] [ 80%] [34m[1mGenerating Python code for ROS interfaces[0m
[27.684s] [ 80%] Built target custom_msgs__py
[27.715s] [35m[1mConsolidate compiler generated dependencies of target custom_msgs__rosidl_generator_py[0m
[27.748s] [ 82%] [32mBuilding C object CMakeFiles/custom_msgs__rosidl_generator_py.dir/rosidl_generator_py/custom_msgs/msg/_plane_s.c.o[0m
[27.940s] [ 84%] [32mBuilding C object CMakeFiles/custom_msgs__rosidl_generator_py.dir/rosidl_generator_py/custom_msgs/msg/_points_camera_s.c.o[0m
[28.120s] [ 85%] [32mBuilding C object CMakeFiles/custom_msgs__rosidl_generator_py.dir/rosidl_generator_py/custom_msgs/msg/_point_s.c.o[0m
[28.331s] [ 87%] [32mBuilding C object CMakeFiles/custom_msgs__rosidl_generator_py.dir/rosidl_generator_py/custom_msgs/msg/_correspondences_s.c.o[0m
[28.578s] [ 88%] [32mBuilding C object CMakeFiles/custom_msgs__rosidl_generator_py.dir/rosidl_generator_py/custom_msgs/msg/_plane_match_s.c.o[0m
[28.806s] [ 90%] [32m[1mLinking C shared library rosidl_generator_py/custom_msgs/libcustom_msgs__rosidl_generator_py.so[0m
[28.895s] [ 90%] Built target custom_msgs__rosidl_generator_py
[28.914s] [35m[1mConsolidate compiler generated dependencies of target custom_msgs__rosidl_typesupport_fastrtps_c__pyext[0m
[28.936s] [ 92%] [32mBuilding C object CMakeFiles/custom_msgs__rosidl_typesupport_fastrtps_c__pyext.dir/rosidl_generator_py/custom_msgs/_custom_msgs_s.ep.rosidl_typesupport_fastrtps_c.c.o[0m
[29.176s] [ 93%] [32m[1mLinking C shared library rosidl_generator_py/custom_msgs/custom_msgs_s__rosidl_typesupport_fastrtps_c.cpython-310-x86_64-linux-gnu.so[0m
[29.261s] [ 93%] Built target custom_msgs__rosidl_typesupport_fastrtps_c__pyext
[29.280s] [35m[1mConsolidate compiler generated dependencies of target custom_msgs__rosidl_typesupport_c__pyext[0m
[29.308s] [ 95%] [32mBuilding C object CMakeFiles/custom_msgs__rosidl_typesupport_c__pyext.dir/rosidl_generator_py/custom_msgs/_custom_msgs_s.ep.rosidl_typesupport_c.c.o[0m
[29.509s] [ 96%] [32m[1mLinking C shared library rosidl_generator_py/custom_msgs/custom_msgs_s__rosidl_typesupport_c.cpython-310-x86_64-linux-gnu.so[0m
[29.592s] [ 96%] Built target custom_msgs__rosidl_typesupport_c__pyext
[29.607s] [35m[1mConsolidate compiler generated dependencies of target custom_msgs__rosidl_typesupport_introspection_c__pyext[0m
[29.633s] [ 98%] [32mBuilding C object CMakeFiles/custom_msgs__rosidl_typesupport_introspection_c__pyext.dir/rosidl_generator_py/custom_msgs/_custom_msgs_s.ep.rosidl_typesupport_introspection_c.c.o[0m
[29.868s] [100%] [32m[1mLinking C shared library rosidl_generator_py/custom_msgs/custom_msgs_s__rosidl_typesupport_introspection_c.cpython-310-x86_64-linux-gnu.so[0m
[29.948s] [100%] Built target custom_msgs__rosidl_typesupport_introspection_c__pyext
[29.970s] Invoked command in '/home/andre/ros2_ws/build/custom_msgs' returned '0': CMAKE_PREFIX_PATH=${CMAKE_PREFIX_PATH}:/home/andre/ros2_ws/install/detection_astra_camera:/home/andre/ros2_ws/install/detection_aruco:/opt/ros/humble /usr/bin/cmake --build /home/andre/ros2_ws/build/custom_msgs -- -j4 -l4
[30.255s] Invoking command in '/home/andre/ros2_ws/build/custom_msgs': CMAKE_PREFIX_PATH=${CMAKE_PREFIX_PATH}:/home/andre/ros2_ws/install/detection_astra_camera:/home/andre/ros2_ws/install/detection_aruco:/opt/ros/humble /usr/bin/cmake --install /home/andre/ros2_ws/build/custom_msgs
[30.269s] -- Install configuration: ""
[30.269s] -- Up-to-date: /home/andre/ros2_ws/install/custom_msgs/share/ament_index/resource_index/rosidl_interfaces/custom_msgs
[30.269s] -- Up-to-date: /home/andre/ros2_ws/install/custom_msgs/include/custom_msgs/custom_msgs
[30.269s] -- Up-to-date: /home/andre/ros2_ws/install/custom_msgs/include/custom_msgs/custom_msgs/msg
[30.269s] -- Installing: /home/andre/ros2_ws/install/custom_msgs/include/custom_msgs/custom_msgs/msg/plane_match.h
[30.269s] -- Up-to-date: /home/andre/ros2_ws/install/custom_msgs/include/custom_msgs/custom_msgs/msg/detail
[30.269s] -- Installing: /home/andre/ros2_ws/install/custom_msgs/include/custom_msgs/custom_msgs/msg/detail/correspondences__functions.h
[30.270s] -- Installing: /home/andre/ros2_ws/install/custom_msgs/include/custom_msgs/custom_msgs/msg/detail/point__type_support.h
[30.270s] -- Installing: /home/andre/ros2_ws/install/custom_msgs/include/custom_msgs/custom_msgs/msg/detail/points_camera__struct.h
[30.270s] -- Installing: /home/andre/ros2_ws/install/custom_msgs/include/custom_msgs/custom_msgs/msg/detail/plane__struct.h
[30.270s] -- Installing: /home/andre/ros2_ws/install/custom_msgs/include/custom_msgs/custom_msgs/msg/detail/plane__functions.c
[30.270s] -- Installing: /home/andre/ros2_ws/install/custom_msgs/include/custom_msgs/custom_msgs/msg/detail/points_camera__type_support.h
[30.271s] -- Installing: /home/andre/ros2_ws/install/custom_msgs/include/custom_msgs/custom_msgs/msg/detail/point__functions.h
[30.272s] -- Installing: /home/andre/ros2_ws/install/custom_msgs/include/custom_msgs/custom_msgs/msg/detail/plane__type_support.h
[30.272s] -- Installing: /home/andre/ros2_ws/install/custom_msgs/include/custom_msgs/custom_msgs/msg/detail/plane_match__functions.c
[30.273s] -- Installing: /home/andre/ros2_ws/install/custom_msgs/include/custom_msgs/custom_msgs/msg/detail/points_camera__functions.h
[30.273s] -- Installing: /home/andre/ros2_ws/install/custom_msgs/include/custom_msgs/custom_msgs/msg/detail/correspondences__type_support.h
[30.274s] -- Installing: /home/andre/ros2_ws/install/custom_msgs/include/custom_msgs/custom_msgs/msg/detail/correspondences__struct.h
[30.274s] -- Installing: /home/andre/ros2_ws/install/custom_msgs/include/custom_msgs/custom_msgs/msg/detail/point__struct.h
[30.274s] -- Installing: /home/andre/ros2_ws/install/custom_msgs/include/custom_msgs/custom_msgs/msg/detail/points_camera__functions.c
[30.274s] -- Installing: /home/andre/ros2_ws/install/custom_msgs/include/custom_msgs/custom_msgs/msg/detail/correspondences__functions.c
[30.275s] -- Installing: /home/andre/ros2_ws/install/custom_msgs/include/custom_msgs/custom_msgs/msg/detail/plane__functions.h
[30.275s] -- Installing: /home/andre/ros2_ws/install/custom_msgs/include/custom_msgs/custom_msgs/msg/detail/plane_match__struct.h
[30.275s] -- Installing: /home/andre/ros2_ws/install/custom_msgs/include/custom_msgs/custom_msgs/msg/detail/plane_match__type_support.h
[30.275s] -- Installing: /home/andre/ros2_ws/install/custom_msgs/include/custom_msgs/custom_msgs/msg/detail/plane_match__functions.h
[30.276s] -- Installing: /home/andre/ros2_ws/install/custom_msgs/include/custom_msgs/custom_msgs/msg/detail/point__functions.c
[30.276s] -- Installing: /home/andre/ros2_ws/install/custom_msgs/include/custom_msgs/custom_msgs/msg/correspondences.h
[30.276s] -- Up-to-date: /home/andre/ros2_ws/install/custom_msgs/include/custom_msgs/custom_msgs/msg/rosidl_generator_c__visibility_control.h
[30.284s] -- Installing: /home/andre/ros2_ws/install/custom_msgs/include/custom_msgs/custom_msgs/msg/points_camera.h
[30.285s] -- Installing: /home/andre/ros2_ws/install/custom_msgs/include/custom_msgs/custom_msgs/msg/point.h
[30.285s] -- Installing: /home/andre/ros2_ws/install/custom_msgs/include/custom_msgs/custom_msgs/msg/plane.h
[30.285s] -- Up-to-date: /home/andre/ros2_ws/install/custom_msgs/share/custom_msgs/environment/library_path.sh
[30.285s] -- Installing: /home/andre/ros2_ws/install/custom_msgs/share/custom_msgs/environment/library_path.dsv
[30.286s] -- Installing: /home/andre/ros2_ws/install/custom_msgs/lib/libcustom_msgs__rosidl_generator_c.so
[30.286s] -- Set runtime path of "/home/andre/ros2_ws/install/custom_msgs/lib/libcustom_msgs__rosidl_generator_c.so" to ""
[30.286s] -- Up-to-date: /home/andre/ros2_ws/install/custom_msgs/include/custom_msgs/custom_msgs
[30.286s] -- Up-to-date: /home/andre/ros2_ws/install/custom_msgs/include/custom_msgs/custom_msgs/msg
[30.286s] -- Up-to-date: /home/andre/ros2_ws/install/custom_msgs/include/custom_msgs/custom_msgs/msg/detail
[30.286s] -- Installing: /home/andre/ros2_ws/install/custom_msgs/include/custom_msgs/custom_msgs/msg/detail/points_camera__rosidl_typesupport_fastrtps_c.h
[30.286s] -- Installing: /home/andre/ros2_ws/install/custom_msgs/include/custom_msgs/custom_msgs/msg/detail/plane_match__rosidl_typesupport_fastrtps_c.h
[30.286s] -- Installing: /home/andre/ros2_ws/install/custom_msgs/include/custom_msgs/custom_msgs/msg/detail/plane__rosidl_typesupport_fastrtps_c.h
[30.287s] -- Installing: /home/andre/ros2_ws/install/custom_msgs/include/custom_msgs/custom_msgs/msg/detail/point__rosidl_typesupport_fastrtps_c.h
[30.287s] -- Installing: /home/andre/ros2_ws/install/custom_msgs/include/custom_msgs/custom_msgs/msg/detail/correspondences__rosidl_typesupport_fastrtps_c.h
[30.287s] -- Up-to-date: /home/andre/ros2_ws/install/custom_msgs/include/custom_msgs/custom_msgs/msg/rosidl_typesupport_fastrtps_c__visibility_control.h
[30.287s] -- Installing: /home/andre/ros2_ws/install/custom_msgs/lib/libcustom_msgs__rosidl_typesupport_fastrtps_c.so
[30.287s] -- Set runtime path of "/home/andre/ros2_ws/install/custom_msgs/lib/libcustom_msgs__rosidl_typesupport_fastrtps_c.so" to ""
[30.288s] -- Up-to-date: /home/andre/ros2_ws/install/custom_msgs/include/custom_msgs/custom_msgs
[30.289s] -- Up-to-date: /home/andre/ros2_ws/install/custom_msgs/include/custom_msgs/custom_msgs/msg
[30.289s] -- Up-to-date: /home/andre/ros2_ws/install/custom_msgs/include/custom_msgs/custom_msgs/msg/detail
[30.290s] -- Installing: /home/andre/ros2_ws/install/custom_msgs/include/custom_msgs/custom_msgs/msg/detail/plane__rosidl_typesupport_introspection_c.h
[30.290s] -- Installing: /home/andre/ros2_ws/install/custom_msgs/include/custom_msgs/custom_msgs/msg/detail/plane_match__rosidl_typesupport_introspection_c.h
[30.290s] -- Installing: /home/andre/ros2_ws/install/custom_msgs/include/custom_msgs/custom_msgs/msg/detail/plane_match__type_support.c
[30.291s] -- Installing: /home/andre/ros2_ws/install/custom_msgs/include/custom_msgs/custom_msgs/msg/detail/point__type_support.c
[30.291s] -- Installing: /home/andre/ros2_ws/install/custom_msgs/include/custom_msgs/custom_msgs/msg/detail/point__rosidl_typesupport_introspection_c.h
[30.292s] -- Installing: /home/andre/ros2_ws/install/custom_msgs/include/custom_msgs/custom_msgs/msg/detail/correspondences__type_support.c
[30.292s] -- Installing: /home/andre/ros2_ws/install/custom_msgs/include/custom_msgs/custom_msgs/msg/detail/points_camera__rosidl_typesupport_introspection_c.h
[30.292s] -- Installing: /home/andre/ros2_ws/install/custom_msgs/include/custom_msgs/custom_msgs/msg/detail/points_camera__type_support.c
[30.292s] -- Installing: /home/andre/ros2_ws/install/custom_msgs/include/custom_msgs/custom_msgs/msg/detail/correspondences__rosidl_typesupport_introspection_c.h
[30.292s] -- Installing: /home/andre/ros2_ws/install/custom_msgs/include/custom_msgs/custom_msgs/msg/detail/plane__type_support.c
[30.292s] -- Up-to-date: /home/andre/ros2_ws/install/custom_msgs/include/custom_msgs/custom_msgs/msg/rosidl_typesupport_introspection_c__visibility_control.h
[30.292s] -- Installing: /home/andre/ros2_ws/install/custom_msgs/lib/libcustom_msgs__rosidl_typesupport_introspection_c.so
[30.293s] -- Set runtime path of "/home/andre/ros2_ws/install/custom_msgs/lib/libcustom_msgs__rosidl_typesupport_introspection_c.so" to ""
[30.293s] -- Installing: /home/andre/ros2_ws/install/custom_msgs/lib/libcustom_msgs__rosidl_typesupport_c.so
[30.293s] -- Set runtime path of "/home/andre/ros2_ws/install/custom_msgs/lib/libcustom_msgs__rosidl_typesupport_c.so" to ""
[30.293s] -- Up-to-date: /home/andre/ros2_ws/install/custom_msgs/include/custom_msgs/custom_msgs
[30.293s] -- Up-to-date: /home/andre/ros2_ws/install/custom_msgs/include/custom_msgs/custom_msgs/msg
[30.293s] -- Installing: /home/andre/ros2_ws/install/custom_msgs/include/custom_msgs/custom_msgs/msg/points_camera.hpp
[30.294s] -- Installing: /home/andre/ros2_ws/install/custom_msgs/include/custom_msgs/custom_msgs/msg/correspondences.hpp
[30.294s] -- Up-to-date: /home/andre/ros2_ws/install/custom_msgs/include/custom_msgs/custom_msgs/msg/detail
[30.294s] -- Installing: /home/andre/ros2_ws/install/custom_msgs/include/custom_msgs/custom_msgs/msg/detail/points_camera__builder.hpp
[30.294s] -- Installing: /home/andre/ros2_ws/install/custom_msgs/include/custom_msgs/custom_msgs/msg/detail/point__traits.hpp
[30.294s] -- Installing: /home/andre/ros2_ws/install/custom_msgs/include/custom_msgs/custom_msgs/msg/detail/points_camera__traits.hpp
[30.294s] -- Installing: /home/andre/ros2_ws/install/custom_msgs/include/custom_msgs/custom_msgs/msg/detail/plane_match__struct.hpp
[30.294s] -- Installing: /home/andre/ros2_ws/install/custom_msgs/include/custom_msgs/custom_msgs/msg/detail/point__struct.hpp
[30.295s] -- Installing: /home/andre/ros2_ws/install/custom_msgs/include/custom_msgs/custom_msgs/msg/detail/plane_match__traits.hpp
[30.298s] -- Installing: /home/andre/ros2_ws/install/custom_msgs/include/custom_msgs/custom_msgs/msg/detail/points_camera__struct.hpp
[30.298s] -- Installing: /home/andre/ros2_ws/install/custom_msgs/include/custom_msgs/custom_msgs/msg/detail/correspondences__struct.hpp
[30.298s] -- Installing: /home/andre/ros2_ws/install/custom_msgs/include/custom_msgs/custom_msgs/msg/detail/correspondences__traits.hpp
[30.299s] -- Installing: /home/andre/ros2_ws/install/custom_msgs/include/custom_msgs/custom_msgs/msg/detail/plane__builder.hpp
[30.299s] -- Installing: /home/andre/ros2_ws/install/custom_msgs/include/custom_msgs/custom_msgs/msg/detail/correspondences__builder.hpp
[30.300s] -- Installing: /home/andre/ros2_ws/install/custom_msgs/include/custom_msgs/custom_msgs/msg/detail/point__builder.hpp
[30.300s] -- Installing: /home/andre/ros2_ws/install/custom_msgs/include/custom_msgs/custom_msgs/msg/detail/plane_match__builder.hpp
[30.300s] -- Installing: /home/andre/ros2_ws/install/custom_msgs/include/custom_msgs/custom_msgs/msg/detail/plane__traits.hpp
[30.300s] -- Installing: /home/andre/ros2_ws/install/custom_msgs/include/custom_msgs/custom_msgs/msg/detail/plane__struct.hpp
[30.301s] -- Installing: /home/andre/ros2_ws/install/custom_msgs/include/custom_msgs/custom_msgs/msg/plane_match.hpp
[30.301s] -- Installing: /home/andre/ros2_ws/install/custom_msgs/include/custom_msgs/custom_msgs/msg/point.hpp
[30.301s] -- Installing: /home/andre/ros2_ws/install/custom_msgs/include/custom_msgs/custom_msgs/msg/plane.hpp
[30.301s] -- Up-to-date: /home/andre/ros2_ws/install/custom_msgs/include/custom_msgs/custom_msgs
[30.301s] -- Up-to-date: /home/andre/ros2_ws/install/custom_msgs/include/custom_msgs/custom_msgs/msg
[30.301s] -- Up-to-date: /home/andre/ros2_ws/install/custom_msgs/include/custom_msgs/custom_msgs/msg/detail
[30.302s] -- Installing: /home/andre/ros2_ws/install/custom_msgs/include/custom_msgs/custom_msgs/msg/detail/point__rosidl_typesupport_fastrtps_cpp.hpp
[30.302s] -- Up-to-date: /home/andre/ros2_ws/install/custom_msgs/include/custom_msgs/custom_msgs/msg/detail/dds_fastrtps
[30.302s] -- Installing: /home/andre/ros2_ws/install/custom_msgs/include/custom_msgs/custom_msgs/msg/detail/plane_match__rosidl_typesupport_fastrtps_cpp.hpp
[30.302s] -- Installing: /home/andre/ros2_ws/install/custom_msgs/include/custom_msgs/custom_msgs/msg/detail/plane__rosidl_typesupport_fastrtps_cpp.hpp
[30.302s] -- Installing: /home/andre/ros2_ws/install/custom_msgs/include/custom_msgs/custom_msgs/msg/detail/correspondences__rosidl_typesupport_fastrtps_cpp.hpp
[30.302s] -- Installing: /home/andre/ros2_ws/install/custom_msgs/include/custom_msgs/custom_msgs/msg/detail/points_camera__rosidl_typesupport_fastrtps_cpp.hpp
[30.303s] -- Up-to-date: /home/andre/ros2_ws/install/custom_msgs/include/custom_msgs/custom_msgs/msg/rosidl_typesupport_fastrtps_cpp__visibility_control.h
[30.304s] -- Installing: /home/andre/ros2_ws/install/custom_msgs/lib/libcustom_msgs__rosidl_typesupport_fastrtps_cpp.so
[30.304s] -- Set runtime path of "/home/andre/ros2_ws/install/custom_msgs/lib/libcustom_msgs__rosidl_typesupport_fastrtps_cpp.so" to ""
[30.305s] -- Up-to-date: /home/andre/ros2_ws/install/custom_msgs/include/custom_msgs/custom_msgs
[30.305s] -- Up-to-date: /home/andre/ros2_ws/install/custom_msgs/include/custom_msgs/custom_msgs/msg
[30.305s] -- Up-to-date: /home/andre/ros2_ws/install/custom_msgs/include/custom_msgs/custom_msgs/msg/detail
[30.305s] -- Installing: /home/andre/ros2_ws/install/custom_msgs/include/custom_msgs/custom_msgs/msg/detail/correspondences__type_support.cpp
[30.305s] -- Installing: /home/andre/ros2_ws/install/custom_msgs/include/custom_msgs/custom_msgs/msg/detail/plane__type_support.cpp
[30.305s] -- Installing: /home/andre/ros2_ws/install/custom_msgs/include/custom_msgs/custom_msgs/msg/detail/point__type_support.cpp
[30.306s] -- Installing: /home/andre/ros2_ws/install/custom_msgs/include/custom_msgs/custom_msgs/msg/detail/correspondences__rosidl_typesupport_introspection_cpp.hpp
[30.306s] -- Installing: /home/andre/ros2_ws/install/custom_msgs/include/custom_msgs/custom_msgs/msg/detail/plane_match__type_support.cpp
[30.306s] -- Installing: /home/andre/ros2_ws/install/custom_msgs/include/custom_msgs/custom_msgs/msg/detail/points_camera__rosidl_typesupport_introspection_cpp.hpp
[30.306s] -- Installing: /home/andre/ros2_ws/install/custom_msgs/include/custom_msgs/custom_msgs/msg/detail/point__rosidl_typesupport_introspection_cpp.hpp
[30.307s] -- Installing: /home/andre/ros2_ws/install/custom_msgs/include/custom_msgs/custom_msgs/msg/detail/points_camera__type_support.cpp
[30.307s] -- Installing: /home/andre/ros2_ws/install/custom_msgs/include/custom_msgs/custom_msgs/msg/detail/plane_match__rosidl_typesupport_introspection_cpp.hpp
[30.307s] -- Installing: /home/andre/ros2_ws/install/custom_msgs/include/custom_msgs/custom_msgs/msg/detail/plane__rosidl_typesupport_introspection_cpp.hpp
[30.307s] -- Installing: /home/andre/ros2_ws/install/custom_msgs/lib/libcustom_msgs__rosidl_typesupport_introspection_cpp.so
[30.307s] -- Set runtime path of "/home/andre/ros2_ws/install/custom_msgs/lib/libcustom_msgs__rosidl_typesupport_introspection_cpp.so" to ""
[30.307s] -- Installing: /home/andre/ros2_ws/install/custom_msgs/lib/libcustom_msgs__rosidl_typesupport_cpp.so
[30.308s] -- Set runtime path of "/home/andre/ros2_ws/install/custom_msgs/lib/libcustom_msgs__rosidl_typesupport_cpp.so" to ""
[30.308s] -- Up-to-date: /home/andre/ros2_ws/install/custom_msgs/share/custom_msgs/environment/pythonpath.sh
[30.308s] -- Installing: /home/andre/ros2_ws/install/custom_msgs/share/custom_msgs/environment/pythonpath.dsv
[30.308s] -- Up-to-date: /home/andre/ros2_ws/install/custom_msgs/local/lib/python3.10/dist-packages/custom_msgs-0.0.0-py3.10.egg-info
[30.308s] -- Installing: /home/andre/ros2_ws/install/custom_msgs/local/lib/python3.10/dist-packages/custom_msgs-0.0.0-py3.10.egg-info/PKG-INFO
[30.308s] -- Installing: /home/andre/ros2_ws/install/custom_msgs/local/lib/python3.10/dist-packages/custom_msgs-0.0.0-py3.10.egg-info/dependency_links.txt
[30.308s] -- Installing: /home/andre/ros2_ws/install/custom_msgs/local/lib/python3.10/dist-packages/custom_msgs-0.0.0-py3.10.egg-info/SOURCES.txt
[30.309s] -- Installing: /home/andre/ros2_ws/install/custom_msgs/local/lib/python3.10/dist-packages/custom_msgs-0.0.0-py3.10.egg-info/top_level.txt
[30.309s] -- Up-to-date: /home/andre/ros2_ws/install/custom_msgs/local/lib/python3.10/dist-packages/custom_msgs
[30.309s] -- Installing: /home/andre/ros2_ws/install/custom_msgs/local/lib/python3.10/dist-packages/custom_msgs/_custom_msgs_s.ep.rosidl_typesupport_fastrtps_c.c
[30.309s] -- Installing: /home/andre/ros2_ws/install/custom_msgs/local/lib/python3.10/dist-packages/custom_msgs/_custom_msgs_s.ep.rosidl_typesupport_c.c
[30.309s] -- Installing: /home/andre/ros2_ws/install/custom_msgs/local/lib/python3.10/dist-packages/custom_msgs/libcustom_msgs__rosidl_generator_py.so
[30.309s] -- Installing: /home/andre/ros2_ws/install/custom_msgs/local/lib/python3.10/dist-packages/custom_msgs/custom_msgs_s__rosidl_typesupport_c.cpython-310-x86_64-linux-gnu.so
[30.310s] -- Installing: /home/andre/ros2_ws/install/custom_msgs/local/lib/python3.10/dist-packages/custom_msgs/__init__.py
[30.310s] -- Installing: /home/andre/ros2_ws/install/custom_msgs/local/lib/python3.10/dist-packages/custom_msgs/_custom_msgs_s.ep.rosidl_typesupport_introspection_c.c
[30.310s] -- Installing: /home/andre/ros2_ws/install/custom_msgs/local/lib/python3.10/dist-packages/custom_msgs/custom_msgs_s__rosidl_typesupport_fastrtps_c.cpython-310-x86_64-linux-gnu.so
[30.310s] -- Installing: /home/andre/ros2_ws/install/custom_msgs/local/lib/python3.10/dist-packages/custom_msgs/custom_msgs_s__rosidl_typesupport_introspection_c.cpython-310-x86_64-linux-gnu.so
[30.310s] -- Up-to-date: /home/andre/ros2_ws/install/custom_msgs/local/lib/python3.10/dist-packages/custom_msgs/msg
[30.310s] -- Installing: /home/andre/ros2_ws/install/custom_msgs/local/lib/python3.10/dist-packages/custom_msgs/msg/_plane_match_s.c
[30.310s] -- Installing: /home/andre/ros2_ws/install/custom_msgs/local/lib/python3.10/dist-packages/custom_msgs/msg/_plane.py
[30.310s] -- Installing: /home/andre/ros2_ws/install/custom_msgs/local/lib/python3.10/dist-packages/custom_msgs/msg/_point_s.c
[30.311s] -- Installing: /home/andre/ros2_ws/install/custom_msgs/local/lib/python3.10/dist-packages/custom_msgs/msg/_plane_s.c
[30.311s] -- Installing: /home/andre/ros2_ws/install/custom_msgs/local/lib/python3.10/dist-packages/custom_msgs/msg/_points_camera.py
[30.311s] -- Installing: /home/andre/ros2_ws/install/custom_msgs/local/lib/python3.10/dist-packages/custom_msgs/msg/_points_camera_s.c
[30.311s] -- Installing: /home/andre/ros2_ws/install/custom_msgs/local/lib/python3.10/dist-packages/custom_msgs/msg/_point.py
[30.311s] -- Installing: /home/andre/ros2_ws/install/custom_msgs/local/lib/python3.10/dist-packages/custom_msgs/msg/__init__.py
[30.311s] -- Installing: /home/andre/ros2_ws/install/custom_msgs/local/lib/python3.10/dist-packages/custom_msgs/msg/_correspondences_s.c
[30.311s] -- Installing: /home/andre/ros2_ws/install/custom_msgs/local/lib/python3.10/dist-packages/custom_msgs/msg/_plane_match.py
[30.311s] -- Installing: /home/andre/ros2_ws/install/custom_msgs/local/lib/python3.10/dist-packages/custom_msgs/msg/_correspondences.py
[30.406s] Listing '/home/andre/ros2_ws/install/custom_msgs/local/lib/python3.10/dist-packages/custom_msgs'...
[30.406s] Compiling '/home/andre/ros2_ws/install/custom_msgs/local/lib/python3.10/dist-packages/custom_msgs/__init__.py'...
[30.406s] Listing '/home/andre/ros2_ws/install/custom_msgs/local/lib/python3.10/dist-packages/custom_msgs/msg'...
[30.407s] Compiling '/home/andre/ros2_ws/install/custom_msgs/local/lib/python3.10/dist-packages/custom_msgs/msg/__init__.py'...
[30.407s] Compiling '/home/andre/ros2_ws/install/custom_msgs/local/lib/python3.10/dist-packages/custom_msgs/msg/_correspondences.py'...
[30.407s] Compiling '/home/andre/ros2_ws/install/custom_msgs/local/lib/python3.10/dist-packages/custom_msgs/msg/_plane.py'...
[30.407s] Compiling '/home/andre/ros2_ws/install/custom_msgs/local/lib/python3.10/dist-packages/custom_msgs/msg/_plane_match.py'...
[30.407s] Compiling '/home/andre/ros2_ws/install/custom_msgs/local/lib/python3.10/dist-packages/custom_msgs/msg/_point.py'...
[30.408s] Compiling '/home/andre/ros2_ws/install/custom_msgs/local/lib/python3.10/dist-packages/custom_msgs/msg/_points_camera.py'...
[30.419s] -- Installing: /home/andre/ros2_ws/install/custom_msgs/local/lib/python3.10/dist-packages/custom_msgs/custom_msgs_s__rosidl_typesupport_fastrtps_c.cpython-310-x86_64-linux-gnu.so
[30.420s] -- Set runtime path of "/home/andre/ros2_ws/install/custom_msgs/local/lib/python3.10/dist-packages/custom_msgs/custom_msgs_s__rosidl_typesupport_fastrtps_c.cpython-310-x86_64-linux-gnu.so" to ""
[30.420s] -- Installing: /home/andre/ros2_ws/install/custom_msgs/local/lib/python3.10/dist-packages/custom_msgs/custom_msgs_s__rosidl_typesupport_introspection_c.cpython-310-x86_64-linux-gnu.so
[30.421s] -- Set runtime path of "/home/andre/ros2_ws/install/custom_msgs/local/lib/python3.10/dist-packages/custom_msgs/custom_msgs_s__rosidl_typesupport_introspection_c.cpython-310-x86_64-linux-gnu.so" to ""
[30.421s] -- Installing: /home/andre/ros2_ws/install/custom_msgs/local/lib/python3.10/dist-packages/custom_msgs/custom_msgs_s__rosidl_typesupport_c.cpython-310-x86_64-linux-gnu.so
[30.422s] -- Set runtime path of "/home/andre/ros2_ws/install/custom_msgs/local/lib/python3.10/dist-packages/custom_msgs/custom_msgs_s__rosidl_typesupport_c.cpython-310-x86_64-linux-gnu.so" to ""
[30.422s] -- Installing: /home/andre/ros2_ws/install/custom_msgs/lib/libcustom_msgs__rosidl_generator_py.so
[30.423s] -- Set runtime path of "/home/andre/ros2_ws/install/custom_msgs/lib/libcustom_msgs__rosidl_generator_py.so" to ""
[30.424s] -- Up-to-date: /home/andre/ros2_ws/install/custom_msgs/share/custom_msgs/msg/Plane.idl
[30.424s] -- Up-to-date: /home/andre/ros2_ws/install/custom_msgs/share/custom_msgs/msg/PlaneMatch.idl
[30.424s] -- Up-to-date: /home/andre/ros2_ws/install/custom_msgs/share/custom_msgs/msg/Correspondences.idl
[30.424s] -- Up-to-date: /home/andre/ros2_ws/install/custom_msgs/share/custom_msgs/msg/PointsCamera.idl
[30.424s] -- Installing: /home/andre/ros2_ws/install/custom_msgs/share/custom_msgs/msg/Point.idl
[30.424s] -- Up-to-date: /home/andre/ros2_ws/install/custom_msgs/share/custom_msgs/msg/Plane.msg
[30.425s] -- Up-to-date: /home/andre/ros2_ws/install/custom_msgs/share/custom_msgs/msg/PlaneMatch.msg
[30.425s] -- Up-to-date: /home/andre/ros2_ws/install/custom_msgs/share/custom_msgs/msg/Correspondences.msg
[30.425s] -- Up-to-date: /home/andre/ros2_ws/install/custom_msgs/share/custom_msgs/msg/PointsCamera.msg
[30.425s] -- Installing: /home/andre/ros2_ws/install/custom_msgs/share/custom_msgs/msg/Point.msg
[30.425s] -- Up-to-date: /home/andre/ros2_ws/install/custom_msgs/share/ament_index/resource_index/package_run_dependencies/custom_msgs
[30.425s] -- Installing: /home/andre/ros2_ws/install/custom_msgs/share/ament_index/resource_index/parent_prefix_path/custom_msgs
[30.426s] -- Up-to-date: /home/andre/ros2_ws/install/custom_msgs/share/custom_msgs/environment/ament_prefix_path.sh
[30.426s] -- Installing: /home/andre/ros2_ws/install/custom_msgs/share/custom_msgs/environment/ament_prefix_path.dsv
[30.426s] -- Up-to-date: /home/andre/ros2_ws/install/custom_msgs/share/custom_msgs/environment/path.sh
[30.426s] -- Installing: /home/andre/ros2_ws/install/custom_msgs/share/custom_msgs/environment/path.dsv
[30.427s] -- Up-to-date: /home/andre/ros2_ws/install/custom_msgs/share/custom_msgs/local_setup.bash
[30.427s] -- Up-to-date: /home/andre/ros2_ws/install/custom_msgs/share/custom_msgs/local_setup.sh
[30.427s] -- Up-to-date: /home/andre/ros2_ws/install/custom_msgs/share/custom_msgs/local_setup.zsh
[30.427s] -- Installing: /home/andre/ros2_ws/install/custom_msgs/share/custom_msgs/local_setup.dsv
[30.427s] -- Installing: /home/andre/ros2_ws/install/custom_msgs/share/custom_msgs/package.dsv
[30.428s] -- Up-to-date: /home/andre/ros2_ws/install/custom_msgs/share/ament_index/resource_index/packages/custom_msgs
[30.428s] -- Up-to-date: /home/andre/ros2_ws/install/custom_msgs/share/custom_msgs/cmake/export_custom_msgs__rosidl_generator_cExport.cmake
[30.428s] -- Up-to-date: /home/andre/ros2_ws/install/custom_msgs/share/custom_msgs/cmake/export_custom_msgs__rosidl_generator_cExport-noconfig.cmake
[30.428s] -- Up-to-date: /home/andre/ros2_ws/install/custom_msgs/share/custom_msgs/cmake/export_custom_msgs__rosidl_typesupport_fastrtps_cExport.cmake
[30.429s] -- Up-to-date: /home/andre/ros2_ws/install/custom_msgs/share/custom_msgs/cmake/export_custom_msgs__rosidl_typesupport_fastrtps_cExport-noconfig.cmake
[30.429s] -- Up-to-date: /home/andre/ros2_ws/install/custom_msgs/share/custom_msgs/cmake/custom_msgs__rosidl_typesupport_introspection_cExport.cmake
[30.429s] -- Up-to-date: /home/andre/ros2_ws/install/custom_msgs/share/custom_msgs/cmake/custom_msgs__rosidl_typesupport_introspection_cExport-noconfig.cmake
[30.429s] -- Up-to-date: /home/andre/ros2_ws/install/custom_msgs/share/custom_msgs/cmake/custom_msgs__rosidl_typesupport_cExport.cmake
[30.429s] -- Up-to-date: /home/andre/ros2_ws/install/custom_msgs/share/custom_msgs/cmake/custom_msgs__rosidl_typesupport_cExport-noconfig.cmake
[30.429s] -- Up-to-date: /home/andre/ros2_ws/install/custom_msgs/share/custom_msgs/cmake/export_custom_msgs__rosidl_generator_cppExport.cmake
[30.430s] -- Up-to-date: /home/andre/ros2_ws/install/custom_msgs/share/custom_msgs/cmake/export_custom_msgs__rosidl_typesupport_fastrtps_cppExport.cmake
[30.430s] -- Up-to-date: /home/andre/ros2_ws/install/custom_msgs/share/custom_msgs/cmake/export_custom_msgs__rosidl_typesupport_fastrtps_cppExport-noconfig.cmake
[30.430s] -- Up-to-date: /home/andre/ros2_ws/install/custom_msgs/share/custom_msgs/cmake/custom_msgs__rosidl_typesupport_introspection_cppExport.cmake
[30.430s] -- Up-to-date: /home/andre/ros2_ws/install/custom_msgs/share/custom_msgs/cmake/custom_msgs__rosidl_typesupport_introspection_cppExport-noconfig.cmake
[30.430s] -- Up-to-date: /home/andre/ros2_ws/install/custom_msgs/share/custom_msgs/cmake/custom_msgs__rosidl_typesupport_cppExport.cmake
[30.430s] -- Up-to-date: /home/andre/ros2_ws/install/custom_msgs/share/custom_msgs/cmake/custom_msgs__rosidl_typesupport_cppExport-noconfig.cmake
[30.431s] -- Up-to-date: /home/andre/ros2_ws/install/custom_msgs/share/custom_msgs/cmake/export_custom_msgs__rosidl_generator_pyExport.cmake
[30.431s] -- Up-to-date: /home/andre/ros2_ws/install/custom_msgs/share/custom_msgs/cmake/export_custom_msgs__rosidl_generator_pyExport-noconfig.cmake
[30.432s] -- Up-to-date: /home/andre/ros2_ws/install/custom_msgs/share/custom_msgs/cmake/rosidl_cmake-extras.cmake
[30.432s] -- Up-to-date: /home/andre/ros2_ws/install/custom_msgs/share/custom_msgs/cmake/ament_cmake_export_dependencies-extras.cmake
[30.432s] -- Up-to-date: /home/andre/ros2_ws/install/custom_msgs/share/custom_msgs/cmake/ament_cmake_export_include_directories-extras.cmake
[30.432s] -- Up-to-date: /home/andre/ros2_ws/install/custom_msgs/share/custom_msgs/cmake/ament_cmake_export_libraries-extras.cmake
[30.432s] -- Up-to-date: /home/andre/ros2_ws/install/custom_msgs/share/custom_msgs/cmake/ament_cmake_export_targets-extras.cmake
[30.432s] -- Up-to-date: /home/andre/ros2_ws/install/custom_msgs/share/custom_msgs/cmake/rosidl_cmake_export_typesupport_targets-extras.cmake
[30.432s] -- Up-to-date: /home/andre/ros2_ws/install/custom_msgs/share/custom_msgs/cmake/rosidl_cmake_export_typesupport_libraries-extras.cmake
[30.433s] -- Up-to-date: /home/andre/ros2_ws/install/custom_msgs/share/custom_msgs/cmake/custom_msgsConfig.cmake
[30.433s] -- Up-to-date: /home/andre/ros2_ws/install/custom_msgs/share/custom_msgs/cmake/custom_msgsConfig-version.cmake
[30.433s] -- Up-to-date: /home/andre/ros2_ws/install/custom_msgs/share/custom_msgs/package.xml
[30.439s] Invoked command in '/home/andre/ros2_ws/build/custom_msgs' returned '0': CMAKE_PREFIX_PATH=${CMAKE_PREFIX_PATH}:/home/andre/ros2_ws/install/detection_astra_camera:/home/andre/ros2_ws/install/detection_aruco:/opt/ros/humble /usr/bin/cmake --install /home/andre/ros2_ws/build/custom_msgs
