[0.095s] Invoking command in '/home/andre/ros2_ws/build/custom_msgs': CMAKE_PREFIX_PATH=/opt/ros/humble /usr/bin/cmake --build /home/andre/ros2_ws/build/custom_msgs -- -j4 -l4
[0.747s] [ 10%] Built target custom_msgs__rosidl_generator_c
[0.748s] [ 12%] Built target custom_msgs__cpp
[0.768s] [ 12%] Built target ament_cmake_python_copy_custom_msgs
[0.859s] [ 23%] Built target custom_msgs__rosidl_typesupport_cpp
[0.886s] [ 34%] Built target custom_msgs__rosidl_typesupport_introspection_cpp
[0.890s] [ 44%] Built target custom_msgs__rosidl_typesupport_fastrtps_cpp
[0.963s] [ 55%] Built target custom_msgs__rosidl_typesupport_fastrtps_c
[1.039s] [ 65%] Built target custom_msgs__rosidl_typesupport_c
[1.063s] [ 76%] Built target custom_msgs__rosidl_typesupport_introspection_c
[1.101s] [ 76%] Built target custom_msgs
[1.141s] [ 78%] Built target custom_msgs__py
[1.271s] [ 87%] Built target custom_msgs__rosidl_generator_py
[1.350s] [ 91%] Built target custom_msgs__rosidl_typesupport_fastrtps_c__pyext
[1.372s] [ 95%] Built target custom_msgs__rosidl_typesupport_introspection_c__pyext
[1.419s] [100%] Built target custom_msgs__rosidl_typesupport_c__pyext
[1.525s] running egg_info
[1.538s] writing custom_msgs.egg-info/PKG-INFO
[1.538s] writing dependency_links to custom_msgs.egg-info/dependency_links.txt
[1.538s] writing top-level names to custom_msgs.egg-info/top_level.txt
[1.539s] reading manifest file 'custom_msgs.egg-info/SOURCES.txt'
[1.539s] writing manifest file 'custom_msgs.egg-info/SOURCES.txt'
[1.596s] [100%] Built target ament_cmake_python_build_custom_msgs_egg
[1.618s] Invoked command in '/home/andre/ros2_ws/build/custom_msgs' returned '0': CMAKE_PREFIX_PATH=/opt/ros/humble /usr/bin/cmake --build /home/andre/ros2_ws/build/custom_msgs -- -j4 -l4
[1.808s] Invoking command in '/home/andre/ros2_ws/build/custom_msgs': CMAKE_PREFIX_PATH=/opt/ros/humble /usr/bin/cmake --install /home/andre/ros2_ws/build/custom_msgs
[1.825s] -- Install configuration: ""
[1.827s] -- Up-to-date: /home/andre/ros2_ws/install/custom_msgs/share/ament_index/resource_index/rosidl_interfaces/custom_msgs
[1.828s] -- Up-to-date: /home/andre/ros2_ws/install/custom_msgs/include/custom_msgs/custom_msgs
[1.828s] -- Up-to-date: /home/andre/ros2_ws/install/custom_msgs/include/custom_msgs/custom_msgs/msg
[1.828s] -- Up-to-date: /home/andre/ros2_ws/install/custom_msgs/include/custom_msgs/custom_msgs/msg/correspondences.h
[1.828s] -- Up-to-date: /home/andre/ros2_ws/install/custom_msgs/include/custom_msgs/custom_msgs/msg/plane.h
[1.828s] -- Up-to-date: /home/andre/ros2_ws/install/custom_msgs/include/custom_msgs/custom_msgs/msg/plane_match.h
[1.828s] -- Up-to-date: /home/andre/ros2_ws/install/custom_msgs/include/custom_msgs/custom_msgs/msg/detail
[1.828s] -- Up-to-date: /home/andre/ros2_ws/install/custom_msgs/include/custom_msgs/custom_msgs/msg/detail/correspondences__type_support.h
[1.829s] -- Up-to-date: /home/andre/ros2_ws/install/custom_msgs/include/custom_msgs/custom_msgs/msg/detail/plane_match__struct.h
[1.829s] -- Up-to-date: /home/andre/ros2_ws/install/custom_msgs/include/custom_msgs/custom_msgs/msg/detail/plane_match__functions.h
[1.829s] -- Up-to-date: /home/andre/ros2_ws/install/custom_msgs/include/custom_msgs/custom_msgs/msg/detail/plane__type_support.h
[1.829s] -- Up-to-date: /home/andre/ros2_ws/install/custom_msgs/include/custom_msgs/custom_msgs/msg/detail/plane_match__functions.c
[1.829s] -- Up-to-date: /home/andre/ros2_ws/install/custom_msgs/include/custom_msgs/custom_msgs/msg/detail/correspondences__functions.h
[1.833s] -- Up-to-date: /home/andre/ros2_ws/install/custom_msgs/include/custom_msgs/custom_msgs/msg/detail/plane_match__type_support.h
[1.833s] -- Up-to-date: /home/andre/ros2_ws/install/custom_msgs/include/custom_msgs/custom_msgs/msg/detail/correspondences__struct.h
[1.833s] -- Up-to-date: /home/andre/ros2_ws/install/custom_msgs/include/custom_msgs/custom_msgs/msg/detail/plane__functions.h
[1.834s] -- Up-to-date: /home/andre/ros2_ws/install/custom_msgs/include/custom_msgs/custom_msgs/msg/detail/correspondences__functions.c
[1.834s] -- Up-to-date: /home/andre/ros2_ws/install/custom_msgs/include/custom_msgs/custom_msgs/msg/detail/plane__functions.c
[1.834s] -- Up-to-date: /home/andre/ros2_ws/install/custom_msgs/include/custom_msgs/custom_msgs/msg/detail/plane__struct.h
[1.834s] -- Up-to-date: /home/andre/ros2_ws/install/custom_msgs/include/custom_msgs/custom_msgs/msg/rosidl_generator_c__visibility_control.h
[1.834s] -- Up-to-date: /home/andre/ros2_ws/install/custom_msgs/share/custom_msgs/environment/library_path.sh
[1.834s] -- Up-to-date: /home/andre/ros2_ws/install/custom_msgs/share/custom_msgs/environment/library_path.dsv
[1.835s] -- Up-to-date: /home/andre/ros2_ws/install/custom_msgs/lib/libcustom_msgs__rosidl_generator_c.so
[1.835s] -- Up-to-date: /home/andre/ros2_ws/install/custom_msgs/include/custom_msgs/custom_msgs
[1.835s] -- Up-to-date: /home/andre/ros2_ws/install/custom_msgs/include/custom_msgs/custom_msgs/msg
[1.835s] -- Up-to-date: /home/andre/ros2_ws/install/custom_msgs/include/custom_msgs/custom_msgs/msg/detail
[1.835s] -- Up-to-date: /home/andre/ros2_ws/install/custom_msgs/include/custom_msgs/custom_msgs/msg/detail/plane_match__rosidl_typesupport_fastrtps_c.h
[1.836s] -- Up-to-date: /home/andre/ros2_ws/install/custom_msgs/include/custom_msgs/custom_msgs/msg/detail/plane__rosidl_typesupport_fastrtps_c.h
[1.836s] -- Up-to-date: /home/andre/ros2_ws/install/custom_msgs/include/custom_msgs/custom_msgs/msg/detail/correspondences__rosidl_typesupport_fastrtps_c.h
[1.836s] -- Up-to-date: /home/andre/ros2_ws/install/custom_msgs/include/custom_msgs/custom_msgs/msg/rosidl_typesupport_fastrtps_c__visibility_control.h
[1.836s] -- Up-to-date: /home/andre/ros2_ws/install/custom_msgs/lib/libcustom_msgs__rosidl_typesupport_fastrtps_c.so
[1.836s] -- Up-to-date: /home/andre/ros2_ws/install/custom_msgs/include/custom_msgs/custom_msgs
[1.836s] -- Up-to-date: /home/andre/ros2_ws/install/custom_msgs/include/custom_msgs/custom_msgs/msg
[1.837s] -- Up-to-date: /home/andre/ros2_ws/install/custom_msgs/include/custom_msgs/custom_msgs/msg/rosidl_typesupport_introspection_c__visibility_control.h
[1.837s] -- Up-to-date: /home/andre/ros2_ws/install/custom_msgs/include/custom_msgs/custom_msgs/msg/detail
[1.837s] -- Up-to-date: /home/andre/ros2_ws/install/custom_msgs/include/custom_msgs/custom_msgs/msg/detail/plane_match__type_support.c
[1.837s] -- Up-to-date: /home/andre/ros2_ws/install/custom_msgs/include/custom_msgs/custom_msgs/msg/detail/plane_match__rosidl_typesupport_introspection_c.h
[1.837s] -- Up-to-date: /home/andre/ros2_ws/install/custom_msgs/include/custom_msgs/custom_msgs/msg/detail/correspondences__rosidl_typesupport_introspection_c.h
[1.837s] -- Up-to-date: /home/andre/ros2_ws/install/custom_msgs/include/custom_msgs/custom_msgs/msg/detail/plane__rosidl_typesupport_introspection_c.h
[1.838s] -- Up-to-date: /home/andre/ros2_ws/install/custom_msgs/include/custom_msgs/custom_msgs/msg/detail/plane__type_support.c
[1.838s] -- Up-to-date: /home/andre/ros2_ws/install/custom_msgs/include/custom_msgs/custom_msgs/msg/detail/correspondences__type_support.c
[1.850s] -- Up-to-date: /home/andre/ros2_ws/install/custom_msgs/lib/libcustom_msgs__rosidl_typesupport_introspection_c.so
[1.850s] -- Up-to-date: /home/andre/ros2_ws/install/custom_msgs/lib/libcustom_msgs__rosidl_typesupport_c.so
[1.851s] -- Up-to-date: /home/andre/ros2_ws/install/custom_msgs/include/custom_msgs/custom_msgs
[1.851s] -- Up-to-date: /home/andre/ros2_ws/install/custom_msgs/include/custom_msgs/custom_msgs/msg
[1.851s] -- Up-to-date: /home/andre/ros2_ws/install/custom_msgs/include/custom_msgs/custom_msgs/msg/plane_match.hpp
[1.851s] -- Up-to-date: /home/andre/ros2_ws/install/custom_msgs/include/custom_msgs/custom_msgs/msg/detail
[1.851s] -- Up-to-date: /home/andre/ros2_ws/install/custom_msgs/include/custom_msgs/custom_msgs/msg/detail/correspondences__builder.hpp
[1.851s] -- Up-to-date: /home/andre/ros2_ws/install/custom_msgs/include/custom_msgs/custom_msgs/msg/detail/plane_match__builder.hpp
[1.851s] -- Up-to-date: /home/andre/ros2_ws/install/custom_msgs/include/custom_msgs/custom_msgs/msg/detail/correspondences__traits.hpp
[1.852s] -- Up-to-date: /home/andre/ros2_ws/install/custom_msgs/include/custom_msgs/custom_msgs/msg/detail/plane_match__traits.hpp
[1.852s] -- Up-to-date: /home/andre/ros2_ws/install/custom_msgs/include/custom_msgs/custom_msgs/msg/detail/plane_match__struct.hpp
[1.852s] -- Up-to-date: /home/andre/ros2_ws/install/custom_msgs/include/custom_msgs/custom_msgs/msg/detail/plane__builder.hpp
[1.852s] -- Up-to-date: /home/andre/ros2_ws/install/custom_msgs/include/custom_msgs/custom_msgs/msg/detail/correspondences__struct.hpp
[1.852s] -- Up-to-date: /home/andre/ros2_ws/install/custom_msgs/include/custom_msgs/custom_msgs/msg/detail/plane__struct.hpp
[1.852s] -- Up-to-date: /home/andre/ros2_ws/install/custom_msgs/include/custom_msgs/custom_msgs/msg/detail/plane__traits.hpp
[1.852s] -- Up-to-date: /home/andre/ros2_ws/install/custom_msgs/include/custom_msgs/custom_msgs/msg/plane.hpp
[1.853s] -- Up-to-date: /home/andre/ros2_ws/install/custom_msgs/include/custom_msgs/custom_msgs/msg/correspondences.hpp
[1.853s] -- Up-to-date: /home/andre/ros2_ws/install/custom_msgs/include/custom_msgs/custom_msgs
[1.853s] -- Up-to-date: /home/andre/ros2_ws/install/custom_msgs/include/custom_msgs/custom_msgs/msg
[1.853s] -- Up-to-date: /home/andre/ros2_ws/install/custom_msgs/include/custom_msgs/custom_msgs/msg/rosidl_typesupport_fastrtps_cpp__visibility_control.h
[1.853s] -- Up-to-date: /home/andre/ros2_ws/install/custom_msgs/include/custom_msgs/custom_msgs/msg/detail
[1.853s] -- Up-to-date: /home/andre/ros2_ws/install/custom_msgs/include/custom_msgs/custom_msgs/msg/detail/dds_fastrtps
[1.853s] -- Up-to-date: /home/andre/ros2_ws/install/custom_msgs/include/custom_msgs/custom_msgs/msg/detail/correspondences__rosidl_typesupport_fastrtps_cpp.hpp
[1.854s] -- Up-to-date: /home/andre/ros2_ws/install/custom_msgs/include/custom_msgs/custom_msgs/msg/detail/plane__rosidl_typesupport_fastrtps_cpp.hpp
[1.854s] -- Up-to-date: /home/andre/ros2_ws/install/custom_msgs/include/custom_msgs/custom_msgs/msg/detail/plane_match__rosidl_typesupport_fastrtps_cpp.hpp
[1.854s] -- Up-to-date: /home/andre/ros2_ws/install/custom_msgs/lib/libcustom_msgs__rosidl_typesupport_fastrtps_cpp.so
[1.854s] -- Up-to-date: /home/andre/ros2_ws/install/custom_msgs/include/custom_msgs/custom_msgs
[1.854s] -- Up-to-date: /home/andre/ros2_ws/install/custom_msgs/include/custom_msgs/custom_msgs/msg
[1.854s] -- Up-to-date: /home/andre/ros2_ws/install/custom_msgs/include/custom_msgs/custom_msgs/msg/detail
[1.854s] -- Up-to-date: /home/andre/ros2_ws/install/custom_msgs/include/custom_msgs/custom_msgs/msg/detail/plane_match__type_support.cpp
[1.855s] -- Up-to-date: /home/andre/ros2_ws/install/custom_msgs/include/custom_msgs/custom_msgs/msg/detail/correspondences__type_support.cpp
[1.855s] -- Up-to-date: /home/andre/ros2_ws/install/custom_msgs/include/custom_msgs/custom_msgs/msg/detail/plane__rosidl_typesupport_introspection_cpp.hpp
[1.855s] -- Up-to-date: /home/andre/ros2_ws/install/custom_msgs/include/custom_msgs/custom_msgs/msg/detail/plane__type_support.cpp
[1.855s] -- Up-to-date: /home/andre/ros2_ws/install/custom_msgs/include/custom_msgs/custom_msgs/msg/detail/correspondences__rosidl_typesupport_introspection_cpp.hpp
[1.855s] -- Up-to-date: /home/andre/ros2_ws/install/custom_msgs/include/custom_msgs/custom_msgs/msg/detail/plane_match__rosidl_typesupport_introspection_cpp.hpp
[1.855s] -- Up-to-date: /home/andre/ros2_ws/install/custom_msgs/lib/libcustom_msgs__rosidl_typesupport_introspection_cpp.so
[1.855s] -- Up-to-date: /home/andre/ros2_ws/install/custom_msgs/lib/libcustom_msgs__rosidl_typesupport_cpp.so
[1.856s] -- Up-to-date: /home/andre/ros2_ws/install/custom_msgs/share/custom_msgs/environment/pythonpath.sh
[1.856s] -- Up-to-date: /home/andre/ros2_ws/install/custom_msgs/share/custom_msgs/environment/pythonpath.dsv
[1.856s] -- Up-to-date: /home/andre/ros2_ws/install/custom_msgs/local/lib/python3.10/dist-packages/custom_msgs-0.0.0-py3.10.egg-info
[1.856s] -- Installing: /home/andre/ros2_ws/install/custom_msgs/local/lib/python3.10/dist-packages/custom_msgs-0.0.0-py3.10.egg-info/dependency_links.txt
[1.856s] -- Installing: /home/andre/ros2_ws/install/custom_msgs/local/lib/python3.10/dist-packages/custom_msgs-0.0.0-py3.10.egg-info/PKG-INFO
[1.856s] -- Installing: /home/andre/ros2_ws/install/custom_msgs/local/lib/python3.10/dist-packages/custom_msgs-0.0.0-py3.10.egg-info/SOURCES.txt
[1.856s] -- Installing: /home/andre/ros2_ws/install/custom_msgs/local/lib/python3.10/dist-packages/custom_msgs-0.0.0-py3.10.egg-info/top_level.txt
[1.857s] -- Up-to-date: /home/andre/ros2_ws/install/custom_msgs/local/lib/python3.10/dist-packages/custom_msgs
[1.857s] -- Up-to-date: /home/andre/ros2_ws/install/custom_msgs/local/lib/python3.10/dist-packages/custom_msgs/custom_msgs_s__rosidl_typesupport_c.cpython-310-x86_64-linux-gnu.so
[1.857s] -- Up-to-date: /home/andre/ros2_ws/install/custom_msgs/local/lib/python3.10/dist-packages/custom_msgs/custom_msgs_s__rosidl_typesupport_fastrtps_c.cpython-310-x86_64-linux-gnu.so
[1.857s] -- Up-to-date: /home/andre/ros2_ws/install/custom_msgs/local/lib/python3.10/dist-packages/custom_msgs/_custom_msgs_s.ep.rosidl_typesupport_introspection_c.c
[1.857s] -- Up-to-date: /home/andre/ros2_ws/install/custom_msgs/local/lib/python3.10/dist-packages/custom_msgs/__init__.py
[1.858s] -- Up-to-date: /home/andre/ros2_ws/install/custom_msgs/local/lib/python3.10/dist-packages/custom_msgs/libcustom_msgs__rosidl_generator_py.so
[1.858s] -- Up-to-date: /home/andre/ros2_ws/install/custom_msgs/local/lib/python3.10/dist-packages/custom_msgs/custom_msgs_s__rosidl_typesupport_introspection_c.cpython-310-x86_64-linux-gnu.so
[1.858s] -- Up-to-date: /home/andre/ros2_ws/install/custom_msgs/local/lib/python3.10/dist-packages/custom_msgs/msg
[1.858s] -- Up-to-date: /home/andre/ros2_ws/install/custom_msgs/local/lib/python3.10/dist-packages/custom_msgs/msg/_correspondences_s.c
[1.858s] -- Up-to-date: /home/andre/ros2_ws/install/custom_msgs/local/lib/python3.10/dist-packages/custom_msgs/msg/_correspondences.py
[1.859s] -- Up-to-date: /home/andre/ros2_ws/install/custom_msgs/local/lib/python3.10/dist-packages/custom_msgs/msg/__init__.py
[1.859s] -- Up-to-date: /home/andre/ros2_ws/install/custom_msgs/local/lib/python3.10/dist-packages/custom_msgs/msg/_plane_match_s.c
[1.859s] -- Up-to-date: /home/andre/ros2_ws/install/custom_msgs/local/lib/python3.10/dist-packages/custom_msgs/msg/_plane_s.c
[1.859s] -- Up-to-date: /home/andre/ros2_ws/install/custom_msgs/local/lib/python3.10/dist-packages/custom_msgs/msg/_plane_match.py
[1.859s] -- Up-to-date: /home/andre/ros2_ws/install/custom_msgs/local/lib/python3.10/dist-packages/custom_msgs/msg/_plane.py
[1.859s] -- Up-to-date: /home/andre/ros2_ws/install/custom_msgs/local/lib/python3.10/dist-packages/custom_msgs/_custom_msgs_s.ep.rosidl_typesupport_fastrtps_c.c
[1.859s] -- Up-to-date: /home/andre/ros2_ws/install/custom_msgs/local/lib/python3.10/dist-packages/custom_msgs/_custom_msgs_s.ep.rosidl_typesupport_c.c
[1.970s] Listing '/home/andre/ros2_ws/install/custom_msgs/local/lib/python3.10/dist-packages/custom_msgs'...
[1.970s] Listing '/home/andre/ros2_ws/install/custom_msgs/local/lib/python3.10/dist-packages/custom_msgs/msg'...
[1.979s] -- Up-to-date: /home/andre/ros2_ws/install/custom_msgs/local/lib/python3.10/dist-packages/custom_msgs/custom_msgs_s__rosidl_typesupport_fastrtps_c.cpython-310-x86_64-linux-gnu.so
[1.984s] -- Up-to-date: /home/andre/ros2_ws/install/custom_msgs/local/lib/python3.10/dist-packages/custom_msgs/custom_msgs_s__rosidl_typesupport_introspection_c.cpython-310-x86_64-linux-gnu.so
[1.985s] -- Up-to-date: /home/andre/ros2_ws/install/custom_msgs/local/lib/python3.10/dist-packages/custom_msgs/custom_msgs_s__rosidl_typesupport_c.cpython-310-x86_64-linux-gnu.so
[1.987s] -- Up-to-date: /home/andre/ros2_ws/install/custom_msgs/lib/libcustom_msgs__rosidl_generator_py.so
[1.988s] -- Up-to-date: /home/andre/ros2_ws/install/custom_msgs/share/custom_msgs/msg/Plane.idl
[1.988s] -- Up-to-date: /home/andre/ros2_ws/install/custom_msgs/share/custom_msgs/msg/PlaneMatch.idl
[1.988s] -- Up-to-date: /home/andre/ros2_ws/install/custom_msgs/share/custom_msgs/msg/Correspondences.idl
[1.988s] -- Up-to-date: /home/andre/ros2_ws/install/custom_msgs/share/custom_msgs/msg/Plane.msg
[1.988s] -- Up-to-date: /home/andre/ros2_ws/install/custom_msgs/share/custom_msgs/msg/PlaneMatch.msg
[1.988s] -- Up-to-date: /home/andre/ros2_ws/install/custom_msgs/share/custom_msgs/msg/Correspondences.msg
[1.988s] -- Up-to-date: /home/andre/ros2_ws/install/custom_msgs/share/ament_index/resource_index/package_run_dependencies/custom_msgs
[1.989s] -- Up-to-date: /home/andre/ros2_ws/install/custom_msgs/share/ament_index/resource_index/parent_prefix_path/custom_msgs
[1.989s] -- Up-to-date: /home/andre/ros2_ws/install/custom_msgs/share/custom_msgs/environment/ament_prefix_path.sh
[1.989s] -- Up-to-date: /home/andre/ros2_ws/install/custom_msgs/share/custom_msgs/environment/ament_prefix_path.dsv
[1.989s] -- Up-to-date: /home/andre/ros2_ws/install/custom_msgs/share/custom_msgs/environment/path.sh
[1.989s] -- Up-to-date: /home/andre/ros2_ws/install/custom_msgs/share/custom_msgs/environment/path.dsv
[1.989s] -- Up-to-date: /home/andre/ros2_ws/install/custom_msgs/share/custom_msgs/local_setup.bash
[1.989s] -- Up-to-date: /home/andre/ros2_ws/install/custom_msgs/share/custom_msgs/local_setup.sh
[1.989s] -- Up-to-date: /home/andre/ros2_ws/install/custom_msgs/share/custom_msgs/local_setup.zsh
[1.990s] -- Up-to-date: /home/andre/ros2_ws/install/custom_msgs/share/custom_msgs/local_setup.dsv
[1.990s] -- Installing: /home/andre/ros2_ws/install/custom_msgs/share/custom_msgs/package.dsv
[1.990s] -- Up-to-date: /home/andre/ros2_ws/install/custom_msgs/share/ament_index/resource_index/packages/custom_msgs
[1.990s] -- Up-to-date: /home/andre/ros2_ws/install/custom_msgs/share/custom_msgs/cmake/export_custom_msgs__rosidl_generator_cExport.cmake
[1.990s] -- Up-to-date: /home/andre/ros2_ws/install/custom_msgs/share/custom_msgs/cmake/export_custom_msgs__rosidl_generator_cExport-noconfig.cmake
[1.990s] -- Up-to-date: /home/andre/ros2_ws/install/custom_msgs/share/custom_msgs/cmake/export_custom_msgs__rosidl_typesupport_fastrtps_cExport.cmake
[1.990s] -- Up-to-date: /home/andre/ros2_ws/install/custom_msgs/share/custom_msgs/cmake/export_custom_msgs__rosidl_typesupport_fastrtps_cExport-noconfig.cmake
[1.991s] -- Up-to-date: /home/andre/ros2_ws/install/custom_msgs/share/custom_msgs/cmake/custom_msgs__rosidl_typesupport_introspection_cExport.cmake
[1.991s] -- Up-to-date: /home/andre/ros2_ws/install/custom_msgs/share/custom_msgs/cmake/custom_msgs__rosidl_typesupport_introspection_cExport-noconfig.cmake
[1.991s] -- Up-to-date: /home/andre/ros2_ws/install/custom_msgs/share/custom_msgs/cmake/custom_msgs__rosidl_typesupport_cExport.cmake
[1.991s] -- Up-to-date: /home/andre/ros2_ws/install/custom_msgs/share/custom_msgs/cmake/custom_msgs__rosidl_typesupport_cExport-noconfig.cmake
[1.991s] -- Up-to-date: /home/andre/ros2_ws/install/custom_msgs/share/custom_msgs/cmake/export_custom_msgs__rosidl_generator_cppExport.cmake
[1.991s] -- Up-to-date: /home/andre/ros2_ws/install/custom_msgs/share/custom_msgs/cmake/export_custom_msgs__rosidl_typesupport_fastrtps_cppExport.cmake
[1.991s] -- Up-to-date: /home/andre/ros2_ws/install/custom_msgs/share/custom_msgs/cmake/export_custom_msgs__rosidl_typesupport_fastrtps_cppExport-noconfig.cmake
[1.991s] -- Up-to-date: /home/andre/ros2_ws/install/custom_msgs/share/custom_msgs/cmake/custom_msgs__rosidl_typesupport_introspection_cppExport.cmake
[1.992s] -- Up-to-date: /home/andre/ros2_ws/install/custom_msgs/share/custom_msgs/cmake/custom_msgs__rosidl_typesupport_introspection_cppExport-noconfig.cmake
[1.992s] -- Up-to-date: /home/andre/ros2_ws/install/custom_msgs/share/custom_msgs/cmake/custom_msgs__rosidl_typesupport_cppExport.cmake
[1.992s] -- Up-to-date: /home/andre/ros2_ws/install/custom_msgs/share/custom_msgs/cmake/custom_msgs__rosidl_typesupport_cppExport-noconfig.cmake
[1.992s] -- Up-to-date: /home/andre/ros2_ws/install/custom_msgs/share/custom_msgs/cmake/export_custom_msgs__rosidl_generator_pyExport.cmake
[1.992s] -- Up-to-date: /home/andre/ros2_ws/install/custom_msgs/share/custom_msgs/cmake/export_custom_msgs__rosidl_generator_pyExport-noconfig.cmake
[1.992s] -- Up-to-date: /home/andre/ros2_ws/install/custom_msgs/share/custom_msgs/cmake/rosidl_cmake-extras.cmake
[1.992s] -- Up-to-date: /home/andre/ros2_ws/install/custom_msgs/share/custom_msgs/cmake/ament_cmake_export_dependencies-extras.cmake
[1.992s] -- Up-to-date: /home/andre/ros2_ws/install/custom_msgs/share/custom_msgs/cmake/ament_cmake_export_include_directories-extras.cmake
[1.993s] -- Up-to-date: /home/andre/ros2_ws/install/custom_msgs/share/custom_msgs/cmake/ament_cmake_export_libraries-extras.cmake
[1.993s] -- Up-to-date: /home/andre/ros2_ws/install/custom_msgs/share/custom_msgs/cmake/ament_cmake_export_targets-extras.cmake
[1.993s] -- Up-to-date: /home/andre/ros2_ws/install/custom_msgs/share/custom_msgs/cmake/rosidl_cmake_export_typesupport_targets-extras.cmake
[1.993s] -- Up-to-date: /home/andre/ros2_ws/install/custom_msgs/share/custom_msgs/cmake/rosidl_cmake_export_typesupport_libraries-extras.cmake
[1.993s] -- Up-to-date: /home/andre/ros2_ws/install/custom_msgs/share/custom_msgs/cmake/custom_msgsConfig.cmake
[1.993s] -- Up-to-date: /home/andre/ros2_ws/install/custom_msgs/share/custom_msgs/cmake/custom_msgsConfig-version.cmake
[1.993s] -- Up-to-date: /home/andre/ros2_ws/install/custom_msgs/share/custom_msgs/package.xml
[2.002s] Invoked command in '/home/andre/ros2_ws/build/custom_msgs' returned '0': CMAKE_PREFIX_PATH=/opt/ros/humble /usr/bin/cmake --install /home/andre/ros2_ws/build/custom_msgs
