[0.200s] DEBUG:colcon:Command line arguments: ['/usr/bin/colcon', 'build', '--packages-select', 'detection_person']
[0.200s] DEBUG:colcon:Parsed command line arguments: Namespace(log_base=None, log_level=None, verb_name='build', build_base='build', install_base='install', merge_install=False, symlink_install=False, test_result_base=None, continue_on_error=False, executor='parallel', parallel_workers=4, event_handlers=None, ignore_user_meta=False, metas=['./colcon.meta'], base_paths=['.'], packages_ignore=None, packages_ignore_regex=None, paths=None, packages_up_to=None, packages_up_to_regex=None, packages_above=None, packages_above_and_dependencies=None, packages_above_depth=None, packages_select_by_dep=None, packages_skip_by_dep=None, packages_skip_up_to=None, packages_select_build_failed=False, packages_skip_build_finished=False, packages_select_test_failures=False, packages_skip_test_passed=False, packages_select=['detection_person'], packages_skip=None, packages_select_regex=None, packages_skip_regex=None, packages_start=None, packages_end=None, allow_overriding=[], cmake_args=None, cmake_target=None, cmake_target_skip_unavailable=False, cmake_clean_cache=False, cmake_clean_first=False, cmake_force_configure=False, ament_cmake_args=None, catkin_cmake_args=None, catkin_skip_building_tests=False, mixin_files=None, mixin=None, verb_parser=<colcon_mixin.mixin.mixin_argument.MixinArgumentDecorator object at 0x7b99dd60eb00>, verb_extension=<colcon_core.verb.build.BuildVerb object at 0x7b99dd70b850>, main=<bound method BuildVerb.main of <colcon_core.verb.build.BuildVerb object at 0x7b99dd70b850>>, mixin_verb=('build',))
[0.545s] Level 1:colcon.colcon_core.package_discovery:discover_packages(colcon_meta) check parameters
[0.545s] Level 1:colcon.colcon_core.package_discovery:discover_packages(recursive) check parameters
[0.545s] Level 1:colcon.colcon_core.package_discovery:discover_packages(ignore) check parameters
[0.545s] Level 1:colcon.colcon_core.package_discovery:discover_packages(path) check parameters
[0.545s] Level 1:colcon.colcon_core.package_discovery:discover_packages(colcon_meta) discover
[0.546s] Level 1:colcon.colcon_core.package_discovery:discover_packages(recursive) discover
[0.546s] INFO:colcon.colcon_core.package_discovery:Crawling recursively for packages in '/home/andre/ros2_ws'
[0.546s] Level 1:colcon.colcon_core.package_identification:_identify(.) by extensions ['ignore', 'ignore_ament_install']
[0.546s] Level 1:colcon.colcon_core.package_identification:_identify(.) by extension 'ignore'
[0.546s] Level 1:colcon.colcon_core.package_identification:_identify(.) by extension 'ignore_ament_install'
[0.546s] Level 1:colcon.colcon_core.package_identification:_identify(.) by extensions ['colcon_pkg']
[0.546s] Level 1:colcon.colcon_core.package_identification:_identify(.) by extension 'colcon_pkg'
[0.546s] Level 1:colcon.colcon_core.package_identification:_identify(.) by extensions ['colcon_meta']
[0.546s] Level 1:colcon.colcon_core.package_identification:_identify(.) by extension 'colcon_meta'
[0.546s] Level 1:colcon.colcon_core.package_identification:_identify(.) by extensions ['ros']
[0.546s] Level 1:colcon.colcon_core.package_identification:_identify(.) by extension 'ros'
[0.620s] Level 1:colcon.colcon_core.package_identification:_identify(.) by extensions ['cmake', 'python']
[0.620s] Level 1:colcon.colcon_core.package_identification:_identify(.) by extension 'cmake'
[0.620s] Level 1:colcon.colcon_core.package_identification:_identify(.) by extension 'python'
[0.620s] Level 1:colcon.colcon_core.package_identification:_identify(.) by extensions ['python_setup_py']
[0.620s] Level 1:colcon.colcon_core.package_identification:_identify(.) by extension 'python_setup_py'
[0.620s] Level 1:colcon.colcon_core.package_identification:_identify(build) by extensions ['ignore', 'ignore_ament_install']
[0.620s] Level 1:colcon.colcon_core.package_identification:_identify(build) by extension 'ignore'
[0.621s] Level 1:colcon.colcon_core.package_identification:_identify(build) ignored
[0.621s] Level 1:colcon.colcon_core.package_identification:_identify(install) by extensions ['ignore', 'ignore_ament_install']
[0.621s] Level 1:colcon.colcon_core.package_identification:_identify(install) by extension 'ignore'
[0.621s] Level 1:colcon.colcon_core.package_identification:_identify(install) ignored
[0.622s] Level 1:colcon.colcon_core.package_identification:_identify(log) by extensions ['ignore', 'ignore_ament_install']
[0.622s] Level 1:colcon.colcon_core.package_identification:_identify(log) by extension 'ignore'
[0.622s] Level 1:colcon.colcon_core.package_identification:_identify(log) ignored
[0.622s] Level 1:colcon.colcon_core.package_identification:_identify(src) by extensions ['ignore', 'ignore_ament_install']
[0.622s] Level 1:colcon.colcon_core.package_identification:_identify(src) by extension 'ignore'
[0.623s] Level 1:colcon.colcon_core.package_identification:_identify(src) by extension 'ignore_ament_install'
[0.623s] Level 1:colcon.colcon_core.package_identification:_identify(src) by extensions ['colcon_pkg']
[0.623s] Level 1:colcon.colcon_core.package_identification:_identify(src) by extension 'colcon_pkg'
[0.623s] Level 1:colcon.colcon_core.package_identification:_identify(src) by extensions ['colcon_meta']
[0.623s] Level 1:colcon.colcon_core.package_identification:_identify(src) by extension 'colcon_meta'
[0.623s] Level 1:colcon.colcon_core.package_identification:_identify(src) by extensions ['ros']
[0.623s] Level 1:colcon.colcon_core.package_identification:_identify(src) by extension 'ros'
[0.623s] Level 1:colcon.colcon_core.package_identification:_identify(src) by extensions ['cmake', 'python']
[0.623s] Level 1:colcon.colcon_core.package_identification:_identify(src) by extension 'cmake'
[0.623s] Level 1:colcon.colcon_core.package_identification:_identify(src) by extension 'python'
[0.623s] Level 1:colcon.colcon_core.package_identification:_identify(src) by extensions ['python_setup_py']
[0.623s] Level 1:colcon.colcon_core.package_identification:_identify(src) by extension 'python_setup_py'
[0.624s] Level 1:colcon.colcon_core.package_identification:_identify(src/astra_camera) by extensions ['ignore', 'ignore_ament_install']
[0.624s] Level 1:colcon.colcon_core.package_identification:_identify(src/astra_camera) by extension 'ignore'
[0.624s] Level 1:colcon.colcon_core.package_identification:_identify(src/astra_camera) by extension 'ignore_ament_install'
[0.624s] Level 1:colcon.colcon_core.package_identification:_identify(src/astra_camera) by extensions ['colcon_pkg']
[0.624s] Level 1:colcon.colcon_core.package_identification:_identify(src/astra_camera) by extension 'colcon_pkg'
[0.624s] Level 1:colcon.colcon_core.package_identification:_identify(src/astra_camera) by extensions ['colcon_meta']
[0.624s] Level 1:colcon.colcon_core.package_identification:_identify(src/astra_camera) by extension 'colcon_meta'
[0.624s] Level 1:colcon.colcon_core.package_identification:_identify(src/astra_camera) by extensions ['ros']
[0.624s] Level 1:colcon.colcon_core.package_identification:_identify(src/astra_camera) by extension 'ros'
[0.625s] Level 1:colcon.colcon_core.package_identification:_identify(src/astra_camera) by extensions ['cmake', 'python']
[0.625s] Level 1:colcon.colcon_core.package_identification:_identify(src/astra_camera) by extension 'cmake'
[0.625s] Level 1:colcon.colcon_core.package_identification:_identify(src/astra_camera) by extension 'python'
[0.625s] Level 1:colcon.colcon_core.package_identification:_identify(src/astra_camera) by extensions ['python_setup_py']
[0.625s] Level 1:colcon.colcon_core.package_identification:_identify(src/astra_camera) by extension 'python_setup_py'
[0.625s] Level 1:colcon.colcon_core.package_identification:_identify(src/astra_camera/astra_camera) by extensions ['ignore', 'ignore_ament_install']
[0.625s] Level 1:colcon.colcon_core.package_identification:_identify(src/astra_camera/astra_camera) by extension 'ignore'
[0.626s] Level 1:colcon.colcon_core.package_identification:_identify(src/astra_camera/astra_camera) by extension 'ignore_ament_install'
[0.626s] Level 1:colcon.colcon_core.package_identification:_identify(src/astra_camera/astra_camera) by extensions ['colcon_pkg']
[0.626s] Level 1:colcon.colcon_core.package_identification:_identify(src/astra_camera/astra_camera) by extension 'colcon_pkg'
[0.626s] Level 1:colcon.colcon_core.package_identification:_identify(src/astra_camera/astra_camera) by extensions ['colcon_meta']
[0.626s] Level 1:colcon.colcon_core.package_identification:_identify(src/astra_camera/astra_camera) by extension 'colcon_meta'
[0.627s] Level 1:colcon.colcon_core.package_identification:_identify(src/astra_camera/astra_camera) by extensions ['ros']
[0.627s] Level 1:colcon.colcon_core.package_identification:_identify(src/astra_camera/astra_camera) by extension 'ros'
[0.636s] DEBUG:colcon.colcon_core.package_identification:Package 'src/astra_camera/astra_camera' with type 'ros.ament_cmake' and name 'astra_camera'
[0.636s] Level 1:colcon.colcon_core.package_identification:_identify(src/astra_camera/astra_camera_msgs) by extensions ['ignore', 'ignore_ament_install']
[0.637s] Level 1:colcon.colcon_core.package_identification:_identify(src/astra_camera/astra_camera_msgs) by extension 'ignore'
[0.637s] Level 1:colcon.colcon_core.package_identification:_identify(src/astra_camera/astra_camera_msgs) by extension 'ignore_ament_install'
[0.637s] Level 1:colcon.colcon_core.package_identification:_identify(src/astra_camera/astra_camera_msgs) by extensions ['colcon_pkg']
[0.637s] Level 1:colcon.colcon_core.package_identification:_identify(src/astra_camera/astra_camera_msgs) by extension 'colcon_pkg'
[0.637s] Level 1:colcon.colcon_core.package_identification:_identify(src/astra_camera/astra_camera_msgs) by extensions ['colcon_meta']
[0.637s] Level 1:colcon.colcon_core.package_identification:_identify(src/astra_camera/astra_camera_msgs) by extension 'colcon_meta'
[0.637s] Level 1:colcon.colcon_core.package_identification:_identify(src/astra_camera/astra_camera_msgs) by extensions ['ros']
[0.637s] Level 1:colcon.colcon_core.package_identification:_identify(src/astra_camera/astra_camera_msgs) by extension 'ros'
[0.638s] DEBUG:colcon.colcon_core.package_identification:Package 'src/astra_camera/astra_camera_msgs' with type 'ros.ament_cmake' and name 'astra_camera_msgs'
[0.638s] Level 1:colcon.colcon_core.package_identification:_identify(src/calib_correspondences) by extensions ['ignore', 'ignore_ament_install']
[0.639s] Level 1:colcon.colcon_core.package_identification:_identify(src/calib_correspondences) by extension 'ignore'
[0.639s] Level 1:colcon.colcon_core.package_identification:_identify(src/calib_correspondences) by extension 'ignore_ament_install'
[0.639s] Level 1:colcon.colcon_core.package_identification:_identify(src/calib_correspondences) by extensions ['colcon_pkg']
[0.639s] Level 1:colcon.colcon_core.package_identification:_identify(src/calib_correspondences) by extension 'colcon_pkg'
[0.639s] Level 1:colcon.colcon_core.package_identification:_identify(src/calib_correspondences) by extensions ['colcon_meta']
[0.639s] Level 1:colcon.colcon_core.package_identification:_identify(src/calib_correspondences) by extension 'colcon_meta'
[0.639s] Level 1:colcon.colcon_core.package_identification:_identify(src/calib_correspondences) by extensions ['ros']
[0.639s] Level 1:colcon.colcon_core.package_identification:_identify(src/calib_correspondences) by extension 'ros'
[0.640s] DEBUG:colcon.colcon_core.package_identification:Package 'src/calib_correspondences' with type 'ros.ament_cmake' and name 'calib_correspondences'
[0.640s] Level 1:colcon.colcon_core.package_identification:_identify(src/custom_msgs) by extensions ['ignore', 'ignore_ament_install']
[0.640s] Level 1:colcon.colcon_core.package_identification:_identify(src/custom_msgs) by extension 'ignore'
[0.641s] Level 1:colcon.colcon_core.package_identification:_identify(src/custom_msgs) by extension 'ignore_ament_install'
[0.641s] Level 1:colcon.colcon_core.package_identification:_identify(src/custom_msgs) by extensions ['colcon_pkg']
[0.641s] Level 1:colcon.colcon_core.package_identification:_identify(src/custom_msgs) by extension 'colcon_pkg'
[0.641s] Level 1:colcon.colcon_core.package_identification:_identify(src/custom_msgs) by extensions ['colcon_meta']
[0.641s] Level 1:colcon.colcon_core.package_identification:_identify(src/custom_msgs) by extension 'colcon_meta'
[0.641s] Level 1:colcon.colcon_core.package_identification:_identify(src/custom_msgs) by extensions ['ros']
[0.641s] Level 1:colcon.colcon_core.package_identification:_identify(src/custom_msgs) by extension 'ros'
[0.642s] DEBUG:colcon.colcon_core.package_identification:Package 'src/custom_msgs' with type 'ros.ament_cmake' and name 'custom_msgs'
[0.643s] Level 1:colcon.colcon_core.package_identification:_identify(src/detection_aruco) by extensions ['ignore', 'ignore_ament_install']
[0.643s] Level 1:colcon.colcon_core.package_identification:_identify(src/detection_aruco) by extension 'ignore'
[0.643s] Level 1:colcon.colcon_core.package_identification:_identify(src/detection_aruco) by extension 'ignore_ament_install'
[0.643s] Level 1:colcon.colcon_core.package_identification:_identify(src/detection_aruco) by extensions ['colcon_pkg']
[0.643s] Level 1:colcon.colcon_core.package_identification:_identify(src/detection_aruco) by extension 'colcon_pkg'
[0.643s] Level 1:colcon.colcon_core.package_identification:_identify(src/detection_aruco) by extensions ['colcon_meta']
[0.643s] Level 1:colcon.colcon_core.package_identification:_identify(src/detection_aruco) by extension 'colcon_meta'
[0.643s] Level 1:colcon.colcon_core.package_identification:_identify(src/detection_aruco) by extensions ['ros']
[0.643s] Level 1:colcon.colcon_core.package_identification:_identify(src/detection_aruco) by extension 'ros'
[0.645s] DEBUG:colcon.colcon_core.package_identification:Package 'src/detection_aruco' with type 'ros.ament_python' and name 'detection_aruco'
[0.646s] Level 1:colcon.colcon_core.package_identification:_identify(src/detection_astra_camera) by extensions ['ignore', 'ignore_ament_install']
[0.646s] Level 1:colcon.colcon_core.package_identification:_identify(src/detection_astra_camera) by extension 'ignore'
[0.646s] Level 1:colcon.colcon_core.package_identification:_identify(src/detection_astra_camera) by extension 'ignore_ament_install'
[0.646s] Level 1:colcon.colcon_core.package_identification:_identify(src/detection_astra_camera) by extensions ['colcon_pkg']
[0.646s] Level 1:colcon.colcon_core.package_identification:_identify(src/detection_astra_camera) by extension 'colcon_pkg'
[0.646s] Level 1:colcon.colcon_core.package_identification:_identify(src/detection_astra_camera) by extensions ['colcon_meta']
[0.646s] Level 1:colcon.colcon_core.package_identification:_identify(src/detection_astra_camera) by extension 'colcon_meta'
[0.647s] Level 1:colcon.colcon_core.package_identification:_identify(src/detection_astra_camera) by extensions ['ros']
[0.647s] Level 1:colcon.colcon_core.package_identification:_identify(src/detection_astra_camera) by extension 'ros'
[0.648s] DEBUG:colcon.colcon_core.package_identification:Package 'src/detection_astra_camera' with type 'ros.ament_python' and name 'detection_astra_camera'
[0.648s] Level 1:colcon.colcon_core.package_identification:_identify(src/detection_human_ros) by extensions ['ignore', 'ignore_ament_install']
[0.649s] Level 1:colcon.colcon_core.package_identification:_identify(src/detection_human_ros) by extension 'ignore'
[0.649s] Level 1:colcon.colcon_core.package_identification:_identify(src/detection_human_ros) by extension 'ignore_ament_install'
[0.649s] Level 1:colcon.colcon_core.package_identification:_identify(src/detection_human_ros) by extensions ['colcon_pkg']
[0.649s] Level 1:colcon.colcon_core.package_identification:_identify(src/detection_human_ros) by extension 'colcon_pkg'
[0.649s] Level 1:colcon.colcon_core.package_identification:_identify(src/detection_human_ros) by extensions ['colcon_meta']
[0.649s] Level 1:colcon.colcon_core.package_identification:_identify(src/detection_human_ros) by extension 'colcon_meta'
[0.650s] Level 1:colcon.colcon_core.package_identification:_identify(src/detection_human_ros) by extensions ['ros']
[0.650s] Level 1:colcon.colcon_core.package_identification:_identify(src/detection_human_ros) by extension 'ros'
[0.651s] DEBUG:colcon.colcon_core.package_identification:Package 'src/detection_human_ros' with type 'ros.ament_python' and name 'detection_human_ros'
[0.652s] Level 1:colcon.colcon_core.package_identification:_identify(src/detection_person) by extensions ['ignore', 'ignore_ament_install']
[0.652s] Level 1:colcon.colcon_core.package_identification:_identify(src/detection_person) by extension 'ignore'
[0.652s] Level 1:colcon.colcon_core.package_identification:_identify(src/detection_person) by extension 'ignore_ament_install'
[0.652s] Level 1:colcon.colcon_core.package_identification:_identify(src/detection_person) by extensions ['colcon_pkg']
[0.652s] Level 1:colcon.colcon_core.package_identification:_identify(src/detection_person) by extension 'colcon_pkg'
[0.652s] Level 1:colcon.colcon_core.package_identification:_identify(src/detection_person) by extensions ['colcon_meta']
[0.652s] Level 1:colcon.colcon_core.package_identification:_identify(src/detection_person) by extension 'colcon_meta'
[0.653s] Level 1:colcon.colcon_core.package_identification:_identify(src/detection_person) by extensions ['ros']
[0.653s] Level 1:colcon.colcon_core.package_identification:_identify(src/detection_person) by extension 'ros'
[0.654s] DEBUG:colcon.colcon_core.package_identification:Package 'src/detection_person' with type 'ros.ament_python' and name 'detection_person'
[0.654s] Level 1:colcon.colcon_core.package_identification:_identify(src/pcl_example) by extensions ['ignore', 'ignore_ament_install']
[0.654s] Level 1:colcon.colcon_core.package_identification:_identify(src/pcl_example) by extension 'ignore'
[0.655s] Level 1:colcon.colcon_core.package_identification:_identify(src/pcl_example) by extension 'ignore_ament_install'
[0.655s] Level 1:colcon.colcon_core.package_identification:_identify(src/pcl_example) by extensions ['colcon_pkg']
[0.655s] Level 1:colcon.colcon_core.package_identification:_identify(src/pcl_example) by extension 'colcon_pkg'
[0.655s] Level 1:colcon.colcon_core.package_identification:_identify(src/pcl_example) by extensions ['colcon_meta']
[0.655s] Level 1:colcon.colcon_core.package_identification:_identify(src/pcl_example) by extension 'colcon_meta'
[0.655s] Level 1:colcon.colcon_core.package_identification:_identify(src/pcl_example) by extensions ['ros']
[0.655s] Level 1:colcon.colcon_core.package_identification:_identify(src/pcl_example) by extension 'ros'
[0.657s] DEBUG:colcon.colcon_core.package_identification:Package 'src/pcl_example' with type 'ros.ament_cmake' and name 'pcl_example'
[0.657s] Level 1:colcon.colcon_core.package_discovery:discover_packages(recursive) using defaults
[0.657s] Level 1:colcon.colcon_core.package_discovery:discover_packages(ignore) discover
[0.657s] Level 1:colcon.colcon_core.package_discovery:discover_packages(ignore) using defaults
[0.657s] Level 1:colcon.colcon_core.package_discovery:discover_packages(path) discover
[0.657s] Level 1:colcon.colcon_core.package_discovery:discover_packages(path) using defaults
[0.711s] INFO:colcon.colcon_core.package_selection:Skipping not selected package 'astra_camera_msgs' in 'src/astra_camera/astra_camera_msgs'
[0.711s] INFO:colcon.colcon_core.package_selection:Skipping not selected package 'calib_correspondences' in 'src/calib_correspondences'
[0.711s] INFO:colcon.colcon_core.package_selection:Skipping not selected package 'custom_msgs' in 'src/custom_msgs'
[0.712s] INFO:colcon.colcon_core.package_selection:Skipping not selected package 'pcl_example' in 'src/pcl_example'
[0.712s] INFO:colcon.colcon_core.package_selection:Skipping not selected package 'astra_camera' in 'src/astra_camera/astra_camera'
[0.712s] INFO:colcon.colcon_core.package_selection:Skipping not selected package 'detection_aruco' in 'src/detection_aruco'
[0.712s] INFO:colcon.colcon_core.package_selection:Skipping not selected package 'detection_astra_camera' in 'src/detection_astra_camera'
[0.712s] INFO:colcon.colcon_core.package_selection:Skipping not selected package 'detection_human_ros' in 'src/detection_human_ros'
[0.713s] Level 1:colcon.colcon_core.package_discovery:discover_packages(prefix_path) check parameters
[0.713s] Level 1:colcon.colcon_core.package_discovery:discover_packages(prefix_path) discover
[0.725s] DEBUG:colcon.colcon_installed_package_information.package_discovery:Found 11 installed packages in /home/andre/ros2_ws/install
[0.727s] DEBUG:colcon.colcon_installed_package_information.package_discovery:Found 271 installed packages in /opt/ros/humble
[0.730s] Level 1:colcon.colcon_core.package_discovery:discover_packages(prefix_path) using defaults
[0.812s] Level 5:colcon.colcon_core.verb:set package 'detection_person' build argument 'cmake_args' from command line to 'None'
[0.813s] Level 5:colcon.colcon_core.verb:set package 'detection_person' build argument 'cmake_target' from command line to 'None'
[0.813s] Level 5:colcon.colcon_core.verb:set package 'detection_person' build argument 'cmake_target_skip_unavailable' from command line to 'False'
[0.813s] Level 5:colcon.colcon_core.verb:set package 'detection_person' build argument 'cmake_clean_cache' from command line to 'False'
[0.813s] Level 5:colcon.colcon_core.verb:set package 'detection_person' build argument 'cmake_clean_first' from command line to 'False'
[0.813s] Level 5:colcon.colcon_core.verb:set package 'detection_person' build argument 'cmake_force_configure' from command line to 'False'
[0.813s] Level 5:colcon.colcon_core.verb:set package 'detection_person' build argument 'ament_cmake_args' from command line to 'None'
[0.813s] Level 5:colcon.colcon_core.verb:set package 'detection_person' build argument 'catkin_cmake_args' from command line to 'None'
[0.813s] Level 5:colcon.colcon_core.verb:set package 'detection_person' build argument 'catkin_skip_building_tests' from command line to 'False'
[0.813s] DEBUG:colcon.colcon_core.verb:Building package 'detection_person' with the following arguments: {'ament_cmake_args': None, 'build_base': '/home/andre/ros2_ws/build/detection_person', 'catkin_cmake_args': None, 'catkin_skip_building_tests': False, 'cmake_args': None, 'cmake_clean_cache': False, 'cmake_clean_first': False, 'cmake_force_configure': False, 'cmake_target': None, 'cmake_target_skip_unavailable': False, 'install_base': '/home/andre/ros2_ws/install/detection_person', 'merge_install': False, 'path': '/home/andre/ros2_ws/src/detection_person', 'symlink_install': False, 'test_result_base': None}
[0.813s] INFO:colcon.colcon_core.executor:Executing jobs using 'parallel' executor
[0.825s] DEBUG:colcon.colcon_parallel_executor.executor.parallel:run_until_complete
[0.825s] INFO:colcon.colcon_ros.task.ament_python.build:Building ROS package in '/home/andre/ros2_ws/src/detection_person' with build type 'ament_python'
[0.825s] Level 1:colcon.colcon_core.shell:create_environment_hook('detection_person', 'ament_prefix_path')
[0.832s] INFO:colcon.colcon_core.plugin_system:Skipping extension 'colcon_core.shell.bat': Not used on non-Windows systems
[0.833s] INFO:colcon.colcon_core.shell:Creating environment hook '/home/andre/ros2_ws/install/detection_person/share/detection_person/hook/ament_prefix_path.ps1'
[0.834s] INFO:colcon.colcon_core.shell:Creating environment descriptor '/home/andre/ros2_ws/install/detection_person/share/detection_person/hook/ament_prefix_path.dsv'
[0.835s] INFO:colcon.colcon_core.shell:Creating environment hook '/home/andre/ros2_ws/install/detection_person/share/detection_person/hook/ament_prefix_path.sh'
[0.837s] INFO:colcon.colcon_core.shell:Skip shell extension 'powershell' for command environment: Not usable outside of PowerShell
[0.837s] DEBUG:colcon.colcon_core.shell:Skip shell extension 'dsv' for command environment
[1.541s] INFO:colcon.colcon_core.task.python.build:Building Python package in '/home/andre/ros2_ws/src/detection_person'
[1.542s] INFO:colcon.colcon_core.shell:Skip shell extension 'powershell' for command environment: Not usable outside of PowerShell
[1.542s] DEBUG:colcon.colcon_core.shell:Skip shell extension 'dsv' for command environment
[2.331s] DEBUG:colcon.colcon_core.event_handler.log_command:Invoking command in '/home/andre/ros2_ws/src/detection_person': PYTHONPATH=/home/andre/ros2_ws/build/detection_person/prefix_override:/home/andre/ros2_ws/install/detection_person/lib/python3.10/site-packages:${PYTHONPATH} /usr/bin/python3 -W ignore:setup.py install is deprecated setup.py egg_info --egg-base ../../build/detection_person build --build-base /home/andre/ros2_ws/build/detection_person/build install --record /home/andre/ros2_ws/build/detection_person/install.log --single-version-externally-managed install_data
[3.008s] DEBUG:colcon.colcon_core.event_handler.log_command:Invoked command in '/home/andre/ros2_ws/src/detection_person' returned '0': PYTHONPATH=/home/andre/ros2_ws/build/detection_person/prefix_override:/home/andre/ros2_ws/install/detection_person/lib/python3.10/site-packages:${PYTHONPATH} /usr/bin/python3 -W ignore:setup.py install is deprecated setup.py egg_info --egg-base ../../build/detection_person build --build-base /home/andre/ros2_ws/build/detection_person/build install --record /home/andre/ros2_ws/build/detection_person/install.log --single-version-externally-managed install_data
[3.011s] Level 1:colcon.colcon_core.environment:checking '/home/andre/ros2_ws/install/detection_person' for CMake module files
[3.012s] Level 1:colcon.colcon_core.environment:checking '/home/andre/ros2_ws/install/detection_person' for CMake config files
[3.013s] Level 1:colcon.colcon_core.environment:checking '/home/andre/ros2_ws/install/detection_person/lib'
[3.013s] Level 1:colcon.colcon_core.environment:checking '/home/andre/ros2_ws/install/detection_person/bin'
[3.013s] Level 1:colcon.colcon_core.environment:checking '/home/andre/ros2_ws/install/detection_person/lib/pkgconfig/detection_person.pc'
[3.013s] Level 1:colcon.colcon_core.environment:checking '/home/andre/ros2_ws/install/detection_person/lib/python3.10/site-packages'
[3.014s] Level 1:colcon.colcon_core.shell:create_environment_hook('detection_person', 'pythonpath')
[3.014s] INFO:colcon.colcon_core.shell:Creating environment hook '/home/andre/ros2_ws/install/detection_person/share/detection_person/hook/pythonpath.ps1'
[3.015s] INFO:colcon.colcon_core.shell:Creating environment descriptor '/home/andre/ros2_ws/install/detection_person/share/detection_person/hook/pythonpath.dsv'
[3.016s] INFO:colcon.colcon_core.shell:Creating environment hook '/home/andre/ros2_ws/install/detection_person/share/detection_person/hook/pythonpath.sh'
[3.018s] Level 1:colcon.colcon_core.environment:checking '/home/andre/ros2_ws/install/detection_person/bin'
[3.019s] Level 1:colcon.colcon_core.environment:create_environment_scripts_only(detection_person)
[3.020s] INFO:colcon.colcon_core.shell:Creating package script '/home/andre/ros2_ws/install/detection_person/share/detection_person/package.ps1'
[3.021s] INFO:colcon.colcon_core.shell:Creating package descriptor '/home/andre/ros2_ws/install/detection_person/share/detection_person/package.dsv'
[3.023s] INFO:colcon.colcon_core.shell:Creating package script '/home/andre/ros2_ws/install/detection_person/share/detection_person/package.sh'
[3.025s] INFO:colcon.colcon_core.shell:Creating package script '/home/andre/ros2_ws/install/detection_person/share/detection_person/package.bash'
[3.027s] INFO:colcon.colcon_core.shell:Creating package script '/home/andre/ros2_ws/install/detection_person/share/detection_person/package.zsh'
[3.031s] Level 1:colcon.colcon_core.environment:create_file_with_runtime_dependencies(/home/andre/ros2_ws/install/detection_person/share/colcon-core/packages/detection_person)
[3.032s] DEBUG:colcon.colcon_parallel_executor.executor.parallel:closing loop
[3.033s] DEBUG:colcon.colcon_parallel_executor.executor.parallel:loop closed
[3.033s] DEBUG:colcon.colcon_parallel_executor.executor.parallel:run_until_complete finished with '0'
[3.033s] DEBUG:colcon.colcon_core.event_reactor:joining thread
[3.042s] INFO:colcon.colcon_core.plugin_system:Skipping extension 'colcon_notification.desktop_notification.terminal_notifier': Not used on non-Darwin systems
[3.043s] INFO:colcon.colcon_core.plugin_system:Skipping extension 'colcon_notification.desktop_notification.win32': Not used on non-Windows systems
[3.043s] INFO:colcon.colcon_notification.desktop_notification:Sending desktop notification using 'notify2'
[3.069s] DEBUG:colcon.colcon_core.event_reactor:joined thread
[3.070s] INFO:colcon.colcon_core.shell:Creating prefix script '/home/andre/ros2_ws/install/local_setup.ps1'
[3.072s] INFO:colcon.colcon_core.shell:Creating prefix util module '/home/andre/ros2_ws/install/_local_setup_util_ps1.py'
[3.076s] INFO:colcon.colcon_core.shell:Creating prefix chain script '/home/andre/ros2_ws/install/setup.ps1'
[3.079s] INFO:colcon.colcon_core.shell:Creating prefix script '/home/andre/ros2_ws/install/local_setup.sh'
[3.080s] INFO:colcon.colcon_core.shell:Creating prefix util module '/home/andre/ros2_ws/install/_local_setup_util_sh.py'
[3.081s] INFO:colcon.colcon_core.shell:Creating prefix chain script '/home/andre/ros2_ws/install/setup.sh'
[3.085s] INFO:colcon.colcon_core.shell:Creating prefix script '/home/andre/ros2_ws/install/local_setup.bash'
[3.086s] INFO:colcon.colcon_core.shell:Creating prefix chain script '/home/andre/ros2_ws/install/setup.bash'
[3.089s] INFO:colcon.colcon_core.shell:Creating prefix script '/home/andre/ros2_ws/install/local_setup.zsh'
[3.091s] INFO:colcon.colcon_core.shell:Creating prefix chain script '/home/andre/ros2_ws/install/setup.zsh'
