[0.060s] Invoking command in '/home/andrea/ros2_ws/build/datos_camara': CMAKE_PREFIX_PATH=${CMAKE_PREFIX_PATH}:/home/andrea/ros2_ws/install/detection_aruco:/opt/ros/humble /usr/bin/cmake --build /home/andrea/ros2_ws/build/datos_camara -- -j4 -l4
[0.942s] [  3%] Built target datos_camara__cpp
[1.113s] [  3%] Built target ament_cmake_python_copy_datos_camara
[1.478s] [ 12%] Built target datos_camara__rosidl_generator_c
[1.580s] [ 35%] Built target datos_camara__rosidl_typesupport_cpp
[1.580s] [ 35%] Built target datos_camara__rosidl_typesupport_fastrtps_cpp
[1.581s] [ 41%] Built target datos_camara__rosidl_typesupport_introspection_cpp
[1.644s] [ 51%] Built target datos_camara__rosidl_typesupport_introspection_c
[1.672s] [ 61%] Built target datos_camara__rosidl_typesupport_fastrtps_c
[1.683s] [ 70%] Built target datos_camara__rosidl_typesupport_c
[1.730s] [ 70%] Built target datos_camara
[1.803s] [ 74%] Built target datos_camara__py
[1.877s] running egg_info
[1.897s] writing datos_camara.egg-info/PKG-INFO
[1.898s] writing dependency_links to datos_camara.egg-info/dependency_links.txt
[1.898s] writing top-level names to datos_camara.egg-info/top_level.txt
[1.970s] reading manifest file 'datos_camara.egg-info/SOURCES.txt'
[1.981s] writing manifest file 'datos_camara.egg-info/SOURCES.txt'
[2.016s] [ 74%] Built target ament_cmake_python_build_datos_camara_egg
[2.055s] [ 80%] Built target datos_camara__rosidl_generator_py
[2.206s] [ 87%] Built target datos_camara__rosidl_typesupport_introspection_c__pyext
[2.207s] [ 93%] Built target datos_camara__rosidl_typesupport_fastrtps_c__pyext
[2.209s] [100%] Built target datos_camara__rosidl_typesupport_c__pyext
[2.223s] Invoked command in '/home/andrea/ros2_ws/build/datos_camara' returned '0': CMAKE_PREFIX_PATH=${CMAKE_PREFIX_PATH}:/home/andrea/ros2_ws/install/detection_aruco:/opt/ros/humble /usr/bin/cmake --build /home/andrea/ros2_ws/build/datos_camara -- -j4 -l4
[2.308s] Invoking command in '/home/andrea/ros2_ws/build/datos_camara': CMAKE_PREFIX_PATH=${CMAKE_PREFIX_PATH}:/home/andrea/ros2_ws/install/detection_aruco:/opt/ros/humble /usr/bin/cmake --install /home/andrea/ros2_ws/build/datos_camara
[2.320s] -- Install configuration: ""
[2.321s] -- Up-to-date: /home/andrea/ros2_ws/install/datos_camara/share/ament_index/resource_index/rosidl_interfaces/datos_camara
[2.321s] -- Up-to-date: /home/andrea/ros2_ws/install/datos_camara/include/datos_camara/datos_camara
[2.321s] -- Up-to-date: /home/andrea/ros2_ws/install/datos_camara/include/datos_camara/datos_camara/msg
[2.321s] -- Up-to-date: /home/andrea/ros2_ws/install/datos_camara/include/datos_camara/datos_camara/msg/num.h
[2.321s] -- Up-to-date: /home/andrea/ros2_ws/install/datos_camara/include/datos_camara/datos_camara/msg/detail
[2.321s] -- Up-to-date: /home/andrea/ros2_ws/install/datos_camara/include/datos_camara/datos_camara/msg/detail/num__type_support.h
[2.321s] -- Up-to-date: /home/andrea/ros2_ws/install/datos_camara/include/datos_camara/datos_camara/msg/detail/num__functions.h
[2.322s] -- Up-to-date: /home/andrea/ros2_ws/install/datos_camara/include/datos_camara/datos_camara/msg/detail/num__struct.h
[2.322s] -- Up-to-date: /home/andrea/ros2_ws/install/datos_camara/include/datos_camara/datos_camara/msg/detail/num__functions.c
[2.322s] -- Up-to-date: /home/andrea/ros2_ws/install/datos_camara/include/datos_camara/datos_camara/msg/rosidl_generator_c__visibility_control.h
[2.322s] -- Up-to-date: /home/andrea/ros2_ws/install/datos_camara/share/datos_camara/environment/library_path.sh
[2.322s] -- Up-to-date: /home/andrea/ros2_ws/install/datos_camara/share/datos_camara/environment/library_path.dsv
[2.322s] -- Up-to-date: /home/andrea/ros2_ws/install/datos_camara/lib/libdatos_camara__rosidl_generator_c.so
[2.322s] -- Up-to-date: /home/andrea/ros2_ws/install/datos_camara/include/datos_camara/datos_camara
[2.323s] -- Up-to-date: /home/andrea/ros2_ws/install/datos_camara/include/datos_camara/datos_camara/msg
[2.323s] -- Up-to-date: /home/andrea/ros2_ws/install/datos_camara/include/datos_camara/datos_camara/msg/detail
[2.323s] -- Up-to-date: /home/andrea/ros2_ws/install/datos_camara/include/datos_camara/datos_camara/msg/detail/num__rosidl_typesupport_fastrtps_c.h
[2.323s] -- Up-to-date: /home/andrea/ros2_ws/install/datos_camara/include/datos_camara/datos_camara/msg/rosidl_typesupport_fastrtps_c__visibility_control.h
[2.324s] -- Up-to-date: /home/andrea/ros2_ws/install/datos_camara/lib/libdatos_camara__rosidl_typesupport_fastrtps_c.so
[2.324s] -- Up-to-date: /home/andrea/ros2_ws/install/datos_camara/include/datos_camara/datos_camara
[2.324s] -- Up-to-date: /home/andrea/ros2_ws/install/datos_camara/include/datos_camara/datos_camara/msg
[2.324s] -- Up-to-date: /home/andrea/ros2_ws/install/datos_camara/include/datos_camara/datos_camara/msg/detail
[2.324s] -- Up-to-date: /home/andrea/ros2_ws/install/datos_camara/include/datos_camara/datos_camara/msg/detail/num__builder.hpp
[2.324s] -- Up-to-date: /home/andrea/ros2_ws/install/datos_camara/include/datos_camara/datos_camara/msg/detail/num__struct.hpp
[2.324s] -- Up-to-date: /home/andrea/ros2_ws/install/datos_camara/include/datos_camara/datos_camara/msg/detail/num__traits.hpp
[2.324s] -- Up-to-date: /home/andrea/ros2_ws/install/datos_camara/include/datos_camara/datos_camara/msg/num.hpp
[2.325s] -- Up-to-date: /home/andrea/ros2_ws/install/datos_camara/include/datos_camara/datos_camara
[2.325s] -- Up-to-date: /home/andrea/ros2_ws/install/datos_camara/include/datos_camara/datos_camara/msg
[2.325s] -- Up-to-date: /home/andrea/ros2_ws/install/datos_camara/include/datos_camara/datos_camara/msg/rosidl_typesupport_fastrtps_cpp__visibility_control.h
[2.325s] -- Up-to-date: /home/andrea/ros2_ws/install/datos_camara/include/datos_camara/datos_camara/msg/detail
[2.325s] -- Up-to-date: /home/andrea/ros2_ws/install/datos_camara/include/datos_camara/datos_camara/msg/detail/num__rosidl_typesupport_fastrtps_cpp.hpp
[2.325s] -- Up-to-date: /home/andrea/ros2_ws/install/datos_camara/include/datos_camara/datos_camara/msg/detail/dds_fastrtps
[2.372s] -- Up-to-date: /home/andrea/ros2_ws/install/datos_camara/lib/libdatos_camara__rosidl_typesupport_fastrtps_cpp.so
[2.372s] -- Up-to-date: /home/andrea/ros2_ws/install/datos_camara/include/datos_camara/datos_camara
[2.372s] -- Up-to-date: /home/andrea/ros2_ws/install/datos_camara/include/datos_camara/datos_camara/msg
[2.372s] -- Up-to-date: /home/andrea/ros2_ws/install/datos_camara/include/datos_camara/datos_camara/msg/rosidl_typesupport_introspection_c__visibility_control.h
[2.373s] -- Up-to-date: /home/andrea/ros2_ws/install/datos_camara/include/datos_camara/datos_camara/msg/detail
[2.373s] -- Up-to-date: /home/andrea/ros2_ws/install/datos_camara/include/datos_camara/datos_camara/msg/detail/num__rosidl_typesupport_introspection_c.h
[2.373s] -- Up-to-date: /home/andrea/ros2_ws/install/datos_camara/include/datos_camara/datos_camara/msg/detail/num__type_support.c
[2.373s] -- Up-to-date: /home/andrea/ros2_ws/install/datos_camara/lib/libdatos_camara__rosidl_typesupport_introspection_c.so
[2.373s] -- Up-to-date: /home/andrea/ros2_ws/install/datos_camara/lib/libdatos_camara__rosidl_typesupport_c.so
[2.374s] -- Up-to-date: /home/andrea/ros2_ws/install/datos_camara/include/datos_camara/datos_camara
[2.374s] -- Up-to-date: /home/andrea/ros2_ws/install/datos_camara/include/datos_camara/datos_camara/msg
[2.374s] -- Up-to-date: /home/andrea/ros2_ws/install/datos_camara/include/datos_camara/datos_camara/msg/detail
[2.374s] -- Up-to-date: /home/andrea/ros2_ws/install/datos_camara/include/datos_camara/datos_camara/msg/detail/num__rosidl_typesupport_introspection_cpp.hpp
[2.374s] -- Up-to-date: /home/andrea/ros2_ws/install/datos_camara/include/datos_camara/datos_camara/msg/detail/num__type_support.cpp
[2.374s] -- Up-to-date: /home/andrea/ros2_ws/install/datos_camara/lib/libdatos_camara__rosidl_typesupport_introspection_cpp.so
[2.375s] -- Up-to-date: /home/andrea/ros2_ws/install/datos_camara/lib/libdatos_camara__rosidl_typesupport_cpp.so
[2.375s] -- Up-to-date: /home/andrea/ros2_ws/install/datos_camara/share/datos_camara/environment/pythonpath.sh
[2.376s] -- Up-to-date: /home/andrea/ros2_ws/install/datos_camara/share/datos_camara/environment/pythonpath.dsv
[2.376s] -- Up-to-date: /home/andrea/ros2_ws/install/datos_camara/local/lib/python3.10/dist-packages/datos_camara-0.0.0-py3.10.egg-info
[2.376s] -- Installing: /home/andrea/ros2_ws/install/datos_camara/local/lib/python3.10/dist-packages/datos_camara-0.0.0-py3.10.egg-info/dependency_links.txt
[2.376s] -- Installing: /home/andrea/ros2_ws/install/datos_camara/local/lib/python3.10/dist-packages/datos_camara-0.0.0-py3.10.egg-info/SOURCES.txt
[2.376s] -- Installing: /home/andrea/ros2_ws/install/datos_camara/local/lib/python3.10/dist-packages/datos_camara-0.0.0-py3.10.egg-info/PKG-INFO
[2.376s] -- Installing: /home/andrea/ros2_ws/install/datos_camara/local/lib/python3.10/dist-packages/datos_camara-0.0.0-py3.10.egg-info/top_level.txt
[2.377s] -- Up-to-date: /home/andrea/ros2_ws/install/datos_camara/local/lib/python3.10/dist-packages/datos_camara
[2.377s] -- Up-to-date: /home/andrea/ros2_ws/install/datos_camara/local/lib/python3.10/dist-packages/datos_camara/_datos_camara_s.ep.rosidl_typesupport_fastrtps_c.c
[2.377s] -- Up-to-date: /home/andrea/ros2_ws/install/datos_camara/local/lib/python3.10/dist-packages/datos_camara/_datos_camara_s.ep.rosidl_typesupport_c.c
[2.377s] -- Up-to-date: /home/andrea/ros2_ws/install/datos_camara/local/lib/python3.10/dist-packages/datos_camara/libdatos_camara__rosidl_generator_py.so
[2.377s] -- Up-to-date: /home/andrea/ros2_ws/install/datos_camara/local/lib/python3.10/dist-packages/datos_camara/_datos_camara_s.ep.rosidl_typesupport_introspection_c.c
[2.377s] -- Up-to-date: /home/andrea/ros2_ws/install/datos_camara/local/lib/python3.10/dist-packages/datos_camara/datos_camara_s__rosidl_typesupport_c.cpython-310-x86_64-linux-gnu.so
[2.378s] -- Up-to-date: /home/andrea/ros2_ws/install/datos_camara/local/lib/python3.10/dist-packages/datos_camara/msg
[2.378s] -- Up-to-date: /home/andrea/ros2_ws/install/datos_camara/local/lib/python3.10/dist-packages/datos_camara/msg/_num_s.c
[2.378s] -- Up-to-date: /home/andrea/ros2_ws/install/datos_camara/local/lib/python3.10/dist-packages/datos_camara/msg/_num.py
[2.378s] -- Up-to-date: /home/andrea/ros2_ws/install/datos_camara/local/lib/python3.10/dist-packages/datos_camara/msg/__init__.py
[2.378s] -- Up-to-date: /home/andrea/ros2_ws/install/datos_camara/local/lib/python3.10/dist-packages/datos_camara/datos_camara_s__rosidl_typesupport_introspection_c.cpython-310-x86_64-linux-gnu.so
[2.378s] -- Up-to-date: /home/andrea/ros2_ws/install/datos_camara/local/lib/python3.10/dist-packages/datos_camara/__init__.py
[2.379s] -- Up-to-date: /home/andrea/ros2_ws/install/datos_camara/local/lib/python3.10/dist-packages/datos_camara/datos_camara_s__rosidl_typesupport_fastrtps_c.cpython-310-x86_64-linux-gnu.so
[2.463s] Listing '/home/andrea/ros2_ws/install/datos_camara/local/lib/python3.10/dist-packages/datos_camara'...
[2.463s] Listing '/home/andrea/ros2_ws/install/datos_camara/local/lib/python3.10/dist-packages/datos_camara/msg'...
[2.476s] -- Up-to-date: /home/andrea/ros2_ws/install/datos_camara/local/lib/python3.10/dist-packages/datos_camara/datos_camara_s__rosidl_typesupport_fastrtps_c.cpython-310-x86_64-linux-gnu.so
[2.498s] -- Up-to-date: /home/andrea/ros2_ws/install/datos_camara/local/lib/python3.10/dist-packages/datos_camara/datos_camara_s__rosidl_typesupport_introspection_c.cpython-310-x86_64-linux-gnu.so
[2.516s] -- Up-to-date: /home/andrea/ros2_ws/install/datos_camara/local/lib/python3.10/dist-packages/datos_camara/datos_camara_s__rosidl_typesupport_c.cpython-310-x86_64-linux-gnu.so
[2.529s] -- Up-to-date: /home/andrea/ros2_ws/install/datos_camara/lib/libdatos_camara__rosidl_generator_py.so
[2.530s] -- Up-to-date: /home/andrea/ros2_ws/install/datos_camara/share/datos_camara/msg/Num.idl
[2.530s] -- Up-to-date: /home/andrea/ros2_ws/install/datos_camara/share/datos_camara/msg/Num.msg
[2.531s] -- Up-to-date: /home/andrea/ros2_ws/install/datos_camara/share/ament_index/resource_index/package_run_dependencies/datos_camara
[2.531s] -- Up-to-date: /home/andrea/ros2_ws/install/datos_camara/share/ament_index/resource_index/parent_prefix_path/datos_camara
[2.532s] -- Up-to-date: /home/andrea/ros2_ws/install/datos_camara/share/datos_camara/environment/ament_prefix_path.sh
[2.532s] -- Up-to-date: /home/andrea/ros2_ws/install/datos_camara/share/datos_camara/environment/ament_prefix_path.dsv
[2.533s] -- Up-to-date: /home/andrea/ros2_ws/install/datos_camara/share/datos_camara/environment/path.sh
[2.533s] -- Up-to-date: /home/andrea/ros2_ws/install/datos_camara/share/datos_camara/environment/path.dsv
[2.533s] -- Up-to-date: /home/andrea/ros2_ws/install/datos_camara/share/datos_camara/local_setup.bash
[2.534s] -- Up-to-date: /home/andrea/ros2_ws/install/datos_camara/share/datos_camara/local_setup.sh
[2.534s] -- Up-to-date: /home/andrea/ros2_ws/install/datos_camara/share/datos_camara/local_setup.zsh
[2.534s] -- Up-to-date: /home/andrea/ros2_ws/install/datos_camara/share/datos_camara/local_setup.dsv
[2.535s] -- Installing: /home/andrea/ros2_ws/install/datos_camara/share/datos_camara/package.dsv
[2.548s] -- Up-to-date: /home/andrea/ros2_ws/install/datos_camara/share/ament_index/resource_index/packages/datos_camara
[2.589s] -- Up-to-date: /home/andrea/ros2_ws/install/datos_camara/share/datos_camara/cmake/export_datos_camara__rosidl_generator_cExport.cmake
[2.589s] -- Up-to-date: /home/andrea/ros2_ws/install/datos_camara/share/datos_camara/cmake/export_datos_camara__rosidl_generator_cExport-noconfig.cmake
[2.612s] -- Up-to-date: /home/andrea/ros2_ws/install/datos_camara/share/datos_camara/cmake/export_datos_camara__rosidl_typesupport_fastrtps_cExport.cmake
[2.613s] -- Up-to-date: /home/andrea/ros2_ws/install/datos_camara/share/datos_camara/cmake/export_datos_camara__rosidl_typesupport_fastrtps_cExport-noconfig.cmake
[2.614s] -- Up-to-date: /home/andrea/ros2_ws/install/datos_camara/share/datos_camara/cmake/export_datos_camara__rosidl_generator_cppExport.cmake
[2.615s] -- Up-to-date: /home/andrea/ros2_ws/install/datos_camara/share/datos_camara/cmake/export_datos_camara__rosidl_typesupport_fastrtps_cppExport.cmake
[2.615s] -- Up-to-date: /home/andrea/ros2_ws/install/datos_camara/share/datos_camara/cmake/export_datos_camara__rosidl_typesupport_fastrtps_cppExport-noconfig.cmake
[2.616s] -- Up-to-date: /home/andrea/ros2_ws/install/datos_camara/share/datos_camara/cmake/datos_camara__rosidl_typesupport_introspection_cExport.cmake
[2.617s] -- Up-to-date: /home/andrea/ros2_ws/install/datos_camara/share/datos_camara/cmake/datos_camara__rosidl_typesupport_introspection_cExport-noconfig.cmake
[2.627s] -- Up-to-date: /home/andrea/ros2_ws/install/datos_camara/share/datos_camara/cmake/datos_camara__rosidl_typesupport_cExport.cmake
[2.628s] -- Up-to-date: /home/andrea/ros2_ws/install/datos_camara/share/datos_camara/cmake/datos_camara__rosidl_typesupport_cExport-noconfig.cmake
[2.629s] -- Up-to-date: /home/andrea/ros2_ws/install/datos_camara/share/datos_camara/cmake/datos_camara__rosidl_typesupport_introspection_cppExport.cmake
[2.629s] -- Up-to-date: /home/andrea/ros2_ws/install/datos_camara/share/datos_camara/cmake/datos_camara__rosidl_typesupport_introspection_cppExport-noconfig.cmake
[2.630s] -- Up-to-date: /home/andrea/ros2_ws/install/datos_camara/share/datos_camara/cmake/datos_camara__rosidl_typesupport_cppExport.cmake
[2.631s] -- Up-to-date: /home/andrea/ros2_ws/install/datos_camara/share/datos_camara/cmake/datos_camara__rosidl_typesupport_cppExport-noconfig.cmake
[2.632s] -- Up-to-date: /home/andrea/ros2_ws/install/datos_camara/share/datos_camara/cmake/export_datos_camara__rosidl_generator_pyExport.cmake
[2.633s] -- Up-to-date: /home/andrea/ros2_ws/install/datos_camara/share/datos_camara/cmake/export_datos_camara__rosidl_generator_pyExport-noconfig.cmake
[2.634s] -- Up-to-date: /home/andrea/ros2_ws/install/datos_camara/share/datos_camara/cmake/rosidl_cmake-extras.cmake
[2.635s] -- Up-to-date: /home/andrea/ros2_ws/install/datos_camara/share/datos_camara/cmake/ament_cmake_export_dependencies-extras.cmake
[2.635s] -- Up-to-date: /home/andrea/ros2_ws/install/datos_camara/share/datos_camara/cmake/ament_cmake_export_include_directories-extras.cmake
[2.636s] -- Up-to-date: /home/andrea/ros2_ws/install/datos_camara/share/datos_camara/cmake/ament_cmake_export_libraries-extras.cmake
[2.636s] -- Up-to-date: /home/andrea/ros2_ws/install/datos_camara/share/datos_camara/cmake/ament_cmake_export_targets-extras.cmake
[2.637s] -- Up-to-date: /home/andrea/ros2_ws/install/datos_camara/share/datos_camara/cmake/rosidl_cmake_export_typesupport_targets-extras.cmake
[2.642s] -- Up-to-date: /home/andrea/ros2_ws/install/datos_camara/share/datos_camara/cmake/rosidl_cmake_export_typesupport_libraries-extras.cmake
[2.643s] -- Up-to-date: /home/andrea/ros2_ws/install/datos_camara/share/datos_camara/cmake/datos_camaraConfig.cmake
[2.643s] -- Up-to-date: /home/andrea/ros2_ws/install/datos_camara/share/datos_camara/cmake/datos_camaraConfig-version.cmake
[2.646s] -- Up-to-date: /home/andrea/ros2_ws/install/datos_camara/share/datos_camara/package.xml
[2.650s] Invoked command in '/home/andrea/ros2_ws/build/datos_camara' returned '0': CMAKE_PREFIX_PATH=${CMAKE_PREFIX_PATH}:/home/andrea/ros2_ws/install/detection_aruco:/opt/ros/humble /usr/bin/cmake --install /home/andrea/ros2_ws/build/datos_camara
