[3.043s] Invoking command in '/home/andre/ros2_ws/src/detection_aruco': CMAKE_PREFIX_PATH=/home/andre/ros2_ws/install/custom_msgs:/home/andre/ros2_ws/install/datos_camara:/home/andre/ros2_ws/install/astra_camera:/home/andre/ros2_ws/install/astra_camera_msgs LD_LIBRARY_PATH=/home/andre/ros2_ws/install/custom_msgs/lib:/home/andre/ros2_ws/install/datos_camara/lib:/home/andre/ros2_ws/install/astra_camera/lib:/home/andre/ros2_ws/install/astra_camera_msgs/lib:/opt/ros/humble/opt/rviz_ogre_vendor/lib:/opt/ros/humble/lib/x86_64-linux-gnu:/opt/ros/humble/lib PYTHONPATH=/home/andre/ros2_ws/build/detection_aruco/prefix_override:/home/andre/ros2_ws/install/detection_aruco/lib/python3.10/site-packages:${PYTHONPATH} /usr/bin/python3 -W ignore:setup.py install is deprecated setup.py egg_info --egg-base ../../build/detection_aruco build --build-base /home/andre/ros2_ws/build/detection_aruco/build install --record /home/andre/ros2_ws/build/detection_aruco/install.log --single-version-externally-managed install_data
[4.225s] running egg_info
[4.239s] writing ../../build/detection_aruco/detection_aruco.egg-info/PKG-INFO
[4.249s] writing dependency_links to ../../build/detection_aruco/detection_aruco.egg-info/dependency_links.txt
[4.250s] writing entry points to ../../build/detection_aruco/detection_aruco.egg-info/entry_points.txt
[4.250s] writing requirements to ../../build/detection_aruco/detection_aruco.egg-info/requires.txt
[4.250s] writing top-level names to ../../build/detection_aruco/detection_aruco.egg-info/top_level.txt
[4.250s] reading manifest file '../../build/detection_aruco/detection_aruco.egg-info/SOURCES.txt'
[4.250s] adding license file 'LICENSE'
[4.250s] writing manifest file '../../build/detection_aruco/detection_aruco.egg-info/SOURCES.txt'
[4.251s] running build
[4.251s] running build_py
[4.251s] running install
[4.251s] running install_lib
[4.251s] running install_data
[4.252s] running install_egg_info
[4.252s] removing '/home/andre/ros2_ws/install/detection_aruco/lib/python3.10/site-packages/detection_aruco-0.0.0-py3.10.egg-info' (and everything under it)
[4.252s] Copying ../../build/detection_aruco/detection_aruco.egg-info to /home/andre/ros2_ws/install/detection_aruco/lib/python3.10/site-packages/detection_aruco-0.0.0-py3.10.egg-info
[4.252s] running install_scripts
[4.271s] Installing obtain script to /home/andre/ros2_ws/install/detection_aruco/lib/detection_aruco
[4.271s] Installing see script to /home/andre/ros2_ws/install/detection_aruco/lib/detection_aruco
[4.274s] writing list of installed files to '/home/andre/ros2_ws/build/detection_aruco/install.log'
[4.381s] Invoked command in '/home/andre/ros2_ws/src/detection_aruco' returned '0': CMAKE_PREFIX_PATH=/home/andre/ros2_ws/install/custom_msgs:/home/andre/ros2_ws/install/datos_camara:/home/andre/ros2_ws/install/astra_camera:/home/andre/ros2_ws/install/astra_camera_msgs LD_LIBRARY_PATH=/home/andre/ros2_ws/install/custom_msgs/lib:/home/andre/ros2_ws/install/datos_camara/lib:/home/andre/ros2_ws/install/astra_camera/lib:/home/andre/ros2_ws/install/astra_camera_msgs/lib:/opt/ros/humble/opt/rviz_ogre_vendor/lib:/opt/ros/humble/lib/x86_64-linux-gnu:/opt/ros/humble/lib PYTHONPATH=/home/andre/ros2_ws/build/detection_aruco/prefix_override:/home/andre/ros2_ws/install/detection_aruco/lib/python3.10/site-packages:${PYTHONPATH} /usr/bin/python3 -W ignore:setup.py install is deprecated setup.py egg_info --egg-base ../../build/detection_aruco build --build-base /home/andre/ros2_ws/build/detection_aruco/build install --record /home/andre/ros2_ws/build/detection_aruco/install.log --single-version-externally-managed install_data
