running egg_info
creating ../../build/get_body_reconstruction/get_body_reconstruction.egg-info
writing ../../build/get_body_reconstruction/get_body_reconstruction.egg-info/PKG-INFO
writing dependency_links to ../../build/get_body_reconstruction/get_body_reconstruction.egg-info/dependency_links.txt
writing entry points to ../../build/get_body_reconstruction/get_body_reconstruction.egg-info/entry_points.txt
writing requirements to ../../build/get_body_reconstruction/get_body_reconstruction.egg-info/requires.txt
writing top-level names to ../../build/get_body_reconstruction/get_body_reconstruction.egg-info/top_level.txt
writing manifest file '../../build/get_body_reconstruction/get_body_reconstruction.egg-info/SOURCES.txt'
reading manifest file '../../build/get_body_reconstruction/get_body_reconstruction.egg-info/SOURCES.txt'
adding license file 'LICENSE'
writing manifest file '../../build/get_body_reconstruction/get_body_reconstruction.egg-info/SOURCES.txt'
running build
running build_py
creating /home/andre/ros2_ws/build/get_body_reconstruction/build
creating /home/andre/ros2_ws/build/get_body_reconstruction/build/lib
creating /home/andre/ros2_ws/build/get_body_reconstruction/build/lib/get_body_reconstruction
copying get_body_reconstruction/__init__.py -> /home/andre/ros2_ws/build/get_body_reconstruction/build/lib/get_body_reconstruction
running install
running install_lib
creating /home/andre/ros2_ws/install/get_body_reconstruction/lib/python3.10/site-packages/get_body_reconstruction
copying /home/andre/ros2_ws/build/get_body_reconstruction/build/lib/get_body_reconstruction/__init__.py -> /home/andre/ros2_ws/install/get_body_reconstruction/lib/python3.10/site-packages/get_body_reconstruction
byte-compiling /home/andre/ros2_ws/install/get_body_reconstruction/lib/python3.10/site-packages/get_body_reconstruction/__init__.py to __init__.cpython-310.pyc
running install_data
creating /home/andre/ros2_ws/install/get_body_reconstruction/share/ament_index
creating /home/andre/ros2_ws/install/get_body_reconstruction/share/ament_index/resource_index
creating /home/andre/ros2_ws/install/get_body_reconstruction/share/ament_index/resource_index/packages
copying resource/get_body_reconstruction -> /home/andre/ros2_ws/install/get_body_reconstruction/share/ament_index/resource_index/packages
copying package.xml -> /home/andre/ros2_ws/install/get_body_reconstruction/share/get_body_reconstruction
running install_egg_info
Copying ../../build/get_body_reconstruction/get_body_reconstruction.egg-info to /home/andre/ros2_ws/install/get_body_reconstruction/lib/python3.10/site-packages/get_body_reconstruction-0.0.0-py3.10.egg-info
running install_scripts
writing list of installed files to '/home/andre/ros2_ws/build/get_body_reconstruction/install.log'
