[1.416s] Invoking command in '/home/andre/ros2_ws/src/detection_aruco': CMAKE_PREFIX_PATH=/home/andre/ros2_ws/install/apriltag_ros:/home/andre/ros2_ws/install/custom_msgs:/home/andre/ros2_ws/install/apriltag_msgs:/home/andre/ros2_ws/install/calib_correspondences:/home/andre/ros2_ws/install/astra_camera:/home/andre/ros2_ws/install/astra_camera_msgs LD_LIBRARY_PATH=/home/andre/ros2_ws/install/apriltag_ros/lib:/home/andre/ros2_ws/install/custom_msgs/lib:/home/andre/ros2_ws/install/apriltag_msgs/lib:/home/andre/ros2_ws/install/astra_camera/lib:/home/andre/ros2_ws/install/astra_camera_msgs/lib:/opt/ros/humble/opt/rviz_ogre_vendor/lib:/opt/ros/humble/lib/x86_64-linux-gnu:/opt/ros/humble/lib PYTHONPATH=/home/andre/ros2_ws/build/detection_aruco/prefix_override:/home/andre/ros2_ws/install/detection_aruco/lib/python3.10/site-packages:${PYTHONPATH} /usr/bin/python3 -W ignore:setup.py install is deprecated setup.py egg_info --egg-base ../../build/detection_aruco build --build-base /home/andre/ros2_ws/build/detection_aruco/build install --record /home/andre/ros2_ws/build/detection_aruco/install.log --single-version-externally-managed install_data
[1.970s] running egg_info
[1.974s] writing ../../build/detection_aruco/detection_aruco.egg-info/PKG-INFO
[1.976s] writing dependency_links to ../../build/detection_aruco/detection_aruco.egg-info/dependency_links.txt
[1.976s] writing entry points to ../../build/detection_aruco/detection_aruco.egg-info/entry_points.txt
[1.976s] writing requirements to ../../build/detection_aruco/detection_aruco.egg-info/requires.txt
[1.976s] writing top-level names to ../../build/detection_aruco/detection_aruco.egg-info/top_level.txt
[1.979s] reading manifest file '../../build/detection_aruco/detection_aruco.egg-info/SOURCES.txt'
[1.980s] adding license file 'LICENSE'
[1.982s] writing manifest file '../../build/detection_aruco/detection_aruco.egg-info/SOURCES.txt'
[1.982s] running build
[1.982s] running build_py
[1.982s] copying detection_aruco/detection_aruco.py -> /home/andre/ros2_ws/build/detection_aruco/build/lib/detection_aruco
[1.983s] running install
[1.984s] running install_lib
[1.985s] copying /home/andre/ros2_ws/build/detection_aruco/build/lib/detection_aruco/detection_aruco.py -> /home/andre/ros2_ws/install/detection_aruco/lib/python3.10/site-packages/detection_aruco
[1.987s] byte-compiling /home/andre/ros2_ws/install/detection_aruco/lib/python3.10/site-packages/detection_aruco/detection_aruco.py to detection_aruco.cpython-310.pyc
[1.991s] running install_data
[1.992s] running install_egg_info
[1.994s] removing '/home/andre/ros2_ws/install/detection_aruco/lib/python3.10/site-packages/detection_aruco-0.0.0-py3.10.egg-info' (and everything under it)
[1.995s] Copying ../../build/detection_aruco/detection_aruco.egg-info to /home/andre/ros2_ws/install/detection_aruco/lib/python3.10/site-packages/detection_aruco-0.0.0-py3.10.egg-info
[1.996s] running install_scripts
[2.036s] Installing obtain script to /home/andre/ros2_ws/install/detection_aruco/lib/detection_aruco
[2.036s] Installing see script to /home/andre/ros2_ws/install/detection_aruco/lib/detection_aruco
[2.037s] writing list of installed files to '/home/andre/ros2_ws/build/detection_aruco/install.log'
[2.096s] Invoked command in '/home/andre/ros2_ws/src/detection_aruco' returned '0': CMAKE_PREFIX_PATH=/home/andre/ros2_ws/install/apriltag_ros:/home/andre/ros2_ws/install/custom_msgs:/home/andre/ros2_ws/install/apriltag_msgs:/home/andre/ros2_ws/install/calib_correspondences:/home/andre/ros2_ws/install/astra_camera:/home/andre/ros2_ws/install/astra_camera_msgs LD_LIBRARY_PATH=/home/andre/ros2_ws/install/apriltag_ros/lib:/home/andre/ros2_ws/install/custom_msgs/lib:/home/andre/ros2_ws/install/apriltag_msgs/lib:/home/andre/ros2_ws/install/astra_camera/lib:/home/andre/ros2_ws/install/astra_camera_msgs/lib:/opt/ros/humble/opt/rviz_ogre_vendor/lib:/opt/ros/humble/lib/x86_64-linux-gnu:/opt/ros/humble/lib PYTHONPATH=/home/andre/ros2_ws/build/detection_aruco/prefix_override:/home/andre/ros2_ws/install/detection_aruco/lib/python3.10/site-packages:${PYTHONPATH} /usr/bin/python3 -W ignore:setup.py install is deprecated setup.py egg_info --egg-base ../../build/detection_aruco build --build-base /home/andre/ros2_ws/build/detection_aruco/build install --record /home/andre/ros2_ws/build/detection_aruco/install.log --single-version-externally-managed install_data
