[0.048s] Invoking command in '/home/andre/ros2_ws/build/astra_camera_msgs': CMAKE_PREFIX_PATH=${CMAKE_PREFIX_PATH}:/home/andre/ros2_ws/install/detection_astra_camera:/home/andre/ros2_ws/install/detection_aruco:/opt/ros/humble /usr/bin/cmake --build /home/andre/ros2_ws/build/astra_camera_msgs -- -j4 -l4
[0.353s] [  1%] Built target astra_camera_msgs__cpp
[0.440s] [ 12%] Built target astra_camera_msgs__rosidl_generator_c
[0.558s] [ 12%] Built target ament_cmake_python_copy_astra_camera_msgs
[0.561s] [ 24%] Built target astra_camera_msgs__rosidl_typesupport_fastrtps_cpp
[0.609s] [ 35%] Built target astra_camera_msgs__rosidl_typesupport_introspection_cpp
[0.772s] [ 47%] Built target astra_camera_msgs__rosidl_typesupport_cpp
[0.853s] [ 58%] Built target astra_camera_msgs__rosidl_typesupport_introspection_c
[0.872s] [ 70%] Built target astra_camera_msgs__rosidl_typesupport_fastrtps_c
[0.886s] [ 82%] Built target astra_camera_msgs__rosidl_typesupport_c
[1.661s] running egg_info
[1.664s] writing astra_camera_msgs.egg-info/PKG-INFO
[1.666s] writing dependency_links to astra_camera_msgs.egg-info/dependency_links.txt
[1.668s] writing top-level names to astra_camera_msgs.egg-info/top_level.txt
[1.677s] reading manifest file 'astra_camera_msgs.egg-info/SOURCES.txt'
[1.680s] writing manifest file 'astra_camera_msgs.egg-info/SOURCES.txt'
[1.776s] [ 82%] Built target ament_cmake_python_build_astra_camera_msgs_egg
[1.860s] [ 82%] Built target astra_camera_msgs
[1.951s] [ 83%] Built target astra_camera_msgs__py
[2.118s] [ 93%] Built target astra_camera_msgs__rosidl_generator_py
[2.213s] [ 95%] Built target astra_camera_msgs__rosidl_typesupport_fastrtps_c__pyext
[2.278s] [ 97%] Built target astra_camera_msgs__rosidl_typesupport_c__pyext
[2.397s] [100%] Built target astra_camera_msgs__rosidl_typesupport_introspection_c__pyext
[2.440s] Invoked command in '/home/andre/ros2_ws/build/astra_camera_msgs' returned '0': CMAKE_PREFIX_PATH=${CMAKE_PREFIX_PATH}:/home/andre/ros2_ws/install/detection_astra_camera:/home/andre/ros2_ws/install/detection_aruco:/opt/ros/humble /usr/bin/cmake --build /home/andre/ros2_ws/build/astra_camera_msgs -- -j4 -l4
[3.252s] Invoking command in '/home/andre/ros2_ws/build/astra_camera_msgs': CMAKE_PREFIX_PATH=${CMAKE_PREFIX_PATH}:/home/andre/ros2_ws/install/detection_astra_camera:/home/andre/ros2_ws/install/detection_aruco:/opt/ros/humble /usr/bin/cmake --install /home/andre/ros2_ws/build/astra_camera_msgs
[3.276s] -- Install configuration: ""
[3.277s] -- Up-to-date: /home/andre/ros2_ws/install/astra_camera_msgs/share/ament_index/resource_index/rosidl_interfaces/astra_camera_msgs
[3.278s] -- Up-to-date: /home/andre/ros2_ws/install/astra_camera_msgs/include/astra_camera_msgs/astra_camera_msgs
[3.278s] -- Up-to-date: /home/andre/ros2_ws/install/astra_camera_msgs/include/astra_camera_msgs/astra_camera_msgs/srv
[3.278s] -- Up-to-date: /home/andre/ros2_ws/install/astra_camera_msgs/include/astra_camera_msgs/astra_camera_msgs/srv/set_int32.h
[3.279s] -- Up-to-date: /home/andre/ros2_ws/install/astra_camera_msgs/include/astra_camera_msgs/astra_camera_msgs/srv/get_camera_info.h
[3.279s] -- Up-to-date: /home/andre/ros2_ws/install/astra_camera_msgs/include/astra_camera_msgs/astra_camera_msgs/srv/detail
[3.279s] -- Up-to-date: /home/andre/ros2_ws/install/astra_camera_msgs/include/astra_camera_msgs/astra_camera_msgs/srv/detail/get_camera_info__struct.h
[3.279s] -- Up-to-date: /home/andre/ros2_ws/install/astra_camera_msgs/include/astra_camera_msgs/astra_camera_msgs/srv/detail/get_device_info__functions.h
[3.280s] -- Up-to-date: /home/andre/ros2_ws/install/astra_camera_msgs/include/astra_camera_msgs/astra_camera_msgs/srv/detail/get_device_info__functions.c
[3.280s] -- Up-to-date: /home/andre/ros2_ws/install/astra_camera_msgs/include/astra_camera_msgs/astra_camera_msgs/srv/detail/get_camera_params__functions.c
[3.280s] -- Up-to-date: /home/andre/ros2_ws/install/astra_camera_msgs/include/astra_camera_msgs/astra_camera_msgs/srv/detail/get_string__type_support.h
[3.280s] -- Up-to-date: /home/andre/ros2_ws/install/astra_camera_msgs/include/astra_camera_msgs/astra_camera_msgs/srv/detail/get_int32__type_support.h
[3.281s] -- Up-to-date: /home/andre/ros2_ws/install/astra_camera_msgs/include/astra_camera_msgs/astra_camera_msgs/srv/detail/set_int32__functions.c
[3.281s] -- Up-to-date: /home/andre/ros2_ws/install/astra_camera_msgs/include/astra_camera_msgs/astra_camera_msgs/srv/detail/get_string__functions.c
[3.281s] -- Up-to-date: /home/andre/ros2_ws/install/astra_camera_msgs/include/astra_camera_msgs/astra_camera_msgs/srv/detail/get_camera_info__functions.h
[3.281s] -- Up-to-date: /home/andre/ros2_ws/install/astra_camera_msgs/include/astra_camera_msgs/astra_camera_msgs/srv/detail/get_camera_params__type_support.h
[3.281s] -- Up-to-date: /home/andre/ros2_ws/install/astra_camera_msgs/include/astra_camera_msgs/astra_camera_msgs/srv/detail/get_camera_params__struct.h
[3.282s] -- Up-to-date: /home/andre/ros2_ws/install/astra_camera_msgs/include/astra_camera_msgs/astra_camera_msgs/srv/detail/get_int32__functions.c
[3.282s] -- Up-to-date: /home/andre/ros2_ws/install/astra_camera_msgs/include/astra_camera_msgs/astra_camera_msgs/srv/detail/get_camera_info__functions.c
[3.282s] -- Up-to-date: /home/andre/ros2_ws/install/astra_camera_msgs/include/astra_camera_msgs/astra_camera_msgs/srv/detail/get_device_info__struct.h
[3.282s] -- Up-to-date: /home/andre/ros2_ws/install/astra_camera_msgs/include/astra_camera_msgs/astra_camera_msgs/srv/detail/get_camera_params__functions.h
[3.282s] -- Up-to-date: /home/andre/ros2_ws/install/astra_camera_msgs/include/astra_camera_msgs/astra_camera_msgs/srv/detail/set_int32__struct.h
[3.282s] -- Up-to-date: /home/andre/ros2_ws/install/astra_camera_msgs/include/astra_camera_msgs/astra_camera_msgs/srv/detail/set_int32__functions.h
[3.282s] -- Up-to-date: /home/andre/ros2_ws/install/astra_camera_msgs/include/astra_camera_msgs/astra_camera_msgs/srv/detail/get_string__struct.h
[3.282s] -- Up-to-date: /home/andre/ros2_ws/install/astra_camera_msgs/include/astra_camera_msgs/astra_camera_msgs/srv/detail/get_camera_info__type_support.h
[3.282s] -- Up-to-date: /home/andre/ros2_ws/install/astra_camera_msgs/include/astra_camera_msgs/astra_camera_msgs/srv/detail/get_int32__functions.h
[3.283s] -- Up-to-date: /home/andre/ros2_ws/install/astra_camera_msgs/include/astra_camera_msgs/astra_camera_msgs/srv/detail/get_device_info__type_support.h
[3.283s] -- Up-to-date: /home/andre/ros2_ws/install/astra_camera_msgs/include/astra_camera_msgs/astra_camera_msgs/srv/detail/get_string__functions.h
[3.283s] -- Up-to-date: /home/andre/ros2_ws/install/astra_camera_msgs/include/astra_camera_msgs/astra_camera_msgs/srv/detail/get_int32__struct.h
[3.283s] -- Up-to-date: /home/andre/ros2_ws/install/astra_camera_msgs/include/astra_camera_msgs/astra_camera_msgs/srv/detail/set_int32__type_support.h
[3.283s] -- Up-to-date: /home/andre/ros2_ws/install/astra_camera_msgs/include/astra_camera_msgs/astra_camera_msgs/srv/get_device_info.h
[3.283s] -- Up-to-date: /home/andre/ros2_ws/install/astra_camera_msgs/include/astra_camera_msgs/astra_camera_msgs/srv/get_camera_params.h
[3.283s] -- Up-to-date: /home/andre/ros2_ws/install/astra_camera_msgs/include/astra_camera_msgs/astra_camera_msgs/srv/get_string.h
[3.283s] -- Up-to-date: /home/andre/ros2_ws/install/astra_camera_msgs/include/astra_camera_msgs/astra_camera_msgs/srv/get_int32.h
[3.283s] -- Up-to-date: /home/andre/ros2_ws/install/astra_camera_msgs/include/astra_camera_msgs/astra_camera_msgs/msg
[3.284s] -- Up-to-date: /home/andre/ros2_ws/install/astra_camera_msgs/include/astra_camera_msgs/astra_camera_msgs/msg/device_info.h
[3.284s] -- Up-to-date: /home/andre/ros2_ws/install/astra_camera_msgs/include/astra_camera_msgs/astra_camera_msgs/msg/metadata.h
[3.284s] -- Up-to-date: /home/andre/ros2_ws/install/astra_camera_msgs/include/astra_camera_msgs/astra_camera_msgs/msg/detail
[3.284s] -- Up-to-date: /home/andre/ros2_ws/install/astra_camera_msgs/include/astra_camera_msgs/astra_camera_msgs/msg/detail/metadata__type_support.h
[3.284s] -- Up-to-date: /home/andre/ros2_ws/install/astra_camera_msgs/include/astra_camera_msgs/astra_camera_msgs/msg/detail/device_info__functions.c
[3.285s] -- Up-to-date: /home/andre/ros2_ws/install/astra_camera_msgs/include/astra_camera_msgs/astra_camera_msgs/msg/detail/extrinsics__functions.c
[3.285s] -- Up-to-date: /home/andre/ros2_ws/install/astra_camera_msgs/include/astra_camera_msgs/astra_camera_msgs/msg/detail/extrinsics__type_support.h
[3.285s] -- Up-to-date: /home/andre/ros2_ws/install/astra_camera_msgs/include/astra_camera_msgs/astra_camera_msgs/msg/detail/device_info__type_support.h
[3.285s] -- Up-to-date: /home/andre/ros2_ws/install/astra_camera_msgs/include/astra_camera_msgs/astra_camera_msgs/msg/detail/metadata__functions.h
[3.285s] -- Up-to-date: /home/andre/ros2_ws/install/astra_camera_msgs/include/astra_camera_msgs/astra_camera_msgs/msg/detail/extrinsics__functions.h
[3.285s] -- Up-to-date: /home/andre/ros2_ws/install/astra_camera_msgs/include/astra_camera_msgs/astra_camera_msgs/msg/detail/device_info__struct.h
[3.286s] -- Up-to-date: /home/andre/ros2_ws/install/astra_camera_msgs/include/astra_camera_msgs/astra_camera_msgs/msg/detail/metadata__struct.h
[3.286s] -- Up-to-date: /home/andre/ros2_ws/install/astra_camera_msgs/include/astra_camera_msgs/astra_camera_msgs/msg/detail/metadata__functions.c
[3.287s] -- Up-to-date: /home/andre/ros2_ws/install/astra_camera_msgs/include/astra_camera_msgs/astra_camera_msgs/msg/detail/device_info__functions.h
[3.287s] -- Up-to-date: /home/andre/ros2_ws/install/astra_camera_msgs/include/astra_camera_msgs/astra_camera_msgs/msg/detail/extrinsics__struct.h
[3.288s] -- Up-to-date: /home/andre/ros2_ws/install/astra_camera_msgs/include/astra_camera_msgs/astra_camera_msgs/msg/extrinsics.h
[3.288s] -- Up-to-date: /home/andre/ros2_ws/install/astra_camera_msgs/include/astra_camera_msgs/astra_camera_msgs/msg/rosidl_generator_c__visibility_control.h
[3.288s] -- Up-to-date: /home/andre/ros2_ws/install/astra_camera_msgs/share/astra_camera_msgs/environment/library_path.sh
[3.288s] -- Up-to-date: /home/andre/ros2_ws/install/astra_camera_msgs/share/astra_camera_msgs/environment/library_path.dsv
[3.289s] -- Up-to-date: /home/andre/ros2_ws/install/astra_camera_msgs/lib/libastra_camera_msgs__rosidl_generator_c.so
[3.289s] -- Up-to-date: /home/andre/ros2_ws/install/astra_camera_msgs/include/astra_camera_msgs/astra_camera_msgs
[3.290s] -- Up-to-date: /home/andre/ros2_ws/install/astra_camera_msgs/include/astra_camera_msgs/astra_camera_msgs/srv
[3.290s] -- Up-to-date: /home/andre/ros2_ws/install/astra_camera_msgs/include/astra_camera_msgs/astra_camera_msgs/srv/detail
[3.290s] -- Up-to-date: /home/andre/ros2_ws/install/astra_camera_msgs/include/astra_camera_msgs/astra_camera_msgs/srv/detail/get_string__rosidl_typesupport_fastrtps_c.h
[3.290s] -- Up-to-date: /home/andre/ros2_ws/install/astra_camera_msgs/include/astra_camera_msgs/astra_camera_msgs/srv/detail/get_int32__rosidl_typesupport_fastrtps_c.h
[3.291s] -- Up-to-date: /home/andre/ros2_ws/install/astra_camera_msgs/include/astra_camera_msgs/astra_camera_msgs/srv/detail/get_device_info__rosidl_typesupport_fastrtps_c.h
[3.291s] -- Up-to-date: /home/andre/ros2_ws/install/astra_camera_msgs/include/astra_camera_msgs/astra_camera_msgs/srv/detail/set_int32__rosidl_typesupport_fastrtps_c.h
[3.291s] -- Up-to-date: /home/andre/ros2_ws/install/astra_camera_msgs/include/astra_camera_msgs/astra_camera_msgs/srv/detail/get_camera_info__rosidl_typesupport_fastrtps_c.h
[3.291s] -- Up-to-date: /home/andre/ros2_ws/install/astra_camera_msgs/include/astra_camera_msgs/astra_camera_msgs/srv/detail/get_camera_params__rosidl_typesupport_fastrtps_c.h
[3.291s] -- Up-to-date: /home/andre/ros2_ws/install/astra_camera_msgs/include/astra_camera_msgs/astra_camera_msgs/msg
[3.291s] -- Up-to-date: /home/andre/ros2_ws/install/astra_camera_msgs/include/astra_camera_msgs/astra_camera_msgs/msg/detail
[3.292s] -- Up-to-date: /home/andre/ros2_ws/install/astra_camera_msgs/include/astra_camera_msgs/astra_camera_msgs/msg/detail/metadata__rosidl_typesupport_fastrtps_c.h
[3.292s] -- Up-to-date: /home/andre/ros2_ws/install/astra_camera_msgs/include/astra_camera_msgs/astra_camera_msgs/msg/detail/device_info__rosidl_typesupport_fastrtps_c.h
[3.292s] -- Up-to-date: /home/andre/ros2_ws/install/astra_camera_msgs/include/astra_camera_msgs/astra_camera_msgs/msg/detail/extrinsics__rosidl_typesupport_fastrtps_c.h
[3.292s] -- Up-to-date: /home/andre/ros2_ws/install/astra_camera_msgs/include/astra_camera_msgs/astra_camera_msgs/msg/rosidl_typesupport_fastrtps_c__visibility_control.h
[3.293s] -- Up-to-date: /home/andre/ros2_ws/install/astra_camera_msgs/lib/libastra_camera_msgs__rosidl_typesupport_fastrtps_c.so
[3.295s] -- Up-to-date: /home/andre/ros2_ws/install/astra_camera_msgs/include/astra_camera_msgs/astra_camera_msgs
[3.295s] -- Up-to-date: /home/andre/ros2_ws/install/astra_camera_msgs/include/astra_camera_msgs/astra_camera_msgs/srv
[3.295s] -- Up-to-date: /home/andre/ros2_ws/install/astra_camera_msgs/include/astra_camera_msgs/astra_camera_msgs/srv/detail
[3.295s] -- Up-to-date: /home/andre/ros2_ws/install/astra_camera_msgs/include/astra_camera_msgs/astra_camera_msgs/srv/detail/get_camera_info__type_support.c
[3.295s] -- Up-to-date: /home/andre/ros2_ws/install/astra_camera_msgs/include/astra_camera_msgs/astra_camera_msgs/srv/detail/get_device_info__type_support.c
[3.295s] -- Up-to-date: /home/andre/ros2_ws/install/astra_camera_msgs/include/astra_camera_msgs/astra_camera_msgs/srv/detail/get_int32__rosidl_typesupport_introspection_c.h
[3.296s] -- Up-to-date: /home/andre/ros2_ws/install/astra_camera_msgs/include/astra_camera_msgs/astra_camera_msgs/srv/detail/set_int32__type_support.c
[3.296s] -- Up-to-date: /home/andre/ros2_ws/install/astra_camera_msgs/include/astra_camera_msgs/astra_camera_msgs/srv/detail/set_int32__rosidl_typesupport_introspection_c.h
[3.296s] -- Up-to-date: /home/andre/ros2_ws/install/astra_camera_msgs/include/astra_camera_msgs/astra_camera_msgs/srv/detail/get_string__type_support.c
[3.296s] -- Up-to-date: /home/andre/ros2_ws/install/astra_camera_msgs/include/astra_camera_msgs/astra_camera_msgs/srv/detail/get_device_info__rosidl_typesupport_introspection_c.h
[3.297s] -- Up-to-date: /home/andre/ros2_ws/install/astra_camera_msgs/include/astra_camera_msgs/astra_camera_msgs/srv/detail/get_camera_params__type_support.c
[3.297s] -- Up-to-date: /home/andre/ros2_ws/install/astra_camera_msgs/include/astra_camera_msgs/astra_camera_msgs/srv/detail/get_camera_params__rosidl_typesupport_introspection_c.h
[3.297s] -- Up-to-date: /home/andre/ros2_ws/install/astra_camera_msgs/include/astra_camera_msgs/astra_camera_msgs/srv/detail/get_string__rosidl_typesupport_introspection_c.h
[3.297s] -- Up-to-date: /home/andre/ros2_ws/install/astra_camera_msgs/include/astra_camera_msgs/astra_camera_msgs/srv/detail/get_camera_info__rosidl_typesupport_introspection_c.h
[3.297s] -- Up-to-date: /home/andre/ros2_ws/install/astra_camera_msgs/include/astra_camera_msgs/astra_camera_msgs/srv/detail/get_int32__type_support.c
[3.298s] -- Up-to-date: /home/andre/ros2_ws/install/astra_camera_msgs/include/astra_camera_msgs/astra_camera_msgs/msg
[3.298s] -- Up-to-date: /home/andre/ros2_ws/install/astra_camera_msgs/include/astra_camera_msgs/astra_camera_msgs/msg/detail
[3.298s] -- Up-to-date: /home/andre/ros2_ws/install/astra_camera_msgs/include/astra_camera_msgs/astra_camera_msgs/msg/detail/device_info__type_support.c
[3.298s] -- Up-to-date: /home/andre/ros2_ws/install/astra_camera_msgs/include/astra_camera_msgs/astra_camera_msgs/msg/detail/extrinsics__type_support.c
[3.298s] -- Up-to-date: /home/andre/ros2_ws/install/astra_camera_msgs/include/astra_camera_msgs/astra_camera_msgs/msg/detail/metadata__type_support.c
[3.298s] -- Up-to-date: /home/andre/ros2_ws/install/astra_camera_msgs/include/astra_camera_msgs/astra_camera_msgs/msg/detail/extrinsics__rosidl_typesupport_introspection_c.h
[3.299s] -- Up-to-date: /home/andre/ros2_ws/install/astra_camera_msgs/include/astra_camera_msgs/astra_camera_msgs/msg/detail/metadata__rosidl_typesupport_introspection_c.h
[3.299s] -- Up-to-date: /home/andre/ros2_ws/install/astra_camera_msgs/include/astra_camera_msgs/astra_camera_msgs/msg/detail/device_info__rosidl_typesupport_introspection_c.h
[3.299s] -- Up-to-date: /home/andre/ros2_ws/install/astra_camera_msgs/include/astra_camera_msgs/astra_camera_msgs/msg/rosidl_typesupport_introspection_c__visibility_control.h
[3.299s] -- Up-to-date: /home/andre/ros2_ws/install/astra_camera_msgs/lib/libastra_camera_msgs__rosidl_typesupport_introspection_c.so
[3.299s] -- Up-to-date: /home/andre/ros2_ws/install/astra_camera_msgs/lib/libastra_camera_msgs__rosidl_typesupport_c.so
[3.299s] -- Up-to-date: /home/andre/ros2_ws/install/astra_camera_msgs/include/astra_camera_msgs/astra_camera_msgs
[3.300s] -- Up-to-date: /home/andre/ros2_ws/install/astra_camera_msgs/include/astra_camera_msgs/astra_camera_msgs/srv
[3.300s] -- Up-to-date: /home/andre/ros2_ws/install/astra_camera_msgs/include/astra_camera_msgs/astra_camera_msgs/srv/set_int32.hpp
[3.300s] -- Up-to-date: /home/andre/ros2_ws/install/astra_camera_msgs/include/astra_camera_msgs/astra_camera_msgs/srv/get_camera_info.hpp
[3.300s] -- Up-to-date: /home/andre/ros2_ws/install/astra_camera_msgs/include/astra_camera_msgs/astra_camera_msgs/srv/detail
[3.301s] -- Up-to-date: /home/andre/ros2_ws/install/astra_camera_msgs/include/astra_camera_msgs/astra_camera_msgs/srv/detail/set_int32__builder.hpp
[3.301s] -- Up-to-date: /home/andre/ros2_ws/install/astra_camera_msgs/include/astra_camera_msgs/astra_camera_msgs/srv/detail/get_int32__struct.hpp
[3.301s] -- Up-to-date: /home/andre/ros2_ws/install/astra_camera_msgs/include/astra_camera_msgs/astra_camera_msgs/srv/detail/get_string__builder.hpp
[3.301s] -- Up-to-date: /home/andre/ros2_ws/install/astra_camera_msgs/include/astra_camera_msgs/astra_camera_msgs/srv/detail/get_int32__builder.hpp
[3.303s] -- Up-to-date: /home/andre/ros2_ws/install/astra_camera_msgs/include/astra_camera_msgs/astra_camera_msgs/srv/detail/get_camera_info__builder.hpp
[3.305s] -- Up-to-date: /home/andre/ros2_ws/install/astra_camera_msgs/include/astra_camera_msgs/astra_camera_msgs/srv/detail/get_camera_info__traits.hpp
[3.305s] -- Up-to-date: /home/andre/ros2_ws/install/astra_camera_msgs/include/astra_camera_msgs/astra_camera_msgs/srv/detail/get_camera_params__traits.hpp
[3.305s] -- Up-to-date: /home/andre/ros2_ws/install/astra_camera_msgs/include/astra_camera_msgs/astra_camera_msgs/srv/detail/get_int32__traits.hpp
[3.305s] -- Up-to-date: /home/andre/ros2_ws/install/astra_camera_msgs/include/astra_camera_msgs/astra_camera_msgs/srv/detail/get_camera_params__struct.hpp
[3.306s] -- Up-to-date: /home/andre/ros2_ws/install/astra_camera_msgs/include/astra_camera_msgs/astra_camera_msgs/srv/detail/set_int32__traits.hpp
[3.306s] -- Up-to-date: /home/andre/ros2_ws/install/astra_camera_msgs/include/astra_camera_msgs/astra_camera_msgs/srv/detail/get_string__struct.hpp
[3.306s] -- Up-to-date: /home/andre/ros2_ws/install/astra_camera_msgs/include/astra_camera_msgs/astra_camera_msgs/srv/detail/get_camera_params__builder.hpp
[3.306s] -- Up-to-date: /home/andre/ros2_ws/install/astra_camera_msgs/include/astra_camera_msgs/astra_camera_msgs/srv/detail/get_device_info__traits.hpp
[3.306s] -- Up-to-date: /home/andre/ros2_ws/install/astra_camera_msgs/include/astra_camera_msgs/astra_camera_msgs/srv/detail/get_device_info__builder.hpp
[3.307s] -- Up-to-date: /home/andre/ros2_ws/install/astra_camera_msgs/include/astra_camera_msgs/astra_camera_msgs/srv/detail/get_string__traits.hpp
[3.309s] -- Up-to-date: /home/andre/ros2_ws/install/astra_camera_msgs/include/astra_camera_msgs/astra_camera_msgs/srv/detail/get_device_info__struct.hpp
[3.309s] -- Up-to-date: /home/andre/ros2_ws/install/astra_camera_msgs/include/astra_camera_msgs/astra_camera_msgs/srv/detail/set_int32__struct.hpp
[3.310s] -- Up-to-date: /home/andre/ros2_ws/install/astra_camera_msgs/include/astra_camera_msgs/astra_camera_msgs/srv/detail/get_camera_info__struct.hpp
[3.310s] -- Up-to-date: /home/andre/ros2_ws/install/astra_camera_msgs/include/astra_camera_msgs/astra_camera_msgs/srv/get_int32.hpp
[3.310s] -- Up-to-date: /home/andre/ros2_ws/install/astra_camera_msgs/include/astra_camera_msgs/astra_camera_msgs/srv/get_device_info.hpp
[3.310s] -- Up-to-date: /home/andre/ros2_ws/install/astra_camera_msgs/include/astra_camera_msgs/astra_camera_msgs/srv/get_camera_params.hpp
[3.310s] -- Up-to-date: /home/andre/ros2_ws/install/astra_camera_msgs/include/astra_camera_msgs/astra_camera_msgs/srv/get_string.hpp
[3.311s] -- Up-to-date: /home/andre/ros2_ws/install/astra_camera_msgs/include/astra_camera_msgs/astra_camera_msgs/msg
[3.311s] -- Up-to-date: /home/andre/ros2_ws/install/astra_camera_msgs/include/astra_camera_msgs/astra_camera_msgs/msg/detail
[3.311s] -- Up-to-date: /home/andre/ros2_ws/install/astra_camera_msgs/include/astra_camera_msgs/astra_camera_msgs/msg/detail/extrinsics__builder.hpp
[3.311s] -- Up-to-date: /home/andre/ros2_ws/install/astra_camera_msgs/include/astra_camera_msgs/astra_camera_msgs/msg/detail/device_info__struct.hpp
[3.312s] -- Up-to-date: /home/andre/ros2_ws/install/astra_camera_msgs/include/astra_camera_msgs/astra_camera_msgs/msg/detail/device_info__builder.hpp
[3.312s] -- Up-to-date: /home/andre/ros2_ws/install/astra_camera_msgs/include/astra_camera_msgs/astra_camera_msgs/msg/detail/metadata__struct.hpp
[3.312s] -- Up-to-date: /home/andre/ros2_ws/install/astra_camera_msgs/include/astra_camera_msgs/astra_camera_msgs/msg/detail/extrinsics__struct.hpp
[3.312s] -- Up-to-date: /home/andre/ros2_ws/install/astra_camera_msgs/include/astra_camera_msgs/astra_camera_msgs/msg/detail/device_info__traits.hpp
[3.312s] -- Up-to-date: /home/andre/ros2_ws/install/astra_camera_msgs/include/astra_camera_msgs/astra_camera_msgs/msg/detail/extrinsics__traits.hpp
[3.313s] -- Up-to-date: /home/andre/ros2_ws/install/astra_camera_msgs/include/astra_camera_msgs/astra_camera_msgs/msg/detail/metadata__builder.hpp
[3.313s] -- Up-to-date: /home/andre/ros2_ws/install/astra_camera_msgs/include/astra_camera_msgs/astra_camera_msgs/msg/detail/metadata__traits.hpp
[3.314s] -- Up-to-date: /home/andre/ros2_ws/install/astra_camera_msgs/include/astra_camera_msgs/astra_camera_msgs/msg/metadata.hpp
[3.314s] -- Up-to-date: /home/andre/ros2_ws/install/astra_camera_msgs/include/astra_camera_msgs/astra_camera_msgs/msg/extrinsics.hpp
[3.314s] -- Up-to-date: /home/andre/ros2_ws/install/astra_camera_msgs/include/astra_camera_msgs/astra_camera_msgs/msg/device_info.hpp
[3.314s] -- Up-to-date: /home/andre/ros2_ws/install/astra_camera_msgs/include/astra_camera_msgs/astra_camera_msgs
[3.314s] -- Up-to-date: /home/andre/ros2_ws/install/astra_camera_msgs/include/astra_camera_msgs/astra_camera_msgs/srv
[3.315s] -- Up-to-date: /home/andre/ros2_ws/install/astra_camera_msgs/include/astra_camera_msgs/astra_camera_msgs/srv/detail
[3.315s] -- Up-to-date: /home/andre/ros2_ws/install/astra_camera_msgs/include/astra_camera_msgs/astra_camera_msgs/srv/detail/get_camera_info__rosidl_typesupport_fastrtps_cpp.hpp
[3.315s] -- Up-to-date: /home/andre/ros2_ws/install/astra_camera_msgs/include/astra_camera_msgs/astra_camera_msgs/srv/detail/dds_fastrtps
[3.315s] -- Up-to-date: /home/andre/ros2_ws/install/astra_camera_msgs/include/astra_camera_msgs/astra_camera_msgs/srv/detail/get_camera_params__rosidl_typesupport_fastrtps_cpp.hpp
[3.315s] -- Up-to-date: /home/andre/ros2_ws/install/astra_camera_msgs/include/astra_camera_msgs/astra_camera_msgs/srv/detail/set_int32__rosidl_typesupport_fastrtps_cpp.hpp
[3.315s] -- Up-to-date: /home/andre/ros2_ws/install/astra_camera_msgs/include/astra_camera_msgs/astra_camera_msgs/srv/detail/get_string__rosidl_typesupport_fastrtps_cpp.hpp
[3.315s] -- Up-to-date: /home/andre/ros2_ws/install/astra_camera_msgs/include/astra_camera_msgs/astra_camera_msgs/srv/detail/get_device_info__rosidl_typesupport_fastrtps_cpp.hpp
[3.322s] -- Up-to-date: /home/andre/ros2_ws/install/astra_camera_msgs/include/astra_camera_msgs/astra_camera_msgs/srv/detail/get_int32__rosidl_typesupport_fastrtps_cpp.hpp
[3.322s] -- Up-to-date: /home/andre/ros2_ws/install/astra_camera_msgs/include/astra_camera_msgs/astra_camera_msgs/msg
[3.322s] -- Up-to-date: /home/andre/ros2_ws/install/astra_camera_msgs/include/astra_camera_msgs/astra_camera_msgs/msg/detail
[3.322s] -- Up-to-date: /home/andre/ros2_ws/install/astra_camera_msgs/include/astra_camera_msgs/astra_camera_msgs/msg/detail/extrinsics__rosidl_typesupport_fastrtps_cpp.hpp
[3.322s] -- Up-to-date: /home/andre/ros2_ws/install/astra_camera_msgs/include/astra_camera_msgs/astra_camera_msgs/msg/detail/device_info__rosidl_typesupport_fastrtps_cpp.hpp
[3.322s] -- Up-to-date: /home/andre/ros2_ws/install/astra_camera_msgs/include/astra_camera_msgs/astra_camera_msgs/msg/detail/dds_fastrtps
[3.322s] -- Up-to-date: /home/andre/ros2_ws/install/astra_camera_msgs/include/astra_camera_msgs/astra_camera_msgs/msg/detail/metadata__rosidl_typesupport_fastrtps_cpp.hpp
[3.323s] -- Up-to-date: /home/andre/ros2_ws/install/astra_camera_msgs/include/astra_camera_msgs/astra_camera_msgs/msg/rosidl_typesupport_fastrtps_cpp__visibility_control.h
[3.323s] -- Up-to-date: /home/andre/ros2_ws/install/astra_camera_msgs/lib/libastra_camera_msgs__rosidl_typesupport_fastrtps_cpp.so
[3.323s] -- Up-to-date: /home/andre/ros2_ws/install/astra_camera_msgs/include/astra_camera_msgs/astra_camera_msgs
[3.323s] -- Up-to-date: /home/andre/ros2_ws/install/astra_camera_msgs/include/astra_camera_msgs/astra_camera_msgs/srv
[3.323s] -- Up-to-date: /home/andre/ros2_ws/install/astra_camera_msgs/include/astra_camera_msgs/astra_camera_msgs/srv/detail
[3.323s] -- Up-to-date: /home/andre/ros2_ws/install/astra_camera_msgs/include/astra_camera_msgs/astra_camera_msgs/srv/detail/get_int32__type_support.cpp
[3.323s] -- Up-to-date: /home/andre/ros2_ws/install/astra_camera_msgs/include/astra_camera_msgs/astra_camera_msgs/srv/detail/get_device_info__type_support.cpp
[3.324s] -- Up-to-date: /home/andre/ros2_ws/install/astra_camera_msgs/include/astra_camera_msgs/astra_camera_msgs/srv/detail/get_camera_info__rosidl_typesupport_introspection_cpp.hpp
[3.324s] -- Up-to-date: /home/andre/ros2_ws/install/astra_camera_msgs/include/astra_camera_msgs/astra_camera_msgs/srv/detail/get_string__rosidl_typesupport_introspection_cpp.hpp
[3.324s] -- Up-to-date: /home/andre/ros2_ws/install/astra_camera_msgs/include/astra_camera_msgs/astra_camera_msgs/srv/detail/get_string__type_support.cpp
[3.324s] -- Up-to-date: /home/andre/ros2_ws/install/astra_camera_msgs/include/astra_camera_msgs/astra_camera_msgs/srv/detail/set_int32__rosidl_typesupport_introspection_cpp.hpp
[3.324s] -- Up-to-date: /home/andre/ros2_ws/install/astra_camera_msgs/include/astra_camera_msgs/astra_camera_msgs/srv/detail/get_device_info__rosidl_typesupport_introspection_cpp.hpp
[3.324s] -- Up-to-date: /home/andre/ros2_ws/install/astra_camera_msgs/include/astra_camera_msgs/astra_camera_msgs/srv/detail/get_camera_params__rosidl_typesupport_introspection_cpp.hpp
[3.325s] -- Up-to-date: /home/andre/ros2_ws/install/astra_camera_msgs/include/astra_camera_msgs/astra_camera_msgs/srv/detail/get_int32__rosidl_typesupport_introspection_cpp.hpp
[3.325s] -- Up-to-date: /home/andre/ros2_ws/install/astra_camera_msgs/include/astra_camera_msgs/astra_camera_msgs/srv/detail/get_camera_params__type_support.cpp
[3.325s] -- Up-to-date: /home/andre/ros2_ws/install/astra_camera_msgs/include/astra_camera_msgs/astra_camera_msgs/srv/detail/get_camera_info__type_support.cpp
[3.325s] -- Up-to-date: /home/andre/ros2_ws/install/astra_camera_msgs/include/astra_camera_msgs/astra_camera_msgs/srv/detail/set_int32__type_support.cpp
[3.325s] -- Up-to-date: /home/andre/ros2_ws/install/astra_camera_msgs/include/astra_camera_msgs/astra_camera_msgs/msg
[3.326s] -- Up-to-date: /home/andre/ros2_ws/install/astra_camera_msgs/include/astra_camera_msgs/astra_camera_msgs/msg/detail
[3.326s] -- Up-to-date: /home/andre/ros2_ws/install/astra_camera_msgs/include/astra_camera_msgs/astra_camera_msgs/msg/detail/extrinsics__type_support.cpp
[3.326s] -- Up-to-date: /home/andre/ros2_ws/install/astra_camera_msgs/include/astra_camera_msgs/astra_camera_msgs/msg/detail/extrinsics__rosidl_typesupport_introspection_cpp.hpp
[3.327s] -- Up-to-date: /home/andre/ros2_ws/install/astra_camera_msgs/include/astra_camera_msgs/astra_camera_msgs/msg/detail/metadata__rosidl_typesupport_introspection_cpp.hpp
[3.327s] -- Up-to-date: /home/andre/ros2_ws/install/astra_camera_msgs/include/astra_camera_msgs/astra_camera_msgs/msg/detail/device_info__type_support.cpp
[3.327s] -- Up-to-date: /home/andre/ros2_ws/install/astra_camera_msgs/include/astra_camera_msgs/astra_camera_msgs/msg/detail/metadata__type_support.cpp
[3.327s] -- Up-to-date: /home/andre/ros2_ws/install/astra_camera_msgs/include/astra_camera_msgs/astra_camera_msgs/msg/detail/device_info__rosidl_typesupport_introspection_cpp.hpp
[3.327s] -- Up-to-date: /home/andre/ros2_ws/install/astra_camera_msgs/lib/libastra_camera_msgs__rosidl_typesupport_introspection_cpp.so
[3.327s] -- Up-to-date: /home/andre/ros2_ws/install/astra_camera_msgs/lib/libastra_camera_msgs__rosidl_typesupport_cpp.so
[3.327s] -- Up-to-date: /home/andre/ros2_ws/install/astra_camera_msgs/share/astra_camera_msgs/environment/pythonpath.sh
[3.327s] -- Up-to-date: /home/andre/ros2_ws/install/astra_camera_msgs/share/astra_camera_msgs/environment/pythonpath.dsv
[3.328s] -- Up-to-date: /home/andre/ros2_ws/install/astra_camera_msgs/local/lib/python3.10/dist-packages/astra_camera_msgs-1.0.1-py3.10.egg-info
[3.328s] -- Installing: /home/andre/ros2_ws/install/astra_camera_msgs/local/lib/python3.10/dist-packages/astra_camera_msgs-1.0.1-py3.10.egg-info/PKG-INFO
[3.328s] -- Installing: /home/andre/ros2_ws/install/astra_camera_msgs/local/lib/python3.10/dist-packages/astra_camera_msgs-1.0.1-py3.10.egg-info/dependency_links.txt
[3.328s] -- Installing: /home/andre/ros2_ws/install/astra_camera_msgs/local/lib/python3.10/dist-packages/astra_camera_msgs-1.0.1-py3.10.egg-info/SOURCES.txt
[3.328s] -- Installing: /home/andre/ros2_ws/install/astra_camera_msgs/local/lib/python3.10/dist-packages/astra_camera_msgs-1.0.1-py3.10.egg-info/top_level.txt
[3.328s] -- Up-to-date: /home/andre/ros2_ws/install/astra_camera_msgs/local/lib/python3.10/dist-packages/astra_camera_msgs
[3.328s] -- Up-to-date: /home/andre/ros2_ws/install/astra_camera_msgs/local/lib/python3.10/dist-packages/astra_camera_msgs/srv
[3.329s] -- Up-to-date: /home/andre/ros2_ws/install/astra_camera_msgs/local/lib/python3.10/dist-packages/astra_camera_msgs/srv/_set_int32_s.c
[3.329s] -- Up-to-date: /home/andre/ros2_ws/install/astra_camera_msgs/local/lib/python3.10/dist-packages/astra_camera_msgs/srv/_get_camera_info_s.c
[3.329s] -- Up-to-date: /home/andre/ros2_ws/install/astra_camera_msgs/local/lib/python3.10/dist-packages/astra_camera_msgs/srv/_get_string_s.c
[3.329s] -- Up-to-date: /home/andre/ros2_ws/install/astra_camera_msgs/local/lib/python3.10/dist-packages/astra_camera_msgs/srv/_get_string.py
[3.329s] -- Up-to-date: /home/andre/ros2_ws/install/astra_camera_msgs/local/lib/python3.10/dist-packages/astra_camera_msgs/srv/_get_camera_params.py
[3.329s] -- Up-to-date: /home/andre/ros2_ws/install/astra_camera_msgs/local/lib/python3.10/dist-packages/astra_camera_msgs/srv/_set_int32.py
[3.329s] -- Up-to-date: /home/andre/ros2_ws/install/astra_camera_msgs/local/lib/python3.10/dist-packages/astra_camera_msgs/srv/_get_int32_s.c
[3.330s] -- Up-to-date: /home/andre/ros2_ws/install/astra_camera_msgs/local/lib/python3.10/dist-packages/astra_camera_msgs/srv/_get_int32.py
[3.330s] -- Up-to-date: /home/andre/ros2_ws/install/astra_camera_msgs/local/lib/python3.10/dist-packages/astra_camera_msgs/srv/__init__.py
[3.330s] -- Up-to-date: /home/andre/ros2_ws/install/astra_camera_msgs/local/lib/python3.10/dist-packages/astra_camera_msgs/srv/_get_camera_info.py
[3.330s] -- Up-to-date: /home/andre/ros2_ws/install/astra_camera_msgs/local/lib/python3.10/dist-packages/astra_camera_msgs/srv/_get_device_info_s.c
[3.331s] -- Up-to-date: /home/andre/ros2_ws/install/astra_camera_msgs/local/lib/python3.10/dist-packages/astra_camera_msgs/srv/_get_camera_params_s.c
[3.331s] -- Up-to-date: /home/andre/ros2_ws/install/astra_camera_msgs/local/lib/python3.10/dist-packages/astra_camera_msgs/srv/_get_device_info.py
[3.331s] -- Up-to-date: /home/andre/ros2_ws/install/astra_camera_msgs/local/lib/python3.10/dist-packages/astra_camera_msgs/_astra_camera_msgs_s.ep.rosidl_typesupport_introspection_c.c
[3.331s] -- Up-to-date: /home/andre/ros2_ws/install/astra_camera_msgs/local/lib/python3.10/dist-packages/astra_camera_msgs/_astra_camera_msgs_s.ep.rosidl_typesupport_c.c
[3.332s] -- Up-to-date: /home/andre/ros2_ws/install/astra_camera_msgs/local/lib/python3.10/dist-packages/astra_camera_msgs/astra_camera_msgs_s__rosidl_typesupport_c.cpython-310-x86_64-linux-gnu.so
[3.332s] -- Up-to-date: /home/andre/ros2_ws/install/astra_camera_msgs/local/lib/python3.10/dist-packages/astra_camera_msgs/_astra_camera_msgs_s.ep.rosidl_typesupport_fastrtps_c.c
[3.332s] -- Up-to-date: /home/andre/ros2_ws/install/astra_camera_msgs/local/lib/python3.10/dist-packages/astra_camera_msgs/astra_camera_msgs_s__rosidl_typesupport_introspection_c.cpython-310-x86_64-linux-gnu.so
[3.332s] -- Up-to-date: /home/andre/ros2_ws/install/astra_camera_msgs/local/lib/python3.10/dist-packages/astra_camera_msgs/__init__.py
[3.332s] -- Up-to-date: /home/andre/ros2_ws/install/astra_camera_msgs/local/lib/python3.10/dist-packages/astra_camera_msgs/libastra_camera_msgs__rosidl_generator_py.so
[3.332s] -- Up-to-date: /home/andre/ros2_ws/install/astra_camera_msgs/local/lib/python3.10/dist-packages/astra_camera_msgs/astra_camera_msgs_s__rosidl_typesupport_fastrtps_c.cpython-310-x86_64-linux-gnu.so
[3.332s] -- Up-to-date: /home/andre/ros2_ws/install/astra_camera_msgs/local/lib/python3.10/dist-packages/astra_camera_msgs/msg
[3.333s] -- Up-to-date: /home/andre/ros2_ws/install/astra_camera_msgs/local/lib/python3.10/dist-packages/astra_camera_msgs/msg/_metadata.py
[3.333s] -- Up-to-date: /home/andre/ros2_ws/install/astra_camera_msgs/local/lib/python3.10/dist-packages/astra_camera_msgs/msg/_metadata_s.c
[3.333s] -- Up-to-date: /home/andre/ros2_ws/install/astra_camera_msgs/local/lib/python3.10/dist-packages/astra_camera_msgs/msg/__init__.py
[3.333s] -- Up-to-date: /home/andre/ros2_ws/install/astra_camera_msgs/local/lib/python3.10/dist-packages/astra_camera_msgs/msg/_extrinsics.py
[3.333s] -- Up-to-date: /home/andre/ros2_ws/install/astra_camera_msgs/local/lib/python3.10/dist-packages/astra_camera_msgs/msg/_device_info.py
[3.333s] -- Up-to-date: /home/andre/ros2_ws/install/astra_camera_msgs/local/lib/python3.10/dist-packages/astra_camera_msgs/msg/_device_info_s.c
[3.333s] -- Up-to-date: /home/andre/ros2_ws/install/astra_camera_msgs/local/lib/python3.10/dist-packages/astra_camera_msgs/msg/_extrinsics_s.c
[3.406s] Listing '/home/andre/ros2_ws/install/astra_camera_msgs/local/lib/python3.10/dist-packages/astra_camera_msgs'...
[3.406s] Listing '/home/andre/ros2_ws/install/astra_camera_msgs/local/lib/python3.10/dist-packages/astra_camera_msgs/msg'...
[3.407s] Listing '/home/andre/ros2_ws/install/astra_camera_msgs/local/lib/python3.10/dist-packages/astra_camera_msgs/srv'...
[3.425s] -- Up-to-date: /home/andre/ros2_ws/install/astra_camera_msgs/local/lib/python3.10/dist-packages/astra_camera_msgs/astra_camera_msgs_s__rosidl_typesupport_fastrtps_c.cpython-310-x86_64-linux-gnu.so
[3.425s] -- Up-to-date: /home/andre/ros2_ws/install/astra_camera_msgs/local/lib/python3.10/dist-packages/astra_camera_msgs/astra_camera_msgs_s__rosidl_typesupport_introspection_c.cpython-310-x86_64-linux-gnu.so
[3.426s] -- Up-to-date: /home/andre/ros2_ws/install/astra_camera_msgs/local/lib/python3.10/dist-packages/astra_camera_msgs/astra_camera_msgs_s__rosidl_typesupport_c.cpython-310-x86_64-linux-gnu.so
[3.427s] -- Up-to-date: /home/andre/ros2_ws/install/astra_camera_msgs/lib/libastra_camera_msgs__rosidl_generator_py.so
[3.427s] -- Up-to-date: /home/andre/ros2_ws/install/astra_camera_msgs/share/astra_camera_msgs/msg/DeviceInfo.idl
[3.428s] -- Up-to-date: /home/andre/ros2_ws/install/astra_camera_msgs/share/astra_camera_msgs/msg/Extrinsics.idl
[3.428s] -- Up-to-date: /home/andre/ros2_ws/install/astra_camera_msgs/share/astra_camera_msgs/msg/Metadata.idl
[3.428s] -- Up-to-date: /home/andre/ros2_ws/install/astra_camera_msgs/share/astra_camera_msgs/srv/GetDeviceInfo.idl
[3.431s] -- Up-to-date: /home/andre/ros2_ws/install/astra_camera_msgs/share/astra_camera_msgs/srv/GetCameraInfo.idl
[3.431s] -- Up-to-date: /home/andre/ros2_ws/install/astra_camera_msgs/share/astra_camera_msgs/srv/GetCameraParams.idl
[3.431s] -- Up-to-date: /home/andre/ros2_ws/install/astra_camera_msgs/share/astra_camera_msgs/srv/GetInt32.idl
[3.432s] -- Up-to-date: /home/andre/ros2_ws/install/astra_camera_msgs/share/astra_camera_msgs/srv/GetString.idl
[3.432s] -- Up-to-date: /home/andre/ros2_ws/install/astra_camera_msgs/share/astra_camera_msgs/srv/SetInt32.idl
[3.432s] -- Up-to-date: /home/andre/ros2_ws/install/astra_camera_msgs/share/astra_camera_msgs/msg/DeviceInfo.msg
[3.432s] -- Up-to-date: /home/andre/ros2_ws/install/astra_camera_msgs/share/astra_camera_msgs/msg/Extrinsics.msg
[3.433s] -- Up-to-date: /home/andre/ros2_ws/install/astra_camera_msgs/share/astra_camera_msgs/msg/Metadata.msg
[3.433s] -- Up-to-date: /home/andre/ros2_ws/install/astra_camera_msgs/share/astra_camera_msgs/srv/GetDeviceInfo.srv
[3.433s] -- Up-to-date: /home/andre/ros2_ws/install/astra_camera_msgs/share/astra_camera_msgs/srv/GetDeviceInfo_Request.msg
[3.433s] -- Up-to-date: /home/andre/ros2_ws/install/astra_camera_msgs/share/astra_camera_msgs/srv/GetDeviceInfo_Response.msg
[3.434s] -- Up-to-date: /home/andre/ros2_ws/install/astra_camera_msgs/share/astra_camera_msgs/srv/GetCameraInfo.srv
[3.434s] -- Up-to-date: /home/andre/ros2_ws/install/astra_camera_msgs/share/astra_camera_msgs/srv/GetCameraInfo_Request.msg
[3.434s] -- Up-to-date: /home/andre/ros2_ws/install/astra_camera_msgs/share/astra_camera_msgs/srv/GetCameraInfo_Response.msg
[3.434s] -- Up-to-date: /home/andre/ros2_ws/install/astra_camera_msgs/share/astra_camera_msgs/srv/GetCameraParams.srv
[3.434s] -- Up-to-date: /home/andre/ros2_ws/install/astra_camera_msgs/share/astra_camera_msgs/srv/GetCameraParams_Request.msg
[3.435s] -- Up-to-date: /home/andre/ros2_ws/install/astra_camera_msgs/share/astra_camera_msgs/srv/GetCameraParams_Response.msg
[3.435s] -- Up-to-date: /home/andre/ros2_ws/install/astra_camera_msgs/share/astra_camera_msgs/srv/GetInt32.srv
[3.435s] -- Up-to-date: /home/andre/ros2_ws/install/astra_camera_msgs/share/astra_camera_msgs/srv/GetInt32_Request.msg
[3.435s] -- Up-to-date: /home/andre/ros2_ws/install/astra_camera_msgs/share/astra_camera_msgs/srv/GetInt32_Response.msg
[3.435s] -- Up-to-date: /home/andre/ros2_ws/install/astra_camera_msgs/share/astra_camera_msgs/srv/GetString.srv
[3.436s] -- Up-to-date: /home/andre/ros2_ws/install/astra_camera_msgs/share/astra_camera_msgs/srv/GetString_Request.msg
[3.436s] -- Up-to-date: /home/andre/ros2_ws/install/astra_camera_msgs/share/astra_camera_msgs/srv/GetString_Response.msg
[3.436s] -- Up-to-date: /home/andre/ros2_ws/install/astra_camera_msgs/share/astra_camera_msgs/srv/SetInt32.srv
[3.436s] -- Up-to-date: /home/andre/ros2_ws/install/astra_camera_msgs/share/astra_camera_msgs/srv/SetInt32_Request.msg
[3.436s] -- Up-to-date: /home/andre/ros2_ws/install/astra_camera_msgs/share/astra_camera_msgs/srv/SetInt32_Response.msg
[3.437s] -- Up-to-date: /home/andre/ros2_ws/install/astra_camera_msgs/share/ament_index/resource_index/package_run_dependencies/astra_camera_msgs
[3.438s] -- Up-to-date: /home/andre/ros2_ws/install/astra_camera_msgs/share/ament_index/resource_index/parent_prefix_path/astra_camera_msgs
[3.438s] -- Up-to-date: /home/andre/ros2_ws/install/astra_camera_msgs/share/astra_camera_msgs/environment/ament_prefix_path.sh
[3.439s] -- Up-to-date: /home/andre/ros2_ws/install/astra_camera_msgs/share/astra_camera_msgs/environment/ament_prefix_path.dsv
[3.439s] -- Up-to-date: /home/andre/ros2_ws/install/astra_camera_msgs/share/astra_camera_msgs/environment/path.sh
[3.439s] -- Up-to-date: /home/andre/ros2_ws/install/astra_camera_msgs/share/astra_camera_msgs/environment/path.dsv
[3.439s] -- Up-to-date: /home/andre/ros2_ws/install/astra_camera_msgs/share/astra_camera_msgs/local_setup.bash
[3.440s] -- Up-to-date: /home/andre/ros2_ws/install/astra_camera_msgs/share/astra_camera_msgs/local_setup.sh
[3.440s] -- Up-to-date: /home/andre/ros2_ws/install/astra_camera_msgs/share/astra_camera_msgs/local_setup.zsh
[3.440s] -- Up-to-date: /home/andre/ros2_ws/install/astra_camera_msgs/share/astra_camera_msgs/local_setup.dsv
[3.440s] -- Installing: /home/andre/ros2_ws/install/astra_camera_msgs/share/astra_camera_msgs/package.dsv
[3.440s] -- Up-to-date: /home/andre/ros2_ws/install/astra_camera_msgs/share/ament_index/resource_index/packages/astra_camera_msgs
[3.440s] -- Up-to-date: /home/andre/ros2_ws/install/astra_camera_msgs/share/astra_camera_msgs/cmake/export_astra_camera_msgs__rosidl_generator_cExport.cmake
[3.440s] -- Up-to-date: /home/andre/ros2_ws/install/astra_camera_msgs/share/astra_camera_msgs/cmake/export_astra_camera_msgs__rosidl_generator_cExport-noconfig.cmake
[3.441s] -- Up-to-date: /home/andre/ros2_ws/install/astra_camera_msgs/share/astra_camera_msgs/cmake/export_astra_camera_msgs__rosidl_typesupport_fastrtps_cExport.cmake
[3.441s] -- Up-to-date: /home/andre/ros2_ws/install/astra_camera_msgs/share/astra_camera_msgs/cmake/export_astra_camera_msgs__rosidl_typesupport_fastrtps_cExport-noconfig.cmake
[3.441s] -- Up-to-date: /home/andre/ros2_ws/install/astra_camera_msgs/share/astra_camera_msgs/cmake/astra_camera_msgs__rosidl_typesupport_introspection_cExport.cmake
[3.441s] -- Up-to-date: /home/andre/ros2_ws/install/astra_camera_msgs/share/astra_camera_msgs/cmake/astra_camera_msgs__rosidl_typesupport_introspection_cExport-noconfig.cmake
[3.441s] -- Up-to-date: /home/andre/ros2_ws/install/astra_camera_msgs/share/astra_camera_msgs/cmake/astra_camera_msgs__rosidl_typesupport_cExport.cmake
[3.441s] -- Up-to-date: /home/andre/ros2_ws/install/astra_camera_msgs/share/astra_camera_msgs/cmake/astra_camera_msgs__rosidl_typesupport_cExport-noconfig.cmake
[3.442s] -- Up-to-date: /home/andre/ros2_ws/install/astra_camera_msgs/share/astra_camera_msgs/cmake/export_astra_camera_msgs__rosidl_generator_cppExport.cmake
[3.442s] -- Up-to-date: /home/andre/ros2_ws/install/astra_camera_msgs/share/astra_camera_msgs/cmake/export_astra_camera_msgs__rosidl_typesupport_fastrtps_cppExport.cmake
[3.442s] -- Up-to-date: /home/andre/ros2_ws/install/astra_camera_msgs/share/astra_camera_msgs/cmake/export_astra_camera_msgs__rosidl_typesupport_fastrtps_cppExport-noconfig.cmake
[3.442s] -- Up-to-date: /home/andre/ros2_ws/install/astra_camera_msgs/share/astra_camera_msgs/cmake/astra_camera_msgs__rosidl_typesupport_introspection_cppExport.cmake
[3.443s] -- Up-to-date: /home/andre/ros2_ws/install/astra_camera_msgs/share/astra_camera_msgs/cmake/astra_camera_msgs__rosidl_typesupport_introspection_cppExport-noconfig.cmake
[3.443s] -- Up-to-date: /home/andre/ros2_ws/install/astra_camera_msgs/share/astra_camera_msgs/cmake/astra_camera_msgs__rosidl_typesupport_cppExport.cmake
[3.443s] -- Up-to-date: /home/andre/ros2_ws/install/astra_camera_msgs/share/astra_camera_msgs/cmake/astra_camera_msgs__rosidl_typesupport_cppExport-noconfig.cmake
[3.443s] -- Up-to-date: /home/andre/ros2_ws/install/astra_camera_msgs/share/astra_camera_msgs/cmake/export_astra_camera_msgs__rosidl_generator_pyExport.cmake
[3.443s] -- Up-to-date: /home/andre/ros2_ws/install/astra_camera_msgs/share/astra_camera_msgs/cmake/export_astra_camera_msgs__rosidl_generator_pyExport-noconfig.cmake
[3.443s] -- Up-to-date: /home/andre/ros2_ws/install/astra_camera_msgs/share/astra_camera_msgs/cmake/rosidl_cmake-extras.cmake
[3.444s] -- Up-to-date: /home/andre/ros2_ws/install/astra_camera_msgs/share/astra_camera_msgs/cmake/ament_cmake_export_dependencies-extras.cmake
[3.444s] -- Up-to-date: /home/andre/ros2_ws/install/astra_camera_msgs/share/astra_camera_msgs/cmake/ament_cmake_export_include_directories-extras.cmake
[3.444s] -- Up-to-date: /home/andre/ros2_ws/install/astra_camera_msgs/share/astra_camera_msgs/cmake/ament_cmake_export_libraries-extras.cmake
[3.444s] -- Up-to-date: /home/andre/ros2_ws/install/astra_camera_msgs/share/astra_camera_msgs/cmake/ament_cmake_export_targets-extras.cmake
[3.444s] -- Up-to-date: /home/andre/ros2_ws/install/astra_camera_msgs/share/astra_camera_msgs/cmake/rosidl_cmake_export_typesupport_targets-extras.cmake
[3.448s] -- Up-to-date: /home/andre/ros2_ws/install/astra_camera_msgs/share/astra_camera_msgs/cmake/rosidl_cmake_export_typesupport_libraries-extras.cmake
[3.448s] -- Up-to-date: /home/andre/ros2_ws/install/astra_camera_msgs/share/astra_camera_msgs/cmake/astra_camera_msgsConfig.cmake
[3.448s] -- Up-to-date: /home/andre/ros2_ws/install/astra_camera_msgs/share/astra_camera_msgs/cmake/astra_camera_msgsConfig-version.cmake
[3.448s] -- Up-to-date: /home/andre/ros2_ws/install/astra_camera_msgs/share/astra_camera_msgs/package.xml
[3.449s] Invoked command in '/home/andre/ros2_ws/build/astra_camera_msgs' returned '0': CMAKE_PREFIX_PATH=${CMAKE_PREFIX_PATH}:/home/andre/ros2_ws/install/detection_astra_camera:/home/andre/ros2_ws/install/detection_aruco:/opt/ros/humble /usr/bin/cmake --install /home/andre/ros2_ws/build/astra_camera_msgs
