[0.290s] DEBUG:colcon:Command line arguments: ['/usr/bin/colcon', 'build', '--packages-select', 'calib_correspondences']
[0.290s] DEBUG:colcon:Parsed command line arguments: Namespace(log_base=None, log_level=None, verb_name='build', build_base='build', install_base='install', merge_install=False, symlink_install=False, test_result_base=None, continue_on_error=False, executor='parallel', parallel_workers=4, event_handlers=None, ignore_user_meta=False, metas=['./colcon.meta'], base_paths=['.'], packages_ignore=None, packages_ignore_regex=None, paths=None, packages_up_to=None, packages_up_to_regex=None, packages_above=None, packages_above_and_dependencies=None, packages_above_depth=None, packages_select_by_dep=None, packages_skip_by_dep=None, packages_skip_up_to=None, packages_select_build_failed=False, packages_skip_build_finished=False, packages_select_test_failures=False, packages_skip_test_passed=False, packages_select=['calib_correspondences'], packages_skip=None, packages_select_regex=None, packages_skip_regex=None, packages_start=None, packages_end=None, allow_overriding=[], cmake_args=None, cmake_target=None, cmake_target_skip_unavailable=False, cmake_clean_cache=False, cmake_clean_first=False, cmake_force_configure=False, ament_cmake_args=None, catkin_cmake_args=None, catkin_skip_building_tests=False, verb_parser=<colcon_defaults.argument_parser.defaults.DefaultArgumentsDecorator object at 0x7fec8fdfbcd0>, verb_extension=<colcon_core.verb.build.BuildVerb object at 0x7fec8fdfb760>, main=<bound method BuildVerb.main of <colcon_core.verb.build.BuildVerb object at 0x7fec8fdfb760>>)
[0.757s] Level 1:colcon.colcon_core.package_discovery:discover_packages(colcon_meta) check parameters
[0.757s] Level 1:colcon.colcon_core.package_discovery:discover_packages(recursive) check parameters
[0.757s] Level 1:colcon.colcon_core.package_discovery:discover_packages(ignore) check parameters
[0.757s] Level 1:colcon.colcon_core.package_discovery:discover_packages(path) check parameters
[0.758s] Level 1:colcon.colcon_core.package_discovery:discover_packages(colcon_meta) discover
[0.758s] Level 1:colcon.colcon_core.package_discovery:discover_packages(recursive) discover
[0.758s] INFO:colcon.colcon_core.package_discovery:Crawling recursively for packages in '/home/andre/ros2_ws'
[0.758s] Level 1:colcon.colcon_core.package_identification:_identify(.) by extensions ['ignore', 'ignore_ament_install']
[0.758s] Level 1:colcon.colcon_core.package_identification:_identify(.) by extension 'ignore'
[0.758s] Level 1:colcon.colcon_core.package_identification:_identify(.) by extension 'ignore_ament_install'
[0.758s] Level 1:colcon.colcon_core.package_identification:_identify(.) by extensions ['colcon_pkg']
[0.758s] Level 1:colcon.colcon_core.package_identification:_identify(.) by extension 'colcon_pkg'
[0.759s] Level 1:colcon.colcon_core.package_identification:_identify(.) by extensions ['colcon_meta']
[0.759s] Level 1:colcon.colcon_core.package_identification:_identify(.) by extension 'colcon_meta'
[0.759s] Level 1:colcon.colcon_core.package_identification:_identify(.) by extensions ['ros']
[0.759s] Level 1:colcon.colcon_core.package_identification:_identify(.) by extension 'ros'
[0.793s] Level 1:colcon.colcon_core.package_identification:_identify(.) by extensions ['cmake', 'python']
[0.793s] Level 1:colcon.colcon_core.package_identification:_identify(.) by extension 'cmake'
[0.793s] Level 1:colcon.colcon_core.package_identification:_identify(.) by extension 'python'
[0.793s] Level 1:colcon.colcon_core.package_identification:_identify(.) by extensions ['python_setup_py']
[0.793s] Level 1:colcon.colcon_core.package_identification:_identify(.) by extension 'python_setup_py'
[0.794s] Level 1:colcon.colcon_core.package_identification:_identify(build) by extensions ['ignore', 'ignore_ament_install']
[0.794s] Level 1:colcon.colcon_core.package_identification:_identify(build) by extension 'ignore'
[0.794s] Level 1:colcon.colcon_core.package_identification:_identify(build) ignored
[0.794s] Level 1:colcon.colcon_core.package_identification:_identify(install) by extensions ['ignore', 'ignore_ament_install']
[0.794s] Level 1:colcon.colcon_core.package_identification:_identify(install) by extension 'ignore'
[0.794s] Level 1:colcon.colcon_core.package_identification:_identify(install) ignored
[0.795s] Level 1:colcon.colcon_core.package_identification:_identify(log) by extensions ['ignore', 'ignore_ament_install']
[0.795s] Level 1:colcon.colcon_core.package_identification:_identify(log) by extension 'ignore'
[0.795s] Level 1:colcon.colcon_core.package_identification:_identify(log) ignored
[0.795s] Level 1:colcon.colcon_core.package_identification:_identify(src) by extensions ['ignore', 'ignore_ament_install']
[0.796s] Level 1:colcon.colcon_core.package_identification:_identify(src) by extension 'ignore'
[0.796s] Level 1:colcon.colcon_core.package_identification:_identify(src) by extension 'ignore_ament_install'
[0.796s] Level 1:colcon.colcon_core.package_identification:_identify(src) by extensions ['colcon_pkg']
[0.796s] Level 1:colcon.colcon_core.package_identification:_identify(src) by extension 'colcon_pkg'
[0.796s] Level 1:colcon.colcon_core.package_identification:_identify(src) by extensions ['colcon_meta']
[0.796s] Level 1:colcon.colcon_core.package_identification:_identify(src) by extension 'colcon_meta'
[0.796s] Level 1:colcon.colcon_core.package_identification:_identify(src) by extensions ['ros']
[0.796s] Level 1:colcon.colcon_core.package_identification:_identify(src) by extension 'ros'
[0.797s] Level 1:colcon.colcon_core.package_identification:_identify(src) by extensions ['cmake', 'python']
[0.797s] Level 1:colcon.colcon_core.package_identification:_identify(src) by extension 'cmake'
[0.797s] Level 1:colcon.colcon_core.package_identification:_identify(src) by extension 'python'
[0.797s] Level 1:colcon.colcon_core.package_identification:_identify(src) by extensions ['python_setup_py']
[0.797s] Level 1:colcon.colcon_core.package_identification:_identify(src) by extension 'python_setup_py'
[0.798s] Level 1:colcon.colcon_core.package_identification:_identify(src/apriltag_msgs-master) by extensions ['ignore', 'ignore_ament_install']
[0.798s] Level 1:colcon.colcon_core.package_identification:_identify(src/apriltag_msgs-master) by extension 'ignore'
[0.798s] Level 1:colcon.colcon_core.package_identification:_identify(src/apriltag_msgs-master) by extension 'ignore_ament_install'
[0.798s] Level 1:colcon.colcon_core.package_identification:_identify(src/apriltag_msgs-master) by extensions ['colcon_pkg']
[0.798s] Level 1:colcon.colcon_core.package_identification:_identify(src/apriltag_msgs-master) by extension 'colcon_pkg'
[0.798s] Level 1:colcon.colcon_core.package_identification:_identify(src/apriltag_msgs-master) by extensions ['colcon_meta']
[0.798s] Level 1:colcon.colcon_core.package_identification:_identify(src/apriltag_msgs-master) by extension 'colcon_meta'
[0.798s] Level 1:colcon.colcon_core.package_identification:_identify(src/apriltag_msgs-master) by extensions ['ros']
[0.798s] Level 1:colcon.colcon_core.package_identification:_identify(src/apriltag_msgs-master) by extension 'ros'
[0.805s] DEBUG:colcon.colcon_core.package_identification:Package 'src/apriltag_msgs-master' with type 'ros.ament_cmake' and name 'apriltag_msgs'
[0.806s] Level 1:colcon.colcon_core.package_identification:_identify(src/apriltag_ros-master) by extensions ['ignore', 'ignore_ament_install']
[0.806s] Level 1:colcon.colcon_core.package_identification:_identify(src/apriltag_ros-master) by extension 'ignore'
[0.806s] Level 1:colcon.colcon_core.package_identification:_identify(src/apriltag_ros-master) by extension 'ignore_ament_install'
[0.806s] Level 1:colcon.colcon_core.package_identification:_identify(src/apriltag_ros-master) by extensions ['colcon_pkg']
[0.806s] Level 1:colcon.colcon_core.package_identification:_identify(src/apriltag_ros-master) by extension 'colcon_pkg'
[0.806s] Level 1:colcon.colcon_core.package_identification:_identify(src/apriltag_ros-master) by extensions ['colcon_meta']
[0.806s] Level 1:colcon.colcon_core.package_identification:_identify(src/apriltag_ros-master) by extension 'colcon_meta'
[0.806s] Level 1:colcon.colcon_core.package_identification:_identify(src/apriltag_ros-master) by extensions ['ros']
[0.807s] Level 1:colcon.colcon_core.package_identification:_identify(src/apriltag_ros-master) by extension 'ros'
[0.810s] DEBUG:colcon.colcon_core.package_identification:Package 'src/apriltag_ros-master' with type 'ros.ament_cmake' and name 'apriltag_ros'
[0.810s] Level 1:colcon.colcon_core.package_identification:_identify(src/astra_camera) by extensions ['ignore', 'ignore_ament_install']
[0.810s] Level 1:colcon.colcon_core.package_identification:_identify(src/astra_camera) by extension 'ignore'
[0.810s] Level 1:colcon.colcon_core.package_identification:_identify(src/astra_camera) by extension 'ignore_ament_install'
[0.811s] Level 1:colcon.colcon_core.package_identification:_identify(src/astra_camera) by extensions ['colcon_pkg']
[0.811s] Level 1:colcon.colcon_core.package_identification:_identify(src/astra_camera) by extension 'colcon_pkg'
[0.811s] Level 1:colcon.colcon_core.package_identification:_identify(src/astra_camera) by extensions ['colcon_meta']
[0.811s] Level 1:colcon.colcon_core.package_identification:_identify(src/astra_camera) by extension 'colcon_meta'
[0.811s] Level 1:colcon.colcon_core.package_identification:_identify(src/astra_camera) by extensions ['ros']
[0.811s] Level 1:colcon.colcon_core.package_identification:_identify(src/astra_camera) by extension 'ros'
[0.811s] Level 1:colcon.colcon_core.package_identification:_identify(src/astra_camera) by extensions ['cmake', 'python']
[0.811s] Level 1:colcon.colcon_core.package_identification:_identify(src/astra_camera) by extension 'cmake'
[0.811s] Level 1:colcon.colcon_core.package_identification:_identify(src/astra_camera) by extension 'python'
[0.812s] Level 1:colcon.colcon_core.package_identification:_identify(src/astra_camera) by extensions ['python_setup_py']
[0.812s] Level 1:colcon.colcon_core.package_identification:_identify(src/astra_camera) by extension 'python_setup_py'
[0.812s] Level 1:colcon.colcon_core.package_identification:_identify(src/astra_camera/astra_camera) by extensions ['ignore', 'ignore_ament_install']
[0.812s] Level 1:colcon.colcon_core.package_identification:_identify(src/astra_camera/astra_camera) by extension 'ignore'
[0.812s] Level 1:colcon.colcon_core.package_identification:_identify(src/astra_camera/astra_camera) by extension 'ignore_ament_install'
[0.812s] Level 1:colcon.colcon_core.package_identification:_identify(src/astra_camera/astra_camera) by extensions ['colcon_pkg']
[0.812s] Level 1:colcon.colcon_core.package_identification:_identify(src/astra_camera/astra_camera) by extension 'colcon_pkg'
[0.813s] Level 1:colcon.colcon_core.package_identification:_identify(src/astra_camera/astra_camera) by extensions ['colcon_meta']
[0.813s] Level 1:colcon.colcon_core.package_identification:_identify(src/astra_camera/astra_camera) by extension 'colcon_meta'
[0.813s] Level 1:colcon.colcon_core.package_identification:_identify(src/astra_camera/astra_camera) by extensions ['ros']
[0.813s] Level 1:colcon.colcon_core.package_identification:_identify(src/astra_camera/astra_camera) by extension 'ros'
[0.819s] DEBUG:colcon.colcon_core.package_identification:Package 'src/astra_camera/astra_camera' with type 'ros.ament_cmake' and name 'astra_camera'
[0.819s] Level 1:colcon.colcon_core.package_identification:_identify(src/astra_camera/astra_camera_msgs) by extensions ['ignore', 'ignore_ament_install']
[0.819s] Level 1:colcon.colcon_core.package_identification:_identify(src/astra_camera/astra_camera_msgs) by extension 'ignore'
[0.820s] Level 1:colcon.colcon_core.package_identification:_identify(src/astra_camera/astra_camera_msgs) by extension 'ignore_ament_install'
[0.820s] Level 1:colcon.colcon_core.package_identification:_identify(src/astra_camera/astra_camera_msgs) by extensions ['colcon_pkg']
[0.820s] Level 1:colcon.colcon_core.package_identification:_identify(src/astra_camera/astra_camera_msgs) by extension 'colcon_pkg'
[0.820s] Level 1:colcon.colcon_core.package_identification:_identify(src/astra_camera/astra_camera_msgs) by extensions ['colcon_meta']
[0.820s] Level 1:colcon.colcon_core.package_identification:_identify(src/astra_camera/astra_camera_msgs) by extension 'colcon_meta'
[0.821s] Level 1:colcon.colcon_core.package_identification:_identify(src/astra_camera/astra_camera_msgs) by extensions ['ros']
[0.821s] Level 1:colcon.colcon_core.package_identification:_identify(src/astra_camera/astra_camera_msgs) by extension 'ros'
[0.822s] DEBUG:colcon.colcon_core.package_identification:Package 'src/astra_camera/astra_camera_msgs' with type 'ros.ament_cmake' and name 'astra_camera_msgs'
[0.822s] Level 1:colcon.colcon_core.package_identification:_identify(src/calib_correspondences) by extensions ['ignore', 'ignore_ament_install']
[0.823s] Level 1:colcon.colcon_core.package_identification:_identify(src/calib_correspondences) by extension 'ignore'
[0.823s] Level 1:colcon.colcon_core.package_identification:_identify(src/calib_correspondences) by extension 'ignore_ament_install'
[0.823s] Level 1:colcon.colcon_core.package_identification:_identify(src/calib_correspondences) by extensions ['colcon_pkg']
[0.823s] Level 1:colcon.colcon_core.package_identification:_identify(src/calib_correspondences) by extension 'colcon_pkg'
[0.823s] Level 1:colcon.colcon_core.package_identification:_identify(src/calib_correspondences) by extensions ['colcon_meta']
[0.823s] Level 1:colcon.colcon_core.package_identification:_identify(src/calib_correspondences) by extension 'colcon_meta'
[0.823s] Level 1:colcon.colcon_core.package_identification:_identify(src/calib_correspondences) by extensions ['ros']
[0.823s] Level 1:colcon.colcon_core.package_identification:_identify(src/calib_correspondences) by extension 'ros'
[0.824s] DEBUG:colcon.colcon_core.package_identification:Package 'src/calib_correspondences' with type 'ros.ament_cmake' and name 'calib_correspondences'
[0.825s] Level 1:colcon.colcon_core.package_identification:_identify(src/custom_msgs) by extensions ['ignore', 'ignore_ament_install']
[0.825s] Level 1:colcon.colcon_core.package_identification:_identify(src/custom_msgs) by extension 'ignore'
[0.825s] Level 1:colcon.colcon_core.package_identification:_identify(src/custom_msgs) by extension 'ignore_ament_install'
[0.825s] Level 1:colcon.colcon_core.package_identification:_identify(src/custom_msgs) by extensions ['colcon_pkg']
[0.825s] Level 1:colcon.colcon_core.package_identification:_identify(src/custom_msgs) by extension 'colcon_pkg'
[0.825s] Level 1:colcon.colcon_core.package_identification:_identify(src/custom_msgs) by extensions ['colcon_meta']
[0.825s] Level 1:colcon.colcon_core.package_identification:_identify(src/custom_msgs) by extension 'colcon_meta'
[0.826s] Level 1:colcon.colcon_core.package_identification:_identify(src/custom_msgs) by extensions ['ros']
[0.826s] Level 1:colcon.colcon_core.package_identification:_identify(src/custom_msgs) by extension 'ros'
[0.827s] DEBUG:colcon.colcon_core.package_identification:Package 'src/custom_msgs' with type 'ros.ament_cmake' and name 'custom_msgs'
[0.827s] Level 1:colcon.colcon_core.package_identification:_identify(src/detection_aruco) by extensions ['ignore', 'ignore_ament_install']
[0.828s] Level 1:colcon.colcon_core.package_identification:_identify(src/detection_aruco) by extension 'ignore'
[0.828s] Level 1:colcon.colcon_core.package_identification:_identify(src/detection_aruco) by extension 'ignore_ament_install'
[0.828s] Level 1:colcon.colcon_core.package_identification:_identify(src/detection_aruco) by extensions ['colcon_pkg']
[0.828s] Level 1:colcon.colcon_core.package_identification:_identify(src/detection_aruco) by extension 'colcon_pkg'
[0.828s] Level 1:colcon.colcon_core.package_identification:_identify(src/detection_aruco) by extensions ['colcon_meta']
[0.828s] Level 1:colcon.colcon_core.package_identification:_identify(src/detection_aruco) by extension 'colcon_meta'
[0.828s] Level 1:colcon.colcon_core.package_identification:_identify(src/detection_aruco) by extensions ['ros']
[0.828s] Level 1:colcon.colcon_core.package_identification:_identify(src/detection_aruco) by extension 'ros'
[0.831s] DEBUG:colcon.colcon_core.package_identification:Package 'src/detection_aruco' with type 'ros.ament_python' and name 'detection_aruco'
[0.831s] Level 1:colcon.colcon_core.package_identification:_identify(src/detection_astra_camera) by extensions ['ignore', 'ignore_ament_install']
[0.831s] Level 1:colcon.colcon_core.package_identification:_identify(src/detection_astra_camera) by extension 'ignore'
[0.831s] Level 1:colcon.colcon_core.package_identification:_identify(src/detection_astra_camera) by extension 'ignore_ament_install'
[0.832s] Level 1:colcon.colcon_core.package_identification:_identify(src/detection_astra_camera) by extensions ['colcon_pkg']
[0.832s] Level 1:colcon.colcon_core.package_identification:_identify(src/detection_astra_camera) by extension 'colcon_pkg'
[0.833s] Level 1:colcon.colcon_core.package_identification:_identify(src/detection_astra_camera) by extensions ['colcon_meta']
[0.833s] Level 1:colcon.colcon_core.package_identification:_identify(src/detection_astra_camera) by extension 'colcon_meta'
[0.834s] Level 1:colcon.colcon_core.package_identification:_identify(src/detection_astra_camera) by extensions ['ros']
[0.834s] Level 1:colcon.colcon_core.package_identification:_identify(src/detection_astra_camera) by extension 'ros'
[0.835s] DEBUG:colcon.colcon_core.package_identification:Package 'src/detection_astra_camera' with type 'ros.ament_python' and name 'detection_astra_camera'
[0.835s] Level 1:colcon.colcon_core.package_discovery:discover_packages(recursive) using defaults
[0.835s] Level 1:colcon.colcon_core.package_discovery:discover_packages(ignore) discover
[0.835s] Level 1:colcon.colcon_core.package_discovery:discover_packages(ignore) using defaults
[0.835s] Level 1:colcon.colcon_core.package_discovery:discover_packages(path) discover
[0.836s] Level 1:colcon.colcon_core.package_discovery:discover_packages(path) using defaults
[0.892s] INFO:colcon.colcon_core.package_selection:Skipping not selected package 'apriltag_msgs' in 'src/apriltag_msgs-master'
[0.893s] INFO:colcon.colcon_core.package_selection:Skipping not selected package 'astra_camera_msgs' in 'src/astra_camera/astra_camera_msgs'
[0.893s] INFO:colcon.colcon_core.package_selection:Skipping not selected package 'custom_msgs' in 'src/custom_msgs'
[0.893s] INFO:colcon.colcon_core.package_selection:Skipping not selected package 'apriltag_ros' in 'src/apriltag_ros-master'
[0.893s] INFO:colcon.colcon_core.package_selection:Skipping not selected package 'astra_camera' in 'src/astra_camera/astra_camera'
[0.893s] INFO:colcon.colcon_core.package_selection:Skipping not selected package 'detection_aruco' in 'src/detection_aruco'
[0.893s] INFO:colcon.colcon_core.package_selection:Skipping not selected package 'detection_astra_camera' in 'src/detection_astra_camera'
[0.894s] Level 1:colcon.colcon_core.package_discovery:discover_packages(prefix_path) check parameters
[0.894s] Level 1:colcon.colcon_core.package_discovery:discover_packages(prefix_path) discover
[0.900s] DEBUG:colcon.colcon_installed_package_information.package_discovery:Found 8 installed packages in /home/andre/ros2_ws/install
[0.904s] DEBUG:colcon.colcon_installed_package_information.package_discovery:Found 281 installed packages in /opt/ros/humble
[0.930s] Level 1:colcon.colcon_core.package_discovery:discover_packages(prefix_path) using defaults
[1.036s] Level 5:colcon.colcon_core.verb:set package 'calib_correspondences' build argument 'cmake_args' from command line to 'None'
[1.037s] Level 5:colcon.colcon_core.verb:set package 'calib_correspondences' build argument 'cmake_target' from command line to 'None'
[1.037s] Level 5:colcon.colcon_core.verb:set package 'calib_correspondences' build argument 'cmake_target_skip_unavailable' from command line to 'False'
[1.037s] Level 5:colcon.colcon_core.verb:set package 'calib_correspondences' build argument 'cmake_clean_cache' from command line to 'False'
[1.037s] Level 5:colcon.colcon_core.verb:set package 'calib_correspondences' build argument 'cmake_clean_first' from command line to 'False'
[1.037s] Level 5:colcon.colcon_core.verb:set package 'calib_correspondences' build argument 'cmake_force_configure' from command line to 'False'
[1.037s] Level 5:colcon.colcon_core.verb:set package 'calib_correspondences' build argument 'ament_cmake_args' from command line to 'None'
[1.037s] Level 5:colcon.colcon_core.verb:set package 'calib_correspondences' build argument 'catkin_cmake_args' from command line to 'None'
[1.037s] Level 5:colcon.colcon_core.verb:set package 'calib_correspondences' build argument 'catkin_skip_building_tests' from command line to 'False'
[1.037s] DEBUG:colcon.colcon_core.verb:Building package 'calib_correspondences' with the following arguments: {'ament_cmake_args': None, 'build_base': '/home/andre/ros2_ws/build/calib_correspondences', 'catkin_cmake_args': None, 'catkin_skip_building_tests': False, 'cmake_args': None, 'cmake_clean_cache': False, 'cmake_clean_first': False, 'cmake_force_configure': False, 'cmake_target': None, 'cmake_target_skip_unavailable': False, 'install_base': '/home/andre/ros2_ws/install/calib_correspondences', 'merge_install': False, 'path': '/home/andre/ros2_ws/src/calib_correspondences', 'symlink_install': False, 'test_result_base': None}
[1.038s] INFO:colcon.colcon_core.executor:Executing jobs using 'parallel' executor
[1.041s] DEBUG:colcon.colcon_parallel_executor.executor.parallel:run_until_complete
[1.041s] INFO:colcon.colcon_ros.task.ament_cmake.build:Building ROS package in '/home/andre/ros2_ws/src/calib_correspondences' with build type 'ament_cmake'
[1.041s] INFO:colcon.colcon_cmake.task.cmake.build:Building CMake package in '/home/andre/ros2_ws/src/calib_correspondences'
[1.045s] INFO:colcon.colcon_core.plugin_system:Skipping extension 'colcon_core.shell.bat': Not used on non-Windows systems
[1.046s] INFO:colcon.colcon_core.shell:Skip shell extension 'powershell' for command environment: Not usable outside of PowerShell
[1.046s] DEBUG:colcon.colcon_core.shell:Skip shell extension 'dsv' for command environment
[1.083s] DEBUG:colcon.colcon_core.event_handler.log_command:Invoking command in '/home/andre/ros2_ws/build/calib_correspondences': CMAKE_PREFIX_PATH=${CMAKE_PREFIX_PATH}:/home/andre/ros2_ws/install/detection_astra_camera:/home/andre/ros2_ws/install/detection_aruco:/opt/ros/humble /usr/bin/cmake --build /home/andre/ros2_ws/build/calib_correspondences -- -j4 -l4
[138.986s] DEBUG:colcon.colcon_core.event_handler.log_command:Invoked command in '/home/andre/ros2_ws/build/calib_correspondences' returned '2': CMAKE_PREFIX_PATH=${CMAKE_PREFIX_PATH}:/home/andre/ros2_ws/install/detection_astra_camera:/home/andre/ros2_ws/install/detection_aruco:/opt/ros/humble /usr/bin/cmake --build /home/andre/ros2_ws/build/calib_correspondences -- -j4 -l4
[139.143s] Level 1:colcon.colcon_core.environment:create_environment_scripts_only(calib_correspondences)
[139.150s] Level 1:colcon.colcon_core.environment:checking '/home/andre/ros2_ws/install/calib_correspondences' for CMake module files
[139.156s] Level 1:colcon.colcon_core.environment:checking '/home/andre/ros2_ws/install/calib_correspondences' for CMake config files
[139.164s] Level 1:colcon.colcon_core.shell:create_environment_hook('calib_correspondences', 'cmake_prefix_path')
[139.164s] INFO:colcon.colcon_core.shell:Creating environment hook '/home/andre/ros2_ws/install/calib_correspondences/share/calib_correspondences/hook/cmake_prefix_path.ps1'
[139.165s] INFO:colcon.colcon_core.shell:Creating environment descriptor '/home/andre/ros2_ws/install/calib_correspondences/share/calib_correspondences/hook/cmake_prefix_path.dsv'
[139.166s] INFO:colcon.colcon_core.shell:Creating environment hook '/home/andre/ros2_ws/install/calib_correspondences/share/calib_correspondences/hook/cmake_prefix_path.sh'
[139.171s] Level 1:colcon.colcon_core.environment:checking '/home/andre/ros2_ws/install/calib_correspondences/lib'
[139.171s] Level 1:colcon.colcon_core.environment:checking '/home/andre/ros2_ws/install/calib_correspondences/bin'
[139.172s] Level 1:colcon.colcon_core.environment:checking '/home/andre/ros2_ws/install/calib_correspondences/lib/pkgconfig/calib_correspondences.pc'
[139.172s] Level 1:colcon.colcon_core.environment:checking '/home/andre/ros2_ws/install/calib_correspondences/lib/python3.10/site-packages'
[139.173s] Level 1:colcon.colcon_core.environment:checking '/home/andre/ros2_ws/install/calib_correspondences/bin'
[139.173s] INFO:colcon.colcon_core.shell:Creating package script '/home/andre/ros2_ws/install/calib_correspondences/share/calib_correspondences/package.ps1'
[139.175s] INFO:colcon.colcon_core.shell:Creating package descriptor '/home/andre/ros2_ws/install/calib_correspondences/share/calib_correspondences/package.dsv'
[139.178s] INFO:colcon.colcon_core.shell:Creating package script '/home/andre/ros2_ws/install/calib_correspondences/share/calib_correspondences/package.sh'
[139.180s] INFO:colcon.colcon_core.shell:Creating package script '/home/andre/ros2_ws/install/calib_correspondences/share/calib_correspondences/package.bash'
[139.182s] INFO:colcon.colcon_core.shell:Creating package script '/home/andre/ros2_ws/install/calib_correspondences/share/calib_correspondences/package.zsh'
[139.184s] Level 1:colcon.colcon_core.environment:create_file_with_runtime_dependencies(/home/andre/ros2_ws/install/calib_correspondences/share/colcon-core/packages/calib_correspondences)
[139.195s] DEBUG:colcon.colcon_parallel_executor.executor.parallel:closing loop
[139.195s] DEBUG:colcon.colcon_parallel_executor.executor.parallel:loop closed
[139.196s] DEBUG:colcon.colcon_parallel_executor.executor.parallel:run_until_complete finished with '2'
[139.197s] DEBUG:colcon.colcon_core.event_reactor:joining thread
[139.228s] INFO:colcon.colcon_core.plugin_system:Skipping extension 'colcon_notification.desktop_notification.terminal_notifier': Not used on non-Darwin systems
[139.229s] INFO:colcon.colcon_core.plugin_system:Skipping extension 'colcon_notification.desktop_notification.win32': Not used on non-Windows systems
[139.229s] INFO:colcon.colcon_notification.desktop_notification:Sending desktop notification using 'notify2'
[139.274s] DEBUG:colcon.colcon_core.event_reactor:joined thread
[139.274s] INFO:colcon.colcon_core.shell:Creating prefix script '/home/andre/ros2_ws/install/local_setup.ps1'
[139.277s] INFO:colcon.colcon_core.shell:Creating prefix util module '/home/andre/ros2_ws/install/_local_setup_util_ps1.py'
[139.281s] INFO:colcon.colcon_core.shell:Creating prefix chain script '/home/andre/ros2_ws/install/setup.ps1'
[139.285s] INFO:colcon.colcon_core.shell:Creating prefix script '/home/andre/ros2_ws/install/local_setup.sh'
[139.287s] INFO:colcon.colcon_core.shell:Creating prefix util module '/home/andre/ros2_ws/install/_local_setup_util_sh.py'
[139.290s] INFO:colcon.colcon_core.shell:Creating prefix chain script '/home/andre/ros2_ws/install/setup.sh'
[139.293s] INFO:colcon.colcon_core.shell:Creating prefix script '/home/andre/ros2_ws/install/local_setup.bash'
[139.296s] INFO:colcon.colcon_core.shell:Creating prefix chain script '/home/andre/ros2_ws/install/setup.bash'
[139.300s] INFO:colcon.colcon_core.shell:Creating prefix script '/home/andre/ros2_ws/install/local_setup.zsh'
[139.302s] INFO:colcon.colcon_core.shell:Creating prefix chain script '/home/andre/ros2_ws/install/setup.zsh'
