[0.019s] Invoking command in '/home/andrea/ros2_ws/build/datos_camara': CMAKE_PREFIX_PATH=${CMAKE_PREFIX_PATH}:/home/andrea/ros2_ws/install/detection_aruco:/opt/ros/humble /usr/bin/cmake --build /home/andrea/ros2_ws/build/datos_camara -- -j4 -l4
[0.118s] [  3%] Built target datos_camara__cpp
[0.134s] [ 12%] Built target datos_camara__rosidl_generator_c
[0.150s] [ 12%] Built target ament_cmake_python_copy_datos_camara
[0.238s] [ 22%] Built target datos_camara__rosidl_typesupport_cpp
[0.239s] [ 32%] Built target datos_camara__rosidl_typesupport_fastrtps_cpp
[0.249s] [ 41%] Built target datos_camara__rosidl_typesupport_introspection_cpp
[0.255s] [ 51%] Built target datos_camara__rosidl_typesupport_fastrtps_c
[0.307s] [ 61%] Built target datos_camara__rosidl_typesupport_introspection_c
[0.318s] [ 70%] Built target datos_camara__rosidl_typesupport_c
[0.360s] [ 70%] Built target datos_camara
[0.400s] [ 74%] Built target datos_camara__py
[0.445s] [ 80%] Built target datos_camara__rosidl_generator_py
[0.529s] [ 87%] Built target datos_camara__rosidl_typesupport_c__pyext
[0.544s] [ 93%] Built target datos_camara__rosidl_typesupport_fastrtps_c__pyext
[0.552s] [100%] Built target datos_camara__rosidl_typesupport_introspection_c__pyext
[0.709s] running egg_info
[0.733s] writing datos_camara.egg-info/PKG-INFO
[0.733s] writing dependency_links to datos_camara.egg-info/dependency_links.txt
[0.734s] writing top-level names to datos_camara.egg-info/top_level.txt
[0.793s] reading manifest file 'datos_camara.egg-info/SOURCES.txt'
[0.794s] writing manifest file 'datos_camara.egg-info/SOURCES.txt'
[0.838s] [100%] Built target ament_cmake_python_build_datos_camara_egg
[0.854s] Invoked command in '/home/andrea/ros2_ws/build/datos_camara' returned '0': CMAKE_PREFIX_PATH=${CMAKE_PREFIX_PATH}:/home/andrea/ros2_ws/install/detection_aruco:/opt/ros/humble /usr/bin/cmake --build /home/andrea/ros2_ws/build/datos_camara -- -j4 -l4
[0.948s] Invoking command in '/home/andrea/ros2_ws/build/datos_camara': CMAKE_PREFIX_PATH=${CMAKE_PREFIX_PATH}:/home/andrea/ros2_ws/install/detection_aruco:/opt/ros/humble /usr/bin/cmake --install /home/andrea/ros2_ws/build/datos_camara
[0.959s] -- Install configuration: ""
[0.961s] -- Up-to-date: /home/andrea/ros2_ws/install/datos_camara/share/ament_index/resource_index/rosidl_interfaces/datos_camara
[0.962s] -- Up-to-date: /home/andrea/ros2_ws/install/datos_camara/include/datos_camara/datos_camara
[0.962s] -- Up-to-date: /home/andrea/ros2_ws/install/datos_camara/include/datos_camara/datos_camara/msg
[0.962s] -- Up-to-date: /home/andrea/ros2_ws/install/datos_camara/include/datos_camara/datos_camara/msg/num.h
[0.963s] -- Up-to-date: /home/andrea/ros2_ws/install/datos_camara/include/datos_camara/datos_camara/msg/detail
[0.963s] -- Up-to-date: /home/andrea/ros2_ws/install/datos_camara/include/datos_camara/datos_camara/msg/detail/num__type_support.h
[0.963s] -- Up-to-date: /home/andrea/ros2_ws/install/datos_camara/include/datos_camara/datos_camara/msg/detail/num__functions.h
[0.964s] -- Up-to-date: /home/andrea/ros2_ws/install/datos_camara/include/datos_camara/datos_camara/msg/detail/num__struct.h
[0.964s] -- Up-to-date: /home/andrea/ros2_ws/install/datos_camara/include/datos_camara/datos_camara/msg/detail/num__functions.c
[0.964s] -- Up-to-date: /home/andrea/ros2_ws/install/datos_camara/include/datos_camara/datos_camara/msg/rosidl_generator_c__visibility_control.h
[0.965s] -- Up-to-date: /home/andrea/ros2_ws/install/datos_camara/share/datos_camara/environment/library_path.sh
[0.966s] -- Up-to-date: /home/andrea/ros2_ws/install/datos_camara/share/datos_camara/environment/library_path.dsv
[0.967s] -- Up-to-date: /home/andrea/ros2_ws/install/datos_camara/lib/libdatos_camara__rosidl_generator_c.so
[0.967s] -- Up-to-date: /home/andrea/ros2_ws/install/datos_camara/include/datos_camara/datos_camara
[0.967s] -- Up-to-date: /home/andrea/ros2_ws/install/datos_camara/include/datos_camara/datos_camara/msg
[0.968s] -- Up-to-date: /home/andrea/ros2_ws/install/datos_camara/include/datos_camara/datos_camara/msg/detail
[0.968s] -- Up-to-date: /home/andrea/ros2_ws/install/datos_camara/include/datos_camara/datos_camara/msg/detail/num__rosidl_typesupport_fastrtps_c.h
[0.968s] -- Up-to-date: /home/andrea/ros2_ws/install/datos_camara/include/datos_camara/datos_camara/msg/rosidl_typesupport_fastrtps_c__visibility_control.h
[0.969s] -- Up-to-date: /home/andrea/ros2_ws/install/datos_camara/lib/libdatos_camara__rosidl_typesupport_fastrtps_c.so
[0.969s] -- Up-to-date: /home/andrea/ros2_ws/install/datos_camara/include/datos_camara/datos_camara
[0.970s] -- Up-to-date: /home/andrea/ros2_ws/install/datos_camara/include/datos_camara/datos_camara/msg
[0.970s] -- Up-to-date: /home/andrea/ros2_ws/install/datos_camara/include/datos_camara/datos_camara/msg/detail
[0.970s] -- Up-to-date: /home/andrea/ros2_ws/install/datos_camara/include/datos_camara/datos_camara/msg/detail/num__builder.hpp
[0.970s] -- Up-to-date: /home/andrea/ros2_ws/install/datos_camara/include/datos_camara/datos_camara/msg/detail/num__struct.hpp
[0.970s] -- Up-to-date: /home/andrea/ros2_ws/install/datos_camara/include/datos_camara/datos_camara/msg/detail/num__traits.hpp
[0.970s] -- Up-to-date: /home/andrea/ros2_ws/install/datos_camara/include/datos_camara/datos_camara/msg/num.hpp
[0.971s] -- Up-to-date: /home/andrea/ros2_ws/install/datos_camara/include/datos_camara/datos_camara
[0.971s] -- Up-to-date: /home/andrea/ros2_ws/install/datos_camara/include/datos_camara/datos_camara/msg
[0.971s] -- Up-to-date: /home/andrea/ros2_ws/install/datos_camara/include/datos_camara/datos_camara/msg/rosidl_typesupport_fastrtps_cpp__visibility_control.h
[0.971s] -- Up-to-date: /home/andrea/ros2_ws/install/datos_camara/include/datos_camara/datos_camara/msg/detail
[0.972s] -- Up-to-date: /home/andrea/ros2_ws/install/datos_camara/include/datos_camara/datos_camara/msg/detail/num__rosidl_typesupport_fastrtps_cpp.hpp
[0.972s] -- Up-to-date: /home/andrea/ros2_ws/install/datos_camara/include/datos_camara/datos_camara/msg/detail/dds_fastrtps
[0.972s] -- Up-to-date: /home/andrea/ros2_ws/install/datos_camara/lib/libdatos_camara__rosidl_typesupport_fastrtps_cpp.so
[0.972s] -- Up-to-date: /home/andrea/ros2_ws/install/datos_camara/include/datos_camara/datos_camara
[0.973s] -- Up-to-date: /home/andrea/ros2_ws/install/datos_camara/include/datos_camara/datos_camara/msg
[0.973s] -- Up-to-date: /home/andrea/ros2_ws/install/datos_camara/include/datos_camara/datos_camara/msg/rosidl_typesupport_introspection_c__visibility_control.h
[0.973s] -- Up-to-date: /home/andrea/ros2_ws/install/datos_camara/include/datos_camara/datos_camara/msg/detail
[0.973s] -- Up-to-date: /home/andrea/ros2_ws/install/datos_camara/include/datos_camara/datos_camara/msg/detail/num__rosidl_typesupport_introspection_c.h
[0.973s] -- Up-to-date: /home/andrea/ros2_ws/install/datos_camara/include/datos_camara/datos_camara/msg/detail/num__type_support.c
[0.973s] -- Up-to-date: /home/andrea/ros2_ws/install/datos_camara/lib/libdatos_camara__rosidl_typesupport_introspection_c.so
[0.974s] -- Up-to-date: /home/andrea/ros2_ws/install/datos_camara/lib/libdatos_camara__rosidl_typesupport_c.so
[0.976s] -- Up-to-date: /home/andrea/ros2_ws/install/datos_camara/include/datos_camara/datos_camara
[0.976s] -- Up-to-date: /home/andrea/ros2_ws/install/datos_camara/include/datos_camara/datos_camara/msg
[0.976s] -- Up-to-date: /home/andrea/ros2_ws/install/datos_camara/include/datos_camara/datos_camara/msg/detail
[0.976s] -- Up-to-date: /home/andrea/ros2_ws/install/datos_camara/include/datos_camara/datos_camara/msg/detail/num__rosidl_typesupport_introspection_cpp.hpp
[0.977s] -- Up-to-date: /home/andrea/ros2_ws/install/datos_camara/include/datos_camara/datos_camara/msg/detail/num__type_support.cpp
[0.978s] -- Up-to-date: /home/andrea/ros2_ws/install/datos_camara/lib/libdatos_camara__rosidl_typesupport_introspection_cpp.so
[0.978s] -- Up-to-date: /home/andrea/ros2_ws/install/datos_camara/lib/libdatos_camara__rosidl_typesupport_cpp.so
[0.979s] -- Up-to-date: /home/andrea/ros2_ws/install/datos_camara/share/datos_camara/environment/pythonpath.sh
[0.979s] -- Up-to-date: /home/andrea/ros2_ws/install/datos_camara/share/datos_camara/environment/pythonpath.dsv
[0.979s] -- Up-to-date: /home/andrea/ros2_ws/install/datos_camara/local/lib/python3.10/dist-packages/datos_camara-0.0.0-py3.10.egg-info
[0.980s] -- Installing: /home/andrea/ros2_ws/install/datos_camara/local/lib/python3.10/dist-packages/datos_camara-0.0.0-py3.10.egg-info/dependency_links.txt
[0.980s] -- Installing: /home/andrea/ros2_ws/install/datos_camara/local/lib/python3.10/dist-packages/datos_camara-0.0.0-py3.10.egg-info/SOURCES.txt
[0.981s] -- Installing: /home/andrea/ros2_ws/install/datos_camara/local/lib/python3.10/dist-packages/datos_camara-0.0.0-py3.10.egg-info/PKG-INFO
[0.981s] -- Installing: /home/andrea/ros2_ws/install/datos_camara/local/lib/python3.10/dist-packages/datos_camara-0.0.0-py3.10.egg-info/top_level.txt
[0.982s] -- Up-to-date: /home/andrea/ros2_ws/install/datos_camara/local/lib/python3.10/dist-packages/datos_camara
[0.982s] -- Up-to-date: /home/andrea/ros2_ws/install/datos_camara/local/lib/python3.10/dist-packages/datos_camara/_datos_camara_s.ep.rosidl_typesupport_fastrtps_c.c
[0.982s] -- Up-to-date: /home/andrea/ros2_ws/install/datos_camara/local/lib/python3.10/dist-packages/datos_camara/_datos_camara_s.ep.rosidl_typesupport_c.c
[0.982s] -- Up-to-date: /home/andrea/ros2_ws/install/datos_camara/local/lib/python3.10/dist-packages/datos_camara/libdatos_camara__rosidl_generator_py.so
[0.982s] -- Up-to-date: /home/andrea/ros2_ws/install/datos_camara/local/lib/python3.10/dist-packages/datos_camara/_datos_camara_s.ep.rosidl_typesupport_introspection_c.c
[0.982s] -- Up-to-date: /home/andrea/ros2_ws/install/datos_camara/local/lib/python3.10/dist-packages/datos_camara/datos_camara_s__rosidl_typesupport_c.cpython-310-x86_64-linux-gnu.so
[0.983s] -- Up-to-date: /home/andrea/ros2_ws/install/datos_camara/local/lib/python3.10/dist-packages/datos_camara/msg
[0.983s] -- Up-to-date: /home/andrea/ros2_ws/install/datos_camara/local/lib/python3.10/dist-packages/datos_camara/msg/_num_s.c
[0.983s] -- Up-to-date: /home/andrea/ros2_ws/install/datos_camara/local/lib/python3.10/dist-packages/datos_camara/msg/_num.py
[0.983s] -- Up-to-date: /home/andrea/ros2_ws/install/datos_camara/local/lib/python3.10/dist-packages/datos_camara/msg/__init__.py
[0.983s] -- Up-to-date: /home/andrea/ros2_ws/install/datos_camara/local/lib/python3.10/dist-packages/datos_camara/datos_camara_s__rosidl_typesupport_introspection_c.cpython-310-x86_64-linux-gnu.so
[0.983s] -- Up-to-date: /home/andrea/ros2_ws/install/datos_camara/local/lib/python3.10/dist-packages/datos_camara/__init__.py
[0.983s] -- Up-to-date: /home/andrea/ros2_ws/install/datos_camara/local/lib/python3.10/dist-packages/datos_camara/datos_camara_s__rosidl_typesupport_fastrtps_c.cpython-310-x86_64-linux-gnu.so
[1.016s] Listing '/home/andrea/ros2_ws/install/datos_camara/local/lib/python3.10/dist-packages/datos_camara'...
[1.016s] Listing '/home/andrea/ros2_ws/install/datos_camara/local/lib/python3.10/dist-packages/datos_camara/msg'...
[1.022s] -- Up-to-date: /home/andrea/ros2_ws/install/datos_camara/local/lib/python3.10/dist-packages/datos_camara/datos_camara_s__rosidl_typesupport_fastrtps_c.cpython-310-x86_64-linux-gnu.so
[1.023s] -- Up-to-date: /home/andrea/ros2_ws/install/datos_camara/local/lib/python3.10/dist-packages/datos_camara/datos_camara_s__rosidl_typesupport_introspection_c.cpython-310-x86_64-linux-gnu.so
[1.023s] -- Up-to-date: /home/andrea/ros2_ws/install/datos_camara/local/lib/python3.10/dist-packages/datos_camara/datos_camara_s__rosidl_typesupport_c.cpython-310-x86_64-linux-gnu.so
[1.024s] -- Up-to-date: /home/andrea/ros2_ws/install/datos_camara/lib/libdatos_camara__rosidl_generator_py.so
[1.024s] -- Up-to-date: /home/andrea/ros2_ws/install/datos_camara/share/datos_camara/msg/Num.idl
[1.025s] -- Up-to-date: /home/andrea/ros2_ws/install/datos_camara/share/datos_camara/msg/Num.msg
[1.025s] -- Up-to-date: /home/andrea/ros2_ws/install/datos_camara/share/ament_index/resource_index/package_run_dependencies/datos_camara
[1.027s] -- Up-to-date: /home/andrea/ros2_ws/install/datos_camara/share/ament_index/resource_index/parent_prefix_path/datos_camara
[1.028s] -- Up-to-date: /home/andrea/ros2_ws/install/datos_camara/share/datos_camara/environment/ament_prefix_path.sh
[1.028s] -- Up-to-date: /home/andrea/ros2_ws/install/datos_camara/share/datos_camara/environment/ament_prefix_path.dsv
[1.028s] -- Up-to-date: /home/andrea/ros2_ws/install/datos_camara/share/datos_camara/environment/path.sh
[1.029s] -- Up-to-date: /home/andrea/ros2_ws/install/datos_camara/share/datos_camara/environment/path.dsv
[1.029s] -- Up-to-date: /home/andrea/ros2_ws/install/datos_camara/share/datos_camara/local_setup.bash
[1.029s] -- Up-to-date: /home/andrea/ros2_ws/install/datos_camara/share/datos_camara/local_setup.sh
[1.029s] -- Up-to-date: /home/andrea/ros2_ws/install/datos_camara/share/datos_camara/local_setup.zsh
[1.029s] -- Up-to-date: /home/andrea/ros2_ws/install/datos_camara/share/datos_camara/local_setup.dsv
[1.030s] -- Installing: /home/andrea/ros2_ws/install/datos_camara/share/datos_camara/package.dsv
[1.030s] -- Up-to-date: /home/andrea/ros2_ws/install/datos_camara/share/ament_index/resource_index/packages/datos_camara
[1.030s] -- Up-to-date: /home/andrea/ros2_ws/install/datos_camara/share/datos_camara/cmake/export_datos_camara__rosidl_generator_cExport.cmake
[1.030s] -- Up-to-date: /home/andrea/ros2_ws/install/datos_camara/share/datos_camara/cmake/export_datos_camara__rosidl_generator_cExport-noconfig.cmake
[1.030s] -- Up-to-date: /home/andrea/ros2_ws/install/datos_camara/share/datos_camara/cmake/export_datos_camara__rosidl_typesupport_fastrtps_cExport.cmake
[1.030s] -- Up-to-date: /home/andrea/ros2_ws/install/datos_camara/share/datos_camara/cmake/export_datos_camara__rosidl_typesupport_fastrtps_cExport-noconfig.cmake
[1.031s] -- Up-to-date: /home/andrea/ros2_ws/install/datos_camara/share/datos_camara/cmake/export_datos_camara__rosidl_generator_cppExport.cmake
[1.031s] -- Up-to-date: /home/andrea/ros2_ws/install/datos_camara/share/datos_camara/cmake/export_datos_camara__rosidl_typesupport_fastrtps_cppExport.cmake
[1.031s] -- Up-to-date: /home/andrea/ros2_ws/install/datos_camara/share/datos_camara/cmake/export_datos_camara__rosidl_typesupport_fastrtps_cppExport-noconfig.cmake
[1.031s] -- Up-to-date: /home/andrea/ros2_ws/install/datos_camara/share/datos_camara/cmake/datos_camara__rosidl_typesupport_introspection_cExport.cmake
[1.031s] -- Up-to-date: /home/andrea/ros2_ws/install/datos_camara/share/datos_camara/cmake/datos_camara__rosidl_typesupport_introspection_cExport-noconfig.cmake
[1.033s] -- Up-to-date: /home/andrea/ros2_ws/install/datos_camara/share/datos_camara/cmake/datos_camara__rosidl_typesupport_cExport.cmake
[1.033s] -- Up-to-date: /home/andrea/ros2_ws/install/datos_camara/share/datos_camara/cmake/datos_camara__rosidl_typesupport_cExport-noconfig.cmake
[1.034s] -- Up-to-date: /home/andrea/ros2_ws/install/datos_camara/share/datos_camara/cmake/datos_camara__rosidl_typesupport_introspection_cppExport.cmake
[1.034s] -- Up-to-date: /home/andrea/ros2_ws/install/datos_camara/share/datos_camara/cmake/datos_camara__rosidl_typesupport_introspection_cppExport-noconfig.cmake
[1.037s] -- Up-to-date: /home/andrea/ros2_ws/install/datos_camara/share/datos_camara/cmake/datos_camara__rosidl_typesupport_cppExport.cmake
[1.039s] -- Up-to-date: /home/andrea/ros2_ws/install/datos_camara/share/datos_camara/cmake/datos_camara__rosidl_typesupport_cppExport-noconfig.cmake
[1.039s] -- Up-to-date: /home/andrea/ros2_ws/install/datos_camara/share/datos_camara/cmake/export_datos_camara__rosidl_generator_pyExport.cmake
[1.039s] -- Up-to-date: /home/andrea/ros2_ws/install/datos_camara/share/datos_camara/cmake/export_datos_camara__rosidl_generator_pyExport-noconfig.cmake
[1.039s] -- Up-to-date: /home/andrea/ros2_ws/install/datos_camara/share/datos_camara/cmake/rosidl_cmake-extras.cmake
[1.040s] -- Up-to-date: /home/andrea/ros2_ws/install/datos_camara/share/datos_camara/cmake/ament_cmake_export_dependencies-extras.cmake
[1.040s] -- Up-to-date: /home/andrea/ros2_ws/install/datos_camara/share/datos_camara/cmake/ament_cmake_export_include_directories-extras.cmake
[1.041s] -- Up-to-date: /home/andrea/ros2_ws/install/datos_camara/share/datos_camara/cmake/ament_cmake_export_libraries-extras.cmake
[1.041s] -- Up-to-date: /home/andrea/ros2_ws/install/datos_camara/share/datos_camara/cmake/ament_cmake_export_targets-extras.cmake
[1.041s] -- Up-to-date: /home/andrea/ros2_ws/install/datos_camara/share/datos_camara/cmake/rosidl_cmake_export_typesupport_targets-extras.cmake
[1.042s] -- Up-to-date: /home/andrea/ros2_ws/install/datos_camara/share/datos_camara/cmake/rosidl_cmake_export_typesupport_libraries-extras.cmake
[1.042s] -- Up-to-date: /home/andrea/ros2_ws/install/datos_camara/share/datos_camara/cmake/datos_camaraConfig.cmake
[1.042s] -- Up-to-date: /home/andrea/ros2_ws/install/datos_camara/share/datos_camara/cmake/datos_camaraConfig-version.cmake
[1.045s] -- Up-to-date: /home/andrea/ros2_ws/install/datos_camara/share/datos_camara/package.xml
[1.046s] Invoked command in '/home/andrea/ros2_ws/build/datos_camara' returned '0': CMAKE_PREFIX_PATH=${CMAKE_PREFIX_PATH}:/home/andrea/ros2_ws/install/detection_aruco:/opt/ros/humble /usr/bin/cmake --install /home/andrea/ros2_ws/build/datos_camara
