[0.038s] Invoking command in '/home/andre/ros2_ws/build/calib_correspondences': CMAKE_PREFIX_PATH=${CMAKE_PREFIX_PATH}:/home/andre/ros2_ws/install/detection_astra_camera:/home/andre/ros2_ws/install/detection_aruco:/opt/ros/humble /usr/bin/cmake --build /home/andre/ros2_ws/build/calib_correspondences -- -j4 -l4
[0.500s] -- Found ament_cmake: 1.3.9 (/opt/ros/humble/share/ament_cmake/cmake)
[1.542s] -- Found rclcpp: 16.0.9 (/opt/ros/humble/share/rclcpp/cmake)
[1.918s] -- Found rosidl_generator_c: 3.1.5 (/opt/ros/humble/share/rosidl_generator_c/cmake)
[1.959s] -- Found rosidl_adapter: 3.1.5 (/opt/ros/humble/share/rosidl_adapter/cmake)
[1.987s] -- Found rosidl_generator_cpp: 3.1.5 (/opt/ros/humble/share/rosidl_generator_cpp/cmake)
[2.094s] -- Using all available rosidl_typesupport_c: rosidl_typesupport_fastrtps_c;rosidl_typesupport_introspection_c
[2.183s] -- Using all available rosidl_typesupport_cpp: rosidl_typesupport_fastrtps_cpp;rosidl_typesupport_introspection_cpp
[2.547s] -- Found rmw_implementation_cmake: 6.1.2 (/opt/ros/humble/share/rmw_implementation_cmake/cmake)
[2.589s] -- Found rmw_fastrtps_cpp: 6.2.6 (/opt/ros/humble/share/rmw_fastrtps_cpp/cmake)
[3.162s] -- Using RMW implementation 'rmw_fastrtps_cpp' as default
[4.037s] -- Found sensor_msgs: 4.2.3 (/opt/ros/humble/share/sensor_msgs/cmake)
[4.512s] -- Found custom_msgs: 0.0.0 (/home/andre/ros2_ws/install/custom_msgs/share/custom_msgs/cmake)
[4.692s] -- Found tf2_eigen: 0.25.6 (/opt/ros/humble/share/tf2_eigen/cmake)
[6.171s] -- Eigen found (include: /usr/include/eigen3, version: 3.4.0)
[6.332s] -- Found Boost: /usr/lib/x86_64-linux-gnu/cmake/Boost-1.74.0/BoostConfig.cmake (found suitable version "1.74.0", minimum required is "1.65.0") found components: system filesystem date_time iostreams serialization 
[6.415s] -- FLANN found (include: /usr/include, lib: /usr/lib/x86_64-linux-gnu/libflann_cpp.so)
[10.889s] -- OpenNI found (version: 1.5.4.0, include: /usr/include/ni, lib: /usr/lib/libOpenNI.so;libusb::libusb)
[10.905s] -- OpenNI2 found (version: 2.3.0.85, include: /home/andre/ros2_ws/install/astra_camera/include/openni2, lib: /home/andre/ros2_ws/install/astra_camera/lib/libOpenNI2.so;libusb::libusb)
[10.906s] [0m** WARNING ** io features related to pcap will be disabled[0m
[11.410s] -- Eigen found (include: /usr/include/eigen3, version: 3.4.0)
[11.436s] -- OpenNI found (version: 1.5.4.0, include: /usr/include/ni, lib: /usr/lib/libOpenNI.so;libusb::libusb)
[11.453s] -- OpenNI2 found (version: 2.3.0.85, include: /home/andre/ros2_ws/install/astra_camera/include/openni2, lib: /home/andre/ros2_ws/install/astra_camera/lib/libOpenNI2.so;libusb::libusb)
[12.014s] -- Found Qhull version 8.0.2
[12.474s] -- OpenNI found (version: 1.5.4.0, include: /usr/include/ni, lib: /usr/lib/libOpenNI.so;libusb::libusb)
[12.886s] -- looking for PCL_COMMON
[12.890s] -- looking for PCL_KDTREE
[12.893s] -- looking for PCL_OCTREE
[12.895s] -- looking for PCL_SEARCH
[12.899s] -- looking for PCL_SAMPLE_CONSENSUS
[12.902s] -- looking for PCL_FILTERS
[12.905s] -- looking for PCL_2D
[12.908s] -- looking for PCL_GEOMETRY
[12.911s] -- looking for PCL_IO
[12.915s] -- looking for PCL_FEATURES
[12.918s] -- looking for PCL_ML
[12.922s] -- looking for PCL_SEGMENTATION
[12.925s] -- looking for PCL_VISUALIZATION
[12.927s] -- looking for PCL_SURFACE
[12.931s] -- looking for PCL_REGISTRATION
[12.934s] -- looking for PCL_KEYPOINTS
[12.938s] -- looking for PCL_TRACKING
[12.942s] -- looking for PCL_RECOGNITION
[12.946s] -- looking for PCL_STEREO
[12.947s] -- looking for PCL_APPS
[12.950s] -- looking for PCL_IN_HAND_SCANNER
[12.952s] -- looking for PCL_MODELER
[12.953s] -- looking for PCL_POINT_CLOUD_EDITOR
[12.954s] -- looking for PCL_OUTOFCORE
[12.955s] -- looking for PCL_PEOPLE
[13.007s] -- Found Boost: /usr/lib/x86_64-linux-gnu/cmake/Boost-1.74.0/BoostConfig.cmake (found version "1.74.0") found components: thread 
[13.030s] -- Found cv_bridge: 3.2.1 (/opt/ros/humble/share/cv_bridge/cmake)
[13.475s] -- Configuring done
[13.494s] [31mCMake Error at CMakeLists.txt:35 (add_executable):
[13.494s]   Cannot find source file:
[13.495s] 
[13.495s]     src/Clouds2Correspondences.cpp
[13.495s] 
[13.495s]   Tried extensions .c .C .c++ .cc .cpp .cxx .cu .mpp .m .M .mm .ixx .cppm .h
[13.495s]   .hh .h++ .hm .hpp .hxx .in .txx .f .F .for .f77 .f90 .f95 .f03 .hip .ispc
[13.496s] 
[13.500s] [0m
[13.524s] [31mCMake Error at CMakeLists.txt:35 (add_executable):
[13.525s]   No SOURCES given to target: rosbag_reader
[13.525s] 
[13.525s] [0m
[13.525s] [0mCMake Generate step failed.  Build files cannot be regenerated correctly.[0m
[13.561s] gmake: *** [Makefile:472: cmake_check_build_system] Error 1
[13.568s] Invoked command in '/home/andre/ros2_ws/build/calib_correspondences' returned '2': CMAKE_PREFIX_PATH=${CMAKE_PREFIX_PATH}:/home/andre/ros2_ws/install/detection_astra_camera:/home/andre/ros2_ws/install/detection_aruco:/opt/ros/humble /usr/bin/cmake --build /home/andre/ros2_ws/build/calib_correspondences -- -j4 -l4
