[2.370s] DEBUG:colcon:Command line arguments: ['/usr/bin/colcon', 'build', '--packages-select', 'detection_astra_camera']
[2.370s] DEBUG:colcon:Parsed command line arguments: Namespace(log_base=None, log_level=None, verb_name='build', build_base='build', install_base='install', merge_install=False, symlink_install=False, test_result_base=None, continue_on_error=False, executor='parallel', parallel_workers=4, event_handlers=None, ignore_user_meta=False, metas=['./colcon.meta'], base_paths=['.'], packages_ignore=None, packages_ignore_regex=None, paths=None, packages_up_to=None, packages_up_to_regex=None, packages_above=None, packages_above_and_dependencies=None, packages_above_depth=None, packages_select_by_dep=None, packages_skip_by_dep=None, packages_skip_up_to=None, packages_select_build_failed=False, packages_skip_build_finished=False, packages_select_test_failures=False, packages_skip_test_passed=False, packages_select=['detection_astra_camera'], packages_skip=None, packages_select_regex=None, packages_skip_regex=None, packages_start=None, packages_end=None, allow_overriding=[], cmake_args=None, cmake_target=None, cmake_target_skip_unavailable=False, cmake_clean_cache=False, cmake_clean_first=False, cmake_force_configure=False, ament_cmake_args=None, catkin_cmake_args=None, catkin_skip_building_tests=False, verb_parser=<colcon_defaults.argument_parser.defaults.DefaultArgumentsDecorator object at 0x71d9ff4cfb80>, verb_extension=<colcon_core.verb.build.BuildVerb object at 0x71d9ff4cf610>, main=<bound method BuildVerb.main of <colcon_core.verb.build.BuildVerb object at 0x71d9ff4cf610>>)
[4.680s] Level 1:colcon.colcon_core.package_discovery:discover_packages(colcon_meta) check parameters
[4.681s] Level 1:colcon.colcon_core.package_discovery:discover_packages(recursive) check parameters
[4.681s] Level 1:colcon.colcon_core.package_discovery:discover_packages(ignore) check parameters
[4.681s] Level 1:colcon.colcon_core.package_discovery:discover_packages(path) check parameters
[4.682s] Level 1:colcon.colcon_core.package_discovery:discover_packages(colcon_meta) discover
[4.682s] Level 1:colcon.colcon_core.package_discovery:discover_packages(recursive) discover
[4.682s] INFO:colcon.colcon_core.package_discovery:Crawling recursively for packages in '/home/andre/ros2_ws'
[4.683s] Level 1:colcon.colcon_core.package_identification:_identify(.) by extensions ['ignore', 'ignore_ament_install']
[4.684s] Level 1:colcon.colcon_core.package_identification:_identify(.) by extension 'ignore'
[4.684s] Level 1:colcon.colcon_core.package_identification:_identify(.) by extension 'ignore_ament_install'
[4.685s] Level 1:colcon.colcon_core.package_identification:_identify(.) by extensions ['colcon_pkg']
[4.685s] Level 1:colcon.colcon_core.package_identification:_identify(.) by extension 'colcon_pkg'
[4.685s] Level 1:colcon.colcon_core.package_identification:_identify(.) by extensions ['colcon_meta']
[4.686s] Level 1:colcon.colcon_core.package_identification:_identify(.) by extension 'colcon_meta'
[4.686s] Level 1:colcon.colcon_core.package_identification:_identify(.) by extensions ['ros']
[4.686s] Level 1:colcon.colcon_core.package_identification:_identify(.) by extension 'ros'
[4.803s] Level 1:colcon.colcon_core.package_identification:_identify(.) by extensions ['cmake', 'python']
[4.804s] Level 1:colcon.colcon_core.package_identification:_identify(.) by extension 'cmake'
[4.804s] Level 1:colcon.colcon_core.package_identification:_identify(.) by extension 'python'
[4.804s] Level 1:colcon.colcon_core.package_identification:_identify(.) by extensions ['python_setup_py']
[4.804s] Level 1:colcon.colcon_core.package_identification:_identify(.) by extension 'python_setup_py'
[4.805s] Level 1:colcon.colcon_core.package_identification:_identify(build) by extensions ['ignore', 'ignore_ament_install']
[4.806s] Level 1:colcon.colcon_core.package_identification:_identify(build) by extension 'ignore'
[4.806s] Level 1:colcon.colcon_core.package_identification:_identify(build) ignored
[4.806s] Level 1:colcon.colcon_core.package_identification:_identify(install) by extensions ['ignore', 'ignore_ament_install']
[4.807s] Level 1:colcon.colcon_core.package_identification:_identify(install) by extension 'ignore'
[4.808s] Level 1:colcon.colcon_core.package_identification:_identify(install) ignored
[4.808s] Level 1:colcon.colcon_core.package_identification:_identify(log) by extensions ['ignore', 'ignore_ament_install']
[4.809s] Level 1:colcon.colcon_core.package_identification:_identify(log) by extension 'ignore'
[4.810s] Level 1:colcon.colcon_core.package_identification:_identify(log) ignored
[4.811s] Level 1:colcon.colcon_core.package_identification:_identify(src) by extensions ['ignore', 'ignore_ament_install']
[4.811s] Level 1:colcon.colcon_core.package_identification:_identify(src) by extension 'ignore'
[4.812s] Level 1:colcon.colcon_core.package_identification:_identify(src) by extension 'ignore_ament_install'
[4.812s] Level 1:colcon.colcon_core.package_identification:_identify(src) by extensions ['colcon_pkg']
[4.813s] Level 1:colcon.colcon_core.package_identification:_identify(src) by extension 'colcon_pkg'
[4.813s] Level 1:colcon.colcon_core.package_identification:_identify(src) by extensions ['colcon_meta']
[4.813s] Level 1:colcon.colcon_core.package_identification:_identify(src) by extension 'colcon_meta'
[4.813s] Level 1:colcon.colcon_core.package_identification:_identify(src) by extensions ['ros']
[4.814s] Level 1:colcon.colcon_core.package_identification:_identify(src) by extension 'ros'
[4.814s] Level 1:colcon.colcon_core.package_identification:_identify(src) by extensions ['cmake', 'python']
[4.814s] Level 1:colcon.colcon_core.package_identification:_identify(src) by extension 'cmake'
[4.815s] Level 1:colcon.colcon_core.package_identification:_identify(src) by extension 'python'
[4.815s] Level 1:colcon.colcon_core.package_identification:_identify(src) by extensions ['python_setup_py']
[4.816s] Level 1:colcon.colcon_core.package_identification:_identify(src) by extension 'python_setup_py'
[4.816s] Level 1:colcon.colcon_core.package_identification:_identify(src/astra_camera) by extensions ['ignore', 'ignore_ament_install']
[4.817s] Level 1:colcon.colcon_core.package_identification:_identify(src/astra_camera) by extension 'ignore'
[4.817s] Level 1:colcon.colcon_core.package_identification:_identify(src/astra_camera) by extension 'ignore_ament_install'
[4.818s] Level 1:colcon.colcon_core.package_identification:_identify(src/astra_camera) by extensions ['colcon_pkg']
[4.818s] Level 1:colcon.colcon_core.package_identification:_identify(src/astra_camera) by extension 'colcon_pkg'
[4.818s] Level 1:colcon.colcon_core.package_identification:_identify(src/astra_camera) by extensions ['colcon_meta']
[4.818s] Level 1:colcon.colcon_core.package_identification:_identify(src/astra_camera) by extension 'colcon_meta'
[4.818s] Level 1:colcon.colcon_core.package_identification:_identify(src/astra_camera) by extensions ['ros']
[4.818s] Level 1:colcon.colcon_core.package_identification:_identify(src/astra_camera) by extension 'ros'
[4.819s] Level 1:colcon.colcon_core.package_identification:_identify(src/astra_camera) by extensions ['cmake', 'python']
[4.819s] Level 1:colcon.colcon_core.package_identification:_identify(src/astra_camera) by extension 'cmake'
[4.819s] Level 1:colcon.colcon_core.package_identification:_identify(src/astra_camera) by extension 'python'
[4.819s] Level 1:colcon.colcon_core.package_identification:_identify(src/astra_camera) by extensions ['python_setup_py']
[4.819s] Level 1:colcon.colcon_core.package_identification:_identify(src/astra_camera) by extension 'python_setup_py'
[4.820s] Level 1:colcon.colcon_core.package_identification:_identify(src/astra_camera/astra_camera) by extensions ['ignore', 'ignore_ament_install']
[4.820s] Level 1:colcon.colcon_core.package_identification:_identify(src/astra_camera/astra_camera) by extension 'ignore'
[4.820s] Level 1:colcon.colcon_core.package_identification:_identify(src/astra_camera/astra_camera) by extension 'ignore_ament_install'
[4.821s] Level 1:colcon.colcon_core.package_identification:_identify(src/astra_camera/astra_camera) by extensions ['colcon_pkg']
[4.821s] Level 1:colcon.colcon_core.package_identification:_identify(src/astra_camera/astra_camera) by extension 'colcon_pkg'
[4.821s] Level 1:colcon.colcon_core.package_identification:_identify(src/astra_camera/astra_camera) by extensions ['colcon_meta']
[4.821s] Level 1:colcon.colcon_core.package_identification:_identify(src/astra_camera/astra_camera) by extension 'colcon_meta'
[4.822s] Level 1:colcon.colcon_core.package_identification:_identify(src/astra_camera/astra_camera) by extensions ['ros']
[4.822s] Level 1:colcon.colcon_core.package_identification:_identify(src/astra_camera/astra_camera) by extension 'ros'
[4.879s] DEBUG:colcon.colcon_core.package_identification:Package 'src/astra_camera/astra_camera' with type 'ros.ament_cmake' and name 'astra_camera'
[4.880s] Level 1:colcon.colcon_core.package_identification:_identify(src/astra_camera/astra_camera_msgs) by extensions ['ignore', 'ignore_ament_install']
[4.881s] Level 1:colcon.colcon_core.package_identification:_identify(src/astra_camera/astra_camera_msgs) by extension 'ignore'
[4.881s] Level 1:colcon.colcon_core.package_identification:_identify(src/astra_camera/astra_camera_msgs) by extension 'ignore_ament_install'
[4.882s] Level 1:colcon.colcon_core.package_identification:_identify(src/astra_camera/astra_camera_msgs) by extensions ['colcon_pkg']
[4.882s] Level 1:colcon.colcon_core.package_identification:_identify(src/astra_camera/astra_camera_msgs) by extension 'colcon_pkg'
[4.882s] Level 1:colcon.colcon_core.package_identification:_identify(src/astra_camera/astra_camera_msgs) by extensions ['colcon_meta']
[4.883s] Level 1:colcon.colcon_core.package_identification:_identify(src/astra_camera/astra_camera_msgs) by extension 'colcon_meta'
[4.883s] Level 1:colcon.colcon_core.package_identification:_identify(src/astra_camera/astra_camera_msgs) by extensions ['ros']
[4.884s] Level 1:colcon.colcon_core.package_identification:_identify(src/astra_camera/astra_camera_msgs) by extension 'ros'
[4.908s] DEBUG:colcon.colcon_core.package_identification:Package 'src/astra_camera/astra_camera_msgs' with type 'ros.ament_cmake' and name 'astra_camera_msgs'
[4.909s] Level 1:colcon.colcon_core.package_identification:_identify(src/custom_msgs) by extensions ['ignore', 'ignore_ament_install']
[4.910s] Level 1:colcon.colcon_core.package_identification:_identify(src/custom_msgs) by extension 'ignore'
[4.910s] Level 1:colcon.colcon_core.package_identification:_identify(src/custom_msgs) by extension 'ignore_ament_install'
[4.911s] Level 1:colcon.colcon_core.package_identification:_identify(src/custom_msgs) by extensions ['colcon_pkg']
[4.912s] Level 1:colcon.colcon_core.package_identification:_identify(src/custom_msgs) by extension 'colcon_pkg'
[4.913s] Level 1:colcon.colcon_core.package_identification:_identify(src/custom_msgs) by extensions ['colcon_meta']
[4.913s] Level 1:colcon.colcon_core.package_identification:_identify(src/custom_msgs) by extension 'colcon_meta'
[4.914s] Level 1:colcon.colcon_core.package_identification:_identify(src/custom_msgs) by extensions ['ros']
[4.914s] Level 1:colcon.colcon_core.package_identification:_identify(src/custom_msgs) by extension 'ros'
[4.930s] DEBUG:colcon.colcon_core.package_identification:Package 'src/custom_msgs' with type 'ros.ament_cmake' and name 'custom_msgs'
[4.933s] Level 1:colcon.colcon_core.package_identification:_identify(src/datos_camara) by extensions ['ignore', 'ignore_ament_install']
[4.936s] Level 1:colcon.colcon_core.package_identification:_identify(src/datos_camara) by extension 'ignore'
[4.939s] Level 1:colcon.colcon_core.package_identification:_identify(src/datos_camara) by extension 'ignore_ament_install'
[4.941s] Level 1:colcon.colcon_core.package_identification:_identify(src/datos_camara) by extensions ['colcon_pkg']
[4.942s] Level 1:colcon.colcon_core.package_identification:_identify(src/datos_camara) by extension 'colcon_pkg'
[4.945s] Level 1:colcon.colcon_core.package_identification:_identify(src/datos_camara) by extensions ['colcon_meta']
[4.946s] Level 1:colcon.colcon_core.package_identification:_identify(src/datos_camara) by extension 'colcon_meta'
[4.956s] Level 1:colcon.colcon_core.package_identification:_identify(src/datos_camara) by extensions ['ros']
[4.956s] Level 1:colcon.colcon_core.package_identification:_identify(src/datos_camara) by extension 'ros'
[4.962s] DEBUG:colcon.colcon_core.package_identification:Package 'src/datos_camara' with type 'ros.ament_cmake' and name 'datos_camara'
[4.962s] Level 1:colcon.colcon_core.package_identification:_identify(src/detection_aruco) by extensions ['ignore', 'ignore_ament_install']
[4.963s] Level 1:colcon.colcon_core.package_identification:_identify(src/detection_aruco) by extension 'ignore'
[4.963s] Level 1:colcon.colcon_core.package_identification:_identify(src/detection_aruco) by extension 'ignore_ament_install'
[4.964s] Level 1:colcon.colcon_core.package_identification:_identify(src/detection_aruco) by extensions ['colcon_pkg']
[4.964s] Level 1:colcon.colcon_core.package_identification:_identify(src/detection_aruco) by extension 'colcon_pkg'
[4.964s] Level 1:colcon.colcon_core.package_identification:_identify(src/detection_aruco) by extensions ['colcon_meta']
[4.964s] Level 1:colcon.colcon_core.package_identification:_identify(src/detection_aruco) by extension 'colcon_meta'
[4.964s] Level 1:colcon.colcon_core.package_identification:_identify(src/detection_aruco) by extensions ['ros']
[4.965s] Level 1:colcon.colcon_core.package_identification:_identify(src/detection_aruco) by extension 'ros'
[4.969s] DEBUG:colcon.colcon_core.package_identification:Package 'src/detection_aruco' with type 'ros.ament_python' and name 'detection_aruco'
[4.970s] Level 1:colcon.colcon_core.package_identification:_identify(src/detection_astra_camera) by extensions ['ignore', 'ignore_ament_install']
[4.970s] Level 1:colcon.colcon_core.package_identification:_identify(src/detection_astra_camera) by extension 'ignore'
[4.971s] Level 1:colcon.colcon_core.package_identification:_identify(src/detection_astra_camera) by extension 'ignore_ament_install'
[4.972s] Level 1:colcon.colcon_core.package_identification:_identify(src/detection_astra_camera) by extensions ['colcon_pkg']
[4.972s] Level 1:colcon.colcon_core.package_identification:_identify(src/detection_astra_camera) by extension 'colcon_pkg'
[4.972s] Level 1:colcon.colcon_core.package_identification:_identify(src/detection_astra_camera) by extensions ['colcon_meta']
[4.972s] Level 1:colcon.colcon_core.package_identification:_identify(src/detection_astra_camera) by extension 'colcon_meta'
[4.973s] Level 1:colcon.colcon_core.package_identification:_identify(src/detection_astra_camera) by extensions ['ros']
[4.973s] Level 1:colcon.colcon_core.package_identification:_identify(src/detection_astra_camera) by extension 'ros'
[4.984s] DEBUG:colcon.colcon_core.package_identification:Package 'src/detection_astra_camera' with type 'ros.ament_python' and name 'detection_astra_camera'
[4.984s] Level 1:colcon.colcon_core.package_discovery:discover_packages(recursive) using defaults
[4.984s] Level 1:colcon.colcon_core.package_discovery:discover_packages(ignore) discover
[4.984s] Level 1:colcon.colcon_core.package_discovery:discover_packages(ignore) using defaults
[4.984s] Level 1:colcon.colcon_core.package_discovery:discover_packages(path) discover
[4.984s] Level 1:colcon.colcon_core.package_discovery:discover_packages(path) using defaults
[5.218s] INFO:colcon.colcon_core.package_selection:Skipping not selected package 'astra_camera_msgs' in 'src/astra_camera/astra_camera_msgs'
[5.219s] INFO:colcon.colcon_core.package_selection:Skipping not selected package 'custom_msgs' in 'src/custom_msgs'
[5.220s] INFO:colcon.colcon_core.package_selection:Skipping not selected package 'datos_camara' in 'src/datos_camara'
[5.220s] INFO:colcon.colcon_core.package_selection:Skipping not selected package 'astra_camera' in 'src/astra_camera/astra_camera'
[5.220s] INFO:colcon.colcon_core.package_selection:Skipping not selected package 'detection_aruco' in 'src/detection_aruco'
[5.223s] Level 1:colcon.colcon_core.package_discovery:discover_packages(prefix_path) check parameters
[5.223s] Level 1:colcon.colcon_core.package_discovery:discover_packages(prefix_path) discover
[5.250s] DEBUG:colcon.colcon_installed_package_information.package_discovery:Found 7 installed packages in /home/andre/ros2_ws/install
[5.254s] DEBUG:colcon.colcon_installed_package_information.package_discovery:Found 278 installed packages in /opt/ros/humble
[5.257s] Level 1:colcon.colcon_core.package_discovery:discover_packages(prefix_path) using defaults
[5.396s] Level 5:colcon.colcon_core.verb:set package 'detection_astra_camera' build argument 'cmake_args' from command line to 'None'
[5.396s] Level 5:colcon.colcon_core.verb:set package 'detection_astra_camera' build argument 'cmake_target' from command line to 'None'
[5.396s] Level 5:colcon.colcon_core.verb:set package 'detection_astra_camera' build argument 'cmake_target_skip_unavailable' from command line to 'False'
[5.396s] Level 5:colcon.colcon_core.verb:set package 'detection_astra_camera' build argument 'cmake_clean_cache' from command line to 'False'
[5.396s] Level 5:colcon.colcon_core.verb:set package 'detection_astra_camera' build argument 'cmake_clean_first' from command line to 'False'
[5.396s] Level 5:colcon.colcon_core.verb:set package 'detection_astra_camera' build argument 'cmake_force_configure' from command line to 'False'
[5.396s] Level 5:colcon.colcon_core.verb:set package 'detection_astra_camera' build argument 'ament_cmake_args' from command line to 'None'
[5.396s] Level 5:colcon.colcon_core.verb:set package 'detection_astra_camera' build argument 'catkin_cmake_args' from command line to 'None'
[5.396s] Level 5:colcon.colcon_core.verb:set package 'detection_astra_camera' build argument 'catkin_skip_building_tests' from command line to 'False'
[5.396s] DEBUG:colcon.colcon_core.verb:Building package 'detection_astra_camera' with the following arguments: {'ament_cmake_args': None, 'build_base': '/home/andre/ros2_ws/build/detection_astra_camera', 'catkin_cmake_args': None, 'catkin_skip_building_tests': False, 'cmake_args': None, 'cmake_clean_cache': False, 'cmake_clean_first': False, 'cmake_force_configure': False, 'cmake_target': None, 'cmake_target_skip_unavailable': False, 'install_base': '/home/andre/ros2_ws/install/detection_astra_camera', 'merge_install': False, 'path': '/home/andre/ros2_ws/src/detection_astra_camera', 'symlink_install': False, 'test_result_base': None}
[5.396s] INFO:colcon.colcon_core.executor:Executing jobs using 'parallel' executor
[5.398s] DEBUG:colcon.colcon_parallel_executor.executor.parallel:run_until_complete
[5.398s] INFO:colcon.colcon_ros.task.ament_python.build:Building ROS package in '/home/andre/ros2_ws/src/detection_astra_camera' with build type 'ament_python'
[5.398s] Level 1:colcon.colcon_core.shell:create_environment_hook('detection_astra_camera', 'ament_prefix_path')
[5.415s] INFO:colcon.colcon_core.plugin_system:Skipping extension 'colcon_core.shell.bat': Not used on non-Windows systems
[5.416s] INFO:colcon.colcon_core.shell:Creating environment hook '/home/andre/ros2_ws/install/detection_astra_camera/share/detection_astra_camera/hook/ament_prefix_path.ps1'
[5.423s] INFO:colcon.colcon_core.shell:Creating environment descriptor '/home/andre/ros2_ws/install/detection_astra_camera/share/detection_astra_camera/hook/ament_prefix_path.dsv'
[5.431s] INFO:colcon.colcon_core.shell:Creating environment hook '/home/andre/ros2_ws/install/detection_astra_camera/share/detection_astra_camera/hook/ament_prefix_path.sh'
[5.434s] INFO:colcon.colcon_core.shell:Skip shell extension 'powershell' for command environment: Not usable outside of PowerShell
[5.434s] DEBUG:colcon.colcon_core.shell:Skip shell extension 'dsv' for command environment
[5.969s] INFO:colcon.colcon_core.task.python.build:Building Python package in '/home/andre/ros2_ws/src/detection_astra_camera'
[5.969s] INFO:colcon.colcon_core.shell:Skip shell extension 'powershell' for command environment: Not usable outside of PowerShell
[5.970s] DEBUG:colcon.colcon_core.shell:Skip shell extension 'dsv' for command environment
[6.779s] DEBUG:colcon.colcon_core.event_handler.log_command:Invoking command in '/home/andre/ros2_ws/src/detection_astra_camera': CMAKE_PREFIX_PATH=/home/andre/ros2_ws/install/astra_camera:/home/andre/ros2_ws/install/astra_camera_msgs:/home/andre/ros2_ws/install/datos_camara:/home/andre/ros2_ws/install/custom_msgs LD_LIBRARY_PATH=/home/andre/ros2_ws/install/astra_camera/lib:/home/andre/ros2_ws/install/astra_camera_msgs/lib:/home/andre/ros2_ws/install/datos_camara/lib:/home/andre/ros2_ws/install/custom_msgs/lib:/opt/ros/humble/opt/rviz_ogre_vendor/lib:/opt/ros/humble/lib/x86_64-linux-gnu:/opt/ros/humble/lib PYTHONPATH=/home/andre/ros2_ws/build/detection_astra_camera/prefix_override:/home/andre/ros2_ws/install/detection_astra_camera/lib/python3.10/site-packages:${PYTHONPATH} /usr/bin/python3 -W ignore:setup.py install is deprecated setup.py egg_info --egg-base ../../build/detection_astra_camera build --build-base /home/andre/ros2_ws/build/detection_astra_camera/build install --record /home/andre/ros2_ws/build/detection_astra_camera/install.log --single-version-externally-managed install_data
[7.386s] DEBUG:colcon.colcon_core.event_handler.log_command:Invoked command in '/home/andre/ros2_ws/src/detection_astra_camera' returned '0': CMAKE_PREFIX_PATH=/home/andre/ros2_ws/install/astra_camera:/home/andre/ros2_ws/install/astra_camera_msgs:/home/andre/ros2_ws/install/datos_camara:/home/andre/ros2_ws/install/custom_msgs LD_LIBRARY_PATH=/home/andre/ros2_ws/install/astra_camera/lib:/home/andre/ros2_ws/install/astra_camera_msgs/lib:/home/andre/ros2_ws/install/datos_camara/lib:/home/andre/ros2_ws/install/custom_msgs/lib:/opt/ros/humble/opt/rviz_ogre_vendor/lib:/opt/ros/humble/lib/x86_64-linux-gnu:/opt/ros/humble/lib PYTHONPATH=/home/andre/ros2_ws/build/detection_astra_camera/prefix_override:/home/andre/ros2_ws/install/detection_astra_camera/lib/python3.10/site-packages:${PYTHONPATH} /usr/bin/python3 -W ignore:setup.py install is deprecated setup.py egg_info --egg-base ../../build/detection_astra_camera build --build-base /home/andre/ros2_ws/build/detection_astra_camera/build install --record /home/andre/ros2_ws/build/detection_astra_camera/install.log --single-version-externally-managed install_data
[7.391s] Level 1:colcon.colcon_core.environment:checking '/home/andre/ros2_ws/install/detection_astra_camera' for CMake module files
[7.392s] Level 1:colcon.colcon_core.environment:checking '/home/andre/ros2_ws/install/detection_astra_camera' for CMake config files
[7.393s] Level 1:colcon.colcon_core.environment:checking '/home/andre/ros2_ws/install/detection_astra_camera/lib'
[7.393s] Level 1:colcon.colcon_core.environment:checking '/home/andre/ros2_ws/install/detection_astra_camera/bin'
[7.394s] Level 1:colcon.colcon_core.environment:checking '/home/andre/ros2_ws/install/detection_astra_camera/lib/pkgconfig/detection_astra_camera.pc'
[7.394s] Level 1:colcon.colcon_core.environment:checking '/home/andre/ros2_ws/install/detection_astra_camera/lib/python3.10/site-packages'
[7.394s] Level 1:colcon.colcon_core.shell:create_environment_hook('detection_astra_camera', 'pythonpath')
[7.395s] INFO:colcon.colcon_core.shell:Creating environment hook '/home/andre/ros2_ws/install/detection_astra_camera/share/detection_astra_camera/hook/pythonpath.ps1'
[7.396s] INFO:colcon.colcon_core.shell:Creating environment descriptor '/home/andre/ros2_ws/install/detection_astra_camera/share/detection_astra_camera/hook/pythonpath.dsv'
[7.397s] INFO:colcon.colcon_core.shell:Creating environment hook '/home/andre/ros2_ws/install/detection_astra_camera/share/detection_astra_camera/hook/pythonpath.sh'
[7.398s] Level 1:colcon.colcon_core.environment:checking '/home/andre/ros2_ws/install/detection_astra_camera/bin'
[7.398s] Level 1:colcon.colcon_core.environment:create_environment_scripts_only(detection_astra_camera)
[7.399s] INFO:colcon.colcon_core.shell:Creating package script '/home/andre/ros2_ws/install/detection_astra_camera/share/detection_astra_camera/package.ps1'
[7.400s] INFO:colcon.colcon_core.shell:Creating package descriptor '/home/andre/ros2_ws/install/detection_astra_camera/share/detection_astra_camera/package.dsv'
[7.402s] INFO:colcon.colcon_core.shell:Creating package script '/home/andre/ros2_ws/install/detection_astra_camera/share/detection_astra_camera/package.sh'
[7.403s] INFO:colcon.colcon_core.shell:Creating package script '/home/andre/ros2_ws/install/detection_astra_camera/share/detection_astra_camera/package.bash'
[7.423s] INFO:colcon.colcon_core.shell:Creating package script '/home/andre/ros2_ws/install/detection_astra_camera/share/detection_astra_camera/package.zsh'
[7.436s] Level 1:colcon.colcon_core.environment:create_file_with_runtime_dependencies(/home/andre/ros2_ws/install/detection_astra_camera/share/colcon-core/packages/detection_astra_camera)
[7.437s] DEBUG:colcon.colcon_parallel_executor.executor.parallel:closing loop
[7.438s] DEBUG:colcon.colcon_parallel_executor.executor.parallel:loop closed
[7.438s] DEBUG:colcon.colcon_parallel_executor.executor.parallel:run_until_complete finished with '0'
[7.438s] DEBUG:colcon.colcon_core.event_reactor:joining thread
[7.523s] INFO:colcon.colcon_core.plugin_system:Skipping extension 'colcon_notification.desktop_notification.terminal_notifier': Not used on non-Darwin systems
[7.524s] INFO:colcon.colcon_core.plugin_system:Skipping extension 'colcon_notification.desktop_notification.win32': Not used on non-Windows systems
[7.524s] INFO:colcon.colcon_notification.desktop_notification:Sending desktop notification using 'notify2'
[7.604s] DEBUG:colcon.colcon_core.event_reactor:joined thread
[7.605s] INFO:colcon.colcon_core.shell:Creating prefix script '/home/andre/ros2_ws/install/local_setup.ps1'
[7.608s] INFO:colcon.colcon_core.shell:Creating prefix util module '/home/andre/ros2_ws/install/_local_setup_util_ps1.py'
[7.619s] INFO:colcon.colcon_core.shell:Creating prefix chain script '/home/andre/ros2_ws/install/setup.ps1'
[7.624s] INFO:colcon.colcon_core.shell:Creating prefix script '/home/andre/ros2_ws/install/local_setup.sh'
[7.626s] INFO:colcon.colcon_core.shell:Creating prefix util module '/home/andre/ros2_ws/install/_local_setup_util_sh.py'
[7.627s] INFO:colcon.colcon_core.shell:Creating prefix chain script '/home/andre/ros2_ws/install/setup.sh'
[7.630s] INFO:colcon.colcon_core.shell:Creating prefix script '/home/andre/ros2_ws/install/local_setup.bash'
[7.631s] INFO:colcon.colcon_core.shell:Creating prefix chain script '/home/andre/ros2_ws/install/setup.bash'
[7.633s] INFO:colcon.colcon_core.shell:Creating prefix script '/home/andre/ros2_ws/install/local_setup.zsh'
[7.634s] INFO:colcon.colcon_core.shell:Creating prefix chain script '/home/andre/ros2_ws/install/setup.zsh'
