[0.051s] Invoking command in '/home/andre/ros2_ws/build/calib_correspondences': CMAKE_PREFIX_PATH=${CMAKE_PREFIX_PATH}:/home/andre/ros2_ws/install/detection_astra_camera:/home/andre/ros2_ws/install/detection_aruco:/opt/ros/humble /usr/bin/cmake --build /home/andre/ros2_ws/build/calib_correspondences -- -j4 -l4
[0.367s] [ 50%] Built target image_cloud_reader
[0.516s] [100%] Built target corr_subscriber
[0.573s] Invoked command in '/home/andre/ros2_ws/build/calib_correspondences' returned '0': CMAKE_PREFIX_PATH=${CMAKE_PREFIX_PATH}:/home/andre/ros2_ws/install/detection_astra_camera:/home/andre/ros2_ws/install/detection_aruco:/opt/ros/humble /usr/bin/cmake --build /home/andre/ros2_ws/build/calib_correspondences -- -j4 -l4
[0.757s] Invoking command in '/home/andre/ros2_ws/build/calib_correspondences': CMAKE_PREFIX_PATH=${CMAKE_PREFIX_PATH}:/home/andre/ros2_ws/install/detection_astra_camera:/home/andre/ros2_ws/install/detection_aruco:/opt/ros/humble /usr/bin/cmake --install /home/andre/ros2_ws/build/calib_correspondences
[0.788s] -- Install configuration: "Release"
[0.793s] -- Up-to-date: /home/andre/ros2_ws/install/calib_correspondences/lib/calib_correspondences/image_cloud_reader
[0.795s] -- Up-to-date: /home/andre/ros2_ws/install/calib_correspondences/lib/calib_correspondences/corr_subscriber
[0.795s] -- Up-to-date: /home/andre/ros2_ws/install/calib_correspondences/share/calib_correspondences//launch
[0.795s] -- Up-to-date: /home/andre/ros2_ws/install/calib_correspondences/share/calib_correspondences//launch/imgcloud2corr_launch.xml
[0.795s] -- Up-to-date: /home/andre/ros2_ws/install/calib_correspondences/share/calib_correspondences//launch/calibrate_corr_launch.xml
[0.796s] -- Up-to-date: /home/andre/ros2_ws/install/calib_correspondences/share/calib_correspondences//config
[0.796s] -- Installing: /home/andre/ros2_ws/install/calib_correspondences/share/calib_correspondences//config/parameters.yaml
[0.796s] -- Up-to-date: /home/andre/ros2_ws/install/calib_correspondences/share/calib_correspondences//config/params_usb0.yaml
[0.796s] -- Up-to-date: /home/andre/ros2_ws/install/calib_correspondences/share/calib_correspondences//config/params_usb1.yaml
[0.796s] -- Up-to-date: /home/andre/ros2_ws/install/calib_correspondences/share/ament_index/resource_index/package_run_dependencies/calib_correspondences
[0.797s] -- Up-to-date: /home/andre/ros2_ws/install/calib_correspondences/share/ament_index/resource_index/parent_prefix_path/calib_correspondences
[0.797s] -- Up-to-date: /home/andre/ros2_ws/install/calib_correspondences/share/calib_correspondences/environment/ament_prefix_path.sh
[0.797s] -- Up-to-date: /home/andre/ros2_ws/install/calib_correspondences/share/calib_correspondences/environment/ament_prefix_path.dsv
[0.797s] -- Up-to-date: /home/andre/ros2_ws/install/calib_correspondences/share/calib_correspondences/environment/path.sh
[0.797s] -- Up-to-date: /home/andre/ros2_ws/install/calib_correspondences/share/calib_correspondences/environment/path.dsv
[0.797s] -- Up-to-date: /home/andre/ros2_ws/install/calib_correspondences/share/calib_correspondences/local_setup.bash
[0.798s] -- Up-to-date: /home/andre/ros2_ws/install/calib_correspondences/share/calib_correspondences/local_setup.sh
[0.798s] -- Up-to-date: /home/andre/ros2_ws/install/calib_correspondences/share/calib_correspondences/local_setup.zsh
[0.798s] -- Up-to-date: /home/andre/ros2_ws/install/calib_correspondences/share/calib_correspondences/local_setup.dsv
[0.798s] -- Installing: /home/andre/ros2_ws/install/calib_correspondences/share/calib_correspondences/package.dsv
[0.798s] -- Up-to-date: /home/andre/ros2_ws/install/calib_correspondences/share/ament_index/resource_index/packages/calib_correspondences
[0.799s] -- Up-to-date: /home/andre/ros2_ws/install/calib_correspondences/share/calib_correspondences/cmake/calib_correspondencesConfig.cmake
[0.799s] -- Up-to-date: /home/andre/ros2_ws/install/calib_correspondences/share/calib_correspondences/cmake/calib_correspondencesConfig-version.cmake
[0.799s] -- Up-to-date: /home/andre/ros2_ws/install/calib_correspondences/share/calib_correspondences/package.xml
[0.821s] Invoked command in '/home/andre/ros2_ws/build/calib_correspondences' returned '0': CMAKE_PREFIX_PATH=${CMAKE_PREFIX_PATH}:/home/andre/ros2_ws/install/detection_astra_camera:/home/andre/ros2_ws/install/detection_aruco:/opt/ros/humble /usr/bin/cmake --install /home/andre/ros2_ws/build/calib_correspondences
