[0.016s] Invoking command in '/home/andre/ros2_ws/build/astra_camera': CMAKE_PREFIX_PATH=/home/andre/ros2_ws/install/astra_camera_msgs:/home/andre/ros2_ws/install/custom_msgs:/home/andre/ros2_ws/install/calib_correspondences:/home/andre/ros2_ws/install/astra_camera:/home/andre/ros2_ws/install/apriltag_ros:/home/andre/ros2_ws/install/apriltag_msgs:/home/andre/ros2_ws/install/detection_astra_camera:/home/andre/ros2_ws/install/detection_aruco:/opt/ros/humble LD_LIBRARY_PATH=/home/andre/ros2_ws/install/astra_camera_msgs/lib:/home/andre/ros2_ws/install/custom_msgs/lib:/home/andre/ros2_ws/install/astra_camera/lib:/home/andre/ros2_ws/install/apriltag_ros/lib:/home/andre/ros2_ws/install/apriltag_msgs/lib:/opt/ros/humble/opt/rviz_ogre_vendor/lib:/opt/ros/humble/lib/x86_64-linux-gnu:/opt/ros/humble/lib /usr/bin/cmake --build /home/andre/ros2_ws/build/astra_camera -- -j4 -l4
[6.948s] [ 88%] Built target astra_camera
[6.990s] [100%] Built target list_devices_node
[7.004s] Invoked command in '/home/andre/ros2_ws/build/astra_camera' returned '0': CMAKE_PREFIX_PATH=/home/andre/ros2_ws/install/astra_camera_msgs:/home/andre/ros2_ws/install/custom_msgs:/home/andre/ros2_ws/install/calib_correspondences:/home/andre/ros2_ws/install/astra_camera:/home/andre/ros2_ws/install/apriltag_ros:/home/andre/ros2_ws/install/apriltag_msgs:/home/andre/ros2_ws/install/detection_astra_camera:/home/andre/ros2_ws/install/detection_aruco:/opt/ros/humble LD_LIBRARY_PATH=/home/andre/ros2_ws/install/astra_camera_msgs/lib:/home/andre/ros2_ws/install/custom_msgs/lib:/home/andre/ros2_ws/install/astra_camera/lib:/home/andre/ros2_ws/install/apriltag_ros/lib:/home/andre/ros2_ws/install/apriltag_msgs/lib:/opt/ros/humble/opt/rviz_ogre_vendor/lib:/opt/ros/humble/lib/x86_64-linux-gnu:/opt/ros/humble/lib /usr/bin/cmake --build /home/andre/ros2_ws/build/astra_camera -- -j4 -l4
[7.099s] Invoking command in '/home/andre/ros2_ws/build/astra_camera': CMAKE_PREFIX_PATH=/home/andre/ros2_ws/install/astra_camera_msgs:/home/andre/ros2_ws/install/custom_msgs:/home/andre/ros2_ws/install/calib_correspondences:/home/andre/ros2_ws/install/astra_camera:/home/andre/ros2_ws/install/apriltag_ros:/home/andre/ros2_ws/install/apriltag_msgs:/home/andre/ros2_ws/install/detection_astra_camera:/home/andre/ros2_ws/install/detection_aruco:/opt/ros/humble LD_LIBRARY_PATH=/home/andre/ros2_ws/install/astra_camera_msgs/lib:/home/andre/ros2_ws/install/custom_msgs/lib:/home/andre/ros2_ws/install/astra_camera/lib:/home/andre/ros2_ws/install/apriltag_ros/lib:/home/andre/ros2_ws/install/apriltag_msgs/lib:/opt/ros/humble/opt/rviz_ogre_vendor/lib:/opt/ros/humble/lib/x86_64-linux-gnu:/opt/ros/humble/lib /usr/bin/cmake --install /home/andre/ros2_ws/build/astra_camera
[7.162s] -- Install configuration: "Release"
[7.262s] -- Up-to-date: /home/andre/ros2_ws/install/astra_camera/lib/libastra_camera.so
[7.265s] -- Up-to-date: /home/andre/ros2_ws/install/astra_camera/lib/libOpenNI2.so
[7.265s] -- Up-to-date: /home/andre/ros2_ws/install/astra_camera/lib//OpenNI2
[7.266s] -- Up-to-date: /home/andre/ros2_ws/install/astra_camera/lib//OpenNI2/Drivers
[7.266s] -- Up-to-date: /home/andre/ros2_ws/install/astra_camera/lib//OpenNI2/Drivers/OniFile.ini
[7.267s] -- Up-to-date: /home/andre/ros2_ws/install/astra_camera/lib//OpenNI2/Drivers/orbbec.ini
[7.268s] -- Up-to-date: /home/andre/ros2_ws/install/astra_camera/lib//OpenNI2/Drivers/liborbbec.so
[7.269s] -- Up-to-date: /home/andre/ros2_ws/install/astra_camera/lib//OpenNI2/Drivers/libOniFile.so
[7.270s] -- Up-to-date: /home/andre/ros2_ws/install/astra_camera/lib/astra_camera/list_devices_node
[7.271s] -- Up-to-date: /home/andre/ros2_ws/install/astra_camera/include
[7.272s] -- Up-to-date: /home/andre/ros2_ws/install/astra_camera/include/astra_camera
[7.274s] -- Up-to-date: /home/andre/ros2_ws/install/astra_camera/include/astra_camera/ros_param_backend.h
[7.275s] -- Up-to-date: /home/andre/ros2_ws/install/astra_camera/include/astra_camera/ob_camera_node.h
[7.276s] -- Up-to-date: /home/andre/ros2_ws/install/astra_camera/include/astra_camera/types.h
[7.277s] -- Up-to-date: /home/andre/ros2_ws/install/astra_camera/include/astra_camera/ob_frame_listener.h
[7.278s] -- Up-to-date: /home/andre/ros2_ws/install/astra_camera/include/astra_camera/point_cloud_proc
[7.279s] -- Up-to-date: /home/andre/ros2_ws/install/astra_camera/include/astra_camera/point_cloud_proc/depth_traits.h
[7.280s] -- Up-to-date: /home/andre/ros2_ws/install/astra_camera/include/astra_camera/point_cloud_proc/point_cloud_xyzrgb.h
[7.281s] -- Up-to-date: /home/andre/ros2_ws/install/astra_camera/include/astra_camera/point_cloud_proc/point_cloud_xyz.h
[7.282s] -- Up-to-date: /home/andre/ros2_ws/install/astra_camera/include/astra_camera/utils.h
[7.283s] -- Up-to-date: /home/andre/ros2_ws/install/astra_camera/include/astra_camera/dynamic_params.h
[7.284s] -- Up-to-date: /home/andre/ros2_ws/install/astra_camera/include/astra_camera/constants.h
[7.284s] -- Up-to-date: /home/andre/ros2_ws/install/astra_camera/include/astra_camera/ob_camera_node_factory.h
[7.285s] -- Up-to-date: /home/andre/ros2_ws/install/astra_camera/include/astra_camera/device_listener.h
[7.285s] -- Up-to-date: /home/andre/ros2_ws/install/astra_camera/include/astra_camera/ob_timer_filter.h
[7.286s] -- Up-to-date: /home/andre/ros2_ws/install/astra_camera/include/astra_camera/uvc_camera_driver.h
[7.286s] -- Up-to-date: /home/andre/ros2_ws/install/astra_camera/include/astra_camera/DefineImageType.hpp
[7.287s] -- Up-to-date: /home/andre/ros2_ws/install/astra_camera/include/astra_camera/ob_context.h
[7.288s] -- Up-to-date: /home/andre/ros2_ws/install/astra_camera/include/openni2
[7.288s] -- Up-to-date: /home/andre/ros2_ws/install/astra_camera/include/openni2/OpenNI.h
[7.289s] -- Up-to-date: /home/andre/ros2_ws/install/astra_camera/include/openni2/MacOSX
[7.289s] -- Up-to-date: /home/andre/ros2_ws/install/astra_camera/include/openni2/MacOSX/OniPlatformMacOSX.h
[7.289s] -- Up-to-date: /home/andre/ros2_ws/install/astra_camera/include/openni2/Linux-Arm
[7.290s] -- Up-to-date: /home/andre/ros2_ws/install/astra_camera/include/openni2/Linux-Arm/OniPlatformLinux-Arm.h
[7.290s] -- Up-to-date: /home/andre/ros2_ws/install/astra_camera/include/openni2/Android-Arm
[7.290s] -- Up-to-date: /home/andre/ros2_ws/install/astra_camera/include/openni2/Android-Arm/OniPlatformAndroid-Arm.h
[7.291s] -- Up-to-date: /home/andre/ros2_ws/install/astra_camera/include/openni2/OniEnums.h
[7.291s] -- Up-to-date: /home/andre/ros2_ws/install/astra_camera/include/openni2/Linux-x86
[7.292s] -- Up-to-date: /home/andre/ros2_ws/install/astra_camera/include/openni2/Linux-x86/OniPlatformLinux-x86.h
[7.292s] -- Up-to-date: /home/andre/ros2_ws/install/astra_camera/include/openni2/OniPlatform.h
[7.293s] -- Up-to-date: /home/andre/ros2_ws/install/astra_camera/include/openni2/OniCEnums.h
[7.293s] -- Up-to-date: /home/andre/ros2_ws/install/astra_camera/include/openni2/PrimeSense.h
[7.294s] -- Up-to-date: /home/andre/ros2_ws/install/astra_camera/include/openni2/PSLink.h
[7.295s] -- Up-to-date: /home/andre/ros2_ws/install/astra_camera/include/openni2/OniVersion.h
[7.296s] -- Up-to-date: /home/andre/ros2_ws/install/astra_camera/include/openni2/PS1080.h
[7.296s] -- Up-to-date: /home/andre/ros2_ws/install/astra_camera/include/openni2/util.h
[7.297s] -- Up-to-date: /home/andre/ros2_ws/install/astra_camera/include/openni2/OniProperties.h
[7.297s] -- Up-to-date: /home/andre/ros2_ws/install/astra_camera/include/openni2/Driver
[7.298s] -- Up-to-date: /home/andre/ros2_ws/install/astra_camera/include/openni2/Driver/OniDriverAPI.h
[7.298s] -- Up-to-date: /home/andre/ros2_ws/install/astra_camera/include/openni2/Driver/OniDriverTypes.h
[7.299s] -- Up-to-date: /home/andre/ros2_ws/install/astra_camera/include/openni2/SonixCamera.h
[7.299s] -- Up-to-date: /home/andre/ros2_ws/install/astra_camera/include/openni2/OniCTypes.h
[7.300s] -- Up-to-date: /home/andre/ros2_ws/install/astra_camera/include/openni2/OniTest.h
[7.301s] -- Up-to-date: /home/andre/ros2_ws/install/astra_camera/include/openni2/KinectProperties.h
[7.301s] -- Up-to-date: /home/andre/ros2_ws/install/astra_camera/include/openni2/OniCAPI.h
[7.302s] -- Up-to-date: /home/andre/ros2_ws/install/astra_camera/include/openni2/OniCProperties.h
[7.302s] -- Up-to-date: /home/andre/ros2_ws/install/astra_camera/share/astra_camera//launch
[7.302s] -- Up-to-date: /home/andre/ros2_ws/install/astra_camera/share/astra_camera//launch/multi_astra_mini.launch.py
[7.302s] -- Up-to-date: /home/andre/ros2_ws/install/astra_camera/share/astra_camera//launch/multi_dabai_dcw.launch.py
[7.303s] -- Up-to-date: /home/andre/ros2_ws/install/astra_camera/share/astra_camera//launch/multi_dabai_pro.launch.py
[7.303s] -- Up-to-date: /home/andre/ros2_ws/install/astra_camera/share/astra_camera//launch/multi_dabai_dw.launch.py
[7.303s] -- Up-to-date: /home/andre/ros2_ws/install/astra_camera/share/astra_camera//launch/dabai_dcw.launch.py
[7.303s] -- Up-to-date: /home/andre/ros2_ws/install/astra_camera/share/astra_camera//launch/dabai_pro.launch.py
[7.304s] -- Installing: /home/andre/ros2_ws/install/astra_camera/share/astra_camera//launch/multi_astra.launch.py
[7.304s] -- Up-to-date: /home/andre/ros2_ws/install/astra_camera/share/astra_camera//launch/dabai_dw.launch.py
[7.304s] -- Up-to-date: /home/andre/ros2_ws/install/astra_camera/share/astra_camera//launch/.gitkeep
[7.305s] -- Up-to-date: /home/andre/ros2_ws/install/astra_camera/share/astra_camera//launch/astra.launch.py
[7.305s] -- Up-to-date: /home/andre/ros2_ws/install/astra_camera/share/astra_camera//launch/dabai_u3.launch.py
[7.306s] -- Up-to-date: /home/andre/ros2_ws/install/astra_camera/share/astra_camera//launch/astra_mini.launch.py
[7.306s] -- Up-to-date: /home/andre/ros2_ws/install/astra_camera/share/astra_camera//launch/multi_dabai.launch.py
[7.306s] -- Up-to-date: /home/andre/ros2_ws/install/astra_camera/share/astra_camera//launch/launch_utils.py
[7.306s] -- Up-to-date: /home/andre/ros2_ws/install/astra_camera/share/astra_camera//config
[7.306s] -- Up-to-date: /home/andre/ros2_ws/install/astra_camera/share/astra_camera//config/.gitkeep
[7.307s] -- Up-to-date: /home/andre/ros2_ws/install/astra_camera/share/astra_camera//params
[7.307s] -- Up-to-date: /home/andre/ros2_ws/install/astra_camera/share/astra_camera//params/configurable_params.yaml
[7.308s] -- Up-to-date: /home/andre/ros2_ws/install/astra_camera/share/astra_camera//params/camera_params_template.yaml
[7.309s] -- Up-to-date: /home/andre/ros2_ws/install/astra_camera/share/astra_camera//params/dabai_params.yaml
[7.309s] -- Up-to-date: /home/andre/ros2_ws/install/astra_camera/share/astra_camera//params/dabai_pro_params.yaml
[7.309s] -- Up-to-date: /home/andre/ros2_ws/install/astra_camera/share/astra_camera//params/.gitkeep
[7.309s] -- Up-to-date: /home/andre/ros2_ws/install/astra_camera/share/astra_camera//params/dabai_dw_params.yaml
[7.309s] -- Up-to-date: /home/andre/ros2_ws/install/astra_camera/share/astra_camera//params/dabai_dcw_params.yaml
[7.309s] -- Up-to-date: /home/andre/ros2_ws/install/astra_camera/share/astra_camera//params/astra_mini_params.yaml
[7.309s] -- Up-to-date: /home/andre/ros2_ws/install/astra_camera/share/astra_camera//params/astra_params.yaml
[7.310s] -- Up-to-date: /home/andre/ros2_ws/install/astra_camera/share/astra_camera//rviz
[7.310s] -- Up-to-date: /home/andre/ros2_ws/install/astra_camera/share/astra_camera//rviz/multi_camera.rviz
[7.310s] -- Up-to-date: /home/andre/ros2_ws/install/astra_camera/share/astra_camera//rviz/.gitkeep
[7.310s] -- Up-to-date: /home/andre/ros2_ws/install/astra_camera/share/astra_camera//rviz/pointcloud.rviz
[7.310s] -- Up-to-date: /home/andre/ros2_ws/install/astra_camera/share/astra_camera/environment/library_path.sh
[7.310s] -- Up-to-date: /home/andre/ros2_ws/install/astra_camera/share/astra_camera/environment/library_path.dsv
[7.311s] -- Up-to-date: /home/andre/ros2_ws/install/astra_camera/share/ament_index/resource_index/package_run_dependencies/astra_camera
[7.311s] -- Up-to-date: /home/andre/ros2_ws/install/astra_camera/share/ament_index/resource_index/parent_prefix_path/astra_camera
[7.311s] -- Up-to-date: /home/andre/ros2_ws/install/astra_camera/share/astra_camera/environment/ament_prefix_path.sh
[7.311s] -- Up-to-date: /home/andre/ros2_ws/install/astra_camera/share/astra_camera/environment/ament_prefix_path.dsv
[7.311s] -- Up-to-date: /home/andre/ros2_ws/install/astra_camera/share/astra_camera/environment/path.sh
[7.311s] -- Up-to-date: /home/andre/ros2_ws/install/astra_camera/share/astra_camera/environment/path.dsv
[7.312s] -- Up-to-date: /home/andre/ros2_ws/install/astra_camera/share/astra_camera/local_setup.bash
[7.312s] -- Up-to-date: /home/andre/ros2_ws/install/astra_camera/share/astra_camera/local_setup.sh
[7.312s] -- Up-to-date: /home/andre/ros2_ws/install/astra_camera/share/astra_camera/local_setup.zsh
[7.312s] -- Up-to-date: /home/andre/ros2_ws/install/astra_camera/share/astra_camera/local_setup.dsv
[7.313s] -- Installing: /home/andre/ros2_ws/install/astra_camera/share/astra_camera/package.dsv
[7.313s] -- Up-to-date: /home/andre/ros2_ws/install/astra_camera/share/ament_index/resource_index/packages/astra_camera
[7.313s] -- Up-to-date: /home/andre/ros2_ws/install/astra_camera/share/ament_index/resource_index/rclcpp_components/astra_camera
[7.313s] -- Up-to-date: /home/andre/ros2_ws/install/astra_camera/share/astra_camera/cmake/ament_cmake_export_include_directories-extras.cmake
[7.313s] -- Up-to-date: /home/andre/ros2_ws/install/astra_camera/share/astra_camera/cmake/ament_cmake_export_libraries-extras.cmake
[7.314s] -- Up-to-date: /home/andre/ros2_ws/install/astra_camera/share/astra_camera/cmake/ament_cmake_export_dependencies-extras.cmake
[7.314s] -- Up-to-date: /home/andre/ros2_ws/install/astra_camera/share/astra_camera/cmake/astra_cameraConfig.cmake
[7.314s] -- Up-to-date: /home/andre/ros2_ws/install/astra_camera/share/astra_camera/cmake/astra_cameraConfig-version.cmake
[7.314s] -- Up-to-date: /home/andre/ros2_ws/install/astra_camera/share/astra_camera/package.xml
[7.315s] Invoked command in '/home/andre/ros2_ws/build/astra_camera' returned '0': CMAKE_PREFIX_PATH=/home/andre/ros2_ws/install/astra_camera_msgs:/home/andre/ros2_ws/install/custom_msgs:/home/andre/ros2_ws/install/calib_correspondences:/home/andre/ros2_ws/install/astra_camera:/home/andre/ros2_ws/install/apriltag_ros:/home/andre/ros2_ws/install/apriltag_msgs:/home/andre/ros2_ws/install/detection_astra_camera:/home/andre/ros2_ws/install/detection_aruco:/opt/ros/humble LD_LIBRARY_PATH=/home/andre/ros2_ws/install/astra_camera_msgs/lib:/home/andre/ros2_ws/install/custom_msgs/lib:/home/andre/ros2_ws/install/astra_camera/lib:/home/andre/ros2_ws/install/apriltag_ros/lib:/home/andre/ros2_ws/install/apriltag_msgs/lib:/opt/ros/humble/opt/rviz_ogre_vendor/lib:/opt/ros/humble/lib/x86_64-linux-gnu:/opt/ros/humble/lib /usr/bin/cmake --install /home/andre/ros2_ws/build/astra_camera
