[0.957s] DEBUG:colcon:Command line arguments: ['/usr/bin/colcon', 'build', '--packages-select', 'detection_astra_camera']
[0.957s] DEBUG:colcon:Parsed command line arguments: Namespace(log_base=None, log_level=None, verb_name='build', build_base='build', install_base='install', merge_install=False, symlink_install=False, test_result_base=None, continue_on_error=False, executor='parallel', parallel_workers=4, event_handlers=None, ignore_user_meta=False, metas=['./colcon.meta'], base_paths=['.'], packages_ignore=None, packages_ignore_regex=None, paths=None, packages_up_to=None, packages_up_to_regex=None, packages_above=None, packages_above_and_dependencies=None, packages_above_depth=None, packages_select_by_dep=None, packages_skip_by_dep=None, packages_skip_up_to=None, packages_select_build_failed=False, packages_skip_build_finished=False, packages_select_test_failures=False, packages_skip_test_passed=False, packages_select=['detection_astra_camera'], packages_skip=None, packages_select_regex=None, packages_skip_regex=None, packages_start=None, packages_end=None, allow_overriding=[], cmake_args=None, cmake_target=None, cmake_target_skip_unavailable=False, cmake_clean_cache=False, cmake_clean_first=False, cmake_force_configure=False, ament_cmake_args=None, catkin_cmake_args=None, catkin_skip_building_tests=False, verb_parser=<colcon_defaults.argument_parser.defaults.DefaultArgumentsDecorator object at 0x7b0ec3bd44f0>, verb_extension=<colcon_core.verb.build.BuildVerb object at 0x7b0ec3ba7f40>, main=<bound method BuildVerb.main of <colcon_core.verb.build.BuildVerb object at 0x7b0ec3ba7f40>>)
[1.728s] Level 1:colcon.colcon_core.package_discovery:discover_packages(colcon_meta) check parameters
[1.728s] Level 1:colcon.colcon_core.package_discovery:discover_packages(recursive) check parameters
[1.729s] Level 1:colcon.colcon_core.package_discovery:discover_packages(ignore) check parameters
[1.729s] Level 1:colcon.colcon_core.package_discovery:discover_packages(path) check parameters
[1.729s] Level 1:colcon.colcon_core.package_discovery:discover_packages(colcon_meta) discover
[1.729s] Level 1:colcon.colcon_core.package_discovery:discover_packages(recursive) discover
[1.729s] INFO:colcon.colcon_core.package_discovery:Crawling recursively for packages in '/home/andre/ros2_ws'
[1.729s] Level 1:colcon.colcon_core.package_identification:_identify(.) by extensions ['ignore', 'ignore_ament_install']
[1.729s] Level 1:colcon.colcon_core.package_identification:_identify(.) by extension 'ignore'
[1.729s] Level 1:colcon.colcon_core.package_identification:_identify(.) by extension 'ignore_ament_install'
[1.730s] Level 1:colcon.colcon_core.package_identification:_identify(.) by extensions ['colcon_pkg']
[1.730s] Level 1:colcon.colcon_core.package_identification:_identify(.) by extension 'colcon_pkg'
[1.730s] Level 1:colcon.colcon_core.package_identification:_identify(.) by extensions ['colcon_meta']
[1.730s] Level 1:colcon.colcon_core.package_identification:_identify(.) by extension 'colcon_meta'
[1.730s] Level 1:colcon.colcon_core.package_identification:_identify(.) by extensions ['ros']
[1.730s] Level 1:colcon.colcon_core.package_identification:_identify(.) by extension 'ros'
[1.810s] Level 1:colcon.colcon_core.package_identification:_identify(.) by extensions ['cmake', 'python']
[1.810s] Level 1:colcon.colcon_core.package_identification:_identify(.) by extension 'cmake'
[1.811s] Level 1:colcon.colcon_core.package_identification:_identify(.) by extension 'python'
[1.812s] Level 1:colcon.colcon_core.package_identification:_identify(.) by extensions ['python_setup_py']
[1.812s] Level 1:colcon.colcon_core.package_identification:_identify(.) by extension 'python_setup_py'
[1.813s] Level 1:colcon.colcon_core.package_identification:_identify(build) by extensions ['ignore', 'ignore_ament_install']
[1.813s] Level 1:colcon.colcon_core.package_identification:_identify(build) by extension 'ignore'
[1.813s] Level 1:colcon.colcon_core.package_identification:_identify(build) ignored
[1.814s] Level 1:colcon.colcon_core.package_identification:_identify(install) by extensions ['ignore', 'ignore_ament_install']
[1.814s] Level 1:colcon.colcon_core.package_identification:_identify(install) by extension 'ignore'
[1.814s] Level 1:colcon.colcon_core.package_identification:_identify(install) ignored
[1.815s] Level 1:colcon.colcon_core.package_identification:_identify(log) by extensions ['ignore', 'ignore_ament_install']
[1.815s] Level 1:colcon.colcon_core.package_identification:_identify(log) by extension 'ignore'
[1.816s] Level 1:colcon.colcon_core.package_identification:_identify(log) ignored
[1.816s] Level 1:colcon.colcon_core.package_identification:_identify(src) by extensions ['ignore', 'ignore_ament_install']
[1.816s] Level 1:colcon.colcon_core.package_identification:_identify(src) by extension 'ignore'
[1.816s] Level 1:colcon.colcon_core.package_identification:_identify(src) by extension 'ignore_ament_install'
[1.817s] Level 1:colcon.colcon_core.package_identification:_identify(src) by extensions ['colcon_pkg']
[1.818s] Level 1:colcon.colcon_core.package_identification:_identify(src) by extension 'colcon_pkg'
[1.818s] Level 1:colcon.colcon_core.package_identification:_identify(src) by extensions ['colcon_meta']
[1.818s] Level 1:colcon.colcon_core.package_identification:_identify(src) by extension 'colcon_meta'
[1.818s] Level 1:colcon.colcon_core.package_identification:_identify(src) by extensions ['ros']
[1.818s] Level 1:colcon.colcon_core.package_identification:_identify(src) by extension 'ros'
[1.818s] Level 1:colcon.colcon_core.package_identification:_identify(src) by extensions ['cmake', 'python']
[1.818s] Level 1:colcon.colcon_core.package_identification:_identify(src) by extension 'cmake'
[1.819s] Level 1:colcon.colcon_core.package_identification:_identify(src) by extension 'python'
[1.819s] Level 1:colcon.colcon_core.package_identification:_identify(src) by extensions ['python_setup_py']
[1.819s] Level 1:colcon.colcon_core.package_identification:_identify(src) by extension 'python_setup_py'
[1.819s] Level 1:colcon.colcon_core.package_identification:_identify(src/apriltag_msgs-master) by extensions ['ignore', 'ignore_ament_install']
[1.819s] Level 1:colcon.colcon_core.package_identification:_identify(src/apriltag_msgs-master) by extension 'ignore'
[1.819s] Level 1:colcon.colcon_core.package_identification:_identify(src/apriltag_msgs-master) by extension 'ignore_ament_install'
[1.820s] Level 1:colcon.colcon_core.package_identification:_identify(src/apriltag_msgs-master) by extensions ['colcon_pkg']
[1.820s] Level 1:colcon.colcon_core.package_identification:_identify(src/apriltag_msgs-master) by extension 'colcon_pkg'
[1.820s] Level 1:colcon.colcon_core.package_identification:_identify(src/apriltag_msgs-master) by extensions ['colcon_meta']
[1.820s] Level 1:colcon.colcon_core.package_identification:_identify(src/apriltag_msgs-master) by extension 'colcon_meta'
[1.820s] Level 1:colcon.colcon_core.package_identification:_identify(src/apriltag_msgs-master) by extensions ['ros']
[1.820s] Level 1:colcon.colcon_core.package_identification:_identify(src/apriltag_msgs-master) by extension 'ros'
[1.845s] DEBUG:colcon.colcon_core.package_identification:Package 'src/apriltag_msgs-master' with type 'ros.ament_cmake' and name 'apriltag_msgs'
[1.846s] Level 1:colcon.colcon_core.package_identification:_identify(src/apriltag_ros-master) by extensions ['ignore', 'ignore_ament_install']
[1.850s] Level 1:colcon.colcon_core.package_identification:_identify(src/apriltag_ros-master) by extension 'ignore'
[1.851s] Level 1:colcon.colcon_core.package_identification:_identify(src/apriltag_ros-master) by extension 'ignore_ament_install'
[1.851s] Level 1:colcon.colcon_core.package_identification:_identify(src/apriltag_ros-master) by extensions ['colcon_pkg']
[1.851s] Level 1:colcon.colcon_core.package_identification:_identify(src/apriltag_ros-master) by extension 'colcon_pkg'
[1.851s] Level 1:colcon.colcon_core.package_identification:_identify(src/apriltag_ros-master) by extensions ['colcon_meta']
[1.851s] Level 1:colcon.colcon_core.package_identification:_identify(src/apriltag_ros-master) by extension 'colcon_meta'
[1.851s] Level 1:colcon.colcon_core.package_identification:_identify(src/apriltag_ros-master) by extensions ['ros']
[1.851s] Level 1:colcon.colcon_core.package_identification:_identify(src/apriltag_ros-master) by extension 'ros'
[1.855s] DEBUG:colcon.colcon_core.package_identification:Package 'src/apriltag_ros-master' with type 'ros.ament_cmake' and name 'apriltag_ros'
[1.855s] Level 1:colcon.colcon_core.package_identification:_identify(src/astra_camera) by extensions ['ignore', 'ignore_ament_install']
[1.855s] Level 1:colcon.colcon_core.package_identification:_identify(src/astra_camera) by extension 'ignore'
[1.856s] Level 1:colcon.colcon_core.package_identification:_identify(src/astra_camera) by extension 'ignore_ament_install'
[1.856s] Level 1:colcon.colcon_core.package_identification:_identify(src/astra_camera) by extensions ['colcon_pkg']
[1.856s] Level 1:colcon.colcon_core.package_identification:_identify(src/astra_camera) by extension 'colcon_pkg'
[1.856s] Level 1:colcon.colcon_core.package_identification:_identify(src/astra_camera) by extensions ['colcon_meta']
[1.856s] Level 1:colcon.colcon_core.package_identification:_identify(src/astra_camera) by extension 'colcon_meta'
[1.856s] Level 1:colcon.colcon_core.package_identification:_identify(src/astra_camera) by extensions ['ros']
[1.856s] Level 1:colcon.colcon_core.package_identification:_identify(src/astra_camera) by extension 'ros'
[1.857s] Level 1:colcon.colcon_core.package_identification:_identify(src/astra_camera) by extensions ['cmake', 'python']
[1.857s] Level 1:colcon.colcon_core.package_identification:_identify(src/astra_camera) by extension 'cmake'
[1.857s] Level 1:colcon.colcon_core.package_identification:_identify(src/astra_camera) by extension 'python'
[1.857s] Level 1:colcon.colcon_core.package_identification:_identify(src/astra_camera) by extensions ['python_setup_py']
[1.857s] Level 1:colcon.colcon_core.package_identification:_identify(src/astra_camera) by extension 'python_setup_py'
[1.858s] Level 1:colcon.colcon_core.package_identification:_identify(src/astra_camera/astra_camera) by extensions ['ignore', 'ignore_ament_install']
[1.858s] Level 1:colcon.colcon_core.package_identification:_identify(src/astra_camera/astra_camera) by extension 'ignore'
[1.858s] Level 1:colcon.colcon_core.package_identification:_identify(src/astra_camera/astra_camera) by extension 'ignore_ament_install'
[1.858s] Level 1:colcon.colcon_core.package_identification:_identify(src/astra_camera/astra_camera) by extensions ['colcon_pkg']
[1.858s] Level 1:colcon.colcon_core.package_identification:_identify(src/astra_camera/astra_camera) by extension 'colcon_pkg'
[1.858s] Level 1:colcon.colcon_core.package_identification:_identify(src/astra_camera/astra_camera) by extensions ['colcon_meta']
[1.859s] Level 1:colcon.colcon_core.package_identification:_identify(src/astra_camera/astra_camera) by extension 'colcon_meta'
[1.859s] Level 1:colcon.colcon_core.package_identification:_identify(src/astra_camera/astra_camera) by extensions ['ros']
[1.859s] Level 1:colcon.colcon_core.package_identification:_identify(src/astra_camera/astra_camera) by extension 'ros'
[1.876s] DEBUG:colcon.colcon_core.package_identification:Package 'src/astra_camera/astra_camera' with type 'ros.ament_cmake' and name 'astra_camera'
[1.879s] Level 1:colcon.colcon_core.package_identification:_identify(src/astra_camera/astra_camera_msgs) by extensions ['ignore', 'ignore_ament_install']
[1.879s] Level 1:colcon.colcon_core.package_identification:_identify(src/astra_camera/astra_camera_msgs) by extension 'ignore'
[1.879s] Level 1:colcon.colcon_core.package_identification:_identify(src/astra_camera/astra_camera_msgs) by extension 'ignore_ament_install'
[1.880s] Level 1:colcon.colcon_core.package_identification:_identify(src/astra_camera/astra_camera_msgs) by extensions ['colcon_pkg']
[1.880s] Level 1:colcon.colcon_core.package_identification:_identify(src/astra_camera/astra_camera_msgs) by extension 'colcon_pkg'
[1.880s] Level 1:colcon.colcon_core.package_identification:_identify(src/astra_camera/astra_camera_msgs) by extensions ['colcon_meta']
[1.880s] Level 1:colcon.colcon_core.package_identification:_identify(src/astra_camera/astra_camera_msgs) by extension 'colcon_meta'
[1.880s] Level 1:colcon.colcon_core.package_identification:_identify(src/astra_camera/astra_camera_msgs) by extensions ['ros']
[1.880s] Level 1:colcon.colcon_core.package_identification:_identify(src/astra_camera/astra_camera_msgs) by extension 'ros'
[1.882s] DEBUG:colcon.colcon_core.package_identification:Package 'src/astra_camera/astra_camera_msgs' with type 'ros.ament_cmake' and name 'astra_camera_msgs'
[1.882s] Level 1:colcon.colcon_core.package_identification:_identify(src/calib_correspondences) by extensions ['ignore', 'ignore_ament_install']
[1.883s] Level 1:colcon.colcon_core.package_identification:_identify(src/calib_correspondences) by extension 'ignore'
[1.883s] Level 1:colcon.colcon_core.package_identification:_identify(src/calib_correspondences) by extension 'ignore_ament_install'
[1.883s] Level 1:colcon.colcon_core.package_identification:_identify(src/calib_correspondences) by extensions ['colcon_pkg']
[1.883s] Level 1:colcon.colcon_core.package_identification:_identify(src/calib_correspondences) by extension 'colcon_pkg'
[1.883s] Level 1:colcon.colcon_core.package_identification:_identify(src/calib_correspondences) by extensions ['colcon_meta']
[1.883s] Level 1:colcon.colcon_core.package_identification:_identify(src/calib_correspondences) by extension 'colcon_meta'
[1.883s] Level 1:colcon.colcon_core.package_identification:_identify(src/calib_correspondences) by extensions ['ros']
[1.883s] Level 1:colcon.colcon_core.package_identification:_identify(src/calib_correspondences) by extension 'ros'
[1.885s] DEBUG:colcon.colcon_core.package_identification:Package 'src/calib_correspondences' with type 'ros.ament_cmake' and name 'calib_correspondences'
[1.886s] Level 1:colcon.colcon_core.package_identification:_identify(src/custom_msgs) by extensions ['ignore', 'ignore_ament_install']
[1.886s] Level 1:colcon.colcon_core.package_identification:_identify(src/custom_msgs) by extension 'ignore'
[1.886s] Level 1:colcon.colcon_core.package_identification:_identify(src/custom_msgs) by extension 'ignore_ament_install'
[1.887s] Level 1:colcon.colcon_core.package_identification:_identify(src/custom_msgs) by extensions ['colcon_pkg']
[1.887s] Level 1:colcon.colcon_core.package_identification:_identify(src/custom_msgs) by extension 'colcon_pkg'
[1.887s] Level 1:colcon.colcon_core.package_identification:_identify(src/custom_msgs) by extensions ['colcon_meta']
[1.887s] Level 1:colcon.colcon_core.package_identification:_identify(src/custom_msgs) by extension 'colcon_meta'
[1.888s] Level 1:colcon.colcon_core.package_identification:_identify(src/custom_msgs) by extensions ['ros']
[1.888s] Level 1:colcon.colcon_core.package_identification:_identify(src/custom_msgs) by extension 'ros'
[1.901s] DEBUG:colcon.colcon_core.package_identification:Package 'src/custom_msgs' with type 'ros.ament_cmake' and name 'custom_msgs'
[1.903s] Level 1:colcon.colcon_core.package_identification:_identify(src/detection_aruco) by extensions ['ignore', 'ignore_ament_install']
[1.903s] Level 1:colcon.colcon_core.package_identification:_identify(src/detection_aruco) by extension 'ignore'
[1.904s] Level 1:colcon.colcon_core.package_identification:_identify(src/detection_aruco) by extension 'ignore_ament_install'
[1.905s] Level 1:colcon.colcon_core.package_identification:_identify(src/detection_aruco) by extensions ['colcon_pkg']
[1.905s] Level 1:colcon.colcon_core.package_identification:_identify(src/detection_aruco) by extension 'colcon_pkg'
[1.906s] Level 1:colcon.colcon_core.package_identification:_identify(src/detection_aruco) by extensions ['colcon_meta']
[1.906s] Level 1:colcon.colcon_core.package_identification:_identify(src/detection_aruco) by extension 'colcon_meta'
[1.907s] Level 1:colcon.colcon_core.package_identification:_identify(src/detection_aruco) by extensions ['ros']
[1.907s] Level 1:colcon.colcon_core.package_identification:_identify(src/detection_aruco) by extension 'ros'
[1.910s] DEBUG:colcon.colcon_core.package_identification:Package 'src/detection_aruco' with type 'ros.ament_python' and name 'detection_aruco'
[1.912s] Level 1:colcon.colcon_core.package_identification:_identify(src/detection_astra_camera) by extensions ['ignore', 'ignore_ament_install']
[1.913s] Level 1:colcon.colcon_core.package_identification:_identify(src/detection_astra_camera) by extension 'ignore'
[1.913s] Level 1:colcon.colcon_core.package_identification:_identify(src/detection_astra_camera) by extension 'ignore_ament_install'
[1.913s] Level 1:colcon.colcon_core.package_identification:_identify(src/detection_astra_camera) by extensions ['colcon_pkg']
[1.914s] Level 1:colcon.colcon_core.package_identification:_identify(src/detection_astra_camera) by extension 'colcon_pkg'
[1.914s] Level 1:colcon.colcon_core.package_identification:_identify(src/detection_astra_camera) by extensions ['colcon_meta']
[1.914s] Level 1:colcon.colcon_core.package_identification:_identify(src/detection_astra_camera) by extension 'colcon_meta'
[1.914s] Level 1:colcon.colcon_core.package_identification:_identify(src/detection_astra_camera) by extensions ['ros']
[1.914s] Level 1:colcon.colcon_core.package_identification:_identify(src/detection_astra_camera) by extension 'ros'
[1.916s] DEBUG:colcon.colcon_core.package_identification:Package 'src/detection_astra_camera' with type 'ros.ament_python' and name 'detection_astra_camera'
[1.916s] Level 1:colcon.colcon_core.package_discovery:discover_packages(recursive) using defaults
[1.916s] Level 1:colcon.colcon_core.package_discovery:discover_packages(ignore) discover
[1.916s] Level 1:colcon.colcon_core.package_discovery:discover_packages(ignore) using defaults
[1.916s] Level 1:colcon.colcon_core.package_discovery:discover_packages(path) discover
[1.916s] Level 1:colcon.colcon_core.package_discovery:discover_packages(path) using defaults
[2.163s] INFO:colcon.colcon_core.package_selection:Skipping not selected package 'apriltag_msgs' in 'src/apriltag_msgs-master'
[2.163s] INFO:colcon.colcon_core.package_selection:Skipping not selected package 'astra_camera_msgs' in 'src/astra_camera/astra_camera_msgs'
[2.164s] INFO:colcon.colcon_core.package_selection:Skipping not selected package 'calib_correspondences' in 'src/calib_correspondences'
[2.164s] INFO:colcon.colcon_core.package_selection:Skipping not selected package 'custom_msgs' in 'src/custom_msgs'
[2.164s] INFO:colcon.colcon_core.package_selection:Skipping not selected package 'apriltag_ros' in 'src/apriltag_ros-master'
[2.164s] INFO:colcon.colcon_core.package_selection:Skipping not selected package 'astra_camera' in 'src/astra_camera/astra_camera'
[2.164s] INFO:colcon.colcon_core.package_selection:Skipping not selected package 'detection_aruco' in 'src/detection_aruco'
[2.167s] Level 1:colcon.colcon_core.package_discovery:discover_packages(prefix_path) check parameters
[2.167s] Level 1:colcon.colcon_core.package_discovery:discover_packages(prefix_path) discover
[2.182s] DEBUG:colcon.colcon_installed_package_information.package_discovery:Found 8 installed packages in /home/andre/ros2_ws/install
[2.186s] DEBUG:colcon.colcon_installed_package_information.package_discovery:Found 281 installed packages in /opt/ros/humble
[2.189s] Level 1:colcon.colcon_core.package_discovery:discover_packages(prefix_path) using defaults
[2.459s] Level 5:colcon.colcon_core.verb:set package 'detection_astra_camera' build argument 'cmake_args' from command line to 'None'
[2.460s] Level 5:colcon.colcon_core.verb:set package 'detection_astra_camera' build argument 'cmake_target' from command line to 'None'
[2.460s] Level 5:colcon.colcon_core.verb:set package 'detection_astra_camera' build argument 'cmake_target_skip_unavailable' from command line to 'False'
[2.461s] Level 5:colcon.colcon_core.verb:set package 'detection_astra_camera' build argument 'cmake_clean_cache' from command line to 'False'
[2.461s] Level 5:colcon.colcon_core.verb:set package 'detection_astra_camera' build argument 'cmake_clean_first' from command line to 'False'
[2.461s] Level 5:colcon.colcon_core.verb:set package 'detection_astra_camera' build argument 'cmake_force_configure' from command line to 'False'
[2.461s] Level 5:colcon.colcon_core.verb:set package 'detection_astra_camera' build argument 'ament_cmake_args' from command line to 'None'
[2.462s] Level 5:colcon.colcon_core.verb:set package 'detection_astra_camera' build argument 'catkin_cmake_args' from command line to 'None'
[2.462s] Level 5:colcon.colcon_core.verb:set package 'detection_astra_camera' build argument 'catkin_skip_building_tests' from command line to 'False'
[2.462s] DEBUG:colcon.colcon_core.verb:Building package 'detection_astra_camera' with the following arguments: {'ament_cmake_args': None, 'build_base': '/home/andre/ros2_ws/build/detection_astra_camera', 'catkin_cmake_args': None, 'catkin_skip_building_tests': False, 'cmake_args': None, 'cmake_clean_cache': False, 'cmake_clean_first': False, 'cmake_force_configure': False, 'cmake_target': None, 'cmake_target_skip_unavailable': False, 'install_base': '/home/andre/ros2_ws/install/detection_astra_camera', 'merge_install': False, 'path': '/home/andre/ros2_ws/src/detection_astra_camera', 'symlink_install': False, 'test_result_base': None}
[2.463s] INFO:colcon.colcon_core.executor:Executing jobs using 'parallel' executor
[2.466s] DEBUG:colcon.colcon_parallel_executor.executor.parallel:run_until_complete
[2.466s] INFO:colcon.colcon_ros.task.ament_python.build:Building ROS package in '/home/andre/ros2_ws/src/detection_astra_camera' with build type 'ament_python'
[2.466s] Level 1:colcon.colcon_core.shell:create_environment_hook('detection_astra_camera', 'ament_prefix_path')
[2.519s] INFO:colcon.colcon_core.plugin_system:Skipping extension 'colcon_core.shell.bat': Not used on non-Windows systems
[2.520s] INFO:colcon.colcon_core.shell:Creating environment hook '/home/andre/ros2_ws/install/detection_astra_camera/share/detection_astra_camera/hook/ament_prefix_path.ps1'
[2.522s] INFO:colcon.colcon_core.shell:Creating environment descriptor '/home/andre/ros2_ws/install/detection_astra_camera/share/detection_astra_camera/hook/ament_prefix_path.dsv'
[2.523s] INFO:colcon.colcon_core.shell:Creating environment hook '/home/andre/ros2_ws/install/detection_astra_camera/share/detection_astra_camera/hook/ament_prefix_path.sh'
[2.525s] INFO:colcon.colcon_core.shell:Skip shell extension 'powershell' for command environment: Not usable outside of PowerShell
[2.525s] DEBUG:colcon.colcon_core.shell:Skip shell extension 'dsv' for command environment
[3.644s] INFO:colcon.colcon_core.task.python.build:Building Python package in '/home/andre/ros2_ws/src/detection_astra_camera'
[3.644s] INFO:colcon.colcon_core.shell:Skip shell extension 'powershell' for command environment: Not usable outside of PowerShell
[3.645s] DEBUG:colcon.colcon_core.shell:Skip shell extension 'dsv' for command environment
[5.378s] DEBUG:colcon.colcon_core.event_handler.log_command:Invoking command in '/home/andre/ros2_ws/src/detection_astra_camera': CMAKE_PREFIX_PATH=/home/andre/ros2_ws/install/astra_camera:/home/andre/ros2_ws/install/astra_camera_msgs:/home/andre/ros2_ws/install/custom_msgs:/home/andre/ros2_ws/install/calib_correspondences:/home/andre/ros2_ws/install/apriltag_ros:/home/andre/ros2_ws/install/apriltag_msgs LD_LIBRARY_PATH=/home/andre/ros2_ws/install/astra_camera/lib:/home/andre/ros2_ws/install/astra_camera_msgs/lib:/home/andre/ros2_ws/install/custom_msgs/lib:/home/andre/ros2_ws/install/apriltag_ros/lib:/home/andre/ros2_ws/install/apriltag_msgs/lib:/opt/ros/humble/opt/rviz_ogre_vendor/lib:/opt/ros/humble/lib/x86_64-linux-gnu:/opt/ros/humble/lib PYTHONPATH=/home/andre/ros2_ws/build/detection_astra_camera/prefix_override:/home/andre/ros2_ws/install/detection_astra_camera/lib/python3.10/site-packages:${PYTHONPATH} /usr/bin/python3 -W ignore:setup.py install is deprecated setup.py egg_info --egg-base ../../build/detection_astra_camera build --build-base /home/andre/ros2_ws/build/detection_astra_camera/build install --record /home/andre/ros2_ws/build/detection_astra_camera/install.log --single-version-externally-managed install_data
[6.503s] Level 1:colcon.colcon_core.environment:checking '/home/andre/ros2_ws/install/detection_astra_camera' for CMake module files
[6.505s] Level 1:colcon.colcon_core.environment:checking '/home/andre/ros2_ws/install/detection_astra_camera' for CMake config files
[6.507s] Level 1:colcon.colcon_core.environment:checking '/home/andre/ros2_ws/install/detection_astra_camera/lib'
[6.509s] DEBUG:colcon.colcon_core.event_handler.log_command:Invoked command in '/home/andre/ros2_ws/src/detection_astra_camera' returned '0': CMAKE_PREFIX_PATH=/home/andre/ros2_ws/install/astra_camera:/home/andre/ros2_ws/install/astra_camera_msgs:/home/andre/ros2_ws/install/custom_msgs:/home/andre/ros2_ws/install/calib_correspondences:/home/andre/ros2_ws/install/apriltag_ros:/home/andre/ros2_ws/install/apriltag_msgs LD_LIBRARY_PATH=/home/andre/ros2_ws/install/astra_camera/lib:/home/andre/ros2_ws/install/astra_camera_msgs/lib:/home/andre/ros2_ws/install/custom_msgs/lib:/home/andre/ros2_ws/install/apriltag_ros/lib:/home/andre/ros2_ws/install/apriltag_msgs/lib:/opt/ros/humble/opt/rviz_ogre_vendor/lib:/opt/ros/humble/lib/x86_64-linux-gnu:/opt/ros/humble/lib PYTHONPATH=/home/andre/ros2_ws/build/detection_astra_camera/prefix_override:/home/andre/ros2_ws/install/detection_astra_camera/lib/python3.10/site-packages:${PYTHONPATH} /usr/bin/python3 -W ignore:setup.py install is deprecated setup.py egg_info --egg-base ../../build/detection_astra_camera build --build-base /home/andre/ros2_ws/build/detection_astra_camera/build install --record /home/andre/ros2_ws/build/detection_astra_camera/install.log --single-version-externally-managed install_data
[6.510s] Level 1:colcon.colcon_core.environment:checking '/home/andre/ros2_ws/install/detection_astra_camera/bin'
[6.511s] Level 1:colcon.colcon_core.environment:checking '/home/andre/ros2_ws/install/detection_astra_camera/lib/pkgconfig/detection_astra_camera.pc'
[6.512s] Level 1:colcon.colcon_core.environment:checking '/home/andre/ros2_ws/install/detection_astra_camera/lib/python3.10/site-packages'
[6.513s] Level 1:colcon.colcon_core.shell:create_environment_hook('detection_astra_camera', 'pythonpath')
[6.515s] INFO:colcon.colcon_core.shell:Creating environment hook '/home/andre/ros2_ws/install/detection_astra_camera/share/detection_astra_camera/hook/pythonpath.ps1'
[6.518s] INFO:colcon.colcon_core.shell:Creating environment descriptor '/home/andre/ros2_ws/install/detection_astra_camera/share/detection_astra_camera/hook/pythonpath.dsv'
[6.521s] INFO:colcon.colcon_core.shell:Creating environment hook '/home/andre/ros2_ws/install/detection_astra_camera/share/detection_astra_camera/hook/pythonpath.sh'
[6.526s] Level 1:colcon.colcon_core.environment:checking '/home/andre/ros2_ws/install/detection_astra_camera/bin'
[6.526s] Level 1:colcon.colcon_core.environment:create_environment_scripts_only(detection_astra_camera)
[6.528s] INFO:colcon.colcon_core.shell:Creating package script '/home/andre/ros2_ws/install/detection_astra_camera/share/detection_astra_camera/package.ps1'
[6.533s] INFO:colcon.colcon_core.shell:Creating package descriptor '/home/andre/ros2_ws/install/detection_astra_camera/share/detection_astra_camera/package.dsv'
[6.536s] INFO:colcon.colcon_core.shell:Creating package script '/home/andre/ros2_ws/install/detection_astra_camera/share/detection_astra_camera/package.sh'
[6.541s] INFO:colcon.colcon_core.shell:Creating package script '/home/andre/ros2_ws/install/detection_astra_camera/share/detection_astra_camera/package.bash'
[6.560s] INFO:colcon.colcon_core.shell:Creating package script '/home/andre/ros2_ws/install/detection_astra_camera/share/detection_astra_camera/package.zsh'
[6.563s] Level 1:colcon.colcon_core.environment:create_file_with_runtime_dependencies(/home/andre/ros2_ws/install/detection_astra_camera/share/colcon-core/packages/detection_astra_camera)
[6.566s] DEBUG:colcon.colcon_parallel_executor.executor.parallel:closing loop
[6.567s] DEBUG:colcon.colcon_parallel_executor.executor.parallel:loop closed
[6.567s] DEBUG:colcon.colcon_parallel_executor.executor.parallel:run_until_complete finished with '0'
[6.568s] DEBUG:colcon.colcon_core.event_reactor:joining thread
[6.661s] INFO:colcon.colcon_core.plugin_system:Skipping extension 'colcon_notification.desktop_notification.terminal_notifier': Not used on non-Darwin systems
[6.662s] INFO:colcon.colcon_core.plugin_system:Skipping extension 'colcon_notification.desktop_notification.win32': Not used on non-Windows systems
[6.662s] INFO:colcon.colcon_notification.desktop_notification:Sending desktop notification using 'notify2'
[6.718s] DEBUG:colcon.colcon_core.event_reactor:joined thread
[6.719s] INFO:colcon.colcon_core.shell:Creating prefix script '/home/andre/ros2_ws/install/local_setup.ps1'
[6.722s] INFO:colcon.colcon_core.shell:Creating prefix util module '/home/andre/ros2_ws/install/_local_setup_util_ps1.py'
[6.726s] INFO:colcon.colcon_core.shell:Creating prefix chain script '/home/andre/ros2_ws/install/setup.ps1'
[6.736s] INFO:colcon.colcon_core.shell:Creating prefix script '/home/andre/ros2_ws/install/local_setup.sh'
[6.738s] INFO:colcon.colcon_core.shell:Creating prefix util module '/home/andre/ros2_ws/install/_local_setup_util_sh.py'
[6.739s] INFO:colcon.colcon_core.shell:Creating prefix chain script '/home/andre/ros2_ws/install/setup.sh'
[6.742s] INFO:colcon.colcon_core.shell:Creating prefix script '/home/andre/ros2_ws/install/local_setup.bash'
[6.743s] INFO:colcon.colcon_core.shell:Creating prefix chain script '/home/andre/ros2_ws/install/setup.bash'
[6.746s] INFO:colcon.colcon_core.shell:Creating prefix script '/home/andre/ros2_ws/install/local_setup.zsh'
[6.748s] INFO:colcon.colcon_core.shell:Creating prefix chain script '/home/andre/ros2_ws/install/setup.zsh'
