-- Found ament_cmake: 1.3.9 (/opt/ros/humble/share/ament_cmake/cmake)
-- Found rclcpp: 16.0.9 (/opt/ros/humble/share/rclcpp/cmake)
-- Found rosidl_generator_c: 3.1.5 (/opt/ros/humble/share/rosidl_generator_c/cmake)
-- Found rosidl_adapter: 3.1.5 (/opt/ros/humble/share/rosidl_adapter/cmake)
-- Found rosidl_generator_cpp: 3.1.5 (/opt/ros/humble/share/rosidl_generator_cpp/cmake)
-- Using all available rosidl_typesupport_c: rosidl_typesupport_fastrtps_c;rosidl_typesupport_introspection_c
-- Using all available rosidl_typesupport_cpp: rosidl_typesupport_fastrtps_cpp;rosidl_typesupport_introspection_cpp
-- Found rmw_implementation_cmake: 6.1.2 (/opt/ros/humble/share/rmw_implementation_cmake/cmake)
-- Found rmw_fastrtps_cpp: 6.2.6 (/opt/ros/humble/share/rmw_fastrtps_cpp/cmake)
-- Using RMW implementation 'rmw_fastrtps_cpp' as default
-- Found sensor_msgs: 4.2.3 (/opt/ros/humble/share/sensor_msgs/cmake)
-- Found custom_msgs: 0.0.0 (/home/andre/ros2_ws/install/custom_msgs/share/custom_msgs/cmake)
-- Found tf2_eigen: 0.25.6 (/opt/ros/humble/share/tf2_eigen/cmake)
-- Eigen found (include: /usr/include/eigen3, version: 3.4.0)
-- Found Boost: /usr/lib/x86_64-linux-gnu/cmake/Boost-1.74.0/BoostConfig.cmake (found suitable version "1.74.0", minimum required is "1.65.0") found components: system filesystem date_time iostreams serialization 
-- FLANN found (include: /usr/include, lib: /usr/lib/x86_64-linux-gnu/libflann_cpp.so)
-- OpenNI found (version: 1.5.4.0, include: /usr/include/ni, lib: /usr/lib/libOpenNI.so;libusb::libusb)
-- OpenNI2 found (version: 2.3.0.85, include: /home/andre/ros2_ws/install/astra_camera/include/openni2, lib: /home/andre/ros2_ws/install/astra_camera/lib/libOpenNI2.so;libusb::libusb)
-- Eigen found (include: /usr/include/eigen3, version: 3.4.0)
-- OpenNI found (version: 1.5.4.0, include: /usr/include/ni, lib: /usr/lib/libOpenNI.so;libusb::libusb)
-- OpenNI2 found (version: 2.3.0.85, include: /home/andre/ros2_ws/install/astra_camera/include/openni2, lib: /home/andre/ros2_ws/install/astra_camera/lib/libOpenNI2.so;libusb::libusb)
-- Found Qhull version 8.0.2
-- OpenNI found (version: 1.5.4.0, include: /usr/include/ni, lib: /usr/lib/libOpenNI.so;libusb::libusb)
-- looking for PCL_COMMON
-- looking for PCL_KDTREE
-- looking for PCL_OCTREE
-- looking for PCL_SEARCH
-- looking for PCL_SAMPLE_CONSENSUS
-- looking for PCL_FILTERS
-- looking for PCL_2D
-- looking for PCL_GEOMETRY
-- looking for PCL_IO
-- looking for PCL_FEATURES
-- looking for PCL_ML
-- looking for PCL_SEGMENTATION
-- looking for PCL_VISUALIZATION
-- looking for PCL_SURFACE
-- looking for PCL_REGISTRATION
-- looking for PCL_KEYPOINTS
-- looking for PCL_TRACKING
-- looking for PCL_RECOGNITION
-- looking for PCL_STEREO
-- looking for PCL_APPS
-- looking for PCL_IN_HAND_SCANNER
-- looking for PCL_MODELER
-- looking for PCL_POINT_CLOUD_EDITOR
-- looking for PCL_OUTOFCORE
-- looking for PCL_PEOPLE
-- Found Boost: /usr/lib/x86_64-linux-gnu/cmake/Boost-1.74.0/BoostConfig.cmake (found version "1.74.0") found components: thread 
-- Found cv_bridge: 3.2.1 (/opt/ros/humble/share/cv_bridge/cmake)
-- Configuring done
-- Generating done
-- Build files have been written to: /home/andre/ros2_ws/build/calib_correspondences
[35m[1mConsolidate compiler generated dependencies of target image_cloud_reader[0m
[ 10%] [32mBuilding CXX object CMakeFiles/image_cloud_reader.dir/src/auxiliar.cpp.o[0m
[ 20%] [32mBuilding CXX object CMakeFiles/image_cloud_reader.dir/src/Parameters.cpp.o[0m
[ 30%] [32mBuilding CXX object CMakeFiles/image_cloud_reader.dir/src/ProcessSensorData.cpp.o[0m
[ 40%] [32mBuilding CXX object CMakeFiles/image_cloud_reader.dir/src/ImageCloud2Correspondences.cpp.o[0m
[ 50%] [32m[1mLinking CXX executable image_cloud_reader[0m
[ 50%] Built target image_cloud_reader
[35m[1mConsolidate compiler generated dependencies of target corr_subscriber[0m
[ 60%] [32mBuilding CXX object CMakeFiles/corr_subscriber.dir/src/auxiliar.cpp.o[0m
[ 70%] [32mBuilding CXX object CMakeFiles/corr_subscriber.dir/src/Parameters.cpp.o[0m
[ 80%] [32mBuilding CXX object CMakeFiles/corr_subscriber.dir/src/CorrespondencesSub.cpp.o[0m
[ 90%] [32mBuilding CXX object CMakeFiles/corr_subscriber.dir/src/Calibration.cpp.o[0m
[100%] [32m[1mLinking CXX executable corr_subscriber[0m
[100%] Built target corr_subscriber
-- Install configuration: "Release"
-- Installing: /home/andre/ros2_ws/install/calib_correspondences/lib/calib_correspondences/image_cloud_reader
-- Set runtime path of "/home/andre/ros2_ws/install/calib_correspondences/lib/calib_correspondences/image_cloud_reader" to ""
-- Installing: /home/andre/ros2_ws/install/calib_correspondences/lib/calib_correspondences/corr_subscriber
-- Set runtime path of "/home/andre/ros2_ws/install/calib_correspondences/lib/calib_correspondences/corr_subscriber" to ""
-- Up-to-date: /home/andre/ros2_ws/install/calib_correspondences/share/calib_correspondences//launch
-- Installing: /home/andre/ros2_ws/install/calib_correspondences/share/calib_correspondences//launch/imgcloud2corr_launch.xml
-- Installing: /home/andre/ros2_ws/install/calib_correspondences/share/calib_correspondences//launch/calibrate_corr_launch.xml
-- Up-to-date: /home/andre/ros2_ws/install/calib_correspondences/share/calib_correspondences//config
-- Installing: /home/andre/ros2_ws/install/calib_correspondences/share/calib_correspondences//config/parameters.yaml
-- Installing: /home/andre/ros2_ws/install/calib_correspondences/share/calib_correspondences//config/params_usb0.yaml
-- Installing: /home/andre/ros2_ws/install/calib_correspondences/share/calib_correspondences//config/params_usb1.yaml
-- Up-to-date: /home/andre/ros2_ws/install/calib_correspondences/share/ament_index/resource_index/package_run_dependencies/calib_correspondences
-- Up-to-date: /home/andre/ros2_ws/install/calib_correspondences/share/ament_index/resource_index/parent_prefix_path/calib_correspondences
-- Up-to-date: /home/andre/ros2_ws/install/calib_correspondences/share/calib_correspondences/environment/ament_prefix_path.sh
-- Installing: /home/andre/ros2_ws/install/calib_correspondences/share/calib_correspondences/environment/ament_prefix_path.dsv
-- Up-to-date: /home/andre/ros2_ws/install/calib_correspondences/share/calib_correspondences/environment/path.sh
-- Installing: /home/andre/ros2_ws/install/calib_correspondences/share/calib_correspondences/environment/path.dsv
-- Up-to-date: /home/andre/ros2_ws/install/calib_correspondences/share/calib_correspondences/local_setup.bash
-- Up-to-date: /home/andre/ros2_ws/install/calib_correspondences/share/calib_correspondences/local_setup.sh
-- Up-to-date: /home/andre/ros2_ws/install/calib_correspondences/share/calib_correspondences/local_setup.zsh
-- Installing: /home/andre/ros2_ws/install/calib_correspondences/share/calib_correspondences/local_setup.dsv
-- Installing: /home/andre/ros2_ws/install/calib_correspondences/share/calib_correspondences/package.dsv
-- Up-to-date: /home/andre/ros2_ws/install/calib_correspondences/share/ament_index/resource_index/packages/calib_correspondences
-- Up-to-date: /home/andre/ros2_ws/install/calib_correspondences/share/calib_correspondences/cmake/calib_correspondencesConfig.cmake
-- Up-to-date: /home/andre/ros2_ws/install/calib_correspondences/share/calib_correspondences/cmake/calib_correspondencesConfig-version.cmake
-- Installing: /home/andre/ros2_ws/install/calib_correspondences/share/calib_correspondences/package.xml
