[0.057s] Invoking command in '/home/andre/ros2_ws/build/calib_correspondences': CMAKE_PREFIX_PATH=${CMAKE_PREFIX_PATH}:/home/andre/ros2_ws/install/detection_astra_camera:/home/andre/ros2_ws/install/detection_aruco:/opt/ros/humble /usr/bin/cmake --build /home/andre/ros2_ws/build/calib_correspondences -- -j4 -l4
[0.174s] -- Found ament_cmake: 1.3.9 (/opt/ros/humble/share/ament_cmake/cmake)
[0.552s] -- Found rclcpp: 16.0.9 (/opt/ros/humble/share/rclcpp/cmake)
[0.653s] -- Found rosidl_generator_c: 3.1.5 (/opt/ros/humble/share/rosidl_generator_c/cmake)
[0.657s] -- Found rosidl_adapter: 3.1.5 (/opt/ros/humble/share/rosidl_adapter/cmake)
[0.673s] -- Found rosidl_generator_cpp: 3.1.5 (/opt/ros/humble/share/rosidl_generator_cpp/cmake)
[0.695s] -- Using all available rosidl_typesupport_c: rosidl_typesupport_fastrtps_c;rosidl_typesupport_introspection_c
[0.744s] -- Using all available rosidl_typesupport_cpp: rosidl_typesupport_fastrtps_cpp;rosidl_typesupport_introspection_cpp
[0.909s] -- Found rmw_implementation_cmake: 6.1.2 (/opt/ros/humble/share/rmw_implementation_cmake/cmake)
[0.917s] -- Found rmw_fastrtps_cpp: 6.2.6 (/opt/ros/humble/share/rmw_fastrtps_cpp/cmake)
[1.248s] -- Using RMW implementation 'rmw_fastrtps_cpp' as default
[1.698s] -- Found sensor_msgs: 4.2.3 (/opt/ros/humble/share/sensor_msgs/cmake)
[2.018s] -- Found custom_msgs: 0.0.0 (/home/andre/ros2_ws/install/custom_msgs/share/custom_msgs/cmake)
[2.140s] -- Found tf2_eigen: 0.25.6 (/opt/ros/humble/share/tf2_eigen/cmake)
[3.131s] -- Eigen found (include: /usr/include/eigen3, version: 3.4.0)
[3.154s] -- Found Boost: /usr/lib/x86_64-linux-gnu/cmake/Boost-1.74.0/BoostConfig.cmake (found suitable version "1.74.0", minimum required is "1.65.0") found components: system filesystem date_time iostreams serialization 
[3.222s] -- FLANN found (include: /usr/include, lib: /usr/lib/x86_64-linux-gnu/libflann_cpp.so)
[4.136s] -- OpenNI found (version: 1.5.4.0, include: /usr/include/ni, lib: /usr/lib/libOpenNI.so;libusb::libusb)
[4.149s] -- OpenNI2 found (version: 2.3.0.85, include: /home/andre/ros2_ws/install/astra_camera/include/openni2, lib: /home/andre/ros2_ws/install/astra_camera/lib/libOpenNI2.so;libusb::libusb)
[4.150s] [0m** WARNING ** io features related to pcap will be disabled[0m
[4.571s] -- Eigen found (include: /usr/include/eigen3, version: 3.4.0)
[4.590s] -- OpenNI found (version: 1.5.4.0, include: /usr/include/ni, lib: /usr/lib/libOpenNI.so;libusb::libusb)
[4.605s] -- OpenNI2 found (version: 2.3.0.85, include: /home/andre/ros2_ws/install/astra_camera/include/openni2, lib: /home/andre/ros2_ws/install/astra_camera/lib/libOpenNI2.so;libusb::libusb)
[5.037s] -- Found Qhull version 8.0.2
[5.424s] -- OpenNI found (version: 1.5.4.0, include: /usr/include/ni, lib: /usr/lib/libOpenNI.so;libusb::libusb)
[5.826s] -- looking for PCL_COMMON
[5.827s] -- looking for PCL_KDTREE
[5.829s] -- looking for PCL_OCTREE
[5.831s] -- looking for PCL_SEARCH
[5.832s] -- looking for PCL_SAMPLE_CONSENSUS
[5.834s] -- looking for PCL_FILTERS
[5.837s] -- looking for PCL_2D
[5.840s] -- looking for PCL_GEOMETRY
[5.843s] -- looking for PCL_IO
[5.845s] -- looking for PCL_FEATURES
[5.845s] -- looking for PCL_ML
[5.845s] -- looking for PCL_SEGMENTATION
[5.845s] -- looking for PCL_VISUALIZATION
[5.846s] -- looking for PCL_SURFACE
[5.846s] -- looking for PCL_REGISTRATION
[5.846s] -- looking for PCL_KEYPOINTS
[5.846s] -- looking for PCL_TRACKING
[5.846s] -- looking for PCL_RECOGNITION
[5.846s] -- looking for PCL_STEREO
[5.848s] -- looking for PCL_APPS
[5.851s] -- looking for PCL_IN_HAND_SCANNER
[5.852s] -- looking for PCL_MODELER
[5.855s] -- looking for PCL_POINT_CLOUD_EDITOR
[5.860s] -- looking for PCL_OUTOFCORE
[5.861s] -- looking for PCL_PEOPLE
[5.883s] -- Found Boost: /usr/lib/x86_64-linux-gnu/cmake/Boost-1.74.0/BoostConfig.cmake (found version "1.74.0") found components: thread 
[5.885s] -- Found cv_bridge: 3.2.1 (/opt/ros/humble/share/cv_bridge/cmake)
[6.113s] -- Configuring done
[6.567s] -- Generating done
[6.568s] -- Build files have been written to: /home/andre/ros2_ws/build/calib_correspondences
[6.719s] [35m[1mConsolidate compiler generated dependencies of target image_cloud_reader[0m
[6.873s] [ 10%] [32mBuilding CXX object CMakeFiles/image_cloud_reader.dir/src/auxiliar.cpp.o[0m
[20.831s] [ 20%] [32mBuilding CXX object CMakeFiles/image_cloud_reader.dir/src/Parameters.cpp.o[0m
[30.019s] [ 30%] [32mBuilding CXX object CMakeFiles/image_cloud_reader.dir/src/ProcessSensorData.cpp.o[0m
[113.571s] [ 40%] [32mBuilding CXX object CMakeFiles/image_cloud_reader.dir/src/ImageCloud2Correspondences.cpp.o[0m
[181.696s] [ 50%] [32m[1mLinking CXX executable image_cloud_reader[0m
[184.887s] [ 50%] Built target image_cloud_reader
[185.036s] [35m[1mConsolidate compiler generated dependencies of target corr_subscriber[0m
[185.100s] [ 60%] [32mBuilding CXX object CMakeFiles/corr_subscriber.dir/src/auxiliar.cpp.o[0m
[196.430s] [ 70%] [32mBuilding CXX object CMakeFiles/corr_subscriber.dir/src/Parameters.cpp.o[0m
[201.693s] [ 80%] [32mBuilding CXX object CMakeFiles/corr_subscriber.dir/src/CorrespondencesSub.cpp.o[0m
[218.470s] [ 90%] [32mBuilding CXX object CMakeFiles/corr_subscriber.dir/src/Calibration.cpp.o[0m
[221.737s] [01m[K/home/andre/ros2_ws/src/calib_correspondences/src/Calibration.cpp:[m[K In member function ‘[01m[KEigen::Matrix4f Calibration::runCalibrationLM(std::size_t, std::size_t, bool)[m[K’:
[221.737s] [01m[K/home/andre/ros2_ws/src/calib_correspondences/src/Calibration.cpp:462:20:[m[K [01;35m[Kwarning: [m[Kvariable ‘[01m[Kw[m[K’ set but not used [[01;35m[K]8;;https://gcc.gnu.org/onlinedocs/gcc/Warning-Options.html#index-Wunused-but-set-variable-Wunused-but-set-variable]8;;[m[K]
[221.737s]   462 |             double [01;35m[Kw[m[K = 1.0;
[221.737s]       |                    [01;35m[K^[m[K
[232.714s] [100%] [32m[1mLinking CXX executable corr_subscriber[0m
[233.006s] [100%] Built target corr_subscriber
[233.023s] Invoked command in '/home/andre/ros2_ws/build/calib_correspondences' returned '0': CMAKE_PREFIX_PATH=${CMAKE_PREFIX_PATH}:/home/andre/ros2_ws/install/detection_astra_camera:/home/andre/ros2_ws/install/detection_aruco:/opt/ros/humble /usr/bin/cmake --build /home/andre/ros2_ws/build/calib_correspondences -- -j4 -l4
[233.105s] Invoking command in '/home/andre/ros2_ws/build/calib_correspondences': CMAKE_PREFIX_PATH=${CMAKE_PREFIX_PATH}:/home/andre/ros2_ws/install/detection_astra_camera:/home/andre/ros2_ws/install/detection_aruco:/opt/ros/humble /usr/bin/cmake --install /home/andre/ros2_ws/build/calib_correspondences
[233.116s] -- Install configuration: "Release"
[233.166s] -- Installing: /home/andre/ros2_ws/install/calib_correspondences/lib/calib_correspondences/image_cloud_reader
[233.185s] -- Set runtime path of "/home/andre/ros2_ws/install/calib_correspondences/lib/calib_correspondences/image_cloud_reader" to ""
[233.197s] -- Installing: /home/andre/ros2_ws/install/calib_correspondences/lib/calib_correspondences/corr_subscriber
[233.205s] -- Set runtime path of "/home/andre/ros2_ws/install/calib_correspondences/lib/calib_correspondences/corr_subscriber" to ""
[233.206s] -- Up-to-date: /home/andre/ros2_ws/install/calib_correspondences/share/calib_correspondences//launch
[233.206s] -- Installing: /home/andre/ros2_ws/install/calib_correspondences/share/calib_correspondences//launch/imgcloud2corr_launch.xml
[233.207s] -- Installing: /home/andre/ros2_ws/install/calib_correspondences/share/calib_correspondences//launch/calibrate_corr_launch.xml
[233.207s] -- Up-to-date: /home/andre/ros2_ws/install/calib_correspondences/share/calib_correspondences//config
[233.207s] -- Installing: /home/andre/ros2_ws/install/calib_correspondences/share/calib_correspondences//config/parameters.yaml
[233.296s] -- Installing: /home/andre/ros2_ws/install/calib_correspondences/share/calib_correspondences//config/params_usb0.yaml
[233.297s] -- Installing: /home/andre/ros2_ws/install/calib_correspondences/share/calib_correspondences//config/params_usb1.yaml
[233.298s] -- Up-to-date: /home/andre/ros2_ws/install/calib_correspondences/share/ament_index/resource_index/package_run_dependencies/calib_correspondences
[233.299s] -- Up-to-date: /home/andre/ros2_ws/install/calib_correspondences/share/ament_index/resource_index/parent_prefix_path/calib_correspondences
[233.299s] -- Up-to-date: /home/andre/ros2_ws/install/calib_correspondences/share/calib_correspondences/environment/ament_prefix_path.sh
[233.300s] -- Installing: /home/andre/ros2_ws/install/calib_correspondences/share/calib_correspondences/environment/ament_prefix_path.dsv
[233.300s] -- Up-to-date: /home/andre/ros2_ws/install/calib_correspondences/share/calib_correspondences/environment/path.sh
[233.301s] -- Installing: /home/andre/ros2_ws/install/calib_correspondences/share/calib_correspondences/environment/path.dsv
[233.302s] -- Up-to-date: /home/andre/ros2_ws/install/calib_correspondences/share/calib_correspondences/local_setup.bash
[233.302s] -- Up-to-date: /home/andre/ros2_ws/install/calib_correspondences/share/calib_correspondences/local_setup.sh
[233.303s] -- Up-to-date: /home/andre/ros2_ws/install/calib_correspondences/share/calib_correspondences/local_setup.zsh
[233.303s] -- Installing: /home/andre/ros2_ws/install/calib_correspondences/share/calib_correspondences/local_setup.dsv
[233.304s] -- Installing: /home/andre/ros2_ws/install/calib_correspondences/share/calib_correspondences/package.dsv
[233.305s] -- Up-to-date: /home/andre/ros2_ws/install/calib_correspondences/share/ament_index/resource_index/packages/calib_correspondences
[233.305s] -- Up-to-date: /home/andre/ros2_ws/install/calib_correspondences/share/calib_correspondences/cmake/calib_correspondencesConfig.cmake
[233.305s] -- Up-to-date: /home/andre/ros2_ws/install/calib_correspondences/share/calib_correspondences/cmake/calib_correspondencesConfig-version.cmake
[233.305s] -- Installing: /home/andre/ros2_ws/install/calib_correspondences/share/calib_correspondences/package.xml
[233.314s] Invoked command in '/home/andre/ros2_ws/build/calib_correspondences' returned '0': CMAKE_PREFIX_PATH=${CMAKE_PREFIX_PATH}:/home/andre/ros2_ws/install/detection_astra_camera:/home/andre/ros2_ws/install/detection_aruco:/opt/ros/humble /usr/bin/cmake --install /home/andre/ros2_ws/build/calib_correspondences
