running egg_info
writing ../../build/detection_astra_camera/detection_astra_camera.egg-info/PKG-INFO
writing dependency_links to ../../build/detection_astra_camera/detection_astra_camera.egg-info/dependency_links.txt
writing entry points to ../../build/detection_astra_camera/detection_astra_camera.egg-info/entry_points.txt
writing requirements to ../../build/detection_astra_camera/detection_astra_camera.egg-info/requires.txt
writing top-level names to ../../build/detection_astra_camera/detection_astra_camera.egg-info/top_level.txt
reading manifest file '../../build/detection_astra_camera/detection_astra_camera.egg-info/SOURCES.txt'
adding license file 'LICENSE'
writing manifest file '../../build/detection_astra_camera/detection_astra_camera.egg-info/SOURCES.txt'
running build
running build_py
copying detection_astra_camera/obtain_data_astra.py -> /home/andre/ros2_ws/build/detection_astra_camera/build/lib/detection_astra_camera
running install
running install_lib
copying /home/andre/ros2_ws/build/detection_astra_camera/build/lib/detection_astra_camera/obtain_data_astra.py -> /home/andre/ros2_ws/install/detection_astra_camera/lib/python3.10/site-packages/detection_astra_camera
byte-compiling /home/andre/ros2_ws/install/detection_astra_camera/lib/python3.10/site-packages/detection_astra_camera/obtain_data_astra.py to obtain_data_astra.cpython-310.pyc
running install_data
running install_egg_info
removing '/home/andre/ros2_ws/install/detection_astra_camera/lib/python3.10/site-packages/detection_astra_camera-0.0.0-py3.10.egg-info' (and everything under it)
Copying ../../build/detection_astra_camera/detection_astra_camera.egg-info to /home/andre/ros2_ws/install/detection_astra_camera/lib/python3.10/site-packages/detection_astra_camera-0.0.0-py3.10.egg-info
running install_scripts
Installing obtain_data_astra script to /home/andre/ros2_ws/install/detection_astra_camera/lib/detection_astra_camera
writing list of installed files to '/home/andre/ros2_ws/build/detection_astra_camera/install.log'
