[0.015s] Invoking command in '/home/andre/ros2_ws/build/astra_camera': AMENT_PREFIX_PATH=/home/andre/ros2_ws/install/astra_camera_msgs:${AMENT_PREFIX_PATH} CMAKE_PREFIX_PATH=/home/andre/ros2_ws/install/astra_camera_msgs:/opt/ros/humble LD_LIBRARY_PATH=/home/andre/ros2_ws/install/astra_camera_msgs/lib:${LD_LIBRARY_PATH} PYTHONPATH=/home/andre/ros2_ws/install/astra_camera_msgs/local/lib/python3.10/dist-packages:${PYTHONPATH} /usr/bin/cmake /home/andre/ros2_ws/src/astra_camera/astra_camera -DCMAKE_INSTALL_PREFIX=/home/andre/ros2_ws/install/astra_camera
[0.148s] -- The C compiler identification is GNU 11.4.0
[0.271s] -- The CXX compiler identification is GNU 11.4.0
[0.285s] -- Detecting C compiler ABI info
[0.390s] -- Detecting C compiler ABI info - done
[0.401s] -- Check for working C compiler: /usr/bin/cc - skipped
[0.401s] -- Detecting C compile features
[0.402s] -- Detecting C compile features - done
[0.407s] -- Detecting CXX compiler ABI info
[0.522s] -- Detecting CXX compiler ABI info - done
[0.533s] -- Check for working CXX compiler: /usr/bin/c++ - skipped
[0.534s] -- Detecting CXX compile features
[0.535s] -- Detecting CXX compile features - done
[0.538s] -- Found ament_cmake: 1.3.8 (/opt/ros/humble/share/ament_cmake/cmake)
[0.755s] -- Found Python3: /usr/bin/python3 (found version "3.10.12") found components: Interpreter 
[0.895s] -- Found ament_index_cpp: 1.4.0 (/opt/ros/humble/share/ament_index_cpp/cmake)
[0.896s] -- Found astra_camera_msgs: 1.0.1 (/home/andre/ros2_ws/install/astra_camera_msgs/share/astra_camera_msgs/cmake)
[0.946s] -- Found rosidl_generator_c: 3.1.5 (/opt/ros/humble/share/rosidl_generator_c/cmake)
[0.953s] -- Found rosidl_adapter: 3.1.5 (/opt/ros/humble/share/rosidl_adapter/cmake)
[0.965s] -- Found rosidl_generator_cpp: 3.1.5 (/opt/ros/humble/share/rosidl_generator_cpp/cmake)
[0.986s] -- Using all available rosidl_typesupport_c: rosidl_typesupport_fastrtps_c;rosidl_typesupport_introspection_c
[1.014s] -- Using all available rosidl_typesupport_cpp: rosidl_typesupport_fastrtps_cpp;rosidl_typesupport_introspection_cpp
[1.539s] -- Found camera_info_manager: 3.1.9 (/opt/ros/humble/share/camera_info_manager/cmake)
[1.629s] -- Found rmw_implementation_cmake: 6.1.1 (/opt/ros/humble/share/rmw_implementation_cmake/cmake)
[1.632s] -- Found rmw_fastrtps_cpp: 6.2.6 (/opt/ros/humble/share/rmw_fastrtps_cpp/cmake)
[1.776s] -- Found OpenSSL: /usr/lib/x86_64-linux-gnu/libcrypto.so (found version "3.0.2")  
[1.811s] -- Found FastRTPS: /opt/ros/humble/include  
[1.877s] -- Using RMW implementation 'rmw_fastrtps_cpp' as default
[1.890s] -- Looking for pthread.h
[1.993s] -- Looking for pthread.h - found
[1.993s] -- Performing Test CMAKE_HAVE_LIBC_PTHREAD
[2.100s] -- Performing Test CMAKE_HAVE_LIBC_PTHREAD - Success
[2.102s] -- Found Threads: TRUE  
[2.402s] -- Found class_loader: 2.2.0 (/opt/ros/humble/share/class_loader/cmake)
[2.426s] -- Found cv_bridge: 3.2.1 (/opt/ros/humble/share/cv_bridge/cmake)
[2.455s] -- Found message_filters: 4.3.3 (/opt/ros/humble/share/message_filters/cmake)
[2.495s] -- Found image_geometry: 3.2.1 (/opt/ros/humble/share/image_geometry/cmake)
[2.508s] -- Found image_publisher: 3.0.4 (/opt/ros/humble/share/image_publisher/cmake)
[2.663s] -- Found OpenCV: /usr (found version "4.5.4") 
[2.681s] -- Found std_srvs: 4.2.3 (/opt/ros/humble/share/std_srvs/cmake)
[2.708s] -- Found tf2: 0.25.6 (/opt/ros/humble/share/tf2/cmake)
[2.734s] -- Found tf2_eigen: 0.25.6 (/opt/ros/humble/share/tf2_eigen/cmake)
[3.202s] -- Found tf2_sensor_msgs: 0.25.6 (/opt/ros/humble/share/tf2_sensor_msgs/cmake)
[3.239s] -- Found PkgConfig: /usr/bin/pkg-config (found version "0.29.2") 
[3.240s] -- Checking for one of the modules 'libuvc'
[3.319s] -- ORRBEC Machine : x86_64
[3.319s] 
[3.320s] -- ORRBEC Machine Bits : 64
[3.320s] 
[3.320s] -- ORRBEC : x64
[3.589s] -- Found ament_lint_auto: 0.12.10 (/opt/ros/humble/share/ament_lint_auto/cmake)
[3.690s] -- Configuring done
[3.818s] -- Generating done
[3.821s] -- Build files have been written to: /home/andre/ros2_ws/build/astra_camera
