[3.455s] Invoking command in '/home/andre/ros2_ws/src/detection_astra_camera': CMAKE_PREFIX_PATH=/home/andre/ros2_ws/install/astra_camera:/home/andre/ros2_ws/install/astra_camera_msgs:/home/andre/ros2_ws/install/custom_msgs:/home/andre/ros2_ws/install/calib_correspondences:/home/andre/ros2_ws/install/apriltag_ros:/home/andre/ros2_ws/install/apriltag_msgs LD_LIBRARY_PATH=/home/andre/ros2_ws/install/astra_camera/lib:/home/andre/ros2_ws/install/astra_camera_msgs/lib:/home/andre/ros2_ws/install/custom_msgs/lib:/home/andre/ros2_ws/install/apriltag_ros/lib:/home/andre/ros2_ws/install/apriltag_msgs/lib:/opt/ros/humble/opt/rviz_ogre_vendor/lib:/opt/ros/humble/lib/x86_64-linux-gnu:/opt/ros/humble/lib PYTHONPATH=/home/andre/ros2_ws/build/detection_astra_camera/prefix_override:/home/andre/ros2_ws/install/detection_astra_camera/lib/python3.10/site-packages:${PYTHONPATH} /usr/bin/python3 -W ignore:setup.py install is deprecated setup.py egg_info --egg-base ../../build/detection_astra_camera build --build-base /home/andre/ros2_ws/build/detection_astra_camera/build install --record /home/andre/ros2_ws/build/detection_astra_camera/install.log --single-version-externally-managed install_data
[4.469s] running egg_info
[4.477s] writing ../../build/detection_astra_camera/detection_astra_camera.egg-info/PKG-INFO
[4.523s] writing dependency_links to ../../build/detection_astra_camera/detection_astra_camera.egg-info/dependency_links.txt
[4.524s] writing entry points to ../../build/detection_astra_camera/detection_astra_camera.egg-info/entry_points.txt
[4.530s] writing requirements to ../../build/detection_astra_camera/detection_astra_camera.egg-info/requires.txt
[4.533s] writing top-level names to ../../build/detection_astra_camera/detection_astra_camera.egg-info/top_level.txt
[4.568s] reading manifest file '../../build/detection_astra_camera/detection_astra_camera.egg-info/SOURCES.txt'
[4.591s] adding license file 'LICENSE'
[4.599s] writing manifest file '../../build/detection_astra_camera/detection_astra_camera.egg-info/SOURCES.txt'
[4.602s] running build
[4.604s] running build_py
[4.611s] copying detection_astra_camera/obtain_data_astra.py -> /home/andre/ros2_ws/build/detection_astra_camera/build/lib/detection_astra_camera
[4.615s] running install
[4.617s] running install_lib
[4.621s] copying /home/andre/ros2_ws/build/detection_astra_camera/build/lib/detection_astra_camera/obtain_data_astra.py -> /home/andre/ros2_ws/install/detection_astra_camera/lib/python3.10/site-packages/detection_astra_camera
[4.627s] byte-compiling /home/andre/ros2_ws/install/detection_astra_camera/lib/python3.10/site-packages/detection_astra_camera/obtain_data_astra.py to obtain_data_astra.cpython-310.pyc
[4.634s] running install_data
[4.640s] running install_egg_info
[4.652s] removing '/home/andre/ros2_ws/install/detection_astra_camera/lib/python3.10/site-packages/detection_astra_camera-0.0.0-py3.10.egg-info' (and everything under it)
[4.672s] Copying ../../build/detection_astra_camera/detection_astra_camera.egg-info to /home/andre/ros2_ws/install/detection_astra_camera/lib/python3.10/site-packages/detection_astra_camera-0.0.0-py3.10.egg-info
[4.685s] running install_scripts
[4.791s] Installing obtain_data_astra script to /home/andre/ros2_ws/install/detection_astra_camera/lib/detection_astra_camera
[4.791s] writing list of installed files to '/home/andre/ros2_ws/build/detection_astra_camera/install.log'
[4.912s] Invoked command in '/home/andre/ros2_ws/src/detection_astra_camera' returned '0': CMAKE_PREFIX_PATH=/home/andre/ros2_ws/install/astra_camera:/home/andre/ros2_ws/install/astra_camera_msgs:/home/andre/ros2_ws/install/custom_msgs:/home/andre/ros2_ws/install/calib_correspondences:/home/andre/ros2_ws/install/apriltag_ros:/home/andre/ros2_ws/install/apriltag_msgs LD_LIBRARY_PATH=/home/andre/ros2_ws/install/astra_camera/lib:/home/andre/ros2_ws/install/astra_camera_msgs/lib:/home/andre/ros2_ws/install/custom_msgs/lib:/home/andre/ros2_ws/install/apriltag_ros/lib:/home/andre/ros2_ws/install/apriltag_msgs/lib:/opt/ros/humble/opt/rviz_ogre_vendor/lib:/opt/ros/humble/lib/x86_64-linux-gnu:/opt/ros/humble/lib PYTHONPATH=/home/andre/ros2_ws/build/detection_astra_camera/prefix_override:/home/andre/ros2_ws/install/detection_astra_camera/lib/python3.10/site-packages:${PYTHONPATH} /usr/bin/python3 -W ignore:setup.py install is deprecated setup.py egg_info --egg-base ../../build/detection_astra_camera build --build-base /home/andre/ros2_ws/build/detection_astra_camera/build install --record /home/andre/ros2_ws/build/detection_astra_camera/install.log --single-version-externally-managed install_data
