-- Found ament_cmake: 1.3.8 (/opt/ros/humble/share/ament_cmake/cmake)
-- Found rosidl_default_generators: 1.2.0 (/opt/ros/humble/share/rosidl_default_generators/cmake)
-- Using all available rosidl_typesupport_c: rosidl_typesupport_fastrtps_c;rosidl_typesupport_introspection_c
-- Found rosidl_adapter: 3.1.5 (/opt/ros/humble/share/rosidl_adapter/cmake)
-- Using all available rosidl_typesupport_cpp: rosidl_typesupport_fastrtps_cpp;rosidl_typesupport_introspection_cpp
-- Found geometry_msgs: 4.2.3 (/opt/ros/humble/share/geometry_msgs/cmake)
-- Found ament_cmake_ros: 0.10.0 (/opt/ros/humble/share/ament_cmake_ros/cmake)
-- Using all available rosidl_typesupport_c: rosidl_typesupport_fastrtps_c;rosidl_typesupport_introspection_c
-- Using all available rosidl_typesupport_cpp: rosidl_typesupport_fastrtps_cpp;rosidl_typesupport_introspection_cpp
-- Found python_cmake_module: 0.10.0 (/opt/ros/humble/share/python_cmake_module/cmake)
-- Using PYTHON_EXECUTABLE: /usr/bin/python3
-- Using PYTHON_INCLUDE_DIRS: /usr/include/python3.10
-- Using PYTHON_LIBRARIES: /usr/lib/x86_64-linux-gnu/libpython3.10.so
-- Configuring done
-- Generating done
-- Build files have been written to: /home/andre/ros2_ws/build/custom_msgs
[35m[1mConsolidate compiler generated dependencies of target custom_msgs__rosidl_generator_c[0m
[  1%] [32mBuilding C object CMakeFiles/custom_msgs__rosidl_generator_c.dir/rosidl_generator_c/custom_msgs/msg/detail/plane__functions.c.o[0m
[  3%] [32mBuilding C object CMakeFiles/custom_msgs__rosidl_generator_c.dir/rosidl_generator_c/custom_msgs/msg/detail/plane_match__functions.c.o[0m
In file included from [01m[K/home/andre/ros2_ws/build/custom_msgs/rosidl_generator_c/custom_msgs/msg/detail/plane__functions.h:19[m[K,
                 from [01m[K/home/andre/ros2_ws/build/custom_msgs/rosidl_generator_c/custom_msgs/msg/detail/plane__functions.c:4[m[K:
[01m[K/home/andre/ros2_ws/build/custom_msgs/rosidl_generator_c/custom_msgs/msg/detail/plane__struct.h:22:10:[m[K [01;31m[Kfatal error: [m[Kgeometry_msgs/msg/detail/vector3__struct.h: No such file or directory
   22 | #include [01;31m[K"geometry_msgs/msg/detail/vector3__struct.h"[m[K
      |          [01;31m[K^~~~~~~~~~~~~~~~~~~~~~~~~~~~~~~~~~~~~~~~~~~~[m[K
compilation terminated.
gmake[2]: *** [CMakeFiles/custom_msgs__rosidl_generator_c.dir/build.make:169: CMakeFiles/custom_msgs__rosidl_generator_c.dir/rosidl_generator_c/custom_msgs/msg/detail/plane__functions.c.o] Error 1
gmake[2]: *** Waiting for unfinished jobs....
In file included from [01m[K/home/andre/ros2_ws/build/custom_msgs/rosidl_generator_c/custom_msgs/msg/detail/plane_match__struct.h:23[m[K,
                 from [01m[K/home/andre/ros2_ws/build/custom_msgs/rosidl_generator_c/custom_msgs/msg/detail/plane_match__functions.h:19[m[K,
                 from [01m[K/home/andre/ros2_ws/build/custom_msgs/rosidl_generator_c/custom_msgs/msg/detail/plane_match__functions.c:4[m[K:
[01m[K/home/andre/ros2_ws/build/custom_msgs/rosidl_generator_c/custom_msgs/msg/detail/plane__struct.h:22:10:[m[K [01;31m[Kfatal error: [m[Kgeometry_msgs/msg/detail/vector3__struct.h: No such file or directory
   22 | #include [01;31m[K"geometry_msgs/msg/detail/vector3__struct.h"[m[K
      |          [01;31m[K^~~~~~~~~~~~~~~~~~~~~~~~~~~~~~~~~~~~~~~~~~~~[m[K
compilation terminated.
gmake[2]: *** [CMakeFiles/custom_msgs__rosidl_generator_c.dir/build.make:183: CMakeFiles/custom_msgs__rosidl_generator_c.dir/rosidl_generator_c/custom_msgs/msg/detail/plane_match__functions.c.o] Error 1
gmake[1]: *** [CMakeFiles/Makefile2:213: CMakeFiles/custom_msgs__rosidl_generator_c.dir/all] Error 2
gmake[1]: *** Waiting for unfinished jobs....
[  4%] Built target custom_msgs__cpp
[  4%] Built target ament_cmake_python_copy_custom_msgs
gmake: *** [Makefile:146: all] Error 2
