[0.073s] Invoking command in '/home/andre/ros2_ws/build/custom_msgs': CMAKE_PREFIX_PATH=${CMAKE_PREFIX_PATH}:/home/andre/ros2_ws/install/detection_astra_camera:/home/andre/ros2_ws/install/detection_aruco:/opt/ros/humble /usr/bin/cmake --build /home/andre/ros2_ws/build/custom_msgs -- -j4 -l4
[0.324s] [  2%] Built target custom_msgs__cpp
[0.582s] [  2%] Built target ament_cmake_python_copy_custom_msgs
[0.724s] [ 12%] Built target custom_msgs__rosidl_typesupport_fastrtps_cpp
[0.840s] [ 23%] Built target custom_msgs__rosidl_typesupport_introspection_cpp
[1.795s] running egg_info
[1.802s] writing custom_msgs.egg-info/PKG-INFO
[1.802s] writing dependency_links to custom_msgs.egg-info/dependency_links.txt
[1.803s] writing top-level names to custom_msgs.egg-info/top_level.txt
[1.814s] reading manifest file 'custom_msgs.egg-info/SOURCES.txt'
[1.816s] writing manifest file 'custom_msgs.egg-info/SOURCES.txt'
[2.131s] [ 23%] Built target ament_cmake_python_build_custom_msgs_egg
[2.303s] [ 34%] Built target custom_msgs__rosidl_typesupport_cpp
[2.472s] [ 44%] Built target custom_msgs__rosidl_generator_c
[2.639s] [ 55%] Built target custom_msgs__rosidl_typesupport_fastrtps_c
[2.737s] [ 65%] Built target custom_msgs__rosidl_typesupport_c
[2.878s] [ 76%] Built target custom_msgs__rosidl_typesupport_introspection_c
[2.993s] [ 76%] Built target custom_msgs
[3.107s] [ 78%] Built target custom_msgs__py
[3.236s] [ 87%] Built target custom_msgs__rosidl_generator_py
[3.408s] [ 91%] Built target custom_msgs__rosidl_typesupport_fastrtps_c__pyext
[3.608s] [ 95%] Built target custom_msgs__rosidl_typesupport_c__pyext
[3.828s] [100%] Built target custom_msgs__rosidl_typesupport_introspection_c__pyext
[3.961s] Invoked command in '/home/andre/ros2_ws/build/custom_msgs' returned '0': CMAKE_PREFIX_PATH=${CMAKE_PREFIX_PATH}:/home/andre/ros2_ws/install/detection_astra_camera:/home/andre/ros2_ws/install/detection_aruco:/opt/ros/humble /usr/bin/cmake --build /home/andre/ros2_ws/build/custom_msgs -- -j4 -l4
[4.473s] Invoking command in '/home/andre/ros2_ws/build/custom_msgs': CMAKE_PREFIX_PATH=${CMAKE_PREFIX_PATH}:/home/andre/ros2_ws/install/detection_astra_camera:/home/andre/ros2_ws/install/detection_aruco:/opt/ros/humble /usr/bin/cmake --install /home/andre/ros2_ws/build/custom_msgs
[4.497s] -- Install configuration: ""
[4.505s] -- Up-to-date: /home/andre/ros2_ws/install/custom_msgs/share/ament_index/resource_index/rosidl_interfaces/custom_msgs
[4.505s] -- Up-to-date: /home/andre/ros2_ws/install/custom_msgs/include/custom_msgs/custom_msgs
[4.510s] -- Up-to-date: /home/andre/ros2_ws/install/custom_msgs/include/custom_msgs/custom_msgs/msg
[4.515s] -- Up-to-date: /home/andre/ros2_ws/install/custom_msgs/include/custom_msgs/custom_msgs/msg/plane_match.h
[4.516s] -- Up-to-date: /home/andre/ros2_ws/install/custom_msgs/include/custom_msgs/custom_msgs/msg/detail
[4.517s] -- Up-to-date: /home/andre/ros2_ws/install/custom_msgs/include/custom_msgs/custom_msgs/msg/detail/correspondences__functions.h
[4.518s] -- Up-to-date: /home/andre/ros2_ws/install/custom_msgs/include/custom_msgs/custom_msgs/msg/detail/plane__struct.h
[4.518s] -- Up-to-date: /home/andre/ros2_ws/install/custom_msgs/include/custom_msgs/custom_msgs/msg/detail/plane__functions.c
[4.519s] -- Up-to-date: /home/andre/ros2_ws/install/custom_msgs/include/custom_msgs/custom_msgs/msg/detail/plane__type_support.h
[4.519s] -- Up-to-date: /home/andre/ros2_ws/install/custom_msgs/include/custom_msgs/custom_msgs/msg/detail/plane_match__functions.c
[4.519s] -- Up-to-date: /home/andre/ros2_ws/install/custom_msgs/include/custom_msgs/custom_msgs/msg/detail/correspondences__type_support.h
[4.520s] -- Up-to-date: /home/andre/ros2_ws/install/custom_msgs/include/custom_msgs/custom_msgs/msg/detail/correspondences__struct.h
[4.524s] -- Up-to-date: /home/andre/ros2_ws/install/custom_msgs/include/custom_msgs/custom_msgs/msg/detail/correspondences__functions.c
[4.525s] -- Up-to-date: /home/andre/ros2_ws/install/custom_msgs/include/custom_msgs/custom_msgs/msg/detail/plane__functions.h
[4.526s] -- Up-to-date: /home/andre/ros2_ws/install/custom_msgs/include/custom_msgs/custom_msgs/msg/detail/plane_match__struct.h
[4.526s] -- Up-to-date: /home/andre/ros2_ws/install/custom_msgs/include/custom_msgs/custom_msgs/msg/detail/plane_match__type_support.h
[4.526s] -- Up-to-date: /home/andre/ros2_ws/install/custom_msgs/include/custom_msgs/custom_msgs/msg/detail/plane_match__functions.h
[4.530s] -- Up-to-date: /home/andre/ros2_ws/install/custom_msgs/include/custom_msgs/custom_msgs/msg/correspondences.h
[4.530s] -- Up-to-date: /home/andre/ros2_ws/install/custom_msgs/include/custom_msgs/custom_msgs/msg/rosidl_generator_c__visibility_control.h
[4.538s] -- Up-to-date: /home/andre/ros2_ws/install/custom_msgs/include/custom_msgs/custom_msgs/msg/plane.h
[4.538s] -- Up-to-date: /home/andre/ros2_ws/install/custom_msgs/share/custom_msgs/environment/library_path.sh
[4.539s] -- Up-to-date: /home/andre/ros2_ws/install/custom_msgs/share/custom_msgs/environment/library_path.dsv
[4.539s] -- Up-to-date: /home/andre/ros2_ws/install/custom_msgs/lib/libcustom_msgs__rosidl_generator_c.so
[4.539s] -- Up-to-date: /home/andre/ros2_ws/install/custom_msgs/include/custom_msgs/custom_msgs
[4.539s] -- Up-to-date: /home/andre/ros2_ws/install/custom_msgs/include/custom_msgs/custom_msgs/msg
[4.540s] -- Up-to-date: /home/andre/ros2_ws/install/custom_msgs/include/custom_msgs/custom_msgs/msg/detail
[4.540s] -- Up-to-date: /home/andre/ros2_ws/install/custom_msgs/include/custom_msgs/custom_msgs/msg/detail/plane_match__rosidl_typesupport_fastrtps_c.h
[4.540s] -- Up-to-date: /home/andre/ros2_ws/install/custom_msgs/include/custom_msgs/custom_msgs/msg/detail/plane__rosidl_typesupport_fastrtps_c.h
[4.540s] -- Up-to-date: /home/andre/ros2_ws/install/custom_msgs/include/custom_msgs/custom_msgs/msg/detail/correspondences__rosidl_typesupport_fastrtps_c.h
[4.550s] -- Up-to-date: /home/andre/ros2_ws/install/custom_msgs/include/custom_msgs/custom_msgs/msg/rosidl_typesupport_fastrtps_c__visibility_control.h
[4.550s] -- Up-to-date: /home/andre/ros2_ws/install/custom_msgs/lib/libcustom_msgs__rosidl_typesupport_fastrtps_c.so
[4.551s] -- Up-to-date: /home/andre/ros2_ws/install/custom_msgs/include/custom_msgs/custom_msgs
[4.551s] -- Up-to-date: /home/andre/ros2_ws/install/custom_msgs/include/custom_msgs/custom_msgs/msg
[4.551s] -- Up-to-date: /home/andre/ros2_ws/install/custom_msgs/include/custom_msgs/custom_msgs/msg/detail
[4.551s] -- Up-to-date: /home/andre/ros2_ws/install/custom_msgs/include/custom_msgs/custom_msgs/msg/detail/plane__rosidl_typesupport_introspection_c.h
[4.551s] -- Up-to-date: /home/andre/ros2_ws/install/custom_msgs/include/custom_msgs/custom_msgs/msg/detail/plane_match__rosidl_typesupport_introspection_c.h
[4.551s] -- Up-to-date: /home/andre/ros2_ws/install/custom_msgs/include/custom_msgs/custom_msgs/msg/detail/plane_match__type_support.c
[4.551s] -- Up-to-date: /home/andre/ros2_ws/install/custom_msgs/include/custom_msgs/custom_msgs/msg/detail/correspondences__type_support.c
[4.551s] -- Up-to-date: /home/andre/ros2_ws/install/custom_msgs/include/custom_msgs/custom_msgs/msg/detail/correspondences__rosidl_typesupport_introspection_c.h
[4.552s] -- Up-to-date: /home/andre/ros2_ws/install/custom_msgs/include/custom_msgs/custom_msgs/msg/detail/plane__type_support.c
[4.552s] -- Up-to-date: /home/andre/ros2_ws/install/custom_msgs/include/custom_msgs/custom_msgs/msg/rosidl_typesupport_introspection_c__visibility_control.h
[4.552s] -- Up-to-date: /home/andre/ros2_ws/install/custom_msgs/lib/libcustom_msgs__rosidl_typesupport_introspection_c.so
[4.552s] -- Up-to-date: /home/andre/ros2_ws/install/custom_msgs/lib/libcustom_msgs__rosidl_typesupport_c.so
[4.552s] -- Up-to-date: /home/andre/ros2_ws/install/custom_msgs/include/custom_msgs/custom_msgs
[4.552s] -- Up-to-date: /home/andre/ros2_ws/install/custom_msgs/include/custom_msgs/custom_msgs/msg
[4.552s] -- Up-to-date: /home/andre/ros2_ws/install/custom_msgs/include/custom_msgs/custom_msgs/msg/correspondences.hpp
[4.552s] -- Up-to-date: /home/andre/ros2_ws/install/custom_msgs/include/custom_msgs/custom_msgs/msg/detail
[4.553s] -- Up-to-date: /home/andre/ros2_ws/install/custom_msgs/include/custom_msgs/custom_msgs/msg/detail/plane_match__struct.hpp
[4.553s] -- Up-to-date: /home/andre/ros2_ws/install/custom_msgs/include/custom_msgs/custom_msgs/msg/detail/plane_match__traits.hpp
[4.553s] -- Up-to-date: /home/andre/ros2_ws/install/custom_msgs/include/custom_msgs/custom_msgs/msg/detail/correspondences__struct.hpp
[4.553s] -- Up-to-date: /home/andre/ros2_ws/install/custom_msgs/include/custom_msgs/custom_msgs/msg/detail/correspondences__traits.hpp
[4.553s] -- Up-to-date: /home/andre/ros2_ws/install/custom_msgs/include/custom_msgs/custom_msgs/msg/detail/plane__builder.hpp
[4.570s] -- Up-to-date: /home/andre/ros2_ws/install/custom_msgs/include/custom_msgs/custom_msgs/msg/detail/correspondences__builder.hpp
[4.570s] -- Up-to-date: /home/andre/ros2_ws/install/custom_msgs/include/custom_msgs/custom_msgs/msg/detail/plane_match__builder.hpp
[4.570s] -- Up-to-date: /home/andre/ros2_ws/install/custom_msgs/include/custom_msgs/custom_msgs/msg/detail/plane__traits.hpp
[4.570s] -- Up-to-date: /home/andre/ros2_ws/install/custom_msgs/include/custom_msgs/custom_msgs/msg/detail/plane__struct.hpp
[4.571s] -- Up-to-date: /home/andre/ros2_ws/install/custom_msgs/include/custom_msgs/custom_msgs/msg/plane_match.hpp
[4.571s] -- Up-to-date: /home/andre/ros2_ws/install/custom_msgs/include/custom_msgs/custom_msgs/msg/plane.hpp
[4.571s] -- Up-to-date: /home/andre/ros2_ws/install/custom_msgs/include/custom_msgs/custom_msgs
[4.571s] -- Up-to-date: /home/andre/ros2_ws/install/custom_msgs/include/custom_msgs/custom_msgs/msg
[4.572s] -- Up-to-date: /home/andre/ros2_ws/install/custom_msgs/include/custom_msgs/custom_msgs/msg/detail
[4.572s] -- Up-to-date: /home/andre/ros2_ws/install/custom_msgs/include/custom_msgs/custom_msgs/msg/detail/dds_fastrtps
[4.572s] -- Up-to-date: /home/andre/ros2_ws/install/custom_msgs/include/custom_msgs/custom_msgs/msg/detail/plane_match__rosidl_typesupport_fastrtps_cpp.hpp
[4.572s] -- Up-to-date: /home/andre/ros2_ws/install/custom_msgs/include/custom_msgs/custom_msgs/msg/detail/plane__rosidl_typesupport_fastrtps_cpp.hpp
[4.572s] -- Up-to-date: /home/andre/ros2_ws/install/custom_msgs/include/custom_msgs/custom_msgs/msg/detail/correspondences__rosidl_typesupport_fastrtps_cpp.hpp
[4.572s] -- Up-to-date: /home/andre/ros2_ws/install/custom_msgs/include/custom_msgs/custom_msgs/msg/rosidl_typesupport_fastrtps_cpp__visibility_control.h
[4.572s] -- Up-to-date: /home/andre/ros2_ws/install/custom_msgs/lib/libcustom_msgs__rosidl_typesupport_fastrtps_cpp.so
[4.572s] -- Up-to-date: /home/andre/ros2_ws/install/custom_msgs/include/custom_msgs/custom_msgs
[4.573s] -- Up-to-date: /home/andre/ros2_ws/install/custom_msgs/include/custom_msgs/custom_msgs/msg
[4.573s] -- Up-to-date: /home/andre/ros2_ws/install/custom_msgs/include/custom_msgs/custom_msgs/msg/detail
[4.573s] -- Up-to-date: /home/andre/ros2_ws/install/custom_msgs/include/custom_msgs/custom_msgs/msg/detail/correspondences__type_support.cpp
[4.573s] -- Up-to-date: /home/andre/ros2_ws/install/custom_msgs/include/custom_msgs/custom_msgs/msg/detail/plane__type_support.cpp
[4.573s] -- Up-to-date: /home/andre/ros2_ws/install/custom_msgs/include/custom_msgs/custom_msgs/msg/detail/correspondences__rosidl_typesupport_introspection_cpp.hpp
[4.573s] -- Up-to-date: /home/andre/ros2_ws/install/custom_msgs/include/custom_msgs/custom_msgs/msg/detail/plane_match__type_support.cpp
[4.574s] -- Up-to-date: /home/andre/ros2_ws/install/custom_msgs/include/custom_msgs/custom_msgs/msg/detail/plane_match__rosidl_typesupport_introspection_cpp.hpp
[4.574s] -- Up-to-date: /home/andre/ros2_ws/install/custom_msgs/include/custom_msgs/custom_msgs/msg/detail/plane__rosidl_typesupport_introspection_cpp.hpp
[4.578s] -- Up-to-date: /home/andre/ros2_ws/install/custom_msgs/lib/libcustom_msgs__rosidl_typesupport_introspection_cpp.so
[4.578s] -- Up-to-date: /home/andre/ros2_ws/install/custom_msgs/lib/libcustom_msgs__rosidl_typesupport_cpp.so
[4.578s] -- Up-to-date: /home/andre/ros2_ws/install/custom_msgs/share/custom_msgs/environment/pythonpath.sh
[4.578s] -- Up-to-date: /home/andre/ros2_ws/install/custom_msgs/share/custom_msgs/environment/pythonpath.dsv
[4.578s] -- Up-to-date: /home/andre/ros2_ws/install/custom_msgs/local/lib/python3.10/dist-packages/custom_msgs-0.0.0-py3.10.egg-info
[4.584s] -- Installing: /home/andre/ros2_ws/install/custom_msgs/local/lib/python3.10/dist-packages/custom_msgs-0.0.0-py3.10.egg-info/PKG-INFO
[4.584s] -- Installing: /home/andre/ros2_ws/install/custom_msgs/local/lib/python3.10/dist-packages/custom_msgs-0.0.0-py3.10.egg-info/dependency_links.txt
[4.584s] -- Installing: /home/andre/ros2_ws/install/custom_msgs/local/lib/python3.10/dist-packages/custom_msgs-0.0.0-py3.10.egg-info/SOURCES.txt
[4.584s] -- Installing: /home/andre/ros2_ws/install/custom_msgs/local/lib/python3.10/dist-packages/custom_msgs-0.0.0-py3.10.egg-info/top_level.txt
[4.631s] -- Up-to-date: /home/andre/ros2_ws/install/custom_msgs/local/lib/python3.10/dist-packages/custom_msgs
[4.631s] -- Up-to-date: /home/andre/ros2_ws/install/custom_msgs/local/lib/python3.10/dist-packages/custom_msgs/_custom_msgs_s.ep.rosidl_typesupport_fastrtps_c.c
[4.631s] -- Up-to-date: /home/andre/ros2_ws/install/custom_msgs/local/lib/python3.10/dist-packages/custom_msgs/_custom_msgs_s.ep.rosidl_typesupport_c.c
[4.631s] -- Up-to-date: /home/andre/ros2_ws/install/custom_msgs/local/lib/python3.10/dist-packages/custom_msgs/libcustom_msgs__rosidl_generator_py.so
[4.634s] -- Up-to-date: /home/andre/ros2_ws/install/custom_msgs/local/lib/python3.10/dist-packages/custom_msgs/custom_msgs_s__rosidl_typesupport_c.cpython-310-x86_64-linux-gnu.so
[4.634s] -- Up-to-date: /home/andre/ros2_ws/install/custom_msgs/local/lib/python3.10/dist-packages/custom_msgs/__init__.py
[4.634s] -- Up-to-date: /home/andre/ros2_ws/install/custom_msgs/local/lib/python3.10/dist-packages/custom_msgs/_custom_msgs_s.ep.rosidl_typesupport_introspection_c.c
[4.634s] -- Up-to-date: /home/andre/ros2_ws/install/custom_msgs/local/lib/python3.10/dist-packages/custom_msgs/custom_msgs_s__rosidl_typesupport_fastrtps_c.cpython-310-x86_64-linux-gnu.so
[4.635s] -- Up-to-date: /home/andre/ros2_ws/install/custom_msgs/local/lib/python3.10/dist-packages/custom_msgs/custom_msgs_s__rosidl_typesupport_introspection_c.cpython-310-x86_64-linux-gnu.so
[4.635s] -- Up-to-date: /home/andre/ros2_ws/install/custom_msgs/local/lib/python3.10/dist-packages/custom_msgs/msg
[4.636s] -- Up-to-date: /home/andre/ros2_ws/install/custom_msgs/local/lib/python3.10/dist-packages/custom_msgs/msg/_plane_match_s.c
[4.637s] -- Up-to-date: /home/andre/ros2_ws/install/custom_msgs/local/lib/python3.10/dist-packages/custom_msgs/msg/_plane.py
[4.662s] -- Up-to-date: /home/andre/ros2_ws/install/custom_msgs/local/lib/python3.10/dist-packages/custom_msgs/msg/_plane_s.c
[4.662s] -- Up-to-date: /home/andre/ros2_ws/install/custom_msgs/local/lib/python3.10/dist-packages/custom_msgs/msg/__init__.py
[4.662s] -- Up-to-date: /home/andre/ros2_ws/install/custom_msgs/local/lib/python3.10/dist-packages/custom_msgs/msg/_correspondences_s.c
[4.662s] -- Up-to-date: /home/andre/ros2_ws/install/custom_msgs/local/lib/python3.10/dist-packages/custom_msgs/msg/_plane_match.py
[4.662s] -- Up-to-date: /home/andre/ros2_ws/install/custom_msgs/local/lib/python3.10/dist-packages/custom_msgs/msg/_correspondences.py
[4.706s] Listing '/home/andre/ros2_ws/install/custom_msgs/local/lib/python3.10/dist-packages/custom_msgs'...
[4.707s] Listing '/home/andre/ros2_ws/install/custom_msgs/local/lib/python3.10/dist-packages/custom_msgs/msg'...
[4.707s] -- Up-to-date: /home/andre/ros2_ws/install/custom_msgs/local/lib/python3.10/dist-packages/custom_msgs/custom_msgs_s__rosidl_typesupport_fastrtps_c.cpython-310-x86_64-linux-gnu.so
[4.707s] -- Up-to-date: /home/andre/ros2_ws/install/custom_msgs/local/lib/python3.10/dist-packages/custom_msgs/custom_msgs_s__rosidl_typesupport_introspection_c.cpython-310-x86_64-linux-gnu.so
[4.707s] -- Up-to-date: /home/andre/ros2_ws/install/custom_msgs/local/lib/python3.10/dist-packages/custom_msgs/custom_msgs_s__rosidl_typesupport_c.cpython-310-x86_64-linux-gnu.so
[4.708s] -- Up-to-date: /home/andre/ros2_ws/install/custom_msgs/lib/libcustom_msgs__rosidl_generator_py.so
[4.708s] -- Up-to-date: /home/andre/ros2_ws/install/custom_msgs/share/custom_msgs/msg/Plane.idl
[4.708s] -- Up-to-date: /home/andre/ros2_ws/install/custom_msgs/share/custom_msgs/msg/PlaneMatch.idl
[4.708s] -- Up-to-date: /home/andre/ros2_ws/install/custom_msgs/share/custom_msgs/msg/Correspondences.idl
[4.708s] -- Up-to-date: /home/andre/ros2_ws/install/custom_msgs/share/custom_msgs/msg/Plane.msg
[4.708s] -- Up-to-date: /home/andre/ros2_ws/install/custom_msgs/share/custom_msgs/msg/PlaneMatch.msg
[4.709s] -- Up-to-date: /home/andre/ros2_ws/install/custom_msgs/share/custom_msgs/msg/Correspondences.msg
[4.709s] -- Up-to-date: /home/andre/ros2_ws/install/custom_msgs/share/ament_index/resource_index/package_run_dependencies/custom_msgs
[4.709s] -- Up-to-date: /home/andre/ros2_ws/install/custom_msgs/share/ament_index/resource_index/parent_prefix_path/custom_msgs
[4.709s] -- Up-to-date: /home/andre/ros2_ws/install/custom_msgs/share/custom_msgs/environment/ament_prefix_path.sh
[4.709s] -- Up-to-date: /home/andre/ros2_ws/install/custom_msgs/share/custom_msgs/environment/ament_prefix_path.dsv
[4.709s] -- Up-to-date: /home/andre/ros2_ws/install/custom_msgs/share/custom_msgs/environment/path.sh
[4.710s] -- Up-to-date: /home/andre/ros2_ws/install/custom_msgs/share/custom_msgs/environment/path.dsv
[4.710s] -- Up-to-date: /home/andre/ros2_ws/install/custom_msgs/share/custom_msgs/local_setup.bash
[4.710s] -- Up-to-date: /home/andre/ros2_ws/install/custom_msgs/share/custom_msgs/local_setup.sh
[4.710s] -- Up-to-date: /home/andre/ros2_ws/install/custom_msgs/share/custom_msgs/local_setup.zsh
[4.710s] -- Up-to-date: /home/andre/ros2_ws/install/custom_msgs/share/custom_msgs/local_setup.dsv
[4.710s] -- Installing: /home/andre/ros2_ws/install/custom_msgs/share/custom_msgs/package.dsv
[4.710s] -- Up-to-date: /home/andre/ros2_ws/install/custom_msgs/share/ament_index/resource_index/packages/custom_msgs
[4.711s] -- Up-to-date: /home/andre/ros2_ws/install/custom_msgs/share/custom_msgs/cmake/export_custom_msgs__rosidl_generator_cExport.cmake
[4.711s] -- Up-to-date: /home/andre/ros2_ws/install/custom_msgs/share/custom_msgs/cmake/export_custom_msgs__rosidl_generator_cExport-noconfig.cmake
[4.711s] -- Up-to-date: /home/andre/ros2_ws/install/custom_msgs/share/custom_msgs/cmake/export_custom_msgs__rosidl_typesupport_fastrtps_cExport.cmake
[4.711s] -- Up-to-date: /home/andre/ros2_ws/install/custom_msgs/share/custom_msgs/cmake/export_custom_msgs__rosidl_typesupport_fastrtps_cExport-noconfig.cmake
[4.711s] -- Up-to-date: /home/andre/ros2_ws/install/custom_msgs/share/custom_msgs/cmake/custom_msgs__rosidl_typesupport_introspection_cExport.cmake
[4.711s] -- Up-to-date: /home/andre/ros2_ws/install/custom_msgs/share/custom_msgs/cmake/custom_msgs__rosidl_typesupport_introspection_cExport-noconfig.cmake
[4.712s] -- Up-to-date: /home/andre/ros2_ws/install/custom_msgs/share/custom_msgs/cmake/custom_msgs__rosidl_typesupport_cExport.cmake
[4.712s] -- Up-to-date: /home/andre/ros2_ws/install/custom_msgs/share/custom_msgs/cmake/custom_msgs__rosidl_typesupport_cExport-noconfig.cmake
[4.712s] -- Up-to-date: /home/andre/ros2_ws/install/custom_msgs/share/custom_msgs/cmake/export_custom_msgs__rosidl_generator_cppExport.cmake
[4.712s] -- Up-to-date: /home/andre/ros2_ws/install/custom_msgs/share/custom_msgs/cmake/export_custom_msgs__rosidl_typesupport_fastrtps_cppExport.cmake
[4.712s] -- Up-to-date: /home/andre/ros2_ws/install/custom_msgs/share/custom_msgs/cmake/export_custom_msgs__rosidl_typesupport_fastrtps_cppExport-noconfig.cmake
[4.712s] -- Up-to-date: /home/andre/ros2_ws/install/custom_msgs/share/custom_msgs/cmake/custom_msgs__rosidl_typesupport_introspection_cppExport.cmake
[4.712s] -- Up-to-date: /home/andre/ros2_ws/install/custom_msgs/share/custom_msgs/cmake/custom_msgs__rosidl_typesupport_introspection_cppExport-noconfig.cmake
[4.713s] -- Up-to-date: /home/andre/ros2_ws/install/custom_msgs/share/custom_msgs/cmake/custom_msgs__rosidl_typesupport_cppExport.cmake
[4.713s] -- Up-to-date: /home/andre/ros2_ws/install/custom_msgs/share/custom_msgs/cmake/custom_msgs__rosidl_typesupport_cppExport-noconfig.cmake
[4.713s] -- Up-to-date: /home/andre/ros2_ws/install/custom_msgs/share/custom_msgs/cmake/export_custom_msgs__rosidl_generator_pyExport.cmake
[4.713s] -- Up-to-date: /home/andre/ros2_ws/install/custom_msgs/share/custom_msgs/cmake/export_custom_msgs__rosidl_generator_pyExport-noconfig.cmake
[4.713s] -- Up-to-date: /home/andre/ros2_ws/install/custom_msgs/share/custom_msgs/cmake/rosidl_cmake-extras.cmake
[4.722s] -- Up-to-date: /home/andre/ros2_ws/install/custom_msgs/share/custom_msgs/cmake/ament_cmake_export_dependencies-extras.cmake
[4.722s] -- Up-to-date: /home/andre/ros2_ws/install/custom_msgs/share/custom_msgs/cmake/ament_cmake_export_include_directories-extras.cmake
[4.722s] -- Up-to-date: /home/andre/ros2_ws/install/custom_msgs/share/custom_msgs/cmake/ament_cmake_export_libraries-extras.cmake
[4.723s] -- Up-to-date: /home/andre/ros2_ws/install/custom_msgs/share/custom_msgs/cmake/ament_cmake_export_targets-extras.cmake
[4.723s] -- Up-to-date: /home/andre/ros2_ws/install/custom_msgs/share/custom_msgs/cmake/rosidl_cmake_export_typesupport_targets-extras.cmake
[4.723s] -- Up-to-date: /home/andre/ros2_ws/install/custom_msgs/share/custom_msgs/cmake/rosidl_cmake_export_typesupport_libraries-extras.cmake
[4.723s] -- Up-to-date: /home/andre/ros2_ws/install/custom_msgs/share/custom_msgs/cmake/custom_msgsConfig.cmake
[4.723s] -- Up-to-date: /home/andre/ros2_ws/install/custom_msgs/share/custom_msgs/cmake/custom_msgsConfig-version.cmake
[4.723s] -- Up-to-date: /home/andre/ros2_ws/install/custom_msgs/share/custom_msgs/package.xml
[4.723s] Invoked command in '/home/andre/ros2_ws/build/custom_msgs' returned '0': CMAKE_PREFIX_PATH=${CMAKE_PREFIX_PATH}:/home/andre/ros2_ws/install/detection_astra_camera:/home/andre/ros2_ws/install/detection_aruco:/opt/ros/humble /usr/bin/cmake --install /home/andre/ros2_ws/build/custom_msgs
