[1.860s] Invoking command in '/home/andre/ros2_ws/src/detection_aruco': CMAKE_PREFIX_PATH=/home/andre/ros2_ws/install/apriltag_ros:/home/andre/ros2_ws/install/custom_msgs:/home/andre/ros2_ws/install/apriltag_msgs:/home/andre/ros2_ws/install/calib_correspondences:/home/andre/ros2_ws/install/astra_camera:/home/andre/ros2_ws/install/astra_camera_msgs LD_LIBRARY_PATH=/home/andre/ros2_ws/install/apriltag_ros/lib:/home/andre/ros2_ws/install/custom_msgs/lib:/home/andre/ros2_ws/install/apriltag_msgs/lib:/home/andre/ros2_ws/install/astra_camera/lib:/home/andre/ros2_ws/install/astra_camera_msgs/lib:/opt/ros/humble/opt/rviz_ogre_vendor/lib:/opt/ros/humble/lib/x86_64-linux-gnu:/opt/ros/humble/lib PYTHONPATH=/home/andre/ros2_ws/build/detection_aruco/prefix_override:/home/andre/ros2_ws/install/detection_aruco/lib/python3.10/site-packages:${PYTHONPATH} /usr/bin/python3 -W ignore:setup.py install is deprecated setup.py egg_info --egg-base ../../build/detection_aruco build --build-base /home/andre/ros2_ws/build/detection_aruco/build install --record /home/andre/ros2_ws/build/detection_aruco/install.log --single-version-externally-managed install_data
[2.538s] running egg_info
[2.542s] writing ../../build/detection_aruco/detection_aruco.egg-info/PKG-INFO
[2.542s] writing dependency_links to ../../build/detection_aruco/detection_aruco.egg-info/dependency_links.txt
[2.542s] writing entry points to ../../build/detection_aruco/detection_aruco.egg-info/entry_points.txt
[2.543s] writing requirements to ../../build/detection_aruco/detection_aruco.egg-info/requires.txt
[2.543s] writing top-level names to ../../build/detection_aruco/detection_aruco.egg-info/top_level.txt
[2.549s] reading manifest file '../../build/detection_aruco/detection_aruco.egg-info/SOURCES.txt'
[2.550s] adding license file 'LICENSE'
[2.552s] writing manifest file '../../build/detection_aruco/detection_aruco.egg-info/SOURCES.txt'
[2.553s] running build
[2.553s] running build_py
[2.553s] copying detection_aruco/detection_aruco.py -> /home/andre/ros2_ws/build/detection_aruco/build/lib/detection_aruco
[2.554s] running install
[2.554s] running install_lib
[2.556s] copying /home/andre/ros2_ws/build/detection_aruco/build/lib/detection_aruco/detection_aruco.py -> /home/andre/ros2_ws/install/detection_aruco/lib/python3.10/site-packages/detection_aruco
[2.558s] byte-compiling /home/andre/ros2_ws/install/detection_aruco/lib/python3.10/site-packages/detection_aruco/detection_aruco.py to detection_aruco.cpython-310.pyc
[2.563s] /home/andre/ros2_ws/install/detection_aruco/lib/python3.10/site-packages/detection_aruco/detection_aruco.py:84: SyntaxWarning: "is not" with a literal. Did you mean "!="?
[2.563s]   if len(self.dets1) is not 0:
[2.563s] /home/andre/ros2_ws/install/detection_aruco/lib/python3.10/site-packages/detection_aruco/detection_aruco.py:120: SyntaxWarning: "is not" with a literal. Did you mean "!="?
[2.563s]   if self.dets1.detections is not 0:
[2.564s] /home/andre/ros2_ws/install/detection_aruco/lib/python3.10/site-packages/detection_aruco/detection_aruco.py:167: SyntaxWarning: "is not" with a literal. Did you mean "!="?
[2.564s]   if self.dets2.detections is not 0:
[2.564s] running install_data
[2.569s] running install_egg_info
[2.570s] removing '/home/andre/ros2_ws/install/detection_aruco/lib/python3.10/site-packages/detection_aruco-0.0.0-py3.10.egg-info' (and everything under it)
[2.570s] Copying ../../build/detection_aruco/detection_aruco.egg-info to /home/andre/ros2_ws/install/detection_aruco/lib/python3.10/site-packages/detection_aruco-0.0.0-py3.10.egg-info
[2.577s] running install_scripts
[2.629s] Installing obtain script to /home/andre/ros2_ws/install/detection_aruco/lib/detection_aruco
[2.629s] Installing see script to /home/andre/ros2_ws/install/detection_aruco/lib/detection_aruco
[2.629s] writing list of installed files to '/home/andre/ros2_ws/build/detection_aruco/install.log'
[2.711s] Invoked command in '/home/andre/ros2_ws/src/detection_aruco' returned '0': CMAKE_PREFIX_PATH=/home/andre/ros2_ws/install/apriltag_ros:/home/andre/ros2_ws/install/custom_msgs:/home/andre/ros2_ws/install/apriltag_msgs:/home/andre/ros2_ws/install/calib_correspondences:/home/andre/ros2_ws/install/astra_camera:/home/andre/ros2_ws/install/astra_camera_msgs LD_LIBRARY_PATH=/home/andre/ros2_ws/install/apriltag_ros/lib:/home/andre/ros2_ws/install/custom_msgs/lib:/home/andre/ros2_ws/install/apriltag_msgs/lib:/home/andre/ros2_ws/install/astra_camera/lib:/home/andre/ros2_ws/install/astra_camera_msgs/lib:/opt/ros/humble/opt/rviz_ogre_vendor/lib:/opt/ros/humble/lib/x86_64-linux-gnu:/opt/ros/humble/lib PYTHONPATH=/home/andre/ros2_ws/build/detection_aruco/prefix_override:/home/andre/ros2_ws/install/detection_aruco/lib/python3.10/site-packages:${PYTHONPATH} /usr/bin/python3 -W ignore:setup.py install is deprecated setup.py egg_info --egg-base ../../build/detection_aruco build --build-base /home/andre/ros2_ws/build/detection_aruco/build install --record /home/andre/ros2_ws/build/detection_aruco/install.log --single-version-externally-managed install_data
