[2.322s] DEBUG:colcon:Command line arguments: ['/usr/bin/colcon', 'build', '--packages-select', 'detection_aruco']
[2.322s] DEBUG:colcon:Parsed command line arguments: Namespace(log_base=None, log_level=None, verb_name='build', build_base='build', install_base='install', merge_install=False, symlink_install=False, test_result_base=None, continue_on_error=False, executor='parallel', parallel_workers=4, event_handlers=None, ignore_user_meta=False, metas=['./colcon.meta'], base_paths=['.'], packages_ignore=None, packages_ignore_regex=None, paths=None, packages_up_to=None, packages_up_to_regex=None, packages_above=None, packages_above_and_dependencies=None, packages_above_depth=None, packages_select_by_dep=None, packages_skip_by_dep=None, packages_skip_up_to=None, packages_select_build_failed=False, packages_skip_build_finished=False, packages_select_test_failures=False, packages_skip_test_passed=False, packages_select=['detection_aruco'], packages_skip=None, packages_select_regex=None, packages_skip_regex=None, packages_start=None, packages_end=None, allow_overriding=[], cmake_args=None, cmake_target=None, cmake_target_skip_unavailable=False, cmake_clean_cache=False, cmake_clean_first=False, cmake_force_configure=False, ament_cmake_args=None, catkin_cmake_args=None, catkin_skip_building_tests=False, verb_parser=<colcon_defaults.argument_parser.defaults.DefaultArgumentsDecorator object at 0x77becf234c70>, verb_extension=<colcon_core.verb.build.BuildVerb object at 0x77becf234160>, main=<bound method BuildVerb.main of <colcon_core.verb.build.BuildVerb object at 0x77becf234160>>)
[2.680s] Level 1:colcon.colcon_core.package_discovery:discover_packages(colcon_meta) check parameters
[2.680s] Level 1:colcon.colcon_core.package_discovery:discover_packages(recursive) check parameters
[2.680s] Level 1:colcon.colcon_core.package_discovery:discover_packages(ignore) check parameters
[2.680s] Level 1:colcon.colcon_core.package_discovery:discover_packages(path) check parameters
[2.680s] Level 1:colcon.colcon_core.package_discovery:discover_packages(colcon_meta) discover
[2.680s] Level 1:colcon.colcon_core.package_discovery:discover_packages(recursive) discover
[2.680s] INFO:colcon.colcon_core.package_discovery:Crawling recursively for packages in '/home/andrea/ros2_ws'
[2.680s] Level 1:colcon.colcon_core.package_identification:_identify(.) by extensions ['ignore', 'ignore_ament_install']
[2.680s] Level 1:colcon.colcon_core.package_identification:_identify(.) by extension 'ignore'
[2.681s] Level 1:colcon.colcon_core.package_identification:_identify(.) by extension 'ignore_ament_install'
[2.681s] Level 1:colcon.colcon_core.package_identification:_identify(.) by extensions ['colcon_pkg']
[2.681s] Level 1:colcon.colcon_core.package_identification:_identify(.) by extension 'colcon_pkg'
[2.681s] Level 1:colcon.colcon_core.package_identification:_identify(.) by extensions ['colcon_meta']
[2.681s] Level 1:colcon.colcon_core.package_identification:_identify(.) by extension 'colcon_meta'
[2.681s] Level 1:colcon.colcon_core.package_identification:_identify(.) by extensions ['ros']
[2.681s] Level 1:colcon.colcon_core.package_identification:_identify(.) by extension 'ros'
[2.701s] Level 1:colcon.colcon_core.package_identification:_identify(.) by extensions ['cmake', 'python']
[2.701s] Level 1:colcon.colcon_core.package_identification:_identify(.) by extension 'cmake'
[2.701s] Level 1:colcon.colcon_core.package_identification:_identify(.) by extension 'python'
[2.701s] Level 1:colcon.colcon_core.package_identification:_identify(.) by extensions ['python_setup_py']
[2.701s] Level 1:colcon.colcon_core.package_identification:_identify(.) by extension 'python_setup_py'
[2.701s] Level 1:colcon.colcon_core.package_identification:_identify(build) by extensions ['ignore', 'ignore_ament_install']
[2.701s] Level 1:colcon.colcon_core.package_identification:_identify(build) by extension 'ignore'
[2.701s] Level 1:colcon.colcon_core.package_identification:_identify(build) ignored
[2.701s] Level 1:colcon.colcon_core.package_identification:_identify(install) by extensions ['ignore', 'ignore_ament_install']
[2.701s] Level 1:colcon.colcon_core.package_identification:_identify(install) by extension 'ignore'
[2.702s] Level 1:colcon.colcon_core.package_identification:_identify(install) ignored
[2.702s] Level 1:colcon.colcon_core.package_identification:_identify(log) by extensions ['ignore', 'ignore_ament_install']
[2.702s] Level 1:colcon.colcon_core.package_identification:_identify(log) by extension 'ignore'
[2.702s] Level 1:colcon.colcon_core.package_identification:_identify(log) ignored
[2.702s] Level 1:colcon.colcon_core.package_identification:_identify(src) by extensions ['ignore', 'ignore_ament_install']
[2.702s] Level 1:colcon.colcon_core.package_identification:_identify(src) by extension 'ignore'
[2.702s] Level 1:colcon.colcon_core.package_identification:_identify(src) by extension 'ignore_ament_install'
[2.702s] Level 1:colcon.colcon_core.package_identification:_identify(src) by extensions ['colcon_pkg']
[2.702s] Level 1:colcon.colcon_core.package_identification:_identify(src) by extension 'colcon_pkg'
[2.702s] Level 1:colcon.colcon_core.package_identification:_identify(src) by extensions ['colcon_meta']
[2.702s] Level 1:colcon.colcon_core.package_identification:_identify(src) by extension 'colcon_meta'
[2.702s] Level 1:colcon.colcon_core.package_identification:_identify(src) by extensions ['ros']
[2.702s] Level 1:colcon.colcon_core.package_identification:_identify(src) by extension 'ros'
[2.702s] Level 1:colcon.colcon_core.package_identification:_identify(src) by extensions ['cmake', 'python']
[2.702s] Level 1:colcon.colcon_core.package_identification:_identify(src) by extension 'cmake'
[2.703s] Level 1:colcon.colcon_core.package_identification:_identify(src) by extension 'python'
[2.703s] Level 1:colcon.colcon_core.package_identification:_identify(src) by extensions ['python_setup_py']
[2.703s] Level 1:colcon.colcon_core.package_identification:_identify(src) by extension 'python_setup_py'
[2.703s] Level 1:colcon.colcon_core.package_identification:_identify(src/apriltag_ros) by extensions ['ignore', 'ignore_ament_install']
[2.703s] Level 1:colcon.colcon_core.package_identification:_identify(src/apriltag_ros) by extension 'ignore'
[2.703s] Level 1:colcon.colcon_core.package_identification:_identify(src/apriltag_ros) by extension 'ignore_ament_install'
[2.703s] Level 1:colcon.colcon_core.package_identification:_identify(src/apriltag_ros) by extensions ['colcon_pkg']
[2.703s] Level 1:colcon.colcon_core.package_identification:_identify(src/apriltag_ros) by extension 'colcon_pkg'
[2.703s] Level 1:colcon.colcon_core.package_identification:_identify(src/apriltag_ros) by extensions ['colcon_meta']
[2.703s] Level 1:colcon.colcon_core.package_identification:_identify(src/apriltag_ros) by extension 'colcon_meta'
[2.703s] Level 1:colcon.colcon_core.package_identification:_identify(src/apriltag_ros) by extensions ['ros']
[2.703s] Level 1:colcon.colcon_core.package_identification:_identify(src/apriltag_ros) by extension 'ros'
[2.726s] DEBUG:colcon.colcon_core.package_identification:Package 'src/apriltag_ros' with type 'ros.ament_cmake' and name 'apriltag_ros'
[2.727s] Level 1:colcon.colcon_core.package_identification:_identify(src/custom_msgs) by extensions ['ignore', 'ignore_ament_install']
[2.727s] Level 1:colcon.colcon_core.package_identification:_identify(src/custom_msgs) by extension 'ignore'
[2.727s] Level 1:colcon.colcon_core.package_identification:_identify(src/custom_msgs) by extension 'ignore_ament_install'
[2.728s] Level 1:colcon.colcon_core.package_identification:_identify(src/custom_msgs) by extensions ['colcon_pkg']
[2.728s] Level 1:colcon.colcon_core.package_identification:_identify(src/custom_msgs) by extension 'colcon_pkg'
[2.728s] Level 1:colcon.colcon_core.package_identification:_identify(src/custom_msgs) by extensions ['colcon_meta']
[2.728s] Level 1:colcon.colcon_core.package_identification:_identify(src/custom_msgs) by extension 'colcon_meta'
[2.729s] Level 1:colcon.colcon_core.package_identification:_identify(src/custom_msgs) by extensions ['ros']
[2.729s] Level 1:colcon.colcon_core.package_identification:_identify(src/custom_msgs) by extension 'ros'
[2.731s] DEBUG:colcon.colcon_core.package_identification:Package 'src/custom_msgs' with type 'ros.ament_cmake' and name 'custom_msgs'
[2.731s] Level 1:colcon.colcon_core.package_identification:_identify(src/datos_camara) by extensions ['ignore', 'ignore_ament_install']
[2.731s] Level 1:colcon.colcon_core.package_identification:_identify(src/datos_camara) by extension 'ignore'
[2.731s] Level 1:colcon.colcon_core.package_identification:_identify(src/datos_camara) by extension 'ignore_ament_install'
[2.732s] Level 1:colcon.colcon_core.package_identification:_identify(src/datos_camara) by extensions ['colcon_pkg']
[2.732s] Level 1:colcon.colcon_core.package_identification:_identify(src/datos_camara) by extension 'colcon_pkg'
[2.732s] Level 1:colcon.colcon_core.package_identification:_identify(src/datos_camara) by extensions ['colcon_meta']
[2.732s] Level 1:colcon.colcon_core.package_identification:_identify(src/datos_camara) by extension 'colcon_meta'
[2.732s] Level 1:colcon.colcon_core.package_identification:_identify(src/datos_camara) by extensions ['ros']
[2.732s] Level 1:colcon.colcon_core.package_identification:_identify(src/datos_camara) by extension 'ros'
[2.743s] DEBUG:colcon.colcon_core.package_identification:Package 'src/datos_camara' with type 'ros.ament_cmake' and name 'datos_camara'
[2.743s] Level 1:colcon.colcon_core.package_identification:_identify(src/detection_aruco) by extensions ['ignore', 'ignore_ament_install']
[2.744s] Level 1:colcon.colcon_core.package_identification:_identify(src/detection_aruco) by extension 'ignore'
[2.744s] Level 1:colcon.colcon_core.package_identification:_identify(src/detection_aruco) by extension 'ignore_ament_install'
[2.744s] Level 1:colcon.colcon_core.package_identification:_identify(src/detection_aruco) by extensions ['colcon_pkg']
[2.744s] Level 1:colcon.colcon_core.package_identification:_identify(src/detection_aruco) by extension 'colcon_pkg'
[2.744s] Level 1:colcon.colcon_core.package_identification:_identify(src/detection_aruco) by extensions ['colcon_meta']
[2.744s] Level 1:colcon.colcon_core.package_identification:_identify(src/detection_aruco) by extension 'colcon_meta'
[2.744s] Level 1:colcon.colcon_core.package_identification:_identify(src/detection_aruco) by extensions ['ros']
[2.744s] Level 1:colcon.colcon_core.package_identification:_identify(src/detection_aruco) by extension 'ros'
[2.746s] DEBUG:colcon.colcon_core.package_identification:Package 'src/detection_aruco' with type 'ros.ament_python' and name 'detection_aruco'
[2.746s] Level 1:colcon.colcon_core.package_discovery:discover_packages(recursive) using defaults
[2.746s] Level 1:colcon.colcon_core.package_discovery:discover_packages(ignore) discover
[2.746s] Level 1:colcon.colcon_core.package_discovery:discover_packages(ignore) using defaults
[2.746s] Level 1:colcon.colcon_core.package_discovery:discover_packages(path) discover
[2.747s] Level 1:colcon.colcon_core.package_discovery:discover_packages(path) using defaults
[2.940s] INFO:colcon.colcon_core.package_selection:Skipping not selected package 'custom_msgs' in 'src/custom_msgs'
[2.940s] INFO:colcon.colcon_core.package_selection:Skipping not selected package 'datos_camara' in 'src/datos_camara'
[2.940s] INFO:colcon.colcon_core.package_selection:Skipping not selected package 'apriltag_ros' in 'src/apriltag_ros'
[2.941s] Level 1:colcon.colcon_core.package_discovery:discover_packages(prefix_path) check parameters
[2.941s] Level 1:colcon.colcon_core.package_discovery:discover_packages(prefix_path) discover
[2.945s] DEBUG:colcon.colcon_installed_package_information.package_discovery:Found 3 installed packages in /home/andrea/ros2_ws/install
[2.947s] DEBUG:colcon.colcon_installed_package_information.package_discovery:Found 299 installed packages in /opt/ros/humble
[2.949s] Level 1:colcon.colcon_core.package_discovery:discover_packages(prefix_path) using defaults
[3.034s] ERROR:colcon.colcon_core.package_augmentation:Exception in package augmentation extension 'python': 
Traceback (most recent call last):
  File "/usr/lib/python3/dist-packages/colcon_core/package_augmentation/__init__.py", line 97, in augment_packages
    retval = extension.augment_packages(
  File "/usr/lib/python3/dist-packages/colcon_installed_package_information/package_augmentation/python.py", line 44, in augment_packages
    dist = next(iter(dists))
StopIteration

[3.050s] Level 5:colcon.colcon_core.verb:set package 'detection_aruco' build argument 'cmake_args' from command line to 'None'
[3.050s] Level 5:colcon.colcon_core.verb:set package 'detection_aruco' build argument 'cmake_target' from command line to 'None'
[3.050s] Level 5:colcon.colcon_core.verb:set package 'detection_aruco' build argument 'cmake_target_skip_unavailable' from command line to 'False'
[3.050s] Level 5:colcon.colcon_core.verb:set package 'detection_aruco' build argument 'cmake_clean_cache' from command line to 'False'
[3.050s] Level 5:colcon.colcon_core.verb:set package 'detection_aruco' build argument 'cmake_clean_first' from command line to 'False'
[3.051s] Level 5:colcon.colcon_core.verb:set package 'detection_aruco' build argument 'cmake_force_configure' from command line to 'False'
[3.051s] Level 5:colcon.colcon_core.verb:set package 'detection_aruco' build argument 'ament_cmake_args' from command line to 'None'
[3.051s] Level 5:colcon.colcon_core.verb:set package 'detection_aruco' build argument 'catkin_cmake_args' from command line to 'None'
[3.051s] Level 5:colcon.colcon_core.verb:set package 'detection_aruco' build argument 'catkin_skip_building_tests' from command line to 'False'
[3.051s] DEBUG:colcon.colcon_core.verb:Building package 'detection_aruco' with the following arguments: {'ament_cmake_args': None, 'build_base': '/home/andrea/ros2_ws/build/detection_aruco', 'catkin_cmake_args': None, 'catkin_skip_building_tests': False, 'cmake_args': None, 'cmake_clean_cache': False, 'cmake_clean_first': False, 'cmake_force_configure': False, 'cmake_target': None, 'cmake_target_skip_unavailable': False, 'install_base': '/home/andrea/ros2_ws/install/detection_aruco', 'merge_install': False, 'path': '/home/andrea/ros2_ws/src/detection_aruco', 'symlink_install': False, 'test_result_base': None}
[3.052s] INFO:colcon.colcon_core.executor:Executing jobs using 'parallel' executor
[3.054s] DEBUG:colcon.colcon_parallel_executor.executor.parallel:run_until_complete
[3.055s] INFO:colcon.colcon_ros.task.ament_python.build:Building ROS package in '/home/andrea/ros2_ws/src/detection_aruco' with build type 'ament_python'
[3.055s] Level 1:colcon.colcon_core.shell:create_environment_hook('detection_aruco', 'ament_prefix_path')
[3.071s] INFO:colcon.colcon_core.plugin_system:Skipping extension 'colcon_core.shell.bat': Not used on non-Windows systems
[3.072s] INFO:colcon.colcon_core.shell:Creating environment hook '/home/andrea/ros2_ws/install/detection_aruco/share/detection_aruco/hook/ament_prefix_path.ps1'
[3.087s] INFO:colcon.colcon_core.shell:Creating environment descriptor '/home/andrea/ros2_ws/install/detection_aruco/share/detection_aruco/hook/ament_prefix_path.dsv'
[3.089s] INFO:colcon.colcon_core.shell:Creating environment hook '/home/andrea/ros2_ws/install/detection_aruco/share/detection_aruco/hook/ament_prefix_path.sh'
[3.092s] INFO:colcon.colcon_core.shell:Skip shell extension 'powershell' for command environment: Not usable outside of PowerShell
[3.092s] DEBUG:colcon.colcon_core.shell:Skip shell extension 'dsv' for command environment
[3.635s] INFO:colcon.colcon_core.task.python.build:Building Python package in '/home/andrea/ros2_ws/src/detection_aruco'
[3.635s] INFO:colcon.colcon_core.shell:Skip shell extension 'powershell' for command environment: Not usable outside of PowerShell
[3.635s] DEBUG:colcon.colcon_core.shell:Skip shell extension 'dsv' for command environment
[9.023s] DEBUG:colcon.colcon_core.event_handler.log_command:Invoking command in '/home/andrea/ros2_ws/src/detection_aruco': PYTHONPATH=/home/andrea/ros2_ws/build/detection_aruco/prefix_override:/home/andrea/ros2_ws/install/detection_aruco/lib/python3.10/site-packages:${PYTHONPATH} /usr/bin/python3 -W ignore:setup.py install is deprecated setup.py egg_info --egg-base ../../build/detection_aruco build --build-base /home/andrea/ros2_ws/build/detection_aruco/build install --record /home/andrea/ros2_ws/build/detection_aruco/install.log --single-version-externally-managed install_data
[9.692s] DEBUG:colcon.colcon_core.event_handler.log_command:Invoked command in '/home/andrea/ros2_ws/src/detection_aruco' returned '0': PYTHONPATH=/home/andrea/ros2_ws/build/detection_aruco/prefix_override:/home/andrea/ros2_ws/install/detection_aruco/lib/python3.10/site-packages:${PYTHONPATH} /usr/bin/python3 -W ignore:setup.py install is deprecated setup.py egg_info --egg-base ../../build/detection_aruco build --build-base /home/andrea/ros2_ws/build/detection_aruco/build install --record /home/andrea/ros2_ws/build/detection_aruco/install.log --single-version-externally-managed install_data
[9.733s] Level 1:colcon.colcon_core.environment:checking '/home/andrea/ros2_ws/install/detection_aruco' for CMake module files
[9.736s] Level 1:colcon.colcon_core.environment:checking '/home/andrea/ros2_ws/install/detection_aruco' for CMake config files
[9.738s] Level 1:colcon.colcon_core.environment:checking '/home/andrea/ros2_ws/install/detection_aruco/lib'
[9.739s] Level 1:colcon.colcon_core.environment:checking '/home/andrea/ros2_ws/install/detection_aruco/bin'
[9.739s] Level 1:colcon.colcon_core.environment:checking '/home/andrea/ros2_ws/install/detection_aruco/lib/pkgconfig/detection_aruco.pc'
[9.740s] Level 1:colcon.colcon_core.environment:checking '/home/andrea/ros2_ws/install/detection_aruco/lib/python3.10/site-packages'
[9.741s] Level 1:colcon.colcon_core.shell:create_environment_hook('detection_aruco', 'pythonpath')
[9.742s] INFO:colcon.colcon_core.shell:Creating environment hook '/home/andrea/ros2_ws/install/detection_aruco/share/detection_aruco/hook/pythonpath.ps1'
[9.743s] INFO:colcon.colcon_core.shell:Creating environment descriptor '/home/andrea/ros2_ws/install/detection_aruco/share/detection_aruco/hook/pythonpath.dsv'
[9.745s] INFO:colcon.colcon_core.shell:Creating environment hook '/home/andrea/ros2_ws/install/detection_aruco/share/detection_aruco/hook/pythonpath.sh'
[9.748s] Level 1:colcon.colcon_core.environment:checking '/home/andrea/ros2_ws/install/detection_aruco/bin'
[9.748s] Level 1:colcon.colcon_core.environment:create_environment_scripts_only(detection_aruco)
[9.750s] INFO:colcon.colcon_core.shell:Creating package script '/home/andrea/ros2_ws/install/detection_aruco/share/detection_aruco/package.ps1'
[9.766s] INFO:colcon.colcon_core.shell:Creating package descriptor '/home/andrea/ros2_ws/install/detection_aruco/share/detection_aruco/package.dsv'
[9.782s] INFO:colcon.colcon_core.shell:Creating package script '/home/andrea/ros2_ws/install/detection_aruco/share/detection_aruco/package.sh'
[9.785s] INFO:colcon.colcon_core.shell:Creating package script '/home/andrea/ros2_ws/install/detection_aruco/share/detection_aruco/package.bash'
[9.804s] INFO:colcon.colcon_core.shell:Creating package script '/home/andrea/ros2_ws/install/detection_aruco/share/detection_aruco/package.zsh'
[9.812s] Level 1:colcon.colcon_core.environment:create_file_with_runtime_dependencies(/home/andrea/ros2_ws/install/detection_aruco/share/colcon-core/packages/detection_aruco)
[9.813s] DEBUG:colcon.colcon_parallel_executor.executor.parallel:closing loop
[9.815s] DEBUG:colcon.colcon_parallel_executor.executor.parallel:loop closed
[9.815s] DEBUG:colcon.colcon_parallel_executor.executor.parallel:run_until_complete finished with '0'
[9.816s] DEBUG:colcon.colcon_core.event_reactor:joining thread
[9.887s] INFO:colcon.colcon_core.plugin_system:Skipping extension 'colcon_notification.desktop_notification.terminal_notifier': Not used on non-Darwin systems
[9.888s] INFO:colcon.colcon_core.plugin_system:Skipping extension 'colcon_notification.desktop_notification.win32': Not used on non-Windows systems
[9.888s] INFO:colcon.colcon_notification.desktop_notification:Sending desktop notification using 'notify2'
[9.920s] DEBUG:colcon.colcon_core.event_reactor:joined thread
[9.920s] INFO:colcon.colcon_core.shell:Creating prefix script '/home/andrea/ros2_ws/install/local_setup.ps1'
[9.922s] INFO:colcon.colcon_core.shell:Creating prefix util module '/home/andrea/ros2_ws/install/_local_setup_util_ps1.py'
[9.925s] INFO:colcon.colcon_core.shell:Creating prefix chain script '/home/andrea/ros2_ws/install/setup.ps1'
[9.928s] INFO:colcon.colcon_core.shell:Creating prefix script '/home/andrea/ros2_ws/install/local_setup.sh'
[9.937s] INFO:colcon.colcon_core.shell:Creating prefix util module '/home/andrea/ros2_ws/install/_local_setup_util_sh.py'
[9.938s] INFO:colcon.colcon_core.shell:Creating prefix chain script '/home/andrea/ros2_ws/install/setup.sh'
[9.947s] INFO:colcon.colcon_core.shell:Creating prefix script '/home/andrea/ros2_ws/install/local_setup.bash'
[9.948s] INFO:colcon.colcon_core.shell:Creating prefix chain script '/home/andrea/ros2_ws/install/setup.bash'
[9.951s] INFO:colcon.colcon_core.shell:Creating prefix script '/home/andrea/ros2_ws/install/local_setup.zsh'
[9.952s] INFO:colcon.colcon_core.shell:Creating prefix chain script '/home/andrea/ros2_ws/install/setup.zsh'
