[0.016s] Invoking command in '/home/andrea/ros2_ws/build/apriltag_ros': CMAKE_PREFIX_PATH=/home/andrea/ros2_ws/install/datos_camara:/home/andrea/ros2_ws/install/apriltag_ros:/home/andrea/ros2_ws/install/custom_msgs:/home/andrea/ros2_ws/install/detection_aruco:/opt/ros/humble LD_LIBRARY_PATH=/home/andrea/ros2_ws/install/datos_camara/lib:/home/andrea/ros2_ws/install/apriltag_ros/lib:/home/andrea/ros2_ws/install/custom_msgs/lib:/opt/ros/humble/opt/rviz_ogre_vendor/lib:/opt/ros/humble/lib/x86_64-linux-gnu:/opt/ros/humble/lib /usr/bin/cmake --build /home/andrea/ros2_ws/build/apriltag_ros -- -j4 -l4
[0.095s] [ 16%] Built target tags
[0.101s] [ 33%] Built target pose_estimation
[0.103s] [ 66%] Built target apriltag_node
[0.135s] [100%] Built target AprilTagNode
[0.150s] Invoked command in '/home/andrea/ros2_ws/build/apriltag_ros' returned '0': CMAKE_PREFIX_PATH=/home/andrea/ros2_ws/install/datos_camara:/home/andrea/ros2_ws/install/apriltag_ros:/home/andrea/ros2_ws/install/custom_msgs:/home/andrea/ros2_ws/install/detection_aruco:/opt/ros/humble LD_LIBRARY_PATH=/home/andrea/ros2_ws/install/datos_camara/lib:/home/andrea/ros2_ws/install/apriltag_ros/lib:/home/andrea/ros2_ws/install/custom_msgs/lib:/opt/ros/humble/opt/rviz_ogre_vendor/lib:/opt/ros/humble/lib/x86_64-linux-gnu:/opt/ros/humble/lib /usr/bin/cmake --build /home/andrea/ros2_ws/build/apriltag_ros -- -j4 -l4
[0.194s] Invoking command in '/home/andrea/ros2_ws/build/apriltag_ros': CMAKE_PREFIX_PATH=/home/andrea/ros2_ws/install/datos_camara:/home/andrea/ros2_ws/install/apriltag_ros:/home/andrea/ros2_ws/install/custom_msgs:/home/andrea/ros2_ws/install/detection_aruco:/opt/ros/humble LD_LIBRARY_PATH=/home/andrea/ros2_ws/install/datos_camara/lib:/home/andrea/ros2_ws/install/apriltag_ros/lib:/home/andrea/ros2_ws/install/custom_msgs/lib:/opt/ros/humble/opt/rviz_ogre_vendor/lib:/opt/ros/humble/lib/x86_64-linux-gnu:/opt/ros/humble/lib /usr/bin/cmake --install /home/andrea/ros2_ws/build/apriltag_ros
[0.203s] -- Install configuration: ""
[0.203s] -- Up-to-date: /home/andrea/ros2_ws/install/apriltag_ros/lib/apriltag_ros/apriltag_node
[0.204s] -- Up-to-date: /home/andrea/ros2_ws/install/apriltag_ros/share/apriltag_ros/environment/library_path.sh
[0.204s] -- Up-to-date: /home/andrea/ros2_ws/install/apriltag_ros/share/apriltag_ros/environment/library_path.dsv
[0.204s] -- Up-to-date: /home/andrea/ros2_ws/install/apriltag_ros/lib/libAprilTagNode.so
[0.205s] -- Up-to-date: /home/andrea/ros2_ws/install/apriltag_ros/share/apriltag_ros/cfg
[0.205s] -- Up-to-date: /home/andrea/ros2_ws/install/apriltag_ros/share/apriltag_ros/cfg/tags_36h11.yaml
[0.205s] -- Up-to-date: /home/andrea/ros2_ws/install/apriltag_ros/share/apriltag_ros/launch
[0.205s] -- Up-to-date: /home/andrea/ros2_ws/install/apriltag_ros/share/apriltag_ros/launch/v4l2_36h11.launch.yml
[0.205s] -- Up-to-date: /home/andrea/ros2_ws/install/apriltag_ros/share/ament_index/resource_index/package_run_dependencies/apriltag_ros
[0.206s] -- Up-to-date: /home/andrea/ros2_ws/install/apriltag_ros/share/ament_index/resource_index/parent_prefix_path/apriltag_ros
[0.206s] -- Up-to-date: /home/andrea/ros2_ws/install/apriltag_ros/share/apriltag_ros/environment/ament_prefix_path.sh
[0.206s] -- Up-to-date: /home/andrea/ros2_ws/install/apriltag_ros/share/apriltag_ros/environment/ament_prefix_path.dsv
[0.206s] -- Up-to-date: /home/andrea/ros2_ws/install/apriltag_ros/share/apriltag_ros/environment/path.sh
[0.206s] -- Up-to-date: /home/andrea/ros2_ws/install/apriltag_ros/share/apriltag_ros/environment/path.dsv
[0.206s] -- Up-to-date: /home/andrea/ros2_ws/install/apriltag_ros/share/apriltag_ros/local_setup.bash
[0.206s] -- Up-to-date: /home/andrea/ros2_ws/install/apriltag_ros/share/apriltag_ros/local_setup.sh
[0.207s] -- Up-to-date: /home/andrea/ros2_ws/install/apriltag_ros/share/apriltag_ros/local_setup.zsh
[0.207s] -- Up-to-date: /home/andrea/ros2_ws/install/apriltag_ros/share/apriltag_ros/local_setup.dsv
[0.207s] -- Installing: /home/andrea/ros2_ws/install/apriltag_ros/share/apriltag_ros/package.dsv
[0.207s] -- Up-to-date: /home/andrea/ros2_ws/install/apriltag_ros/share/ament_index/resource_index/packages/apriltag_ros
[0.207s] -- Up-to-date: /home/andrea/ros2_ws/install/apriltag_ros/share/ament_index/resource_index/rclcpp_components/apriltag_ros
[0.207s] -- Up-to-date: /home/andrea/ros2_ws/install/apriltag_ros/share/apriltag_ros/cmake/apriltag_rosConfig.cmake
[0.207s] -- Up-to-date: /home/andrea/ros2_ws/install/apriltag_ros/share/apriltag_ros/cmake/apriltag_rosConfig-version.cmake
[0.208s] -- Up-to-date: /home/andrea/ros2_ws/install/apriltag_ros/share/apriltag_ros/package.xml
[0.209s] Invoked command in '/home/andrea/ros2_ws/build/apriltag_ros' returned '0': CMAKE_PREFIX_PATH=/home/andrea/ros2_ws/install/datos_camara:/home/andrea/ros2_ws/install/apriltag_ros:/home/andrea/ros2_ws/install/custom_msgs:/home/andrea/ros2_ws/install/detection_aruco:/opt/ros/humble LD_LIBRARY_PATH=/home/andrea/ros2_ws/install/datos_camara/lib:/home/andrea/ros2_ws/install/apriltag_ros/lib:/home/andrea/ros2_ws/install/custom_msgs/lib:/opt/ros/humble/opt/rviz_ogre_vendor/lib:/opt/ros/humble/lib/x86_64-linux-gnu:/opt/ros/humble/lib /usr/bin/cmake --install /home/andrea/ros2_ws/build/apriltag_ros
