[0.024s] Invoking command in '/home/andre/ros2_ws/build/custom_msgs': CMAKE_PREFIX_PATH=/opt/ros/humble /usr/bin/cmake /home/andre/ros2_ws/src/custom_msgs -DCMAKE_INSTALL_PREFIX=/home/andre/ros2_ws/install/custom_msgs
[0.145s] -- The C compiler identification is GNU 11.4.0
[0.287s] -- The CXX compiler identification is GNU 11.4.0
[0.299s] -- Detecting C compiler ABI info
[0.443s] -- Detecting C compiler ABI info - done
[0.468s] -- Check for working C compiler: /usr/bin/cc - skipped
[0.468s] -- Detecting C compile features
[0.469s] -- Detecting C compile features - done
[0.474s] -- Detecting CXX compiler ABI info
[0.626s] -- Detecting CXX compiler ABI info - done
[0.650s] -- Check for working CXX compiler: /usr/bin/c++ - skipped
[0.651s] -- Detecting CXX compile features
[0.651s] -- Detecting CXX compile features - done
[0.654s] -- Found ament_cmake: 1.3.8 (/opt/ros/humble/share/ament_cmake/cmake)
[1.070s] -- Found Python3: /usr/bin/python3 (found version "3.10.12") found components: Interpreter 
[1.236s] -- Found rosidl_default_generators: 1.2.0 (/opt/ros/humble/share/rosidl_default_generators/cmake)
[1.242s] -- Using all available rosidl_typesupport_c: rosidl_typesupport_fastrtps_c;rosidl_typesupport_introspection_c
[1.255s] -- Found rosidl_adapter: 3.1.5 (/opt/ros/humble/share/rosidl_adapter/cmake)
[1.442s] -- Using all available rosidl_typesupport_cpp: rosidl_typesupport_fastrtps_cpp;rosidl_typesupport_introspection_cpp
[1.589s] -- Found geometry_msgs: 4.2.3 (/opt/ros/humble/share/geometry_msgs/cmake)
[2.243s] -- Found ament_cmake_ros: 0.10.0 (/opt/ros/humble/share/ament_cmake_ros/cmake)
[2.764s] -- Using all available rosidl_typesupport_c: rosidl_typesupport_fastrtps_c;rosidl_typesupport_introspection_c
[3.418s] -- Using all available rosidl_typesupport_cpp: rosidl_typesupport_fastrtps_cpp;rosidl_typesupport_introspection_cpp
[3.468s] -- Found PythonInterp: /usr/bin/python3 (found suitable version "3.10.12", minimum required is "3.6") 
[3.471s] -- Found python_cmake_module: 0.10.0 (/opt/ros/humble/share/python_cmake_module/cmake)
[3.542s] -- Found PythonLibs: /usr/lib/x86_64-linux-gnu/libpython3.10.so (found suitable version "3.10.12", minimum required is "3.5") 
[3.542s] -- Using PYTHON_EXECUTABLE: /usr/bin/python3
[3.544s] -- Using PYTHON_INCLUDE_DIRS: /usr/include/python3.10
[3.549s] -- Using PYTHON_LIBRARIES: /usr/lib/x86_64-linux-gnu/libpython3.10.so
[3.583s] -- Found PythonExtra: .so  
[3.703s] -- Configuring done
[3.798s] -- Generating done
[3.804s] -- Build files have been written to: /home/andre/ros2_ws/build/custom_msgs
[3.828s] Invoked command in '/home/andre/ros2_ws/build/custom_msgs' returned '0': CMAKE_PREFIX_PATH=/opt/ros/humble /usr/bin/cmake /home/andre/ros2_ws/src/custom_msgs -DCMAKE_INSTALL_PREFIX=/home/andre/ros2_ws/install/custom_msgs
[3.829s] Invoking command in '/home/andre/ros2_ws/build/custom_msgs': CMAKE_PREFIX_PATH=/opt/ros/humble /usr/bin/cmake --build /home/andre/ros2_ws/build/custom_msgs -- -j4 -l4
[3.912s] [  2%] [34m[1mGenerating C code for ROS interfaces[0m
[3.936s] [  2%] Built target ament_cmake_python_copy_custom_msgs
[3.942s] [  4%] [34m[1mGenerating C++ code for ROS interfaces[0m
[4.803s] running egg_info
[4.805s] creating custom_msgs.egg-info
[4.805s] writing custom_msgs.egg-info/PKG-INFO
[4.806s] writing dependency_links to custom_msgs.egg-info/dependency_links.txt
[4.806s] writing top-level names to custom_msgs.egg-info/top_level.txt
[4.807s] writing manifest file 'custom_msgs.egg-info/SOURCES.txt'
[4.817s] reading manifest file 'custom_msgs.egg-info/SOURCES.txt'
[4.819s] writing manifest file 'custom_msgs.egg-info/SOURCES.txt'
[4.979s] [  4%] Built target ament_cmake_python_build_custom_msgs_egg
[5.164s] [  4%] Built target custom_msgs__cpp
[5.192s] [  6%] [34m[1mGenerating C++ type support dispatch for ROS interfaces[0m
[5.250s] [  8%] [34m[1mGenerating C++ introspection for ROS interfaces[0m
[5.253s] [ 10%] [34m[1mGenerating C++ type support for eProsima Fast-RTPS[0m
[6.163s] [ 12%] [32mBuilding C object CMakeFiles/custom_msgs__rosidl_generator_c.dir/rosidl_generator_c/custom_msgs/msg/detail/plane__functions.c.o[0m
[6.326s] [ 14%] [32mBuilding CXX object CMakeFiles/custom_msgs__rosidl_typesupport_cpp.dir/rosidl_typesupport_cpp/custom_msgs/msg/plane__type_support.cpp.o[0m
[6.539s] [ 17%] [32mBuilding C object CMakeFiles/custom_msgs__rosidl_generator_c.dir/rosidl_generator_c/custom_msgs/msg/detail/plane_match__functions.c.o[0m
[6.885s] [ 19%] [32mBuilding C object CMakeFiles/custom_msgs__rosidl_generator_c.dir/rosidl_generator_c/custom_msgs/msg/detail/correspondences__functions.c.o[0m
[7.114s] [ 21%] [32m[1mLinking C shared library libcustom_msgs__rosidl_generator_c.so[0m
[7.213s] [ 23%] [32mBuilding CXX object CMakeFiles/custom_msgs__rosidl_typesupport_fastrtps_cpp.dir/rosidl_typesupport_fastrtps_cpp/custom_msgs/msg/detail/dds_fastrtps/plane__type_support.cpp.o[0m
[7.371s] [ 23%] Built target custom_msgs__rosidl_generator_c
[7.413s] [ 25%] [32mBuilding CXX object CMakeFiles/custom_msgs__rosidl_typesupport_cpp.dir/rosidl_typesupport_cpp/custom_msgs/msg/plane_match__type_support.cpp.o[0m
[7.525s] [ 27%] [32mBuilding CXX object CMakeFiles/custom_msgs__rosidl_typesupport_introspection_cpp.dir/rosidl_typesupport_introspection_cpp/custom_msgs/msg/detail/plane__type_support.cpp.o[0m
[8.536s] [ 29%] [32mBuilding CXX object CMakeFiles/custom_msgs__rosidl_typesupport_fastrtps_cpp.dir/rosidl_typesupport_fastrtps_cpp/custom_msgs/msg/detail/dds_fastrtps/plane_match__type_support.cpp.o[0m
[8.969s] [ 31%] [32mBuilding CXX object CMakeFiles/custom_msgs__rosidl_typesupport_fastrtps_cpp.dir/rosidl_typesupport_fastrtps_cpp/custom_msgs/msg/detail/dds_fastrtps/correspondences__type_support.cpp.o[0m
[9.568s] [ 34%] [32mBuilding CXX object CMakeFiles/custom_msgs__rosidl_typesupport_cpp.dir/rosidl_typesupport_cpp/custom_msgs/msg/correspondences__type_support.cpp.o[0m
[10.629s] [ 36%] [32mBuilding CXX object CMakeFiles/custom_msgs__rosidl_typesupport_introspection_cpp.dir/rosidl_typesupport_introspection_cpp/custom_msgs/msg/detail/plane_match__type_support.cpp.o[0m
[10.660s] [ 38%] [34m[1mGenerating C type support for eProsima Fast-RTPS[0m
[10.692s] [ 40%] [32m[1mLinking CXX shared library libcustom_msgs__rosidl_typesupport_cpp.so[0m
[10.925s] [ 40%] Built target custom_msgs__rosidl_typesupport_cpp
[10.950s] [ 42%] [34m[1mGenerating C introspection for ROS interfaces[0m
[11.863s] [ 44%] [32mBuilding CXX object CMakeFiles/custom_msgs__rosidl_typesupport_introspection_cpp.dir/rosidl_typesupport_introspection_cpp/custom_msgs/msg/detail/correspondences__type_support.cpp.o[0m
[11.976s] [ 46%] [32m[1mLinking CXX shared library libcustom_msgs__rosidl_typesupport_fastrtps_cpp.so[0m
[12.411s] [ 48%] [32mBuilding C object CMakeFiles/custom_msgs__rosidl_typesupport_introspection_c.dir/rosidl_typesupport_introspection_c/custom_msgs/msg/detail/plane__type_support.c.o[0m
[12.511s] [ 48%] Built target custom_msgs__rosidl_typesupport_fastrtps_cpp
[12.589s] [ 51%] [34m[1mGenerating C type support dispatch for ROS interfaces[0m
[12.599s] [ 53%] [32mBuilding C object CMakeFiles/custom_msgs__rosidl_typesupport_introspection_c.dir/rosidl_typesupport_introspection_c/custom_msgs/msg/detail/plane_match__type_support.c.o[0m
[12.653s] [ 55%] [32mBuilding CXX object CMakeFiles/custom_msgs__rosidl_typesupport_fastrtps_c.dir/rosidl_typesupport_fastrtps_c/custom_msgs/msg/detail/plane__type_support_c.cpp.o[0m
[12.758s] [ 57%] [32mBuilding C object CMakeFiles/custom_msgs__rosidl_typesupport_introspection_c.dir/rosidl_typesupport_introspection_c/custom_msgs/msg/detail/correspondences__type_support.c.o[0m
[13.050s] [ 59%] [32m[1mLinking C shared library libcustom_msgs__rosidl_typesupport_introspection_c.so[0m
[13.297s] [ 59%] Built target custom_msgs__rosidl_typesupport_introspection_c
[13.365s] [ 61%] [32mBuilding CXX object CMakeFiles/custom_msgs__rosidl_typesupport_fastrtps_c.dir/rosidl_typesupport_fastrtps_c/custom_msgs/msg/detail/plane_match__type_support_c.cpp.o[0m
[14.012s] [ 63%] [32m[1mLinking CXX shared library libcustom_msgs__rosidl_typesupport_introspection_cpp.so[0m
[14.111s] [ 65%] [32mBuilding CXX object CMakeFiles/custom_msgs__rosidl_typesupport_c.dir/rosidl_typesupport_c/custom_msgs/msg/plane__type_support.cpp.o[0m
[14.303s] [ 68%] [32mBuilding CXX object CMakeFiles/custom_msgs__rosidl_typesupport_c.dir/rosidl_typesupport_c/custom_msgs/msg/plane_match__type_support.cpp.o[0m
[14.466s] [ 68%] Built target custom_msgs__rosidl_typesupport_introspection_cpp
[14.489s] [ 70%] [32mBuilding CXX object CMakeFiles/custom_msgs__rosidl_typesupport_c.dir/rosidl_typesupport_c/custom_msgs/msg/correspondences__type_support.cpp.o[0m
[14.546s] [ 72%] [32mBuilding CXX object CMakeFiles/custom_msgs__rosidl_typesupport_fastrtps_c.dir/rosidl_typesupport_fastrtps_c/custom_msgs/msg/detail/correspondences__type_support_c.cpp.o[0m
[14.743s] [ 74%] [32m[1mLinking CXX shared library libcustom_msgs__rosidl_typesupport_c.so[0m
[15.054s] [ 74%] Built target custom_msgs__rosidl_typesupport_c
[15.696s] [ 76%] [32m[1mLinking CXX shared library libcustom_msgs__rosidl_typesupport_fastrtps_c.so[0m
[16.035s] [ 76%] Built target custom_msgs__rosidl_typesupport_fastrtps_c
[16.162s] [ 76%] Built target custom_msgs
[16.281s] [ 78%] [34m[1mGenerating Python code for ROS interfaces[0m
[17.807s] [ 78%] Built target custom_msgs__py
[17.933s] [ 80%] [32mBuilding C object CMakeFiles/custom_msgs__rosidl_generator_py.dir/rosidl_generator_py/custom_msgs/msg/_plane_s.c.o[0m
[17.942s] [ 82%] [32mBuilding C object CMakeFiles/custom_msgs__rosidl_generator_py.dir/rosidl_generator_py/custom_msgs/msg/_plane_match_s.c.o[0m
[17.942s] [ 85%] [32mBuilding C object CMakeFiles/custom_msgs__rosidl_generator_py.dir/rosidl_generator_py/custom_msgs/msg/_correspondences_s.c.o[0m
[18.623s] [ 87%] [32m[1mLinking C shared library rosidl_generator_py/custom_msgs/libcustom_msgs__rosidl_generator_py.so[0m
[18.878s] [ 87%] Built target custom_msgs__rosidl_generator_py
[19.002s] [ 89%] [32mBuilding C object CMakeFiles/custom_msgs__rosidl_typesupport_introspection_c__pyext.dir/rosidl_generator_py/custom_msgs/_custom_msgs_s.ep.rosidl_typesupport_introspection_c.c.o[0m
[19.016s] [ 91%] [32mBuilding C object CMakeFiles/custom_msgs__rosidl_typesupport_fastrtps_c__pyext.dir/rosidl_generator_py/custom_msgs/_custom_msgs_s.ep.rosidl_typesupport_fastrtps_c.c.o[0m
[19.043s] [ 93%] [32mBuilding C object CMakeFiles/custom_msgs__rosidl_typesupport_c__pyext.dir/rosidl_generator_py/custom_msgs/_custom_msgs_s.ep.rosidl_typesupport_c.c.o[0m
[19.596s] [ 95%] [32m[1mLinking C shared library rosidl_generator_py/custom_msgs/custom_msgs_s__rosidl_typesupport_fastrtps_c.cpython-310-x86_64-linux-gnu.so[0m
[19.719s] [ 97%] [32m[1mLinking C shared library rosidl_generator_py/custom_msgs/custom_msgs_s__rosidl_typesupport_c.cpython-310-x86_64-linux-gnu.so[0m
[19.767s] [ 97%] Built target custom_msgs__rosidl_typesupport_fastrtps_c__pyext
[19.780s] [100%] [32m[1mLinking C shared library rosidl_generator_py/custom_msgs/custom_msgs_s__rosidl_typesupport_introspection_c.cpython-310-x86_64-linux-gnu.so[0m
[19.995s] [100%] Built target custom_msgs__rosidl_typesupport_c__pyext
[20.041s] [100%] Built target custom_msgs__rosidl_typesupport_introspection_c__pyext
[20.122s] Invoked command in '/home/andre/ros2_ws/build/custom_msgs' returned '0': CMAKE_PREFIX_PATH=/opt/ros/humble /usr/bin/cmake --build /home/andre/ros2_ws/build/custom_msgs -- -j4 -l4
[21.027s] Invoking command in '/home/andre/ros2_ws/build/custom_msgs': CMAKE_PREFIX_PATH=/opt/ros/humble /usr/bin/cmake --install /home/andre/ros2_ws/build/custom_msgs
[21.052s] -- Install configuration: ""
[21.053s] -- Installing: /home/andre/ros2_ws/install/custom_msgs/share/ament_index/resource_index/rosidl_interfaces/custom_msgs
[21.053s] -- Installing: /home/andre/ros2_ws/install/custom_msgs/include/custom_msgs/custom_msgs
[21.053s] -- Installing: /home/andre/ros2_ws/install/custom_msgs/include/custom_msgs/custom_msgs/msg
[21.053s] -- Installing: /home/andre/ros2_ws/install/custom_msgs/include/custom_msgs/custom_msgs/msg/plane_match.h
[21.054s] -- Installing: /home/andre/ros2_ws/install/custom_msgs/include/custom_msgs/custom_msgs/msg/detail
[21.054s] -- Installing: /home/andre/ros2_ws/install/custom_msgs/include/custom_msgs/custom_msgs/msg/detail/correspondences__functions.h
[21.054s] -- Installing: /home/andre/ros2_ws/install/custom_msgs/include/custom_msgs/custom_msgs/msg/detail/plane__struct.h
[21.054s] -- Installing: /home/andre/ros2_ws/install/custom_msgs/include/custom_msgs/custom_msgs/msg/detail/plane__functions.c
[21.054s] -- Installing: /home/andre/ros2_ws/install/custom_msgs/include/custom_msgs/custom_msgs/msg/detail/plane__type_support.h
[21.055s] -- Installing: /home/andre/ros2_ws/install/custom_msgs/include/custom_msgs/custom_msgs/msg/detail/plane_match__functions.c
[21.055s] -- Installing: /home/andre/ros2_ws/install/custom_msgs/include/custom_msgs/custom_msgs/msg/detail/correspondences__type_support.h
[21.055s] -- Installing: /home/andre/ros2_ws/install/custom_msgs/include/custom_msgs/custom_msgs/msg/detail/correspondences__struct.h
[21.056s] -- Installing: /home/andre/ros2_ws/install/custom_msgs/include/custom_msgs/custom_msgs/msg/detail/correspondences__functions.c
[21.056s] -- Installing: /home/andre/ros2_ws/install/custom_msgs/include/custom_msgs/custom_msgs/msg/detail/plane__functions.h
[21.056s] -- Installing: /home/andre/ros2_ws/install/custom_msgs/include/custom_msgs/custom_msgs/msg/detail/plane_match__struct.h
[21.056s] -- Installing: /home/andre/ros2_ws/install/custom_msgs/include/custom_msgs/custom_msgs/msg/detail/plane_match__type_support.h
[21.057s] -- Installing: /home/andre/ros2_ws/install/custom_msgs/include/custom_msgs/custom_msgs/msg/detail/plane_match__functions.h
[21.057s] -- Installing: /home/andre/ros2_ws/install/custom_msgs/include/custom_msgs/custom_msgs/msg/correspondences.h
[21.057s] -- Installing: /home/andre/ros2_ws/install/custom_msgs/include/custom_msgs/custom_msgs/msg/rosidl_generator_c__visibility_control.h
[21.057s] -- Installing: /home/andre/ros2_ws/install/custom_msgs/include/custom_msgs/custom_msgs/msg/plane.h
[21.058s] -- Installing: /home/andre/ros2_ws/install/custom_msgs/share/custom_msgs/environment/library_path.sh
[21.058s] -- Installing: /home/andre/ros2_ws/install/custom_msgs/share/custom_msgs/environment/library_path.dsv
[21.059s] -- Installing: /home/andre/ros2_ws/install/custom_msgs/lib/libcustom_msgs__rosidl_generator_c.so
[21.061s] -- Set runtime path of "/home/andre/ros2_ws/install/custom_msgs/lib/libcustom_msgs__rosidl_generator_c.so" to ""
[21.062s] -- Up-to-date: /home/andre/ros2_ws/install/custom_msgs/include/custom_msgs/custom_msgs
[21.062s] -- Up-to-date: /home/andre/ros2_ws/install/custom_msgs/include/custom_msgs/custom_msgs/msg
[21.064s] -- Up-to-date: /home/andre/ros2_ws/install/custom_msgs/include/custom_msgs/custom_msgs/msg/detail
[21.064s] -- Installing: /home/andre/ros2_ws/install/custom_msgs/include/custom_msgs/custom_msgs/msg/detail/plane_match__rosidl_typesupport_fastrtps_c.h
[21.065s] -- Installing: /home/andre/ros2_ws/install/custom_msgs/include/custom_msgs/custom_msgs/msg/detail/plane__rosidl_typesupport_fastrtps_c.h
[21.065s] -- Installing: /home/andre/ros2_ws/install/custom_msgs/include/custom_msgs/custom_msgs/msg/detail/correspondences__rosidl_typesupport_fastrtps_c.h
[21.067s] -- Installing: /home/andre/ros2_ws/install/custom_msgs/include/custom_msgs/custom_msgs/msg/rosidl_typesupport_fastrtps_c__visibility_control.h
[21.068s] -- Installing: /home/andre/ros2_ws/install/custom_msgs/lib/libcustom_msgs__rosidl_typesupport_fastrtps_c.so
[21.068s] -- Set runtime path of "/home/andre/ros2_ws/install/custom_msgs/lib/libcustom_msgs__rosidl_typesupport_fastrtps_c.so" to ""
[21.068s] -- Up-to-date: /home/andre/ros2_ws/install/custom_msgs/include/custom_msgs/custom_msgs
[21.068s] -- Up-to-date: /home/andre/ros2_ws/install/custom_msgs/include/custom_msgs/custom_msgs/msg
[21.068s] -- Up-to-date: /home/andre/ros2_ws/install/custom_msgs/include/custom_msgs/custom_msgs/msg/detail
[21.069s] -- Installing: /home/andre/ros2_ws/install/custom_msgs/include/custom_msgs/custom_msgs/msg/detail/plane__rosidl_typesupport_introspection_c.h
[21.069s] -- Installing: /home/andre/ros2_ws/install/custom_msgs/include/custom_msgs/custom_msgs/msg/detail/plane_match__rosidl_typesupport_introspection_c.h
[21.069s] -- Installing: /home/andre/ros2_ws/install/custom_msgs/include/custom_msgs/custom_msgs/msg/detail/plane_match__type_support.c
[21.069s] -- Installing: /home/andre/ros2_ws/install/custom_msgs/include/custom_msgs/custom_msgs/msg/detail/correspondences__type_support.c
[21.070s] -- Installing: /home/andre/ros2_ws/install/custom_msgs/include/custom_msgs/custom_msgs/msg/detail/correspondences__rosidl_typesupport_introspection_c.h
[21.070s] -- Installing: /home/andre/ros2_ws/install/custom_msgs/include/custom_msgs/custom_msgs/msg/detail/plane__type_support.c
[21.070s] -- Installing: /home/andre/ros2_ws/install/custom_msgs/include/custom_msgs/custom_msgs/msg/rosidl_typesupport_introspection_c__visibility_control.h
[21.070s] -- Installing: /home/andre/ros2_ws/install/custom_msgs/lib/libcustom_msgs__rosidl_typesupport_introspection_c.so
[21.071s] -- Set runtime path of "/home/andre/ros2_ws/install/custom_msgs/lib/libcustom_msgs__rosidl_typesupport_introspection_c.so" to ""
[21.076s] -- Installing: /home/andre/ros2_ws/install/custom_msgs/lib/libcustom_msgs__rosidl_typesupport_c.so
[21.081s] -- Set runtime path of "/home/andre/ros2_ws/install/custom_msgs/lib/libcustom_msgs__rosidl_typesupport_c.so" to ""
[21.081s] -- Up-to-date: /home/andre/ros2_ws/install/custom_msgs/include/custom_msgs/custom_msgs
[21.082s] -- Up-to-date: /home/andre/ros2_ws/install/custom_msgs/include/custom_msgs/custom_msgs/msg
[21.082s] -- Installing: /home/andre/ros2_ws/install/custom_msgs/include/custom_msgs/custom_msgs/msg/correspondences.hpp
[21.082s] -- Up-to-date: /home/andre/ros2_ws/install/custom_msgs/include/custom_msgs/custom_msgs/msg/detail
[21.088s] -- Installing: /home/andre/ros2_ws/install/custom_msgs/include/custom_msgs/custom_msgs/msg/detail/plane_match__struct.hpp
[21.088s] -- Installing: /home/andre/ros2_ws/install/custom_msgs/include/custom_msgs/custom_msgs/msg/detail/plane_match__traits.hpp
[21.088s] -- Installing: /home/andre/ros2_ws/install/custom_msgs/include/custom_msgs/custom_msgs/msg/detail/correspondences__struct.hpp
[21.088s] -- Installing: /home/andre/ros2_ws/install/custom_msgs/include/custom_msgs/custom_msgs/msg/detail/correspondences__traits.hpp
[21.089s] -- Installing: /home/andre/ros2_ws/install/custom_msgs/include/custom_msgs/custom_msgs/msg/detail/plane__builder.hpp
[21.089s] -- Installing: /home/andre/ros2_ws/install/custom_msgs/include/custom_msgs/custom_msgs/msg/detail/correspondences__builder.hpp
[21.089s] -- Installing: /home/andre/ros2_ws/install/custom_msgs/include/custom_msgs/custom_msgs/msg/detail/plane_match__builder.hpp
[21.089s] -- Installing: /home/andre/ros2_ws/install/custom_msgs/include/custom_msgs/custom_msgs/msg/detail/plane__traits.hpp
[21.089s] -- Installing: /home/andre/ros2_ws/install/custom_msgs/include/custom_msgs/custom_msgs/msg/detail/plane__struct.hpp
[21.089s] -- Installing: /home/andre/ros2_ws/install/custom_msgs/include/custom_msgs/custom_msgs/msg/plane_match.hpp
[21.089s] -- Installing: /home/andre/ros2_ws/install/custom_msgs/include/custom_msgs/custom_msgs/msg/plane.hpp
[21.090s] -- Up-to-date: /home/andre/ros2_ws/install/custom_msgs/include/custom_msgs/custom_msgs
[21.090s] -- Up-to-date: /home/andre/ros2_ws/install/custom_msgs/include/custom_msgs/custom_msgs/msg
[21.090s] -- Up-to-date: /home/andre/ros2_ws/install/custom_msgs/include/custom_msgs/custom_msgs/msg/detail
[21.090s] -- Installing: /home/andre/ros2_ws/install/custom_msgs/include/custom_msgs/custom_msgs/msg/detail/dds_fastrtps
[21.090s] -- Installing: /home/andre/ros2_ws/install/custom_msgs/include/custom_msgs/custom_msgs/msg/detail/plane_match__rosidl_typesupport_fastrtps_cpp.hpp
[21.090s] -- Installing: /home/andre/ros2_ws/install/custom_msgs/include/custom_msgs/custom_msgs/msg/detail/plane__rosidl_typesupport_fastrtps_cpp.hpp
[21.091s] -- Installing: /home/andre/ros2_ws/install/custom_msgs/include/custom_msgs/custom_msgs/msg/detail/correspondences__rosidl_typesupport_fastrtps_cpp.hpp
[21.091s] -- Installing: /home/andre/ros2_ws/install/custom_msgs/include/custom_msgs/custom_msgs/msg/rosidl_typesupport_fastrtps_cpp__visibility_control.h
[21.091s] -- Installing: /home/andre/ros2_ws/install/custom_msgs/lib/libcustom_msgs__rosidl_typesupport_fastrtps_cpp.so
[21.091s] -- Set runtime path of "/home/andre/ros2_ws/install/custom_msgs/lib/libcustom_msgs__rosidl_typesupport_fastrtps_cpp.so" to ""
[21.091s] -- Up-to-date: /home/andre/ros2_ws/install/custom_msgs/include/custom_msgs/custom_msgs
[21.091s] -- Up-to-date: /home/andre/ros2_ws/install/custom_msgs/include/custom_msgs/custom_msgs/msg
[21.091s] -- Up-to-date: /home/andre/ros2_ws/install/custom_msgs/include/custom_msgs/custom_msgs/msg/detail
[21.092s] -- Installing: /home/andre/ros2_ws/install/custom_msgs/include/custom_msgs/custom_msgs/msg/detail/correspondences__type_support.cpp
[21.092s] -- Installing: /home/andre/ros2_ws/install/custom_msgs/include/custom_msgs/custom_msgs/msg/detail/plane__type_support.cpp
[21.092s] -- Installing: /home/andre/ros2_ws/install/custom_msgs/include/custom_msgs/custom_msgs/msg/detail/correspondences__rosidl_typesupport_introspection_cpp.hpp
[21.092s] -- Installing: /home/andre/ros2_ws/install/custom_msgs/include/custom_msgs/custom_msgs/msg/detail/plane_match__type_support.cpp
[21.092s] -- Installing: /home/andre/ros2_ws/install/custom_msgs/include/custom_msgs/custom_msgs/msg/detail/plane_match__rosidl_typesupport_introspection_cpp.hpp
[21.092s] -- Installing: /home/andre/ros2_ws/install/custom_msgs/include/custom_msgs/custom_msgs/msg/detail/plane__rosidl_typesupport_introspection_cpp.hpp
[21.093s] -- Installing: /home/andre/ros2_ws/install/custom_msgs/lib/libcustom_msgs__rosidl_typesupport_introspection_cpp.so
[21.093s] -- Set runtime path of "/home/andre/ros2_ws/install/custom_msgs/lib/libcustom_msgs__rosidl_typesupport_introspection_cpp.so" to ""
[21.093s] -- Installing: /home/andre/ros2_ws/install/custom_msgs/lib/libcustom_msgs__rosidl_typesupport_cpp.so
[21.093s] -- Set runtime path of "/home/andre/ros2_ws/install/custom_msgs/lib/libcustom_msgs__rosidl_typesupport_cpp.so" to ""
[21.093s] -- Installing: /home/andre/ros2_ws/install/custom_msgs/share/custom_msgs/environment/pythonpath.sh
[21.094s] -- Installing: /home/andre/ros2_ws/install/custom_msgs/share/custom_msgs/environment/pythonpath.dsv
[21.094s] -- Installing: /home/andre/ros2_ws/install/custom_msgs/local/lib/python3.10/dist-packages/custom_msgs-0.0.0-py3.10.egg-info
[21.103s] -- Installing: /home/andre/ros2_ws/install/custom_msgs/local/lib/python3.10/dist-packages/custom_msgs-0.0.0-py3.10.egg-info/PKG-INFO
[21.103s] -- Installing: /home/andre/ros2_ws/install/custom_msgs/local/lib/python3.10/dist-packages/custom_msgs-0.0.0-py3.10.egg-info/dependency_links.txt
[21.103s] -- Installing: /home/andre/ros2_ws/install/custom_msgs/local/lib/python3.10/dist-packages/custom_msgs-0.0.0-py3.10.egg-info/SOURCES.txt
[21.103s] -- Installing: /home/andre/ros2_ws/install/custom_msgs/local/lib/python3.10/dist-packages/custom_msgs-0.0.0-py3.10.egg-info/top_level.txt
[21.103s] -- Installing: /home/andre/ros2_ws/install/custom_msgs/local/lib/python3.10/dist-packages/custom_msgs
[21.104s] -- Installing: /home/andre/ros2_ws/install/custom_msgs/local/lib/python3.10/dist-packages/custom_msgs/_custom_msgs_s.ep.rosidl_typesupport_fastrtps_c.c
[21.104s] -- Installing: /home/andre/ros2_ws/install/custom_msgs/local/lib/python3.10/dist-packages/custom_msgs/_custom_msgs_s.ep.rosidl_typesupport_c.c
[21.104s] -- Installing: /home/andre/ros2_ws/install/custom_msgs/local/lib/python3.10/dist-packages/custom_msgs/libcustom_msgs__rosidl_generator_py.so
[21.104s] -- Installing: /home/andre/ros2_ws/install/custom_msgs/local/lib/python3.10/dist-packages/custom_msgs/custom_msgs_s__rosidl_typesupport_c.cpython-310-x86_64-linux-gnu.so
[21.104s] -- Installing: /home/andre/ros2_ws/install/custom_msgs/local/lib/python3.10/dist-packages/custom_msgs/__init__.py
[21.104s] -- Installing: /home/andre/ros2_ws/install/custom_msgs/local/lib/python3.10/dist-packages/custom_msgs/_custom_msgs_s.ep.rosidl_typesupport_introspection_c.c
[21.105s] -- Installing: /home/andre/ros2_ws/install/custom_msgs/local/lib/python3.10/dist-packages/custom_msgs/custom_msgs_s__rosidl_typesupport_fastrtps_c.cpython-310-x86_64-linux-gnu.so
[21.105s] -- Installing: /home/andre/ros2_ws/install/custom_msgs/local/lib/python3.10/dist-packages/custom_msgs/custom_msgs_s__rosidl_typesupport_introspection_c.cpython-310-x86_64-linux-gnu.so
[21.105s] -- Installing: /home/andre/ros2_ws/install/custom_msgs/local/lib/python3.10/dist-packages/custom_msgs/msg
[21.105s] -- Installing: /home/andre/ros2_ws/install/custom_msgs/local/lib/python3.10/dist-packages/custom_msgs/msg/_plane_match_s.c
[21.105s] -- Installing: /home/andre/ros2_ws/install/custom_msgs/local/lib/python3.10/dist-packages/custom_msgs/msg/_plane.py
[21.105s] -- Installing: /home/andre/ros2_ws/install/custom_msgs/local/lib/python3.10/dist-packages/custom_msgs/msg/_plane_s.c
[21.106s] -- Installing: /home/andre/ros2_ws/install/custom_msgs/local/lib/python3.10/dist-packages/custom_msgs/msg/__init__.py
[21.106s] -- Installing: /home/andre/ros2_ws/install/custom_msgs/local/lib/python3.10/dist-packages/custom_msgs/msg/_correspondences_s.c
[21.106s] -- Installing: /home/andre/ros2_ws/install/custom_msgs/local/lib/python3.10/dist-packages/custom_msgs/msg/_plane_match.py
[21.106s] -- Installing: /home/andre/ros2_ws/install/custom_msgs/local/lib/python3.10/dist-packages/custom_msgs/msg/_correspondences.py
[21.185s] Listing '/home/andre/ros2_ws/install/custom_msgs/local/lib/python3.10/dist-packages/custom_msgs'...
[21.185s] Compiling '/home/andre/ros2_ws/install/custom_msgs/local/lib/python3.10/dist-packages/custom_msgs/__init__.py'...
[21.185s] Listing '/home/andre/ros2_ws/install/custom_msgs/local/lib/python3.10/dist-packages/custom_msgs/msg'...
[21.186s] Compiling '/home/andre/ros2_ws/install/custom_msgs/local/lib/python3.10/dist-packages/custom_msgs/msg/__init__.py'...
[21.186s] Compiling '/home/andre/ros2_ws/install/custom_msgs/local/lib/python3.10/dist-packages/custom_msgs/msg/_correspondences.py'...
[21.186s] Compiling '/home/andre/ros2_ws/install/custom_msgs/local/lib/python3.10/dist-packages/custom_msgs/msg/_plane.py'...
[21.186s] Compiling '/home/andre/ros2_ws/install/custom_msgs/local/lib/python3.10/dist-packages/custom_msgs/msg/_plane_match.py'...
[21.197s] -- Installing: /home/andre/ros2_ws/install/custom_msgs/local/lib/python3.10/dist-packages/custom_msgs/custom_msgs_s__rosidl_typesupport_fastrtps_c.cpython-310-x86_64-linux-gnu.so
[21.198s] -- Set runtime path of "/home/andre/ros2_ws/install/custom_msgs/local/lib/python3.10/dist-packages/custom_msgs/custom_msgs_s__rosidl_typesupport_fastrtps_c.cpython-310-x86_64-linux-gnu.so" to ""
[21.200s] -- Installing: /home/andre/ros2_ws/install/custom_msgs/local/lib/python3.10/dist-packages/custom_msgs/custom_msgs_s__rosidl_typesupport_introspection_c.cpython-310-x86_64-linux-gnu.so
[21.201s] -- Set runtime path of "/home/andre/ros2_ws/install/custom_msgs/local/lib/python3.10/dist-packages/custom_msgs/custom_msgs_s__rosidl_typesupport_introspection_c.cpython-310-x86_64-linux-gnu.so" to ""
[21.202s] -- Installing: /home/andre/ros2_ws/install/custom_msgs/local/lib/python3.10/dist-packages/custom_msgs/custom_msgs_s__rosidl_typesupport_c.cpython-310-x86_64-linux-gnu.so
[21.203s] -- Set runtime path of "/home/andre/ros2_ws/install/custom_msgs/local/lib/python3.10/dist-packages/custom_msgs/custom_msgs_s__rosidl_typesupport_c.cpython-310-x86_64-linux-gnu.so" to ""
[21.204s] -- Installing: /home/andre/ros2_ws/install/custom_msgs/lib/libcustom_msgs__rosidl_generator_py.so
[21.205s] -- Set runtime path of "/home/andre/ros2_ws/install/custom_msgs/lib/libcustom_msgs__rosidl_generator_py.so" to ""
[21.206s] -- Installing: /home/andre/ros2_ws/install/custom_msgs/share/custom_msgs/msg/Plane.idl
[21.207s] -- Installing: /home/andre/ros2_ws/install/custom_msgs/share/custom_msgs/msg/PlaneMatch.idl
[21.208s] -- Installing: /home/andre/ros2_ws/install/custom_msgs/share/custom_msgs/msg/Correspondences.idl
[21.208s] -- Installing: /home/andre/ros2_ws/install/custom_msgs/share/custom_msgs/msg/Plane.msg
[21.209s] -- Installing: /home/andre/ros2_ws/install/custom_msgs/share/custom_msgs/msg/PlaneMatch.msg
[21.210s] -- Installing: /home/andre/ros2_ws/install/custom_msgs/share/custom_msgs/msg/Correspondences.msg
[21.211s] -- Installing: /home/andre/ros2_ws/install/custom_msgs/share/ament_index/resource_index/package_run_dependencies/custom_msgs
[21.212s] -- Installing: /home/andre/ros2_ws/install/custom_msgs/share/ament_index/resource_index/parent_prefix_path/custom_msgs
[21.213s] -- Installing: /home/andre/ros2_ws/install/custom_msgs/share/custom_msgs/environment/ament_prefix_path.sh
[21.213s] -- Installing: /home/andre/ros2_ws/install/custom_msgs/share/custom_msgs/environment/ament_prefix_path.dsv
[21.214s] -- Installing: /home/andre/ros2_ws/install/custom_msgs/share/custom_msgs/environment/path.sh
[21.214s] -- Installing: /home/andre/ros2_ws/install/custom_msgs/share/custom_msgs/environment/path.dsv
[21.214s] -- Installing: /home/andre/ros2_ws/install/custom_msgs/share/custom_msgs/local_setup.bash
[21.215s] -- Installing: /home/andre/ros2_ws/install/custom_msgs/share/custom_msgs/local_setup.sh
[21.215s] -- Installing: /home/andre/ros2_ws/install/custom_msgs/share/custom_msgs/local_setup.zsh
[21.215s] -- Installing: /home/andre/ros2_ws/install/custom_msgs/share/custom_msgs/local_setup.dsv
[21.216s] -- Installing: /home/andre/ros2_ws/install/custom_msgs/share/custom_msgs/package.dsv
[21.216s] -- Installing: /home/andre/ros2_ws/install/custom_msgs/share/ament_index/resource_index/packages/custom_msgs
[21.217s] -- Installing: /home/andre/ros2_ws/install/custom_msgs/share/custom_msgs/cmake/export_custom_msgs__rosidl_generator_cExport.cmake
[21.217s] -- Installing: /home/andre/ros2_ws/install/custom_msgs/share/custom_msgs/cmake/export_custom_msgs__rosidl_generator_cExport-noconfig.cmake
[21.217s] -- Installing: /home/andre/ros2_ws/install/custom_msgs/share/custom_msgs/cmake/export_custom_msgs__rosidl_typesupport_fastrtps_cExport.cmake
[21.218s] -- Installing: /home/andre/ros2_ws/install/custom_msgs/share/custom_msgs/cmake/export_custom_msgs__rosidl_typesupport_fastrtps_cExport-noconfig.cmake
[21.218s] -- Installing: /home/andre/ros2_ws/install/custom_msgs/share/custom_msgs/cmake/custom_msgs__rosidl_typesupport_introspection_cExport.cmake
[21.218s] -- Installing: /home/andre/ros2_ws/install/custom_msgs/share/custom_msgs/cmake/custom_msgs__rosidl_typesupport_introspection_cExport-noconfig.cmake
[21.219s] -- Installing: /home/andre/ros2_ws/install/custom_msgs/share/custom_msgs/cmake/custom_msgs__rosidl_typesupport_cExport.cmake
[21.219s] -- Installing: /home/andre/ros2_ws/install/custom_msgs/share/custom_msgs/cmake/custom_msgs__rosidl_typesupport_cExport-noconfig.cmake
[21.219s] -- Installing: /home/andre/ros2_ws/install/custom_msgs/share/custom_msgs/cmake/export_custom_msgs__rosidl_generator_cppExport.cmake
[21.220s] -- Installing: /home/andre/ros2_ws/install/custom_msgs/share/custom_msgs/cmake/export_custom_msgs__rosidl_typesupport_fastrtps_cppExport.cmake
[21.220s] -- Installing: /home/andre/ros2_ws/install/custom_msgs/share/custom_msgs/cmake/export_custom_msgs__rosidl_typesupport_fastrtps_cppExport-noconfig.cmake
[21.220s] -- Installing: /home/andre/ros2_ws/install/custom_msgs/share/custom_msgs/cmake/custom_msgs__rosidl_typesupport_introspection_cppExport.cmake
[21.221s] -- Installing: /home/andre/ros2_ws/install/custom_msgs/share/custom_msgs/cmake/custom_msgs__rosidl_typesupport_introspection_cppExport-noconfig.cmake
[21.221s] -- Installing: /home/andre/ros2_ws/install/custom_msgs/share/custom_msgs/cmake/custom_msgs__rosidl_typesupport_cppExport.cmake
[21.221s] -- Installing: /home/andre/ros2_ws/install/custom_msgs/share/custom_msgs/cmake/custom_msgs__rosidl_typesupport_cppExport-noconfig.cmake
[21.222s] -- Installing: /home/andre/ros2_ws/install/custom_msgs/share/custom_msgs/cmake/export_custom_msgs__rosidl_generator_pyExport.cmake
[21.222s] -- Installing: /home/andre/ros2_ws/install/custom_msgs/share/custom_msgs/cmake/export_custom_msgs__rosidl_generator_pyExport-noconfig.cmake
[21.223s] -- Installing: /home/andre/ros2_ws/install/custom_msgs/share/custom_msgs/cmake/rosidl_cmake-extras.cmake
[21.223s] -- Installing: /home/andre/ros2_ws/install/custom_msgs/share/custom_msgs/cmake/ament_cmake_export_dependencies-extras.cmake
[21.224s] -- Installing: /home/andre/ros2_ws/install/custom_msgs/share/custom_msgs/cmake/ament_cmake_export_include_directories-extras.cmake
[21.225s] -- Installing: /home/andre/ros2_ws/install/custom_msgs/share/custom_msgs/cmake/ament_cmake_export_libraries-extras.cmake
[21.225s] -- Installing: /home/andre/ros2_ws/install/custom_msgs/share/custom_msgs/cmake/ament_cmake_export_targets-extras.cmake
[21.226s] -- Installing: /home/andre/ros2_ws/install/custom_msgs/share/custom_msgs/cmake/rosidl_cmake_export_typesupport_targets-extras.cmake
[21.226s] -- Installing: /home/andre/ros2_ws/install/custom_msgs/share/custom_msgs/cmake/rosidl_cmake_export_typesupport_libraries-extras.cmake
[21.247s] -- Installing: /home/andre/ros2_ws/install/custom_msgs/share/custom_msgs/cmake/custom_msgsConfig.cmake
[21.247s] -- Installing: /home/andre/ros2_ws/install/custom_msgs/share/custom_msgs/cmake/custom_msgsConfig-version.cmake
[21.247s] -- Installing: /home/andre/ros2_ws/install/custom_msgs/share/custom_msgs/package.xml
[21.248s] Invoked command in '/home/andre/ros2_ws/build/custom_msgs' returned '0': CMAKE_PREFIX_PATH=/opt/ros/humble /usr/bin/cmake --install /home/andre/ros2_ws/build/custom_msgs
