[0.009s] Invoking command in '/home/andre/ros2_ws/build/pcl_example': CMAKE_PREFIX_PATH=/opt/ros/humble /usr/bin/cmake --build /home/andre/ros2_ws/build/pcl_example -- -j4 -l4
[0.211s] -- Found ament_cmake: 1.3.9 (/opt/ros/humble/share/ament_cmake/cmake)
[0.760s] -- Found rclcpp: 16.0.9 (/opt/ros/humble/share/rclcpp/cmake)
[0.945s] -- Found rosidl_generator_c: 3.1.5 (/opt/ros/humble/share/rosidl_generator_c/cmake)
[0.985s] -- Found rosidl_adapter: 3.1.5 (/opt/ros/humble/share/rosidl_adapter/cmake)
[1.048s] -- Found rosidl_generator_cpp: 3.1.5 (/opt/ros/humble/share/rosidl_generator_cpp/cmake)
[1.368s] -- Using all available rosidl_typesupport_c: rosidl_typesupport_fastrtps_c;rosidl_typesupport_introspection_c
[1.526s] -- Using all available rosidl_typesupport_cpp: rosidl_typesupport_fastrtps_cpp;rosidl_typesupport_introspection_cpp
[1.938s] -- Found rmw_implementation_cmake: 6.1.2 (/opt/ros/humble/share/rmw_implementation_cmake/cmake)
[2.002s] -- Found rmw_fastrtps_cpp: 6.2.6 (/opt/ros/humble/share/rmw_fastrtps_cpp/cmake)
[2.645s] -- Using RMW implementation 'rmw_fastrtps_cpp' as default
[3.094s] -- Found sensor_msgs: 4.2.4 (/opt/ros/humble/share/sensor_msgs/cmake)
[3.267s] -- Found pcl_conversions: 2.4.0 (/opt/ros/humble/share/pcl_conversions/cmake)
[3.484s] [31mCMake Error at CMakeLists.txt:16 (find_package):
[3.484s]   By not providing "Findpcl_ros.cmake" in CMAKE_MODULE_PATH this project has
[3.484s]   asked CMake to find a package configuration file provided by "pcl_ros", but
[3.485s]   CMake did not find one.
[3.485s] 
[3.485s]   Could not find a package configuration file provided by "pcl_ros" with any
[3.485s]   of the following names:
[3.485s] 
[3.485s]     pcl_rosConfig.cmake
[3.485s]     pcl_ros-config.cmake
[3.486s] 
[3.486s]   Add the installation prefix of "pcl_ros" to CMAKE_PREFIX_PATH or set
[3.486s]   "pcl_ros_DIR" to a directory containing one of the above files.  If
[3.486s]   "pcl_ros" provides a separate development package or SDK, be sure it has
[3.486s]   been installed.
[3.486s] 
[3.486s] [0m
[3.487s] -- Configuring incomplete, errors occurred!
[3.487s] See also "/home/andre/ros2_ws/build/pcl_example/CMakeFiles/CMakeOutput.log".
[3.499s] gmake: *** [Makefile:267: cmake_check_build_system] Error 1
