[2.096s] Invoking command in '/home/andre/ros2_ws/src/detection_aruco': CMAKE_PREFIX_PATH=/home/andre/ros2_ws/install/custom_msgs:/home/andre/ros2_ws/install/pcl_example:/home/andre/ros2_ws/install/calib_correspondences:/home/andre/ros2_ws/install/astra_camera:/home/andre/ros2_ws/install/astra_camera_msgs:/home/andre/ros2_ws/install/apriltag_ros:/home/andre/ros2_ws/install/apriltag_msgs PYTHONPATH=/home/andre/ros2_ws/build/detection_aruco/prefix_override:/usr/lib/python3/dist-packages/colcon_core/task/python/colcon_distutils_commands:/home/andre/ros2_ws/install/detection_aruco/lib/python3.10/site-packages:${PYTHONPATH} /usr/bin/python3 -W ignore:setup.py install is deprecated setup.py egg_info --egg-base ../../build/detection_aruco build --build-base /home/andre/ros2_ws/build/detection_aruco/build install --record /home/andre/ros2_ws/build/detection_aruco/install.log --single-version-externally-managed install_data
[3.005s] running egg_info
[3.007s] writing ../../build/detection_aruco/detection_aruco.egg-info/PKG-INFO
[3.010s] writing dependency_links to ../../build/detection_aruco/detection_aruco.egg-info/dependency_links.txt
[3.010s] writing entry points to ../../build/detection_aruco/detection_aruco.egg-info/entry_points.txt
[3.010s] writing requirements to ../../build/detection_aruco/detection_aruco.egg-info/requires.txt
[3.011s] writing top-level names to ../../build/detection_aruco/detection_aruco.egg-info/top_level.txt
[3.014s] reading manifest file '../../build/detection_aruco/detection_aruco.egg-info/SOURCES.txt'
[3.014s] adding license file 'LICENSE'
[3.016s] writing manifest file '../../build/detection_aruco/detection_aruco.egg-info/SOURCES.txt'
[3.017s] running build
[3.017s] running build_py
[3.017s] copying detection_aruco/detection_aruco.py -> /home/andre/ros2_ws/build/detection_aruco/build/lib/detection_aruco
[3.018s] running install
[3.023s] running install_lib
[3.025s] copying /home/andre/ros2_ws/build/detection_aruco/build/lib/detection_aruco/detection_aruco.py -> /home/andre/ros2_ws/install/detection_aruco/lib/python3.10/site-packages/detection_aruco
[3.027s] byte-compiling /home/andre/ros2_ws/install/detection_aruco/lib/python3.10/site-packages/detection_aruco/detection_aruco.py to detection_aruco.cpython-310.pyc
[3.033s] running install_data
[3.033s] running install_egg_info
[3.037s] removing '/home/andre/ros2_ws/install/detection_aruco/lib/python3.10/site-packages/detection_aruco-0.0.0-py3.10.egg-info' (and everything under it)
[3.039s] Copying ../../build/detection_aruco/detection_aruco.egg-info to /home/andre/ros2_ws/install/detection_aruco/lib/python3.10/site-packages/detection_aruco-0.0.0-py3.10.egg-info
[3.039s] running install_scripts
[3.111s] Installing obtain script to /home/andre/ros2_ws/install/detection_aruco/lib/detection_aruco
[3.111s] Installing see script to /home/andre/ros2_ws/install/detection_aruco/lib/detection_aruco
[3.113s] writing list of installed files to '/home/andre/ros2_ws/build/detection_aruco/install.log'
[3.217s] Invoked command in '/home/andre/ros2_ws/src/detection_aruco' returned '0': CMAKE_PREFIX_PATH=/home/andre/ros2_ws/install/custom_msgs:/home/andre/ros2_ws/install/pcl_example:/home/andre/ros2_ws/install/calib_correspondences:/home/andre/ros2_ws/install/astra_camera:/home/andre/ros2_ws/install/astra_camera_msgs:/home/andre/ros2_ws/install/apriltag_ros:/home/andre/ros2_ws/install/apriltag_msgs PYTHONPATH=/home/andre/ros2_ws/build/detection_aruco/prefix_override:/usr/lib/python3/dist-packages/colcon_core/task/python/colcon_distutils_commands:/home/andre/ros2_ws/install/detection_aruco/lib/python3.10/site-packages:${PYTHONPATH} /usr/bin/python3 -W ignore:setup.py install is deprecated setup.py egg_info --egg-base ../../build/detection_aruco build --build-base /home/andre/ros2_ws/build/detection_aruco/build install --record /home/andre/ros2_ws/build/detection_aruco/install.log --single-version-externally-managed install_data
