[0.014s] Invoking command in '/home/andre/ros2_ws/build/pcl_example': CMAKE_PREFIX_PATH=${CMAKE_PREFIX_PATH}:/home/andre/ros2_ws/install/detection_human_ros:/home/andre/ros2_ws/install/detection_astra_camera:/home/andre/ros2_ws/install/detection_aruco:/opt/ros/humble /usr/bin/cmake --build /home/andre/ros2_ws/build/pcl_example -- -j4 -l4
[0.053s] -- Found ament_cmake: 1.3.9 (/opt/ros/humble/share/ament_cmake/cmake)
[0.211s] -- Found rclcpp: 16.0.9 (/opt/ros/humble/share/rclcpp/cmake)
[0.278s] -- Found rosidl_generator_c: 3.1.5 (/opt/ros/humble/share/rosidl_generator_c/cmake)
[0.282s] -- Found rosidl_adapter: 3.1.5 (/opt/ros/humble/share/rosidl_adapter/cmake)
[0.290s] -- Found rosidl_generator_cpp: 3.1.5 (/opt/ros/humble/share/rosidl_generator_cpp/cmake)
[0.304s] -- Using all available rosidl_typesupport_c: rosidl_typesupport_fastrtps_c;rosidl_typesupport_introspection_c
[0.323s] -- Using all available rosidl_typesupport_cpp: rosidl_typesupport_fastrtps_cpp;rosidl_typesupport_introspection_cpp
[0.395s] -- Found rmw_implementation_cmake: 6.1.2 (/opt/ros/humble/share/rmw_implementation_cmake/cmake)
[0.397s] -- Found rmw_fastrtps_cpp: 6.2.6 (/opt/ros/humble/share/rmw_fastrtps_cpp/cmake)
[0.557s] -- Using RMW implementation 'rmw_fastrtps_cpp' as default
[0.750s] -- Found sensor_msgs: 4.2.3 (/opt/ros/humble/share/sensor_msgs/cmake)
[0.901s] -- Found pcl_conversions: 2.4.0 (/opt/ros/humble/share/pcl_conversions/cmake)
[1.059s] -- Found pcl_ros: 2.4.0 (/opt/ros/humble/share/pcl_ros/cmake)
[1.195s] -- Found eigen3_cmake_module: 0.1.1 (/opt/ros/humble/share/eigen3_cmake_module/cmake)
[1.197s] -- Ensuring Eigen3 include directory is part of orocos-kdl CMake target
[1.690s] -- Eigen found (include: /usr/include/eigen3, version: 3.4.0)
[1.730s] -- FLANN found (include: /usr/include, lib: /usr/lib/x86_64-linux-gnu/libflann_cpp.so)
[2.104s] -- OpenNI found (version: 1.5.4.0, include: /usr/include/ni, lib: /usr/lib/libOpenNI.so;libusb::libusb)
[2.112s] -- OpenNI2 found (version: 2.3.0.85, include: /home/andre/ros2_ws/install/astra_camera/include/openni2, lib: /home/andre/ros2_ws/install/astra_camera/lib/libOpenNI2.so;libusb::libusb)
[2.302s] -- Eigen found (include: /usr/include/eigen3, version: 3.4.0)
[2.311s] -- OpenNI found (version: 1.5.4.0, include: /usr/include/ni, lib: /usr/lib/libOpenNI.so;libusb::libusb)
[2.319s] -- OpenNI2 found (version: 2.3.0.85, include: /home/andre/ros2_ws/install/astra_camera/include/openni2, lib: /home/andre/ros2_ws/install/astra_camera/lib/libOpenNI2.so;libusb::libusb)
[2.494s] -- Found Qhull version 8.0.2
[2.679s] -- OpenNI found (version: 1.5.4.0, include: /usr/include/ni, lib: /usr/lib/libOpenNI.so;libusb::libusb)
[2.971s] -- Found ament_lint_auto: 0.12.11 (/opt/ros/humble/share/ament_lint_auto/cmake)
[3.072s] -- Added test 'cppcheck' to perform static code analysis on C / C++ code
[3.073s] -- Configured cppcheck include dirs: 
[3.073s] -- Configured cppcheck exclude dirs and/or files: 
[3.074s] -- Added test 'flake8' to check Python code syntax and style conventions
[3.075s] -- Added test 'lint_cmake' to check CMake code style
[3.076s] -- Added test 'pep257' to check Python code against some of the docstring style conventions in PEP 257
[3.078s] -- Added test 'uncrustify' to check C / C++ code style
[3.078s] -- Configured uncrustify additional arguments: 
[3.078s] -- Added test 'xmllint' to check XML markup files
[3.083s] -- Configuring done
[3.153s] -- Generating done
[3.159s] -- Build files have been written to: /home/andre/ros2_ws/build/pcl_example
[3.221s] [35m[1mConsolidate compiler generated dependencies of target pcl_example_node[0m
[3.291s] [100%] Built target pcl_example_node
[3.320s] Invoked command in '/home/andre/ros2_ws/build/pcl_example' returned '0': CMAKE_PREFIX_PATH=${CMAKE_PREFIX_PATH}:/home/andre/ros2_ws/install/detection_human_ros:/home/andre/ros2_ws/install/detection_astra_camera:/home/andre/ros2_ws/install/detection_aruco:/opt/ros/humble /usr/bin/cmake --build /home/andre/ros2_ws/build/pcl_example -- -j4 -l4
[3.381s] Invoking command in '/home/andre/ros2_ws/build/pcl_example': CMAKE_PREFIX_PATH=${CMAKE_PREFIX_PATH}:/home/andre/ros2_ws/install/detection_human_ros:/home/andre/ros2_ws/install/detection_astra_camera:/home/andre/ros2_ws/install/detection_aruco:/opt/ros/humble /usr/bin/cmake --install /home/andre/ros2_ws/build/pcl_example
[3.392s] -- Install configuration: ""
[3.392s] -- Up-to-date: /home/andre/ros2_ws/install/pcl_example/lib/pcl_example/pcl_example_node
[3.393s] -- Installing: /home/andre/ros2_ws/install/pcl_example/share/pcl_example/launch
[3.394s] -- Installing: /home/andre/ros2_ws/install/pcl_example/share/pcl_example/launch/pcl_example_launch.py
[3.394s] -- Installing: /home/andre/ros2_ws/install/pcl_example/share/ament_index/resource_index/package_run_dependencies/pcl_example
[3.394s] -- Installing: /home/andre/ros2_ws/install/pcl_example/share/ament_index/resource_index/parent_prefix_path/pcl_example
[3.395s] -- Up-to-date: /home/andre/ros2_ws/install/pcl_example/share/pcl_example/environment/ament_prefix_path.sh
[3.396s] -- Installing: /home/andre/ros2_ws/install/pcl_example/share/pcl_example/environment/ament_prefix_path.dsv
[3.396s] -- Up-to-date: /home/andre/ros2_ws/install/pcl_example/share/pcl_example/environment/path.sh
[3.397s] -- Installing: /home/andre/ros2_ws/install/pcl_example/share/pcl_example/environment/path.dsv
[3.398s] -- Up-to-date: /home/andre/ros2_ws/install/pcl_example/share/pcl_example/local_setup.bash
[3.398s] -- Up-to-date: /home/andre/ros2_ws/install/pcl_example/share/pcl_example/local_setup.sh
[3.398s] -- Up-to-date: /home/andre/ros2_ws/install/pcl_example/share/pcl_example/local_setup.zsh
[3.398s] -- Installing: /home/andre/ros2_ws/install/pcl_example/share/pcl_example/local_setup.dsv
[3.399s] -- Installing: /home/andre/ros2_ws/install/pcl_example/share/pcl_example/package.dsv
[3.399s] -- Up-to-date: /home/andre/ros2_ws/install/pcl_example/share/ament_index/resource_index/packages/pcl_example
[3.399s] -- Up-to-date: /home/andre/ros2_ws/install/pcl_example/share/pcl_example/cmake/pcl_exampleConfig.cmake
[3.399s] -- Up-to-date: /home/andre/ros2_ws/install/pcl_example/share/pcl_example/cmake/pcl_exampleConfig-version.cmake
[3.399s] -- Installing: /home/andre/ros2_ws/install/pcl_example/share/pcl_example/package.xml
[3.402s] Invoked command in '/home/andre/ros2_ws/build/pcl_example' returned '0': CMAKE_PREFIX_PATH=${CMAKE_PREFIX_PATH}:/home/andre/ros2_ws/install/detection_human_ros:/home/andre/ros2_ws/install/detection_astra_camera:/home/andre/ros2_ws/install/detection_aruco:/opt/ros/humble /usr/bin/cmake --install /home/andre/ros2_ws/build/pcl_example
