[0.028s] Invoking command in '/home/andre/ros2_ws/build/datos_camara': CMAKE_PREFIX_PATH=${CMAKE_PREFIX_PATH}:/home/andre/ros2_ws/install/detection_astra_camera:/home/andre/ros2_ws/install/detection_aruco:/opt/ros/humble /usr/bin/cmake --build /home/andre/ros2_ws/build/datos_camara -- -j4 -l4
[0.141s] [  3%] Built target datos_camara__cpp
[0.158s] [ 12%] Built target datos_camara__rosidl_generator_c
[0.163s] [ 12%] Built target ament_cmake_python_copy_datos_camara
[0.245s] [ 22%] Built target datos_camara__rosidl_typesupport_fastrtps_cpp
[0.313s] [ 32%] Built target datos_camara__rosidl_typesupport_cpp
[0.322s] [ 41%] Built target datos_camara__rosidl_typesupport_introspection_cpp
[0.407s] [ 51%] Built target datos_camara__rosidl_typesupport_fastrtps_c
[0.434s] [ 61%] Built target datos_camara__rosidl_typesupport_c
[0.450s] [ 70%] Built target datos_camara__rosidl_typesupport_introspection_c
[0.564s] [ 70%] Built target datos_camara
[0.682s] [ 74%] Built target datos_camara__py
[0.758s] [ 80%] Built target datos_camara__rosidl_generator_py
[0.882s] [ 87%] Built target datos_camara__rosidl_typesupport_fastrtps_c__pyext
[0.916s] running egg_info
[0.919s] [ 93%] Built target datos_camara__rosidl_typesupport_introspection_c__pyext
[0.922s] writing datos_camara.egg-info/PKG-INFO
[0.924s] writing dependency_links to datos_camara.egg-info/dependency_links.txt
[0.924s] writing top-level names to datos_camara.egg-info/top_level.txt
[0.936s] [100%] Built target datos_camara__rosidl_typesupport_c__pyext
[0.938s] reading manifest file 'datos_camara.egg-info/SOURCES.txt'
[0.939s] writing manifest file 'datos_camara.egg-info/SOURCES.txt'
[0.987s] [100%] Built target ament_cmake_python_build_datos_camara_egg
[1.006s] Invoked command in '/home/andre/ros2_ws/build/datos_camara' returned '0': CMAKE_PREFIX_PATH=${CMAKE_PREFIX_PATH}:/home/andre/ros2_ws/install/detection_astra_camera:/home/andre/ros2_ws/install/detection_aruco:/opt/ros/humble /usr/bin/cmake --build /home/andre/ros2_ws/build/datos_camara -- -j4 -l4
[1.114s] Invoking command in '/home/andre/ros2_ws/build/datos_camara': CMAKE_PREFIX_PATH=${CMAKE_PREFIX_PATH}:/home/andre/ros2_ws/install/detection_astra_camera:/home/andre/ros2_ws/install/detection_aruco:/opt/ros/humble /usr/bin/cmake --install /home/andre/ros2_ws/build/datos_camara
[1.127s] -- Install configuration: ""
[1.127s] -- Up-to-date: /home/andre/ros2_ws/install/datos_camara/share/ament_index/resource_index/rosidl_interfaces/datos_camara
[1.127s] -- Up-to-date: /home/andre/ros2_ws/install/datos_camara/include/datos_camara/datos_camara
[1.127s] -- Up-to-date: /home/andre/ros2_ws/install/datos_camara/include/datos_camara/datos_camara/msg
[1.128s] -- Up-to-date: /home/andre/ros2_ws/install/datos_camara/include/datos_camara/datos_camara/msg/detail
[1.128s] -- Up-to-date: /home/andre/ros2_ws/install/datos_camara/include/datos_camara/datos_camara/msg/detail/num__functions.h
[1.128s] -- Up-to-date: /home/andre/ros2_ws/install/datos_camara/include/datos_camara/datos_camara/msg/detail/num__struct.h
[1.129s] -- Up-to-date: /home/andre/ros2_ws/install/datos_camara/include/datos_camara/datos_camara/msg/detail/num__functions.c
[1.129s] -- Up-to-date: /home/andre/ros2_ws/install/datos_camara/include/datos_camara/datos_camara/msg/detail/num__type_support.h
[1.129s] -- Up-to-date: /home/andre/ros2_ws/install/datos_camara/include/datos_camara/datos_camara/msg/rosidl_generator_c__visibility_control.h
[1.130s] -- Up-to-date: /home/andre/ros2_ws/install/datos_camara/include/datos_camara/datos_camara/msg/num.h
[1.130s] -- Up-to-date: /home/andre/ros2_ws/install/datos_camara/share/datos_camara/environment/library_path.sh
[1.130s] -- Up-to-date: /home/andre/ros2_ws/install/datos_camara/share/datos_camara/environment/library_path.dsv
[1.130s] -- Up-to-date: /home/andre/ros2_ws/install/datos_camara/lib/libdatos_camara__rosidl_generator_c.so
[1.131s] -- Up-to-date: /home/andre/ros2_ws/install/datos_camara/include/datos_camara/datos_camara
[1.131s] -- Up-to-date: /home/andre/ros2_ws/install/datos_camara/include/datos_camara/datos_camara/msg
[1.131s] -- Up-to-date: /home/andre/ros2_ws/install/datos_camara/include/datos_camara/datos_camara/msg/detail
[1.132s] -- Up-to-date: /home/andre/ros2_ws/install/datos_camara/include/datos_camara/datos_camara/msg/detail/num__rosidl_typesupport_fastrtps_c.h
[1.132s] -- Up-to-date: /home/andre/ros2_ws/install/datos_camara/include/datos_camara/datos_camara/msg/rosidl_typesupport_fastrtps_c__visibility_control.h
[1.132s] -- Up-to-date: /home/andre/ros2_ws/install/datos_camara/lib/libdatos_camara__rosidl_typesupport_fastrtps_c.so
[1.132s] -- Up-to-date: /home/andre/ros2_ws/install/datos_camara/include/datos_camara/datos_camara
[1.133s] -- Up-to-date: /home/andre/ros2_ws/install/datos_camara/include/datos_camara/datos_camara/msg
[1.133s] -- Up-to-date: /home/andre/ros2_ws/install/datos_camara/include/datos_camara/datos_camara/msg/num.hpp
[1.133s] -- Up-to-date: /home/andre/ros2_ws/install/datos_camara/include/datos_camara/datos_camara/msg/detail
[1.135s] -- Up-to-date: /home/andre/ros2_ws/install/datos_camara/include/datos_camara/datos_camara/msg/detail/num__struct.hpp
[1.135s] -- Up-to-date: /home/andre/ros2_ws/install/datos_camara/include/datos_camara/datos_camara/msg/detail/num__traits.hpp
[1.136s] -- Up-to-date: /home/andre/ros2_ws/install/datos_camara/include/datos_camara/datos_camara/msg/detail/num__builder.hpp
[1.136s] -- Up-to-date: /home/andre/ros2_ws/install/datos_camara/include/datos_camara/datos_camara
[1.136s] -- Up-to-date: /home/andre/ros2_ws/install/datos_camara/include/datos_camara/datos_camara/msg
[1.136s] -- Up-to-date: /home/andre/ros2_ws/install/datos_camara/include/datos_camara/datos_camara/msg/detail
[1.137s] -- Up-to-date: /home/andre/ros2_ws/install/datos_camara/include/datos_camara/datos_camara/msg/detail/num__rosidl_typesupport_fastrtps_cpp.hpp
[1.137s] -- Up-to-date: /home/andre/ros2_ws/install/datos_camara/include/datos_camara/datos_camara/msg/detail/dds_fastrtps
[1.137s] -- Up-to-date: /home/andre/ros2_ws/install/datos_camara/include/datos_camara/datos_camara/msg/rosidl_typesupport_fastrtps_cpp__visibility_control.h
[1.137s] -- Up-to-date: /home/andre/ros2_ws/install/datos_camara/lib/libdatos_camara__rosidl_typesupport_fastrtps_cpp.so
[1.137s] -- Up-to-date: /home/andre/ros2_ws/install/datos_camara/include/datos_camara/datos_camara
[1.138s] -- Up-to-date: /home/andre/ros2_ws/install/datos_camara/include/datos_camara/datos_camara/msg
[1.138s] -- Up-to-date: /home/andre/ros2_ws/install/datos_camara/include/datos_camara/datos_camara/msg/detail
[1.138s] -- Up-to-date: /home/andre/ros2_ws/install/datos_camara/include/datos_camara/datos_camara/msg/detail/num__rosidl_typesupport_introspection_c.h
[1.138s] -- Up-to-date: /home/andre/ros2_ws/install/datos_camara/include/datos_camara/datos_camara/msg/detail/num__type_support.c
[1.138s] -- Up-to-date: /home/andre/ros2_ws/install/datos_camara/include/datos_camara/datos_camara/msg/rosidl_typesupport_introspection_c__visibility_control.h
[1.139s] -- Up-to-date: /home/andre/ros2_ws/install/datos_camara/lib/libdatos_camara__rosidl_typesupport_introspection_c.so
[1.139s] -- Up-to-date: /home/andre/ros2_ws/install/datos_camara/lib/libdatos_camara__rosidl_typesupport_c.so
[1.139s] -- Up-to-date: /home/andre/ros2_ws/install/datos_camara/include/datos_camara/datos_camara
[1.139s] -- Up-to-date: /home/andre/ros2_ws/install/datos_camara/include/datos_camara/datos_camara/msg
[1.139s] -- Up-to-date: /home/andre/ros2_ws/install/datos_camara/include/datos_camara/datos_camara/msg/detail
[1.140s] -- Up-to-date: /home/andre/ros2_ws/install/datos_camara/include/datos_camara/datos_camara/msg/detail/num__rosidl_typesupport_introspection_cpp.hpp
[1.140s] -- Up-to-date: /home/andre/ros2_ws/install/datos_camara/include/datos_camara/datos_camara/msg/detail/num__type_support.cpp
[1.140s] -- Up-to-date: /home/andre/ros2_ws/install/datos_camara/lib/libdatos_camara__rosidl_typesupport_introspection_cpp.so
[1.140s] -- Up-to-date: /home/andre/ros2_ws/install/datos_camara/lib/libdatos_camara__rosidl_typesupport_cpp.so
[1.140s] -- Up-to-date: /home/andre/ros2_ws/install/datos_camara/share/datos_camara/environment/pythonpath.sh
[1.141s] -- Up-to-date: /home/andre/ros2_ws/install/datos_camara/share/datos_camara/environment/pythonpath.dsv
[1.141s] -- Up-to-date: /home/andre/ros2_ws/install/datos_camara/local/lib/python3.10/dist-packages/datos_camara-0.0.0-py3.10.egg-info
[1.141s] -- Installing: /home/andre/ros2_ws/install/datos_camara/local/lib/python3.10/dist-packages/datos_camara-0.0.0-py3.10.egg-info/PKG-INFO
[1.141s] -- Installing: /home/andre/ros2_ws/install/datos_camara/local/lib/python3.10/dist-packages/datos_camara-0.0.0-py3.10.egg-info/dependency_links.txt
[1.141s] -- Installing: /home/andre/ros2_ws/install/datos_camara/local/lib/python3.10/dist-packages/datos_camara-0.0.0-py3.10.egg-info/SOURCES.txt
[1.142s] -- Installing: /home/andre/ros2_ws/install/datos_camara/local/lib/python3.10/dist-packages/datos_camara-0.0.0-py3.10.egg-info/top_level.txt
[1.142s] -- Up-to-date: /home/andre/ros2_ws/install/datos_camara/local/lib/python3.10/dist-packages/datos_camara
[1.143s] -- Up-to-date: /home/andre/ros2_ws/install/datos_camara/local/lib/python3.10/dist-packages/datos_camara/_datos_camara_s.ep.rosidl_typesupport_introspection_c.c
[1.143s] -- Up-to-date: /home/andre/ros2_ws/install/datos_camara/local/lib/python3.10/dist-packages/datos_camara/datos_camara_s__rosidl_typesupport_c.cpython-310-x86_64-linux-gnu.so
[1.143s] -- Up-to-date: /home/andre/ros2_ws/install/datos_camara/local/lib/python3.10/dist-packages/datos_camara/datos_camara_s__rosidl_typesupport_fastrtps_c.cpython-310-x86_64-linux-gnu.so
[1.143s] -- Up-to-date: /home/andre/ros2_ws/install/datos_camara/local/lib/python3.10/dist-packages/datos_camara/_datos_camara_s.ep.rosidl_typesupport_c.c
[1.143s] -- Up-to-date: /home/andre/ros2_ws/install/datos_camara/local/lib/python3.10/dist-packages/datos_camara/_datos_camara_s.ep.rosidl_typesupport_fastrtps_c.c
[1.144s] -- Up-to-date: /home/andre/ros2_ws/install/datos_camara/local/lib/python3.10/dist-packages/datos_camara/libdatos_camara__rosidl_generator_py.so
[1.144s] -- Up-to-date: /home/andre/ros2_ws/install/datos_camara/local/lib/python3.10/dist-packages/datos_camara/__init__.py
[1.144s] -- Up-to-date: /home/andre/ros2_ws/install/datos_camara/local/lib/python3.10/dist-packages/datos_camara/datos_camara_s__rosidl_typesupport_introspection_c.cpython-310-x86_64-linux-gnu.so
[1.144s] -- Up-to-date: /home/andre/ros2_ws/install/datos_camara/local/lib/python3.10/dist-packages/datos_camara/msg
[1.144s] -- Up-to-date: /home/andre/ros2_ws/install/datos_camara/local/lib/python3.10/dist-packages/datos_camara/msg/_num.py
[1.145s] -- Up-to-date: /home/andre/ros2_ws/install/datos_camara/local/lib/python3.10/dist-packages/datos_camara/msg/_num_s.c
[1.145s] -- Up-to-date: /home/andre/ros2_ws/install/datos_camara/local/lib/python3.10/dist-packages/datos_camara/msg/__init__.py
[1.200s] Listing '/home/andre/ros2_ws/install/datos_camara/local/lib/python3.10/dist-packages/datos_camara'...
[1.200s] Listing '/home/andre/ros2_ws/install/datos_camara/local/lib/python3.10/dist-packages/datos_camara/msg'...
[1.205s] -- Up-to-date: /home/andre/ros2_ws/install/datos_camara/local/lib/python3.10/dist-packages/datos_camara/datos_camara_s__rosidl_typesupport_fastrtps_c.cpython-310-x86_64-linux-gnu.so
[1.206s] -- Up-to-date: /home/andre/ros2_ws/install/datos_camara/local/lib/python3.10/dist-packages/datos_camara/datos_camara_s__rosidl_typesupport_introspection_c.cpython-310-x86_64-linux-gnu.so
[1.206s] -- Up-to-date: /home/andre/ros2_ws/install/datos_camara/local/lib/python3.10/dist-packages/datos_camara/datos_camara_s__rosidl_typesupport_c.cpython-310-x86_64-linux-gnu.so
[1.207s] -- Up-to-date: /home/andre/ros2_ws/install/datos_camara/lib/libdatos_camara__rosidl_generator_py.so
[1.207s] -- Up-to-date: /home/andre/ros2_ws/install/datos_camara/share/datos_camara/msg/Num.idl
[1.207s] -- Up-to-date: /home/andre/ros2_ws/install/datos_camara/share/datos_camara/msg/Num.msg
[1.208s] -- Up-to-date: /home/andre/ros2_ws/install/datos_camara/share/ament_index/resource_index/package_run_dependencies/datos_camara
[1.208s] -- Up-to-date: /home/andre/ros2_ws/install/datos_camara/share/ament_index/resource_index/parent_prefix_path/datos_camara
[1.208s] -- Up-to-date: /home/andre/ros2_ws/install/datos_camara/share/datos_camara/environment/ament_prefix_path.sh
[1.208s] -- Up-to-date: /home/andre/ros2_ws/install/datos_camara/share/datos_camara/environment/ament_prefix_path.dsv
[1.209s] -- Up-to-date: /home/andre/ros2_ws/install/datos_camara/share/datos_camara/environment/path.sh
[1.209s] -- Up-to-date: /home/andre/ros2_ws/install/datos_camara/share/datos_camara/environment/path.dsv
[1.209s] -- Up-to-date: /home/andre/ros2_ws/install/datos_camara/share/datos_camara/local_setup.bash
[1.209s] -- Up-to-date: /home/andre/ros2_ws/install/datos_camara/share/datos_camara/local_setup.sh
[1.210s] -- Up-to-date: /home/andre/ros2_ws/install/datos_camara/share/datos_camara/local_setup.zsh
[1.210s] -- Up-to-date: /home/andre/ros2_ws/install/datos_camara/share/datos_camara/local_setup.dsv
[1.210s] -- Installing: /home/andre/ros2_ws/install/datos_camara/share/datos_camara/package.dsv
[1.210s] -- Up-to-date: /home/andre/ros2_ws/install/datos_camara/share/ament_index/resource_index/packages/datos_camara
[1.211s] -- Up-to-date: /home/andre/ros2_ws/install/datos_camara/share/datos_camara/cmake/export_datos_camara__rosidl_generator_cExport.cmake
[1.211s] -- Up-to-date: /home/andre/ros2_ws/install/datos_camara/share/datos_camara/cmake/export_datos_camara__rosidl_generator_cExport-noconfig.cmake
[1.211s] -- Up-to-date: /home/andre/ros2_ws/install/datos_camara/share/datos_camara/cmake/export_datos_camara__rosidl_typesupport_fastrtps_cExport.cmake
[1.211s] -- Up-to-date: /home/andre/ros2_ws/install/datos_camara/share/datos_camara/cmake/export_datos_camara__rosidl_typesupport_fastrtps_cExport-noconfig.cmake
[1.212s] -- Up-to-date: /home/andre/ros2_ws/install/datos_camara/share/datos_camara/cmake/export_datos_camara__rosidl_generator_cppExport.cmake
[1.212s] -- Up-to-date: /home/andre/ros2_ws/install/datos_camara/share/datos_camara/cmake/export_datos_camara__rosidl_typesupport_fastrtps_cppExport.cmake
[1.212s] -- Up-to-date: /home/andre/ros2_ws/install/datos_camara/share/datos_camara/cmake/export_datos_camara__rosidl_typesupport_fastrtps_cppExport-noconfig.cmake
[1.212s] -- Up-to-date: /home/andre/ros2_ws/install/datos_camara/share/datos_camara/cmake/datos_camara__rosidl_typesupport_introspection_cExport.cmake
[1.213s] -- Up-to-date: /home/andre/ros2_ws/install/datos_camara/share/datos_camara/cmake/datos_camara__rosidl_typesupport_introspection_cExport-noconfig.cmake
[1.213s] -- Up-to-date: /home/andre/ros2_ws/install/datos_camara/share/datos_camara/cmake/datos_camara__rosidl_typesupport_cExport.cmake
[1.213s] -- Up-to-date: /home/andre/ros2_ws/install/datos_camara/share/datos_camara/cmake/datos_camara__rosidl_typesupport_cExport-noconfig.cmake
[1.214s] -- Up-to-date: /home/andre/ros2_ws/install/datos_camara/share/datos_camara/cmake/datos_camara__rosidl_typesupport_introspection_cppExport.cmake
[1.214s] -- Up-to-date: /home/andre/ros2_ws/install/datos_camara/share/datos_camara/cmake/datos_camara__rosidl_typesupport_introspection_cppExport-noconfig.cmake
[1.214s] -- Up-to-date: /home/andre/ros2_ws/install/datos_camara/share/datos_camara/cmake/datos_camara__rosidl_typesupport_cppExport.cmake
[1.214s] -- Up-to-date: /home/andre/ros2_ws/install/datos_camara/share/datos_camara/cmake/datos_camara__rosidl_typesupport_cppExport-noconfig.cmake
[1.215s] -- Up-to-date: /home/andre/ros2_ws/install/datos_camara/share/datos_camara/cmake/export_datos_camara__rosidl_generator_pyExport.cmake
[1.215s] -- Up-to-date: /home/andre/ros2_ws/install/datos_camara/share/datos_camara/cmake/export_datos_camara__rosidl_generator_pyExport-noconfig.cmake
[1.215s] -- Up-to-date: /home/andre/ros2_ws/install/datos_camara/share/datos_camara/cmake/rosidl_cmake-extras.cmake
[1.215s] -- Up-to-date: /home/andre/ros2_ws/install/datos_camara/share/datos_camara/cmake/ament_cmake_export_dependencies-extras.cmake
[1.215s] -- Up-to-date: /home/andre/ros2_ws/install/datos_camara/share/datos_camara/cmake/ament_cmake_export_include_directories-extras.cmake
[1.216s] -- Up-to-date: /home/andre/ros2_ws/install/datos_camara/share/datos_camara/cmake/ament_cmake_export_libraries-extras.cmake
[1.216s] -- Up-to-date: /home/andre/ros2_ws/install/datos_camara/share/datos_camara/cmake/ament_cmake_export_targets-extras.cmake
[1.216s] -- Up-to-date: /home/andre/ros2_ws/install/datos_camara/share/datos_camara/cmake/rosidl_cmake_export_typesupport_targets-extras.cmake
[1.216s] -- Up-to-date: /home/andre/ros2_ws/install/datos_camara/share/datos_camara/cmake/rosidl_cmake_export_typesupport_libraries-extras.cmake
[1.216s] -- Up-to-date: /home/andre/ros2_ws/install/datos_camara/share/datos_camara/cmake/datos_camaraConfig.cmake
[1.217s] -- Up-to-date: /home/andre/ros2_ws/install/datos_camara/share/datos_camara/cmake/datos_camaraConfig-version.cmake
[1.217s] -- Up-to-date: /home/andre/ros2_ws/install/datos_camara/share/datos_camara/package.xml
[1.220s] Invoked command in '/home/andre/ros2_ws/build/datos_camara' returned '0': CMAKE_PREFIX_PATH=${CMAKE_PREFIX_PATH}:/home/andre/ros2_ws/install/detection_astra_camera:/home/andre/ros2_ws/install/detection_aruco:/opt/ros/humble /usr/bin/cmake --install /home/andre/ros2_ws/build/datos_camara
