[0.029s] Invoking command in '/home/andre/ros2_ws/build/pcl_example': CMAKE_PREFIX_PATH=${CMAKE_PREFIX_PATH}:/home/andre/ros2_ws/install/detection_person:/home/andre/ros2_ws/install/detection_human_ros:/home/andre/ros2_ws/install/detection_astra_camera:/home/andre/ros2_ws/install/detection_aruco:/opt/ros/humble /usr/bin/cmake --build /home/andre/ros2_ws/build/pcl_example -- -j4 -l4
[0.164s] [35m[1mConsolidate compiler generated dependencies of target pcl_example_node[0m
[0.271s] [ 50%] [32mBuilding CXX object CMakeFiles/pcl_example_node.dir/src/pcl_example_node.cpp.o[0m
[26.691s] [100%] [32m[1mLinking CXX executable pcl_example_node[0m
[29.382s] [100%] Built target pcl_example_node
[29.405s] Invoked command in '/home/andre/ros2_ws/build/pcl_example' returned '0': CMAKE_PREFIX_PATH=${CMAKE_PREFIX_PATH}:/home/andre/ros2_ws/install/detection_person:/home/andre/ros2_ws/install/detection_human_ros:/home/andre/ros2_ws/install/detection_astra_camera:/home/andre/ros2_ws/install/detection_aruco:/opt/ros/humble /usr/bin/cmake --build /home/andre/ros2_ws/build/pcl_example -- -j4 -l4
[29.493s] Invoking command in '/home/andre/ros2_ws/build/pcl_example': CMAKE_PREFIX_PATH=${CMAKE_PREFIX_PATH}:/home/andre/ros2_ws/install/detection_person:/home/andre/ros2_ws/install/detection_human_ros:/home/andre/ros2_ws/install/detection_astra_camera:/home/andre/ros2_ws/install/detection_aruco:/opt/ros/humble /usr/bin/cmake --install /home/andre/ros2_ws/build/pcl_example
[29.507s] -- Install configuration: ""
[29.507s] -- Installing: /home/andre/ros2_ws/install/pcl_example/lib/pcl_example/pcl_example_node
[29.520s] -- Set runtime path of "/home/andre/ros2_ws/install/pcl_example/lib/pcl_example/pcl_example_node" to ""
[29.520s] -- Up-to-date: /home/andre/ros2_ws/install/pcl_example/share/pcl_example/launch
[29.521s] -- Up-to-date: /home/andre/ros2_ws/install/pcl_example/share/pcl_example/launch/pcl_example_launch.py
[29.521s] -- Up-to-date: /home/andre/ros2_ws/install/pcl_example/share/ament_index/resource_index/package_run_dependencies/pcl_example
[29.521s] -- Up-to-date: /home/andre/ros2_ws/install/pcl_example/share/ament_index/resource_index/parent_prefix_path/pcl_example
[29.521s] -- Up-to-date: /home/andre/ros2_ws/install/pcl_example/share/pcl_example/environment/ament_prefix_path.sh
[29.522s] -- Up-to-date: /home/andre/ros2_ws/install/pcl_example/share/pcl_example/environment/ament_prefix_path.dsv
[29.522s] -- Up-to-date: /home/andre/ros2_ws/install/pcl_example/share/pcl_example/environment/path.sh
[29.522s] -- Up-to-date: /home/andre/ros2_ws/install/pcl_example/share/pcl_example/environment/path.dsv
[29.522s] -- Up-to-date: /home/andre/ros2_ws/install/pcl_example/share/pcl_example/local_setup.bash
[29.522s] -- Up-to-date: /home/andre/ros2_ws/install/pcl_example/share/pcl_example/local_setup.sh
[29.523s] -- Up-to-date: /home/andre/ros2_ws/install/pcl_example/share/pcl_example/local_setup.zsh
[29.523s] -- Up-to-date: /home/andre/ros2_ws/install/pcl_example/share/pcl_example/local_setup.dsv
[29.523s] -- Installing: /home/andre/ros2_ws/install/pcl_example/share/pcl_example/package.dsv
[29.523s] -- Up-to-date: /home/andre/ros2_ws/install/pcl_example/share/ament_index/resource_index/packages/pcl_example
[29.523s] -- Up-to-date: /home/andre/ros2_ws/install/pcl_example/share/pcl_example/cmake/pcl_exampleConfig.cmake
[29.523s] -- Up-to-date: /home/andre/ros2_ws/install/pcl_example/share/pcl_example/cmake/pcl_exampleConfig-version.cmake
[29.523s] -- Up-to-date: /home/andre/ros2_ws/install/pcl_example/share/pcl_example/package.xml
[29.530s] Invoked command in '/home/andre/ros2_ws/build/pcl_example' returned '0': CMAKE_PREFIX_PATH=${CMAKE_PREFIX_PATH}:/home/andre/ros2_ws/install/detection_person:/home/andre/ros2_ws/install/detection_human_ros:/home/andre/ros2_ws/install/detection_astra_camera:/home/andre/ros2_ws/install/detection_aruco:/opt/ros/humble /usr/bin/cmake --install /home/andre/ros2_ws/build/pcl_example
