[1.063s] Invoking command in '/home/andrea/ros2_ws/src/detection_aruco': PYTHONPATH=/home/andrea/ros2_ws/build/detection_aruco/prefix_override:/home/andrea/ros2_ws/install/detection_aruco/lib/python3.10/site-packages:${PYTHONPATH} /usr/bin/python3 -W ignore:setup.py install is deprecated setup.py egg_info --egg-base ../../build/detection_aruco build --build-base /home/andrea/ros2_ws/build/detection_aruco/build install --record /home/andrea/ros2_ws/build/detection_aruco/install.log --single-version-externally-managed install_data
[1.395s] running egg_info
[1.415s] writing ../../build/detection_aruco/detection_aruco.egg-info/PKG-INFO
[1.416s] writing dependency_links to ../../build/detection_aruco/detection_aruco.egg-info/dependency_links.txt
[1.416s] writing entry points to ../../build/detection_aruco/detection_aruco.egg-info/entry_points.txt
[1.416s] writing requirements to ../../build/detection_aruco/detection_aruco.egg-info/requires.txt
[1.417s] writing top-level names to ../../build/detection_aruco/detection_aruco.egg-info/top_level.txt
[1.464s] reading manifest file '../../build/detection_aruco/detection_aruco.egg-info/SOURCES.txt'
[1.465s] adding license file 'LICENSE'
[1.466s] writing manifest file '../../build/detection_aruco/detection_aruco.egg-info/SOURCES.txt'
[1.467s] running build
[1.467s] running build_py
[1.467s] copying detection_aruco/detection_aruco.py -> /home/andrea/ros2_ws/build/detection_aruco/build/lib/detection_aruco
[1.467s] copying detection_aruco/obtener_imagen.py -> /home/andrea/ros2_ws/build/detection_aruco/build/lib/detection_aruco
[1.467s] copying detection_aruco/__init__.py -> /home/andrea/ros2_ws/build/detection_aruco/build/lib/detection_aruco
[1.468s] running install
[1.476s] running install_lib
[1.496s] copying /home/andrea/ros2_ws/build/detection_aruco/build/lib/detection_aruco/detection_aruco.py -> /home/andrea/ros2_ws/install/detection_aruco/lib/python3.10/site-packages/detection_aruco
[1.497s] byte-compiling /home/andrea/ros2_ws/install/detection_aruco/lib/python3.10/site-packages/detection_aruco/detection_aruco.py to detection_aruco.cpython-310.pyc
[1.500s] running install_data
[1.500s] copying resource/detection_aruco -> /home/andrea/ros2_ws/install/detection_aruco/share/ament_index/resource_index/packages
[1.500s] copying package.xml -> /home/andrea/ros2_ws/install/detection_aruco/share/detection_aruco
[1.500s] running install_egg_info
[1.524s] removing '/home/andrea/ros2_ws/install/detection_aruco/lib/python3.10/site-packages/detection_aruco-0.0.0-py3.10.egg-info' (and everything under it)
[1.525s] Copying ../../build/detection_aruco/detection_aruco.egg-info to /home/andrea/ros2_ws/install/detection_aruco/lib/python3.10/site-packages/detection_aruco-0.0.0-py3.10.egg-info
[1.526s] running install_scripts
[1.717s] Installing obtain script to /home/andrea/ros2_ws/install/detection_aruco/lib/detection_aruco
[1.717s] Installing see script to /home/andrea/ros2_ws/install/detection_aruco/lib/detection_aruco
[1.718s] writing list of installed files to '/home/andrea/ros2_ws/build/detection_aruco/install.log'
[1.764s] Invoked command in '/home/andrea/ros2_ws/src/detection_aruco' returned '0': PYTHONPATH=/home/andrea/ros2_ws/build/detection_aruco/prefix_override:/home/andrea/ros2_ws/install/detection_aruco/lib/python3.10/site-packages:${PYTHONPATH} /usr/bin/python3 -W ignore:setup.py install is deprecated setup.py egg_info --egg-base ../../build/detection_aruco build --build-base /home/andrea/ros2_ws/build/detection_aruco/build install --record /home/andrea/ros2_ws/build/detection_aruco/install.log --single-version-externally-managed install_data
