[2.428s] Invoking command in '/home/andre/ros2_ws/src/detection_person': CMAKE_PREFIX_PATH=/home/andre/ros2_ws/install/custom_msgs:/home/andre/ros2_ws/install/pcl_example:/home/andre/ros2_ws/install/calib_correspondences:/home/andre/ros2_ws/install/astra_camera:/home/andre/ros2_ws/install/astra_camera_msgs:/home/andre/ros2_ws/install/apriltag_ros:/home/andre/ros2_ws/install/apriltag_msgs PYTHONPATH=/home/andre/ros2_ws/build/detection_person/prefix_override:/usr/lib/python3/dist-packages/colcon_core/task/python/colcon_distutils_commands:/home/andre/ros2_ws/install/detection_person/lib/python3.10/site-packages:${PYTHONPATH} /usr/bin/python3 -W ignore:setup.py install is deprecated setup.py egg_info --egg-base ../../build/detection_person build --build-base /home/andre/ros2_ws/build/detection_person/build install --record /home/andre/ros2_ws/build/detection_person/install.log --single-version-externally-managed install_data
[3.402s] running egg_info
[3.406s] writing ../../build/detection_person/detection_person.egg-info/PKG-INFO
[3.406s] writing dependency_links to ../../build/detection_person/detection_person.egg-info/dependency_links.txt
[3.407s] writing entry points to ../../build/detection_person/detection_person.egg-info/entry_points.txt
[3.407s] writing requirements to ../../build/detection_person/detection_person.egg-info/requires.txt
[3.408s] writing top-level names to ../../build/detection_person/detection_person.egg-info/top_level.txt
[3.416s] reading manifest file '../../build/detection_person/detection_person.egg-info/SOURCES.txt'
[3.427s] adding license file 'LICENSE'
[3.428s] writing manifest file '../../build/detection_person/detection_person.egg-info/SOURCES.txt'
[3.428s] running build
[3.429s] running build_py
[3.430s] copying detection_person/detection_person.py -> /home/andre/ros2_ws/build/detection_person/build/lib/detection_person
[3.451s] running install
[3.459s] running install_lib
[3.461s] copying /home/andre/ros2_ws/build/detection_person/build/lib/detection_person/detection_person.py -> /home/andre/ros2_ws/install/detection_person/lib/python3.10/site-packages/detection_person
[3.480s] byte-compiling /home/andre/ros2_ws/install/detection_person/lib/python3.10/site-packages/detection_person/detection_person.py to detection_person.cpython-310.pyc
[3.536s] running install_data
[3.539s] running install_egg_info
[3.546s] removing '/home/andre/ros2_ws/install/detection_person/lib/python3.10/site-packages/detection_person-0.0.0-py3.10.egg-info' (and everything under it)
[3.651s] Copying ../../build/detection_person/detection_person.egg-info to /home/andre/ros2_ws/install/detection_person/lib/python3.10/site-packages/detection_person-0.0.0-py3.10.egg-info
[3.678s] running install_scripts
[3.769s] Installing obtain_person script to /home/andre/ros2_ws/install/detection_person/lib/detection_person
[3.769s] writing list of installed files to '/home/andre/ros2_ws/build/detection_person/install.log'
[3.856s] Invoked command in '/home/andre/ros2_ws/src/detection_person' returned '0': CMAKE_PREFIX_PATH=/home/andre/ros2_ws/install/custom_msgs:/home/andre/ros2_ws/install/pcl_example:/home/andre/ros2_ws/install/calib_correspondences:/home/andre/ros2_ws/install/astra_camera:/home/andre/ros2_ws/install/astra_camera_msgs:/home/andre/ros2_ws/install/apriltag_ros:/home/andre/ros2_ws/install/apriltag_msgs PYTHONPATH=/home/andre/ros2_ws/build/detection_person/prefix_override:/usr/lib/python3/dist-packages/colcon_core/task/python/colcon_distutils_commands:/home/andre/ros2_ws/install/detection_person/lib/python3.10/site-packages:${PYTHONPATH} /usr/bin/python3 -W ignore:setup.py install is deprecated setup.py egg_info --egg-base ../../build/detection_person build --build-base /home/andre/ros2_ws/build/detection_person/build install --record /home/andre/ros2_ws/build/detection_person/install.log --single-version-externally-managed install_data
