[0.075s] Invoking command in '/home/andre/ros2_ws/build/datos_camara': CMAKE_PREFIX_PATH=${CMAKE_PREFIX_PATH}:/home/andre/ros2_ws/install/detection_astra_camera:/home/andre/ros2_ws/install/detection_aruco:/opt/ros/humble /usr/bin/cmake --build /home/andre/ros2_ws/build/datos_camara -- -j4 -l4
[0.320s] [  3%] Built target datos_camara__cpp
[0.348s] [ 12%] Built target datos_camara__rosidl_generator_c
[0.461s] [ 22%] Built target datos_camara__rosidl_typesupport_cpp
[0.558s] [ 32%] Built target datos_camara__rosidl_typesupport_introspection_c
[0.598s] [ 41%] Built target datos_camara__rosidl_typesupport_fastrtps_cpp
[0.634s] [ 41%] Built target ament_cmake_python_copy_datos_camara
[0.666s] [ 51%] Built target datos_camara__rosidl_typesupport_c
[0.753s] [ 61%] Built target datos_camara__rosidl_typesupport_introspection_cpp
[0.782s] [ 70%] Built target datos_camara__rosidl_typesupport_fastrtps_c
[1.017s] [ 70%] Built target datos_camara
[1.860s] running egg_info
[1.861s] writing datos_camara.egg-info/PKG-INFO
[1.862s] writing dependency_links to datos_camara.egg-info/dependency_links.txt
[1.863s] writing top-level names to datos_camara.egg-info/top_level.txt
[1.865s] reading manifest file 'datos_camara.egg-info/SOURCES.txt'
[1.869s] writing manifest file 'datos_camara.egg-info/SOURCES.txt'
[1.957s] [ 70%] Built target ament_cmake_python_build_datos_camara_egg
[2.035s] [ 74%] Built target datos_camara__py
[2.108s] [ 80%] Built target datos_camara__rosidl_generator_py
[2.190s] [ 87%] Built target datos_camara__rosidl_typesupport_fastrtps_c__pyext
[2.258s] [ 93%] Built target datos_camara__rosidl_typesupport_c__pyext
[2.323s] [100%] Built target datos_camara__rosidl_typesupport_introspection_c__pyext
[2.350s] Invoked command in '/home/andre/ros2_ws/build/datos_camara' returned '0': CMAKE_PREFIX_PATH=${CMAKE_PREFIX_PATH}:/home/andre/ros2_ws/install/detection_astra_camera:/home/andre/ros2_ws/install/detection_aruco:/opt/ros/humble /usr/bin/cmake --build /home/andre/ros2_ws/build/datos_camara -- -j4 -l4
[2.738s] Invoking command in '/home/andre/ros2_ws/build/datos_camara': CMAKE_PREFIX_PATH=${CMAKE_PREFIX_PATH}:/home/andre/ros2_ws/install/detection_astra_camera:/home/andre/ros2_ws/install/detection_aruco:/opt/ros/humble /usr/bin/cmake --install /home/andre/ros2_ws/build/datos_camara
[2.755s] -- Install configuration: ""
[2.756s] -- Up-to-date: /home/andre/ros2_ws/install/datos_camara/share/ament_index/resource_index/rosidl_interfaces/datos_camara
[2.756s] -- Up-to-date: /home/andre/ros2_ws/install/datos_camara/include/datos_camara/datos_camara
[2.756s] -- Up-to-date: /home/andre/ros2_ws/install/datos_camara/include/datos_camara/datos_camara/msg
[2.756s] -- Up-to-date: /home/andre/ros2_ws/install/datos_camara/include/datos_camara/datos_camara/msg/detail
[2.756s] -- Up-to-date: /home/andre/ros2_ws/install/datos_camara/include/datos_camara/datos_camara/msg/detail/num__functions.h
[2.758s] -- Up-to-date: /home/andre/ros2_ws/install/datos_camara/include/datos_camara/datos_camara/msg/detail/num__struct.h
[2.758s] -- Up-to-date: /home/andre/ros2_ws/install/datos_camara/include/datos_camara/datos_camara/msg/detail/num__functions.c
[2.759s] -- Up-to-date: /home/andre/ros2_ws/install/datos_camara/include/datos_camara/datos_camara/msg/detail/num__type_support.h
[2.759s] -- Up-to-date: /home/andre/ros2_ws/install/datos_camara/include/datos_camara/datos_camara/msg/rosidl_generator_c__visibility_control.h
[2.759s] -- Up-to-date: /home/andre/ros2_ws/install/datos_camara/include/datos_camara/datos_camara/msg/num.h
[2.759s] -- Up-to-date: /home/andre/ros2_ws/install/datos_camara/share/datos_camara/environment/library_path.sh
[2.759s] -- Up-to-date: /home/andre/ros2_ws/install/datos_camara/share/datos_camara/environment/library_path.dsv
[2.760s] -- Up-to-date: /home/andre/ros2_ws/install/datos_camara/lib/libdatos_camara__rosidl_generator_c.so
[2.760s] -- Up-to-date: /home/andre/ros2_ws/install/datos_camara/include/datos_camara/datos_camara
[2.760s] -- Up-to-date: /home/andre/ros2_ws/install/datos_camara/include/datos_camara/datos_camara/msg
[2.760s] -- Up-to-date: /home/andre/ros2_ws/install/datos_camara/include/datos_camara/datos_camara/msg/detail
[2.760s] -- Up-to-date: /home/andre/ros2_ws/install/datos_camara/include/datos_camara/datos_camara/msg/detail/num__rosidl_typesupport_fastrtps_c.h
[2.761s] -- Up-to-date: /home/andre/ros2_ws/install/datos_camara/include/datos_camara/datos_camara/msg/rosidl_typesupport_fastrtps_c__visibility_control.h
[2.761s] -- Up-to-date: /home/andre/ros2_ws/install/datos_camara/lib/libdatos_camara__rosidl_typesupport_fastrtps_c.so
[2.766s] -- Up-to-date: /home/andre/ros2_ws/install/datos_camara/include/datos_camara/datos_camara
[2.766s] -- Up-to-date: /home/andre/ros2_ws/install/datos_camara/include/datos_camara/datos_camara/msg
[2.766s] -- Up-to-date: /home/andre/ros2_ws/install/datos_camara/include/datos_camara/datos_camara/msg/num.hpp
[2.766s] -- Up-to-date: /home/andre/ros2_ws/install/datos_camara/include/datos_camara/datos_camara/msg/detail
[2.766s] -- Up-to-date: /home/andre/ros2_ws/install/datos_camara/include/datos_camara/datos_camara/msg/detail/num__struct.hpp
[2.767s] -- Up-to-date: /home/andre/ros2_ws/install/datos_camara/include/datos_camara/datos_camara/msg/detail/num__traits.hpp
[2.767s] -- Up-to-date: /home/andre/ros2_ws/install/datos_camara/include/datos_camara/datos_camara/msg/detail/num__builder.hpp
[2.771s] -- Up-to-date: /home/andre/ros2_ws/install/datos_camara/include/datos_camara/datos_camara
[2.771s] -- Up-to-date: /home/andre/ros2_ws/install/datos_camara/include/datos_camara/datos_camara/msg
[2.771s] -- Up-to-date: /home/andre/ros2_ws/install/datos_camara/include/datos_camara/datos_camara/msg/detail
[2.771s] -- Up-to-date: /home/andre/ros2_ws/install/datos_camara/include/datos_camara/datos_camara/msg/detail/num__rosidl_typesupport_fastrtps_cpp.hpp
[2.785s] -- Up-to-date: /home/andre/ros2_ws/install/datos_camara/include/datos_camara/datos_camara/msg/detail/dds_fastrtps
[2.785s] -- Up-to-date: /home/andre/ros2_ws/install/datos_camara/include/datos_camara/datos_camara/msg/rosidl_typesupport_fastrtps_cpp__visibility_control.h
[2.785s] -- Up-to-date: /home/andre/ros2_ws/install/datos_camara/lib/libdatos_camara__rosidl_typesupport_fastrtps_cpp.so
[2.786s] -- Up-to-date: /home/andre/ros2_ws/install/datos_camara/include/datos_camara/datos_camara
[2.786s] -- Up-to-date: /home/andre/ros2_ws/install/datos_camara/include/datos_camara/datos_camara/msg
[2.787s] -- Up-to-date: /home/andre/ros2_ws/install/datos_camara/include/datos_camara/datos_camara/msg/detail
[2.787s] -- Up-to-date: /home/andre/ros2_ws/install/datos_camara/include/datos_camara/datos_camara/msg/detail/num__rosidl_typesupport_introspection_c.h
[2.787s] -- Up-to-date: /home/andre/ros2_ws/install/datos_camara/include/datos_camara/datos_camara/msg/detail/num__type_support.c
[2.787s] -- Up-to-date: /home/andre/ros2_ws/install/datos_camara/include/datos_camara/datos_camara/msg/rosidl_typesupport_introspection_c__visibility_control.h
[2.787s] -- Up-to-date: /home/andre/ros2_ws/install/datos_camara/lib/libdatos_camara__rosidl_typesupport_introspection_c.so
[2.787s] -- Up-to-date: /home/andre/ros2_ws/install/datos_camara/lib/libdatos_camara__rosidl_typesupport_c.so
[2.787s] -- Up-to-date: /home/andre/ros2_ws/install/datos_camara/include/datos_camara/datos_camara
[2.788s] -- Up-to-date: /home/andre/ros2_ws/install/datos_camara/include/datos_camara/datos_camara/msg
[2.788s] -- Up-to-date: /home/andre/ros2_ws/install/datos_camara/include/datos_camara/datos_camara/msg/detail
[2.788s] -- Up-to-date: /home/andre/ros2_ws/install/datos_camara/include/datos_camara/datos_camara/msg/detail/num__rosidl_typesupport_introspection_cpp.hpp
[2.788s] -- Up-to-date: /home/andre/ros2_ws/install/datos_camara/include/datos_camara/datos_camara/msg/detail/num__type_support.cpp
[2.788s] -- Up-to-date: /home/andre/ros2_ws/install/datos_camara/lib/libdatos_camara__rosidl_typesupport_introspection_cpp.so
[2.788s] -- Up-to-date: /home/andre/ros2_ws/install/datos_camara/lib/libdatos_camara__rosidl_typesupport_cpp.so
[2.788s] -- Up-to-date: /home/andre/ros2_ws/install/datos_camara/share/datos_camara/environment/pythonpath.sh
[2.789s] -- Up-to-date: /home/andre/ros2_ws/install/datos_camara/share/datos_camara/environment/pythonpath.dsv
[2.789s] -- Up-to-date: /home/andre/ros2_ws/install/datos_camara/local/lib/python3.10/dist-packages/datos_camara-0.0.0-py3.10.egg-info
[2.789s] -- Installing: /home/andre/ros2_ws/install/datos_camara/local/lib/python3.10/dist-packages/datos_camara-0.0.0-py3.10.egg-info/PKG-INFO
[2.789s] -- Installing: /home/andre/ros2_ws/install/datos_camara/local/lib/python3.10/dist-packages/datos_camara-0.0.0-py3.10.egg-info/dependency_links.txt
[2.789s] -- Installing: /home/andre/ros2_ws/install/datos_camara/local/lib/python3.10/dist-packages/datos_camara-0.0.0-py3.10.egg-info/SOURCES.txt
[2.789s] -- Installing: /home/andre/ros2_ws/install/datos_camara/local/lib/python3.10/dist-packages/datos_camara-0.0.0-py3.10.egg-info/top_level.txt
[2.789s] -- Up-to-date: /home/andre/ros2_ws/install/datos_camara/local/lib/python3.10/dist-packages/datos_camara
[2.790s] -- Up-to-date: /home/andre/ros2_ws/install/datos_camara/local/lib/python3.10/dist-packages/datos_camara/_datos_camara_s.ep.rosidl_typesupport_introspection_c.c
[2.790s] -- Up-to-date: /home/andre/ros2_ws/install/datos_camara/local/lib/python3.10/dist-packages/datos_camara/datos_camara_s__rosidl_typesupport_c.cpython-310-x86_64-linux-gnu.so
[2.795s] -- Up-to-date: /home/andre/ros2_ws/install/datos_camara/local/lib/python3.10/dist-packages/datos_camara/datos_camara_s__rosidl_typesupport_fastrtps_c.cpython-310-x86_64-linux-gnu.so
[2.796s] -- Up-to-date: /home/andre/ros2_ws/install/datos_camara/local/lib/python3.10/dist-packages/datos_camara/_datos_camara_s.ep.rosidl_typesupport_c.c
[2.796s] -- Up-to-date: /home/andre/ros2_ws/install/datos_camara/local/lib/python3.10/dist-packages/datos_camara/_datos_camara_s.ep.rosidl_typesupport_fastrtps_c.c
[2.796s] -- Up-to-date: /home/andre/ros2_ws/install/datos_camara/local/lib/python3.10/dist-packages/datos_camara/libdatos_camara__rosidl_generator_py.so
[2.805s] -- Up-to-date: /home/andre/ros2_ws/install/datos_camara/local/lib/python3.10/dist-packages/datos_camara/__init__.py
[2.805s] -- Up-to-date: /home/andre/ros2_ws/install/datos_camara/local/lib/python3.10/dist-packages/datos_camara/datos_camara_s__rosidl_typesupport_introspection_c.cpython-310-x86_64-linux-gnu.so
[2.805s] -- Up-to-date: /home/andre/ros2_ws/install/datos_camara/local/lib/python3.10/dist-packages/datos_camara/msg
[2.805s] -- Up-to-date: /home/andre/ros2_ws/install/datos_camara/local/lib/python3.10/dist-packages/datos_camara/msg/_num.py
[2.806s] -- Up-to-date: /home/andre/ros2_ws/install/datos_camara/local/lib/python3.10/dist-packages/datos_camara/msg/_num_s.c
[2.806s] -- Up-to-date: /home/andre/ros2_ws/install/datos_camara/local/lib/python3.10/dist-packages/datos_camara/msg/__init__.py
[2.935s] Listing '/home/andre/ros2_ws/install/datos_camara/local/lib/python3.10/dist-packages/datos_camara'...
[2.935s] Listing '/home/andre/ros2_ws/install/datos_camara/local/lib/python3.10/dist-packages/datos_camara/msg'...
[2.953s] -- Up-to-date: /home/andre/ros2_ws/install/datos_camara/local/lib/python3.10/dist-packages/datos_camara/datos_camara_s__rosidl_typesupport_fastrtps_c.cpython-310-x86_64-linux-gnu.so
[2.956s] -- Up-to-date: /home/andre/ros2_ws/install/datos_camara/local/lib/python3.10/dist-packages/datos_camara/datos_camara_s__rosidl_typesupport_introspection_c.cpython-310-x86_64-linux-gnu.so
[2.957s] -- Up-to-date: /home/andre/ros2_ws/install/datos_camara/local/lib/python3.10/dist-packages/datos_camara/datos_camara_s__rosidl_typesupport_c.cpython-310-x86_64-linux-gnu.so
[2.957s] -- Up-to-date: /home/andre/ros2_ws/install/datos_camara/lib/libdatos_camara__rosidl_generator_py.so
[2.957s] -- Up-to-date: /home/andre/ros2_ws/install/datos_camara/share/datos_camara/msg/Num.idl
[2.957s] -- Up-to-date: /home/andre/ros2_ws/install/datos_camara/share/datos_camara/msg/Num.msg
[2.957s] -- Up-to-date: /home/andre/ros2_ws/install/datos_camara/share/ament_index/resource_index/package_run_dependencies/datos_camara
[2.957s] -- Up-to-date: /home/andre/ros2_ws/install/datos_camara/share/ament_index/resource_index/parent_prefix_path/datos_camara
[2.958s] -- Up-to-date: /home/andre/ros2_ws/install/datos_camara/share/datos_camara/environment/ament_prefix_path.sh
[2.958s] -- Up-to-date: /home/andre/ros2_ws/install/datos_camara/share/datos_camara/environment/ament_prefix_path.dsv
[2.963s] -- Up-to-date: /home/andre/ros2_ws/install/datos_camara/share/datos_camara/environment/path.sh
[2.963s] -- Up-to-date: /home/andre/ros2_ws/install/datos_camara/share/datos_camara/environment/path.dsv
[2.963s] -- Up-to-date: /home/andre/ros2_ws/install/datos_camara/share/datos_camara/local_setup.bash
[2.964s] -- Up-to-date: /home/andre/ros2_ws/install/datos_camara/share/datos_camara/local_setup.sh
[2.964s] -- Up-to-date: /home/andre/ros2_ws/install/datos_camara/share/datos_camara/local_setup.zsh
[2.964s] -- Up-to-date: /home/andre/ros2_ws/install/datos_camara/share/datos_camara/local_setup.dsv
[2.965s] -- Installing: /home/andre/ros2_ws/install/datos_camara/share/datos_camara/package.dsv
[2.965s] -- Up-to-date: /home/andre/ros2_ws/install/datos_camara/share/ament_index/resource_index/packages/datos_camara
[2.966s] -- Up-to-date: /home/andre/ros2_ws/install/datos_camara/share/datos_camara/cmake/export_datos_camara__rosidl_generator_cExport.cmake
[2.966s] -- Up-to-date: /home/andre/ros2_ws/install/datos_camara/share/datos_camara/cmake/export_datos_camara__rosidl_generator_cExport-noconfig.cmake
[2.966s] -- Up-to-date: /home/andre/ros2_ws/install/datos_camara/share/datos_camara/cmake/export_datos_camara__rosidl_typesupport_fastrtps_cExport.cmake
[2.966s] -- Up-to-date: /home/andre/ros2_ws/install/datos_camara/share/datos_camara/cmake/export_datos_camara__rosidl_typesupport_fastrtps_cExport-noconfig.cmake
[2.967s] -- Up-to-date: /home/andre/ros2_ws/install/datos_camara/share/datos_camara/cmake/export_datos_camara__rosidl_generator_cppExport.cmake
[2.967s] -- Up-to-date: /home/andre/ros2_ws/install/datos_camara/share/datos_camara/cmake/export_datos_camara__rosidl_typesupport_fastrtps_cppExport.cmake
[2.967s] -- Up-to-date: /home/andre/ros2_ws/install/datos_camara/share/datos_camara/cmake/export_datos_camara__rosidl_typesupport_fastrtps_cppExport-noconfig.cmake
[2.991s] -- Up-to-date: /home/andre/ros2_ws/install/datos_camara/share/datos_camara/cmake/datos_camara__rosidl_typesupport_introspection_cExport.cmake
[2.991s] -- Up-to-date: /home/andre/ros2_ws/install/datos_camara/share/datos_camara/cmake/datos_camara__rosidl_typesupport_introspection_cExport-noconfig.cmake
[2.991s] -- Up-to-date: /home/andre/ros2_ws/install/datos_camara/share/datos_camara/cmake/datos_camara__rosidl_typesupport_cExport.cmake
[2.992s] -- Up-to-date: /home/andre/ros2_ws/install/datos_camara/share/datos_camara/cmake/datos_camara__rosidl_typesupport_cExport-noconfig.cmake
[2.992s] -- Up-to-date: /home/andre/ros2_ws/install/datos_camara/share/datos_camara/cmake/datos_camara__rosidl_typesupport_introspection_cppExport.cmake
[2.992s] -- Up-to-date: /home/andre/ros2_ws/install/datos_camara/share/datos_camara/cmake/datos_camara__rosidl_typesupport_introspection_cppExport-noconfig.cmake
[2.992s] -- Up-to-date: /home/andre/ros2_ws/install/datos_camara/share/datos_camara/cmake/datos_camara__rosidl_typesupport_cppExport.cmake
[2.992s] -- Up-to-date: /home/andre/ros2_ws/install/datos_camara/share/datos_camara/cmake/datos_camara__rosidl_typesupport_cppExport-noconfig.cmake
[2.992s] -- Up-to-date: /home/andre/ros2_ws/install/datos_camara/share/datos_camara/cmake/export_datos_camara__rosidl_generator_pyExport.cmake
[2.993s] -- Up-to-date: /home/andre/ros2_ws/install/datos_camara/share/datos_camara/cmake/export_datos_camara__rosidl_generator_pyExport-noconfig.cmake
[2.993s] -- Up-to-date: /home/andre/ros2_ws/install/datos_camara/share/datos_camara/cmake/rosidl_cmake-extras.cmake
[2.993s] -- Up-to-date: /home/andre/ros2_ws/install/datos_camara/share/datos_camara/cmake/ament_cmake_export_dependencies-extras.cmake
[2.993s] -- Up-to-date: /home/andre/ros2_ws/install/datos_camara/share/datos_camara/cmake/ament_cmake_export_include_directories-extras.cmake
[2.994s] -- Up-to-date: /home/andre/ros2_ws/install/datos_camara/share/datos_camara/cmake/ament_cmake_export_libraries-extras.cmake
[2.994s] -- Up-to-date: /home/andre/ros2_ws/install/datos_camara/share/datos_camara/cmake/ament_cmake_export_targets-extras.cmake
[2.994s] -- Up-to-date: /home/andre/ros2_ws/install/datos_camara/share/datos_camara/cmake/rosidl_cmake_export_typesupport_targets-extras.cmake
[2.995s] -- Up-to-date: /home/andre/ros2_ws/install/datos_camara/share/datos_camara/cmake/rosidl_cmake_export_typesupport_libraries-extras.cmake
[2.995s] -- Up-to-date: /home/andre/ros2_ws/install/datos_camara/share/datos_camara/cmake/datos_camaraConfig.cmake
[2.995s] -- Up-to-date: /home/andre/ros2_ws/install/datos_camara/share/datos_camara/cmake/datos_camaraConfig-version.cmake
[2.995s] -- Up-to-date: /home/andre/ros2_ws/install/datos_camara/share/datos_camara/package.xml
[2.996s] Invoked command in '/home/andre/ros2_ws/build/datos_camara' returned '0': CMAKE_PREFIX_PATH=${CMAKE_PREFIX_PATH}:/home/andre/ros2_ws/install/detection_astra_camera:/home/andre/ros2_ws/install/detection_aruco:/opt/ros/humble /usr/bin/cmake --install /home/andre/ros2_ws/build/datos_camara
