[1.809s] Invoking command in '/home/andre/ros2_ws/src/detection_person': PYTHONPATH=/home/andre/ros2_ws/build/detection_person/prefix_override:/home/andre/ros2_ws/install/detection_person/lib/python3.10/site-packages:${PYTHONPATH} /usr/bin/python3 -W ignore:setup.py install is deprecated setup.py egg_info --egg-base ../../build/detection_person build --build-base /home/andre/ros2_ws/build/detection_person/build install --record /home/andre/ros2_ws/build/detection_person/install.log --single-version-externally-managed install_data
[2.315s] running egg_info
[2.319s] writing ../../build/detection_person/detection_person.egg-info/PKG-INFO
[2.321s] writing dependency_links to ../../build/detection_person/detection_person.egg-info/dependency_links.txt
[2.322s] writing entry points to ../../build/detection_person/detection_person.egg-info/entry_points.txt
[2.324s] writing requirements to ../../build/detection_person/detection_person.egg-info/requires.txt
[2.328s] writing top-level names to ../../build/detection_person/detection_person.egg-info/top_level.txt
[2.328s] reading manifest file '../../build/detection_person/detection_person.egg-info/SOURCES.txt'
[2.328s] adding license file 'LICENSE'
[2.329s] writing manifest file '../../build/detection_person/detection_person.egg-info/SOURCES.txt'
[2.329s] running build
[2.329s] running build_py
[2.329s] copying detection_person/detection_person.py -> /home/andre/ros2_ws/build/detection_person/build/lib/detection_person
[2.329s] running install
[2.329s] running install_lib
[2.330s] copying /home/andre/ros2_ws/build/detection_person/build/lib/detection_person/detection_person.py -> /home/andre/ros2_ws/install/detection_person/lib/python3.10/site-packages/detection_person
[2.344s] byte-compiling /home/andre/ros2_ws/install/detection_person/lib/python3.10/site-packages/detection_person/detection_person.py to detection_person.cpython-310.pyc
[2.346s] running install_data
[2.346s] running install_egg_info
[2.351s] removing '/home/andre/ros2_ws/install/detection_person/lib/python3.10/site-packages/detection_person-0.0.0-py3.10.egg-info' (and everything under it)
[2.352s] Copying ../../build/detection_person/detection_person.egg-info to /home/andre/ros2_ws/install/detection_person/lib/python3.10/site-packages/detection_person-0.0.0-py3.10.egg-info
[2.383s] running install_scripts
[2.427s] Installing obtain_person script to /home/andre/ros2_ws/install/detection_person/lib/detection_person
[2.428s] writing list of installed files to '/home/andre/ros2_ws/build/detection_person/install.log'
[2.478s] Invoked command in '/home/andre/ros2_ws/src/detection_person' returned '0': PYTHONPATH=/home/andre/ros2_ws/build/detection_person/prefix_override:/home/andre/ros2_ws/install/detection_person/lib/python3.10/site-packages:${PYTHONPATH} /usr/bin/python3 -W ignore:setup.py install is deprecated setup.py egg_info --egg-base ../../build/detection_person build --build-base /home/andre/ros2_ws/build/detection_person/build install --record /home/andre/ros2_ws/build/detection_person/install.log --single-version-externally-managed install_data
