[0.076s] Invoking command in '/home/andre/ros2_ws/build/apriltag_ros': AMENT_PREFIX_PATH=/home/andre/ros2_ws/install/datos_camara:${AMENT_PREFIX_PATH} CMAKE_PREFIX_PATH=/home/andre/ros2_ws/install/datos_camara:/opt/ros/humble LD_LIBRARY_PATH=/home/andre/ros2_ws/install/datos_camara/lib:${LD_LIBRARY_PATH} PYTHONPATH=/home/andre/ros2_ws/install/datos_camara/local/lib/python3.10/dist-packages:${PYTHONPATH} /usr/bin/cmake /home/andre/ros2_ws/src/apriltag_ros -DCMAKE_INSTALL_PREFIX=/home/andre/ros2_ws/install/apriltag_ros
[0.272s] -- The C compiler identification is GNU 11.4.0
[0.609s] -- The CXX compiler identification is GNU 11.4.0
[0.655s] -- Detecting C compiler ABI info
[1.051s] -- Detecting C compiler ABI info - done
[1.081s] -- Check for working C compiler: /usr/bin/cc - skipped
[1.082s] -- Detecting C compile features
[1.083s] -- Detecting C compile features - done
[1.092s] -- Detecting CXX compiler ABI info
[1.654s] -- Detecting CXX compiler ABI info - done
[1.690s] -- Check for working CXX compiler: /usr/bin/c++ - skipped
[1.690s] -- Detecting CXX compile features
[1.691s] -- Detecting CXX compile features - done
[1.713s] -- Found rclcpp: 16.0.8 (/opt/ros/humble/share/rclcpp/cmake)
[2.376s] -- Found Python3: /usr/bin/python3 (found version "3.10.12") found components: Interpreter 
[3.029s] -- Found rosidl_generator_c: 3.1.5 (/opt/ros/humble/share/rosidl_generator_c/cmake)
[3.043s] -- Found rosidl_adapter: 3.1.5 (/opt/ros/humble/share/rosidl_adapter/cmake)
[3.074s] -- Found rosidl_generator_cpp: 3.1.5 (/opt/ros/humble/share/rosidl_generator_cpp/cmake)
[3.121s] -- Using all available rosidl_typesupport_c: rosidl_typesupport_fastrtps_c;rosidl_typesupport_introspection_c
[3.179s] -- Using all available rosidl_typesupport_cpp: rosidl_typesupport_fastrtps_cpp;rosidl_typesupport_introspection_cpp
[3.520s] -- Found rmw_implementation_cmake: 6.1.1 (/opt/ros/humble/share/rmw_implementation_cmake/cmake)
[3.526s] -- Found rmw_fastrtps_cpp: 6.2.6 (/opt/ros/humble/share/rmw_fastrtps_cpp/cmake)
[4.090s] -- Found OpenSSL: /usr/lib/x86_64-linux-gnu/libcrypto.so (found version "3.0.2")  
[4.207s] -- Found FastRTPS: /opt/ros/humble/include  
[4.354s] -- Using RMW implementation 'rmw_fastrtps_cpp' as default
[4.411s] -- Looking for pthread.h
[4.734s] -- Looking for pthread.h - found
[4.735s] -- Performing Test CMAKE_HAVE_LIBC_PTHREAD
[5.117s] -- Performing Test CMAKE_HAVE_LIBC_PTHREAD - Success
[5.117s] -- Found Threads: TRUE  
[5.784s] -- Found rclcpp_components: 16.0.8 (/opt/ros/humble/share/rclcpp_components/cmake)
[6.042s] -- Found sensor_msgs: 4.2.3 (/opt/ros/humble/share/sensor_msgs/cmake)
[6.559s] [31mCMake Error at CMakeLists.txt:38 (find_package):
[6.559s]   By not providing "Findapriltag_msgs.cmake" in CMAKE_MODULE_PATH this
[6.559s]   project has asked CMake to find a package configuration file provided by
[6.560s]   "apriltag_msgs", but CMake did not find one.
[6.560s] 
[6.560s]   Could not find a package configuration file provided by "apriltag_msgs"
[6.560s]   with any of the following names:
[6.560s] 
[6.560s]     apriltag_msgsConfig.cmake
[6.561s]     apriltag_msgs-config.cmake
[6.561s] 
[6.561s]   Add the installation prefix of "apriltag_msgs" to CMAKE_PREFIX_PATH or set
[6.561s]   "apriltag_msgs_DIR" to a directory containing one of the above files.  If
[6.561s]   "apriltag_msgs" provides a separate development package or SDK, be sure it
[6.561s]   has been installed.
[6.562s] 
[6.562s] [0m
[6.562s] -- Configuring incomplete, errors occurred!
[6.562s] See also "/home/andre/ros2_ws/build/apriltag_ros/CMakeFiles/CMakeOutput.log".
[6.590s] Invoked command in '/home/andre/ros2_ws/build/apriltag_ros' returned '1': AMENT_PREFIX_PATH=/home/andre/ros2_ws/install/datos_camara:${AMENT_PREFIX_PATH} CMAKE_PREFIX_PATH=/home/andre/ros2_ws/install/datos_camara:/opt/ros/humble LD_LIBRARY_PATH=/home/andre/ros2_ws/install/datos_camara/lib:${LD_LIBRARY_PATH} PYTHONPATH=/home/andre/ros2_ws/install/datos_camara/local/lib/python3.10/dist-packages:${PYTHONPATH} /usr/bin/cmake /home/andre/ros2_ws/src/apriltag_ros -DCMAKE_INSTALL_PREFIX=/home/andre/ros2_ws/install/apriltag_ros
