[0.977s] Invoking command in '/home/andre/ros2_ws/src/detection_human_ros': CMAKE_PREFIX_PATH=/home/andre/ros2_ws/install/astra_camera:/home/andre/ros2_ws/install/astra_camera_msgs:/home/andre/ros2_ws/install/custom_msgs:/home/andre/ros2_ws/install/calib_correspondences:/home/andre/ros2_ws/install/apriltag_ros:/home/andre/ros2_ws/install/apriltag_msgs LD_LIBRARY_PATH=/home/andre/ros2_ws/install/astra_camera/lib:/home/andre/ros2_ws/install/astra_camera_msgs/lib:/home/andre/ros2_ws/install/custom_msgs/lib:/home/andre/ros2_ws/install/apriltag_ros/lib:/home/andre/ros2_ws/install/apriltag_msgs/lib:/opt/ros/humble/opt/rviz_ogre_vendor/lib:/opt/ros/humble/lib/x86_64-linux-gnu:/opt/ros/humble/lib PYTHONPATH=/home/andre/ros2_ws/build/detection_human_ros/prefix_override:/home/andre/ros2_ws/install/detection_human_ros/lib/python3.10/site-packages:${PYTHONPATH} /usr/bin/python3 -W ignore:setup.py install is deprecated setup.py egg_info --egg-base ../../build/detection_human_ros build --build-base /home/andre/ros2_ws/build/detection_human_ros/build install --record /home/andre/ros2_ws/build/detection_human_ros/install.log --single-version-externally-managed install_data
[1.372s] running egg_info
[1.373s] writing ../../build/detection_human_ros/detection_human_ros.egg-info/PKG-INFO
[1.373s] writing dependency_links to ../../build/detection_human_ros/detection_human_ros.egg-info/dependency_links.txt
[1.374s] writing entry points to ../../build/detection_human_ros/detection_human_ros.egg-info/entry_points.txt
[1.374s] writing requirements to ../../build/detection_human_ros/detection_human_ros.egg-info/requires.txt
[1.374s] writing top-level names to ../../build/detection_human_ros/detection_human_ros.egg-info/top_level.txt
[1.378s] reading manifest file '../../build/detection_human_ros/detection_human_ros.egg-info/SOURCES.txt'
[1.378s] adding license file 'LICENSE'
[1.379s] writing manifest file '../../build/detection_human_ros/detection_human_ros.egg-info/SOURCES.txt'
[1.380s] running build
[1.380s] running build_py
[1.380s] running install
[1.381s] running install_lib
[1.383s] running install_data
[1.383s] running install_egg_info
[1.386s] removing '/home/andre/ros2_ws/install/detection_human_ros/lib/python3.10/site-packages/detection_human_ros-0.0.0-py3.10.egg-info' (and everything under it)
[1.386s] Copying ../../build/detection_human_ros/detection_human_ros.egg-info to /home/andre/ros2_ws/install/detection_human_ros/lib/python3.10/site-packages/detection_human_ros-0.0.0-py3.10.egg-info
[1.387s] running install_scripts
[1.417s] Installing obtain_human script to /home/andre/ros2_ws/install/detection_human_ros/lib/detection_human_ros
[1.418s] writing list of installed files to '/home/andre/ros2_ws/build/detection_human_ros/install.log'
[1.457s] Invoked command in '/home/andre/ros2_ws/src/detection_human_ros' returned '0': CMAKE_PREFIX_PATH=/home/andre/ros2_ws/install/astra_camera:/home/andre/ros2_ws/install/astra_camera_msgs:/home/andre/ros2_ws/install/custom_msgs:/home/andre/ros2_ws/install/calib_correspondences:/home/andre/ros2_ws/install/apriltag_ros:/home/andre/ros2_ws/install/apriltag_msgs LD_LIBRARY_PATH=/home/andre/ros2_ws/install/astra_camera/lib:/home/andre/ros2_ws/install/astra_camera_msgs/lib:/home/andre/ros2_ws/install/custom_msgs/lib:/home/andre/ros2_ws/install/apriltag_ros/lib:/home/andre/ros2_ws/install/apriltag_msgs/lib:/opt/ros/humble/opt/rviz_ogre_vendor/lib:/opt/ros/humble/lib/x86_64-linux-gnu:/opt/ros/humble/lib PYTHONPATH=/home/andre/ros2_ws/build/detection_human_ros/prefix_override:/home/andre/ros2_ws/install/detection_human_ros/lib/python3.10/site-packages:${PYTHONPATH} /usr/bin/python3 -W ignore:setup.py install is deprecated setup.py egg_info --egg-base ../../build/detection_human_ros build --build-base /home/andre/ros2_ws/build/detection_human_ros/build install --record /home/andre/ros2_ws/build/detection_human_ros/install.log --single-version-externally-managed install_data
