[3.281s] Invoking command in '/home/andre/ros2_ws/src/detection_astra_camera': CMAKE_PREFIX_PATH=/home/andre/ros2_ws/install/astra_camera:/home/andre/ros2_ws/install/astra_camera_msgs:/home/andre/ros2_ws/install/pcl_example:/home/andre/ros2_ws/install/custom_msgs:/home/andre/ros2_ws/install/calib_correspondences:/home/andre/ros2_ws/install/apriltag_ros:/home/andre/ros2_ws/install/apriltag_msgs LD_LIBRARY_PATH=/home/andre/ros2_ws/install/astra_camera/lib:/home/andre/ros2_ws/install/astra_camera_msgs/lib:/home/andre/ros2_ws/install/custom_msgs/lib:/home/andre/ros2_ws/install/apriltag_ros/lib:/home/andre/ros2_ws/install/apriltag_msgs/lib:/opt/ros/humble/opt/rviz_ogre_vendor/lib:/opt/ros/humble/lib/x86_64-linux-gnu:/opt/ros/humble/lib PYTHONPATH=/home/andre/ros2_ws/build/detection_astra_camera/prefix_override:/usr/lib/python3/dist-packages/colcon_core/task/python/colcon_distutils_commands:/home/andre/ros2_ws/install/detection_astra_camera/lib/python3.10/site-packages:${PYTHONPATH} /usr/bin/python3 -W ignore:setup.py install is deprecated setup.py egg_info --egg-base ../../build/detection_astra_camera build --build-base /home/andre/ros2_ws/build/detection_astra_camera/build install --record /home/andre/ros2_ws/build/detection_astra_camera/install.log --single-version-externally-managed install_data
[4.464s] running egg_info
[4.468s] writing ../../build/detection_astra_camera/detection_astra_camera.egg-info/PKG-INFO
[4.471s] writing dependency_links to ../../build/detection_astra_camera/detection_astra_camera.egg-info/dependency_links.txt
[4.471s] writing entry points to ../../build/detection_astra_camera/detection_astra_camera.egg-info/entry_points.txt
[4.471s] writing requirements to ../../build/detection_astra_camera/detection_astra_camera.egg-info/requires.txt
[4.471s] writing top-level names to ../../build/detection_astra_camera/detection_astra_camera.egg-info/top_level.txt
[4.474s] reading manifest file '../../build/detection_astra_camera/detection_astra_camera.egg-info/SOURCES.txt'
[4.476s] adding license file 'LICENSE'
[4.477s] writing manifest file '../../build/detection_astra_camera/detection_astra_camera.egg-info/SOURCES.txt'
[4.477s] running build
[4.478s] running build_py
[4.478s] copying detection_astra_camera/obtain_data_astra.py -> /home/andre/ros2_ws/build/detection_astra_camera/build/lib/detection_astra_camera
[4.484s] running install
[4.485s] running install_lib
[4.487s] copying /home/andre/ros2_ws/build/detection_astra_camera/build/lib/detection_astra_camera/obtain_data_astra.py -> /home/andre/ros2_ws/install/detection_astra_camera/lib/python3.10/site-packages/detection_astra_camera
[4.489s] byte-compiling /home/andre/ros2_ws/install/detection_astra_camera/lib/python3.10/site-packages/detection_astra_camera/obtain_data_astra.py to obtain_data_astra.cpython-310.pyc
[4.491s] running install_data
[4.491s] running install_egg_info
[4.495s] removing '/home/andre/ros2_ws/install/detection_astra_camera/lib/python3.10/site-packages/detection_astra_camera-0.0.0-py3.10.egg-info' (and everything under it)
[4.496s] Copying ../../build/detection_astra_camera/detection_astra_camera.egg-info to /home/andre/ros2_ws/install/detection_astra_camera/lib/python3.10/site-packages/detection_astra_camera-0.0.0-py3.10.egg-info
[4.498s] running install_scripts
[4.607s] Installing obtain_data_astra script to /home/andre/ros2_ws/install/detection_astra_camera/lib/detection_astra_camera
[4.610s] writing list of installed files to '/home/andre/ros2_ws/build/detection_astra_camera/install.log'
[4.753s] Invoked command in '/home/andre/ros2_ws/src/detection_astra_camera' returned '0': CMAKE_PREFIX_PATH=/home/andre/ros2_ws/install/astra_camera:/home/andre/ros2_ws/install/astra_camera_msgs:/home/andre/ros2_ws/install/pcl_example:/home/andre/ros2_ws/install/custom_msgs:/home/andre/ros2_ws/install/calib_correspondences:/home/andre/ros2_ws/install/apriltag_ros:/home/andre/ros2_ws/install/apriltag_msgs LD_LIBRARY_PATH=/home/andre/ros2_ws/install/astra_camera/lib:/home/andre/ros2_ws/install/astra_camera_msgs/lib:/home/andre/ros2_ws/install/custom_msgs/lib:/home/andre/ros2_ws/install/apriltag_ros/lib:/home/andre/ros2_ws/install/apriltag_msgs/lib:/opt/ros/humble/opt/rviz_ogre_vendor/lib:/opt/ros/humble/lib/x86_64-linux-gnu:/opt/ros/humble/lib PYTHONPATH=/home/andre/ros2_ws/build/detection_astra_camera/prefix_override:/usr/lib/python3/dist-packages/colcon_core/task/python/colcon_distutils_commands:/home/andre/ros2_ws/install/detection_astra_camera/lib/python3.10/site-packages:${PYTHONPATH} /usr/bin/python3 -W ignore:setup.py install is deprecated setup.py egg_info --egg-base ../../build/detection_astra_camera build --build-base /home/andre/ros2_ws/build/detection_astra_camera/build install --record /home/andre/ros2_ws/build/detection_astra_camera/install.log --single-version-externally-managed install_data
