[1.758s] Invoking command in '/home/andre/ros2_ws/src/detection_person': CMAKE_PREFIX_PATH=/home/andre/ros2_ws/install/custom_msgs:/home/andre/ros2_ws/install/pcl_example:/home/andre/ros2_ws/install/calib_correspondences:/home/andre/ros2_ws/install/astra_camera:/home/andre/ros2_ws/install/astra_camera_msgs:/home/andre/ros2_ws/install/apriltag_ros:/home/andre/ros2_ws/install/apriltag_msgs PYTHONPATH=/home/andre/ros2_ws/build/detection_person/prefix_override:/usr/lib/python3/dist-packages/colcon_core/task/python/colcon_distutils_commands:/home/andre/ros2_ws/install/detection_person/lib/python3.10/site-packages:${PYTHONPATH} /usr/bin/python3 -W ignore:setup.py install is deprecated setup.py egg_info --egg-base ../../build/detection_person build --build-base /home/andre/ros2_ws/build/detection_person/build install --record /home/andre/ros2_ws/build/detection_person/install.log --single-version-externally-managed install_data
[2.451s] running egg_info
[2.453s] writing ../../build/detection_person/detection_person.egg-info/PKG-INFO
[2.453s] writing dependency_links to ../../build/detection_person/detection_person.egg-info/dependency_links.txt
[2.456s] writing entry points to ../../build/detection_person/detection_person.egg-info/entry_points.txt
[2.456s] writing requirements to ../../build/detection_person/detection_person.egg-info/requires.txt
[2.460s] writing top-level names to ../../build/detection_person/detection_person.egg-info/top_level.txt
[2.462s] reading manifest file '../../build/detection_person/detection_person.egg-info/SOURCES.txt'
[2.463s] adding license file 'LICENSE'
[2.463s] writing manifest file '../../build/detection_person/detection_person.egg-info/SOURCES.txt'
[2.463s] running build
[2.463s] running build_py
[2.463s] copying detection_person/detection_person.py -> /home/andre/ros2_ws/build/detection_person/build/lib/detection_person
[2.463s] running install
[2.464s] running install_lib
[2.471s] copying /home/andre/ros2_ws/build/detection_person/build/lib/detection_person/detection_person.py -> /home/andre/ros2_ws/install/detection_person/lib/python3.10/site-packages/detection_person
[2.472s] byte-compiling /home/andre/ros2_ws/install/detection_person/lib/python3.10/site-packages/detection_person/detection_person.py to detection_person.cpython-310.pyc
[2.475s] running install_data
[2.475s] running install_egg_info
[2.476s] removing '/home/andre/ros2_ws/install/detection_person/lib/python3.10/site-packages/detection_person-0.0.0-py3.10.egg-info' (and everything under it)
[2.481s] Copying ../../build/detection_person/detection_person.egg-info to /home/andre/ros2_ws/install/detection_person/lib/python3.10/site-packages/detection_person-0.0.0-py3.10.egg-info
[2.481s] running install_scripts
[2.536s] Installing obtain_person script to /home/andre/ros2_ws/install/detection_person/lib/detection_person
[2.536s] writing list of installed files to '/home/andre/ros2_ws/build/detection_person/install.log'
[2.610s] Invoked command in '/home/andre/ros2_ws/src/detection_person' returned '0': CMAKE_PREFIX_PATH=/home/andre/ros2_ws/install/custom_msgs:/home/andre/ros2_ws/install/pcl_example:/home/andre/ros2_ws/install/calib_correspondences:/home/andre/ros2_ws/install/astra_camera:/home/andre/ros2_ws/install/astra_camera_msgs:/home/andre/ros2_ws/install/apriltag_ros:/home/andre/ros2_ws/install/apriltag_msgs PYTHONPATH=/home/andre/ros2_ws/build/detection_person/prefix_override:/usr/lib/python3/dist-packages/colcon_core/task/python/colcon_distutils_commands:/home/andre/ros2_ws/install/detection_person/lib/python3.10/site-packages:${PYTHONPATH} /usr/bin/python3 -W ignore:setup.py install is deprecated setup.py egg_info --egg-base ../../build/detection_person build --build-base /home/andre/ros2_ws/build/detection_person/build install --record /home/andre/ros2_ws/build/detection_person/install.log --single-version-externally-managed install_data
