[0.446s] DEBUG:colcon:Command line arguments: ['/usr/bin/colcon', 'build']
[0.447s] DEBUG:colcon:Parsed command line arguments: Namespace(log_base=None, log_level=None, verb_name='build', build_base='build', install_base='install', merge_install=False, symlink_install=False, test_result_base=None, continue_on_error=False, executor='parallel', parallel_workers=4, event_handlers=None, ignore_user_meta=False, metas=['./colcon.meta'], base_paths=['.'], packages_ignore=None, packages_ignore_regex=None, paths=None, packages_up_to=None, packages_up_to_regex=None, packages_above=None, packages_above_and_dependencies=None, packages_above_depth=None, packages_select_by_dep=None, packages_skip_by_dep=None, packages_skip_up_to=None, packages_select_build_failed=False, packages_skip_build_finished=False, packages_select_test_failures=False, packages_skip_test_passed=False, packages_select=None, packages_skip=None, packages_select_regex=None, packages_skip_regex=None, packages_start=None, packages_end=None, allow_overriding=[], cmake_args=None, cmake_target=None, cmake_target_skip_unavailable=False, cmake_clean_cache=False, cmake_clean_first=False, cmake_force_configure=False, ament_cmake_args=None, catkin_cmake_args=None, catkin_skip_building_tests=False, verb_parser=<colcon_defaults.argument_parser.defaults.DefaultArgumentsDecorator object at 0x7b59d76cfb20>, verb_extension=<colcon_core.verb.build.BuildVerb object at 0x7b59d76cf5b0>, main=<bound method BuildVerb.main of <colcon_core.verb.build.BuildVerb object at 0x7b59d76cf5b0>>)
[0.930s] Level 1:colcon.colcon_core.package_discovery:discover_packages(colcon_meta) check parameters
[0.930s] Level 1:colcon.colcon_core.package_discovery:discover_packages(recursive) check parameters
[0.930s] Level 1:colcon.colcon_core.package_discovery:discover_packages(ignore) check parameters
[0.930s] Level 1:colcon.colcon_core.package_discovery:discover_packages(path) check parameters
[0.930s] Level 1:colcon.colcon_core.package_discovery:discover_packages(colcon_meta) discover
[0.930s] Level 1:colcon.colcon_core.package_discovery:discover_packages(recursive) discover
[0.931s] INFO:colcon.colcon_core.package_discovery:Crawling recursively for packages in '/home/andre/ros2_ws'
[0.931s] Level 1:colcon.colcon_core.package_identification:_identify(.) by extensions ['ignore', 'ignore_ament_install']
[0.931s] Level 1:colcon.colcon_core.package_identification:_identify(.) by extension 'ignore'
[0.931s] Level 1:colcon.colcon_core.package_identification:_identify(.) by extension 'ignore_ament_install'
[0.931s] Level 1:colcon.colcon_core.package_identification:_identify(.) by extensions ['colcon_pkg']
[0.931s] Level 1:colcon.colcon_core.package_identification:_identify(.) by extension 'colcon_pkg'
[0.931s] Level 1:colcon.colcon_core.package_identification:_identify(.) by extensions ['colcon_meta']
[0.932s] Level 1:colcon.colcon_core.package_identification:_identify(.) by extension 'colcon_meta'
[0.932s] Level 1:colcon.colcon_core.package_identification:_identify(.) by extensions ['ros']
[0.932s] Level 1:colcon.colcon_core.package_identification:_identify(.) by extension 'ros'
[0.991s] Level 1:colcon.colcon_core.package_identification:_identify(.) by extensions ['cmake', 'python']
[0.991s] Level 1:colcon.colcon_core.package_identification:_identify(.) by extension 'cmake'
[0.991s] Level 1:colcon.colcon_core.package_identification:_identify(.) by extension 'python'
[0.991s] Level 1:colcon.colcon_core.package_identification:_identify(.) by extensions ['python_setup_py']
[0.991s] Level 1:colcon.colcon_core.package_identification:_identify(.) by extension 'python_setup_py'
[0.992s] Level 1:colcon.colcon_core.package_identification:_identify(build) by extensions ['ignore', 'ignore_ament_install']
[0.992s] Level 1:colcon.colcon_core.package_identification:_identify(build) by extension 'ignore'
[0.992s] Level 1:colcon.colcon_core.package_identification:_identify(build) ignored
[0.992s] Level 1:colcon.colcon_core.package_identification:_identify(install) by extensions ['ignore', 'ignore_ament_install']
[0.992s] Level 1:colcon.colcon_core.package_identification:_identify(install) by extension 'ignore'
[0.993s] Level 1:colcon.colcon_core.package_identification:_identify(install) ignored
[0.993s] Level 1:colcon.colcon_core.package_identification:_identify(log) by extensions ['ignore', 'ignore_ament_install']
[0.993s] Level 1:colcon.colcon_core.package_identification:_identify(log) by extension 'ignore'
[0.993s] Level 1:colcon.colcon_core.package_identification:_identify(log) ignored
[0.993s] Level 1:colcon.colcon_core.package_identification:_identify(src) by extensions ['ignore', 'ignore_ament_install']
[0.993s] Level 1:colcon.colcon_core.package_identification:_identify(src) by extension 'ignore'
[0.994s] Level 1:colcon.colcon_core.package_identification:_identify(src) by extension 'ignore_ament_install'
[0.994s] Level 1:colcon.colcon_core.package_identification:_identify(src) by extensions ['colcon_pkg']
[0.994s] Level 1:colcon.colcon_core.package_identification:_identify(src) by extension 'colcon_pkg'
[0.994s] Level 1:colcon.colcon_core.package_identification:_identify(src) by extensions ['colcon_meta']
[0.994s] Level 1:colcon.colcon_core.package_identification:_identify(src) by extension 'colcon_meta'
[0.994s] Level 1:colcon.colcon_core.package_identification:_identify(src) by extensions ['ros']
[0.994s] Level 1:colcon.colcon_core.package_identification:_identify(src) by extension 'ros'
[0.994s] Level 1:colcon.colcon_core.package_identification:_identify(src) by extensions ['cmake', 'python']
[0.994s] Level 1:colcon.colcon_core.package_identification:_identify(src) by extension 'cmake'
[0.994s] Level 1:colcon.colcon_core.package_identification:_identify(src) by extension 'python'
[0.994s] Level 1:colcon.colcon_core.package_identification:_identify(src) by extensions ['python_setup_py']
[0.994s] Level 1:colcon.colcon_core.package_identification:_identify(src) by extension 'python_setup_py'
[0.995s] Level 1:colcon.colcon_core.package_identification:_identify(src/astra_camera) by extensions ['ignore', 'ignore_ament_install']
[0.995s] Level 1:colcon.colcon_core.package_identification:_identify(src/astra_camera) by extension 'ignore'
[0.995s] Level 1:colcon.colcon_core.package_identification:_identify(src/astra_camera) by extension 'ignore_ament_install'
[0.996s] Level 1:colcon.colcon_core.package_identification:_identify(src/astra_camera) by extensions ['colcon_pkg']
[0.996s] Level 1:colcon.colcon_core.package_identification:_identify(src/astra_camera) by extension 'colcon_pkg'
[0.996s] Level 1:colcon.colcon_core.package_identification:_identify(src/astra_camera) by extensions ['colcon_meta']
[0.996s] Level 1:colcon.colcon_core.package_identification:_identify(src/astra_camera) by extension 'colcon_meta'
[0.996s] Level 1:colcon.colcon_core.package_identification:_identify(src/astra_camera) by extensions ['ros']
[0.996s] Level 1:colcon.colcon_core.package_identification:_identify(src/astra_camera) by extension 'ros'
[0.996s] Level 1:colcon.colcon_core.package_identification:_identify(src/astra_camera) by extensions ['cmake', 'python']
[0.996s] Level 1:colcon.colcon_core.package_identification:_identify(src/astra_camera) by extension 'cmake'
[0.996s] Level 1:colcon.colcon_core.package_identification:_identify(src/astra_camera) by extension 'python'
[0.996s] Level 1:colcon.colcon_core.package_identification:_identify(src/astra_camera) by extensions ['python_setup_py']
[0.997s] Level 1:colcon.colcon_core.package_identification:_identify(src/astra_camera) by extension 'python_setup_py'
[0.997s] Level 1:colcon.colcon_core.package_identification:_identify(src/astra_camera/astra_camera) by extensions ['ignore', 'ignore_ament_install']
[0.997s] Level 1:colcon.colcon_core.package_identification:_identify(src/astra_camera/astra_camera) by extension 'ignore'
[0.997s] Level 1:colcon.colcon_core.package_identification:_identify(src/astra_camera/astra_camera) by extension 'ignore_ament_install'
[0.997s] Level 1:colcon.colcon_core.package_identification:_identify(src/astra_camera/astra_camera) by extensions ['colcon_pkg']
[0.997s] Level 1:colcon.colcon_core.package_identification:_identify(src/astra_camera/astra_camera) by extension 'colcon_pkg'
[0.998s] Level 1:colcon.colcon_core.package_identification:_identify(src/astra_camera/astra_camera) by extensions ['colcon_meta']
[0.998s] Level 1:colcon.colcon_core.package_identification:_identify(src/astra_camera/astra_camera) by extension 'colcon_meta'
[0.998s] Level 1:colcon.colcon_core.package_identification:_identify(src/astra_camera/astra_camera) by extensions ['ros']
[0.998s] Level 1:colcon.colcon_core.package_identification:_identify(src/astra_camera/astra_camera) by extension 'ros'
[1.009s] DEBUG:colcon.colcon_core.package_identification:Package 'src/astra_camera/astra_camera' with type 'ros.ament_cmake' and name 'astra_camera'
[1.010s] Level 1:colcon.colcon_core.package_identification:_identify(src/astra_camera/astra_camera_msgs) by extensions ['ignore', 'ignore_ament_install']
[1.011s] Level 1:colcon.colcon_core.package_identification:_identify(src/astra_camera/astra_camera_msgs) by extension 'ignore'
[1.012s] Level 1:colcon.colcon_core.package_identification:_identify(src/astra_camera/astra_camera_msgs) by extension 'ignore_ament_install'
[1.012s] Level 1:colcon.colcon_core.package_identification:_identify(src/astra_camera/astra_camera_msgs) by extensions ['colcon_pkg']
[1.012s] Level 1:colcon.colcon_core.package_identification:_identify(src/astra_camera/astra_camera_msgs) by extension 'colcon_pkg'
[1.013s] Level 1:colcon.colcon_core.package_identification:_identify(src/astra_camera/astra_camera_msgs) by extensions ['colcon_meta']
[1.013s] Level 1:colcon.colcon_core.package_identification:_identify(src/astra_camera/astra_camera_msgs) by extension 'colcon_meta'
[1.014s] Level 1:colcon.colcon_core.package_identification:_identify(src/astra_camera/astra_camera_msgs) by extensions ['ros']
[1.014s] Level 1:colcon.colcon_core.package_identification:_identify(src/astra_camera/astra_camera_msgs) by extension 'ros'
[1.016s] DEBUG:colcon.colcon_core.package_identification:Package 'src/astra_camera/astra_camera_msgs' with type 'ros.ament_cmake' and name 'astra_camera_msgs'
[1.016s] Level 1:colcon.colcon_core.package_identification:_identify(src/custom_msgs) by extensions ['ignore', 'ignore_ament_install']
[1.016s] Level 1:colcon.colcon_core.package_identification:_identify(src/custom_msgs) by extension 'ignore'
[1.017s] Level 1:colcon.colcon_core.package_identification:_identify(src/custom_msgs) by extension 'ignore_ament_install'
[1.017s] Level 1:colcon.colcon_core.package_identification:_identify(src/custom_msgs) by extensions ['colcon_pkg']
[1.017s] Level 1:colcon.colcon_core.package_identification:_identify(src/custom_msgs) by extension 'colcon_pkg'
[1.017s] Level 1:colcon.colcon_core.package_identification:_identify(src/custom_msgs) by extensions ['colcon_meta']
[1.017s] Level 1:colcon.colcon_core.package_identification:_identify(src/custom_msgs) by extension 'colcon_meta'
[1.017s] Level 1:colcon.colcon_core.package_identification:_identify(src/custom_msgs) by extensions ['ros']
[1.017s] Level 1:colcon.colcon_core.package_identification:_identify(src/custom_msgs) by extension 'ros'
[1.020s] DEBUG:colcon.colcon_core.package_identification:Package 'src/custom_msgs' with type 'ros.ament_cmake' and name 'custom_msgs'
[1.020s] Level 1:colcon.colcon_core.package_identification:_identify(src/datos_camara) by extensions ['ignore', 'ignore_ament_install']
[1.022s] Level 1:colcon.colcon_core.package_identification:_identify(src/datos_camara) by extension 'ignore'
[1.022s] Level 1:colcon.colcon_core.package_identification:_identify(src/datos_camara) by extension 'ignore_ament_install'
[1.023s] Level 1:colcon.colcon_core.package_identification:_identify(src/datos_camara) by extensions ['colcon_pkg']
[1.024s] Level 1:colcon.colcon_core.package_identification:_identify(src/datos_camara) by extension 'colcon_pkg'
[1.024s] Level 1:colcon.colcon_core.package_identification:_identify(src/datos_camara) by extensions ['colcon_meta']
[1.025s] Level 1:colcon.colcon_core.package_identification:_identify(src/datos_camara) by extension 'colcon_meta'
[1.026s] Level 1:colcon.colcon_core.package_identification:_identify(src/datos_camara) by extensions ['ros']
[1.027s] Level 1:colcon.colcon_core.package_identification:_identify(src/datos_camara) by extension 'ros'
[1.030s] DEBUG:colcon.colcon_core.package_identification:Package 'src/datos_camara' with type 'ros.ament_cmake' and name 'datos_camara'
[1.030s] Level 1:colcon.colcon_core.package_identification:_identify(src/detection_aruco) by extensions ['ignore', 'ignore_ament_install']
[1.030s] Level 1:colcon.colcon_core.package_identification:_identify(src/detection_aruco) by extension 'ignore'
[1.030s] Level 1:colcon.colcon_core.package_identification:_identify(src/detection_aruco) by extension 'ignore_ament_install'
[1.030s] Level 1:colcon.colcon_core.package_identification:_identify(src/detection_aruco) by extensions ['colcon_pkg']
[1.031s] Level 1:colcon.colcon_core.package_identification:_identify(src/detection_aruco) by extension 'colcon_pkg'
[1.031s] Level 1:colcon.colcon_core.package_identification:_identify(src/detection_aruco) by extensions ['colcon_meta']
[1.031s] Level 1:colcon.colcon_core.package_identification:_identify(src/detection_aruco) by extension 'colcon_meta'
[1.031s] Level 1:colcon.colcon_core.package_identification:_identify(src/detection_aruco) by extensions ['ros']
[1.031s] Level 1:colcon.colcon_core.package_identification:_identify(src/detection_aruco) by extension 'ros'
[1.033s] DEBUG:colcon.colcon_core.package_identification:Package 'src/detection_aruco' with type 'ros.ament_python' and name 'detection_aruco'
[1.033s] Level 1:colcon.colcon_core.package_identification:_identify(src/detection_astra_camera) by extensions ['ignore', 'ignore_ament_install']
[1.033s] Level 1:colcon.colcon_core.package_identification:_identify(src/detection_astra_camera) by extension 'ignore'
[1.034s] Level 1:colcon.colcon_core.package_identification:_identify(src/detection_astra_camera) by extension 'ignore_ament_install'
[1.034s] Level 1:colcon.colcon_core.package_identification:_identify(src/detection_astra_camera) by extensions ['colcon_pkg']
[1.034s] Level 1:colcon.colcon_core.package_identification:_identify(src/detection_astra_camera) by extension 'colcon_pkg'
[1.034s] Level 1:colcon.colcon_core.package_identification:_identify(src/detection_astra_camera) by extensions ['colcon_meta']
[1.034s] Level 1:colcon.colcon_core.package_identification:_identify(src/detection_astra_camera) by extension 'colcon_meta'
[1.034s] Level 1:colcon.colcon_core.package_identification:_identify(src/detection_astra_camera) by extensions ['ros']
[1.034s] Level 1:colcon.colcon_core.package_identification:_identify(src/detection_astra_camera) by extension 'ros'
[1.036s] DEBUG:colcon.colcon_core.package_identification:Package 'src/detection_astra_camera' with type 'ros.ament_python' and name 'detection_astra_camera'
[1.036s] Level 1:colcon.colcon_core.package_discovery:discover_packages(recursive) using defaults
[1.036s] Level 1:colcon.colcon_core.package_discovery:discover_packages(ignore) discover
[1.036s] Level 1:colcon.colcon_core.package_discovery:discover_packages(ignore) using defaults
[1.036s] Level 1:colcon.colcon_core.package_discovery:discover_packages(path) discover
[1.037s] Level 1:colcon.colcon_core.package_discovery:discover_packages(path) using defaults
[1.102s] Level 1:colcon.colcon_core.package_discovery:discover_packages(prefix_path) check parameters
[1.102s] Level 1:colcon.colcon_core.package_discovery:discover_packages(prefix_path) discover
[1.111s] DEBUG:colcon.colcon_installed_package_information.package_discovery:Found 7 installed packages in /home/andre/ros2_ws/install
[1.115s] DEBUG:colcon.colcon_installed_package_information.package_discovery:Found 278 installed packages in /opt/ros/humble
[1.120s] Level 1:colcon.colcon_core.package_discovery:discover_packages(prefix_path) using defaults
[1.310s] WARNING:colcon.colcon_core.package_selection:Some selected packages are already built in one or more underlay workspaces:
	'datos_camara' is in: /home/andre/ros2_ws/install/datos_camara
If a package in a merged underlay workspace is overridden and it installs headers, then all packages in the overlay must sort their include directories by workspace order. Failure to do so may result in build failures or undefined behavior at run time.
If the overridden package is used by another package in any underlay, then the overriding package in the overlay must be API and ABI compatible or undefined behavior at run time may occur.

If you understand the risks and want to override a package anyways, add the following to the command line:
	--allow-overriding datos_camara

This may be promoted to an error in a future release of colcon-override-check.
[1.311s] Level 5:colcon.colcon_core.verb:set package 'astra_camera_msgs' build argument 'cmake_args' from command line to 'None'
[1.312s] Level 5:colcon.colcon_core.verb:set package 'astra_camera_msgs' build argument 'cmake_target' from command line to 'None'
[1.312s] Level 5:colcon.colcon_core.verb:set package 'astra_camera_msgs' build argument 'cmake_target_skip_unavailable' from command line to 'False'
[1.312s] Level 5:colcon.colcon_core.verb:set package 'astra_camera_msgs' build argument 'cmake_clean_cache' from command line to 'False'
[1.312s] Level 5:colcon.colcon_core.verb:set package 'astra_camera_msgs' build argument 'cmake_clean_first' from command line to 'False'
[1.312s] Level 5:colcon.colcon_core.verb:set package 'astra_camera_msgs' build argument 'cmake_force_configure' from command line to 'False'
[1.312s] Level 5:colcon.colcon_core.verb:set package 'astra_camera_msgs' build argument 'ament_cmake_args' from command line to 'None'
[1.312s] Level 5:colcon.colcon_core.verb:set package 'astra_camera_msgs' build argument 'catkin_cmake_args' from command line to 'None'
[1.312s] Level 5:colcon.colcon_core.verb:set package 'astra_camera_msgs' build argument 'catkin_skip_building_tests' from command line to 'False'
[1.312s] DEBUG:colcon.colcon_core.verb:Building package 'astra_camera_msgs' with the following arguments: {'ament_cmake_args': None, 'build_base': '/home/andre/ros2_ws/build/astra_camera_msgs', 'catkin_cmake_args': None, 'catkin_skip_building_tests': False, 'cmake_args': None, 'cmake_clean_cache': False, 'cmake_clean_first': False, 'cmake_force_configure': False, 'cmake_target': None, 'cmake_target_skip_unavailable': False, 'install_base': '/home/andre/ros2_ws/install/astra_camera_msgs', 'merge_install': False, 'path': '/home/andre/ros2_ws/src/astra_camera/astra_camera_msgs', 'symlink_install': False, 'test_result_base': None}
[1.313s] Level 5:colcon.colcon_core.verb:set package 'custom_msgs' build argument 'cmake_args' from command line to 'None'
[1.313s] Level 5:colcon.colcon_core.verb:set package 'custom_msgs' build argument 'cmake_target' from command line to 'None'
[1.313s] Level 5:colcon.colcon_core.verb:set package 'custom_msgs' build argument 'cmake_target_skip_unavailable' from command line to 'False'
[1.313s] Level 5:colcon.colcon_core.verb:set package 'custom_msgs' build argument 'cmake_clean_cache' from command line to 'False'
[1.313s] Level 5:colcon.colcon_core.verb:set package 'custom_msgs' build argument 'cmake_clean_first' from command line to 'False'
[1.313s] Level 5:colcon.colcon_core.verb:set package 'custom_msgs' build argument 'cmake_force_configure' from command line to 'False'
[1.313s] Level 5:colcon.colcon_core.verb:set package 'custom_msgs' build argument 'ament_cmake_args' from command line to 'None'
[1.313s] Level 5:colcon.colcon_core.verb:set package 'custom_msgs' build argument 'catkin_cmake_args' from command line to 'None'
[1.313s] Level 5:colcon.colcon_core.verb:set package 'custom_msgs' build argument 'catkin_skip_building_tests' from command line to 'False'
[1.313s] DEBUG:colcon.colcon_core.verb:Building package 'custom_msgs' with the following arguments: {'ament_cmake_args': None, 'build_base': '/home/andre/ros2_ws/build/custom_msgs', 'catkin_cmake_args': None, 'catkin_skip_building_tests': False, 'cmake_args': None, 'cmake_clean_cache': False, 'cmake_clean_first': False, 'cmake_force_configure': False, 'cmake_target': None, 'cmake_target_skip_unavailable': False, 'install_base': '/home/andre/ros2_ws/install/custom_msgs', 'merge_install': False, 'path': '/home/andre/ros2_ws/src/custom_msgs', 'symlink_install': False, 'test_result_base': None}
[1.314s] Level 5:colcon.colcon_core.verb:set package 'datos_camara' build argument 'cmake_args' from command line to 'None'
[1.314s] Level 5:colcon.colcon_core.verb:set package 'datos_camara' build argument 'cmake_target' from command line to 'None'
[1.314s] Level 5:colcon.colcon_core.verb:set package 'datos_camara' build argument 'cmake_target_skip_unavailable' from command line to 'False'
[1.314s] Level 5:colcon.colcon_core.verb:set package 'datos_camara' build argument 'cmake_clean_cache' from command line to 'False'
[1.314s] Level 5:colcon.colcon_core.verb:set package 'datos_camara' build argument 'cmake_clean_first' from command line to 'False'
[1.314s] Level 5:colcon.colcon_core.verb:set package 'datos_camara' build argument 'cmake_force_configure' from command line to 'False'
[1.314s] Level 5:colcon.colcon_core.verb:set package 'datos_camara' build argument 'ament_cmake_args' from command line to 'None'
[1.314s] Level 5:colcon.colcon_core.verb:set package 'datos_camara' build argument 'catkin_cmake_args' from command line to 'None'
[1.314s] Level 5:colcon.colcon_core.verb:set package 'datos_camara' build argument 'catkin_skip_building_tests' from command line to 'False'
[1.314s] DEBUG:colcon.colcon_core.verb:Building package 'datos_camara' with the following arguments: {'ament_cmake_args': None, 'build_base': '/home/andre/ros2_ws/build/datos_camara', 'catkin_cmake_args': None, 'catkin_skip_building_tests': False, 'cmake_args': None, 'cmake_clean_cache': False, 'cmake_clean_first': False, 'cmake_force_configure': False, 'cmake_target': None, 'cmake_target_skip_unavailable': False, 'install_base': '/home/andre/ros2_ws/install/datos_camara', 'merge_install': False, 'path': '/home/andre/ros2_ws/src/datos_camara', 'symlink_install': False, 'test_result_base': None}
[1.315s] Level 5:colcon.colcon_core.verb:set package 'astra_camera' build argument 'cmake_args' from command line to 'None'
[1.315s] Level 5:colcon.colcon_core.verb:set package 'astra_camera' build argument 'cmake_target' from command line to 'None'
[1.315s] Level 5:colcon.colcon_core.verb:set package 'astra_camera' build argument 'cmake_target_skip_unavailable' from command line to 'False'
[1.315s] Level 5:colcon.colcon_core.verb:set package 'astra_camera' build argument 'cmake_clean_cache' from command line to 'False'
[1.315s] Level 5:colcon.colcon_core.verb:set package 'astra_camera' build argument 'cmake_clean_first' from command line to 'False'
[1.315s] Level 5:colcon.colcon_core.verb:set package 'astra_camera' build argument 'cmake_force_configure' from command line to 'False'
[1.315s] Level 5:colcon.colcon_core.verb:set package 'astra_camera' build argument 'ament_cmake_args' from command line to 'None'
[1.316s] Level 5:colcon.colcon_core.verb:set package 'astra_camera' build argument 'catkin_cmake_args' from command line to 'None'
[1.316s] Level 5:colcon.colcon_core.verb:set package 'astra_camera' build argument 'catkin_skip_building_tests' from command line to 'False'
[1.316s] DEBUG:colcon.colcon_core.verb:Building package 'astra_camera' with the following arguments: {'ament_cmake_args': None, 'build_base': '/home/andre/ros2_ws/build/astra_camera', 'catkin_cmake_args': None, 'catkin_skip_building_tests': False, 'cmake_args': None, 'cmake_clean_cache': False, 'cmake_clean_first': False, 'cmake_force_configure': False, 'cmake_target': None, 'cmake_target_skip_unavailable': False, 'install_base': '/home/andre/ros2_ws/install/astra_camera', 'merge_install': False, 'path': '/home/andre/ros2_ws/src/astra_camera/astra_camera', 'symlink_install': False, 'test_result_base': None}
[1.317s] Level 5:colcon.colcon_core.verb:set package 'detection_aruco' build argument 'cmake_args' from command line to 'None'
[1.318s] Level 5:colcon.colcon_core.verb:set package 'detection_aruco' build argument 'cmake_target' from command line to 'None'
[1.318s] Level 5:colcon.colcon_core.verb:set package 'detection_aruco' build argument 'cmake_target_skip_unavailable' from command line to 'False'
[1.318s] Level 5:colcon.colcon_core.verb:set package 'detection_aruco' build argument 'cmake_clean_cache' from command line to 'False'
[1.318s] Level 5:colcon.colcon_core.verb:set package 'detection_aruco' build argument 'cmake_clean_first' from command line to 'False'
[1.318s] Level 5:colcon.colcon_core.verb:set package 'detection_aruco' build argument 'cmake_force_configure' from command line to 'False'
[1.318s] Level 5:colcon.colcon_core.verb:set package 'detection_aruco' build argument 'ament_cmake_args' from command line to 'None'
[1.318s] Level 5:colcon.colcon_core.verb:set package 'detection_aruco' build argument 'catkin_cmake_args' from command line to 'None'
[1.318s] Level 5:colcon.colcon_core.verb:set package 'detection_aruco' build argument 'catkin_skip_building_tests' from command line to 'False'
[1.318s] DEBUG:colcon.colcon_core.verb:Building package 'detection_aruco' with the following arguments: {'ament_cmake_args': None, 'build_base': '/home/andre/ros2_ws/build/detection_aruco', 'catkin_cmake_args': None, 'catkin_skip_building_tests': False, 'cmake_args': None, 'cmake_clean_cache': False, 'cmake_clean_first': False, 'cmake_force_configure': False, 'cmake_target': None, 'cmake_target_skip_unavailable': False, 'install_base': '/home/andre/ros2_ws/install/detection_aruco', 'merge_install': False, 'path': '/home/andre/ros2_ws/src/detection_aruco', 'symlink_install': False, 'test_result_base': None}
[1.319s] Level 5:colcon.colcon_core.verb:set package 'detection_astra_camera' build argument 'cmake_args' from command line to 'None'
[1.320s] Level 5:colcon.colcon_core.verb:set package 'detection_astra_camera' build argument 'cmake_target' from command line to 'None'
[1.320s] Level 5:colcon.colcon_core.verb:set package 'detection_astra_camera' build argument 'cmake_target_skip_unavailable' from command line to 'False'
[1.320s] Level 5:colcon.colcon_core.verb:set package 'detection_astra_camera' build argument 'cmake_clean_cache' from command line to 'False'
[1.320s] Level 5:colcon.colcon_core.verb:set package 'detection_astra_camera' build argument 'cmake_clean_first' from command line to 'False'
[1.320s] Level 5:colcon.colcon_core.verb:set package 'detection_astra_camera' build argument 'cmake_force_configure' from command line to 'False'
[1.320s] Level 5:colcon.colcon_core.verb:set package 'detection_astra_camera' build argument 'ament_cmake_args' from command line to 'None'
[1.320s] Level 5:colcon.colcon_core.verb:set package 'detection_astra_camera' build argument 'catkin_cmake_args' from command line to 'None'
[1.320s] Level 5:colcon.colcon_core.verb:set package 'detection_astra_camera' build argument 'catkin_skip_building_tests' from command line to 'False'
[1.320s] DEBUG:colcon.colcon_core.verb:Building package 'detection_astra_camera' with the following arguments: {'ament_cmake_args': None, 'build_base': '/home/andre/ros2_ws/build/detection_astra_camera', 'catkin_cmake_args': None, 'catkin_skip_building_tests': False, 'cmake_args': None, 'cmake_clean_cache': False, 'cmake_clean_first': False, 'cmake_force_configure': False, 'cmake_target': None, 'cmake_target_skip_unavailable': False, 'install_base': '/home/andre/ros2_ws/install/detection_astra_camera', 'merge_install': False, 'path': '/home/andre/ros2_ws/src/detection_astra_camera', 'symlink_install': False, 'test_result_base': None}
[1.321s] INFO:colcon.colcon_core.executor:Executing jobs using 'parallel' executor
[1.326s] DEBUG:colcon.colcon_parallel_executor.executor.parallel:run_until_complete
[1.327s] INFO:colcon.colcon_ros.task.ament_cmake.build:Building ROS package in '/home/andre/ros2_ws/src/astra_camera/astra_camera_msgs' with build type 'ament_cmake'
[1.328s] INFO:colcon.colcon_cmake.task.cmake.build:Building CMake package in '/home/andre/ros2_ws/src/astra_camera/astra_camera_msgs'
[1.350s] INFO:colcon.colcon_core.plugin_system:Skipping extension 'colcon_core.shell.bat': Not used on non-Windows systems
[1.353s] INFO:colcon.colcon_core.shell:Skip shell extension 'powershell' for command environment: Not usable outside of PowerShell
[1.354s] DEBUG:colcon.colcon_core.shell:Skip shell extension 'dsv' for command environment
[1.364s] INFO:colcon.colcon_ros.task.ament_cmake.build:Building ROS package in '/home/andre/ros2_ws/src/custom_msgs' with build type 'ament_cmake'
[1.364s] INFO:colcon.colcon_cmake.task.cmake.build:Building CMake package in '/home/andre/ros2_ws/src/custom_msgs'
[1.365s] INFO:colcon.colcon_core.shell:Skip shell extension 'powershell' for command environment: Not usable outside of PowerShell
[1.365s] DEBUG:colcon.colcon_core.shell:Skip shell extension 'dsv' for command environment
[1.373s] INFO:colcon.colcon_ros.task.ament_cmake.build:Building ROS package in '/home/andre/ros2_ws/src/datos_camara' with build type 'ament_cmake'
[1.374s] INFO:colcon.colcon_cmake.task.cmake.build:Building CMake package in '/home/andre/ros2_ws/src/datos_camara'
[1.374s] INFO:colcon.colcon_core.shell:Skip shell extension 'powershell' for command environment: Not usable outside of PowerShell
[1.374s] DEBUG:colcon.colcon_core.shell:Skip shell extension 'dsv' for command environment
[1.411s] DEBUG:colcon.colcon_core.event_handler.log_command:Invoking command in '/home/andre/ros2_ws/build/datos_camara': CMAKE_PREFIX_PATH=${CMAKE_PREFIX_PATH}:/home/andre/ros2_ws/install/detection_astra_camera:/home/andre/ros2_ws/install/detection_aruco:/opt/ros/humble /usr/bin/cmake --build /home/andre/ros2_ws/build/datos_camara -- -j4 -l4
[1.423s] DEBUG:colcon.colcon_core.event_handler.log_command:Invoking command in '/home/andre/ros2_ws/build/astra_camera_msgs': CMAKE_PREFIX_PATH=${CMAKE_PREFIX_PATH}:/home/andre/ros2_ws/install/detection_astra_camera:/home/andre/ros2_ws/install/detection_aruco:/opt/ros/humble /usr/bin/cmake --build /home/andre/ros2_ws/build/astra_camera_msgs -- -j4 -l4
[1.442s] DEBUG:colcon.colcon_core.event_handler.log_command:Invoking command in '/home/andre/ros2_ws/build/custom_msgs': CMAKE_PREFIX_PATH=${CMAKE_PREFIX_PATH}:/home/andre/ros2_ws/install/detection_astra_camera:/home/andre/ros2_ws/install/detection_aruco:/opt/ros/humble /usr/bin/cmake --build /home/andre/ros2_ws/build/custom_msgs -- -j4 -l4
[5.382s] DEBUG:colcon.colcon_core.event_handler.log_command:Invoked command in '/home/andre/ros2_ws/build/custom_msgs' returned '0': CMAKE_PREFIX_PATH=${CMAKE_PREFIX_PATH}:/home/andre/ros2_ws/install/detection_astra_camera:/home/andre/ros2_ws/install/detection_aruco:/opt/ros/humble /usr/bin/cmake --build /home/andre/ros2_ws/build/custom_msgs -- -j4 -l4
[6.375s] DEBUG:colcon.colcon_core.event_handler.log_command:Invoked command in '/home/andre/ros2_ws/build/datos_camara' returned '0': CMAKE_PREFIX_PATH=${CMAKE_PREFIX_PATH}:/home/andre/ros2_ws/install/detection_astra_camera:/home/andre/ros2_ws/install/detection_aruco:/opt/ros/humble /usr/bin/cmake --build /home/andre/ros2_ws/build/datos_camara -- -j4 -l4
[6.590s] DEBUG:colcon.colcon_core.event_handler.log_command:Invoked command in '/home/andre/ros2_ws/build/astra_camera_msgs' returned '0': CMAKE_PREFIX_PATH=${CMAKE_PREFIX_PATH}:/home/andre/ros2_ws/install/detection_astra_camera:/home/andre/ros2_ws/install/detection_aruco:/opt/ros/humble /usr/bin/cmake --build /home/andre/ros2_ws/build/astra_camera_msgs -- -j4 -l4
[6.659s] DEBUG:colcon.colcon_core.event_handler.log_command:Invoking command in '/home/andre/ros2_ws/build/custom_msgs': CMAKE_PREFIX_PATH=${CMAKE_PREFIX_PATH}:/home/andre/ros2_ws/install/detection_astra_camera:/home/andre/ros2_ws/install/detection_aruco:/opt/ros/humble /usr/bin/cmake --install /home/andre/ros2_ws/build/custom_msgs
[7.058s] Level 1:colcon.colcon_core.environment:create_environment_scripts_only(custom_msgs)
[7.082s] DEBUG:colcon.colcon_core.event_handler.log_command:Invoked command in '/home/andre/ros2_ws/build/custom_msgs' returned '0': CMAKE_PREFIX_PATH=${CMAKE_PREFIX_PATH}:/home/andre/ros2_ws/install/detection_astra_camera:/home/andre/ros2_ws/install/detection_aruco:/opt/ros/humble /usr/bin/cmake --install /home/andre/ros2_ws/build/custom_msgs
[7.088s] Level 1:colcon.colcon_core.environment:checking '/home/andre/ros2_ws/install/custom_msgs' for CMake module files
[7.090s] Level 1:colcon.colcon_core.environment:checking '/home/andre/ros2_ws/install/custom_msgs' for CMake config files
[7.092s] Level 1:colcon.colcon_core.shell:create_environment_hook('custom_msgs', 'cmake_prefix_path')
[7.108s] INFO:colcon.colcon_core.shell:Creating environment hook '/home/andre/ros2_ws/install/custom_msgs/share/custom_msgs/hook/cmake_prefix_path.ps1'
[7.109s] INFO:colcon.colcon_core.shell:Creating environment descriptor '/home/andre/ros2_ws/install/custom_msgs/share/custom_msgs/hook/cmake_prefix_path.dsv'
[7.110s] INFO:colcon.colcon_core.shell:Creating environment hook '/home/andre/ros2_ws/install/custom_msgs/share/custom_msgs/hook/cmake_prefix_path.sh'
[7.114s] Level 1:colcon.colcon_core.environment:checking '/home/andre/ros2_ws/install/custom_msgs/lib'
[7.115s] Level 1:colcon.colcon_core.shell:create_environment_hook('custom_msgs', 'ld_library_path_lib')
[7.117s] INFO:colcon.colcon_core.shell:Creating environment hook '/home/andre/ros2_ws/install/custom_msgs/share/custom_msgs/hook/ld_library_path_lib.ps1'
[7.125s] INFO:colcon.colcon_core.shell:Creating environment descriptor '/home/andre/ros2_ws/install/custom_msgs/share/custom_msgs/hook/ld_library_path_lib.dsv'
[7.126s] INFO:colcon.colcon_core.shell:Creating environment hook '/home/andre/ros2_ws/install/custom_msgs/share/custom_msgs/hook/ld_library_path_lib.sh'
[7.127s] Level 1:colcon.colcon_core.environment:checking '/home/andre/ros2_ws/install/custom_msgs/bin'
[7.127s] Level 1:colcon.colcon_core.environment:checking '/home/andre/ros2_ws/install/custom_msgs/lib/pkgconfig/custom_msgs.pc'
[7.127s] Level 1:colcon.colcon_core.environment:checking '/home/andre/ros2_ws/install/custom_msgs/lib/python3.10/site-packages'
[7.128s] Level 1:colcon.colcon_core.environment:checking '/home/andre/ros2_ws/install/custom_msgs/bin'
[7.131s] INFO:colcon.colcon_core.shell:Creating package script '/home/andre/ros2_ws/install/custom_msgs/share/custom_msgs/package.ps1'
[7.143s] INFO:colcon.colcon_core.shell:Creating package descriptor '/home/andre/ros2_ws/install/custom_msgs/share/custom_msgs/package.dsv'
[7.156s] INFO:colcon.colcon_core.shell:Creating package script '/home/andre/ros2_ws/install/custom_msgs/share/custom_msgs/package.sh'
[7.158s] INFO:colcon.colcon_core.shell:Creating package script '/home/andre/ros2_ws/install/custom_msgs/share/custom_msgs/package.bash'
[7.183s] INFO:colcon.colcon_core.shell:Creating package script '/home/andre/ros2_ws/install/custom_msgs/share/custom_msgs/package.zsh'
[7.201s] Level 1:colcon.colcon_core.environment:create_file_with_runtime_dependencies(/home/andre/ros2_ws/install/custom_msgs/share/colcon-core/packages/custom_msgs)
[7.230s] DEBUG:colcon.colcon_core.event_handler.log_command:Invoking command in '/home/andre/ros2_ws/build/datos_camara': CMAKE_PREFIX_PATH=${CMAKE_PREFIX_PATH}:/home/andre/ros2_ws/install/detection_astra_camera:/home/andre/ros2_ws/install/detection_aruco:/opt/ros/humble /usr/bin/cmake --install /home/andre/ros2_ws/build/datos_camara
[7.530s] Level 1:colcon.colcon_core.environment:create_environment_scripts_only(datos_camara)
[7.531s] Level 1:colcon.colcon_core.environment:checking '/home/andre/ros2_ws/install/datos_camara' for CMake module files
[7.534s] Level 1:colcon.colcon_core.environment:checking '/home/andre/ros2_ws/install/datos_camara' for CMake config files
[7.537s] Level 1:colcon.colcon_core.shell:create_environment_hook('datos_camara', 'cmake_prefix_path')
[7.541s] INFO:colcon.colcon_core.shell:Creating environment hook '/home/andre/ros2_ws/install/datos_camara/share/datos_camara/hook/cmake_prefix_path.ps1'
[7.543s] INFO:colcon.colcon_core.shell:Creating environment descriptor '/home/andre/ros2_ws/install/datos_camara/share/datos_camara/hook/cmake_prefix_path.dsv'
[7.554s] INFO:colcon.colcon_core.shell:Creating environment hook '/home/andre/ros2_ws/install/datos_camara/share/datos_camara/hook/cmake_prefix_path.sh'
[7.564s] Level 1:colcon.colcon_core.environment:checking '/home/andre/ros2_ws/install/datos_camara/lib'
[7.564s] Level 1:colcon.colcon_core.shell:create_environment_hook('datos_camara', 'ld_library_path_lib')
[7.565s] INFO:colcon.colcon_core.shell:Creating environment hook '/home/andre/ros2_ws/install/datos_camara/share/datos_camara/hook/ld_library_path_lib.ps1'
[7.565s] INFO:colcon.colcon_core.shell:Creating environment descriptor '/home/andre/ros2_ws/install/datos_camara/share/datos_camara/hook/ld_library_path_lib.dsv'
[7.567s] INFO:colcon.colcon_core.shell:Creating environment hook '/home/andre/ros2_ws/install/datos_camara/share/datos_camara/hook/ld_library_path_lib.sh'
[7.570s] DEBUG:colcon.colcon_core.event_handler.log_command:Invoked command in '/home/andre/ros2_ws/build/datos_camara' returned '0': CMAKE_PREFIX_PATH=${CMAKE_PREFIX_PATH}:/home/andre/ros2_ws/install/detection_astra_camera:/home/andre/ros2_ws/install/detection_aruco:/opt/ros/humble /usr/bin/cmake --install /home/andre/ros2_ws/build/datos_camara
[7.574s] Level 1:colcon.colcon_core.environment:checking '/home/andre/ros2_ws/install/datos_camara/bin'
[7.574s] Level 1:colcon.colcon_core.environment:checking '/home/andre/ros2_ws/install/datos_camara/lib/pkgconfig/datos_camara.pc'
[7.576s] Level 1:colcon.colcon_core.environment:checking '/home/andre/ros2_ws/install/datos_camara/lib/python3.10/site-packages'
[7.577s] Level 1:colcon.colcon_core.environment:checking '/home/andre/ros2_ws/install/datos_camara/bin'
[7.579s] INFO:colcon.colcon_core.shell:Creating package script '/home/andre/ros2_ws/install/datos_camara/share/datos_camara/package.ps1'
[7.580s] INFO:colcon.colcon_core.shell:Creating package descriptor '/home/andre/ros2_ws/install/datos_camara/share/datos_camara/package.dsv'
[7.581s] INFO:colcon.colcon_core.shell:Creating package script '/home/andre/ros2_ws/install/datos_camara/share/datos_camara/package.sh'
[7.582s] INFO:colcon.colcon_core.shell:Creating package script '/home/andre/ros2_ws/install/datos_camara/share/datos_camara/package.bash'
[7.583s] INFO:colcon.colcon_core.shell:Creating package script '/home/andre/ros2_ws/install/datos_camara/share/datos_camara/package.zsh'
[7.584s] Level 1:colcon.colcon_core.environment:create_file_with_runtime_dependencies(/home/andre/ros2_ws/install/datos_camara/share/colcon-core/packages/datos_camara)
[7.877s] Level 1:colcon.colcon_core.environment:create_environment_scripts_only(custom_msgs)
[7.878s] Level 1:colcon.colcon_core.environment:checking '/home/andre/ros2_ws/install/custom_msgs' for CMake module files
[7.881s] Level 1:colcon.colcon_core.environment:checking '/home/andre/ros2_ws/install/custom_msgs' for CMake config files
[7.882s] Level 1:colcon.colcon_core.shell:create_environment_hook('custom_msgs', 'cmake_prefix_path')
[7.883s] INFO:colcon.colcon_core.shell:Creating environment hook '/home/andre/ros2_ws/install/custom_msgs/share/custom_msgs/hook/cmake_prefix_path.ps1'
[7.887s] INFO:colcon.colcon_core.shell:Creating environment descriptor '/home/andre/ros2_ws/install/custom_msgs/share/custom_msgs/hook/cmake_prefix_path.dsv'
[7.888s] INFO:colcon.colcon_core.shell:Creating environment hook '/home/andre/ros2_ws/install/custom_msgs/share/custom_msgs/hook/cmake_prefix_path.sh'
[7.889s] Level 1:colcon.colcon_core.environment:checking '/home/andre/ros2_ws/install/custom_msgs/lib'
[7.889s] Level 1:colcon.colcon_core.shell:create_environment_hook('custom_msgs', 'ld_library_path_lib')
[7.889s] INFO:colcon.colcon_core.shell:Creating environment hook '/home/andre/ros2_ws/install/custom_msgs/share/custom_msgs/hook/ld_library_path_lib.ps1'
[7.893s] INFO:colcon.colcon_core.shell:Creating environment descriptor '/home/andre/ros2_ws/install/custom_msgs/share/custom_msgs/hook/ld_library_path_lib.dsv'
[7.895s] INFO:colcon.colcon_core.shell:Creating environment hook '/home/andre/ros2_ws/install/custom_msgs/share/custom_msgs/hook/ld_library_path_lib.sh'
[7.896s] Level 1:colcon.colcon_core.environment:checking '/home/andre/ros2_ws/install/custom_msgs/bin'
[7.896s] Level 1:colcon.colcon_core.environment:checking '/home/andre/ros2_ws/install/custom_msgs/lib/pkgconfig/custom_msgs.pc'
[7.897s] Level 1:colcon.colcon_core.environment:checking '/home/andre/ros2_ws/install/custom_msgs/lib/python3.10/site-packages'
[7.898s] Level 1:colcon.colcon_core.environment:checking '/home/andre/ros2_ws/install/custom_msgs/bin'
[7.898s] INFO:colcon.colcon_core.shell:Creating package script '/home/andre/ros2_ws/install/custom_msgs/share/custom_msgs/package.ps1'
[7.900s] INFO:colcon.colcon_core.shell:Creating package descriptor '/home/andre/ros2_ws/install/custom_msgs/share/custom_msgs/package.dsv'
[7.901s] INFO:colcon.colcon_core.shell:Creating package script '/home/andre/ros2_ws/install/custom_msgs/share/custom_msgs/package.sh'
[7.903s] INFO:colcon.colcon_core.shell:Creating package script '/home/andre/ros2_ws/install/custom_msgs/share/custom_msgs/package.bash'
[7.905s] INFO:colcon.colcon_core.shell:Creating package script '/home/andre/ros2_ws/install/custom_msgs/share/custom_msgs/package.zsh'
[7.907s] Level 1:colcon.colcon_core.environment:create_file_with_runtime_dependencies(/home/andre/ros2_ws/install/custom_msgs/share/colcon-core/packages/custom_msgs)
[7.913s] INFO:colcon.colcon_ros.task.ament_python.build:Building ROS package in '/home/andre/ros2_ws/src/detection_aruco' with build type 'ament_python'
[7.914s] Level 1:colcon.colcon_core.shell:create_environment_hook('detection_aruco', 'ament_prefix_path')
[7.915s] INFO:colcon.colcon_core.shell:Creating environment hook '/home/andre/ros2_ws/install/detection_aruco/share/detection_aruco/hook/ament_prefix_path.ps1'
[7.917s] INFO:colcon.colcon_core.shell:Creating environment descriptor '/home/andre/ros2_ws/install/detection_aruco/share/detection_aruco/hook/ament_prefix_path.dsv'
[7.919s] INFO:colcon.colcon_core.shell:Creating environment hook '/home/andre/ros2_ws/install/detection_aruco/share/detection_aruco/hook/ament_prefix_path.sh'
[7.934s] INFO:colcon.colcon_core.shell:Skip shell extension 'powershell' for command environment: Not usable outside of PowerShell
[7.934s] DEBUG:colcon.colcon_core.shell:Skip shell extension 'dsv' for command environment
[9.046s] INFO:colcon.colcon_core.task.python.build:Building Python package in '/home/andre/ros2_ws/src/detection_aruco'
[9.047s] INFO:colcon.colcon_core.shell:Skip shell extension 'powershell' for command environment: Not usable outside of PowerShell
[9.047s] DEBUG:colcon.colcon_core.shell:Skip shell extension 'dsv' for command environment
[9.068s] Level 1:colcon.colcon_core.environment:create_environment_scripts_only(datos_camara)
[9.069s] Level 1:colcon.colcon_core.environment:checking '/home/andre/ros2_ws/install/datos_camara' for CMake module files
[9.075s] Level 1:colcon.colcon_core.environment:checking '/home/andre/ros2_ws/install/datos_camara' for CMake config files
[9.076s] Level 1:colcon.colcon_core.shell:create_environment_hook('datos_camara', 'cmake_prefix_path')
[9.077s] INFO:colcon.colcon_core.shell:Creating environment hook '/home/andre/ros2_ws/install/datos_camara/share/datos_camara/hook/cmake_prefix_path.ps1'
[9.081s] INFO:colcon.colcon_core.shell:Creating environment descriptor '/home/andre/ros2_ws/install/datos_camara/share/datos_camara/hook/cmake_prefix_path.dsv'
[9.083s] INFO:colcon.colcon_core.shell:Creating environment hook '/home/andre/ros2_ws/install/datos_camara/share/datos_camara/hook/cmake_prefix_path.sh'
[9.084s] Level 1:colcon.colcon_core.environment:checking '/home/andre/ros2_ws/install/datos_camara/lib'
[9.090s] Level 1:colcon.colcon_core.shell:create_environment_hook('datos_camara', 'ld_library_path_lib')
[9.090s] INFO:colcon.colcon_core.shell:Creating environment hook '/home/andre/ros2_ws/install/datos_camara/share/datos_camara/hook/ld_library_path_lib.ps1'
[9.091s] INFO:colcon.colcon_core.shell:Creating environment descriptor '/home/andre/ros2_ws/install/datos_camara/share/datos_camara/hook/ld_library_path_lib.dsv'
[9.092s] INFO:colcon.colcon_core.shell:Creating environment hook '/home/andre/ros2_ws/install/datos_camara/share/datos_camara/hook/ld_library_path_lib.sh'
[9.092s] Level 1:colcon.colcon_core.environment:checking '/home/andre/ros2_ws/install/datos_camara/bin'
[9.093s] Level 1:colcon.colcon_core.environment:checking '/home/andre/ros2_ws/install/datos_camara/lib/pkgconfig/datos_camara.pc'
[9.094s] Level 1:colcon.colcon_core.environment:checking '/home/andre/ros2_ws/install/datos_camara/lib/python3.10/site-packages'
[9.094s] Level 1:colcon.colcon_core.environment:checking '/home/andre/ros2_ws/install/datos_camara/bin'
[9.095s] INFO:colcon.colcon_core.shell:Creating package script '/home/andre/ros2_ws/install/datos_camara/share/datos_camara/package.ps1'
[9.096s] INFO:colcon.colcon_core.shell:Creating package descriptor '/home/andre/ros2_ws/install/datos_camara/share/datos_camara/package.dsv'
[9.102s] INFO:colcon.colcon_core.shell:Creating package script '/home/andre/ros2_ws/install/datos_camara/share/datos_camara/package.sh'
[9.102s] INFO:colcon.colcon_core.shell:Creating package script '/home/andre/ros2_ws/install/datos_camara/share/datos_camara/package.bash'
[9.103s] INFO:colcon.colcon_core.shell:Creating package script '/home/andre/ros2_ws/install/datos_camara/share/datos_camara/package.zsh'
[9.104s] Level 1:colcon.colcon_core.environment:create_file_with_runtime_dependencies(/home/andre/ros2_ws/install/datos_camara/share/colcon-core/packages/datos_camara)
[9.123s] DEBUG:colcon.colcon_core.event_handler.log_command:Invoking command in '/home/andre/ros2_ws/build/astra_camera_msgs': CMAKE_PREFIX_PATH=${CMAKE_PREFIX_PATH}:/home/andre/ros2_ws/install/detection_astra_camera:/home/andre/ros2_ws/install/detection_aruco:/opt/ros/humble /usr/bin/cmake --install /home/andre/ros2_ws/build/astra_camera_msgs
[9.537s] Level 1:colcon.colcon_core.environment:create_environment_scripts_only(astra_camera_msgs)
[9.538s] Level 1:colcon.colcon_core.environment:checking '/home/andre/ros2_ws/install/astra_camera_msgs' for CMake module files
[9.539s] Level 1:colcon.colcon_core.environment:checking '/home/andre/ros2_ws/install/astra_camera_msgs' for CMake config files
[9.540s] Level 1:colcon.colcon_core.shell:create_environment_hook('astra_camera_msgs', 'cmake_prefix_path')
[9.541s] INFO:colcon.colcon_core.shell:Creating environment hook '/home/andre/ros2_ws/install/astra_camera_msgs/share/astra_camera_msgs/hook/cmake_prefix_path.ps1'
[9.542s] INFO:colcon.colcon_core.shell:Creating environment descriptor '/home/andre/ros2_ws/install/astra_camera_msgs/share/astra_camera_msgs/hook/cmake_prefix_path.dsv'
[9.542s] INFO:colcon.colcon_core.shell:Creating environment hook '/home/andre/ros2_ws/install/astra_camera_msgs/share/astra_camera_msgs/hook/cmake_prefix_path.sh'
[9.544s] Level 1:colcon.colcon_core.environment:checking '/home/andre/ros2_ws/install/astra_camera_msgs/lib'
[9.549s] DEBUG:colcon.colcon_core.event_handler.log_command:Invoked command in '/home/andre/ros2_ws/build/astra_camera_msgs' returned '0': CMAKE_PREFIX_PATH=${CMAKE_PREFIX_PATH}:/home/andre/ros2_ws/install/detection_astra_camera:/home/andre/ros2_ws/install/detection_aruco:/opt/ros/humble /usr/bin/cmake --install /home/andre/ros2_ws/build/astra_camera_msgs
[9.550s] Level 1:colcon.colcon_core.shell:create_environment_hook('astra_camera_msgs', 'ld_library_path_lib')
[9.550s] INFO:colcon.colcon_core.shell:Creating environment hook '/home/andre/ros2_ws/install/astra_camera_msgs/share/astra_camera_msgs/hook/ld_library_path_lib.ps1'
[9.552s] INFO:colcon.colcon_core.shell:Creating environment descriptor '/home/andre/ros2_ws/install/astra_camera_msgs/share/astra_camera_msgs/hook/ld_library_path_lib.dsv'
[9.552s] INFO:colcon.colcon_core.shell:Creating environment hook '/home/andre/ros2_ws/install/astra_camera_msgs/share/astra_camera_msgs/hook/ld_library_path_lib.sh'
[9.553s] Level 1:colcon.colcon_core.environment:checking '/home/andre/ros2_ws/install/astra_camera_msgs/bin'
[9.565s] Level 1:colcon.colcon_core.environment:checking '/home/andre/ros2_ws/install/astra_camera_msgs/lib/pkgconfig/astra_camera_msgs.pc'
[9.565s] Level 1:colcon.colcon_core.environment:checking '/home/andre/ros2_ws/install/astra_camera_msgs/lib/python3.10/site-packages'
[9.566s] Level 1:colcon.colcon_core.environment:checking '/home/andre/ros2_ws/install/astra_camera_msgs/bin'
[9.567s] INFO:colcon.colcon_core.shell:Creating package script '/home/andre/ros2_ws/install/astra_camera_msgs/share/astra_camera_msgs/package.ps1'
[9.583s] INFO:colcon.colcon_core.shell:Creating package descriptor '/home/andre/ros2_ws/install/astra_camera_msgs/share/astra_camera_msgs/package.dsv'
[9.585s] INFO:colcon.colcon_core.shell:Creating package script '/home/andre/ros2_ws/install/astra_camera_msgs/share/astra_camera_msgs/package.sh'
[9.586s] INFO:colcon.colcon_core.shell:Creating package script '/home/andre/ros2_ws/install/astra_camera_msgs/share/astra_camera_msgs/package.bash'
[9.588s] INFO:colcon.colcon_core.shell:Creating package script '/home/andre/ros2_ws/install/astra_camera_msgs/share/astra_camera_msgs/package.zsh'
[9.596s] Level 1:colcon.colcon_core.environment:create_file_with_runtime_dependencies(/home/andre/ros2_ws/install/astra_camera_msgs/share/colcon-core/packages/astra_camera_msgs)
[10.762s] DEBUG:colcon.colcon_core.event_handler.log_command:Invoking command in '/home/andre/ros2_ws/src/detection_aruco': CMAKE_PREFIX_PATH=/home/andre/ros2_ws/install/custom_msgs:/home/andre/ros2_ws/install/datos_camara:/home/andre/ros2_ws/install/astra_camera:/home/andre/ros2_ws/install/astra_camera_msgs LD_LIBRARY_PATH=/home/andre/ros2_ws/install/custom_msgs/lib:/home/andre/ros2_ws/install/datos_camara/lib:/home/andre/ros2_ws/install/astra_camera/lib:/home/andre/ros2_ws/install/astra_camera_msgs/lib:/opt/ros/humble/opt/rviz_ogre_vendor/lib:/opt/ros/humble/lib/x86_64-linux-gnu:/opt/ros/humble/lib PYTHONPATH=/home/andre/ros2_ws/build/detection_aruco/prefix_override:/home/andre/ros2_ws/install/detection_aruco/lib/python3.10/site-packages:${PYTHONPATH} /usr/bin/python3 -W ignore:setup.py install is deprecated setup.py egg_info --egg-base ../../build/detection_aruco build --build-base /home/andre/ros2_ws/build/detection_aruco/build install --record /home/andre/ros2_ws/build/detection_aruco/install.log --single-version-externally-managed install_data
[11.108s] Level 1:colcon.colcon_core.environment:create_environment_scripts_only(astra_camera_msgs)
[11.109s] Level 1:colcon.colcon_core.environment:checking '/home/andre/ros2_ws/install/astra_camera_msgs' for CMake module files
[11.110s] Level 1:colcon.colcon_core.environment:checking '/home/andre/ros2_ws/install/astra_camera_msgs' for CMake config files
[11.116s] Level 1:colcon.colcon_core.shell:create_environment_hook('astra_camera_msgs', 'cmake_prefix_path')
[11.119s] INFO:colcon.colcon_core.shell:Creating environment hook '/home/andre/ros2_ws/install/astra_camera_msgs/share/astra_camera_msgs/hook/cmake_prefix_path.ps1'
[11.120s] INFO:colcon.colcon_core.shell:Creating environment descriptor '/home/andre/ros2_ws/install/astra_camera_msgs/share/astra_camera_msgs/hook/cmake_prefix_path.dsv'
[11.123s] INFO:colcon.colcon_core.shell:Creating environment hook '/home/andre/ros2_ws/install/astra_camera_msgs/share/astra_camera_msgs/hook/cmake_prefix_path.sh'
[11.126s] Level 1:colcon.colcon_core.environment:checking '/home/andre/ros2_ws/install/astra_camera_msgs/lib'
[11.126s] Level 1:colcon.colcon_core.shell:create_environment_hook('astra_camera_msgs', 'ld_library_path_lib')
[11.127s] INFO:colcon.colcon_core.shell:Creating environment hook '/home/andre/ros2_ws/install/astra_camera_msgs/share/astra_camera_msgs/hook/ld_library_path_lib.ps1'
[11.129s] INFO:colcon.colcon_core.shell:Creating environment descriptor '/home/andre/ros2_ws/install/astra_camera_msgs/share/astra_camera_msgs/hook/ld_library_path_lib.dsv'
[11.130s] INFO:colcon.colcon_core.shell:Creating environment hook '/home/andre/ros2_ws/install/astra_camera_msgs/share/astra_camera_msgs/hook/ld_library_path_lib.sh'
[11.132s] Level 1:colcon.colcon_core.environment:checking '/home/andre/ros2_ws/install/astra_camera_msgs/bin'
[11.133s] Level 1:colcon.colcon_core.environment:checking '/home/andre/ros2_ws/install/astra_camera_msgs/lib/pkgconfig/astra_camera_msgs.pc'
[11.149s] Level 1:colcon.colcon_core.environment:checking '/home/andre/ros2_ws/install/astra_camera_msgs/lib/python3.10/site-packages'
[11.150s] Level 1:colcon.colcon_core.environment:checking '/home/andre/ros2_ws/install/astra_camera_msgs/bin'
[11.154s] INFO:colcon.colcon_core.shell:Creating package script '/home/andre/ros2_ws/install/astra_camera_msgs/share/astra_camera_msgs/package.ps1'
[11.158s] INFO:colcon.colcon_core.shell:Creating package descriptor '/home/andre/ros2_ws/install/astra_camera_msgs/share/astra_camera_msgs/package.dsv'
[11.162s] INFO:colcon.colcon_core.shell:Creating package script '/home/andre/ros2_ws/install/astra_camera_msgs/share/astra_camera_msgs/package.sh'
[11.163s] INFO:colcon.colcon_core.shell:Creating package script '/home/andre/ros2_ws/install/astra_camera_msgs/share/astra_camera_msgs/package.bash'
[11.165s] INFO:colcon.colcon_core.shell:Creating package script '/home/andre/ros2_ws/install/astra_camera_msgs/share/astra_camera_msgs/package.zsh'
[11.166s] Level 1:colcon.colcon_core.environment:create_file_with_runtime_dependencies(/home/andre/ros2_ws/install/astra_camera_msgs/share/colcon-core/packages/astra_camera_msgs)
[11.190s] INFO:colcon.colcon_ros.task.ament_cmake.build:Building ROS package in '/home/andre/ros2_ws/src/astra_camera/astra_camera' with build type 'ament_cmake'
[11.190s] INFO:colcon.colcon_cmake.task.cmake.build:Building CMake package in '/home/andre/ros2_ws/src/astra_camera/astra_camera'
[11.191s] INFO:colcon.colcon_core.shell:Skip shell extension 'powershell' for command environment: Not usable outside of PowerShell
[11.191s] DEBUG:colcon.colcon_core.shell:Skip shell extension 'dsv' for command environment
[11.251s] DEBUG:colcon.colcon_core.event_handler.log_command:Invoking command in '/home/andre/ros2_ws/build/astra_camera': CMAKE_PREFIX_PATH=/home/andre/ros2_ws/install/astra_camera_msgs:/home/andre/ros2_ws/install/datos_camara:/home/andre/ros2_ws/install/custom_msgs:/home/andre/ros2_ws/install/astra_camera:/home/andre/ros2_ws/install/detection_astra_camera:/home/andre/ros2_ws/install/detection_aruco:/opt/ros/humble LD_LIBRARY_PATH=/home/andre/ros2_ws/install/astra_camera_msgs/lib:/home/andre/ros2_ws/install/datos_camara/lib:/home/andre/ros2_ws/install/custom_msgs/lib:/home/andre/ros2_ws/install/astra_camera/lib:/opt/ros/humble/opt/rviz_ogre_vendor/lib:/opt/ros/humble/lib/x86_64-linux-gnu:/opt/ros/humble/lib /usr/bin/cmake --build /home/andre/ros2_ws/build/astra_camera -- -j4 -l4
[11.915s] DEBUG:colcon.colcon_core.event_handler.log_command:Invoked command in '/home/andre/ros2_ws/build/astra_camera' returned '0': CMAKE_PREFIX_PATH=/home/andre/ros2_ws/install/astra_camera_msgs:/home/andre/ros2_ws/install/datos_camara:/home/andre/ros2_ws/install/custom_msgs:/home/andre/ros2_ws/install/astra_camera:/home/andre/ros2_ws/install/detection_astra_camera:/home/andre/ros2_ws/install/detection_aruco:/opt/ros/humble LD_LIBRARY_PATH=/home/andre/ros2_ws/install/astra_camera_msgs/lib:/home/andre/ros2_ws/install/datos_camara/lib:/home/andre/ros2_ws/install/custom_msgs/lib:/home/andre/ros2_ws/install/astra_camera/lib:/opt/ros/humble/opt/rviz_ogre_vendor/lib:/opt/ros/humble/lib/x86_64-linux-gnu:/opt/ros/humble/lib /usr/bin/cmake --build /home/andre/ros2_ws/build/astra_camera -- -j4 -l4
[12.086s] Level 1:colcon.colcon_core.environment:checking '/home/andre/ros2_ws/install/detection_aruco' for CMake module files
[12.087s] Level 1:colcon.colcon_core.environment:checking '/home/andre/ros2_ws/install/detection_aruco' for CMake config files
[12.093s] DEBUG:colcon.colcon_core.event_handler.log_command:Invoked command in '/home/andre/ros2_ws/src/detection_aruco' returned '0': CMAKE_PREFIX_PATH=/home/andre/ros2_ws/install/custom_msgs:/home/andre/ros2_ws/install/datos_camara:/home/andre/ros2_ws/install/astra_camera:/home/andre/ros2_ws/install/astra_camera_msgs LD_LIBRARY_PATH=/home/andre/ros2_ws/install/custom_msgs/lib:/home/andre/ros2_ws/install/datos_camara/lib:/home/andre/ros2_ws/install/astra_camera/lib:/home/andre/ros2_ws/install/astra_camera_msgs/lib:/opt/ros/humble/opt/rviz_ogre_vendor/lib:/opt/ros/humble/lib/x86_64-linux-gnu:/opt/ros/humble/lib PYTHONPATH=/home/andre/ros2_ws/build/detection_aruco/prefix_override:/home/andre/ros2_ws/install/detection_aruco/lib/python3.10/site-packages:${PYTHONPATH} /usr/bin/python3 -W ignore:setup.py install is deprecated setup.py egg_info --egg-base ../../build/detection_aruco build --build-base /home/andre/ros2_ws/build/detection_aruco/build install --record /home/andre/ros2_ws/build/detection_aruco/install.log --single-version-externally-managed install_data
[12.094s] Level 1:colcon.colcon_core.environment:checking '/home/andre/ros2_ws/install/detection_aruco/lib'
[12.094s] Level 1:colcon.colcon_core.environment:checking '/home/andre/ros2_ws/install/detection_aruco/bin'
[12.094s] Level 1:colcon.colcon_core.environment:checking '/home/andre/ros2_ws/install/detection_aruco/lib/pkgconfig/detection_aruco.pc'
[12.094s] Level 1:colcon.colcon_core.environment:checking '/home/andre/ros2_ws/install/detection_aruco/lib/python3.10/site-packages'
[12.095s] Level 1:colcon.colcon_core.shell:create_environment_hook('detection_aruco', 'pythonpath')
[12.095s] INFO:colcon.colcon_core.shell:Creating environment hook '/home/andre/ros2_ws/install/detection_aruco/share/detection_aruco/hook/pythonpath.ps1'
[12.097s] INFO:colcon.colcon_core.shell:Creating environment descriptor '/home/andre/ros2_ws/install/detection_aruco/share/detection_aruco/hook/pythonpath.dsv'
[12.098s] INFO:colcon.colcon_core.shell:Creating environment hook '/home/andre/ros2_ws/install/detection_aruco/share/detection_aruco/hook/pythonpath.sh'
[12.100s] Level 1:colcon.colcon_core.environment:checking '/home/andre/ros2_ws/install/detection_aruco/bin'
[12.100s] Level 1:colcon.colcon_core.environment:create_environment_scripts_only(detection_aruco)
[12.101s] INFO:colcon.colcon_core.shell:Creating package script '/home/andre/ros2_ws/install/detection_aruco/share/detection_aruco/package.ps1'
[12.102s] INFO:colcon.colcon_core.shell:Creating package descriptor '/home/andre/ros2_ws/install/detection_aruco/share/detection_aruco/package.dsv'
[12.103s] INFO:colcon.colcon_core.shell:Creating package script '/home/andre/ros2_ws/install/detection_aruco/share/detection_aruco/package.sh'
[12.104s] INFO:colcon.colcon_core.shell:Creating package script '/home/andre/ros2_ws/install/detection_aruco/share/detection_aruco/package.bash'
[12.104s] INFO:colcon.colcon_core.shell:Creating package script '/home/andre/ros2_ws/install/detection_aruco/share/detection_aruco/package.zsh'
[12.106s] Level 1:colcon.colcon_core.environment:create_file_with_runtime_dependencies(/home/andre/ros2_ws/install/detection_aruco/share/colcon-core/packages/detection_aruco)
[12.195s] DEBUG:colcon.colcon_core.event_handler.log_command:Invoking command in '/home/andre/ros2_ws/build/astra_camera': CMAKE_PREFIX_PATH=/home/andre/ros2_ws/install/astra_camera_msgs:/home/andre/ros2_ws/install/datos_camara:/home/andre/ros2_ws/install/custom_msgs:/home/andre/ros2_ws/install/astra_camera:/home/andre/ros2_ws/install/detection_astra_camera:/home/andre/ros2_ws/install/detection_aruco:/opt/ros/humble LD_LIBRARY_PATH=/home/andre/ros2_ws/install/astra_camera_msgs/lib:/home/andre/ros2_ws/install/datos_camara/lib:/home/andre/ros2_ws/install/custom_msgs/lib:/home/andre/ros2_ws/install/astra_camera/lib:/opt/ros/humble/opt/rviz_ogre_vendor/lib:/opt/ros/humble/lib/x86_64-linux-gnu:/opt/ros/humble/lib /usr/bin/cmake --install /home/andre/ros2_ws/build/astra_camera
[12.278s] Level 1:colcon.colcon_core.environment:create_environment_scripts_only(astra_camera)
[12.279s] Level 1:colcon.colcon_core.environment:checking '/home/andre/ros2_ws/install/astra_camera' for CMake module files
[12.283s] Level 1:colcon.colcon_core.environment:checking '/home/andre/ros2_ws/install/astra_camera' for CMake config files
[12.287s] Level 1:colcon.colcon_core.shell:create_environment_hook('astra_camera', 'cmake_prefix_path')
[12.287s] INFO:colcon.colcon_core.shell:Creating environment hook '/home/andre/ros2_ws/install/astra_camera/share/astra_camera/hook/cmake_prefix_path.ps1'
[12.290s] DEBUG:colcon.colcon_core.event_handler.log_command:Invoked command in '/home/andre/ros2_ws/build/astra_camera' returned '0': CMAKE_PREFIX_PATH=/home/andre/ros2_ws/install/astra_camera_msgs:/home/andre/ros2_ws/install/datos_camara:/home/andre/ros2_ws/install/custom_msgs:/home/andre/ros2_ws/install/astra_camera:/home/andre/ros2_ws/install/detection_astra_camera:/home/andre/ros2_ws/install/detection_aruco:/opt/ros/humble LD_LIBRARY_PATH=/home/andre/ros2_ws/install/astra_camera_msgs/lib:/home/andre/ros2_ws/install/datos_camara/lib:/home/andre/ros2_ws/install/custom_msgs/lib:/home/andre/ros2_ws/install/astra_camera/lib:/opt/ros/humble/opt/rviz_ogre_vendor/lib:/opt/ros/humble/lib/x86_64-linux-gnu:/opt/ros/humble/lib /usr/bin/cmake --install /home/andre/ros2_ws/build/astra_camera
[12.291s] INFO:colcon.colcon_core.shell:Creating environment descriptor '/home/andre/ros2_ws/install/astra_camera/share/astra_camera/hook/cmake_prefix_path.dsv'
[12.293s] INFO:colcon.colcon_core.shell:Creating environment hook '/home/andre/ros2_ws/install/astra_camera/share/astra_camera/hook/cmake_prefix_path.sh'
[12.295s] Level 1:colcon.colcon_core.environment:checking '/home/andre/ros2_ws/install/astra_camera/lib'
[12.295s] Level 1:colcon.colcon_core.shell:create_environment_hook('astra_camera', 'ld_library_path_lib')
[12.296s] INFO:colcon.colcon_core.shell:Creating environment hook '/home/andre/ros2_ws/install/astra_camera/share/astra_camera/hook/ld_library_path_lib.ps1'
[12.298s] INFO:colcon.colcon_core.shell:Creating environment descriptor '/home/andre/ros2_ws/install/astra_camera/share/astra_camera/hook/ld_library_path_lib.dsv'
[12.303s] INFO:colcon.colcon_core.shell:Creating environment hook '/home/andre/ros2_ws/install/astra_camera/share/astra_camera/hook/ld_library_path_lib.sh'
[12.305s] Level 1:colcon.colcon_core.environment:checking '/home/andre/ros2_ws/install/astra_camera/bin'
[12.306s] Level 1:colcon.colcon_core.environment:checking '/home/andre/ros2_ws/install/astra_camera/lib/pkgconfig/astra_camera.pc'
[12.306s] Level 1:colcon.colcon_core.environment:checking '/home/andre/ros2_ws/install/astra_camera/lib/python3.10/site-packages'
[12.307s] Level 1:colcon.colcon_core.environment:checking '/home/andre/ros2_ws/install/astra_camera/bin'
[12.309s] INFO:colcon.colcon_core.shell:Creating package script '/home/andre/ros2_ws/install/astra_camera/share/astra_camera/package.ps1'
[12.311s] INFO:colcon.colcon_core.shell:Creating package descriptor '/home/andre/ros2_ws/install/astra_camera/share/astra_camera/package.dsv'
[12.319s] INFO:colcon.colcon_core.shell:Creating package script '/home/andre/ros2_ws/install/astra_camera/share/astra_camera/package.sh'
[12.321s] INFO:colcon.colcon_core.shell:Creating package script '/home/andre/ros2_ws/install/astra_camera/share/astra_camera/package.bash'
[12.322s] INFO:colcon.colcon_core.shell:Creating package script '/home/andre/ros2_ws/install/astra_camera/share/astra_camera/package.zsh'
[12.322s] Level 1:colcon.colcon_core.environment:create_file_with_runtime_dependencies(/home/andre/ros2_ws/install/astra_camera/share/colcon-core/packages/astra_camera)
[12.592s] Level 1:colcon.colcon_core.environment:create_environment_scripts_only(astra_camera)
[12.593s] Level 1:colcon.colcon_core.environment:checking '/home/andre/ros2_ws/install/astra_camera' for CMake module files
[12.594s] Level 1:colcon.colcon_core.environment:checking '/home/andre/ros2_ws/install/astra_camera' for CMake config files
[12.595s] Level 1:colcon.colcon_core.shell:create_environment_hook('astra_camera', 'cmake_prefix_path')
[12.595s] INFO:colcon.colcon_core.shell:Creating environment hook '/home/andre/ros2_ws/install/astra_camera/share/astra_camera/hook/cmake_prefix_path.ps1'
[12.604s] INFO:colcon.colcon_core.shell:Creating environment descriptor '/home/andre/ros2_ws/install/astra_camera/share/astra_camera/hook/cmake_prefix_path.dsv'
[12.606s] INFO:colcon.colcon_core.shell:Creating environment hook '/home/andre/ros2_ws/install/astra_camera/share/astra_camera/hook/cmake_prefix_path.sh'
[12.607s] Level 1:colcon.colcon_core.environment:checking '/home/andre/ros2_ws/install/astra_camera/lib'
[12.608s] Level 1:colcon.colcon_core.shell:create_environment_hook('astra_camera', 'ld_library_path_lib')
[12.608s] INFO:colcon.colcon_core.shell:Creating environment hook '/home/andre/ros2_ws/install/astra_camera/share/astra_camera/hook/ld_library_path_lib.ps1'
[12.614s] INFO:colcon.colcon_core.shell:Creating environment descriptor '/home/andre/ros2_ws/install/astra_camera/share/astra_camera/hook/ld_library_path_lib.dsv'
[12.615s] INFO:colcon.colcon_core.shell:Creating environment hook '/home/andre/ros2_ws/install/astra_camera/share/astra_camera/hook/ld_library_path_lib.sh'
[12.617s] Level 1:colcon.colcon_core.environment:checking '/home/andre/ros2_ws/install/astra_camera/bin'
[12.617s] Level 1:colcon.colcon_core.environment:checking '/home/andre/ros2_ws/install/astra_camera/lib/pkgconfig/astra_camera.pc'
[12.618s] Level 1:colcon.colcon_core.environment:checking '/home/andre/ros2_ws/install/astra_camera/lib/python3.10/site-packages'
[12.619s] Level 1:colcon.colcon_core.environment:checking '/home/andre/ros2_ws/install/astra_camera/bin'
[12.626s] INFO:colcon.colcon_core.shell:Creating package script '/home/andre/ros2_ws/install/astra_camera/share/astra_camera/package.ps1'
[12.627s] INFO:colcon.colcon_core.shell:Creating package descriptor '/home/andre/ros2_ws/install/astra_camera/share/astra_camera/package.dsv'
[12.629s] INFO:colcon.colcon_core.shell:Creating package script '/home/andre/ros2_ws/install/astra_camera/share/astra_camera/package.sh'
[12.635s] INFO:colcon.colcon_core.shell:Creating package script '/home/andre/ros2_ws/install/astra_camera/share/astra_camera/package.bash'
[12.636s] INFO:colcon.colcon_core.shell:Creating package script '/home/andre/ros2_ws/install/astra_camera/share/astra_camera/package.zsh'
[12.637s] Level 1:colcon.colcon_core.environment:create_file_with_runtime_dependencies(/home/andre/ros2_ws/install/astra_camera/share/colcon-core/packages/astra_camera)
[12.638s] INFO:colcon.colcon_ros.task.ament_python.build:Building ROS package in '/home/andre/ros2_ws/src/detection_astra_camera' with build type 'ament_python'
[12.645s] Level 1:colcon.colcon_core.shell:create_environment_hook('detection_astra_camera', 'ament_prefix_path')
[12.646s] INFO:colcon.colcon_core.shell:Creating environment hook '/home/andre/ros2_ws/install/detection_astra_camera/share/detection_astra_camera/hook/ament_prefix_path.ps1'
[12.647s] INFO:colcon.colcon_core.shell:Creating environment descriptor '/home/andre/ros2_ws/install/detection_astra_camera/share/detection_astra_camera/hook/ament_prefix_path.dsv'
[12.647s] INFO:colcon.colcon_core.shell:Creating environment hook '/home/andre/ros2_ws/install/detection_astra_camera/share/detection_astra_camera/hook/ament_prefix_path.sh'
[12.649s] INFO:colcon.colcon_core.shell:Skip shell extension 'powershell' for command environment: Not usable outside of PowerShell
[12.649s] DEBUG:colcon.colcon_core.shell:Skip shell extension 'dsv' for command environment
[13.780s] INFO:colcon.colcon_core.task.python.build:Building Python package in '/home/andre/ros2_ws/src/detection_astra_camera'
[13.781s] INFO:colcon.colcon_core.shell:Skip shell extension 'powershell' for command environment: Not usable outside of PowerShell
[13.781s] DEBUG:colcon.colcon_core.shell:Skip shell extension 'dsv' for command environment
[15.091s] DEBUG:colcon.colcon_core.event_handler.log_command:Invoking command in '/home/andre/ros2_ws/src/detection_astra_camera': CMAKE_PREFIX_PATH=/home/andre/ros2_ws/install/astra_camera:/home/andre/ros2_ws/install/astra_camera_msgs:/home/andre/ros2_ws/install/datos_camara:/home/andre/ros2_ws/install/custom_msgs LD_LIBRARY_PATH=/home/andre/ros2_ws/install/astra_camera/lib:/home/andre/ros2_ws/install/astra_camera_msgs/lib:/home/andre/ros2_ws/install/datos_camara/lib:/home/andre/ros2_ws/install/custom_msgs/lib:/opt/ros/humble/opt/rviz_ogre_vendor/lib:/opt/ros/humble/lib/x86_64-linux-gnu:/opt/ros/humble/lib PYTHONPATH=/home/andre/ros2_ws/build/detection_astra_camera/prefix_override:/home/andre/ros2_ws/install/detection_astra_camera/lib/python3.10/site-packages:${PYTHONPATH} /usr/bin/python3 -W ignore:setup.py install is deprecated setup.py egg_info --egg-base ../../build/detection_astra_camera build --build-base /home/andre/ros2_ws/build/detection_astra_camera/build install --record /home/andre/ros2_ws/build/detection_astra_camera/install.log --single-version-externally-managed install_data
[16.144s] Level 1:colcon.colcon_core.environment:checking '/home/andre/ros2_ws/install/detection_astra_camera' for CMake module files
[16.145s] Level 1:colcon.colcon_core.environment:checking '/home/andre/ros2_ws/install/detection_astra_camera' for CMake config files
[16.146s] Level 1:colcon.colcon_core.environment:checking '/home/andre/ros2_ws/install/detection_astra_camera/lib'
[16.146s] Level 1:colcon.colcon_core.environment:checking '/home/andre/ros2_ws/install/detection_astra_camera/bin'
[16.146s] Level 1:colcon.colcon_core.environment:checking '/home/andre/ros2_ws/install/detection_astra_camera/lib/pkgconfig/detection_astra_camera.pc'
[16.146s] Level 1:colcon.colcon_core.environment:checking '/home/andre/ros2_ws/install/detection_astra_camera/lib/python3.10/site-packages'
[16.146s] Level 1:colcon.colcon_core.shell:create_environment_hook('detection_astra_camera', 'pythonpath')
[16.147s] INFO:colcon.colcon_core.shell:Creating environment hook '/home/andre/ros2_ws/install/detection_astra_camera/share/detection_astra_camera/hook/pythonpath.ps1'
[16.148s] INFO:colcon.colcon_core.shell:Creating environment descriptor '/home/andre/ros2_ws/install/detection_astra_camera/share/detection_astra_camera/hook/pythonpath.dsv'
[16.148s] INFO:colcon.colcon_core.shell:Creating environment hook '/home/andre/ros2_ws/install/detection_astra_camera/share/detection_astra_camera/hook/pythonpath.sh'
[16.150s] Level 1:colcon.colcon_core.environment:checking '/home/andre/ros2_ws/install/detection_astra_camera/bin'
[16.150s] Level 1:colcon.colcon_core.environment:create_environment_scripts_only(detection_astra_camera)
[16.150s] INFO:colcon.colcon_core.shell:Creating package script '/home/andre/ros2_ws/install/detection_astra_camera/share/detection_astra_camera/package.ps1'
[16.152s] INFO:colcon.colcon_core.shell:Creating package descriptor '/home/andre/ros2_ws/install/detection_astra_camera/share/detection_astra_camera/package.dsv'
[16.153s] INFO:colcon.colcon_core.shell:Creating package script '/home/andre/ros2_ws/install/detection_astra_camera/share/detection_astra_camera/package.sh'
[16.154s] INFO:colcon.colcon_core.shell:Creating package script '/home/andre/ros2_ws/install/detection_astra_camera/share/detection_astra_camera/package.bash'
[16.155s] INFO:colcon.colcon_core.shell:Creating package script '/home/andre/ros2_ws/install/detection_astra_camera/share/detection_astra_camera/package.zsh'
[16.156s] Level 1:colcon.colcon_core.environment:create_file_with_runtime_dependencies(/home/andre/ros2_ws/install/detection_astra_camera/share/colcon-core/packages/detection_astra_camera)
[16.156s] DEBUG:colcon.colcon_parallel_executor.executor.parallel:closing loop
[16.157s] DEBUG:colcon.colcon_core.event_handler.log_command:Invoked command in '/home/andre/ros2_ws/src/detection_astra_camera' returned '0': CMAKE_PREFIX_PATH=/home/andre/ros2_ws/install/astra_camera:/home/andre/ros2_ws/install/astra_camera_msgs:/home/andre/ros2_ws/install/datos_camara:/home/andre/ros2_ws/install/custom_msgs LD_LIBRARY_PATH=/home/andre/ros2_ws/install/astra_camera/lib:/home/andre/ros2_ws/install/astra_camera_msgs/lib:/home/andre/ros2_ws/install/datos_camara/lib:/home/andre/ros2_ws/install/custom_msgs/lib:/opt/ros/humble/opt/rviz_ogre_vendor/lib:/opt/ros/humble/lib/x86_64-linux-gnu:/opt/ros/humble/lib PYTHONPATH=/home/andre/ros2_ws/build/detection_astra_camera/prefix_override:/home/andre/ros2_ws/install/detection_astra_camera/lib/python3.10/site-packages:${PYTHONPATH} /usr/bin/python3 -W ignore:setup.py install is deprecated setup.py egg_info --egg-base ../../build/detection_astra_camera build --build-base /home/andre/ros2_ws/build/detection_astra_camera/build install --record /home/andre/ros2_ws/build/detection_astra_camera/install.log --single-version-externally-managed install_data
[16.158s] DEBUG:colcon.colcon_parallel_executor.executor.parallel:loop closed
[16.158s] DEBUG:colcon.colcon_parallel_executor.executor.parallel:run_until_complete finished with '0'
[16.159s] DEBUG:colcon.colcon_core.event_reactor:joining thread
[16.201s] INFO:colcon.colcon_core.plugin_system:Skipping extension 'colcon_notification.desktop_notification.terminal_notifier': Not used on non-Darwin systems
[16.201s] INFO:colcon.colcon_core.plugin_system:Skipping extension 'colcon_notification.desktop_notification.win32': Not used on non-Windows systems
[16.201s] INFO:colcon.colcon_notification.desktop_notification:Sending desktop notification using 'notify2'
[16.240s] DEBUG:colcon.colcon_core.event_reactor:joined thread
[16.241s] INFO:colcon.colcon_core.shell:Creating prefix script '/home/andre/ros2_ws/install/local_setup.ps1'
[16.243s] INFO:colcon.colcon_core.shell:Creating prefix util module '/home/andre/ros2_ws/install/_local_setup_util_ps1.py'
[16.247s] INFO:colcon.colcon_core.shell:Creating prefix chain script '/home/andre/ros2_ws/install/setup.ps1'
[16.249s] INFO:colcon.colcon_core.shell:Creating prefix script '/home/andre/ros2_ws/install/local_setup.sh'
[16.250s] INFO:colcon.colcon_core.shell:Creating prefix util module '/home/andre/ros2_ws/install/_local_setup_util_sh.py'
[16.251s] INFO:colcon.colcon_core.shell:Creating prefix chain script '/home/andre/ros2_ws/install/setup.sh'
[16.256s] INFO:colcon.colcon_core.shell:Creating prefix script '/home/andre/ros2_ws/install/local_setup.bash'
[16.257s] INFO:colcon.colcon_core.shell:Creating prefix chain script '/home/andre/ros2_ws/install/setup.bash'
[16.260s] INFO:colcon.colcon_core.shell:Creating prefix script '/home/andre/ros2_ws/install/local_setup.zsh'
[16.262s] INFO:colcon.colcon_core.shell:Creating prefix chain script '/home/andre/ros2_ws/install/setup.zsh'
