[0.292s] DEBUG:colcon:Command line arguments: ['/usr/bin/colcon', 'build', '--packages-select', 'calib_correspondences']
[0.292s] DEBUG:colcon:Parsed command line arguments: Namespace(log_base=None, log_level=None, verb_name='build', build_base='build', install_base='install', merge_install=False, symlink_install=False, test_result_base=None, continue_on_error=False, executor='parallel', parallel_workers=4, event_handlers=None, ignore_user_meta=False, metas=['./colcon.meta'], base_paths=['.'], packages_ignore=None, packages_ignore_regex=None, paths=None, packages_up_to=None, packages_up_to_regex=None, packages_above=None, packages_above_and_dependencies=None, packages_above_depth=None, packages_select_by_dep=None, packages_skip_by_dep=None, packages_skip_up_to=None, packages_select_build_failed=False, packages_skip_build_finished=False, packages_select_test_failures=False, packages_skip_test_passed=False, packages_select=['calib_correspondences'], packages_skip=None, packages_select_regex=None, packages_skip_regex=None, packages_start=None, packages_end=None, allow_overriding=[], cmake_args=None, cmake_target=None, cmake_target_skip_unavailable=False, cmake_clean_cache=False, cmake_clean_first=False, cmake_force_configure=False, ament_cmake_args=None, catkin_cmake_args=None, catkin_skip_building_tests=False, verb_parser=<colcon_defaults.argument_parser.defaults.DefaultArgumentsDecorator object at 0x7f3d9152c4f0>, verb_extension=<colcon_core.verb.build.BuildVerb object at 0x7f3d916fff40>, main=<bound method BuildVerb.main of <colcon_core.verb.build.BuildVerb object at 0x7f3d916fff40>>)
[0.791s] Level 1:colcon.colcon_core.package_discovery:discover_packages(colcon_meta) check parameters
[0.791s] Level 1:colcon.colcon_core.package_discovery:discover_packages(recursive) check parameters
[0.791s] Level 1:colcon.colcon_core.package_discovery:discover_packages(ignore) check parameters
[0.791s] Level 1:colcon.colcon_core.package_discovery:discover_packages(path) check parameters
[0.792s] Level 1:colcon.colcon_core.package_discovery:discover_packages(colcon_meta) discover
[0.792s] Level 1:colcon.colcon_core.package_discovery:discover_packages(recursive) discover
[0.792s] INFO:colcon.colcon_core.package_discovery:Crawling recursively for packages in '/home/andre/ros2_ws'
[0.792s] Level 1:colcon.colcon_core.package_identification:_identify(.) by extensions ['ignore', 'ignore_ament_install']
[0.792s] Level 1:colcon.colcon_core.package_identification:_identify(.) by extension 'ignore'
[0.792s] Level 1:colcon.colcon_core.package_identification:_identify(.) by extension 'ignore_ament_install'
[0.793s] Level 1:colcon.colcon_core.package_identification:_identify(.) by extensions ['colcon_pkg']
[0.793s] Level 1:colcon.colcon_core.package_identification:_identify(.) by extension 'colcon_pkg'
[0.793s] Level 1:colcon.colcon_core.package_identification:_identify(.) by extensions ['colcon_meta']
[0.793s] Level 1:colcon.colcon_core.package_identification:_identify(.) by extension 'colcon_meta'
[0.793s] Level 1:colcon.colcon_core.package_identification:_identify(.) by extensions ['ros']
[0.793s] Level 1:colcon.colcon_core.package_identification:_identify(.) by extension 'ros'
[0.829s] Level 1:colcon.colcon_core.package_identification:_identify(.) by extensions ['cmake', 'python']
[0.829s] Level 1:colcon.colcon_core.package_identification:_identify(.) by extension 'cmake'
[0.830s] Level 1:colcon.colcon_core.package_identification:_identify(.) by extension 'python'
[0.830s] Level 1:colcon.colcon_core.package_identification:_identify(.) by extensions ['python_setup_py']
[0.830s] Level 1:colcon.colcon_core.package_identification:_identify(.) by extension 'python_setup_py'
[0.830s] Level 1:colcon.colcon_core.package_identification:_identify(build) by extensions ['ignore', 'ignore_ament_install']
[0.831s] Level 1:colcon.colcon_core.package_identification:_identify(build) by extension 'ignore'
[0.831s] Level 1:colcon.colcon_core.package_identification:_identify(build) ignored
[0.831s] Level 1:colcon.colcon_core.package_identification:_identify(install) by extensions ['ignore', 'ignore_ament_install']
[0.831s] Level 1:colcon.colcon_core.package_identification:_identify(install) by extension 'ignore'
[0.832s] Level 1:colcon.colcon_core.package_identification:_identify(install) ignored
[0.832s] Level 1:colcon.colcon_core.package_identification:_identify(log) by extensions ['ignore', 'ignore_ament_install']
[0.832s] Level 1:colcon.colcon_core.package_identification:_identify(log) by extension 'ignore'
[0.832s] Level 1:colcon.colcon_core.package_identification:_identify(log) ignored
[0.833s] Level 1:colcon.colcon_core.package_identification:_identify(src) by extensions ['ignore', 'ignore_ament_install']
[0.833s] Level 1:colcon.colcon_core.package_identification:_identify(src) by extension 'ignore'
[0.833s] Level 1:colcon.colcon_core.package_identification:_identify(src) by extension 'ignore_ament_install'
[0.833s] Level 1:colcon.colcon_core.package_identification:_identify(src) by extensions ['colcon_pkg']
[0.833s] Level 1:colcon.colcon_core.package_identification:_identify(src) by extension 'colcon_pkg'
[0.833s] Level 1:colcon.colcon_core.package_identification:_identify(src) by extensions ['colcon_meta']
[0.833s] Level 1:colcon.colcon_core.package_identification:_identify(src) by extension 'colcon_meta'
[0.833s] Level 1:colcon.colcon_core.package_identification:_identify(src) by extensions ['ros']
[0.833s] Level 1:colcon.colcon_core.package_identification:_identify(src) by extension 'ros'
[0.834s] Level 1:colcon.colcon_core.package_identification:_identify(src) by extensions ['cmake', 'python']
[0.834s] Level 1:colcon.colcon_core.package_identification:_identify(src) by extension 'cmake'
[0.834s] Level 1:colcon.colcon_core.package_identification:_identify(src) by extension 'python'
[0.834s] Level 1:colcon.colcon_core.package_identification:_identify(src) by extensions ['python_setup_py']
[0.834s] Level 1:colcon.colcon_core.package_identification:_identify(src) by extension 'python_setup_py'
[0.834s] Level 1:colcon.colcon_core.package_identification:_identify(src/apriltag_msgs-master) by extensions ['ignore', 'ignore_ament_install']
[0.834s] Level 1:colcon.colcon_core.package_identification:_identify(src/apriltag_msgs-master) by extension 'ignore'
[0.835s] Level 1:colcon.colcon_core.package_identification:_identify(src/apriltag_msgs-master) by extension 'ignore_ament_install'
[0.835s] Level 1:colcon.colcon_core.package_identification:_identify(src/apriltag_msgs-master) by extensions ['colcon_pkg']
[0.835s] Level 1:colcon.colcon_core.package_identification:_identify(src/apriltag_msgs-master) by extension 'colcon_pkg'
[0.835s] Level 1:colcon.colcon_core.package_identification:_identify(src/apriltag_msgs-master) by extensions ['colcon_meta']
[0.835s] Level 1:colcon.colcon_core.package_identification:_identify(src/apriltag_msgs-master) by extension 'colcon_meta'
[0.835s] Level 1:colcon.colcon_core.package_identification:_identify(src/apriltag_msgs-master) by extensions ['ros']
[0.835s] Level 1:colcon.colcon_core.package_identification:_identify(src/apriltag_msgs-master) by extension 'ros'
[0.841s] DEBUG:colcon.colcon_core.package_identification:Package 'src/apriltag_msgs-master' with type 'ros.ament_cmake' and name 'apriltag_msgs'
[0.841s] Level 1:colcon.colcon_core.package_identification:_identify(src/apriltag_ros-master) by extensions ['ignore', 'ignore_ament_install']
[0.841s] Level 1:colcon.colcon_core.package_identification:_identify(src/apriltag_ros-master) by extension 'ignore'
[0.841s] Level 1:colcon.colcon_core.package_identification:_identify(src/apriltag_ros-master) by extension 'ignore_ament_install'
[0.841s] Level 1:colcon.colcon_core.package_identification:_identify(src/apriltag_ros-master) by extensions ['colcon_pkg']
[0.842s] Level 1:colcon.colcon_core.package_identification:_identify(src/apriltag_ros-master) by extension 'colcon_pkg'
[0.842s] Level 1:colcon.colcon_core.package_identification:_identify(src/apriltag_ros-master) by extensions ['colcon_meta']
[0.842s] Level 1:colcon.colcon_core.package_identification:_identify(src/apriltag_ros-master) by extension 'colcon_meta'
[0.842s] Level 1:colcon.colcon_core.package_identification:_identify(src/apriltag_ros-master) by extensions ['ros']
[0.842s] Level 1:colcon.colcon_core.package_identification:_identify(src/apriltag_ros-master) by extension 'ros'
[0.846s] DEBUG:colcon.colcon_core.package_identification:Package 'src/apriltag_ros-master' with type 'ros.ament_cmake' and name 'apriltag_ros'
[0.847s] Level 1:colcon.colcon_core.package_identification:_identify(src/astra_camera) by extensions ['ignore', 'ignore_ament_install']
[0.847s] Level 1:colcon.colcon_core.package_identification:_identify(src/astra_camera) by extension 'ignore'
[0.847s] Level 1:colcon.colcon_core.package_identification:_identify(src/astra_camera) by extension 'ignore_ament_install'
[0.848s] Level 1:colcon.colcon_core.package_identification:_identify(src/astra_camera) by extensions ['colcon_pkg']
[0.848s] Level 1:colcon.colcon_core.package_identification:_identify(src/astra_camera) by extension 'colcon_pkg'
[0.848s] Level 1:colcon.colcon_core.package_identification:_identify(src/astra_camera) by extensions ['colcon_meta']
[0.848s] Level 1:colcon.colcon_core.package_identification:_identify(src/astra_camera) by extension 'colcon_meta'
[0.848s] Level 1:colcon.colcon_core.package_identification:_identify(src/astra_camera) by extensions ['ros']
[0.848s] Level 1:colcon.colcon_core.package_identification:_identify(src/astra_camera) by extension 'ros'
[0.848s] Level 1:colcon.colcon_core.package_identification:_identify(src/astra_camera) by extensions ['cmake', 'python']
[0.848s] Level 1:colcon.colcon_core.package_identification:_identify(src/astra_camera) by extension 'cmake'
[0.849s] Level 1:colcon.colcon_core.package_identification:_identify(src/astra_camera) by extension 'python'
[0.849s] Level 1:colcon.colcon_core.package_identification:_identify(src/astra_camera) by extensions ['python_setup_py']
[0.849s] Level 1:colcon.colcon_core.package_identification:_identify(src/astra_camera) by extension 'python_setup_py'
[0.849s] Level 1:colcon.colcon_core.package_identification:_identify(src/astra_camera/astra_camera) by extensions ['ignore', 'ignore_ament_install']
[0.849s] Level 1:colcon.colcon_core.package_identification:_identify(src/astra_camera/astra_camera) by extension 'ignore'
[0.849s] Level 1:colcon.colcon_core.package_identification:_identify(src/astra_camera/astra_camera) by extension 'ignore_ament_install'
[0.849s] Level 1:colcon.colcon_core.package_identification:_identify(src/astra_camera/astra_camera) by extensions ['colcon_pkg']
[0.849s] Level 1:colcon.colcon_core.package_identification:_identify(src/astra_camera/astra_camera) by extension 'colcon_pkg'
[0.850s] Level 1:colcon.colcon_core.package_identification:_identify(src/astra_camera/astra_camera) by extensions ['colcon_meta']
[0.850s] Level 1:colcon.colcon_core.package_identification:_identify(src/astra_camera/astra_camera) by extension 'colcon_meta'
[0.850s] Level 1:colcon.colcon_core.package_identification:_identify(src/astra_camera/astra_camera) by extensions ['ros']
[0.850s] Level 1:colcon.colcon_core.package_identification:_identify(src/astra_camera/astra_camera) by extension 'ros'
[0.857s] DEBUG:colcon.colcon_core.package_identification:Package 'src/astra_camera/astra_camera' with type 'ros.ament_cmake' and name 'astra_camera'
[0.858s] Level 1:colcon.colcon_core.package_identification:_identify(src/astra_camera/astra_camera_msgs) by extensions ['ignore', 'ignore_ament_install']
[0.858s] Level 1:colcon.colcon_core.package_identification:_identify(src/astra_camera/astra_camera_msgs) by extension 'ignore'
[0.858s] Level 1:colcon.colcon_core.package_identification:_identify(src/astra_camera/astra_camera_msgs) by extension 'ignore_ament_install'
[0.858s] Level 1:colcon.colcon_core.package_identification:_identify(src/astra_camera/astra_camera_msgs) by extensions ['colcon_pkg']
[0.858s] Level 1:colcon.colcon_core.package_identification:_identify(src/astra_camera/astra_camera_msgs) by extension 'colcon_pkg'
[0.859s] Level 1:colcon.colcon_core.package_identification:_identify(src/astra_camera/astra_camera_msgs) by extensions ['colcon_meta']
[0.859s] Level 1:colcon.colcon_core.package_identification:_identify(src/astra_camera/astra_camera_msgs) by extension 'colcon_meta'
[0.859s] Level 1:colcon.colcon_core.package_identification:_identify(src/astra_camera/astra_camera_msgs) by extensions ['ros']
[0.859s] Level 1:colcon.colcon_core.package_identification:_identify(src/astra_camera/astra_camera_msgs) by extension 'ros'
[0.861s] DEBUG:colcon.colcon_core.package_identification:Package 'src/astra_camera/astra_camera_msgs' with type 'ros.ament_cmake' and name 'astra_camera_msgs'
[0.861s] Level 1:colcon.colcon_core.package_identification:_identify(src/calib_correspondences) by extensions ['ignore', 'ignore_ament_install']
[0.862s] Level 1:colcon.colcon_core.package_identification:_identify(src/calib_correspondences) by extension 'ignore'
[0.862s] Level 1:colcon.colcon_core.package_identification:_identify(src/calib_correspondences) by extension 'ignore_ament_install'
[0.862s] Level 1:colcon.colcon_core.package_identification:_identify(src/calib_correspondences) by extensions ['colcon_pkg']
[0.862s] Level 1:colcon.colcon_core.package_identification:_identify(src/calib_correspondences) by extension 'colcon_pkg'
[0.862s] Level 1:colcon.colcon_core.package_identification:_identify(src/calib_correspondences) by extensions ['colcon_meta']
[0.862s] Level 1:colcon.colcon_core.package_identification:_identify(src/calib_correspondences) by extension 'colcon_meta'
[0.863s] Level 1:colcon.colcon_core.package_identification:_identify(src/calib_correspondences) by extensions ['ros']
[0.863s] Level 1:colcon.colcon_core.package_identification:_identify(src/calib_correspondences) by extension 'ros'
[0.864s] DEBUG:colcon.colcon_core.package_identification:Package 'src/calib_correspondences' with type 'ros.ament_cmake' and name 'calib_correspondences'
[0.864s] Level 1:colcon.colcon_core.package_identification:_identify(src/custom_msgs) by extensions ['ignore', 'ignore_ament_install']
[0.865s] Level 1:colcon.colcon_core.package_identification:_identify(src/custom_msgs) by extension 'ignore'
[0.865s] Level 1:colcon.colcon_core.package_identification:_identify(src/custom_msgs) by extension 'ignore_ament_install'
[0.865s] Level 1:colcon.colcon_core.package_identification:_identify(src/custom_msgs) by extensions ['colcon_pkg']
[0.865s] Level 1:colcon.colcon_core.package_identification:_identify(src/custom_msgs) by extension 'colcon_pkg'
[0.865s] Level 1:colcon.colcon_core.package_identification:_identify(src/custom_msgs) by extensions ['colcon_meta']
[0.865s] Level 1:colcon.colcon_core.package_identification:_identify(src/custom_msgs) by extension 'colcon_meta'
[0.865s] Level 1:colcon.colcon_core.package_identification:_identify(src/custom_msgs) by extensions ['ros']
[0.866s] Level 1:colcon.colcon_core.package_identification:_identify(src/custom_msgs) by extension 'ros'
[0.867s] DEBUG:colcon.colcon_core.package_identification:Package 'src/custom_msgs' with type 'ros.ament_cmake' and name 'custom_msgs'
[0.867s] Level 1:colcon.colcon_core.package_identification:_identify(src/detection_aruco) by extensions ['ignore', 'ignore_ament_install']
[0.868s] Level 1:colcon.colcon_core.package_identification:_identify(src/detection_aruco) by extension 'ignore'
[0.868s] Level 1:colcon.colcon_core.package_identification:_identify(src/detection_aruco) by extension 'ignore_ament_install'
[0.868s] Level 1:colcon.colcon_core.package_identification:_identify(src/detection_aruco) by extensions ['colcon_pkg']
[0.868s] Level 1:colcon.colcon_core.package_identification:_identify(src/detection_aruco) by extension 'colcon_pkg'
[0.868s] Level 1:colcon.colcon_core.package_identification:_identify(src/detection_aruco) by extensions ['colcon_meta']
[0.868s] Level 1:colcon.colcon_core.package_identification:_identify(src/detection_aruco) by extension 'colcon_meta'
[0.868s] Level 1:colcon.colcon_core.package_identification:_identify(src/detection_aruco) by extensions ['ros']
[0.868s] Level 1:colcon.colcon_core.package_identification:_identify(src/detection_aruco) by extension 'ros'
[0.871s] DEBUG:colcon.colcon_core.package_identification:Package 'src/detection_aruco' with type 'ros.ament_python' and name 'detection_aruco'
[0.871s] Level 1:colcon.colcon_core.package_identification:_identify(src/detection_astra_camera) by extensions ['ignore', 'ignore_ament_install']
[0.872s] Level 1:colcon.colcon_core.package_identification:_identify(src/detection_astra_camera) by extension 'ignore'
[0.872s] Level 1:colcon.colcon_core.package_identification:_identify(src/detection_astra_camera) by extension 'ignore_ament_install'
[0.872s] Level 1:colcon.colcon_core.package_identification:_identify(src/detection_astra_camera) by extensions ['colcon_pkg']
[0.872s] Level 1:colcon.colcon_core.package_identification:_identify(src/detection_astra_camera) by extension 'colcon_pkg'
[0.872s] Level 1:colcon.colcon_core.package_identification:_identify(src/detection_astra_camera) by extensions ['colcon_meta']
[0.873s] Level 1:colcon.colcon_core.package_identification:_identify(src/detection_astra_camera) by extension 'colcon_meta'
[0.873s] Level 1:colcon.colcon_core.package_identification:_identify(src/detection_astra_camera) by extensions ['ros']
[0.873s] Level 1:colcon.colcon_core.package_identification:_identify(src/detection_astra_camera) by extension 'ros'
[0.874s] DEBUG:colcon.colcon_core.package_identification:Package 'src/detection_astra_camera' with type 'ros.ament_python' and name 'detection_astra_camera'
[0.874s] Level 1:colcon.colcon_core.package_discovery:discover_packages(recursive) using defaults
[0.874s] Level 1:colcon.colcon_core.package_discovery:discover_packages(ignore) discover
[0.874s] Level 1:colcon.colcon_core.package_discovery:discover_packages(ignore) using defaults
[0.874s] Level 1:colcon.colcon_core.package_discovery:discover_packages(path) discover
[0.874s] Level 1:colcon.colcon_core.package_discovery:discover_packages(path) using defaults
[0.967s] INFO:colcon.colcon_core.package_selection:Skipping not selected package 'apriltag_msgs' in 'src/apriltag_msgs-master'
[0.968s] INFO:colcon.colcon_core.package_selection:Skipping not selected package 'astra_camera_msgs' in 'src/astra_camera/astra_camera_msgs'
[0.968s] INFO:colcon.colcon_core.package_selection:Skipping not selected package 'custom_msgs' in 'src/custom_msgs'
[0.968s] INFO:colcon.colcon_core.package_selection:Skipping not selected package 'apriltag_ros' in 'src/apriltag_ros-master'
[0.968s] INFO:colcon.colcon_core.package_selection:Skipping not selected package 'astra_camera' in 'src/astra_camera/astra_camera'
[0.968s] INFO:colcon.colcon_core.package_selection:Skipping not selected package 'detection_aruco' in 'src/detection_aruco'
[0.968s] INFO:colcon.colcon_core.package_selection:Skipping not selected package 'detection_astra_camera' in 'src/detection_astra_camera'
[0.969s] Level 1:colcon.colcon_core.package_discovery:discover_packages(prefix_path) check parameters
[0.969s] Level 1:colcon.colcon_core.package_discovery:discover_packages(prefix_path) discover
[0.975s] DEBUG:colcon.colcon_installed_package_information.package_discovery:Found 8 installed packages in /home/andre/ros2_ws/install
[0.980s] DEBUG:colcon.colcon_installed_package_information.package_discovery:Found 281 installed packages in /opt/ros/humble
[0.985s] Level 1:colcon.colcon_core.package_discovery:discover_packages(prefix_path) using defaults
[1.109s] Level 5:colcon.colcon_core.verb:set package 'calib_correspondences' build argument 'cmake_args' from command line to 'None'
[1.109s] Level 5:colcon.colcon_core.verb:set package 'calib_correspondences' build argument 'cmake_target' from command line to 'None'
[1.109s] Level 5:colcon.colcon_core.verb:set package 'calib_correspondences' build argument 'cmake_target_skip_unavailable' from command line to 'False'
[1.109s] Level 5:colcon.colcon_core.verb:set package 'calib_correspondences' build argument 'cmake_clean_cache' from command line to 'False'
[1.109s] Level 5:colcon.colcon_core.verb:set package 'calib_correspondences' build argument 'cmake_clean_first' from command line to 'False'
[1.109s] Level 5:colcon.colcon_core.verb:set package 'calib_correspondences' build argument 'cmake_force_configure' from command line to 'False'
[1.109s] Level 5:colcon.colcon_core.verb:set package 'calib_correspondences' build argument 'ament_cmake_args' from command line to 'None'
[1.109s] Level 5:colcon.colcon_core.verb:set package 'calib_correspondences' build argument 'catkin_cmake_args' from command line to 'None'
[1.110s] Level 5:colcon.colcon_core.verb:set package 'calib_correspondences' build argument 'catkin_skip_building_tests' from command line to 'False'
[1.110s] DEBUG:colcon.colcon_core.verb:Building package 'calib_correspondences' with the following arguments: {'ament_cmake_args': None, 'build_base': '/home/andre/ros2_ws/build/calib_correspondences', 'catkin_cmake_args': None, 'catkin_skip_building_tests': False, 'cmake_args': None, 'cmake_clean_cache': False, 'cmake_clean_first': False, 'cmake_force_configure': False, 'cmake_target': None, 'cmake_target_skip_unavailable': False, 'install_base': '/home/andre/ros2_ws/install/calib_correspondences', 'merge_install': False, 'path': '/home/andre/ros2_ws/src/calib_correspondences', 'symlink_install': False, 'test_result_base': None}
[1.110s] INFO:colcon.colcon_core.executor:Executing jobs using 'parallel' executor
[1.112s] DEBUG:colcon.colcon_parallel_executor.executor.parallel:run_until_complete
[1.112s] INFO:colcon.colcon_ros.task.ament_cmake.build:Building ROS package in '/home/andre/ros2_ws/src/calib_correspondences' with build type 'ament_cmake'
[1.112s] INFO:colcon.colcon_cmake.task.cmake.build:Building CMake package in '/home/andre/ros2_ws/src/calib_correspondences'
[1.119s] INFO:colcon.colcon_core.plugin_system:Skipping extension 'colcon_core.shell.bat': Not used on non-Windows systems
[1.120s] INFO:colcon.colcon_core.shell:Skip shell extension 'powershell' for command environment: Not usable outside of PowerShell
[1.120s] DEBUG:colcon.colcon_core.shell:Skip shell extension 'dsv' for command environment
[1.280s] DEBUG:colcon.colcon_core.event_handler.log_command:Invoking command in '/home/andre/ros2_ws/build/calib_correspondences': CMAKE_PREFIX_PATH=${CMAKE_PREFIX_PATH}:/home/andre/ros2_ws/install/detection_astra_camera:/home/andre/ros2_ws/install/detection_aruco:/opt/ros/humble /usr/bin/cmake --build /home/andre/ros2_ws/build/calib_correspondences -- -j4 -l4
[2.502s] DEBUG:colcon.colcon_core.event_handler.log_command:Invoked command in '/home/andre/ros2_ws/build/calib_correspondences' returned '0': CMAKE_PREFIX_PATH=${CMAKE_PREFIX_PATH}:/home/andre/ros2_ws/install/detection_astra_camera:/home/andre/ros2_ws/install/detection_aruco:/opt/ros/humble /usr/bin/cmake --build /home/andre/ros2_ws/build/calib_correspondences -- -j4 -l4
[2.642s] DEBUG:colcon.colcon_core.event_handler.log_command:Invoking command in '/home/andre/ros2_ws/build/calib_correspondences': CMAKE_PREFIX_PATH=${CMAKE_PREFIX_PATH}:/home/andre/ros2_ws/install/detection_astra_camera:/home/andre/ros2_ws/install/detection_aruco:/opt/ros/humble /usr/bin/cmake --install /home/andre/ros2_ws/build/calib_correspondences
[2.781s] Level 1:colcon.colcon_core.environment:create_environment_scripts_only(calib_correspondences)
[2.783s] DEBUG:colcon.colcon_core.event_handler.log_command:Invoked command in '/home/andre/ros2_ws/build/calib_correspondences' returned '0': CMAKE_PREFIX_PATH=${CMAKE_PREFIX_PATH}:/home/andre/ros2_ws/install/detection_astra_camera:/home/andre/ros2_ws/install/detection_aruco:/opt/ros/humble /usr/bin/cmake --install /home/andre/ros2_ws/build/calib_correspondences
[2.787s] Level 1:colcon.colcon_core.environment:checking '/home/andre/ros2_ws/install/calib_correspondences' for CMake module files
[2.788s] Level 1:colcon.colcon_core.environment:checking '/home/andre/ros2_ws/install/calib_correspondences' for CMake config files
[2.788s] Level 1:colcon.colcon_core.shell:create_environment_hook('calib_correspondences', 'cmake_prefix_path')
[2.789s] INFO:colcon.colcon_core.shell:Creating environment hook '/home/andre/ros2_ws/install/calib_correspondences/share/calib_correspondences/hook/cmake_prefix_path.ps1'
[2.790s] INFO:colcon.colcon_core.shell:Creating environment descriptor '/home/andre/ros2_ws/install/calib_correspondences/share/calib_correspondences/hook/cmake_prefix_path.dsv'
[2.791s] INFO:colcon.colcon_core.shell:Creating environment hook '/home/andre/ros2_ws/install/calib_correspondences/share/calib_correspondences/hook/cmake_prefix_path.sh'
[2.794s] Level 1:colcon.colcon_core.environment:checking '/home/andre/ros2_ws/install/calib_correspondences/lib'
[2.795s] Level 1:colcon.colcon_core.environment:checking '/home/andre/ros2_ws/install/calib_correspondences/bin'
[2.795s] Level 1:colcon.colcon_core.environment:checking '/home/andre/ros2_ws/install/calib_correspondences/lib/pkgconfig/calib_correspondences.pc'
[2.796s] Level 1:colcon.colcon_core.environment:checking '/home/andre/ros2_ws/install/calib_correspondences/lib/python3.10/site-packages'
[2.797s] Level 1:colcon.colcon_core.environment:checking '/home/andre/ros2_ws/install/calib_correspondences/bin'
[2.798s] INFO:colcon.colcon_core.shell:Creating package script '/home/andre/ros2_ws/install/calib_correspondences/share/calib_correspondences/package.ps1'
[2.802s] INFO:colcon.colcon_core.shell:Creating package descriptor '/home/andre/ros2_ws/install/calib_correspondences/share/calib_correspondences/package.dsv'
[2.805s] INFO:colcon.colcon_core.shell:Creating package script '/home/andre/ros2_ws/install/calib_correspondences/share/calib_correspondences/package.sh'
[2.807s] INFO:colcon.colcon_core.shell:Creating package script '/home/andre/ros2_ws/install/calib_correspondences/share/calib_correspondences/package.bash'
[2.810s] INFO:colcon.colcon_core.shell:Creating package script '/home/andre/ros2_ws/install/calib_correspondences/share/calib_correspondences/package.zsh'
[2.811s] Level 1:colcon.colcon_core.environment:create_file_with_runtime_dependencies(/home/andre/ros2_ws/install/calib_correspondences/share/colcon-core/packages/calib_correspondences)
[2.936s] Level 1:colcon.colcon_core.environment:create_environment_scripts_only(calib_correspondences)
[2.937s] Level 1:colcon.colcon_core.environment:checking '/home/andre/ros2_ws/install/calib_correspondences' for CMake module files
[2.938s] Level 1:colcon.colcon_core.environment:checking '/home/andre/ros2_ws/install/calib_correspondences' for CMake config files
[2.938s] Level 1:colcon.colcon_core.shell:create_environment_hook('calib_correspondences', 'cmake_prefix_path')
[2.939s] INFO:colcon.colcon_core.shell:Creating environment hook '/home/andre/ros2_ws/install/calib_correspondences/share/calib_correspondences/hook/cmake_prefix_path.ps1'
[2.940s] INFO:colcon.colcon_core.shell:Creating environment descriptor '/home/andre/ros2_ws/install/calib_correspondences/share/calib_correspondences/hook/cmake_prefix_path.dsv'
[2.940s] INFO:colcon.colcon_core.shell:Creating environment hook '/home/andre/ros2_ws/install/calib_correspondences/share/calib_correspondences/hook/cmake_prefix_path.sh'
[2.941s] Level 1:colcon.colcon_core.environment:checking '/home/andre/ros2_ws/install/calib_correspondences/lib'
[2.942s] Level 1:colcon.colcon_core.environment:checking '/home/andre/ros2_ws/install/calib_correspondences/bin'
[2.942s] Level 1:colcon.colcon_core.environment:checking '/home/andre/ros2_ws/install/calib_correspondences/lib/pkgconfig/calib_correspondences.pc'
[2.942s] Level 1:colcon.colcon_core.environment:checking '/home/andre/ros2_ws/install/calib_correspondences/lib/python3.10/site-packages'
[2.943s] Level 1:colcon.colcon_core.environment:checking '/home/andre/ros2_ws/install/calib_correspondences/bin'
[2.943s] INFO:colcon.colcon_core.shell:Creating package script '/home/andre/ros2_ws/install/calib_correspondences/share/calib_correspondences/package.ps1'
[2.944s] INFO:colcon.colcon_core.shell:Creating package descriptor '/home/andre/ros2_ws/install/calib_correspondences/share/calib_correspondences/package.dsv'
[2.945s] INFO:colcon.colcon_core.shell:Creating package script '/home/andre/ros2_ws/install/calib_correspondences/share/calib_correspondences/package.sh'
[2.947s] INFO:colcon.colcon_core.shell:Creating package script '/home/andre/ros2_ws/install/calib_correspondences/share/calib_correspondences/package.bash'
[2.948s] INFO:colcon.colcon_core.shell:Creating package script '/home/andre/ros2_ws/install/calib_correspondences/share/calib_correspondences/package.zsh'
[2.949s] Level 1:colcon.colcon_core.environment:create_file_with_runtime_dependencies(/home/andre/ros2_ws/install/calib_correspondences/share/colcon-core/packages/calib_correspondences)
[2.950s] DEBUG:colcon.colcon_parallel_executor.executor.parallel:closing loop
[2.950s] DEBUG:colcon.colcon_parallel_executor.executor.parallel:loop closed
[2.950s] DEBUG:colcon.colcon_parallel_executor.executor.parallel:run_until_complete finished with '0'
[2.950s] DEBUG:colcon.colcon_core.event_reactor:joining thread
[2.976s] INFO:colcon.colcon_core.plugin_system:Skipping extension 'colcon_notification.desktop_notification.terminal_notifier': Not used on non-Darwin systems
[2.976s] INFO:colcon.colcon_core.plugin_system:Skipping extension 'colcon_notification.desktop_notification.win32': Not used on non-Windows systems
[2.976s] INFO:colcon.colcon_notification.desktop_notification:Sending desktop notification using 'notify2'
[3.004s] DEBUG:colcon.colcon_core.event_reactor:joined thread
[3.005s] INFO:colcon.colcon_core.shell:Creating prefix script '/home/andre/ros2_ws/install/local_setup.ps1'
[3.007s] INFO:colcon.colcon_core.shell:Creating prefix util module '/home/andre/ros2_ws/install/_local_setup_util_ps1.py'
[3.012s] INFO:colcon.colcon_core.shell:Creating prefix chain script '/home/andre/ros2_ws/install/setup.ps1'
[3.016s] INFO:colcon.colcon_core.shell:Creating prefix script '/home/andre/ros2_ws/install/local_setup.sh'
[3.019s] INFO:colcon.colcon_core.shell:Creating prefix util module '/home/andre/ros2_ws/install/_local_setup_util_sh.py'
[3.021s] INFO:colcon.colcon_core.shell:Creating prefix chain script '/home/andre/ros2_ws/install/setup.sh'
[3.027s] INFO:colcon.colcon_core.shell:Creating prefix script '/home/andre/ros2_ws/install/local_setup.bash'
[3.030s] INFO:colcon.colcon_core.shell:Creating prefix chain script '/home/andre/ros2_ws/install/setup.bash'
[3.035s] INFO:colcon.colcon_core.shell:Creating prefix script '/home/andre/ros2_ws/install/local_setup.zsh'
[3.038s] INFO:colcon.colcon_core.shell:Creating prefix chain script '/home/andre/ros2_ws/install/setup.zsh'
