[0.030s] Invoking command in '/home/andre/ros2_ws/build/apriltag_ros': CMAKE_PREFIX_PATH=/home/andre/ros2_ws/install/apriltag_msgs:/home/andre/ros2_ws/install/custom_msgs:/home/andre/ros2_ws/install/calib_correspondences:/home/andre/ros2_ws/install/astra_camera:/home/andre/ros2_ws/install/astra_camera_msgs:/home/andre/ros2_ws/install/detection_astra_camera:/home/andre/ros2_ws/install/detection_aruco:/opt/ros/humble LD_LIBRARY_PATH=/home/andre/ros2_ws/install/apriltag_msgs/lib:/home/andre/ros2_ws/install/custom_msgs/lib:/home/andre/ros2_ws/install/astra_camera/lib:/home/andre/ros2_ws/install/astra_camera_msgs/lib:/opt/ros/humble/opt/rviz_ogre_vendor/lib:/opt/ros/humble/lib/x86_64-linux-gnu:/opt/ros/humble/lib /usr/bin/cmake --build /home/andre/ros2_ws/build/apriltag_ros -- -j4 -l4
[0.177s] [ 16%] Built target tags
[0.238s] [ 50%] Built target apriltag_node
[0.311s] [ 66%] Built target pose_estimation
[0.387s] [100%] Built target AprilTagNode
[0.424s] Invoked command in '/home/andre/ros2_ws/build/apriltag_ros' returned '0': CMAKE_PREFIX_PATH=/home/andre/ros2_ws/install/apriltag_msgs:/home/andre/ros2_ws/install/custom_msgs:/home/andre/ros2_ws/install/calib_correspondences:/home/andre/ros2_ws/install/astra_camera:/home/andre/ros2_ws/install/astra_camera_msgs:/home/andre/ros2_ws/install/detection_astra_camera:/home/andre/ros2_ws/install/detection_aruco:/opt/ros/humble LD_LIBRARY_PATH=/home/andre/ros2_ws/install/apriltag_msgs/lib:/home/andre/ros2_ws/install/custom_msgs/lib:/home/andre/ros2_ws/install/astra_camera/lib:/home/andre/ros2_ws/install/astra_camera_msgs/lib:/opt/ros/humble/opt/rviz_ogre_vendor/lib:/opt/ros/humble/lib/x86_64-linux-gnu:/opt/ros/humble/lib /usr/bin/cmake --build /home/andre/ros2_ws/build/apriltag_ros -- -j4 -l4
[0.578s] Invoking command in '/home/andre/ros2_ws/build/apriltag_ros': CMAKE_PREFIX_PATH=/home/andre/ros2_ws/install/apriltag_msgs:/home/andre/ros2_ws/install/custom_msgs:/home/andre/ros2_ws/install/calib_correspondences:/home/andre/ros2_ws/install/astra_camera:/home/andre/ros2_ws/install/astra_camera_msgs:/home/andre/ros2_ws/install/detection_astra_camera:/home/andre/ros2_ws/install/detection_aruco:/opt/ros/humble LD_LIBRARY_PATH=/home/andre/ros2_ws/install/apriltag_msgs/lib:/home/andre/ros2_ws/install/custom_msgs/lib:/home/andre/ros2_ws/install/astra_camera/lib:/home/andre/ros2_ws/install/astra_camera_msgs/lib:/opt/ros/humble/opt/rviz_ogre_vendor/lib:/opt/ros/humble/lib/x86_64-linux-gnu:/opt/ros/humble/lib /usr/bin/cmake --install /home/andre/ros2_ws/build/apriltag_ros
[0.601s] -- Install configuration: ""
[0.603s] -- Up-to-date: /home/andre/ros2_ws/install/apriltag_ros/lib/apriltag_ros/apriltag_node
[0.605s] -- Up-to-date: /home/andre/ros2_ws/install/apriltag_ros/share/apriltag_ros/environment/library_path.sh
[0.605s] -- Up-to-date: /home/andre/ros2_ws/install/apriltag_ros/share/apriltag_ros/environment/library_path.dsv
[0.607s] -- Up-to-date: /home/andre/ros2_ws/install/apriltag_ros/lib/libAprilTagNode.so
[0.607s] -- Up-to-date: /home/andre/ros2_ws/install/apriltag_ros/share/apriltag_ros/cfg
[0.607s] -- Up-to-date: /home/andre/ros2_ws/install/apriltag_ros/share/apriltag_ros/cfg/tags_36h11.yaml
[0.607s] -- Up-to-date: /home/andre/ros2_ws/install/apriltag_ros/share/apriltag_ros/launch
[0.607s] -- Up-to-date: /home/andre/ros2_ws/install/apriltag_ros/share/apriltag_ros/launch/v4l2_36h11.launch.yml
[0.607s] -- Up-to-date: /home/andre/ros2_ws/install/apriltag_ros/share/ament_index/resource_index/package_run_dependencies/apriltag_ros
[0.608s] -- Up-to-date: /home/andre/ros2_ws/install/apriltag_ros/share/ament_index/resource_index/parent_prefix_path/apriltag_ros
[0.608s] -- Up-to-date: /home/andre/ros2_ws/install/apriltag_ros/share/apriltag_ros/environment/ament_prefix_path.sh
[0.608s] -- Up-to-date: /home/andre/ros2_ws/install/apriltag_ros/share/apriltag_ros/environment/ament_prefix_path.dsv
[0.608s] -- Up-to-date: /home/andre/ros2_ws/install/apriltag_ros/share/apriltag_ros/environment/path.sh
[0.608s] -- Up-to-date: /home/andre/ros2_ws/install/apriltag_ros/share/apriltag_ros/environment/path.dsv
[0.608s] -- Up-to-date: /home/andre/ros2_ws/install/apriltag_ros/share/apriltag_ros/local_setup.bash
[0.609s] -- Up-to-date: /home/andre/ros2_ws/install/apriltag_ros/share/apriltag_ros/local_setup.sh
[0.609s] -- Up-to-date: /home/andre/ros2_ws/install/apriltag_ros/share/apriltag_ros/local_setup.zsh
[0.609s] -- Up-to-date: /home/andre/ros2_ws/install/apriltag_ros/share/apriltag_ros/local_setup.dsv
[0.609s] -- Installing: /home/andre/ros2_ws/install/apriltag_ros/share/apriltag_ros/package.dsv
[0.609s] -- Up-to-date: /home/andre/ros2_ws/install/apriltag_ros/share/ament_index/resource_index/packages/apriltag_ros
[0.609s] -- Up-to-date: /home/andre/ros2_ws/install/apriltag_ros/share/ament_index/resource_index/rclcpp_components/apriltag_ros
[0.609s] -- Up-to-date: /home/andre/ros2_ws/install/apriltag_ros/share/apriltag_ros/cmake/apriltag_rosConfig.cmake
[0.610s] -- Up-to-date: /home/andre/ros2_ws/install/apriltag_ros/share/apriltag_ros/cmake/apriltag_rosConfig-version.cmake
[0.610s] -- Up-to-date: /home/andre/ros2_ws/install/apriltag_ros/share/apriltag_ros/package.xml
[0.619s] Invoked command in '/home/andre/ros2_ws/build/apriltag_ros' returned '0': CMAKE_PREFIX_PATH=/home/andre/ros2_ws/install/apriltag_msgs:/home/andre/ros2_ws/install/custom_msgs:/home/andre/ros2_ws/install/calib_correspondences:/home/andre/ros2_ws/install/astra_camera:/home/andre/ros2_ws/install/astra_camera_msgs:/home/andre/ros2_ws/install/detection_astra_camera:/home/andre/ros2_ws/install/detection_aruco:/opt/ros/humble LD_LIBRARY_PATH=/home/andre/ros2_ws/install/apriltag_msgs/lib:/home/andre/ros2_ws/install/custom_msgs/lib:/home/andre/ros2_ws/install/astra_camera/lib:/home/andre/ros2_ws/install/astra_camera_msgs/lib:/opt/ros/humble/opt/rviz_ogre_vendor/lib:/opt/ros/humble/lib/x86_64-linux-gnu:/opt/ros/humble/lib /usr/bin/cmake --install /home/andre/ros2_ws/build/apriltag_ros
