[0.029s] Invoking command in '/home/andre/ros2_ws/build/custom_msgs': CMAKE_PREFIX_PATH=${CMAKE_PREFIX_PATH}:/home/andre/ros2_ws/install/detection_astra_camera:/home/andre/ros2_ws/install/detection_aruco:/opt/ros/humble /usr/bin/cmake --build /home/andre/ros2_ws/build/custom_msgs -- -j4 -l4
[0.070s] -- Found ament_cmake: 1.3.8 (/opt/ros/humble/share/ament_cmake/cmake)
[0.521s] -- Found rosidl_default_generators: 1.2.0 (/opt/ros/humble/share/rosidl_default_generators/cmake)
[0.527s] -- Using all available rosidl_typesupport_c: rosidl_typesupport_fastrtps_c;rosidl_typesupport_introspection_c
[0.536s] -- Found rosidl_adapter: 3.1.5 (/opt/ros/humble/share/rosidl_adapter/cmake)
[0.621s] -- Using all available rosidl_typesupport_cpp: rosidl_typesupport_fastrtps_cpp;rosidl_typesupport_introspection_cpp
[0.692s] -- Found geometry_msgs: 4.2.3 (/opt/ros/humble/share/geometry_msgs/cmake)
[1.738s] -- Found ament_cmake_ros: 0.10.0 (/opt/ros/humble/share/ament_cmake_ros/cmake)
[2.223s] -- Using all available rosidl_typesupport_c: rosidl_typesupport_fastrtps_c;rosidl_typesupport_introspection_c
[3.052s] -- Using all available rosidl_typesupport_cpp: rosidl_typesupport_fastrtps_cpp;rosidl_typesupport_introspection_cpp
[3.102s] -- Found python_cmake_module: 0.10.0 (/opt/ros/humble/share/python_cmake_module/cmake)
[3.146s] -- Using PYTHON_EXECUTABLE: /usr/bin/python3
[3.146s] -- Using PYTHON_INCLUDE_DIRS: /usr/include/python3.10
[3.146s] -- Using PYTHON_LIBRARIES: /usr/lib/x86_64-linux-gnu/libpython3.10.so
[3.245s] -- Configuring done
[3.337s] -- Generating done
[3.351s] -- Build files have been written to: /home/andre/ros2_ws/build/custom_msgs
[3.451s] [35m[1mConsolidate compiler generated dependencies of target custom_msgs__rosidl_generator_c[0m
[3.516s] [  1%] [32mBuilding C object CMakeFiles/custom_msgs__rosidl_generator_c.dir/rosidl_generator_c/custom_msgs/msg/detail/plane_match__functions.c.o[0m
[3.521s] [  3%] Built target custom_msgs__cpp
[3.523s] [  4%] [32mBuilding C object CMakeFiles/custom_msgs__rosidl_generator_c.dir/rosidl_generator_c/custom_msgs/msg/detail/plane__functions.c.o[0m
[3.581s] [  4%] Built target ament_cmake_python_copy_custom_msgs
[3.601s] [35m[1mConsolidate compiler generated dependencies of target custom_msgs__rosidl_typesupport_cpp[0m
[3.633s] [35m[1mConsolidate compiler generated dependencies of target custom_msgs__rosidl_typesupport_fastrtps_cpp[0m
[3.667s] [  6%] [32mBuilding CXX object CMakeFiles/custom_msgs__rosidl_typesupport_cpp.dir/rosidl_typesupport_cpp/custom_msgs/msg/plane__type_support.cpp.o[0m
[3.688s] [  7%] [32mBuilding CXX object CMakeFiles/custom_msgs__rosidl_typesupport_fastrtps_cpp.dir/rosidl_typesupport_fastrtps_cpp/custom_msgs/msg/detail/dds_fastrtps/plane__type_support.cpp.o[0m
[4.237s] [  9%] [32mBuilding C object CMakeFiles/custom_msgs__rosidl_generator_c.dir/rosidl_generator_c/custom_msgs/msg/detail/correspondences__functions.c.o[0m
[4.342s] [ 11%] [32mBuilding C object CMakeFiles/custom_msgs__rosidl_generator_c.dir/rosidl_generator_c/custom_msgs/msg/detail/points_camera__functions.c.o[0m
[4.510s] [ 12%] [32mBuilding C object CMakeFiles/custom_msgs__rosidl_generator_c.dir/rosidl_generator_c/custom_msgs/msg/detail/point__functions.c.o[0m
[4.584s] [ 14%] [32mBuilding CXX object CMakeFiles/custom_msgs__rosidl_typesupport_fastrtps_cpp.dir/rosidl_typesupport_fastrtps_cpp/custom_msgs/msg/detail/dds_fastrtps/plane_match__type_support.cpp.o[0m
[4.606s] [ 15%] [32mBuilding CXX object CMakeFiles/custom_msgs__rosidl_typesupport_cpp.dir/rosidl_typesupport_cpp/custom_msgs/msg/plane_match__type_support.cpp.o[0m
[4.715s] [ 17%] [32m[1mLinking C shared library libcustom_msgs__rosidl_generator_c.so[0m
[5.349s] [ 19%] Built target custom_msgs__rosidl_generator_c
[5.418s] [ 20%] [32mBuilding CXX object CMakeFiles/custom_msgs__rosidl_typesupport_cpp.dir/rosidl_typesupport_cpp/custom_msgs/msg/correspondences__type_support.cpp.o[0m
[5.420s] [35m[1mConsolidate compiler generated dependencies of target custom_msgs__rosidl_typesupport_introspection_cpp[0m
[5.531s] [ 22%] [32mBuilding CXX object CMakeFiles/custom_msgs__rosidl_typesupport_introspection_cpp.dir/rosidl_typesupport_introspection_cpp/custom_msgs/msg/detail/plane__type_support.cpp.o[0m
[5.735s] [ 23%] [32mBuilding CXX object CMakeFiles/custom_msgs__rosidl_typesupport_fastrtps_cpp.dir/rosidl_typesupport_fastrtps_cpp/custom_msgs/msg/detail/dds_fastrtps/correspondences__type_support.cpp.o[0m
[6.484s] [ 25%] [32mBuilding CXX object CMakeFiles/custom_msgs__rosidl_typesupport_fastrtps_cpp.dir/rosidl_typesupport_fastrtps_cpp/custom_msgs/msg/detail/dds_fastrtps/points_camera__type_support.cpp.o[0m
[6.641s] [ 26%] [32mBuilding CXX object CMakeFiles/custom_msgs__rosidl_typesupport_cpp.dir/rosidl_typesupport_cpp/custom_msgs/msg/points_camera__type_support.cpp.o[0m
[6.810s] [ 28%] [32mBuilding CXX object CMakeFiles/custom_msgs__rosidl_typesupport_introspection_cpp.dir/rosidl_typesupport_introspection_cpp/custom_msgs/msg/detail/plane_match__type_support.cpp.o[0m
[7.178s] [ 30%] [32mBuilding CXX object CMakeFiles/custom_msgs__rosidl_typesupport_fastrtps_cpp.dir/rosidl_typesupport_fastrtps_cpp/custom_msgs/msg/detail/dds_fastrtps/point__type_support.cpp.o[0m
[7.547s] [ 31%] [32mBuilding CXX object CMakeFiles/custom_msgs__rosidl_typesupport_cpp.dir/rosidl_typesupport_cpp/custom_msgs/msg/point__type_support.cpp.o[0m
[8.170s] [ 33%] [32mBuilding CXX object CMakeFiles/custom_msgs__rosidl_typesupport_introspection_cpp.dir/rosidl_typesupport_introspection_cpp/custom_msgs/msg/detail/correspondences__type_support.cpp.o[0m
[8.293s] [ 34%] [32mBuilding CXX object CMakeFiles/custom_msgs__rosidl_typesupport_introspection_cpp.dir/rosidl_typesupport_introspection_cpp/custom_msgs/msg/detail/points_camera__type_support.cpp.o[0m
[8.401s] [ 36%] [32m[1mLinking CXX shared library libcustom_msgs__rosidl_typesupport_fastrtps_cpp.so[0m
[8.482s] [ 38%] [32m[1mLinking CXX shared library libcustom_msgs__rosidl_typesupport_cpp.so[0m
[8.744s] [ 39%] Built target custom_msgs__rosidl_typesupport_cpp
[8.792s] [ 41%] Built target custom_msgs__rosidl_typesupport_fastrtps_cpp
[8.820s] [ 42%] [34m[1mGenerating C type support for eProsima Fast-RTPS[0m
[9.458s] running egg_info
[9.461s] writing custom_msgs.egg-info/PKG-INFO
[9.462s] writing dependency_links to custom_msgs.egg-info/dependency_links.txt
[9.462s] writing top-level names to custom_msgs.egg-info/top_level.txt
[9.481s] reading manifest file 'custom_msgs.egg-info/SOURCES.txt'
[9.483s] writing manifest file 'custom_msgs.egg-info/SOURCES.txt'
[9.503s] [ 44%] [32mBuilding CXX object CMakeFiles/custom_msgs__rosidl_typesupport_introspection_cpp.dir/rosidl_typesupport_introspection_cpp/custom_msgs/msg/detail/point__type_support.cpp.o[0m
[9.540s] [ 44%] Built target ament_cmake_python_build_custom_msgs_egg
[9.557s] [ 46%] [34m[1mGenerating C introspection for ROS interfaces[0m
[9.608s] [ 47%] [34m[1mGenerating C type support dispatch for ROS interfaces[0m
[10.340s] [35m[1mConsolidate compiler generated dependencies of target custom_msgs__rosidl_typesupport_fastrtps_c[0m
[10.392s] [ 49%] [32mBuilding CXX object CMakeFiles/custom_msgs__rosidl_typesupport_fastrtps_c.dir/rosidl_typesupport_fastrtps_c/custom_msgs/msg/detail/plane__type_support_c.cpp.o[0m
[10.427s] [ 50%] [32m[1mLinking CXX shared library libcustom_msgs__rosidl_typesupport_introspection_cpp.so[0m
[10.483s] [35m[1mConsolidate compiler generated dependencies of target custom_msgs__rosidl_typesupport_c[0m
[10.519s] [ 52%] [32mBuilding CXX object CMakeFiles/custom_msgs__rosidl_typesupport_c.dir/rosidl_typesupport_c/custom_msgs/msg/plane__type_support.cpp.o[0m
[10.590s] [ 53%] Built target custom_msgs__rosidl_typesupport_introspection_cpp
[10.602s] [ 55%] [32mBuilding CXX object CMakeFiles/custom_msgs__rosidl_typesupport_fastrtps_c.dir/rosidl_typesupport_fastrtps_c/custom_msgs/msg/detail/plane_match__type_support_c.cpp.o[0m
[10.604s] [35m[1mConsolidate compiler generated dependencies of target custom_msgs__rosidl_typesupport_introspection_c[0m
[10.629s] [ 57%] [32mBuilding C object CMakeFiles/custom_msgs__rosidl_typesupport_introspection_c.dir/rosidl_typesupport_introspection_c/custom_msgs/msg/detail/plane__type_support.c.o[0m
[10.654s] [ 58%] [32mBuilding CXX object CMakeFiles/custom_msgs__rosidl_typesupport_c.dir/rosidl_typesupport_c/custom_msgs/msg/plane_match__type_support.cpp.o[0m
[10.721s] [ 60%] [32mBuilding C object CMakeFiles/custom_msgs__rosidl_typesupport_introspection_c.dir/rosidl_typesupport_introspection_c/custom_msgs/msg/detail/plane_match__type_support.c.o[0m
[10.724s] [ 61%] [32mBuilding CXX object CMakeFiles/custom_msgs__rosidl_typesupport_c.dir/rosidl_typesupport_c/custom_msgs/msg/correspondences__type_support.cpp.o[0m
[10.792s] [ 63%] [32mBuilding C object CMakeFiles/custom_msgs__rosidl_typesupport_introspection_c.dir/rosidl_typesupport_introspection_c/custom_msgs/msg/detail/correspondences__type_support.c.o[0m
[10.798s] [ 65%] [32mBuilding CXX object CMakeFiles/custom_msgs__rosidl_typesupport_c.dir/rosidl_typesupport_c/custom_msgs/msg/points_camera__type_support.cpp.o[0m
[10.868s] [ 66%] [32mBuilding CXX object CMakeFiles/custom_msgs__rosidl_typesupport_c.dir/rosidl_typesupport_c/custom_msgs/msg/point__type_support.cpp.o[0m
[10.893s] [ 68%] [32mBuilding C object CMakeFiles/custom_msgs__rosidl_typesupport_introspection_c.dir/rosidl_typesupport_introspection_c/custom_msgs/msg/detail/points_camera__type_support.c.o[0m
[10.933s] [ 69%] [32m[1mLinking CXX shared library libcustom_msgs__rosidl_typesupport_c.so[0m
[10.992s] [ 71%] [32mBuilding C object CMakeFiles/custom_msgs__rosidl_typesupport_introspection_c.dir/rosidl_typesupport_introspection_c/custom_msgs/msg/detail/point__type_support.c.o[0m
[11.072s] [ 73%] [32m[1mLinking C shared library libcustom_msgs__rosidl_typesupport_introspection_c.so[0m
[11.076s] [ 73%] Built target custom_msgs__rosidl_typesupport_c
[11.099s] [ 74%] [32mBuilding CXX object CMakeFiles/custom_msgs__rosidl_typesupport_fastrtps_c.dir/rosidl_typesupport_fastrtps_c/custom_msgs/msg/detail/correspondences__type_support_c.cpp.o[0m
[11.150s] [ 74%] Built target custom_msgs__rosidl_typesupport_introspection_c
[11.171s] [ 76%] [32mBuilding CXX object CMakeFiles/custom_msgs__rosidl_typesupport_fastrtps_c.dir/rosidl_typesupport_fastrtps_c/custom_msgs/msg/detail/points_camera__type_support_c.cpp.o[0m
[11.213s] [ 77%] [32mBuilding CXX object CMakeFiles/custom_msgs__rosidl_typesupport_fastrtps_c.dir/rosidl_typesupport_fastrtps_c/custom_msgs/msg/detail/point__type_support_c.cpp.o[0m
[11.806s] [ 79%] [32m[1mLinking CXX shared library libcustom_msgs__rosidl_typesupport_fastrtps_c.so[0m
[11.944s] [ 79%] Built target custom_msgs__rosidl_typesupport_fastrtps_c
[11.973s] [ 79%] Built target custom_msgs
[12.000s] [ 80%] [34m[1mGenerating Python code for ROS interfaces[0m
[12.815s] [ 80%] Built target custom_msgs__py
[12.864s] [35m[1mConsolidate compiler generated dependencies of target custom_msgs__rosidl_generator_py[0m
[12.890s] [ 82%] [32mBuilding C object CMakeFiles/custom_msgs__rosidl_generator_py.dir/rosidl_generator_py/custom_msgs/msg/_plane_match_s.c.o[0m
[12.891s] [ 85%] [32mBuilding C object CMakeFiles/custom_msgs__rosidl_generator_py.dir/rosidl_generator_py/custom_msgs/msg/_correspondences_s.c.o[0m
[12.891s] [ 87%] [32mBuilding C object CMakeFiles/custom_msgs__rosidl_generator_py.dir/rosidl_generator_py/custom_msgs/msg/_points_camera_s.c.o[0m
[12.893s] [ 87%] [32mBuilding C object CMakeFiles/custom_msgs__rosidl_generator_py.dir/rosidl_generator_py/custom_msgs/msg/_plane_s.c.o[0m
[13.802s] [ 88%] [32mBuilding C object CMakeFiles/custom_msgs__rosidl_generator_py.dir/rosidl_generator_py/custom_msgs/msg/_point_s.c.o[0m
[14.016s] [ 90%] [32m[1mLinking C shared library rosidl_generator_py/custom_msgs/libcustom_msgs__rosidl_generator_py.so[0m
[14.114s] [ 90%] Built target custom_msgs__rosidl_generator_py
[14.143s] [35m[1mConsolidate compiler generated dependencies of target custom_msgs__rosidl_typesupport_introspection_c__pyext[0m
[14.147s] [35m[1mConsolidate compiler generated dependencies of target custom_msgs__rosidl_typesupport_fastrtps_c__pyext[0m
[14.150s] [35m[1mConsolidate compiler generated dependencies of target custom_msgs__rosidl_typesupport_c__pyext[0m
[14.182s] [ 92%] [32mBuilding C object CMakeFiles/custom_msgs__rosidl_typesupport_introspection_c__pyext.dir/rosidl_generator_py/custom_msgs/_custom_msgs_s.ep.rosidl_typesupport_introspection_c.c.o[0m
[14.185s] [ 93%] [32mBuilding C object CMakeFiles/custom_msgs__rosidl_typesupport_c__pyext.dir/rosidl_generator_py/custom_msgs/_custom_msgs_s.ep.rosidl_typesupport_c.c.o[0m
[14.206s] [ 95%] [32mBuilding C object CMakeFiles/custom_msgs__rosidl_typesupport_fastrtps_c__pyext.dir/rosidl_generator_py/custom_msgs/_custom_msgs_s.ep.rosidl_typesupport_fastrtps_c.c.o[0m
[14.543s] [ 96%] [32m[1mLinking C shared library rosidl_generator_py/custom_msgs/custom_msgs_s__rosidl_typesupport_fastrtps_c.cpython-310-x86_64-linux-gnu.so[0m
[14.544s] [ 98%] [32m[1mLinking C shared library rosidl_generator_py/custom_msgs/custom_msgs_s__rosidl_typesupport_c.cpython-310-x86_64-linux-gnu.so[0m
[14.579s] [100%] [32m[1mLinking C shared library rosidl_generator_py/custom_msgs/custom_msgs_s__rosidl_typesupport_introspection_c.cpython-310-x86_64-linux-gnu.so[0m
[14.656s] [100%] Built target custom_msgs__rosidl_typesupport_fastrtps_c__pyext
[14.662s] [100%] Built target custom_msgs__rosidl_typesupport_c__pyext
[14.691s] [100%] Built target custom_msgs__rosidl_typesupport_introspection_c__pyext
[14.708s] Invoked command in '/home/andre/ros2_ws/build/custom_msgs' returned '0': CMAKE_PREFIX_PATH=${CMAKE_PREFIX_PATH}:/home/andre/ros2_ws/install/detection_astra_camera:/home/andre/ros2_ws/install/detection_aruco:/opt/ros/humble /usr/bin/cmake --build /home/andre/ros2_ws/build/custom_msgs -- -j4 -l4
[14.953s] Invoking command in '/home/andre/ros2_ws/build/custom_msgs': CMAKE_PREFIX_PATH=${CMAKE_PREFIX_PATH}:/home/andre/ros2_ws/install/detection_astra_camera:/home/andre/ros2_ws/install/detection_aruco:/opt/ros/humble /usr/bin/cmake --install /home/andre/ros2_ws/build/custom_msgs
[14.965s] -- Install configuration: ""
[14.965s] -- Installing: /home/andre/ros2_ws/install/custom_msgs/share/ament_index/resource_index/rosidl_interfaces/custom_msgs
[14.967s] -- Up-to-date: /home/andre/ros2_ws/install/custom_msgs/include/custom_msgs/custom_msgs
[14.967s] -- Up-to-date: /home/andre/ros2_ws/install/custom_msgs/include/custom_msgs/custom_msgs/msg
[14.968s] -- Installing: /home/andre/ros2_ws/install/custom_msgs/include/custom_msgs/custom_msgs/msg/plane_match.h
[14.968s] -- Up-to-date: /home/andre/ros2_ws/install/custom_msgs/include/custom_msgs/custom_msgs/msg/detail
[14.968s] -- Installing: /home/andre/ros2_ws/install/custom_msgs/include/custom_msgs/custom_msgs/msg/detail/correspondences__functions.h
[14.968s] -- Installing: /home/andre/ros2_ws/install/custom_msgs/include/custom_msgs/custom_msgs/msg/detail/point__type_support.h
[14.968s] -- Installing: /home/andre/ros2_ws/install/custom_msgs/include/custom_msgs/custom_msgs/msg/detail/points_camera__struct.h
[14.968s] -- Installing: /home/andre/ros2_ws/install/custom_msgs/include/custom_msgs/custom_msgs/msg/detail/plane__struct.h
[14.969s] -- Installing: /home/andre/ros2_ws/install/custom_msgs/include/custom_msgs/custom_msgs/msg/detail/plane__functions.c
[14.970s] -- Installing: /home/andre/ros2_ws/install/custom_msgs/include/custom_msgs/custom_msgs/msg/detail/points_camera__type_support.h
[14.970s] -- Installing: /home/andre/ros2_ws/install/custom_msgs/include/custom_msgs/custom_msgs/msg/detail/point__functions.h
[14.971s] -- Installing: /home/andre/ros2_ws/install/custom_msgs/include/custom_msgs/custom_msgs/msg/detail/plane__type_support.h
[14.973s] -- Installing: /home/andre/ros2_ws/install/custom_msgs/include/custom_msgs/custom_msgs/msg/detail/plane_match__functions.c
[14.974s] -- Installing: /home/andre/ros2_ws/install/custom_msgs/include/custom_msgs/custom_msgs/msg/detail/points_camera__functions.h
[14.975s] -- Installing: /home/andre/ros2_ws/install/custom_msgs/include/custom_msgs/custom_msgs/msg/detail/correspondences__type_support.h
[14.975s] -- Installing: /home/andre/ros2_ws/install/custom_msgs/include/custom_msgs/custom_msgs/msg/detail/correspondences__struct.h
[14.975s] -- Installing: /home/andre/ros2_ws/install/custom_msgs/include/custom_msgs/custom_msgs/msg/detail/point__struct.h
[14.976s] -- Installing: /home/andre/ros2_ws/install/custom_msgs/include/custom_msgs/custom_msgs/msg/detail/points_camera__functions.c
[14.976s] -- Installing: /home/andre/ros2_ws/install/custom_msgs/include/custom_msgs/custom_msgs/msg/detail/correspondences__functions.c
[14.976s] -- Installing: /home/andre/ros2_ws/install/custom_msgs/include/custom_msgs/custom_msgs/msg/detail/plane__functions.h
[14.976s] -- Installing: /home/andre/ros2_ws/install/custom_msgs/include/custom_msgs/custom_msgs/msg/detail/plane_match__struct.h
[14.976s] -- Installing: /home/andre/ros2_ws/install/custom_msgs/include/custom_msgs/custom_msgs/msg/detail/plane_match__type_support.h
[14.976s] -- Installing: /home/andre/ros2_ws/install/custom_msgs/include/custom_msgs/custom_msgs/msg/detail/plane_match__functions.h
[14.977s] -- Installing: /home/andre/ros2_ws/install/custom_msgs/include/custom_msgs/custom_msgs/msg/detail/point__functions.c
[14.977s] -- Installing: /home/andre/ros2_ws/install/custom_msgs/include/custom_msgs/custom_msgs/msg/correspondences.h
[14.977s] -- Up-to-date: /home/andre/ros2_ws/install/custom_msgs/include/custom_msgs/custom_msgs/msg/rosidl_generator_c__visibility_control.h
[14.977s] -- Installing: /home/andre/ros2_ws/install/custom_msgs/include/custom_msgs/custom_msgs/msg/points_camera.h
[14.977s] -- Installing: /home/andre/ros2_ws/install/custom_msgs/include/custom_msgs/custom_msgs/msg/point.h
[14.977s] -- Installing: /home/andre/ros2_ws/install/custom_msgs/include/custom_msgs/custom_msgs/msg/plane.h
[14.977s] -- Up-to-date: /home/andre/ros2_ws/install/custom_msgs/share/custom_msgs/environment/library_path.sh
[14.977s] -- Installing: /home/andre/ros2_ws/install/custom_msgs/share/custom_msgs/environment/library_path.dsv
[14.977s] -- Installing: /home/andre/ros2_ws/install/custom_msgs/lib/libcustom_msgs__rosidl_generator_c.so
[14.978s] -- Set runtime path of "/home/andre/ros2_ws/install/custom_msgs/lib/libcustom_msgs__rosidl_generator_c.so" to ""
[14.978s] -- Up-to-date: /home/andre/ros2_ws/install/custom_msgs/include/custom_msgs/custom_msgs
[14.978s] -- Up-to-date: /home/andre/ros2_ws/install/custom_msgs/include/custom_msgs/custom_msgs/msg
[14.978s] -- Up-to-date: /home/andre/ros2_ws/install/custom_msgs/include/custom_msgs/custom_msgs/msg/detail
[14.979s] -- Installing: /home/andre/ros2_ws/install/custom_msgs/include/custom_msgs/custom_msgs/msg/detail/points_camera__rosidl_typesupport_fastrtps_c.h
[14.980s] -- Installing: /home/andre/ros2_ws/install/custom_msgs/include/custom_msgs/custom_msgs/msg/detail/plane_match__rosidl_typesupport_fastrtps_c.h
[14.980s] -- Installing: /home/andre/ros2_ws/install/custom_msgs/include/custom_msgs/custom_msgs/msg/detail/plane__rosidl_typesupport_fastrtps_c.h
[14.980s] -- Installing: /home/andre/ros2_ws/install/custom_msgs/include/custom_msgs/custom_msgs/msg/detail/point__rosidl_typesupport_fastrtps_c.h
[14.980s] -- Installing: /home/andre/ros2_ws/install/custom_msgs/include/custom_msgs/custom_msgs/msg/detail/correspondences__rosidl_typesupport_fastrtps_c.h
[14.980s] -- Up-to-date: /home/andre/ros2_ws/install/custom_msgs/include/custom_msgs/custom_msgs/msg/rosidl_typesupport_fastrtps_c__visibility_control.h
[14.980s] -- Installing: /home/andre/ros2_ws/install/custom_msgs/lib/libcustom_msgs__rosidl_typesupport_fastrtps_c.so
[14.981s] -- Set runtime path of "/home/andre/ros2_ws/install/custom_msgs/lib/libcustom_msgs__rosidl_typesupport_fastrtps_c.so" to ""
[14.981s] -- Up-to-date: /home/andre/ros2_ws/install/custom_msgs/include/custom_msgs/custom_msgs
[14.981s] -- Up-to-date: /home/andre/ros2_ws/install/custom_msgs/include/custom_msgs/custom_msgs/msg
[14.981s] -- Up-to-date: /home/andre/ros2_ws/install/custom_msgs/include/custom_msgs/custom_msgs/msg/detail
[14.981s] -- Installing: /home/andre/ros2_ws/install/custom_msgs/include/custom_msgs/custom_msgs/msg/detail/plane__rosidl_typesupport_introspection_c.h
[14.981s] -- Installing: /home/andre/ros2_ws/install/custom_msgs/include/custom_msgs/custom_msgs/msg/detail/plane_match__rosidl_typesupport_introspection_c.h
[14.981s] -- Installing: /home/andre/ros2_ws/install/custom_msgs/include/custom_msgs/custom_msgs/msg/detail/plane_match__type_support.c
[14.982s] -- Installing: /home/andre/ros2_ws/install/custom_msgs/include/custom_msgs/custom_msgs/msg/detail/point__type_support.c
[14.982s] -- Installing: /home/andre/ros2_ws/install/custom_msgs/include/custom_msgs/custom_msgs/msg/detail/point__rosidl_typesupport_introspection_c.h
[14.982s] -- Installing: /home/andre/ros2_ws/install/custom_msgs/include/custom_msgs/custom_msgs/msg/detail/correspondences__type_support.c
[14.982s] -- Installing: /home/andre/ros2_ws/install/custom_msgs/include/custom_msgs/custom_msgs/msg/detail/points_camera__rosidl_typesupport_introspection_c.h
[14.982s] -- Installing: /home/andre/ros2_ws/install/custom_msgs/include/custom_msgs/custom_msgs/msg/detail/points_camera__type_support.c
[14.982s] -- Installing: /home/andre/ros2_ws/install/custom_msgs/include/custom_msgs/custom_msgs/msg/detail/correspondences__rosidl_typesupport_introspection_c.h
[14.982s] -- Installing: /home/andre/ros2_ws/install/custom_msgs/include/custom_msgs/custom_msgs/msg/detail/plane__type_support.c
[14.983s] -- Up-to-date: /home/andre/ros2_ws/install/custom_msgs/include/custom_msgs/custom_msgs/msg/rosidl_typesupport_introspection_c__visibility_control.h
[14.983s] -- Installing: /home/andre/ros2_ws/install/custom_msgs/lib/libcustom_msgs__rosidl_typesupport_introspection_c.so
[14.983s] -- Set runtime path of "/home/andre/ros2_ws/install/custom_msgs/lib/libcustom_msgs__rosidl_typesupport_introspection_c.so" to ""
[14.983s] -- Installing: /home/andre/ros2_ws/install/custom_msgs/lib/libcustom_msgs__rosidl_typesupport_c.so
[14.987s] -- Set runtime path of "/home/andre/ros2_ws/install/custom_msgs/lib/libcustom_msgs__rosidl_typesupport_c.so" to ""
[14.990s] -- Up-to-date: /home/andre/ros2_ws/install/custom_msgs/include/custom_msgs/custom_msgs
[14.991s] -- Up-to-date: /home/andre/ros2_ws/install/custom_msgs/include/custom_msgs/custom_msgs/msg
[14.992s] -- Installing: /home/andre/ros2_ws/install/custom_msgs/include/custom_msgs/custom_msgs/msg/points_camera.hpp
[14.992s] -- Installing: /home/andre/ros2_ws/install/custom_msgs/include/custom_msgs/custom_msgs/msg/correspondences.hpp
[14.992s] -- Up-to-date: /home/andre/ros2_ws/install/custom_msgs/include/custom_msgs/custom_msgs/msg/detail
[14.992s] -- Installing: /home/andre/ros2_ws/install/custom_msgs/include/custom_msgs/custom_msgs/msg/detail/points_camera__builder.hpp
[14.993s] -- Installing: /home/andre/ros2_ws/install/custom_msgs/include/custom_msgs/custom_msgs/msg/detail/point__traits.hpp
[14.993s] -- Installing: /home/andre/ros2_ws/install/custom_msgs/include/custom_msgs/custom_msgs/msg/detail/points_camera__traits.hpp
[14.993s] -- Installing: /home/andre/ros2_ws/install/custom_msgs/include/custom_msgs/custom_msgs/msg/detail/plane_match__struct.hpp
[14.993s] -- Installing: /home/andre/ros2_ws/install/custom_msgs/include/custom_msgs/custom_msgs/msg/detail/point__struct.hpp
[14.994s] -- Installing: /home/andre/ros2_ws/install/custom_msgs/include/custom_msgs/custom_msgs/msg/detail/plane_match__traits.hpp
[14.994s] -- Installing: /home/andre/ros2_ws/install/custom_msgs/include/custom_msgs/custom_msgs/msg/detail/points_camera__struct.hpp
[14.994s] -- Installing: /home/andre/ros2_ws/install/custom_msgs/include/custom_msgs/custom_msgs/msg/detail/correspondences__struct.hpp
[14.994s] -- Installing: /home/andre/ros2_ws/install/custom_msgs/include/custom_msgs/custom_msgs/msg/detail/correspondences__traits.hpp
[14.994s] -- Installing: /home/andre/ros2_ws/install/custom_msgs/include/custom_msgs/custom_msgs/msg/detail/plane__builder.hpp
[14.995s] -- Installing: /home/andre/ros2_ws/install/custom_msgs/include/custom_msgs/custom_msgs/msg/detail/correspondences__builder.hpp
[14.995s] -- Installing: /home/andre/ros2_ws/install/custom_msgs/include/custom_msgs/custom_msgs/msg/detail/point__builder.hpp
[14.995s] -- Installing: /home/andre/ros2_ws/install/custom_msgs/include/custom_msgs/custom_msgs/msg/detail/plane_match__builder.hpp
[14.995s] -- Installing: /home/andre/ros2_ws/install/custom_msgs/include/custom_msgs/custom_msgs/msg/detail/plane__traits.hpp
[14.995s] -- Installing: /home/andre/ros2_ws/install/custom_msgs/include/custom_msgs/custom_msgs/msg/detail/plane__struct.hpp
[14.995s] -- Installing: /home/andre/ros2_ws/install/custom_msgs/include/custom_msgs/custom_msgs/msg/plane_match.hpp
[14.995s] -- Installing: /home/andre/ros2_ws/install/custom_msgs/include/custom_msgs/custom_msgs/msg/point.hpp
[14.996s] -- Installing: /home/andre/ros2_ws/install/custom_msgs/include/custom_msgs/custom_msgs/msg/plane.hpp
[14.996s] -- Up-to-date: /home/andre/ros2_ws/install/custom_msgs/include/custom_msgs/custom_msgs
[14.996s] -- Up-to-date: /home/andre/ros2_ws/install/custom_msgs/include/custom_msgs/custom_msgs/msg
[14.996s] -- Up-to-date: /home/andre/ros2_ws/install/custom_msgs/include/custom_msgs/custom_msgs/msg/detail
[14.996s] -- Installing: /home/andre/ros2_ws/install/custom_msgs/include/custom_msgs/custom_msgs/msg/detail/point__rosidl_typesupport_fastrtps_cpp.hpp
[14.996s] -- Up-to-date: /home/andre/ros2_ws/install/custom_msgs/include/custom_msgs/custom_msgs/msg/detail/dds_fastrtps
[14.996s] -- Installing: /home/andre/ros2_ws/install/custom_msgs/include/custom_msgs/custom_msgs/msg/detail/plane_match__rosidl_typesupport_fastrtps_cpp.hpp
[14.997s] -- Installing: /home/andre/ros2_ws/install/custom_msgs/include/custom_msgs/custom_msgs/msg/detail/plane__rosidl_typesupport_fastrtps_cpp.hpp
[14.997s] -- Installing: /home/andre/ros2_ws/install/custom_msgs/include/custom_msgs/custom_msgs/msg/detail/correspondences__rosidl_typesupport_fastrtps_cpp.hpp
[14.997s] -- Installing: /home/andre/ros2_ws/install/custom_msgs/include/custom_msgs/custom_msgs/msg/detail/points_camera__rosidl_typesupport_fastrtps_cpp.hpp
[14.997s] -- Up-to-date: /home/andre/ros2_ws/install/custom_msgs/include/custom_msgs/custom_msgs/msg/rosidl_typesupport_fastrtps_cpp__visibility_control.h
[14.997s] -- Installing: /home/andre/ros2_ws/install/custom_msgs/lib/libcustom_msgs__rosidl_typesupport_fastrtps_cpp.so
[14.997s] -- Set runtime path of "/home/andre/ros2_ws/install/custom_msgs/lib/libcustom_msgs__rosidl_typesupport_fastrtps_cpp.so" to ""
[14.997s] -- Up-to-date: /home/andre/ros2_ws/install/custom_msgs/include/custom_msgs/custom_msgs
[14.997s] -- Up-to-date: /home/andre/ros2_ws/install/custom_msgs/include/custom_msgs/custom_msgs/msg
[14.997s] -- Up-to-date: /home/andre/ros2_ws/install/custom_msgs/include/custom_msgs/custom_msgs/msg/detail
[14.998s] -- Installing: /home/andre/ros2_ws/install/custom_msgs/include/custom_msgs/custom_msgs/msg/detail/correspondences__type_support.cpp
[14.998s] -- Installing: /home/andre/ros2_ws/install/custom_msgs/include/custom_msgs/custom_msgs/msg/detail/plane__type_support.cpp
[14.998s] -- Installing: /home/andre/ros2_ws/install/custom_msgs/include/custom_msgs/custom_msgs/msg/detail/point__type_support.cpp
[14.998s] -- Installing: /home/andre/ros2_ws/install/custom_msgs/include/custom_msgs/custom_msgs/msg/detail/correspondences__rosidl_typesupport_introspection_cpp.hpp
[14.998s] -- Installing: /home/andre/ros2_ws/install/custom_msgs/include/custom_msgs/custom_msgs/msg/detail/plane_match__type_support.cpp
[14.998s] -- Installing: /home/andre/ros2_ws/install/custom_msgs/include/custom_msgs/custom_msgs/msg/detail/points_camera__rosidl_typesupport_introspection_cpp.hpp
[14.998s] -- Installing: /home/andre/ros2_ws/install/custom_msgs/include/custom_msgs/custom_msgs/msg/detail/point__rosidl_typesupport_introspection_cpp.hpp
[14.998s] -- Installing: /home/andre/ros2_ws/install/custom_msgs/include/custom_msgs/custom_msgs/msg/detail/points_camera__type_support.cpp
[14.998s] -- Installing: /home/andre/ros2_ws/install/custom_msgs/include/custom_msgs/custom_msgs/msg/detail/plane_match__rosidl_typesupport_introspection_cpp.hpp
[14.999s] -- Installing: /home/andre/ros2_ws/install/custom_msgs/include/custom_msgs/custom_msgs/msg/detail/plane__rosidl_typesupport_introspection_cpp.hpp
[14.999s] -- Installing: /home/andre/ros2_ws/install/custom_msgs/lib/libcustom_msgs__rosidl_typesupport_introspection_cpp.so
[14.999s] -- Set runtime path of "/home/andre/ros2_ws/install/custom_msgs/lib/libcustom_msgs__rosidl_typesupport_introspection_cpp.so" to ""
[14.999s] -- Installing: /home/andre/ros2_ws/install/custom_msgs/lib/libcustom_msgs__rosidl_typesupport_cpp.so
[14.999s] -- Set runtime path of "/home/andre/ros2_ws/install/custom_msgs/lib/libcustom_msgs__rosidl_typesupport_cpp.so" to ""
[14.999s] -- Up-to-date: /home/andre/ros2_ws/install/custom_msgs/share/custom_msgs/environment/pythonpath.sh
[14.999s] -- Installing: /home/andre/ros2_ws/install/custom_msgs/share/custom_msgs/environment/pythonpath.dsv
[14.999s] -- Up-to-date: /home/andre/ros2_ws/install/custom_msgs/local/lib/python3.10/dist-packages/custom_msgs-0.0.0-py3.10.egg-info
[14.999s] -- Installing: /home/andre/ros2_ws/install/custom_msgs/local/lib/python3.10/dist-packages/custom_msgs-0.0.0-py3.10.egg-info/PKG-INFO
[15.000s] -- Installing: /home/andre/ros2_ws/install/custom_msgs/local/lib/python3.10/dist-packages/custom_msgs-0.0.0-py3.10.egg-info/dependency_links.txt
[15.000s] -- Installing: /home/andre/ros2_ws/install/custom_msgs/local/lib/python3.10/dist-packages/custom_msgs-0.0.0-py3.10.egg-info/SOURCES.txt
[15.000s] -- Installing: /home/andre/ros2_ws/install/custom_msgs/local/lib/python3.10/dist-packages/custom_msgs-0.0.0-py3.10.egg-info/top_level.txt
[15.000s] -- Up-to-date: /home/andre/ros2_ws/install/custom_msgs/local/lib/python3.10/dist-packages/custom_msgs
[15.000s] -- Installing: /home/andre/ros2_ws/install/custom_msgs/local/lib/python3.10/dist-packages/custom_msgs/_custom_msgs_s.ep.rosidl_typesupport_fastrtps_c.c
[15.000s] -- Installing: /home/andre/ros2_ws/install/custom_msgs/local/lib/python3.10/dist-packages/custom_msgs/_custom_msgs_s.ep.rosidl_typesupport_c.c
[15.000s] -- Installing: /home/andre/ros2_ws/install/custom_msgs/local/lib/python3.10/dist-packages/custom_msgs/libcustom_msgs__rosidl_generator_py.so
[15.000s] -- Installing: /home/andre/ros2_ws/install/custom_msgs/local/lib/python3.10/dist-packages/custom_msgs/custom_msgs_s__rosidl_typesupport_c.cpython-310-x86_64-linux-gnu.so
[15.000s] -- Installing: /home/andre/ros2_ws/install/custom_msgs/local/lib/python3.10/dist-packages/custom_msgs/__init__.py
[15.001s] -- Installing: /home/andre/ros2_ws/install/custom_msgs/local/lib/python3.10/dist-packages/custom_msgs/_custom_msgs_s.ep.rosidl_typesupport_introspection_c.c
[15.001s] -- Installing: /home/andre/ros2_ws/install/custom_msgs/local/lib/python3.10/dist-packages/custom_msgs/custom_msgs_s__rosidl_typesupport_fastrtps_c.cpython-310-x86_64-linux-gnu.so
[15.001s] -- Installing: /home/andre/ros2_ws/install/custom_msgs/local/lib/python3.10/dist-packages/custom_msgs/custom_msgs_s__rosidl_typesupport_introspection_c.cpython-310-x86_64-linux-gnu.so
[15.001s] -- Up-to-date: /home/andre/ros2_ws/install/custom_msgs/local/lib/python3.10/dist-packages/custom_msgs/msg
[15.001s] -- Installing: /home/andre/ros2_ws/install/custom_msgs/local/lib/python3.10/dist-packages/custom_msgs/msg/_plane_match_s.c
[15.001s] -- Installing: /home/andre/ros2_ws/install/custom_msgs/local/lib/python3.10/dist-packages/custom_msgs/msg/_plane.py
[15.005s] -- Installing: /home/andre/ros2_ws/install/custom_msgs/local/lib/python3.10/dist-packages/custom_msgs/msg/_point_s.c
[15.005s] -- Installing: /home/andre/ros2_ws/install/custom_msgs/local/lib/python3.10/dist-packages/custom_msgs/msg/_plane_s.c
[15.005s] -- Installing: /home/andre/ros2_ws/install/custom_msgs/local/lib/python3.10/dist-packages/custom_msgs/msg/_points_camera.py
[15.005s] -- Installing: /home/andre/ros2_ws/install/custom_msgs/local/lib/python3.10/dist-packages/custom_msgs/msg/_points_camera_s.c
[15.006s] -- Installing: /home/andre/ros2_ws/install/custom_msgs/local/lib/python3.10/dist-packages/custom_msgs/msg/_point.py
[15.006s] -- Installing: /home/andre/ros2_ws/install/custom_msgs/local/lib/python3.10/dist-packages/custom_msgs/msg/__init__.py
[15.006s] -- Installing: /home/andre/ros2_ws/install/custom_msgs/local/lib/python3.10/dist-packages/custom_msgs/msg/_correspondences_s.c
[15.006s] -- Installing: /home/andre/ros2_ws/install/custom_msgs/local/lib/python3.10/dist-packages/custom_msgs/msg/_plane_match.py
[15.006s] -- Installing: /home/andre/ros2_ws/install/custom_msgs/local/lib/python3.10/dist-packages/custom_msgs/msg/_correspondences.py
[15.082s] Listing '/home/andre/ros2_ws/install/custom_msgs/local/lib/python3.10/dist-packages/custom_msgs'...
[15.082s] Compiling '/home/andre/ros2_ws/install/custom_msgs/local/lib/python3.10/dist-packages/custom_msgs/__init__.py'...
[15.082s] Listing '/home/andre/ros2_ws/install/custom_msgs/local/lib/python3.10/dist-packages/custom_msgs/msg'...
[15.082s] Compiling '/home/andre/ros2_ws/install/custom_msgs/local/lib/python3.10/dist-packages/custom_msgs/msg/__init__.py'...
[15.082s] Compiling '/home/andre/ros2_ws/install/custom_msgs/local/lib/python3.10/dist-packages/custom_msgs/msg/_correspondences.py'...
[15.083s] Compiling '/home/andre/ros2_ws/install/custom_msgs/local/lib/python3.10/dist-packages/custom_msgs/msg/_plane.py'...
[15.083s] Compiling '/home/andre/ros2_ws/install/custom_msgs/local/lib/python3.10/dist-packages/custom_msgs/msg/_plane_match.py'...
[15.083s] Compiling '/home/andre/ros2_ws/install/custom_msgs/local/lib/python3.10/dist-packages/custom_msgs/msg/_point.py'...
[15.083s] Compiling '/home/andre/ros2_ws/install/custom_msgs/local/lib/python3.10/dist-packages/custom_msgs/msg/_points_camera.py'...
[15.094s] -- Installing: /home/andre/ros2_ws/install/custom_msgs/local/lib/python3.10/dist-packages/custom_msgs/custom_msgs_s__rosidl_typesupport_fastrtps_c.cpython-310-x86_64-linux-gnu.so
[15.095s] -- Set runtime path of "/home/andre/ros2_ws/install/custom_msgs/local/lib/python3.10/dist-packages/custom_msgs/custom_msgs_s__rosidl_typesupport_fastrtps_c.cpython-310-x86_64-linux-gnu.so" to ""
[15.096s] -- Installing: /home/andre/ros2_ws/install/custom_msgs/local/lib/python3.10/dist-packages/custom_msgs/custom_msgs_s__rosidl_typesupport_introspection_c.cpython-310-x86_64-linux-gnu.so
[15.096s] -- Set runtime path of "/home/andre/ros2_ws/install/custom_msgs/local/lib/python3.10/dist-packages/custom_msgs/custom_msgs_s__rosidl_typesupport_introspection_c.cpython-310-x86_64-linux-gnu.so" to ""
[15.097s] -- Installing: /home/andre/ros2_ws/install/custom_msgs/local/lib/python3.10/dist-packages/custom_msgs/custom_msgs_s__rosidl_typesupport_c.cpython-310-x86_64-linux-gnu.so
[15.098s] -- Set runtime path of "/home/andre/ros2_ws/install/custom_msgs/local/lib/python3.10/dist-packages/custom_msgs/custom_msgs_s__rosidl_typesupport_c.cpython-310-x86_64-linux-gnu.so" to ""
[15.098s] -- Installing: /home/andre/ros2_ws/install/custom_msgs/lib/libcustom_msgs__rosidl_generator_py.so
[15.099s] -- Set runtime path of "/home/andre/ros2_ws/install/custom_msgs/lib/libcustom_msgs__rosidl_generator_py.so" to ""
[15.099s] -- Up-to-date: /home/andre/ros2_ws/install/custom_msgs/share/custom_msgs/msg/Plane.idl
[15.099s] -- Up-to-date: /home/andre/ros2_ws/install/custom_msgs/share/custom_msgs/msg/PlaneMatch.idl
[15.099s] -- Up-to-date: /home/andre/ros2_ws/install/custom_msgs/share/custom_msgs/msg/Correspondences.idl
[15.100s] -- Installing: /home/andre/ros2_ws/install/custom_msgs/share/custom_msgs/msg/PointsCamera.idl
[15.100s] -- Installing: /home/andre/ros2_ws/install/custom_msgs/share/custom_msgs/msg/Point.idl
[15.100s] -- Up-to-date: /home/andre/ros2_ws/install/custom_msgs/share/custom_msgs/msg/Plane.msg
[15.100s] -- Up-to-date: /home/andre/ros2_ws/install/custom_msgs/share/custom_msgs/msg/PlaneMatch.msg
[15.100s] -- Up-to-date: /home/andre/ros2_ws/install/custom_msgs/share/custom_msgs/msg/Correspondences.msg
[15.100s] -- Installing: /home/andre/ros2_ws/install/custom_msgs/share/custom_msgs/msg/PointsCamera.msg
[15.101s] -- Installing: /home/andre/ros2_ws/install/custom_msgs/share/custom_msgs/msg/Point.msg
[15.101s] -- Up-to-date: /home/andre/ros2_ws/install/custom_msgs/share/ament_index/resource_index/package_run_dependencies/custom_msgs
[15.101s] -- Installing: /home/andre/ros2_ws/install/custom_msgs/share/ament_index/resource_index/parent_prefix_path/custom_msgs
[15.101s] -- Up-to-date: /home/andre/ros2_ws/install/custom_msgs/share/custom_msgs/environment/ament_prefix_path.sh
[15.102s] -- Installing: /home/andre/ros2_ws/install/custom_msgs/share/custom_msgs/environment/ament_prefix_path.dsv
[15.102s] -- Up-to-date: /home/andre/ros2_ws/install/custom_msgs/share/custom_msgs/environment/path.sh
[15.102s] -- Installing: /home/andre/ros2_ws/install/custom_msgs/share/custom_msgs/environment/path.dsv
[15.102s] -- Up-to-date: /home/andre/ros2_ws/install/custom_msgs/share/custom_msgs/local_setup.bash
[15.102s] -- Up-to-date: /home/andre/ros2_ws/install/custom_msgs/share/custom_msgs/local_setup.sh
[15.102s] -- Up-to-date: /home/andre/ros2_ws/install/custom_msgs/share/custom_msgs/local_setup.zsh
[15.103s] -- Installing: /home/andre/ros2_ws/install/custom_msgs/share/custom_msgs/local_setup.dsv
[15.103s] -- Installing: /home/andre/ros2_ws/install/custom_msgs/share/custom_msgs/package.dsv
[15.103s] -- Up-to-date: /home/andre/ros2_ws/install/custom_msgs/share/ament_index/resource_index/packages/custom_msgs
[15.103s] -- Installing: /home/andre/ros2_ws/install/custom_msgs/share/custom_msgs/cmake/export_custom_msgs__rosidl_generator_cExport.cmake
[15.103s] -- Up-to-date: /home/andre/ros2_ws/install/custom_msgs/share/custom_msgs/cmake/export_custom_msgs__rosidl_generator_cExport-noconfig.cmake
[15.103s] -- Installing: /home/andre/ros2_ws/install/custom_msgs/share/custom_msgs/cmake/export_custom_msgs__rosidl_typesupport_fastrtps_cExport.cmake
[15.104s] -- Up-to-date: /home/andre/ros2_ws/install/custom_msgs/share/custom_msgs/cmake/export_custom_msgs__rosidl_typesupport_fastrtps_cExport-noconfig.cmake
[15.104s] -- Installing: /home/andre/ros2_ws/install/custom_msgs/share/custom_msgs/cmake/custom_msgs__rosidl_typesupport_introspection_cExport.cmake
[15.104s] -- Up-to-date: /home/andre/ros2_ws/install/custom_msgs/share/custom_msgs/cmake/custom_msgs__rosidl_typesupport_introspection_cExport-noconfig.cmake
[15.104s] -- Installing: /home/andre/ros2_ws/install/custom_msgs/share/custom_msgs/cmake/custom_msgs__rosidl_typesupport_cExport.cmake
[15.104s] -- Up-to-date: /home/andre/ros2_ws/install/custom_msgs/share/custom_msgs/cmake/custom_msgs__rosidl_typesupport_cExport-noconfig.cmake
[15.105s] -- Installing: /home/andre/ros2_ws/install/custom_msgs/share/custom_msgs/cmake/export_custom_msgs__rosidl_generator_cppExport.cmake
[15.105s] -- Installing: /home/andre/ros2_ws/install/custom_msgs/share/custom_msgs/cmake/export_custom_msgs__rosidl_typesupport_fastrtps_cppExport.cmake
[15.106s] -- Up-to-date: /home/andre/ros2_ws/install/custom_msgs/share/custom_msgs/cmake/export_custom_msgs__rosidl_typesupport_fastrtps_cppExport-noconfig.cmake
[15.106s] -- Installing: /home/andre/ros2_ws/install/custom_msgs/share/custom_msgs/cmake/custom_msgs__rosidl_typesupport_introspection_cppExport.cmake
[15.106s] -- Up-to-date: /home/andre/ros2_ws/install/custom_msgs/share/custom_msgs/cmake/custom_msgs__rosidl_typesupport_introspection_cppExport-noconfig.cmake
[15.107s] -- Installing: /home/andre/ros2_ws/install/custom_msgs/share/custom_msgs/cmake/custom_msgs__rosidl_typesupport_cppExport.cmake
[15.107s] -- Up-to-date: /home/andre/ros2_ws/install/custom_msgs/share/custom_msgs/cmake/custom_msgs__rosidl_typesupport_cppExport-noconfig.cmake
[15.108s] -- Installing: /home/andre/ros2_ws/install/custom_msgs/share/custom_msgs/cmake/export_custom_msgs__rosidl_generator_pyExport.cmake
[15.108s] -- Up-to-date: /home/andre/ros2_ws/install/custom_msgs/share/custom_msgs/cmake/export_custom_msgs__rosidl_generator_pyExport-noconfig.cmake
[15.108s] -- Installing: /home/andre/ros2_ws/install/custom_msgs/share/custom_msgs/cmake/rosidl_cmake-extras.cmake
[15.109s] -- Installing: /home/andre/ros2_ws/install/custom_msgs/share/custom_msgs/cmake/ament_cmake_export_dependencies-extras.cmake
[15.110s] -- Up-to-date: /home/andre/ros2_ws/install/custom_msgs/share/custom_msgs/cmake/ament_cmake_export_include_directories-extras.cmake
[15.110s] -- Up-to-date: /home/andre/ros2_ws/install/custom_msgs/share/custom_msgs/cmake/ament_cmake_export_libraries-extras.cmake
[15.110s] -- Up-to-date: /home/andre/ros2_ws/install/custom_msgs/share/custom_msgs/cmake/ament_cmake_export_targets-extras.cmake
[15.110s] -- Up-to-date: /home/andre/ros2_ws/install/custom_msgs/share/custom_msgs/cmake/rosidl_cmake_export_typesupport_targets-extras.cmake
[15.111s] -- Up-to-date: /home/andre/ros2_ws/install/custom_msgs/share/custom_msgs/cmake/rosidl_cmake_export_typesupport_libraries-extras.cmake
[15.111s] -- Installing: /home/andre/ros2_ws/install/custom_msgs/share/custom_msgs/cmake/custom_msgsConfig.cmake
[15.111s] -- Up-to-date: /home/andre/ros2_ws/install/custom_msgs/share/custom_msgs/cmake/custom_msgsConfig-version.cmake
[15.111s] -- Up-to-date: /home/andre/ros2_ws/install/custom_msgs/share/custom_msgs/package.xml
[15.128s] Invoked command in '/home/andre/ros2_ws/build/custom_msgs' returned '0': CMAKE_PREFIX_PATH=${CMAKE_PREFIX_PATH}:/home/andre/ros2_ws/install/detection_astra_camera:/home/andre/ros2_ws/install/detection_aruco:/opt/ros/humble /usr/bin/cmake --install /home/andre/ros2_ws/build/custom_msgs
