[0.164s] Invoking command in '/home/andre/ros2_ws/build/calib_correspondences': CMAKE_PREFIX_PATH=${CMAKE_PREFIX_PATH}:/home/andre/ros2_ws/install/detection_astra_camera:/home/andre/ros2_ws/install/detection_aruco:/opt/ros/humble /usr/bin/cmake --build /home/andre/ros2_ws/build/calib_correspondences -- -j4 -l4
[1.072s] [ 50%] Built target image_cloud_reader
[1.347s] [100%] Built target corr_subscriber
[1.385s] Invoked command in '/home/andre/ros2_ws/build/calib_correspondences' returned '0': CMAKE_PREFIX_PATH=${CMAKE_PREFIX_PATH}:/home/andre/ros2_ws/install/detection_astra_camera:/home/andre/ros2_ws/install/detection_aruco:/opt/ros/humble /usr/bin/cmake --build /home/andre/ros2_ws/build/calib_correspondences -- -j4 -l4
[1.525s] Invoking command in '/home/andre/ros2_ws/build/calib_correspondences': CMAKE_PREFIX_PATH=${CMAKE_PREFIX_PATH}:/home/andre/ros2_ws/install/detection_astra_camera:/home/andre/ros2_ws/install/detection_aruco:/opt/ros/humble /usr/bin/cmake --install /home/andre/ros2_ws/build/calib_correspondences
[1.550s] -- Install configuration: "Release"
[1.597s] -- Up-to-date: /home/andre/ros2_ws/install/calib_correspondences/lib/calib_correspondences/image_cloud_reader
[1.623s] -- Up-to-date: /home/andre/ros2_ws/install/calib_correspondences/lib/calib_correspondences/corr_subscriber
[1.624s] -- Up-to-date: /home/andre/ros2_ws/install/calib_correspondences/share/calib_correspondences//launch
[1.624s] -- Up-to-date: /home/andre/ros2_ws/install/calib_correspondences/share/calib_correspondences//launch/imgcloud2corr_launch.xml
[1.624s] -- Up-to-date: /home/andre/ros2_ws/install/calib_correspondences/share/calib_correspondences//launch/calibrate_corr_launch.xml
[1.624s] -- Up-to-date: /home/andre/ros2_ws/install/calib_correspondences/share/calib_correspondences//config
[1.624s] -- Installing: /home/andre/ros2_ws/install/calib_correspondences/share/calib_correspondences//config/parameters.yaml
[1.625s] -- Up-to-date: /home/andre/ros2_ws/install/calib_correspondences/share/calib_correspondences//config/params_usb0.yaml
[1.625s] -- Up-to-date: /home/andre/ros2_ws/install/calib_correspondences/share/calib_correspondences//config/params_usb1.yaml
[1.625s] -- Up-to-date: /home/andre/ros2_ws/install/calib_correspondences/share/ament_index/resource_index/package_run_dependencies/calib_correspondences
[1.625s] -- Up-to-date: /home/andre/ros2_ws/install/calib_correspondences/share/ament_index/resource_index/parent_prefix_path/calib_correspondences
[1.625s] -- Up-to-date: /home/andre/ros2_ws/install/calib_correspondences/share/calib_correspondences/environment/ament_prefix_path.sh
[1.625s] -- Up-to-date: /home/andre/ros2_ws/install/calib_correspondences/share/calib_correspondences/environment/ament_prefix_path.dsv
[1.625s] -- Up-to-date: /home/andre/ros2_ws/install/calib_correspondences/share/calib_correspondences/environment/path.sh
[1.626s] -- Up-to-date: /home/andre/ros2_ws/install/calib_correspondences/share/calib_correspondences/environment/path.dsv
[1.626s] -- Up-to-date: /home/andre/ros2_ws/install/calib_correspondences/share/calib_correspondences/local_setup.bash
[1.626s] -- Up-to-date: /home/andre/ros2_ws/install/calib_correspondences/share/calib_correspondences/local_setup.sh
[1.626s] -- Up-to-date: /home/andre/ros2_ws/install/calib_correspondences/share/calib_correspondences/local_setup.zsh
[1.626s] -- Up-to-date: /home/andre/ros2_ws/install/calib_correspondences/share/calib_correspondences/local_setup.dsv
[1.627s] -- Installing: /home/andre/ros2_ws/install/calib_correspondences/share/calib_correspondences/package.dsv
[1.644s] -- Up-to-date: /home/andre/ros2_ws/install/calib_correspondences/share/ament_index/resource_index/packages/calib_correspondences
[1.645s] -- Up-to-date: /home/andre/ros2_ws/install/calib_correspondences/share/calib_correspondences/cmake/calib_correspondencesConfig.cmake
[1.645s] -- Up-to-date: /home/andre/ros2_ws/install/calib_correspondences/share/calib_correspondences/cmake/calib_correspondencesConfig-version.cmake
[1.645s] -- Up-to-date: /home/andre/ros2_ws/install/calib_correspondences/share/calib_correspondences/package.xml
[1.666s] Invoked command in '/home/andre/ros2_ws/build/calib_correspondences' returned '0': CMAKE_PREFIX_PATH=${CMAKE_PREFIX_PATH}:/home/andre/ros2_ws/install/detection_astra_camera:/home/andre/ros2_ws/install/detection_aruco:/opt/ros/humble /usr/bin/cmake --install /home/andre/ros2_ws/build/calib_correspondences
