[0.317s] DEBUG:colcon:Command line arguments: ['/usr/bin/colcon', 'build', '--packages-select', 'pcl_example']
[0.318s] DEBUG:colcon:Parsed command line arguments: Namespace(log_base=None, log_level=None, verb_name='build', build_base='build', install_base='install', merge_install=False, symlink_install=False, test_result_base=None, continue_on_error=False, executor='parallel', parallel_workers=4, event_handlers=None, ignore_user_meta=False, metas=['./colcon.meta'], base_paths=['.'], packages_ignore=None, packages_ignore_regex=None, paths=None, packages_up_to=None, packages_up_to_regex=None, packages_above=None, packages_above_and_dependencies=None, packages_above_depth=None, packages_select_by_dep=None, packages_skip_by_dep=None, packages_skip_up_to=None, packages_select_build_failed=False, packages_skip_build_finished=False, packages_select_test_failures=False, packages_skip_test_passed=False, packages_select=['pcl_example'], packages_skip=None, packages_select_regex=None, packages_skip_regex=None, packages_start=None, packages_end=None, allow_overriding=[], cmake_args=None, cmake_target=None, cmake_target_skip_unavailable=False, cmake_clean_cache=False, cmake_clean_first=False, cmake_force_configure=False, ament_cmake_args=None, catkin_cmake_args=None, catkin_skip_building_tests=False, mixin_files=None, mixin=None, verb_parser=<colcon_mixin.mixin.mixin_argument.MixinArgumentDecorator object at 0x728704429f30>, verb_extension=<colcon_core.verb.build.BuildVerb object at 0x72870451a680>, main=<bound method BuildVerb.main of <colcon_core.verb.build.BuildVerb object at 0x72870451a680>>, mixin_verb=('build',))
[0.560s] Level 1:colcon.colcon_core.package_discovery:discover_packages(colcon_meta) check parameters
[0.560s] Level 1:colcon.colcon_core.package_discovery:discover_packages(recursive) check parameters
[0.560s] Level 1:colcon.colcon_core.package_discovery:discover_packages(ignore) check parameters
[0.560s] Level 1:colcon.colcon_core.package_discovery:discover_packages(path) check parameters
[0.560s] Level 1:colcon.colcon_core.package_discovery:discover_packages(colcon_meta) discover
[0.560s] Level 1:colcon.colcon_core.package_discovery:discover_packages(recursive) discover
[0.560s] INFO:colcon.colcon_core.package_discovery:Crawling recursively for packages in '/home/andre/ros2_ws'
[0.560s] Level 1:colcon.colcon_core.package_identification:_identify(.) by extensions ['ignore', 'ignore_ament_install']
[0.561s] Level 1:colcon.colcon_core.package_identification:_identify(.) by extension 'ignore'
[0.561s] Level 1:colcon.colcon_core.package_identification:_identify(.) by extension 'ignore_ament_install'
[0.561s] Level 1:colcon.colcon_core.package_identification:_identify(.) by extensions ['colcon_pkg']
[0.561s] Level 1:colcon.colcon_core.package_identification:_identify(.) by extension 'colcon_pkg'
[0.561s] Level 1:colcon.colcon_core.package_identification:_identify(.) by extensions ['colcon_meta']
[0.561s] Level 1:colcon.colcon_core.package_identification:_identify(.) by extension 'colcon_meta'
[0.561s] Level 1:colcon.colcon_core.package_identification:_identify(.) by extensions ['ros']
[0.561s] Level 1:colcon.colcon_core.package_identification:_identify(.) by extension 'ros'
[0.647s] Level 1:colcon.colcon_core.package_identification:_identify(.) by extensions ['cmake', 'python']
[0.647s] Level 1:colcon.colcon_core.package_identification:_identify(.) by extension 'cmake'
[0.647s] Level 1:colcon.colcon_core.package_identification:_identify(.) by extension 'python'
[0.647s] Level 1:colcon.colcon_core.package_identification:_identify(.) by extensions ['python_setup_py']
[0.647s] Level 1:colcon.colcon_core.package_identification:_identify(.) by extension 'python_setup_py'
[0.648s] Level 1:colcon.colcon_core.package_identification:_identify(build) by extensions ['ignore', 'ignore_ament_install']
[0.648s] Level 1:colcon.colcon_core.package_identification:_identify(build) by extension 'ignore'
[0.648s] Level 1:colcon.colcon_core.package_identification:_identify(build) ignored
[0.648s] Level 1:colcon.colcon_core.package_identification:_identify(install) by extensions ['ignore', 'ignore_ament_install']
[0.648s] Level 1:colcon.colcon_core.package_identification:_identify(install) by extension 'ignore'
[0.649s] Level 1:colcon.colcon_core.package_identification:_identify(install) ignored
[0.649s] Level 1:colcon.colcon_core.package_identification:_identify(log) by extensions ['ignore', 'ignore_ament_install']
[0.649s] Level 1:colcon.colcon_core.package_identification:_identify(log) by extension 'ignore'
[0.649s] Level 1:colcon.colcon_core.package_identification:_identify(log) ignored
[0.649s] Level 1:colcon.colcon_core.package_identification:_identify(src) by extensions ['ignore', 'ignore_ament_install']
[0.649s] Level 1:colcon.colcon_core.package_identification:_identify(src) by extension 'ignore'
[0.650s] Level 1:colcon.colcon_core.package_identification:_identify(src) by extension 'ignore_ament_install'
[0.650s] Level 1:colcon.colcon_core.package_identification:_identify(src) by extensions ['colcon_pkg']
[0.650s] Level 1:colcon.colcon_core.package_identification:_identify(src) by extension 'colcon_pkg'
[0.650s] Level 1:colcon.colcon_core.package_identification:_identify(src) by extensions ['colcon_meta']
[0.650s] Level 1:colcon.colcon_core.package_identification:_identify(src) by extension 'colcon_meta'
[0.650s] Level 1:colcon.colcon_core.package_identification:_identify(src) by extensions ['ros']
[0.650s] Level 1:colcon.colcon_core.package_identification:_identify(src) by extension 'ros'
[0.650s] Level 1:colcon.colcon_core.package_identification:_identify(src) by extensions ['cmake', 'python']
[0.650s] Level 1:colcon.colcon_core.package_identification:_identify(src) by extension 'cmake'
[0.650s] Level 1:colcon.colcon_core.package_identification:_identify(src) by extension 'python'
[0.650s] Level 1:colcon.colcon_core.package_identification:_identify(src) by extensions ['python_setup_py']
[0.651s] Level 1:colcon.colcon_core.package_identification:_identify(src) by extension 'python_setup_py'
[0.651s] Level 1:colcon.colcon_core.package_identification:_identify(src/astra_camera) by extensions ['ignore', 'ignore_ament_install']
[0.651s] Level 1:colcon.colcon_core.package_identification:_identify(src/astra_camera) by extension 'ignore'
[0.651s] Level 1:colcon.colcon_core.package_identification:_identify(src/astra_camera) by extension 'ignore_ament_install'
[0.651s] Level 1:colcon.colcon_core.package_identification:_identify(src/astra_camera) by extensions ['colcon_pkg']
[0.651s] Level 1:colcon.colcon_core.package_identification:_identify(src/astra_camera) by extension 'colcon_pkg'
[0.651s] Level 1:colcon.colcon_core.package_identification:_identify(src/astra_camera) by extensions ['colcon_meta']
[0.651s] Level 1:colcon.colcon_core.package_identification:_identify(src/astra_camera) by extension 'colcon_meta'
[0.651s] Level 1:colcon.colcon_core.package_identification:_identify(src/astra_camera) by extensions ['ros']
[0.651s] Level 1:colcon.colcon_core.package_identification:_identify(src/astra_camera) by extension 'ros'
[0.652s] Level 1:colcon.colcon_core.package_identification:_identify(src/astra_camera) by extensions ['cmake', 'python']
[0.652s] Level 1:colcon.colcon_core.package_identification:_identify(src/astra_camera) by extension 'cmake'
[0.652s] Level 1:colcon.colcon_core.package_identification:_identify(src/astra_camera) by extension 'python'
[0.652s] Level 1:colcon.colcon_core.package_identification:_identify(src/astra_camera) by extensions ['python_setup_py']
[0.652s] Level 1:colcon.colcon_core.package_identification:_identify(src/astra_camera) by extension 'python_setup_py'
[0.652s] Level 1:colcon.colcon_core.package_identification:_identify(src/astra_camera/astra_camera) by extensions ['ignore', 'ignore_ament_install']
[0.652s] Level 1:colcon.colcon_core.package_identification:_identify(src/astra_camera/astra_camera) by extension 'ignore'
[0.652s] Level 1:colcon.colcon_core.package_identification:_identify(src/astra_camera/astra_camera) by extension 'ignore_ament_install'
[0.652s] Level 1:colcon.colcon_core.package_identification:_identify(src/astra_camera/astra_camera) by extensions ['colcon_pkg']
[0.653s] Level 1:colcon.colcon_core.package_identification:_identify(src/astra_camera/astra_camera) by extension 'colcon_pkg'
[0.653s] Level 1:colcon.colcon_core.package_identification:_identify(src/astra_camera/astra_camera) by extensions ['colcon_meta']
[0.653s] Level 1:colcon.colcon_core.package_identification:_identify(src/astra_camera/astra_camera) by extension 'colcon_meta'
[0.653s] Level 1:colcon.colcon_core.package_identification:_identify(src/astra_camera/astra_camera) by extensions ['ros']
[0.653s] Level 1:colcon.colcon_core.package_identification:_identify(src/astra_camera/astra_camera) by extension 'ros'
[0.673s] DEBUG:colcon.colcon_core.package_identification:Package 'src/astra_camera/astra_camera' with type 'ros.ament_cmake' and name 'astra_camera'
[0.673s] Level 1:colcon.colcon_core.package_identification:_identify(src/astra_camera/astra_camera_msgs) by extensions ['ignore', 'ignore_ament_install']
[0.673s] Level 1:colcon.colcon_core.package_identification:_identify(src/astra_camera/astra_camera_msgs) by extension 'ignore'
[0.673s] Level 1:colcon.colcon_core.package_identification:_identify(src/astra_camera/astra_camera_msgs) by extension 'ignore_ament_install'
[0.673s] Level 1:colcon.colcon_core.package_identification:_identify(src/astra_camera/astra_camera_msgs) by extensions ['colcon_pkg']
[0.673s] Level 1:colcon.colcon_core.package_identification:_identify(src/astra_camera/astra_camera_msgs) by extension 'colcon_pkg'
[0.673s] Level 1:colcon.colcon_core.package_identification:_identify(src/astra_camera/astra_camera_msgs) by extensions ['colcon_meta']
[0.673s] Level 1:colcon.colcon_core.package_identification:_identify(src/astra_camera/astra_camera_msgs) by extension 'colcon_meta'
[0.673s] Level 1:colcon.colcon_core.package_identification:_identify(src/astra_camera/astra_camera_msgs) by extensions ['ros']
[0.673s] Level 1:colcon.colcon_core.package_identification:_identify(src/astra_camera/astra_camera_msgs) by extension 'ros'
[0.686s] DEBUG:colcon.colcon_core.package_identification:Package 'src/astra_camera/astra_camera_msgs' with type 'ros.ament_cmake' and name 'astra_camera_msgs'
[0.686s] Level 1:colcon.colcon_core.package_identification:_identify(src/calib_correspondences) by extensions ['ignore', 'ignore_ament_install']
[0.686s] Level 1:colcon.colcon_core.package_identification:_identify(src/calib_correspondences) by extension 'ignore'
[0.687s] Level 1:colcon.colcon_core.package_identification:_identify(src/calib_correspondences) by extension 'ignore_ament_install'
[0.687s] Level 1:colcon.colcon_core.package_identification:_identify(src/calib_correspondences) by extensions ['colcon_pkg']
[0.687s] Level 1:colcon.colcon_core.package_identification:_identify(src/calib_correspondences) by extension 'colcon_pkg'
[0.687s] Level 1:colcon.colcon_core.package_identification:_identify(src/calib_correspondences) by extensions ['colcon_meta']
[0.687s] Level 1:colcon.colcon_core.package_identification:_identify(src/calib_correspondences) by extension 'colcon_meta'
[0.687s] Level 1:colcon.colcon_core.package_identification:_identify(src/calib_correspondences) by extensions ['ros']
[0.687s] Level 1:colcon.colcon_core.package_identification:_identify(src/calib_correspondences) by extension 'ros'
[0.690s] DEBUG:colcon.colcon_core.package_identification:Package 'src/calib_correspondences' with type 'ros.ament_cmake' and name 'calib_correspondences'
[0.690s] Level 1:colcon.colcon_core.package_identification:_identify(src/custom_msgs) by extensions ['ignore', 'ignore_ament_install']
[0.691s] Level 1:colcon.colcon_core.package_identification:_identify(src/custom_msgs) by extension 'ignore'
[0.691s] Level 1:colcon.colcon_core.package_identification:_identify(src/custom_msgs) by extension 'ignore_ament_install'
[0.691s] Level 1:colcon.colcon_core.package_identification:_identify(src/custom_msgs) by extensions ['colcon_pkg']
[0.691s] Level 1:colcon.colcon_core.package_identification:_identify(src/custom_msgs) by extension 'colcon_pkg'
[0.691s] Level 1:colcon.colcon_core.package_identification:_identify(src/custom_msgs) by extensions ['colcon_meta']
[0.691s] Level 1:colcon.colcon_core.package_identification:_identify(src/custom_msgs) by extension 'colcon_meta'
[0.691s] Level 1:colcon.colcon_core.package_identification:_identify(src/custom_msgs) by extensions ['ros']
[0.691s] Level 1:colcon.colcon_core.package_identification:_identify(src/custom_msgs) by extension 'ros'
[0.692s] DEBUG:colcon.colcon_core.package_identification:Package 'src/custom_msgs' with type 'ros.ament_cmake' and name 'custom_msgs'
[0.692s] Level 1:colcon.colcon_core.package_identification:_identify(src/detection_aruco) by extensions ['ignore', 'ignore_ament_install']
[0.693s] Level 1:colcon.colcon_core.package_identification:_identify(src/detection_aruco) by extension 'ignore'
[0.693s] Level 1:colcon.colcon_core.package_identification:_identify(src/detection_aruco) by extension 'ignore_ament_install'
[0.693s] Level 1:colcon.colcon_core.package_identification:_identify(src/detection_aruco) by extensions ['colcon_pkg']
[0.693s] Level 1:colcon.colcon_core.package_identification:_identify(src/detection_aruco) by extension 'colcon_pkg'
[0.693s] Level 1:colcon.colcon_core.package_identification:_identify(src/detection_aruco) by extensions ['colcon_meta']
[0.693s] Level 1:colcon.colcon_core.package_identification:_identify(src/detection_aruco) by extension 'colcon_meta'
[0.693s] Level 1:colcon.colcon_core.package_identification:_identify(src/detection_aruco) by extensions ['ros']
[0.693s] Level 1:colcon.colcon_core.package_identification:_identify(src/detection_aruco) by extension 'ros'
[0.695s] DEBUG:colcon.colcon_core.package_identification:Package 'src/detection_aruco' with type 'ros.ament_python' and name 'detection_aruco'
[0.695s] Level 1:colcon.colcon_core.package_identification:_identify(src/detection_astra_camera) by extensions ['ignore', 'ignore_ament_install']
[0.696s] Level 1:colcon.colcon_core.package_identification:_identify(src/detection_astra_camera) by extension 'ignore'
[0.696s] Level 1:colcon.colcon_core.package_identification:_identify(src/detection_astra_camera) by extension 'ignore_ament_install'
[0.696s] Level 1:colcon.colcon_core.package_identification:_identify(src/detection_astra_camera) by extensions ['colcon_pkg']
[0.696s] Level 1:colcon.colcon_core.package_identification:_identify(src/detection_astra_camera) by extension 'colcon_pkg'
[0.696s] Level 1:colcon.colcon_core.package_identification:_identify(src/detection_astra_camera) by extensions ['colcon_meta']
[0.696s] Level 1:colcon.colcon_core.package_identification:_identify(src/detection_astra_camera) by extension 'colcon_meta'
[0.696s] Level 1:colcon.colcon_core.package_identification:_identify(src/detection_astra_camera) by extensions ['ros']
[0.696s] Level 1:colcon.colcon_core.package_identification:_identify(src/detection_astra_camera) by extension 'ros'
[0.697s] DEBUG:colcon.colcon_core.package_identification:Package 'src/detection_astra_camera' with type 'ros.ament_python' and name 'detection_astra_camera'
[0.697s] Level 1:colcon.colcon_core.package_identification:_identify(src/detection_human_ros) by extensions ['ignore', 'ignore_ament_install']
[0.697s] Level 1:colcon.colcon_core.package_identification:_identify(src/detection_human_ros) by extension 'ignore'
[0.698s] Level 1:colcon.colcon_core.package_identification:_identify(src/detection_human_ros) by extension 'ignore_ament_install'
[0.698s] Level 1:colcon.colcon_core.package_identification:_identify(src/detection_human_ros) by extensions ['colcon_pkg']
[0.698s] Level 1:colcon.colcon_core.package_identification:_identify(src/detection_human_ros) by extension 'colcon_pkg'
[0.698s] Level 1:colcon.colcon_core.package_identification:_identify(src/detection_human_ros) by extensions ['colcon_meta']
[0.698s] Level 1:colcon.colcon_core.package_identification:_identify(src/detection_human_ros) by extension 'colcon_meta'
[0.698s] Level 1:colcon.colcon_core.package_identification:_identify(src/detection_human_ros) by extensions ['ros']
[0.698s] Level 1:colcon.colcon_core.package_identification:_identify(src/detection_human_ros) by extension 'ros'
[0.699s] DEBUG:colcon.colcon_core.package_identification:Package 'src/detection_human_ros' with type 'ros.ament_python' and name 'detection_human_ros'
[0.699s] Level 1:colcon.colcon_core.package_identification:_identify(src/detection_person) by extensions ['ignore', 'ignore_ament_install']
[0.699s] Level 1:colcon.colcon_core.package_identification:_identify(src/detection_person) by extension 'ignore'
[0.699s] Level 1:colcon.colcon_core.package_identification:_identify(src/detection_person) by extension 'ignore_ament_install'
[0.699s] Level 1:colcon.colcon_core.package_identification:_identify(src/detection_person) by extensions ['colcon_pkg']
[0.699s] Level 1:colcon.colcon_core.package_identification:_identify(src/detection_person) by extension 'colcon_pkg'
[0.699s] Level 1:colcon.colcon_core.package_identification:_identify(src/detection_person) by extensions ['colcon_meta']
[0.699s] Level 1:colcon.colcon_core.package_identification:_identify(src/detection_person) by extension 'colcon_meta'
[0.699s] Level 1:colcon.colcon_core.package_identification:_identify(src/detection_person) by extensions ['ros']
[0.700s] Level 1:colcon.colcon_core.package_identification:_identify(src/detection_person) by extension 'ros'
[0.701s] DEBUG:colcon.colcon_core.package_identification:Package 'src/detection_person' with type 'ros.ament_python' and name 'detection_person'
[0.701s] Level 1:colcon.colcon_core.package_identification:_identify(src/pcl_example) by extensions ['ignore', 'ignore_ament_install']
[0.701s] Level 1:colcon.colcon_core.package_identification:_identify(src/pcl_example) by extension 'ignore'
[0.701s] Level 1:colcon.colcon_core.package_identification:_identify(src/pcl_example) by extension 'ignore_ament_install'
[0.701s] Level 1:colcon.colcon_core.package_identification:_identify(src/pcl_example) by extensions ['colcon_pkg']
[0.701s] Level 1:colcon.colcon_core.package_identification:_identify(src/pcl_example) by extension 'colcon_pkg'
[0.701s] Level 1:colcon.colcon_core.package_identification:_identify(src/pcl_example) by extensions ['colcon_meta']
[0.701s] Level 1:colcon.colcon_core.package_identification:_identify(src/pcl_example) by extension 'colcon_meta'
[0.702s] Level 1:colcon.colcon_core.package_identification:_identify(src/pcl_example) by extensions ['ros']
[0.702s] Level 1:colcon.colcon_core.package_identification:_identify(src/pcl_example) by extension 'ros'
[0.703s] DEBUG:colcon.colcon_core.package_identification:Package 'src/pcl_example' with type 'ros.ament_cmake' and name 'pcl_example'
[0.703s] Level 1:colcon.colcon_core.package_discovery:discover_packages(recursive) using defaults
[0.703s] Level 1:colcon.colcon_core.package_discovery:discover_packages(ignore) discover
[0.703s] Level 1:colcon.colcon_core.package_discovery:discover_packages(ignore) using defaults
[0.703s] Level 1:colcon.colcon_core.package_discovery:discover_packages(path) discover
[0.703s] Level 1:colcon.colcon_core.package_discovery:discover_packages(path) using defaults
[0.747s] INFO:colcon.colcon_core.package_selection:Skipping not selected package 'astra_camera_msgs' in 'src/astra_camera/astra_camera_msgs'
[0.747s] INFO:colcon.colcon_core.package_selection:Skipping not selected package 'calib_correspondences' in 'src/calib_correspondences'
[0.747s] INFO:colcon.colcon_core.package_selection:Skipping not selected package 'custom_msgs' in 'src/custom_msgs'
[0.747s] INFO:colcon.colcon_core.package_selection:Skipping not selected package 'detection_person' in 'src/detection_person'
[0.747s] INFO:colcon.colcon_core.package_selection:Skipping not selected package 'astra_camera' in 'src/astra_camera/astra_camera'
[0.747s] INFO:colcon.colcon_core.package_selection:Skipping not selected package 'detection_aruco' in 'src/detection_aruco'
[0.747s] INFO:colcon.colcon_core.package_selection:Skipping not selected package 'detection_astra_camera' in 'src/detection_astra_camera'
[0.747s] INFO:colcon.colcon_core.package_selection:Skipping not selected package 'detection_human_ros' in 'src/detection_human_ros'
[0.748s] Level 1:colcon.colcon_core.package_discovery:discover_packages(prefix_path) check parameters
[0.748s] Level 1:colcon.colcon_core.package_discovery:discover_packages(prefix_path) discover
[0.751s] DEBUG:colcon.colcon_installed_package_information.package_discovery:Found 11 installed packages in /home/andre/ros2_ws/install
[0.752s] DEBUG:colcon.colcon_installed_package_information.package_discovery:Found 271 installed packages in /opt/ros/humble
[0.754s] Level 1:colcon.colcon_core.package_discovery:discover_packages(prefix_path) using defaults
[0.801s] Level 5:colcon.colcon_core.verb:set package 'pcl_example' build argument 'cmake_args' from command line to 'None'
[0.802s] Level 5:colcon.colcon_core.verb:set package 'pcl_example' build argument 'cmake_target' from command line to 'None'
[0.802s] Level 5:colcon.colcon_core.verb:set package 'pcl_example' build argument 'cmake_target_skip_unavailable' from command line to 'False'
[0.802s] Level 5:colcon.colcon_core.verb:set package 'pcl_example' build argument 'cmake_clean_cache' from command line to 'False'
[0.802s] Level 5:colcon.colcon_core.verb:set package 'pcl_example' build argument 'cmake_clean_first' from command line to 'False'
[0.802s] Level 5:colcon.colcon_core.verb:set package 'pcl_example' build argument 'cmake_force_configure' from command line to 'False'
[0.802s] Level 5:colcon.colcon_core.verb:set package 'pcl_example' build argument 'ament_cmake_args' from command line to 'None'
[0.802s] Level 5:colcon.colcon_core.verb:set package 'pcl_example' build argument 'catkin_cmake_args' from command line to 'None'
[0.802s] Level 5:colcon.colcon_core.verb:set package 'pcl_example' build argument 'catkin_skip_building_tests' from command line to 'False'
[0.802s] DEBUG:colcon.colcon_core.verb:Building package 'pcl_example' with the following arguments: {'ament_cmake_args': None, 'build_base': '/home/andre/ros2_ws/build/pcl_example', 'catkin_cmake_args': None, 'catkin_skip_building_tests': False, 'cmake_args': None, 'cmake_clean_cache': False, 'cmake_clean_first': False, 'cmake_force_configure': False, 'cmake_target': None, 'cmake_target_skip_unavailable': False, 'install_base': '/home/andre/ros2_ws/install/pcl_example', 'merge_install': False, 'path': '/home/andre/ros2_ws/src/pcl_example', 'symlink_install': False, 'test_result_base': None}
[0.802s] INFO:colcon.colcon_core.executor:Executing jobs using 'parallel' executor
[0.803s] DEBUG:colcon.colcon_parallel_executor.executor.parallel:run_until_complete
[0.803s] INFO:colcon.colcon_ros.task.ament_cmake.build:Building ROS package in '/home/andre/ros2_ws/src/pcl_example' with build type 'ament_cmake'
[0.803s] INFO:colcon.colcon_cmake.task.cmake.build:Building CMake package in '/home/andre/ros2_ws/src/pcl_example'
[0.807s] INFO:colcon.colcon_core.plugin_system:Skipping extension 'colcon_core.shell.bat': Not used on non-Windows systems
[0.807s] INFO:colcon.colcon_core.shell:Skip shell extension 'powershell' for command environment: Not usable outside of PowerShell
[0.807s] DEBUG:colcon.colcon_core.shell:Skip shell extension 'dsv' for command environment
[0.819s] DEBUG:colcon.colcon_core.event_handler.log_command:Invoking command in '/home/andre/ros2_ws/build/pcl_example': CMAKE_PREFIX_PATH=${CMAKE_PREFIX_PATH}:/home/andre/ros2_ws/install/detection_person:/home/andre/ros2_ws/install/detection_human_ros:/home/andre/ros2_ws/install/detection_astra_camera:/home/andre/ros2_ws/install/detection_aruco:/opt/ros/humble /usr/bin/cmake --build /home/andre/ros2_ws/build/pcl_example -- -j4 -l4
[18.981s] DEBUG:colcon.colcon_core.event_handler.log_command:Invoked command in '/home/andre/ros2_ws/build/pcl_example' returned '0': CMAKE_PREFIX_PATH=${CMAKE_PREFIX_PATH}:/home/andre/ros2_ws/install/detection_person:/home/andre/ros2_ws/install/detection_human_ros:/home/andre/ros2_ws/install/detection_astra_camera:/home/andre/ros2_ws/install/detection_aruco:/opt/ros/humble /usr/bin/cmake --build /home/andre/ros2_ws/build/pcl_example -- -j4 -l4
[19.037s] DEBUG:colcon.colcon_core.event_handler.log_command:Invoking command in '/home/andre/ros2_ws/build/pcl_example': CMAKE_PREFIX_PATH=${CMAKE_PREFIX_PATH}:/home/andre/ros2_ws/install/detection_person:/home/andre/ros2_ws/install/detection_human_ros:/home/andre/ros2_ws/install/detection_astra_camera:/home/andre/ros2_ws/install/detection_aruco:/opt/ros/humble /usr/bin/cmake --install /home/andre/ros2_ws/build/pcl_example
[19.057s] Level 1:colcon.colcon_core.environment:create_environment_scripts_only(pcl_example)
[19.057s] DEBUG:colcon.colcon_core.event_handler.log_command:Invoked command in '/home/andre/ros2_ws/build/pcl_example' returned '0': CMAKE_PREFIX_PATH=${CMAKE_PREFIX_PATH}:/home/andre/ros2_ws/install/detection_person:/home/andre/ros2_ws/install/detection_human_ros:/home/andre/ros2_ws/install/detection_astra_camera:/home/andre/ros2_ws/install/detection_aruco:/opt/ros/humble /usr/bin/cmake --install /home/andre/ros2_ws/build/pcl_example
[19.085s] Level 1:colcon.colcon_core.environment:checking '/home/andre/ros2_ws/install/pcl_example' for CMake module files
[19.088s] Level 1:colcon.colcon_core.environment:checking '/home/andre/ros2_ws/install/pcl_example' for CMake config files
[19.090s] Level 1:colcon.colcon_core.shell:create_environment_hook('pcl_example', 'cmake_prefix_path')
[19.091s] INFO:colcon.colcon_core.shell:Creating environment hook '/home/andre/ros2_ws/install/pcl_example/share/pcl_example/hook/cmake_prefix_path.ps1'
[19.093s] INFO:colcon.colcon_core.shell:Creating environment descriptor '/home/andre/ros2_ws/install/pcl_example/share/pcl_example/hook/cmake_prefix_path.dsv'
[19.094s] INFO:colcon.colcon_core.shell:Creating environment hook '/home/andre/ros2_ws/install/pcl_example/share/pcl_example/hook/cmake_prefix_path.sh'
[19.097s] Level 1:colcon.colcon_core.environment:checking '/home/andre/ros2_ws/install/pcl_example/lib'
[19.098s] Level 1:colcon.colcon_core.environment:checking '/home/andre/ros2_ws/install/pcl_example/bin'
[19.098s] Level 1:colcon.colcon_core.environment:checking '/home/andre/ros2_ws/install/pcl_example/lib/pkgconfig/pcl_example.pc'
[19.099s] Level 1:colcon.colcon_core.environment:checking '/home/andre/ros2_ws/install/pcl_example/lib/python3.10/site-packages'
[19.100s] Level 1:colcon.colcon_core.environment:checking '/home/andre/ros2_ws/install/pcl_example/bin'
[19.100s] INFO:colcon.colcon_core.shell:Creating package script '/home/andre/ros2_ws/install/pcl_example/share/pcl_example/package.ps1'
[19.103s] INFO:colcon.colcon_core.shell:Creating package descriptor '/home/andre/ros2_ws/install/pcl_example/share/pcl_example/package.dsv'
[19.103s] INFO:colcon.colcon_core.shell:Creating package script '/home/andre/ros2_ws/install/pcl_example/share/pcl_example/package.sh'
[19.105s] INFO:colcon.colcon_core.shell:Creating package script '/home/andre/ros2_ws/install/pcl_example/share/pcl_example/package.bash'
[19.107s] INFO:colcon.colcon_core.shell:Creating package script '/home/andre/ros2_ws/install/pcl_example/share/pcl_example/package.zsh'
[19.107s] Level 1:colcon.colcon_core.environment:create_file_with_runtime_dependencies(/home/andre/ros2_ws/install/pcl_example/share/colcon-core/packages/pcl_example)
[19.145s] Level 1:colcon.colcon_core.environment:create_environment_scripts_only(pcl_example)
[19.145s] Level 1:colcon.colcon_core.environment:checking '/home/andre/ros2_ws/install/pcl_example' for CMake module files
[19.146s] Level 1:colcon.colcon_core.environment:checking '/home/andre/ros2_ws/install/pcl_example' for CMake config files
[19.147s] Level 1:colcon.colcon_core.shell:create_environment_hook('pcl_example', 'cmake_prefix_path')
[19.147s] INFO:colcon.colcon_core.shell:Creating environment hook '/home/andre/ros2_ws/install/pcl_example/share/pcl_example/hook/cmake_prefix_path.ps1'
[19.147s] INFO:colcon.colcon_core.shell:Creating environment descriptor '/home/andre/ros2_ws/install/pcl_example/share/pcl_example/hook/cmake_prefix_path.dsv'
[19.148s] INFO:colcon.colcon_core.shell:Creating environment hook '/home/andre/ros2_ws/install/pcl_example/share/pcl_example/hook/cmake_prefix_path.sh'
[19.149s] Level 1:colcon.colcon_core.environment:checking '/home/andre/ros2_ws/install/pcl_example/lib'
[19.149s] Level 1:colcon.colcon_core.environment:checking '/home/andre/ros2_ws/install/pcl_example/bin'
[19.149s] Level 1:colcon.colcon_core.environment:checking '/home/andre/ros2_ws/install/pcl_example/lib/pkgconfig/pcl_example.pc'
[19.149s] Level 1:colcon.colcon_core.environment:checking '/home/andre/ros2_ws/install/pcl_example/lib/python3.10/site-packages'
[19.150s] Level 1:colcon.colcon_core.environment:checking '/home/andre/ros2_ws/install/pcl_example/bin'
[19.150s] INFO:colcon.colcon_core.shell:Creating package script '/home/andre/ros2_ws/install/pcl_example/share/pcl_example/package.ps1'
[19.151s] INFO:colcon.colcon_core.shell:Creating package descriptor '/home/andre/ros2_ws/install/pcl_example/share/pcl_example/package.dsv'
[19.151s] INFO:colcon.colcon_core.shell:Creating package script '/home/andre/ros2_ws/install/pcl_example/share/pcl_example/package.sh'
[19.152s] INFO:colcon.colcon_core.shell:Creating package script '/home/andre/ros2_ws/install/pcl_example/share/pcl_example/package.bash'
[19.155s] INFO:colcon.colcon_core.shell:Creating package script '/home/andre/ros2_ws/install/pcl_example/share/pcl_example/package.zsh'
[19.156s] Level 1:colcon.colcon_core.environment:create_file_with_runtime_dependencies(/home/andre/ros2_ws/install/pcl_example/share/colcon-core/packages/pcl_example)
[19.157s] DEBUG:colcon.colcon_parallel_executor.executor.parallel:closing loop
[19.157s] DEBUG:colcon.colcon_parallel_executor.executor.parallel:loop closed
[19.157s] DEBUG:colcon.colcon_parallel_executor.executor.parallel:run_until_complete finished with '0'
[19.158s] DEBUG:colcon.colcon_core.event_reactor:joining thread
[19.165s] INFO:colcon.colcon_core.plugin_system:Skipping extension 'colcon_notification.desktop_notification.terminal_notifier': Not used on non-Darwin systems
[19.165s] INFO:colcon.colcon_core.plugin_system:Skipping extension 'colcon_notification.desktop_notification.win32': Not used on non-Windows systems
[19.165s] INFO:colcon.colcon_notification.desktop_notification:Sending desktop notification using 'notify2'
[19.187s] DEBUG:colcon.colcon_core.event_reactor:joined thread
[19.187s] INFO:colcon.colcon_core.shell:Creating prefix script '/home/andre/ros2_ws/install/local_setup.ps1'
[19.189s] INFO:colcon.colcon_core.shell:Creating prefix util module '/home/andre/ros2_ws/install/_local_setup_util_ps1.py'
[19.192s] INFO:colcon.colcon_core.shell:Creating prefix chain script '/home/andre/ros2_ws/install/setup.ps1'
[19.196s] INFO:colcon.colcon_core.shell:Creating prefix script '/home/andre/ros2_ws/install/local_setup.sh'
[19.197s] INFO:colcon.colcon_core.shell:Creating prefix util module '/home/andre/ros2_ws/install/_local_setup_util_sh.py'
[19.198s] INFO:colcon.colcon_core.shell:Creating prefix chain script '/home/andre/ros2_ws/install/setup.sh'
[19.201s] INFO:colcon.colcon_core.shell:Creating prefix script '/home/andre/ros2_ws/install/local_setup.bash'
[19.202s] INFO:colcon.colcon_core.shell:Creating prefix chain script '/home/andre/ros2_ws/install/setup.bash'
[19.204s] INFO:colcon.colcon_core.shell:Creating prefix script '/home/andre/ros2_ws/install/local_setup.zsh'
[19.209s] INFO:colcon.colcon_core.shell:Creating prefix chain script '/home/andre/ros2_ws/install/setup.zsh'
