[0.327s] Invoking command in '/home/andre/ros2_ws/build/calib_correspondences': CMAKE_PREFIX_PATH=${CMAKE_PREFIX_PATH}:/home/andre/ros2_ws/install/detection_astra_camera:/home/andre/ros2_ws/install/detection_aruco:/opt/ros/humble /usr/bin/cmake --build /home/andre/ros2_ws/build/calib_correspondences -- -j4 -l4
[2.286s] -- Found ament_cmake: 1.3.9 (/opt/ros/humble/share/ament_cmake/cmake)
[3.481s] -- Found rclcpp: 16.0.9 (/opt/ros/humble/share/rclcpp/cmake)
[4.289s] -- Found rosidl_generator_c: 3.1.5 (/opt/ros/humble/share/rosidl_generator_c/cmake)
[4.343s] -- Found rosidl_adapter: 3.1.5 (/opt/ros/humble/share/rosidl_adapter/cmake)
[4.375s] -- Found rosidl_generator_cpp: 3.1.5 (/opt/ros/humble/share/rosidl_generator_cpp/cmake)
[4.488s] -- Using all available rosidl_typesupport_c: rosidl_typesupport_fastrtps_c;rosidl_typesupport_introspection_c
[4.612s] -- Using all available rosidl_typesupport_cpp: rosidl_typesupport_fastrtps_cpp;rosidl_typesupport_introspection_cpp
[4.888s] -- Found rmw_implementation_cmake: 6.1.2 (/opt/ros/humble/share/rmw_implementation_cmake/cmake)
[4.909s] -- Found rmw_fastrtps_cpp: 6.2.6 (/opt/ros/humble/share/rmw_fastrtps_cpp/cmake)
[5.840s] -- Using RMW implementation 'rmw_fastrtps_cpp' as default
[6.825s] -- Found sensor_msgs: 4.2.3 (/opt/ros/humble/share/sensor_msgs/cmake)
[7.250s] -- Found custom_msgs: 0.0.0 (/home/andre/ros2_ws/install/custom_msgs/share/custom_msgs/cmake)
[7.386s] -- Found tf2_eigen: 0.25.6 (/opt/ros/humble/share/tf2_eigen/cmake)
[9.754s] -- Eigen found (include: /usr/include/eigen3, version: 3.4.0)
[10.500s] -- Found Boost: /usr/lib/x86_64-linux-gnu/cmake/Boost-1.74.0/BoostConfig.cmake (found suitable version "1.74.0", minimum required is "1.65.0") found components: system filesystem date_time iostreams serialization 
[10.601s] -- FLANN found (include: /usr/include, lib: /usr/lib/x86_64-linux-gnu/libflann_cpp.so)
[16.298s] -- OpenNI found (version: 1.5.4.0, include: /usr/include/ni, lib: /usr/lib/libOpenNI.so;libusb::libusb)
[16.345s] -- OpenNI2 found (version: 2.3.0.85, include: /home/andre/ros2_ws/install/astra_camera/include/openni2, lib: /home/andre/ros2_ws/install/astra_camera/lib/libOpenNI2.so;libusb::libusb)
[16.346s] [0m** WARNING ** io features related to pcap will be disabled[0m
[16.620s] -- Eigen found (include: /usr/include/eigen3, version: 3.4.0)
[16.630s] -- OpenNI found (version: 1.5.4.0, include: /usr/include/ni, lib: /usr/lib/libOpenNI.so;libusb::libusb)
[16.640s] -- OpenNI2 found (version: 2.3.0.85, include: /home/andre/ros2_ws/install/astra_camera/include/openni2, lib: /home/andre/ros2_ws/install/astra_camera/lib/libOpenNI2.so;libusb::libusb)
[16.913s] -- Found Qhull version 8.0.2
[17.179s] -- OpenNI found (version: 1.5.4.0, include: /usr/include/ni, lib: /usr/lib/libOpenNI.so;libusb::libusb)
[17.411s] -- looking for PCL_COMMON
[17.412s] -- looking for PCL_KDTREE
[17.413s] -- looking for PCL_OCTREE
[17.413s] -- looking for PCL_SEARCH
[17.414s] -- looking for PCL_SAMPLE_CONSENSUS
[17.415s] -- looking for PCL_FILTERS
[17.415s] -- looking for PCL_2D
[17.416s] -- looking for PCL_GEOMETRY
[17.417s] -- looking for PCL_IO
[17.418s] -- looking for PCL_FEATURES
[17.419s] -- looking for PCL_ML
[17.420s] -- looking for PCL_SEGMENTATION
[17.421s] -- looking for PCL_VISUALIZATION
[17.422s] -- looking for PCL_SURFACE
[17.423s] -- looking for PCL_REGISTRATION
[17.423s] -- looking for PCL_KEYPOINTS
[17.424s] -- looking for PCL_TRACKING
[17.425s] -- looking for PCL_RECOGNITION
[17.426s] -- looking for PCL_STEREO
[17.426s] -- looking for PCL_APPS
[17.427s] -- looking for PCL_IN_HAND_SCANNER
[17.428s] -- looking for PCL_MODELER
[17.428s] -- looking for PCL_POINT_CLOUD_EDITOR
[17.429s] -- looking for PCL_OUTOFCORE
[17.429s] -- looking for PCL_PEOPLE
[17.504s] -- Found Boost: /usr/lib/x86_64-linux-gnu/cmake/Boost-1.74.0/BoostConfig.cmake (found version "1.74.0") found components: thread 
[17.531s] -- Found cv_bridge: 3.2.1 (/opt/ros/humble/share/cv_bridge/cmake)
[17.660s] -- Found OpenCV: /usr (found version "4.5.4") 
[18.054s] -- Configuring done
[19.648s] -- Generating done
[19.652s] -- Build files have been written to: /home/andre/ros2_ws/build/calib_correspondences
[19.722s] [ 13%] [32mBuilding CXX object CMakeFiles/image_cloud_reader.dir/src/ImageCloud2Correspondences.cpp.o[0m
[19.722s] [ 13%] [32mBuilding CXX object CMakeFiles/image_cloud_reader.dir/src/auxiliar.cpp.o[0m
[19.807s] [35m[1mConsolidate compiler generated dependencies of target corr_subscriber[0m
[19.807s] [35m[1mConsolidate compiler generated dependencies of target rosbag_reader[0m
[19.869s] [ 20%] [32mBuilding CXX object CMakeFiles/corr_subscriber.dir/src/auxiliar.cpp.o[0m
[19.889s] [ 26%] [32mBuilding CXX object CMakeFiles/rosbag_reader.dir/src/auxiliar.cpp.o[0m
[43.507s] [ 33%] [32mBuilding CXX object CMakeFiles/rosbag_reader.dir/src/Clouds2Correspondences.cpp.o[0m
[43.511s] [ 40%] [32mBuilding CXX object CMakeFiles/rosbag_reader.dir/src/Parameters.cpp.o[0m
[43.593s] [ 46%] [32mBuilding CXX object CMakeFiles/corr_subscriber.dir/src/Calibration.cpp.o[0m
[48.691s] [01m[K/home/andre/ros2_ws/src/calib_correspondences/src/Calibration.cpp:[m[K In member function ‘[01m[KEigen::Matrix4f Calibration::runCalibrationLM(std::size_t, std::size_t, bool)[m[K’:
[48.692s] [01m[K/home/andre/ros2_ws/src/calib_correspondences/src/Calibration.cpp:364:20:[m[K [01;35m[Kwarning: [m[Kvariable ‘[01m[Kw[m[K’ set but not used [[01;35m[K]8;;https://gcc.gnu.org/onlinedocs/gcc/Warning-Options.html#index-Wunused-but-set-variable-Wunused-but-set-variable]8;;[m[K]
[48.693s]   364 |             double [01;35m[Kw[m[K = 1.0;
[48.695s]       |                    [01;35m[K^[m[K
[53.544s] [ 53%] [32mBuilding CXX object CMakeFiles/rosbag_reader.dir/src/ProcessSensorData.cpp.o[0m
[71.022s] [ 60%] [32mBuilding CXX object CMakeFiles/corr_subscriber.dir/src/CorrespondencesSub.cpp.o[0m
[102.050s] [ 66%] [32mBuilding CXX object CMakeFiles/image_cloud_reader.dir/src/Parameters.cpp.o[0m
[110.562s] [ 73%] [32mBuilding CXX object CMakeFiles/image_cloud_reader.dir/src/ProcessSensorData.cpp.o[0m
[114.834s] [ 80%] [32mBuilding CXX object CMakeFiles/corr_subscriber.dir/src/Parameters.cpp.o[0m
[122.950s] [ 86%] [32m[1mLinking CXX executable corr_subscriber[0m
[137.793s] [ 86%] Built target corr_subscriber
[152.361s] [ 93%] [32m[1mLinking CXX executable rosbag_reader[0m
[169.633s] [100%] [32m[1mLinking CXX executable image_cloud_reader[0m
[210.779s] [100%] Built target rosbag_reader
[210.802s] [100%] Built target image_cloud_reader
[210.879s] Invoked command in '/home/andre/ros2_ws/build/calib_correspondences' returned '0': CMAKE_PREFIX_PATH=${CMAKE_PREFIX_PATH}:/home/andre/ros2_ws/install/detection_astra_camera:/home/andre/ros2_ws/install/detection_aruco:/opt/ros/humble /usr/bin/cmake --build /home/andre/ros2_ws/build/calib_correspondences -- -j4 -l4
[210.972s] Invoking command in '/home/andre/ros2_ws/build/calib_correspondences': CMAKE_PREFIX_PATH=${CMAKE_PREFIX_PATH}:/home/andre/ros2_ws/install/detection_astra_camera:/home/andre/ros2_ws/install/detection_aruco:/opt/ros/humble /usr/bin/cmake --install /home/andre/ros2_ws/build/calib_correspondences
[210.991s] -- Install configuration: "Release"
[211.171s] -- Installing: /home/andre/ros2_ws/install/calib_correspondences/lib/calib_correspondences/rosbag_reader
[211.184s] -- Set runtime path of "/home/andre/ros2_ws/install/calib_correspondences/lib/calib_correspondences/rosbag_reader" to ""
[211.185s] -- Installing: /home/andre/ros2_ws/install/calib_correspondences/lib/calib_correspondences/image_cloud_reader
[211.200s] -- Set runtime path of "/home/andre/ros2_ws/install/calib_correspondences/lib/calib_correspondences/image_cloud_reader" to ""
[211.277s] -- Installing: /home/andre/ros2_ws/install/calib_correspondences/lib/calib_correspondences/corr_subscriber
[211.285s] -- Set runtime path of "/home/andre/ros2_ws/install/calib_correspondences/lib/calib_correspondences/corr_subscriber" to ""
[211.286s] -- Up-to-date: /home/andre/ros2_ws/install/calib_correspondences/share/calib_correspondences//launch
[211.286s] -- Installing: /home/andre/ros2_ws/install/calib_correspondences/share/calib_correspondences//launch/imgcloud2corr_launch.xml
[211.328s] -- Installing: /home/andre/ros2_ws/install/calib_correspondences/share/calib_correspondences//launch/calibrate_corr_launch.xml
[211.336s] -- Installing: /home/andre/ros2_ws/install/calib_correspondences/share/calib_correspondences//launch/clouds2corr_launch.xml
[211.337s] -- Installing: /home/andre/ros2_ws/install/calib_correspondences/share/calib_correspondences//config
[211.337s] -- Installing: /home/andre/ros2_ws/install/calib_correspondences/share/calib_correspondences//config/parameters.yaml
[211.338s] -- Installing: /home/andre/ros2_ws/install/calib_correspondences/share/calib_correspondences//config/params_usb0.yaml
[211.354s] -- Installing: /home/andre/ros2_ws/install/calib_correspondences/share/calib_correspondences//config/params_usb1.yaml
[211.355s] -- Up-to-date: /home/andre/ros2_ws/install/calib_correspondences/share/ament_index/resource_index/package_run_dependencies/calib_correspondences
[211.355s] -- Installing: /home/andre/ros2_ws/install/calib_correspondences/share/ament_index/resource_index/parent_prefix_path/calib_correspondences
[211.377s] -- Up-to-date: /home/andre/ros2_ws/install/calib_correspondences/share/calib_correspondences/environment/ament_prefix_path.sh
[211.377s] -- Installing: /home/andre/ros2_ws/install/calib_correspondences/share/calib_correspondences/environment/ament_prefix_path.dsv
[211.455s] -- Up-to-date: /home/andre/ros2_ws/install/calib_correspondences/share/calib_correspondences/environment/path.sh
[211.456s] -- Installing: /home/andre/ros2_ws/install/calib_correspondences/share/calib_correspondences/environment/path.dsv
[211.469s] -- Up-to-date: /home/andre/ros2_ws/install/calib_correspondences/share/calib_correspondences/local_setup.bash
[211.470s] -- Up-to-date: /home/andre/ros2_ws/install/calib_correspondences/share/calib_correspondences/local_setup.sh
[211.470s] -- Up-to-date: /home/andre/ros2_ws/install/calib_correspondences/share/calib_correspondences/local_setup.zsh
[211.470s] -- Installing: /home/andre/ros2_ws/install/calib_correspondences/share/calib_correspondences/local_setup.dsv
[211.481s] -- Installing: /home/andre/ros2_ws/install/calib_correspondences/share/calib_correspondences/package.dsv
[211.533s] -- Up-to-date: /home/andre/ros2_ws/install/calib_correspondences/share/ament_index/resource_index/packages/calib_correspondences
[211.534s] -- Up-to-date: /home/andre/ros2_ws/install/calib_correspondences/share/calib_correspondences/cmake/calib_correspondencesConfig.cmake
[211.534s] -- Up-to-date: /home/andre/ros2_ws/install/calib_correspondences/share/calib_correspondences/cmake/calib_correspondencesConfig-version.cmake
[211.535s] -- Installing: /home/andre/ros2_ws/install/calib_correspondences/share/calib_correspondences/package.xml
[211.542s] Invoked command in '/home/andre/ros2_ws/build/calib_correspondences' returned '0': CMAKE_PREFIX_PATH=${CMAKE_PREFIX_PATH}:/home/andre/ros2_ws/install/detection_astra_camera:/home/andre/ros2_ws/install/detection_aruco:/opt/ros/humble /usr/bin/cmake --install /home/andre/ros2_ws/build/calib_correspondences
