[0.027s] Invoking command in '/home/andre/ros2_ws/build/pcl_example': CMAKE_PREFIX_PATH=${CMAKE_PREFIX_PATH}:/home/andre/ros2_ws/install/detection_person:/home/andre/ros2_ws/install/detection_human_ros:/home/andre/ros2_ws/install/detection_astra_camera:/home/andre/ros2_ws/install/detection_aruco:/opt/ros/humble /usr/bin/cmake --build /home/andre/ros2_ws/build/pcl_example -- -j4 -l4
[0.140s] [35m[1mConsolidate compiler generated dependencies of target pcl_example_node[0m
[0.217s] [ 50%] [32mBuilding CXX object CMakeFiles/pcl_example_node.dir/src/pcl_example_node.cpp.o[0m
[11.603s] In file included from [01m[K/opt/ros/humble/include/rclcpp/rclcpp/logging.hpp:24[m[K,
[11.604s]                  from [01m[K/opt/ros/humble/include/rclcpp/rclcpp/client.hpp:40[m[K,
[11.604s]                  from [01m[K/opt/ros/humble/include/rclcpp/rclcpp/callback_group.hpp:24[m[K,
[11.604s]                  from [01m[K/opt/ros/humble/include/rclcpp/rclcpp/any_executable.hpp:20[m[K,
[11.604s]                  from [01m[K/opt/ros/humble/include/rclcpp/rclcpp/memory_strategy.hpp:25[m[K,
[11.604s]                  from [01m[K/opt/ros/humble/include/rclcpp/rclcpp/memory_strategies.hpp:18[m[K,
[11.604s]                  from [01m[K/opt/ros/humble/include/rclcpp/rclcpp/executor_options.hpp:20[m[K,
[11.604s]                  from [01m[K/opt/ros/humble/include/rclcpp/rclcpp/executor.hpp:37[m[K,
[11.605s]                  from [01m[K/opt/ros/humble/include/rclcpp/rclcpp/executors/multi_threaded_executor.hpp:25[m[K,
[11.605s]                  from [01m[K/opt/ros/humble/include/rclcpp/rclcpp/executors.hpp:21[m[K,
[11.605s]                  from [01m[K/opt/ros/humble/include/rclcpp/rclcpp/rclcpp.hpp:155[m[K,
[11.605s]                  from [01m[K/home/andre/ros2_ws/src/pcl_example/src/pcl_example_node.cpp:1[m[K:
[11.605s] [01m[K/home/andre/ros2_ws/src/pcl_example/src/pcl_example_node.cpp:[m[K In member function ‘[01m[Kvoid PointCloudFilter::filter_callback(sensor_msgs::msg::PointCloud2_<std::allocator<void> >::SharedPtr)[m[K’:
[11.605s] [01m[K/home/andre/ros2_ws/src/pcl_example/src/pcl_example_node.cpp:25:37:[m[K [01;35m[Kwarning: [m[Kformat ‘[01m[K%d[m[K’ expects argument of type ‘[01m[Kint[m[K’, but argument 5 has type ‘[01m[Kstd::vector<pcl::PointXYZ, Eigen::aligned_allocator<pcl::PointXYZ> >::size_type[m[K’ {aka ‘[01m[Klong unsigned int[m[K’} [[01;35m[K]8;;https://gcc.gnu.org/onlinedocs/gcc/Warning-Options.html#index-Wformat=-Wformat=]8;;[m[K]
[11.605s]    25 |     RCLCPP_INFO(this->get_logger(), [01;35m[K"Received point cloud with %d points"[m[K, [32m[Kcloud->points.size()[m[K);
[11.606s]       |                                     [01;35m[K^~~~~~~~~~~~~~~~~~~~~~~~~~~~~~~~~~~~~[m[K  [32m[K~~~~~~~~~~~~~~~~~~~~[m[K
[11.606s]       |                                                                                              [32m[K|[m[K
[11.606s]       |                                                                                              [32m[Kstd::vector<pcl::PointXYZ, Eigen::aligned_allocator<pcl::PointXYZ> >::size_type {aka long unsigned int}[m[K
[11.606s] [01m[K/home/andre/ros2_ws/src/pcl_example/src/pcl_example_node.cpp:25:65:[m[K [01;36m[Knote: [m[Kformat string is defined here
[11.606s]    25 | _INFO(this->get_logger(), "Received point cloud with [01;36m[K%d[m[K points", cloud->points.size());
[11.606s]       |                                                      [01;36m[K~^[m[K
[11.607s]       |                                                       [01;36m[K|[m[K
[11.607s]       |                                                       [01;36m[Kint[m[K
[11.607s]       |                                                      [32m[K%ld[m[K
[25.439s] [100%] [32m[1mLinking CXX executable pcl_example_node[0m
[28.008s] [100%] Built target pcl_example_node
[28.034s] Invoked command in '/home/andre/ros2_ws/build/pcl_example' returned '0': CMAKE_PREFIX_PATH=${CMAKE_PREFIX_PATH}:/home/andre/ros2_ws/install/detection_person:/home/andre/ros2_ws/install/detection_human_ros:/home/andre/ros2_ws/install/detection_astra_camera:/home/andre/ros2_ws/install/detection_aruco:/opt/ros/humble /usr/bin/cmake --build /home/andre/ros2_ws/build/pcl_example -- -j4 -l4
[28.121s] Invoking command in '/home/andre/ros2_ws/build/pcl_example': CMAKE_PREFIX_PATH=${CMAKE_PREFIX_PATH}:/home/andre/ros2_ws/install/detection_person:/home/andre/ros2_ws/install/detection_human_ros:/home/andre/ros2_ws/install/detection_astra_camera:/home/andre/ros2_ws/install/detection_aruco:/opt/ros/humble /usr/bin/cmake --install /home/andre/ros2_ws/build/pcl_example
[28.134s] -- Install configuration: ""
[28.135s] -- Installing: /home/andre/ros2_ws/install/pcl_example/lib/pcl_example/pcl_example_node
[28.144s] -- Set runtime path of "/home/andre/ros2_ws/install/pcl_example/lib/pcl_example/pcl_example_node" to ""
[28.144s] -- Up-to-date: /home/andre/ros2_ws/install/pcl_example/share/pcl_example/launch
[28.144s] -- Up-to-date: /home/andre/ros2_ws/install/pcl_example/share/pcl_example/launch/pcl_example_launch.py
[28.145s] -- Up-to-date: /home/andre/ros2_ws/install/pcl_example/share/ament_index/resource_index/package_run_dependencies/pcl_example
[28.145s] -- Up-to-date: /home/andre/ros2_ws/install/pcl_example/share/ament_index/resource_index/parent_prefix_path/pcl_example
[28.151s] -- Up-to-date: /home/andre/ros2_ws/install/pcl_example/share/pcl_example/environment/ament_prefix_path.sh
[28.152s] -- Up-to-date: /home/andre/ros2_ws/install/pcl_example/share/pcl_example/environment/ament_prefix_path.dsv
[28.152s] -- Up-to-date: /home/andre/ros2_ws/install/pcl_example/share/pcl_example/environment/path.sh
[28.152s] -- Up-to-date: /home/andre/ros2_ws/install/pcl_example/share/pcl_example/environment/path.dsv
[28.152s] -- Up-to-date: /home/andre/ros2_ws/install/pcl_example/share/pcl_example/local_setup.bash
[28.152s] -- Up-to-date: /home/andre/ros2_ws/install/pcl_example/share/pcl_example/local_setup.sh
[28.153s] -- Up-to-date: /home/andre/ros2_ws/install/pcl_example/share/pcl_example/local_setup.zsh
[28.153s] -- Up-to-date: /home/andre/ros2_ws/install/pcl_example/share/pcl_example/local_setup.dsv
[28.159s] -- Installing: /home/andre/ros2_ws/install/pcl_example/share/pcl_example/package.dsv
[28.159s] -- Up-to-date: /home/andre/ros2_ws/install/pcl_example/share/ament_index/resource_index/packages/pcl_example
[28.159s] -- Up-to-date: /home/andre/ros2_ws/install/pcl_example/share/pcl_example/cmake/pcl_exampleConfig.cmake
[28.159s] -- Up-to-date: /home/andre/ros2_ws/install/pcl_example/share/pcl_example/cmake/pcl_exampleConfig-version.cmake
[28.160s] -- Up-to-date: /home/andre/ros2_ws/install/pcl_example/share/pcl_example/package.xml
[28.160s] Invoked command in '/home/andre/ros2_ws/build/pcl_example' returned '0': CMAKE_PREFIX_PATH=${CMAKE_PREFIX_PATH}:/home/andre/ros2_ws/install/detection_person:/home/andre/ros2_ws/install/detection_human_ros:/home/andre/ros2_ws/install/detection_astra_camera:/home/andre/ros2_ws/install/detection_aruco:/opt/ros/humble /usr/bin/cmake --install /home/andre/ros2_ws/build/pcl_example
