[0.053s] Invoking command in '/home/andre/ros2_ws/build/astra_camera': CMAKE_PREFIX_PATH=/home/andre/ros2_ws/install/astra_camera_msgs:/home/andre/ros2_ws/install/pcl_example:/home/andre/ros2_ws/install/custom_msgs:/home/andre/ros2_ws/install/calib_correspondences:/home/andre/ros2_ws/install/astra_camera:/home/andre/ros2_ws/install/apriltag_ros:/home/andre/ros2_ws/install/apriltag_msgs:/home/andre/ros2_ws/install/detection_person:/home/andre/ros2_ws/install/detection_human_ros:/home/andre/ros2_ws/install/detection_astra_camera:/home/andre/ros2_ws/install/detection_aruco:/opt/ros/humble LD_LIBRARY_PATH=/home/andre/ros2_ws/install/astra_camera_msgs/lib:/home/andre/ros2_ws/install/custom_msgs/lib:/home/andre/ros2_ws/install/astra_camera/lib:/home/andre/ros2_ws/install/apriltag_ros/lib:/home/andre/ros2_ws/install/apriltag_msgs/lib:/opt/ros/humble/opt/rviz_ogre_vendor/lib:/opt/ros/humble/lib/x86_64-linux-gnu:/opt/ros/humble/lib PS1=(venv) \[\e]0;\u@\h: \w\a\]${debian_chroot:+($debian_chroot)}\[\033[01;32m\]\u@\h\[\033[00m\]:\[\033[01;34m\]\w\[\033[00m\]\$ /usr/bin/cmake --build /home/andre/ros2_ws/build/astra_camera -- -j4 -l4
[0.377s] -- Found ament_cmake: 1.3.9 (/opt/ros/humble/share/ament_cmake/cmake)
[1.302s] -- Found ament_index_cpp: 1.4.0 (/opt/ros/humble/share/ament_index_cpp/cmake)
[1.310s] -- Found astra_camera_msgs: 1.0.1 (/home/andre/ros2_ws/install/astra_camera_msgs/share/astra_camera_msgs/cmake)
[2.328s] -- Found rosidl_generator_c: 3.1.5 (/opt/ros/humble/share/rosidl_generator_c/cmake)
[2.374s] -- Found rosidl_adapter: 3.1.5 (/opt/ros/humble/share/rosidl_adapter/cmake)
[2.521s] -- Found rosidl_generator_cpp: 3.1.5 (/opt/ros/humble/share/rosidl_generator_cpp/cmake)
[2.612s] -- Using all available rosidl_typesupport_c: rosidl_typesupport_fastrtps_c;rosidl_typesupport_introspection_c
[2.780s] -- Using all available rosidl_typesupport_cpp: rosidl_typesupport_fastrtps_cpp;rosidl_typesupport_introspection_cpp
[4.259s] -- Found camera_info_manager: 3.1.9 (/opt/ros/humble/share/camera_info_manager/cmake)
[5.076s] -- Found rmw_implementation_cmake: 6.1.2 (/opt/ros/humble/share/rmw_implementation_cmake/cmake)
[5.122s] -- Found rmw_fastrtps_cpp: 6.2.6 (/opt/ros/humble/share/rmw_fastrtps_cpp/cmake)
[6.055s] -- Using RMW implementation 'rmw_fastrtps_cpp' as default
[7.106s] -- Found class_loader: 2.2.0 (/opt/ros/humble/share/class_loader/cmake)
[7.131s] -- Found cv_bridge: 3.2.1 (/opt/ros/humble/share/cv_bridge/cmake)
[7.217s] -- Found message_filters: 4.3.4 (/opt/ros/humble/share/message_filters/cmake)
[7.322s] -- Found image_geometry: 3.2.1 (/opt/ros/humble/share/image_geometry/cmake)
[7.377s] -- Found image_publisher: 3.0.4 (/opt/ros/humble/share/image_publisher/cmake)
[7.938s] -- Found std_srvs: 4.2.4 (/opt/ros/humble/share/std_srvs/cmake)
[8.058s] -- Found tf2: 0.25.7 (/opt/ros/humble/share/tf2/cmake)
[8.101s] -- Found tf2_eigen: 0.25.7 (/opt/ros/humble/share/tf2_eigen/cmake)
[9.153s] -- Found tf2_sensor_msgs: 0.25.7 (/opt/ros/humble/share/tf2_sensor_msgs/cmake)
[9.359s] -- ORRBEC Machine : x86_64
[9.359s] 
[9.359s] -- ORRBEC Machine Bits : 64
[9.359s] 
[9.359s] -- ORRBEC : x64
[10.022s] -- Found ament_lint_auto: 0.12.11 (/opt/ros/humble/share/ament_lint_auto/cmake)
[10.388s] -- Configuring done
[10.792s] -- Generating done
[10.796s] -- Build files have been written to: /home/andre/ros2_ws/build/astra_camera
[11.002s] [35m[1mConsolidate compiler generated dependencies of target astra_camera[0m
[11.260s] [  5%] [32mBuilding CXX object CMakeFiles/astra_camera.dir/src/point_cloud_proc/point_cloud_xyz.cpp.o[0m
[50.332s] [ 11%] [32mBuilding CXX object CMakeFiles/astra_camera.dir/src/dynamic_params.cpp.o[0m
[51.353s] [ 16%] [32mBuilding CXX object CMakeFiles/astra_camera.dir/src/device_listener.cpp.o[0m
[51.746s] [ 22%] [32mBuilding CXX object CMakeFiles/astra_camera.dir/src/point_cloud_proc/point_cloud_xyzrgb.cpp.o[0m
[52.766s] [ 27%] [32mBuilding CXX object CMakeFiles/astra_camera.dir/src/ob_timer_filter.cpp.o[0m
[82.170s] [ 33%] [32mBuilding CXX object CMakeFiles/astra_camera.dir/src/clean_up_shm_node.cpp.o[0m
[82.176s] [ 44%] [32mBuilding CXX object CMakeFiles/astra_camera.dir/src/ob_context.cpp.o[0m
[82.176s] [ 44%] [32mBuilding CXX object CMakeFiles/astra_camera.dir/src/ros_param_backend.cpp.o[0m
[87.463s] [ 50%] [32m[1mLinking CXX shared library libastra_camera.so[0m
[89.044s] [ 88%] Built target astra_camera
[89.125s] [35m[1mConsolidate compiler generated dependencies of target list_devices_node[0m
[89.157s] [ 94%] [32mBuilding CXX object CMakeFiles/list_devices_node.dir/src/list_devices_node.cpp.o[0m
[92.869s] [100%] [32m[1mLinking CXX executable list_devices_node[0m
[93.630s] [100%] Built target list_devices_node
[93.645s] Invoked command in '/home/andre/ros2_ws/build/astra_camera' returned '0': CMAKE_PREFIX_PATH=/home/andre/ros2_ws/install/astra_camera_msgs:/home/andre/ros2_ws/install/pcl_example:/home/andre/ros2_ws/install/custom_msgs:/home/andre/ros2_ws/install/calib_correspondences:/home/andre/ros2_ws/install/astra_camera:/home/andre/ros2_ws/install/apriltag_ros:/home/andre/ros2_ws/install/apriltag_msgs:/home/andre/ros2_ws/install/detection_person:/home/andre/ros2_ws/install/detection_human_ros:/home/andre/ros2_ws/install/detection_astra_camera:/home/andre/ros2_ws/install/detection_aruco:/opt/ros/humble LD_LIBRARY_PATH=/home/andre/ros2_ws/install/astra_camera_msgs/lib:/home/andre/ros2_ws/install/custom_msgs/lib:/home/andre/ros2_ws/install/astra_camera/lib:/home/andre/ros2_ws/install/apriltag_ros/lib:/home/andre/ros2_ws/install/apriltag_msgs/lib:/opt/ros/humble/opt/rviz_ogre_vendor/lib:/opt/ros/humble/lib/x86_64-linux-gnu:/opt/ros/humble/lib PS1=(venv) \[\e]0;\u@\h: \w\a\]${debian_chroot:+($debian_chroot)}\[\033[01;32m\]\u@\h\[\033[00m\]:\[\033[01;34m\]\w\[\033[00m\]\$ /usr/bin/cmake --build /home/andre/ros2_ws/build/astra_camera -- -j4 -l4
[93.730s] Invoking command in '/home/andre/ros2_ws/build/astra_camera': CMAKE_PREFIX_PATH=/home/andre/ros2_ws/install/astra_camera_msgs:/home/andre/ros2_ws/install/pcl_example:/home/andre/ros2_ws/install/custom_msgs:/home/andre/ros2_ws/install/calib_correspondences:/home/andre/ros2_ws/install/astra_camera:/home/andre/ros2_ws/install/apriltag_ros:/home/andre/ros2_ws/install/apriltag_msgs:/home/andre/ros2_ws/install/detection_person:/home/andre/ros2_ws/install/detection_human_ros:/home/andre/ros2_ws/install/detection_astra_camera:/home/andre/ros2_ws/install/detection_aruco:/opt/ros/humble LD_LIBRARY_PATH=/home/andre/ros2_ws/install/astra_camera_msgs/lib:/home/andre/ros2_ws/install/custom_msgs/lib:/home/andre/ros2_ws/install/astra_camera/lib:/home/andre/ros2_ws/install/apriltag_ros/lib:/home/andre/ros2_ws/install/apriltag_msgs/lib:/opt/ros/humble/opt/rviz_ogre_vendor/lib:/opt/ros/humble/lib/x86_64-linux-gnu:/opt/ros/humble/lib PS1=(venv) \[\e]0;\u@\h: \w\a\]${debian_chroot:+($debian_chroot)}\[\033[01;32m\]\u@\h\[\033[00m\]:\[\033[01;34m\]\w\[\033[00m\]\$ /usr/bin/cmake --install /home/andre/ros2_ws/build/astra_camera
[93.742s] -- Install configuration: "Release"
[93.793s] -- Installing: /home/andre/ros2_ws/install/astra_camera/lib/libastra_camera.so
[93.894s] -- Set runtime path of "/home/andre/ros2_ws/install/astra_camera/lib/libastra_camera.so" to ""
[93.895s] -- Up-to-date: /home/andre/ros2_ws/install/astra_camera/lib/libOpenNI2.so
[93.895s] -- Up-to-date: /home/andre/ros2_ws/install/astra_camera/lib//OpenNI2
[93.906s] -- Up-to-date: /home/andre/ros2_ws/install/astra_camera/lib//OpenNI2/Drivers
[93.906s] -- Up-to-date: /home/andre/ros2_ws/install/astra_camera/lib//OpenNI2/Drivers/liborbbec.so
[93.906s] -- Up-to-date: /home/andre/ros2_ws/install/astra_camera/lib//OpenNI2/Drivers/orbbec.ini
[93.907s] -- Up-to-date: /home/andre/ros2_ws/install/astra_camera/lib//OpenNI2/Drivers/OniFile.ini
[93.907s] -- Up-to-date: /home/andre/ros2_ws/install/astra_camera/lib//OpenNI2/Drivers/libOniFile.so
[93.923s] -- Installing: /home/andre/ros2_ws/install/astra_camera/lib/astra_camera/list_devices_node
[93.945s] -- Set runtime path of "/home/andre/ros2_ws/install/astra_camera/lib/astra_camera/list_devices_node" to ""
[93.946s] -- Up-to-date: /home/andre/ros2_ws/install/astra_camera/include
[93.946s] -- Up-to-date: /home/andre/ros2_ws/install/astra_camera/include/openni2
[93.947s] -- Up-to-date: /home/andre/ros2_ws/install/astra_camera/include/openni2/util.h
[93.947s] -- Up-to-date: /home/andre/ros2_ws/install/astra_camera/include/openni2/Driver
[93.948s] -- Up-to-date: /home/andre/ros2_ws/install/astra_camera/include/openni2/Driver/OniDriverTypes.h
[93.949s] -- Up-to-date: /home/andre/ros2_ws/install/astra_camera/include/openni2/Driver/OniDriverAPI.h
[93.949s] -- Up-to-date: /home/andre/ros2_ws/install/astra_camera/include/openni2/PSLink.h
[93.950s] -- Up-to-date: /home/andre/ros2_ws/install/astra_camera/include/openni2/PrimeSense.h
[93.952s] -- Up-to-date: /home/andre/ros2_ws/install/astra_camera/include/openni2/PS1080.h
[93.953s] -- Up-to-date: /home/andre/ros2_ws/install/astra_camera/include/openni2/OniCProperties.h
[93.954s] -- Up-to-date: /home/andre/ros2_ws/install/astra_camera/include/openni2/OniCAPI.h
[93.955s] -- Up-to-date: /home/andre/ros2_ws/install/astra_camera/include/openni2/SonixCamera.h
[93.956s] -- Up-to-date: /home/andre/ros2_ws/install/astra_camera/include/openni2/OniPlatform.h
[93.957s] -- Up-to-date: /home/andre/ros2_ws/install/astra_camera/include/openni2/OniEnums.h
[93.958s] -- Up-to-date: /home/andre/ros2_ws/install/astra_camera/include/openni2/Linux-x86
[93.958s] -- Up-to-date: /home/andre/ros2_ws/install/astra_camera/include/openni2/Linux-x86/OniPlatformLinux-x86.h
[93.959s] -- Up-to-date: /home/andre/ros2_ws/install/astra_camera/include/openni2/OniVersion.h
[93.959s] -- Up-to-date: /home/andre/ros2_ws/install/astra_camera/include/openni2/OpenNI.h
[93.959s] -- Up-to-date: /home/andre/ros2_ws/install/astra_camera/include/openni2/OniProperties.h
[93.960s] -- Up-to-date: /home/andre/ros2_ws/install/astra_camera/include/openni2/OniCEnums.h
[93.960s] -- Up-to-date: /home/andre/ros2_ws/install/astra_camera/include/openni2/KinectProperties.h
[93.960s] -- Up-to-date: /home/andre/ros2_ws/install/astra_camera/include/openni2/Linux-Arm
[93.961s] -- Up-to-date: /home/andre/ros2_ws/install/astra_camera/include/openni2/Linux-Arm/OniPlatformLinux-Arm.h
[93.961s] -- Up-to-date: /home/andre/ros2_ws/install/astra_camera/include/openni2/OniTest.h
[93.962s] -- Up-to-date: /home/andre/ros2_ws/install/astra_camera/include/openni2/Android-Arm
[93.962s] -- Up-to-date: /home/andre/ros2_ws/install/astra_camera/include/openni2/Android-Arm/OniPlatformAndroid-Arm.h
[93.962s] -- Up-to-date: /home/andre/ros2_ws/install/astra_camera/include/openni2/MacOSX
[93.962s] -- Up-to-date: /home/andre/ros2_ws/install/astra_camera/include/openni2/MacOSX/OniPlatformMacOSX.h
[93.962s] -- Up-to-date: /home/andre/ros2_ws/install/astra_camera/include/openni2/OniCTypes.h
[93.963s] -- Up-to-date: /home/andre/ros2_ws/install/astra_camera/include/astra_camera
[93.963s] -- Up-to-date: /home/andre/ros2_ws/install/astra_camera/include/astra_camera/dynamic_params.h
[93.963s] -- Up-to-date: /home/andre/ros2_ws/install/astra_camera/include/astra_camera/ros_param_backend.h
[93.963s] -- Up-to-date: /home/andre/ros2_ws/install/astra_camera/include/astra_camera/types.h
[93.963s] -- Up-to-date: /home/andre/ros2_ws/install/astra_camera/include/astra_camera/utils.h
[93.963s] -- Up-to-date: /home/andre/ros2_ws/install/astra_camera/include/astra_camera/uvc_camera_driver.h
[93.964s] -- Up-to-date: /home/andre/ros2_ws/install/astra_camera/include/astra_camera/ob_camera_node_factory.h
[93.964s] -- Up-to-date: /home/andre/ros2_ws/install/astra_camera/include/astra_camera/point_cloud_proc
[93.964s] -- Up-to-date: /home/andre/ros2_ws/install/astra_camera/include/astra_camera/point_cloud_proc/point_cloud_xyzrgb.h
[93.964s] -- Up-to-date: /home/andre/ros2_ws/install/astra_camera/include/astra_camera/point_cloud_proc/depth_traits.h
[93.964s] -- Up-to-date: /home/andre/ros2_ws/install/astra_camera/include/astra_camera/point_cloud_proc/point_cloud_xyz.h
[93.964s] -- Up-to-date: /home/andre/ros2_ws/install/astra_camera/include/astra_camera/device_listener.h
[93.964s] -- Up-to-date: /home/andre/ros2_ws/install/astra_camera/include/astra_camera/DefineImageType.hpp
[93.964s] -- Up-to-date: /home/andre/ros2_ws/install/astra_camera/include/astra_camera/ob_context.h
[93.965s] -- Up-to-date: /home/andre/ros2_ws/install/astra_camera/include/astra_camera/ob_timer_filter.h
[93.965s] -- Up-to-date: /home/andre/ros2_ws/install/astra_camera/include/astra_camera/constants.h
[93.965s] -- Up-to-date: /home/andre/ros2_ws/install/astra_camera/include/astra_camera/ob_frame_listener.h
[93.965s] -- Up-to-date: /home/andre/ros2_ws/install/astra_camera/include/astra_camera/ob_camera_node.h
[93.965s] -- Up-to-date: /home/andre/ros2_ws/install/astra_camera/share/astra_camera//launch
[93.965s] -- Up-to-date: /home/andre/ros2_ws/install/astra_camera/share/astra_camera//launch/astra.launch.py
[93.965s] -- Up-to-date: /home/andre/ros2_ws/install/astra_camera/share/astra_camera//launch/dabai_u3.launch.py
[93.965s] -- Up-to-date: /home/andre/ros2_ws/install/astra_camera/share/astra_camera//launch/astra_mini.launch.py
[93.966s] -- Up-to-date: /home/andre/ros2_ws/install/astra_camera/share/astra_camera//launch/.gitkeep
[93.966s] -- Up-to-date: /home/andre/ros2_ws/install/astra_camera/share/astra_camera//launch/dabai_dcw.launch.py
[93.966s] -- Up-to-date: /home/andre/ros2_ws/install/astra_camera/share/astra_camera//launch/dabai_dw.launch.py
[93.966s] -- Up-to-date: /home/andre/ros2_ws/install/astra_camera/share/astra_camera//launch/multi_dabai.launch.py
[93.966s] -- Up-to-date: /home/andre/ros2_ws/install/astra_camera/share/astra_camera//launch/dabai_pro.launch.py
[93.966s] -- Up-to-date: /home/andre/ros2_ws/install/astra_camera/share/astra_camera//launch/multi_dabai_dcw.launch.py
[93.966s] -- Up-to-date: /home/andre/ros2_ws/install/astra_camera/share/astra_camera//launch/multi_dabai_pro.launch.py
[93.966s] -- Up-to-date: /home/andre/ros2_ws/install/astra_camera/share/astra_camera//launch/multi_astra_mini.launch.py
[93.967s] -- Up-to-date: /home/andre/ros2_ws/install/astra_camera/share/astra_camera//launch/multi_dabai_dw.launch.py
[93.967s] -- Up-to-date: /home/andre/ros2_ws/install/astra_camera/share/astra_camera//launch/launch_utils.py
[93.967s] -- Up-to-date: /home/andre/ros2_ws/install/astra_camera/share/astra_camera//launch/multi_astra.launch.py
[93.967s] -- Up-to-date: /home/andre/ros2_ws/install/astra_camera/share/astra_camera//config
[93.967s] -- Up-to-date: /home/andre/ros2_ws/install/astra_camera/share/astra_camera//config/.gitkeep
[93.967s] -- Up-to-date: /home/andre/ros2_ws/install/astra_camera/share/astra_camera//params
[93.967s] -- Up-to-date: /home/andre/ros2_ws/install/astra_camera/share/astra_camera//params/camera_params_template.yaml
[93.967s] -- Up-to-date: /home/andre/ros2_ws/install/astra_camera/share/astra_camera//params/dabai_params.yaml
[93.968s] -- Up-to-date: /home/andre/ros2_ws/install/astra_camera/share/astra_camera//params/.gitkeep
[93.968s] -- Up-to-date: /home/andre/ros2_ws/install/astra_camera/share/astra_camera//params/astra_params.yaml
[93.968s] -- Up-to-date: /home/andre/ros2_ws/install/astra_camera/share/astra_camera//params/dabai_dcw_params.yaml
[93.968s] -- Up-to-date: /home/andre/ros2_ws/install/astra_camera/share/astra_camera//params/dabai_dw_params.yaml
[93.968s] -- Up-to-date: /home/andre/ros2_ws/install/astra_camera/share/astra_camera//params/configurable_params.yaml
[93.968s] -- Up-to-date: /home/andre/ros2_ws/install/astra_camera/share/astra_camera//params/dabai_pro_params.yaml
[93.968s] -- Up-to-date: /home/andre/ros2_ws/install/astra_camera/share/astra_camera//params/astra_mini_params.yaml
[93.968s] -- Up-to-date: /home/andre/ros2_ws/install/astra_camera/share/astra_camera//rviz
[93.968s] -- Up-to-date: /home/andre/ros2_ws/install/astra_camera/share/astra_camera//rviz/.gitkeep
[93.969s] -- Up-to-date: /home/andre/ros2_ws/install/astra_camera/share/astra_camera//rviz/pointcloud.rviz
[93.969s] -- Up-to-date: /home/andre/ros2_ws/install/astra_camera/share/astra_camera//rviz/multi_camera.rviz
[93.969s] -- Up-to-date: /home/andre/ros2_ws/install/astra_camera/share/astra_camera/environment/library_path.sh
[93.969s] -- Installing: /home/andre/ros2_ws/install/astra_camera/share/astra_camera/environment/library_path.dsv
[93.969s] -- Up-to-date: /home/andre/ros2_ws/install/astra_camera/share/ament_index/resource_index/package_run_dependencies/astra_camera
[93.969s] -- Installing: /home/andre/ros2_ws/install/astra_camera/share/ament_index/resource_index/parent_prefix_path/astra_camera
[93.969s] -- Up-to-date: /home/andre/ros2_ws/install/astra_camera/share/astra_camera/environment/ament_prefix_path.sh
[93.970s] -- Installing: /home/andre/ros2_ws/install/astra_camera/share/astra_camera/environment/ament_prefix_path.dsv
[93.970s] -- Up-to-date: /home/andre/ros2_ws/install/astra_camera/share/astra_camera/environment/path.sh
[93.970s] -- Installing: /home/andre/ros2_ws/install/astra_camera/share/astra_camera/environment/path.dsv
[93.970s] -- Up-to-date: /home/andre/ros2_ws/install/astra_camera/share/astra_camera/local_setup.bash
[93.970s] -- Up-to-date: /home/andre/ros2_ws/install/astra_camera/share/astra_camera/local_setup.sh
[93.970s] -- Up-to-date: /home/andre/ros2_ws/install/astra_camera/share/astra_camera/local_setup.zsh
[93.970s] -- Installing: /home/andre/ros2_ws/install/astra_camera/share/astra_camera/local_setup.dsv
[93.971s] -- Installing: /home/andre/ros2_ws/install/astra_camera/share/astra_camera/package.dsv
[93.971s] -- Up-to-date: /home/andre/ros2_ws/install/astra_camera/share/ament_index/resource_index/packages/astra_camera
[93.971s] -- Up-to-date: /home/andre/ros2_ws/install/astra_camera/share/ament_index/resource_index/rclcpp_components/astra_camera
[93.972s] -- Up-to-date: /home/andre/ros2_ws/install/astra_camera/share/astra_camera/cmake/ament_cmake_export_include_directories-extras.cmake
[93.972s] -- Up-to-date: /home/andre/ros2_ws/install/astra_camera/share/astra_camera/cmake/ament_cmake_export_libraries-extras.cmake
[93.972s] -- Up-to-date: /home/andre/ros2_ws/install/astra_camera/share/astra_camera/cmake/ament_cmake_export_dependencies-extras.cmake
[93.972s] -- Up-to-date: /home/andre/ros2_ws/install/astra_camera/share/astra_camera/cmake/astra_cameraConfig.cmake
[93.972s] -- Up-to-date: /home/andre/ros2_ws/install/astra_camera/share/astra_camera/cmake/astra_cameraConfig-version.cmake
[93.973s] -- Up-to-date: /home/andre/ros2_ws/install/astra_camera/share/astra_camera/package.xml
[93.976s] Invoked command in '/home/andre/ros2_ws/build/astra_camera' returned '0': CMAKE_PREFIX_PATH=/home/andre/ros2_ws/install/astra_camera_msgs:/home/andre/ros2_ws/install/pcl_example:/home/andre/ros2_ws/install/custom_msgs:/home/andre/ros2_ws/install/calib_correspondences:/home/andre/ros2_ws/install/astra_camera:/home/andre/ros2_ws/install/apriltag_ros:/home/andre/ros2_ws/install/apriltag_msgs:/home/andre/ros2_ws/install/detection_person:/home/andre/ros2_ws/install/detection_human_ros:/home/andre/ros2_ws/install/detection_astra_camera:/home/andre/ros2_ws/install/detection_aruco:/opt/ros/humble LD_LIBRARY_PATH=/home/andre/ros2_ws/install/astra_camera_msgs/lib:/home/andre/ros2_ws/install/custom_msgs/lib:/home/andre/ros2_ws/install/astra_camera/lib:/home/andre/ros2_ws/install/apriltag_ros/lib:/home/andre/ros2_ws/install/apriltag_msgs/lib:/opt/ros/humble/opt/rviz_ogre_vendor/lib:/opt/ros/humble/lib/x86_64-linux-gnu:/opt/ros/humble/lib PS1=(venv) \[\e]0;\u@\h: \w\a\]${debian_chroot:+($debian_chroot)}\[\033[01;32m\]\u@\h\[\033[00m\]:\[\033[01;34m\]\w\[\033[00m\]\$ /usr/bin/cmake --install /home/andre/ros2_ws/build/astra_camera
