[1.640s] Invoking command in '/home/andre/ros2_ws/src/detection_person': CMAKE_PREFIX_PATH=/home/andre/ros2_ws/install/custom_msgs:/home/andre/ros2_ws/install/pcl_example:/home/andre/ros2_ws/install/calib_correspondences:/home/andre/ros2_ws/install/astra_camera:/home/andre/ros2_ws/install/astra_camera_msgs:/home/andre/ros2_ws/install/apriltag_ros:/home/andre/ros2_ws/install/apriltag_msgs PYTHONPATH=/home/andre/ros2_ws/build/detection_person/prefix_override:/usr/lib/python3/dist-packages/colcon_core/task/python/colcon_distutils_commands:/home/andre/ros2_ws/install/detection_person/lib/python3.10/site-packages:${PYTHONPATH} /usr/bin/python3 -W ignore:setup.py install is deprecated setup.py egg_info --egg-base ../../build/detection_person build --build-base /home/andre/ros2_ws/build/detection_person/build install --record /home/andre/ros2_ws/build/detection_person/install.log --single-version-externally-managed install_data
[2.379s] running egg_info
[2.385s] writing ../../build/detection_person/detection_person.egg-info/PKG-INFO
[2.385s] writing dependency_links to ../../build/detection_person/detection_person.egg-info/dependency_links.txt
[2.385s] writing entry points to ../../build/detection_person/detection_person.egg-info/entry_points.txt
[2.385s] writing requirements to ../../build/detection_person/detection_person.egg-info/requires.txt
[2.386s] writing top-level names to ../../build/detection_person/detection_person.egg-info/top_level.txt
[2.389s] reading manifest file '../../build/detection_person/detection_person.egg-info/SOURCES.txt'
[2.390s] adding license file 'LICENSE'
[2.390s] writing manifest file '../../build/detection_person/detection_person.egg-info/SOURCES.txt'
[2.390s] running build
[2.393s] running build_py
[2.393s] running install
[2.393s] running install_lib
[2.396s] running install_data
[2.396s] running install_egg_info
[2.402s] removing '/home/andre/ros2_ws/install/detection_person/lib/python3.10/site-packages/detection_person-0.0.0-py3.10.egg-info' (and everything under it)
[2.402s] Copying ../../build/detection_person/detection_person.egg-info to /home/andre/ros2_ws/install/detection_person/lib/python3.10/site-packages/detection_person-0.0.0-py3.10.egg-info
[2.404s] running install_scripts
[2.461s] Installing obtain_person script to /home/andre/ros2_ws/install/detection_person/lib/detection_person
[2.463s] writing list of installed files to '/home/andre/ros2_ws/build/detection_person/install.log'
[2.554s] Invoked command in '/home/andre/ros2_ws/src/detection_person' returned '0': CMAKE_PREFIX_PATH=/home/andre/ros2_ws/install/custom_msgs:/home/andre/ros2_ws/install/pcl_example:/home/andre/ros2_ws/install/calib_correspondences:/home/andre/ros2_ws/install/astra_camera:/home/andre/ros2_ws/install/astra_camera_msgs:/home/andre/ros2_ws/install/apriltag_ros:/home/andre/ros2_ws/install/apriltag_msgs PYTHONPATH=/home/andre/ros2_ws/build/detection_person/prefix_override:/usr/lib/python3/dist-packages/colcon_core/task/python/colcon_distutils_commands:/home/andre/ros2_ws/install/detection_person/lib/python3.10/site-packages:${PYTHONPATH} /usr/bin/python3 -W ignore:setup.py install is deprecated setup.py egg_info --egg-base ../../build/detection_person build --build-base /home/andre/ros2_ws/build/detection_person/build install --record /home/andre/ros2_ws/build/detection_person/install.log --single-version-externally-managed install_data
