[3.653s] Invoking command in '/home/andre/ros2_ws/src/detection_astra_camera': CMAKE_PREFIX_PATH=/home/andre/ros2_ws/install/astra_camera:/home/andre/ros2_ws/install/astra_camera_msgs:/home/andre/ros2_ws/install/pcl_example:/home/andre/ros2_ws/install/custom_msgs:/home/andre/ros2_ws/install/calib_correspondences:/home/andre/ros2_ws/install/apriltag_ros:/home/andre/ros2_ws/install/apriltag_msgs LD_LIBRARY_PATH=/home/andre/ros2_ws/install/astra_camera/lib:/home/andre/ros2_ws/install/astra_camera_msgs/lib:/home/andre/ros2_ws/install/custom_msgs/lib:/home/andre/ros2_ws/install/apriltag_ros/lib:/home/andre/ros2_ws/install/apriltag_msgs/lib:/opt/ros/humble/opt/rviz_ogre_vendor/lib:/opt/ros/humble/lib/x86_64-linux-gnu:/opt/ros/humble/lib PYTHONPATH=/home/andre/ros2_ws/build/detection_astra_camera/prefix_override:/usr/lib/python3/dist-packages/colcon_core/task/python/colcon_distutils_commands:/home/andre/ros2_ws/install/detection_astra_camera/lib/python3.10/site-packages:${PYTHONPATH} /usr/bin/python3 -W ignore:setup.py install is deprecated setup.py egg_info --egg-base ../../build/detection_astra_camera build --build-base /home/andre/ros2_ws/build/detection_astra_camera/build install --record /home/andre/ros2_ws/build/detection_astra_camera/install.log --single-version-externally-managed install_data
[5.245s] running egg_info
[5.248s] writing ../../build/detection_astra_camera/detection_astra_camera.egg-info/PKG-INFO
[5.251s] writing dependency_links to ../../build/detection_astra_camera/detection_astra_camera.egg-info/dependency_links.txt
[5.251s] writing entry points to ../../build/detection_astra_camera/detection_astra_camera.egg-info/entry_points.txt
[5.251s] writing requirements to ../../build/detection_astra_camera/detection_astra_camera.egg-info/requires.txt
[5.252s] writing top-level names to ../../build/detection_astra_camera/detection_astra_camera.egg-info/top_level.txt
[5.256s] reading manifest file '../../build/detection_astra_camera/detection_astra_camera.egg-info/SOURCES.txt'
[5.256s] adding license file 'LICENSE'
[5.258s] writing manifest file '../../build/detection_astra_camera/detection_astra_camera.egg-info/SOURCES.txt'
[5.258s] running build
[5.259s] running build_py
[5.259s] copying detection_astra_camera/obtain_data_astra.py -> /home/andre/ros2_ws/build/detection_astra_camera/build/lib/detection_astra_camera
[5.261s] running install
[5.262s] running install_lib
[5.264s] copying /home/andre/ros2_ws/build/detection_astra_camera/build/lib/detection_astra_camera/obtain_data_astra.py -> /home/andre/ros2_ws/install/detection_astra_camera/lib/python3.10/site-packages/detection_astra_camera
[5.266s] byte-compiling /home/andre/ros2_ws/install/detection_astra_camera/lib/python3.10/site-packages/detection_astra_camera/obtain_data_astra.py to obtain_data_astra.cpython-310.pyc
[5.269s] running install_data
[5.269s] running install_egg_info
[5.274s] removing '/home/andre/ros2_ws/install/detection_astra_camera/lib/python3.10/site-packages/detection_astra_camera-0.0.0-py3.10.egg-info' (and everything under it)
[5.276s] Copying ../../build/detection_astra_camera/detection_astra_camera.egg-info to /home/andre/ros2_ws/install/detection_astra_camera/lib/python3.10/site-packages/detection_astra_camera-0.0.0-py3.10.egg-info
[5.280s] running install_scripts
[5.421s] Installing obtain_data_astra script to /home/andre/ros2_ws/install/detection_astra_camera/lib/detection_astra_camera
[5.424s] writing list of installed files to '/home/andre/ros2_ws/build/detection_astra_camera/install.log'
[5.563s] Invoked command in '/home/andre/ros2_ws/src/detection_astra_camera' returned '0': CMAKE_PREFIX_PATH=/home/andre/ros2_ws/install/astra_camera:/home/andre/ros2_ws/install/astra_camera_msgs:/home/andre/ros2_ws/install/pcl_example:/home/andre/ros2_ws/install/custom_msgs:/home/andre/ros2_ws/install/calib_correspondences:/home/andre/ros2_ws/install/apriltag_ros:/home/andre/ros2_ws/install/apriltag_msgs LD_LIBRARY_PATH=/home/andre/ros2_ws/install/astra_camera/lib:/home/andre/ros2_ws/install/astra_camera_msgs/lib:/home/andre/ros2_ws/install/custom_msgs/lib:/home/andre/ros2_ws/install/apriltag_ros/lib:/home/andre/ros2_ws/install/apriltag_msgs/lib:/opt/ros/humble/opt/rviz_ogre_vendor/lib:/opt/ros/humble/lib/x86_64-linux-gnu:/opt/ros/humble/lib PYTHONPATH=/home/andre/ros2_ws/build/detection_astra_camera/prefix_override:/usr/lib/python3/dist-packages/colcon_core/task/python/colcon_distutils_commands:/home/andre/ros2_ws/install/detection_astra_camera/lib/python3.10/site-packages:${PYTHONPATH} /usr/bin/python3 -W ignore:setup.py install is deprecated setup.py egg_info --egg-base ../../build/detection_astra_camera build --build-base /home/andre/ros2_ws/build/detection_astra_camera/build install --record /home/andre/ros2_ws/build/detection_astra_camera/install.log --single-version-externally-managed install_data
