[0.062s] Invoking command in '/home/andre/ros2_ws/build/astra_camera_msgs': CMAKE_PREFIX_PATH=${CMAKE_PREFIX_PATH}:/home/andre/ros2_ws/install/detection_astra_camera:/home/andre/ros2_ws/install/detection_aruco:/opt/ros/humble /usr/bin/cmake --build /home/andre/ros2_ws/build/astra_camera_msgs -- -j4 -l4
[0.327s] [  1%] Built target astra_camera_msgs__cpp
[0.346s] [ 12%] Built target astra_camera_msgs__rosidl_generator_c
[0.446s] [ 12%] Built target ament_cmake_python_copy_astra_camera_msgs
[0.551s] [ 24%] Built target astra_camera_msgs__rosidl_typesupport_cpp
[0.671s] [ 47%] Built target astra_camera_msgs__rosidl_typesupport_introspection_cpp
[0.672s] [ 47%] Built target astra_camera_msgs__rosidl_typesupport_fastrtps_cpp
[0.748s] [ 58%] Built target astra_camera_msgs__rosidl_typesupport_fastrtps_c
[0.828s] [ 70%] Built target astra_camera_msgs__rosidl_typesupport_introspection_c
[1.058s] [ 82%] Built target astra_camera_msgs__rosidl_typesupport_c
[1.305s] [ 82%] Built target astra_camera_msgs
[1.507s] [ 83%] Built target astra_camera_msgs__py
[1.767s] [ 93%] Built target astra_camera_msgs__rosidl_generator_py
[1.972s] running egg_info
[1.975s] writing astra_camera_msgs.egg-info/PKG-INFO
[1.976s] writing dependency_links to astra_camera_msgs.egg-info/dependency_links.txt
[1.977s] writing top-level names to astra_camera_msgs.egg-info/top_level.txt
[1.978s] [ 95%] Built target astra_camera_msgs__rosidl_typesupport_introspection_c__pyext
[1.982s] reading manifest file 'astra_camera_msgs.egg-info/SOURCES.txt'
[1.987s] writing manifest file 'astra_camera_msgs.egg-info/SOURCES.txt'
[2.059s] [ 97%] Built target astra_camera_msgs__rosidl_typesupport_fastrtps_c__pyext
[2.070s] [100%] Built target astra_camera_msgs__rosidl_typesupport_c__pyext
[2.084s] [100%] Built target ament_cmake_python_build_astra_camera_msgs_egg
[2.118s] Invoked command in '/home/andre/ros2_ws/build/astra_camera_msgs' returned '0': CMAKE_PREFIX_PATH=${CMAKE_PREFIX_PATH}:/home/andre/ros2_ws/install/detection_astra_camera:/home/andre/ros2_ws/install/detection_aruco:/opt/ros/humble /usr/bin/cmake --build /home/andre/ros2_ws/build/astra_camera_msgs -- -j4 -l4
[3.148s] Invoking command in '/home/andre/ros2_ws/build/astra_camera_msgs': CMAKE_PREFIX_PATH=${CMAKE_PREFIX_PATH}:/home/andre/ros2_ws/install/detection_astra_camera:/home/andre/ros2_ws/install/detection_aruco:/opt/ros/humble /usr/bin/cmake --install /home/andre/ros2_ws/build/astra_camera_msgs
[3.173s] -- Install configuration: ""
[3.177s] -- Up-to-date: /home/andre/ros2_ws/install/astra_camera_msgs/share/ament_index/resource_index/rosidl_interfaces/astra_camera_msgs
[3.178s] -- Up-to-date: /home/andre/ros2_ws/install/astra_camera_msgs/include/astra_camera_msgs/astra_camera_msgs
[3.178s] -- Up-to-date: /home/andre/ros2_ws/install/astra_camera_msgs/include/astra_camera_msgs/astra_camera_msgs/srv
[3.178s] -- Up-to-date: /home/andre/ros2_ws/install/astra_camera_msgs/include/astra_camera_msgs/astra_camera_msgs/srv/set_int32.h
[3.178s] -- Up-to-date: /home/andre/ros2_ws/install/astra_camera_msgs/include/astra_camera_msgs/astra_camera_msgs/srv/get_camera_info.h
[3.178s] -- Up-to-date: /home/andre/ros2_ws/install/astra_camera_msgs/include/astra_camera_msgs/astra_camera_msgs/srv/detail
[3.179s] -- Up-to-date: /home/andre/ros2_ws/install/astra_camera_msgs/include/astra_camera_msgs/astra_camera_msgs/srv/detail/get_camera_info__struct.h
[3.179s] -- Up-to-date: /home/andre/ros2_ws/install/astra_camera_msgs/include/astra_camera_msgs/astra_camera_msgs/srv/detail/get_device_info__functions.h
[3.179s] -- Up-to-date: /home/andre/ros2_ws/install/astra_camera_msgs/include/astra_camera_msgs/astra_camera_msgs/srv/detail/get_device_info__functions.c
[3.179s] -- Up-to-date: /home/andre/ros2_ws/install/astra_camera_msgs/include/astra_camera_msgs/astra_camera_msgs/srv/detail/get_camera_params__functions.c
[3.179s] -- Up-to-date: /home/andre/ros2_ws/install/astra_camera_msgs/include/astra_camera_msgs/astra_camera_msgs/srv/detail/get_string__type_support.h
[3.179s] -- Up-to-date: /home/andre/ros2_ws/install/astra_camera_msgs/include/astra_camera_msgs/astra_camera_msgs/srv/detail/get_int32__type_support.h
[3.180s] -- Up-to-date: /home/andre/ros2_ws/install/astra_camera_msgs/include/astra_camera_msgs/astra_camera_msgs/srv/detail/set_int32__functions.c
[3.180s] -- Up-to-date: /home/andre/ros2_ws/install/astra_camera_msgs/include/astra_camera_msgs/astra_camera_msgs/srv/detail/get_string__functions.c
[3.180s] -- Up-to-date: /home/andre/ros2_ws/install/astra_camera_msgs/include/astra_camera_msgs/astra_camera_msgs/srv/detail/get_camera_info__functions.h
[3.180s] -- Up-to-date: /home/andre/ros2_ws/install/astra_camera_msgs/include/astra_camera_msgs/astra_camera_msgs/srv/detail/get_camera_params__type_support.h
[3.180s] -- Up-to-date: /home/andre/ros2_ws/install/astra_camera_msgs/include/astra_camera_msgs/astra_camera_msgs/srv/detail/get_camera_params__struct.h
[3.180s] -- Up-to-date: /home/andre/ros2_ws/install/astra_camera_msgs/include/astra_camera_msgs/astra_camera_msgs/srv/detail/get_int32__functions.c
[3.181s] -- Up-to-date: /home/andre/ros2_ws/install/astra_camera_msgs/include/astra_camera_msgs/astra_camera_msgs/srv/detail/get_camera_info__functions.c
[3.181s] -- Up-to-date: /home/andre/ros2_ws/install/astra_camera_msgs/include/astra_camera_msgs/astra_camera_msgs/srv/detail/get_device_info__struct.h
[3.181s] -- Up-to-date: /home/andre/ros2_ws/install/astra_camera_msgs/include/astra_camera_msgs/astra_camera_msgs/srv/detail/get_camera_params__functions.h
[3.182s] -- Up-to-date: /home/andre/ros2_ws/install/astra_camera_msgs/include/astra_camera_msgs/astra_camera_msgs/srv/detail/set_int32__struct.h
[3.182s] -- Up-to-date: /home/andre/ros2_ws/install/astra_camera_msgs/include/astra_camera_msgs/astra_camera_msgs/srv/detail/set_int32__functions.h
[3.182s] -- Up-to-date: /home/andre/ros2_ws/install/astra_camera_msgs/include/astra_camera_msgs/astra_camera_msgs/srv/detail/get_string__struct.h
[3.183s] -- Up-to-date: /home/andre/ros2_ws/install/astra_camera_msgs/include/astra_camera_msgs/astra_camera_msgs/srv/detail/get_camera_info__type_support.h
[3.183s] -- Up-to-date: /home/andre/ros2_ws/install/astra_camera_msgs/include/astra_camera_msgs/astra_camera_msgs/srv/detail/get_int32__functions.h
[3.185s] -- Up-to-date: /home/andre/ros2_ws/install/astra_camera_msgs/include/astra_camera_msgs/astra_camera_msgs/srv/detail/get_device_info__type_support.h
[3.190s] -- Up-to-date: /home/andre/ros2_ws/install/astra_camera_msgs/include/astra_camera_msgs/astra_camera_msgs/srv/detail/get_string__functions.h
[3.190s] -- Up-to-date: /home/andre/ros2_ws/install/astra_camera_msgs/include/astra_camera_msgs/astra_camera_msgs/srv/detail/get_int32__struct.h
[3.190s] -- Up-to-date: /home/andre/ros2_ws/install/astra_camera_msgs/include/astra_camera_msgs/astra_camera_msgs/srv/detail/set_int32__type_support.h
[3.191s] -- Up-to-date: /home/andre/ros2_ws/install/astra_camera_msgs/include/astra_camera_msgs/astra_camera_msgs/srv/get_device_info.h
[3.191s] -- Up-to-date: /home/andre/ros2_ws/install/astra_camera_msgs/include/astra_camera_msgs/astra_camera_msgs/srv/get_camera_params.h
[3.191s] -- Up-to-date: /home/andre/ros2_ws/install/astra_camera_msgs/include/astra_camera_msgs/astra_camera_msgs/srv/get_string.h
[3.191s] -- Up-to-date: /home/andre/ros2_ws/install/astra_camera_msgs/include/astra_camera_msgs/astra_camera_msgs/srv/get_int32.h
[3.192s] -- Up-to-date: /home/andre/ros2_ws/install/astra_camera_msgs/include/astra_camera_msgs/astra_camera_msgs/msg
[3.192s] -- Up-to-date: /home/andre/ros2_ws/install/astra_camera_msgs/include/astra_camera_msgs/astra_camera_msgs/msg/device_info.h
[3.192s] -- Up-to-date: /home/andre/ros2_ws/install/astra_camera_msgs/include/astra_camera_msgs/astra_camera_msgs/msg/metadata.h
[3.192s] -- Up-to-date: /home/andre/ros2_ws/install/astra_camera_msgs/include/astra_camera_msgs/astra_camera_msgs/msg/detail
[3.192s] -- Up-to-date: /home/andre/ros2_ws/install/astra_camera_msgs/include/astra_camera_msgs/astra_camera_msgs/msg/detail/metadata__type_support.h
[3.193s] -- Up-to-date: /home/andre/ros2_ws/install/astra_camera_msgs/include/astra_camera_msgs/astra_camera_msgs/msg/detail/device_info__functions.c
[3.193s] -- Up-to-date: /home/andre/ros2_ws/install/astra_camera_msgs/include/astra_camera_msgs/astra_camera_msgs/msg/detail/extrinsics__functions.c
[3.194s] -- Up-to-date: /home/andre/ros2_ws/install/astra_camera_msgs/include/astra_camera_msgs/astra_camera_msgs/msg/detail/extrinsics__type_support.h
[3.194s] -- Up-to-date: /home/andre/ros2_ws/install/astra_camera_msgs/include/astra_camera_msgs/astra_camera_msgs/msg/detail/device_info__type_support.h
[3.194s] -- Up-to-date: /home/andre/ros2_ws/install/astra_camera_msgs/include/astra_camera_msgs/astra_camera_msgs/msg/detail/metadata__functions.h
[3.194s] -- Up-to-date: /home/andre/ros2_ws/install/astra_camera_msgs/include/astra_camera_msgs/astra_camera_msgs/msg/detail/extrinsics__functions.h
[3.195s] -- Up-to-date: /home/andre/ros2_ws/install/astra_camera_msgs/include/astra_camera_msgs/astra_camera_msgs/msg/detail/device_info__struct.h
[3.195s] -- Up-to-date: /home/andre/ros2_ws/install/astra_camera_msgs/include/astra_camera_msgs/astra_camera_msgs/msg/detail/metadata__struct.h
[3.195s] -- Up-to-date: /home/andre/ros2_ws/install/astra_camera_msgs/include/astra_camera_msgs/astra_camera_msgs/msg/detail/metadata__functions.c
[3.195s] -- Up-to-date: /home/andre/ros2_ws/install/astra_camera_msgs/include/astra_camera_msgs/astra_camera_msgs/msg/detail/device_info__functions.h
[3.195s] -- Up-to-date: /home/andre/ros2_ws/install/astra_camera_msgs/include/astra_camera_msgs/astra_camera_msgs/msg/detail/extrinsics__struct.h
[3.195s] -- Up-to-date: /home/andre/ros2_ws/install/astra_camera_msgs/include/astra_camera_msgs/astra_camera_msgs/msg/extrinsics.h
[3.195s] -- Up-to-date: /home/andre/ros2_ws/install/astra_camera_msgs/include/astra_camera_msgs/astra_camera_msgs/msg/rosidl_generator_c__visibility_control.h
[3.196s] -- Up-to-date: /home/andre/ros2_ws/install/astra_camera_msgs/share/astra_camera_msgs/environment/library_path.sh
[3.196s] -- Up-to-date: /home/andre/ros2_ws/install/astra_camera_msgs/share/astra_camera_msgs/environment/library_path.dsv
[3.196s] -- Up-to-date: /home/andre/ros2_ws/install/astra_camera_msgs/lib/libastra_camera_msgs__rosidl_generator_c.so
[3.196s] -- Up-to-date: /home/andre/ros2_ws/install/astra_camera_msgs/include/astra_camera_msgs/astra_camera_msgs
[3.198s] -- Up-to-date: /home/andre/ros2_ws/install/astra_camera_msgs/include/astra_camera_msgs/astra_camera_msgs/srv
[3.198s] -- Up-to-date: /home/andre/ros2_ws/install/astra_camera_msgs/include/astra_camera_msgs/astra_camera_msgs/srv/detail
[3.199s] -- Up-to-date: /home/andre/ros2_ws/install/astra_camera_msgs/include/astra_camera_msgs/astra_camera_msgs/srv/detail/get_string__rosidl_typesupport_fastrtps_c.h
[3.199s] -- Up-to-date: /home/andre/ros2_ws/install/astra_camera_msgs/include/astra_camera_msgs/astra_camera_msgs/srv/detail/get_int32__rosidl_typesupport_fastrtps_c.h
[3.200s] -- Up-to-date: /home/andre/ros2_ws/install/astra_camera_msgs/include/astra_camera_msgs/astra_camera_msgs/srv/detail/get_device_info__rosidl_typesupport_fastrtps_c.h
[3.200s] -- Up-to-date: /home/andre/ros2_ws/install/astra_camera_msgs/include/astra_camera_msgs/astra_camera_msgs/srv/detail/set_int32__rosidl_typesupport_fastrtps_c.h
[3.201s] -- Up-to-date: /home/andre/ros2_ws/install/astra_camera_msgs/include/astra_camera_msgs/astra_camera_msgs/srv/detail/get_camera_info__rosidl_typesupport_fastrtps_c.h
[3.202s] -- Up-to-date: /home/andre/ros2_ws/install/astra_camera_msgs/include/astra_camera_msgs/astra_camera_msgs/srv/detail/get_camera_params__rosidl_typesupport_fastrtps_c.h
[3.202s] -- Up-to-date: /home/andre/ros2_ws/install/astra_camera_msgs/include/astra_camera_msgs/astra_camera_msgs/msg
[3.202s] -- Up-to-date: /home/andre/ros2_ws/install/astra_camera_msgs/include/astra_camera_msgs/astra_camera_msgs/msg/detail
[3.203s] -- Up-to-date: /home/andre/ros2_ws/install/astra_camera_msgs/include/astra_camera_msgs/astra_camera_msgs/msg/detail/metadata__rosidl_typesupport_fastrtps_c.h
[3.204s] -- Up-to-date: /home/andre/ros2_ws/install/astra_camera_msgs/include/astra_camera_msgs/astra_camera_msgs/msg/detail/device_info__rosidl_typesupport_fastrtps_c.h
[3.204s] -- Up-to-date: /home/andre/ros2_ws/install/astra_camera_msgs/include/astra_camera_msgs/astra_camera_msgs/msg/detail/extrinsics__rosidl_typesupport_fastrtps_c.h
[3.204s] -- Up-to-date: /home/andre/ros2_ws/install/astra_camera_msgs/include/astra_camera_msgs/astra_camera_msgs/msg/rosidl_typesupport_fastrtps_c__visibility_control.h
[3.204s] -- Up-to-date: /home/andre/ros2_ws/install/astra_camera_msgs/lib/libastra_camera_msgs__rosidl_typesupport_fastrtps_c.so
[3.204s] -- Up-to-date: /home/andre/ros2_ws/install/astra_camera_msgs/include/astra_camera_msgs/astra_camera_msgs
[3.204s] -- Up-to-date: /home/andre/ros2_ws/install/astra_camera_msgs/include/astra_camera_msgs/astra_camera_msgs/srv
[3.205s] -- Up-to-date: /home/andre/ros2_ws/install/astra_camera_msgs/include/astra_camera_msgs/astra_camera_msgs/srv/detail
[3.205s] -- Up-to-date: /home/andre/ros2_ws/install/astra_camera_msgs/include/astra_camera_msgs/astra_camera_msgs/srv/detail/get_camera_info__type_support.c
[3.205s] -- Up-to-date: /home/andre/ros2_ws/install/astra_camera_msgs/include/astra_camera_msgs/astra_camera_msgs/srv/detail/get_device_info__type_support.c
[3.205s] -- Up-to-date: /home/andre/ros2_ws/install/astra_camera_msgs/include/astra_camera_msgs/astra_camera_msgs/srv/detail/get_int32__rosidl_typesupport_introspection_c.h
[3.205s] -- Up-to-date: /home/andre/ros2_ws/install/astra_camera_msgs/include/astra_camera_msgs/astra_camera_msgs/srv/detail/set_int32__type_support.c
[3.206s] -- Up-to-date: /home/andre/ros2_ws/install/astra_camera_msgs/include/astra_camera_msgs/astra_camera_msgs/srv/detail/set_int32__rosidl_typesupport_introspection_c.h
[3.207s] -- Up-to-date: /home/andre/ros2_ws/install/astra_camera_msgs/include/astra_camera_msgs/astra_camera_msgs/srv/detail/get_string__type_support.c
[3.207s] -- Up-to-date: /home/andre/ros2_ws/install/astra_camera_msgs/include/astra_camera_msgs/astra_camera_msgs/srv/detail/get_device_info__rosidl_typesupport_introspection_c.h
[3.208s] -- Up-to-date: /home/andre/ros2_ws/install/astra_camera_msgs/include/astra_camera_msgs/astra_camera_msgs/srv/detail/get_camera_params__type_support.c
[3.208s] -- Up-to-date: /home/andre/ros2_ws/install/astra_camera_msgs/include/astra_camera_msgs/astra_camera_msgs/srv/detail/get_camera_params__rosidl_typesupport_introspection_c.h
[3.208s] -- Up-to-date: /home/andre/ros2_ws/install/astra_camera_msgs/include/astra_camera_msgs/astra_camera_msgs/srv/detail/get_string__rosidl_typesupport_introspection_c.h
[3.208s] -- Up-to-date: /home/andre/ros2_ws/install/astra_camera_msgs/include/astra_camera_msgs/astra_camera_msgs/srv/detail/get_camera_info__rosidl_typesupport_introspection_c.h
[3.208s] -- Up-to-date: /home/andre/ros2_ws/install/astra_camera_msgs/include/astra_camera_msgs/astra_camera_msgs/srv/detail/get_int32__type_support.c
[3.208s] -- Up-to-date: /home/andre/ros2_ws/install/astra_camera_msgs/include/astra_camera_msgs/astra_camera_msgs/msg
[3.210s] -- Up-to-date: /home/andre/ros2_ws/install/astra_camera_msgs/include/astra_camera_msgs/astra_camera_msgs/msg/detail
[3.210s] -- Up-to-date: /home/andre/ros2_ws/install/astra_camera_msgs/include/astra_camera_msgs/astra_camera_msgs/msg/detail/device_info__type_support.c
[3.210s] -- Up-to-date: /home/andre/ros2_ws/install/astra_camera_msgs/include/astra_camera_msgs/astra_camera_msgs/msg/detail/extrinsics__type_support.c
[3.210s] -- Up-to-date: /home/andre/ros2_ws/install/astra_camera_msgs/include/astra_camera_msgs/astra_camera_msgs/msg/detail/metadata__type_support.c
[3.210s] -- Up-to-date: /home/andre/ros2_ws/install/astra_camera_msgs/include/astra_camera_msgs/astra_camera_msgs/msg/detail/extrinsics__rosidl_typesupport_introspection_c.h
[3.211s] -- Up-to-date: /home/andre/ros2_ws/install/astra_camera_msgs/include/astra_camera_msgs/astra_camera_msgs/msg/detail/metadata__rosidl_typesupport_introspection_c.h
[3.211s] -- Up-to-date: /home/andre/ros2_ws/install/astra_camera_msgs/include/astra_camera_msgs/astra_camera_msgs/msg/detail/device_info__rosidl_typesupport_introspection_c.h
[3.211s] -- Up-to-date: /home/andre/ros2_ws/install/astra_camera_msgs/include/astra_camera_msgs/astra_camera_msgs/msg/rosidl_typesupport_introspection_c__visibility_control.h
[3.211s] -- Up-to-date: /home/andre/ros2_ws/install/astra_camera_msgs/lib/libastra_camera_msgs__rosidl_typesupport_introspection_c.so
[3.212s] -- Up-to-date: /home/andre/ros2_ws/install/astra_camera_msgs/lib/libastra_camera_msgs__rosidl_typesupport_c.so
[3.214s] -- Up-to-date: /home/andre/ros2_ws/install/astra_camera_msgs/include/astra_camera_msgs/astra_camera_msgs
[3.214s] -- Up-to-date: /home/andre/ros2_ws/install/astra_camera_msgs/include/astra_camera_msgs/astra_camera_msgs/srv
[3.214s] -- Up-to-date: /home/andre/ros2_ws/install/astra_camera_msgs/include/astra_camera_msgs/astra_camera_msgs/srv/set_int32.hpp
[3.217s] -- Up-to-date: /home/andre/ros2_ws/install/astra_camera_msgs/include/astra_camera_msgs/astra_camera_msgs/srv/get_camera_info.hpp
[3.231s] -- Up-to-date: /home/andre/ros2_ws/install/astra_camera_msgs/include/astra_camera_msgs/astra_camera_msgs/srv/detail
[3.231s] -- Up-to-date: /home/andre/ros2_ws/install/astra_camera_msgs/include/astra_camera_msgs/astra_camera_msgs/srv/detail/set_int32__builder.hpp
[3.231s] -- Up-to-date: /home/andre/ros2_ws/install/astra_camera_msgs/include/astra_camera_msgs/astra_camera_msgs/srv/detail/get_int32__struct.hpp
[3.232s] -- Up-to-date: /home/andre/ros2_ws/install/astra_camera_msgs/include/astra_camera_msgs/astra_camera_msgs/srv/detail/get_string__builder.hpp
[3.232s] -- Up-to-date: /home/andre/ros2_ws/install/astra_camera_msgs/include/astra_camera_msgs/astra_camera_msgs/srv/detail/get_int32__builder.hpp
[3.232s] -- Up-to-date: /home/andre/ros2_ws/install/astra_camera_msgs/include/astra_camera_msgs/astra_camera_msgs/srv/detail/get_camera_info__builder.hpp
[3.233s] -- Up-to-date: /home/andre/ros2_ws/install/astra_camera_msgs/include/astra_camera_msgs/astra_camera_msgs/srv/detail/get_camera_info__traits.hpp
[3.233s] -- Up-to-date: /home/andre/ros2_ws/install/astra_camera_msgs/include/astra_camera_msgs/astra_camera_msgs/srv/detail/get_camera_params__traits.hpp
[3.233s] -- Up-to-date: /home/andre/ros2_ws/install/astra_camera_msgs/include/astra_camera_msgs/astra_camera_msgs/srv/detail/get_int32__traits.hpp
[3.233s] -- Up-to-date: /home/andre/ros2_ws/install/astra_camera_msgs/include/astra_camera_msgs/astra_camera_msgs/srv/detail/get_camera_params__struct.hpp
[3.233s] -- Up-to-date: /home/andre/ros2_ws/install/astra_camera_msgs/include/astra_camera_msgs/astra_camera_msgs/srv/detail/set_int32__traits.hpp
[3.233s] -- Up-to-date: /home/andre/ros2_ws/install/astra_camera_msgs/include/astra_camera_msgs/astra_camera_msgs/srv/detail/get_string__struct.hpp
[3.234s] -- Up-to-date: /home/andre/ros2_ws/install/astra_camera_msgs/include/astra_camera_msgs/astra_camera_msgs/srv/detail/get_camera_params__builder.hpp
[3.234s] -- Up-to-date: /home/andre/ros2_ws/install/astra_camera_msgs/include/astra_camera_msgs/astra_camera_msgs/srv/detail/get_device_info__traits.hpp
[3.234s] -- Up-to-date: /home/andre/ros2_ws/install/astra_camera_msgs/include/astra_camera_msgs/astra_camera_msgs/srv/detail/get_device_info__builder.hpp
[3.234s] -- Up-to-date: /home/andre/ros2_ws/install/astra_camera_msgs/include/astra_camera_msgs/astra_camera_msgs/srv/detail/get_string__traits.hpp
[3.234s] -- Up-to-date: /home/andre/ros2_ws/install/astra_camera_msgs/include/astra_camera_msgs/astra_camera_msgs/srv/detail/get_device_info__struct.hpp
[3.234s] -- Up-to-date: /home/andre/ros2_ws/install/astra_camera_msgs/include/astra_camera_msgs/astra_camera_msgs/srv/detail/set_int32__struct.hpp
[3.234s] -- Up-to-date: /home/andre/ros2_ws/install/astra_camera_msgs/include/astra_camera_msgs/astra_camera_msgs/srv/detail/get_camera_info__struct.hpp
[3.234s] -- Up-to-date: /home/andre/ros2_ws/install/astra_camera_msgs/include/astra_camera_msgs/astra_camera_msgs/srv/get_int32.hpp
[3.234s] -- Up-to-date: /home/andre/ros2_ws/install/astra_camera_msgs/include/astra_camera_msgs/astra_camera_msgs/srv/get_device_info.hpp
[3.235s] -- Up-to-date: /home/andre/ros2_ws/install/astra_camera_msgs/include/astra_camera_msgs/astra_camera_msgs/srv/get_camera_params.hpp
[3.235s] -- Up-to-date: /home/andre/ros2_ws/install/astra_camera_msgs/include/astra_camera_msgs/astra_camera_msgs/srv/get_string.hpp
[3.235s] -- Up-to-date: /home/andre/ros2_ws/install/astra_camera_msgs/include/astra_camera_msgs/astra_camera_msgs/msg
[3.235s] -- Up-to-date: /home/andre/ros2_ws/install/astra_camera_msgs/include/astra_camera_msgs/astra_camera_msgs/msg/detail
[3.235s] -- Up-to-date: /home/andre/ros2_ws/install/astra_camera_msgs/include/astra_camera_msgs/astra_camera_msgs/msg/detail/extrinsics__builder.hpp
[3.235s] -- Up-to-date: /home/andre/ros2_ws/install/astra_camera_msgs/include/astra_camera_msgs/astra_camera_msgs/msg/detail/device_info__struct.hpp
[3.235s] -- Up-to-date: /home/andre/ros2_ws/install/astra_camera_msgs/include/astra_camera_msgs/astra_camera_msgs/msg/detail/device_info__builder.hpp
[3.235s] -- Up-to-date: /home/andre/ros2_ws/install/astra_camera_msgs/include/astra_camera_msgs/astra_camera_msgs/msg/detail/metadata__struct.hpp
[3.236s] -- Up-to-date: /home/andre/ros2_ws/install/astra_camera_msgs/include/astra_camera_msgs/astra_camera_msgs/msg/detail/extrinsics__struct.hpp
[3.236s] -- Up-to-date: /home/andre/ros2_ws/install/astra_camera_msgs/include/astra_camera_msgs/astra_camera_msgs/msg/detail/device_info__traits.hpp
[3.236s] -- Up-to-date: /home/andre/ros2_ws/install/astra_camera_msgs/include/astra_camera_msgs/astra_camera_msgs/msg/detail/extrinsics__traits.hpp
[3.236s] -- Up-to-date: /home/andre/ros2_ws/install/astra_camera_msgs/include/astra_camera_msgs/astra_camera_msgs/msg/detail/metadata__builder.hpp
[3.236s] -- Up-to-date: /home/andre/ros2_ws/install/astra_camera_msgs/include/astra_camera_msgs/astra_camera_msgs/msg/detail/metadata__traits.hpp
[3.236s] -- Up-to-date: /home/andre/ros2_ws/install/astra_camera_msgs/include/astra_camera_msgs/astra_camera_msgs/msg/metadata.hpp
[3.236s] -- Up-to-date: /home/andre/ros2_ws/install/astra_camera_msgs/include/astra_camera_msgs/astra_camera_msgs/msg/extrinsics.hpp
[3.236s] -- Up-to-date: /home/andre/ros2_ws/install/astra_camera_msgs/include/astra_camera_msgs/astra_camera_msgs/msg/device_info.hpp
[3.237s] -- Up-to-date: /home/andre/ros2_ws/install/astra_camera_msgs/include/astra_camera_msgs/astra_camera_msgs
[3.237s] -- Up-to-date: /home/andre/ros2_ws/install/astra_camera_msgs/include/astra_camera_msgs/astra_camera_msgs/srv
[3.237s] -- Up-to-date: /home/andre/ros2_ws/install/astra_camera_msgs/include/astra_camera_msgs/astra_camera_msgs/srv/detail
[3.237s] -- Up-to-date: /home/andre/ros2_ws/install/astra_camera_msgs/include/astra_camera_msgs/astra_camera_msgs/srv/detail/get_camera_info__rosidl_typesupport_fastrtps_cpp.hpp
[3.237s] -- Up-to-date: /home/andre/ros2_ws/install/astra_camera_msgs/include/astra_camera_msgs/astra_camera_msgs/srv/detail/dds_fastrtps
[3.238s] -- Up-to-date: /home/andre/ros2_ws/install/astra_camera_msgs/include/astra_camera_msgs/astra_camera_msgs/srv/detail/get_camera_params__rosidl_typesupport_fastrtps_cpp.hpp
[3.238s] -- Up-to-date: /home/andre/ros2_ws/install/astra_camera_msgs/include/astra_camera_msgs/astra_camera_msgs/srv/detail/set_int32__rosidl_typesupport_fastrtps_cpp.hpp
[3.238s] -- Up-to-date: /home/andre/ros2_ws/install/astra_camera_msgs/include/astra_camera_msgs/astra_camera_msgs/srv/detail/get_string__rosidl_typesupport_fastrtps_cpp.hpp
[3.238s] -- Up-to-date: /home/andre/ros2_ws/install/astra_camera_msgs/include/astra_camera_msgs/astra_camera_msgs/srv/detail/get_device_info__rosidl_typesupport_fastrtps_cpp.hpp
[3.238s] -- Up-to-date: /home/andre/ros2_ws/install/astra_camera_msgs/include/astra_camera_msgs/astra_camera_msgs/srv/detail/get_int32__rosidl_typesupport_fastrtps_cpp.hpp
[3.238s] -- Up-to-date: /home/andre/ros2_ws/install/astra_camera_msgs/include/astra_camera_msgs/astra_camera_msgs/msg
[3.238s] -- Up-to-date: /home/andre/ros2_ws/install/astra_camera_msgs/include/astra_camera_msgs/astra_camera_msgs/msg/detail
[3.238s] -- Up-to-date: /home/andre/ros2_ws/install/astra_camera_msgs/include/astra_camera_msgs/astra_camera_msgs/msg/detail/extrinsics__rosidl_typesupport_fastrtps_cpp.hpp
[3.239s] -- Up-to-date: /home/andre/ros2_ws/install/astra_camera_msgs/include/astra_camera_msgs/astra_camera_msgs/msg/detail/device_info__rosidl_typesupport_fastrtps_cpp.hpp
[3.239s] -- Up-to-date: /home/andre/ros2_ws/install/astra_camera_msgs/include/astra_camera_msgs/astra_camera_msgs/msg/detail/dds_fastrtps
[3.239s] -- Up-to-date: /home/andre/ros2_ws/install/astra_camera_msgs/include/astra_camera_msgs/astra_camera_msgs/msg/detail/metadata__rosidl_typesupport_fastrtps_cpp.hpp
[3.239s] -- Up-to-date: /home/andre/ros2_ws/install/astra_camera_msgs/include/astra_camera_msgs/astra_camera_msgs/msg/rosidl_typesupport_fastrtps_cpp__visibility_control.h
[3.239s] -- Up-to-date: /home/andre/ros2_ws/install/astra_camera_msgs/lib/libastra_camera_msgs__rosidl_typesupport_fastrtps_cpp.so
[3.239s] -- Up-to-date: /home/andre/ros2_ws/install/astra_camera_msgs/include/astra_camera_msgs/astra_camera_msgs
[3.239s] -- Up-to-date: /home/andre/ros2_ws/install/astra_camera_msgs/include/astra_camera_msgs/astra_camera_msgs/srv
[3.239s] -- Up-to-date: /home/andre/ros2_ws/install/astra_camera_msgs/include/astra_camera_msgs/astra_camera_msgs/srv/detail
[3.239s] -- Up-to-date: /home/andre/ros2_ws/install/astra_camera_msgs/include/astra_camera_msgs/astra_camera_msgs/srv/detail/get_int32__type_support.cpp
[3.240s] -- Up-to-date: /home/andre/ros2_ws/install/astra_camera_msgs/include/astra_camera_msgs/astra_camera_msgs/srv/detail/get_device_info__type_support.cpp
[3.240s] -- Up-to-date: /home/andre/ros2_ws/install/astra_camera_msgs/include/astra_camera_msgs/astra_camera_msgs/srv/detail/get_camera_info__rosidl_typesupport_introspection_cpp.hpp
[3.240s] -- Up-to-date: /home/andre/ros2_ws/install/astra_camera_msgs/include/astra_camera_msgs/astra_camera_msgs/srv/detail/get_string__rosidl_typesupport_introspection_cpp.hpp
[3.240s] -- Up-to-date: /home/andre/ros2_ws/install/astra_camera_msgs/include/astra_camera_msgs/astra_camera_msgs/srv/detail/get_string__type_support.cpp
[3.240s] -- Up-to-date: /home/andre/ros2_ws/install/astra_camera_msgs/include/astra_camera_msgs/astra_camera_msgs/srv/detail/set_int32__rosidl_typesupport_introspection_cpp.hpp
[3.240s] -- Up-to-date: /home/andre/ros2_ws/install/astra_camera_msgs/include/astra_camera_msgs/astra_camera_msgs/srv/detail/get_device_info__rosidl_typesupport_introspection_cpp.hpp
[3.240s] -- Up-to-date: /home/andre/ros2_ws/install/astra_camera_msgs/include/astra_camera_msgs/astra_camera_msgs/srv/detail/get_camera_params__rosidl_typesupport_introspection_cpp.hpp
[3.240s] -- Up-to-date: /home/andre/ros2_ws/install/astra_camera_msgs/include/astra_camera_msgs/astra_camera_msgs/srv/detail/get_int32__rosidl_typesupport_introspection_cpp.hpp
[3.241s] -- Up-to-date: /home/andre/ros2_ws/install/astra_camera_msgs/include/astra_camera_msgs/astra_camera_msgs/srv/detail/get_camera_params__type_support.cpp
[3.241s] -- Up-to-date: /home/andre/ros2_ws/install/astra_camera_msgs/include/astra_camera_msgs/astra_camera_msgs/srv/detail/get_camera_info__type_support.cpp
[3.256s] -- Up-to-date: /home/andre/ros2_ws/install/astra_camera_msgs/include/astra_camera_msgs/astra_camera_msgs/srv/detail/set_int32__type_support.cpp
[3.256s] -- Up-to-date: /home/andre/ros2_ws/install/astra_camera_msgs/include/astra_camera_msgs/astra_camera_msgs/msg
[3.256s] -- Up-to-date: /home/andre/ros2_ws/install/astra_camera_msgs/include/astra_camera_msgs/astra_camera_msgs/msg/detail
[3.256s] -- Up-to-date: /home/andre/ros2_ws/install/astra_camera_msgs/include/astra_camera_msgs/astra_camera_msgs/msg/detail/extrinsics__type_support.cpp
[3.257s] -- Up-to-date: /home/andre/ros2_ws/install/astra_camera_msgs/include/astra_camera_msgs/astra_camera_msgs/msg/detail/extrinsics__rosidl_typesupport_introspection_cpp.hpp
[3.257s] -- Up-to-date: /home/andre/ros2_ws/install/astra_camera_msgs/include/astra_camera_msgs/astra_camera_msgs/msg/detail/metadata__rosidl_typesupport_introspection_cpp.hpp
[3.257s] -- Up-to-date: /home/andre/ros2_ws/install/astra_camera_msgs/include/astra_camera_msgs/astra_camera_msgs/msg/detail/device_info__type_support.cpp
[3.257s] -- Up-to-date: /home/andre/ros2_ws/install/astra_camera_msgs/include/astra_camera_msgs/astra_camera_msgs/msg/detail/metadata__type_support.cpp
[3.257s] -- Up-to-date: /home/andre/ros2_ws/install/astra_camera_msgs/include/astra_camera_msgs/astra_camera_msgs/msg/detail/device_info__rosidl_typesupport_introspection_cpp.hpp
[3.257s] -- Up-to-date: /home/andre/ros2_ws/install/astra_camera_msgs/lib/libastra_camera_msgs__rosidl_typesupport_introspection_cpp.so
[3.262s] -- Up-to-date: /home/andre/ros2_ws/install/astra_camera_msgs/lib/libastra_camera_msgs__rosidl_typesupport_cpp.so
[3.263s] -- Up-to-date: /home/andre/ros2_ws/install/astra_camera_msgs/share/astra_camera_msgs/environment/pythonpath.sh
[3.263s] -- Up-to-date: /home/andre/ros2_ws/install/astra_camera_msgs/share/astra_camera_msgs/environment/pythonpath.dsv
[3.263s] -- Up-to-date: /home/andre/ros2_ws/install/astra_camera_msgs/local/lib/python3.10/dist-packages/astra_camera_msgs-1.0.1-py3.10.egg-info
[3.263s] -- Installing: /home/andre/ros2_ws/install/astra_camera_msgs/local/lib/python3.10/dist-packages/astra_camera_msgs-1.0.1-py3.10.egg-info/PKG-INFO
[3.263s] -- Installing: /home/andre/ros2_ws/install/astra_camera_msgs/local/lib/python3.10/dist-packages/astra_camera_msgs-1.0.1-py3.10.egg-info/dependency_links.txt
[3.264s] -- Installing: /home/andre/ros2_ws/install/astra_camera_msgs/local/lib/python3.10/dist-packages/astra_camera_msgs-1.0.1-py3.10.egg-info/SOURCES.txt
[3.264s] -- Installing: /home/andre/ros2_ws/install/astra_camera_msgs/local/lib/python3.10/dist-packages/astra_camera_msgs-1.0.1-py3.10.egg-info/top_level.txt
[3.264s] -- Up-to-date: /home/andre/ros2_ws/install/astra_camera_msgs/local/lib/python3.10/dist-packages/astra_camera_msgs
[3.264s] -- Up-to-date: /home/andre/ros2_ws/install/astra_camera_msgs/local/lib/python3.10/dist-packages/astra_camera_msgs/srv
[3.264s] -- Up-to-date: /home/andre/ros2_ws/install/astra_camera_msgs/local/lib/python3.10/dist-packages/astra_camera_msgs/srv/_set_int32_s.c
[3.264s] -- Up-to-date: /home/andre/ros2_ws/install/astra_camera_msgs/local/lib/python3.10/dist-packages/astra_camera_msgs/srv/_get_camera_info_s.c
[3.264s] -- Up-to-date: /home/andre/ros2_ws/install/astra_camera_msgs/local/lib/python3.10/dist-packages/astra_camera_msgs/srv/_get_string_s.c
[3.264s] -- Up-to-date: /home/andre/ros2_ws/install/astra_camera_msgs/local/lib/python3.10/dist-packages/astra_camera_msgs/srv/_get_string.py
[3.265s] -- Up-to-date: /home/andre/ros2_ws/install/astra_camera_msgs/local/lib/python3.10/dist-packages/astra_camera_msgs/srv/_get_camera_params.py
[3.265s] -- Up-to-date: /home/andre/ros2_ws/install/astra_camera_msgs/local/lib/python3.10/dist-packages/astra_camera_msgs/srv/_set_int32.py
[3.265s] -- Up-to-date: /home/andre/ros2_ws/install/astra_camera_msgs/local/lib/python3.10/dist-packages/astra_camera_msgs/srv/_get_int32_s.c
[3.265s] -- Up-to-date: /home/andre/ros2_ws/install/astra_camera_msgs/local/lib/python3.10/dist-packages/astra_camera_msgs/srv/_get_int32.py
[3.265s] -- Up-to-date: /home/andre/ros2_ws/install/astra_camera_msgs/local/lib/python3.10/dist-packages/astra_camera_msgs/srv/__init__.py
[3.265s] -- Up-to-date: /home/andre/ros2_ws/install/astra_camera_msgs/local/lib/python3.10/dist-packages/astra_camera_msgs/srv/_get_camera_info.py
[3.265s] -- Up-to-date: /home/andre/ros2_ws/install/astra_camera_msgs/local/lib/python3.10/dist-packages/astra_camera_msgs/srv/_get_device_info_s.c
[3.266s] -- Up-to-date: /home/andre/ros2_ws/install/astra_camera_msgs/local/lib/python3.10/dist-packages/astra_camera_msgs/srv/_get_camera_params_s.c
[3.266s] -- Up-to-date: /home/andre/ros2_ws/install/astra_camera_msgs/local/lib/python3.10/dist-packages/astra_camera_msgs/srv/_get_device_info.py
[3.266s] -- Up-to-date: /home/andre/ros2_ws/install/astra_camera_msgs/local/lib/python3.10/dist-packages/astra_camera_msgs/_astra_camera_msgs_s.ep.rosidl_typesupport_introspection_c.c
[3.266s] -- Up-to-date: /home/andre/ros2_ws/install/astra_camera_msgs/local/lib/python3.10/dist-packages/astra_camera_msgs/_astra_camera_msgs_s.ep.rosidl_typesupport_c.c
[3.266s] -- Up-to-date: /home/andre/ros2_ws/install/astra_camera_msgs/local/lib/python3.10/dist-packages/astra_camera_msgs/astra_camera_msgs_s__rosidl_typesupport_c.cpython-310-x86_64-linux-gnu.so
[3.266s] -- Up-to-date: /home/andre/ros2_ws/install/astra_camera_msgs/local/lib/python3.10/dist-packages/astra_camera_msgs/_astra_camera_msgs_s.ep.rosidl_typesupport_fastrtps_c.c
[3.266s] -- Up-to-date: /home/andre/ros2_ws/install/astra_camera_msgs/local/lib/python3.10/dist-packages/astra_camera_msgs/astra_camera_msgs_s__rosidl_typesupport_introspection_c.cpython-310-x86_64-linux-gnu.so
[3.266s] -- Up-to-date: /home/andre/ros2_ws/install/astra_camera_msgs/local/lib/python3.10/dist-packages/astra_camera_msgs/__init__.py
[3.267s] -- Up-to-date: /home/andre/ros2_ws/install/astra_camera_msgs/local/lib/python3.10/dist-packages/astra_camera_msgs/libastra_camera_msgs__rosidl_generator_py.so
[3.267s] -- Up-to-date: /home/andre/ros2_ws/install/astra_camera_msgs/local/lib/python3.10/dist-packages/astra_camera_msgs/astra_camera_msgs_s__rosidl_typesupport_fastrtps_c.cpython-310-x86_64-linux-gnu.so
[3.267s] -- Up-to-date: /home/andre/ros2_ws/install/astra_camera_msgs/local/lib/python3.10/dist-packages/astra_camera_msgs/msg
[3.267s] -- Up-to-date: /home/andre/ros2_ws/install/astra_camera_msgs/local/lib/python3.10/dist-packages/astra_camera_msgs/msg/_metadata.py
[3.267s] -- Up-to-date: /home/andre/ros2_ws/install/astra_camera_msgs/local/lib/python3.10/dist-packages/astra_camera_msgs/msg/_metadata_s.c
[3.267s] -- Up-to-date: /home/andre/ros2_ws/install/astra_camera_msgs/local/lib/python3.10/dist-packages/astra_camera_msgs/msg/__init__.py
[3.267s] -- Up-to-date: /home/andre/ros2_ws/install/astra_camera_msgs/local/lib/python3.10/dist-packages/astra_camera_msgs/msg/_extrinsics.py
[3.268s] -- Up-to-date: /home/andre/ros2_ws/install/astra_camera_msgs/local/lib/python3.10/dist-packages/astra_camera_msgs/msg/_device_info.py
[3.268s] -- Up-to-date: /home/andre/ros2_ws/install/astra_camera_msgs/local/lib/python3.10/dist-packages/astra_camera_msgs/msg/_device_info_s.c
[3.268s] -- Up-to-date: /home/andre/ros2_ws/install/astra_camera_msgs/local/lib/python3.10/dist-packages/astra_camera_msgs/msg/_extrinsics_s.c
[3.303s] Listing '/home/andre/ros2_ws/install/astra_camera_msgs/local/lib/python3.10/dist-packages/astra_camera_msgs'...
[3.303s] Listing '/home/andre/ros2_ws/install/astra_camera_msgs/local/lib/python3.10/dist-packages/astra_camera_msgs/msg'...
[3.303s] Listing '/home/andre/ros2_ws/install/astra_camera_msgs/local/lib/python3.10/dist-packages/astra_camera_msgs/srv'...
[3.316s] -- Up-to-date: /home/andre/ros2_ws/install/astra_camera_msgs/local/lib/python3.10/dist-packages/astra_camera_msgs/astra_camera_msgs_s__rosidl_typesupport_fastrtps_c.cpython-310-x86_64-linux-gnu.so
[3.317s] -- Up-to-date: /home/andre/ros2_ws/install/astra_camera_msgs/local/lib/python3.10/dist-packages/astra_camera_msgs/astra_camera_msgs_s__rosidl_typesupport_introspection_c.cpython-310-x86_64-linux-gnu.so
[3.318s] -- Up-to-date: /home/andre/ros2_ws/install/astra_camera_msgs/local/lib/python3.10/dist-packages/astra_camera_msgs/astra_camera_msgs_s__rosidl_typesupport_c.cpython-310-x86_64-linux-gnu.so
[3.318s] -- Up-to-date: /home/andre/ros2_ws/install/astra_camera_msgs/lib/libastra_camera_msgs__rosidl_generator_py.so
[3.319s] -- Up-to-date: /home/andre/ros2_ws/install/astra_camera_msgs/share/astra_camera_msgs/msg/DeviceInfo.idl
[3.319s] -- Up-to-date: /home/andre/ros2_ws/install/astra_camera_msgs/share/astra_camera_msgs/msg/Extrinsics.idl
[3.319s] -- Up-to-date: /home/andre/ros2_ws/install/astra_camera_msgs/share/astra_camera_msgs/msg/Metadata.idl
[3.319s] -- Up-to-date: /home/andre/ros2_ws/install/astra_camera_msgs/share/astra_camera_msgs/srv/GetDeviceInfo.idl
[3.319s] -- Up-to-date: /home/andre/ros2_ws/install/astra_camera_msgs/share/astra_camera_msgs/srv/GetCameraInfo.idl
[3.320s] -- Up-to-date: /home/andre/ros2_ws/install/astra_camera_msgs/share/astra_camera_msgs/srv/GetCameraParams.idl
[3.320s] -- Up-to-date: /home/andre/ros2_ws/install/astra_camera_msgs/share/astra_camera_msgs/srv/GetInt32.idl
[3.320s] -- Up-to-date: /home/andre/ros2_ws/install/astra_camera_msgs/share/astra_camera_msgs/srv/GetString.idl
[3.320s] -- Up-to-date: /home/andre/ros2_ws/install/astra_camera_msgs/share/astra_camera_msgs/srv/SetInt32.idl
[3.320s] -- Up-to-date: /home/andre/ros2_ws/install/astra_camera_msgs/share/astra_camera_msgs/msg/DeviceInfo.msg
[3.320s] -- Up-to-date: /home/andre/ros2_ws/install/astra_camera_msgs/share/astra_camera_msgs/msg/Extrinsics.msg
[3.321s] -- Up-to-date: /home/andre/ros2_ws/install/astra_camera_msgs/share/astra_camera_msgs/msg/Metadata.msg
[3.321s] -- Up-to-date: /home/andre/ros2_ws/install/astra_camera_msgs/share/astra_camera_msgs/srv/GetDeviceInfo.srv
[3.321s] -- Up-to-date: /home/andre/ros2_ws/install/astra_camera_msgs/share/astra_camera_msgs/srv/GetDeviceInfo_Request.msg
[3.322s] -- Up-to-date: /home/andre/ros2_ws/install/astra_camera_msgs/share/astra_camera_msgs/srv/GetDeviceInfo_Response.msg
[3.322s] -- Up-to-date: /home/andre/ros2_ws/install/astra_camera_msgs/share/astra_camera_msgs/srv/GetCameraInfo.srv
[3.322s] -- Up-to-date: /home/andre/ros2_ws/install/astra_camera_msgs/share/astra_camera_msgs/srv/GetCameraInfo_Request.msg
[3.322s] -- Up-to-date: /home/andre/ros2_ws/install/astra_camera_msgs/share/astra_camera_msgs/srv/GetCameraInfo_Response.msg
[3.322s] -- Up-to-date: /home/andre/ros2_ws/install/astra_camera_msgs/share/astra_camera_msgs/srv/GetCameraParams.srv
[3.322s] -- Up-to-date: /home/andre/ros2_ws/install/astra_camera_msgs/share/astra_camera_msgs/srv/GetCameraParams_Request.msg
[3.322s] -- Up-to-date: /home/andre/ros2_ws/install/astra_camera_msgs/share/astra_camera_msgs/srv/GetCameraParams_Response.msg
[3.322s] -- Up-to-date: /home/andre/ros2_ws/install/astra_camera_msgs/share/astra_camera_msgs/srv/GetInt32.srv
[3.323s] -- Up-to-date: /home/andre/ros2_ws/install/astra_camera_msgs/share/astra_camera_msgs/srv/GetInt32_Request.msg
[3.323s] -- Up-to-date: /home/andre/ros2_ws/install/astra_camera_msgs/share/astra_camera_msgs/srv/GetInt32_Response.msg
[3.323s] -- Up-to-date: /home/andre/ros2_ws/install/astra_camera_msgs/share/astra_camera_msgs/srv/GetString.srv
[3.323s] -- Up-to-date: /home/andre/ros2_ws/install/astra_camera_msgs/share/astra_camera_msgs/srv/GetString_Request.msg
[3.323s] -- Up-to-date: /home/andre/ros2_ws/install/astra_camera_msgs/share/astra_camera_msgs/srv/GetString_Response.msg
[3.324s] -- Up-to-date: /home/andre/ros2_ws/install/astra_camera_msgs/share/astra_camera_msgs/srv/SetInt32.srv
[3.324s] -- Up-to-date: /home/andre/ros2_ws/install/astra_camera_msgs/share/astra_camera_msgs/srv/SetInt32_Request.msg
[3.324s] -- Up-to-date: /home/andre/ros2_ws/install/astra_camera_msgs/share/astra_camera_msgs/srv/SetInt32_Response.msg
[3.324s] -- Up-to-date: /home/andre/ros2_ws/install/astra_camera_msgs/share/ament_index/resource_index/package_run_dependencies/astra_camera_msgs
[3.324s] -- Up-to-date: /home/andre/ros2_ws/install/astra_camera_msgs/share/ament_index/resource_index/parent_prefix_path/astra_camera_msgs
[3.324s] -- Up-to-date: /home/andre/ros2_ws/install/astra_camera_msgs/share/astra_camera_msgs/environment/ament_prefix_path.sh
[3.325s] -- Up-to-date: /home/andre/ros2_ws/install/astra_camera_msgs/share/astra_camera_msgs/environment/ament_prefix_path.dsv
[3.325s] -- Up-to-date: /home/andre/ros2_ws/install/astra_camera_msgs/share/astra_camera_msgs/environment/path.sh
[3.325s] -- Up-to-date: /home/andre/ros2_ws/install/astra_camera_msgs/share/astra_camera_msgs/environment/path.dsv
[3.325s] -- Up-to-date: /home/andre/ros2_ws/install/astra_camera_msgs/share/astra_camera_msgs/local_setup.bash
[3.325s] -- Up-to-date: /home/andre/ros2_ws/install/astra_camera_msgs/share/astra_camera_msgs/local_setup.sh
[3.325s] -- Up-to-date: /home/andre/ros2_ws/install/astra_camera_msgs/share/astra_camera_msgs/local_setup.zsh
[3.325s] -- Up-to-date: /home/andre/ros2_ws/install/astra_camera_msgs/share/astra_camera_msgs/local_setup.dsv
[3.326s] -- Installing: /home/andre/ros2_ws/install/astra_camera_msgs/share/astra_camera_msgs/package.dsv
[3.326s] -- Up-to-date: /home/andre/ros2_ws/install/astra_camera_msgs/share/ament_index/resource_index/packages/astra_camera_msgs
[3.326s] -- Up-to-date: /home/andre/ros2_ws/install/astra_camera_msgs/share/astra_camera_msgs/cmake/export_astra_camera_msgs__rosidl_generator_cExport.cmake
[3.331s] -- Up-to-date: /home/andre/ros2_ws/install/astra_camera_msgs/share/astra_camera_msgs/cmake/export_astra_camera_msgs__rosidl_generator_cExport-noconfig.cmake
[3.331s] -- Up-to-date: /home/andre/ros2_ws/install/astra_camera_msgs/share/astra_camera_msgs/cmake/export_astra_camera_msgs__rosidl_typesupport_fastrtps_cExport.cmake
[3.331s] -- Up-to-date: /home/andre/ros2_ws/install/astra_camera_msgs/share/astra_camera_msgs/cmake/export_astra_camera_msgs__rosidl_typesupport_fastrtps_cExport-noconfig.cmake
[3.331s] -- Up-to-date: /home/andre/ros2_ws/install/astra_camera_msgs/share/astra_camera_msgs/cmake/astra_camera_msgs__rosidl_typesupport_introspection_cExport.cmake
[3.331s] -- Up-to-date: /home/andre/ros2_ws/install/astra_camera_msgs/share/astra_camera_msgs/cmake/astra_camera_msgs__rosidl_typesupport_introspection_cExport-noconfig.cmake
[3.332s] -- Up-to-date: /home/andre/ros2_ws/install/astra_camera_msgs/share/astra_camera_msgs/cmake/astra_camera_msgs__rosidl_typesupport_cExport.cmake
[3.332s] -- Up-to-date: /home/andre/ros2_ws/install/astra_camera_msgs/share/astra_camera_msgs/cmake/astra_camera_msgs__rosidl_typesupport_cExport-noconfig.cmake
[3.332s] -- Up-to-date: /home/andre/ros2_ws/install/astra_camera_msgs/share/astra_camera_msgs/cmake/export_astra_camera_msgs__rosidl_generator_cppExport.cmake
[3.332s] -- Up-to-date: /home/andre/ros2_ws/install/astra_camera_msgs/share/astra_camera_msgs/cmake/export_astra_camera_msgs__rosidl_typesupport_fastrtps_cppExport.cmake
[3.332s] -- Up-to-date: /home/andre/ros2_ws/install/astra_camera_msgs/share/astra_camera_msgs/cmake/export_astra_camera_msgs__rosidl_typesupport_fastrtps_cppExport-noconfig.cmake
[3.332s] -- Up-to-date: /home/andre/ros2_ws/install/astra_camera_msgs/share/astra_camera_msgs/cmake/astra_camera_msgs__rosidl_typesupport_introspection_cppExport.cmake
[3.332s] -- Up-to-date: /home/andre/ros2_ws/install/astra_camera_msgs/share/astra_camera_msgs/cmake/astra_camera_msgs__rosidl_typesupport_introspection_cppExport-noconfig.cmake
[3.332s] -- Up-to-date: /home/andre/ros2_ws/install/astra_camera_msgs/share/astra_camera_msgs/cmake/astra_camera_msgs__rosidl_typesupport_cppExport.cmake
[3.333s] -- Up-to-date: /home/andre/ros2_ws/install/astra_camera_msgs/share/astra_camera_msgs/cmake/astra_camera_msgs__rosidl_typesupport_cppExport-noconfig.cmake
[3.333s] -- Up-to-date: /home/andre/ros2_ws/install/astra_camera_msgs/share/astra_camera_msgs/cmake/export_astra_camera_msgs__rosidl_generator_pyExport.cmake
[3.333s] -- Up-to-date: /home/andre/ros2_ws/install/astra_camera_msgs/share/astra_camera_msgs/cmake/export_astra_camera_msgs__rosidl_generator_pyExport-noconfig.cmake
[3.333s] -- Up-to-date: /home/andre/ros2_ws/install/astra_camera_msgs/share/astra_camera_msgs/cmake/rosidl_cmake-extras.cmake
[3.333s] -- Up-to-date: /home/andre/ros2_ws/install/astra_camera_msgs/share/astra_camera_msgs/cmake/ament_cmake_export_dependencies-extras.cmake
[3.333s] -- Up-to-date: /home/andre/ros2_ws/install/astra_camera_msgs/share/astra_camera_msgs/cmake/ament_cmake_export_include_directories-extras.cmake
[3.333s] -- Up-to-date: /home/andre/ros2_ws/install/astra_camera_msgs/share/astra_camera_msgs/cmake/ament_cmake_export_libraries-extras.cmake
[3.333s] -- Up-to-date: /home/andre/ros2_ws/install/astra_camera_msgs/share/astra_camera_msgs/cmake/ament_cmake_export_targets-extras.cmake
[3.334s] -- Up-to-date: /home/andre/ros2_ws/install/astra_camera_msgs/share/astra_camera_msgs/cmake/rosidl_cmake_export_typesupport_targets-extras.cmake
[3.334s] -- Up-to-date: /home/andre/ros2_ws/install/astra_camera_msgs/share/astra_camera_msgs/cmake/rosidl_cmake_export_typesupport_libraries-extras.cmake
[3.334s] -- Up-to-date: /home/andre/ros2_ws/install/astra_camera_msgs/share/astra_camera_msgs/cmake/astra_camera_msgsConfig.cmake
[3.334s] -- Up-to-date: /home/andre/ros2_ws/install/astra_camera_msgs/share/astra_camera_msgs/cmake/astra_camera_msgsConfig-version.cmake
[3.334s] -- Up-to-date: /home/andre/ros2_ws/install/astra_camera_msgs/share/astra_camera_msgs/package.xml
[3.983s] Invoked command in '/home/andre/ros2_ws/build/astra_camera_msgs' returned '0': CMAKE_PREFIX_PATH=${CMAKE_PREFIX_PATH}:/home/andre/ros2_ws/install/detection_astra_camera:/home/andre/ros2_ws/install/detection_aruco:/opt/ros/humble /usr/bin/cmake --install /home/andre/ros2_ws/build/astra_camera_msgs
