[0.601s] DEBUG:colcon:Command line arguments: ['/usr/bin/colcon', 'build', '--packages-select', 'detection_person']
[0.601s] DEBUG:colcon:Parsed command line arguments: Namespace(log_base=None, log_level=None, verb_name='build', build_base='build', install_base='install', merge_install=False, symlink_install=False, test_result_base=None, continue_on_error=False, executor='parallel', parallel_workers=4, event_handlers=None, ignore_user_meta=False, metas=['./colcon.meta'], base_paths=['.'], packages_ignore=None, packages_ignore_regex=None, paths=None, packages_up_to=None, packages_up_to_regex=None, packages_above=None, packages_above_and_dependencies=None, packages_above_depth=None, packages_select_by_dep=None, packages_skip_by_dep=None, packages_skip_up_to=None, packages_select_build_failed=False, packages_skip_build_finished=False, packages_select_test_failures=False, packages_skip_test_passed=False, packages_select=['detection_person'], packages_skip=None, packages_select_regex=None, packages_skip_regex=None, packages_start=None, packages_end=None, allow_overriding=[], cmake_args=None, cmake_target=None, cmake_target_skip_unavailable=False, cmake_clean_cache=False, cmake_clean_first=False, cmake_force_configure=False, ament_cmake_args=None, catkin_cmake_args=None, catkin_skip_building_tests=False, mixin_files=None, mixin=None, verb_parser=<colcon_mixin.mixin.mixin_argument.MixinArgumentDecorator object at 0x7b1de6caab00>, verb_extension=<colcon_core.verb.build.BuildVerb object at 0x7b1de6dab850>, main=<bound method BuildVerb.main of <colcon_core.verb.build.BuildVerb object at 0x7b1de6dab850>>, mixin_verb=('build',))
[1.193s] Level 1:colcon.colcon_core.package_discovery:discover_packages(colcon_meta) check parameters
[1.193s] Level 1:colcon.colcon_core.package_discovery:discover_packages(recursive) check parameters
[1.193s] Level 1:colcon.colcon_core.package_discovery:discover_packages(ignore) check parameters
[1.193s] Level 1:colcon.colcon_core.package_discovery:discover_packages(path) check parameters
[1.193s] Level 1:colcon.colcon_core.package_discovery:discover_packages(colcon_meta) discover
[1.194s] Level 1:colcon.colcon_core.package_discovery:discover_packages(recursive) discover
[1.194s] INFO:colcon.colcon_core.package_discovery:Crawling recursively for packages in '/home/andre/ros2_ws'
[1.194s] Level 1:colcon.colcon_core.package_identification:_identify(.) by extensions ['ignore', 'ignore_ament_install']
[1.194s] Level 1:colcon.colcon_core.package_identification:_identify(.) by extension 'ignore'
[1.194s] Level 1:colcon.colcon_core.package_identification:_identify(.) by extension 'ignore_ament_install'
[1.194s] Level 1:colcon.colcon_core.package_identification:_identify(.) by extensions ['colcon_pkg']
[1.194s] Level 1:colcon.colcon_core.package_identification:_identify(.) by extension 'colcon_pkg'
[1.194s] Level 1:colcon.colcon_core.package_identification:_identify(.) by extensions ['colcon_meta']
[1.194s] Level 1:colcon.colcon_core.package_identification:_identify(.) by extension 'colcon_meta'
[1.194s] Level 1:colcon.colcon_core.package_identification:_identify(.) by extensions ['ros']
[1.194s] Level 1:colcon.colcon_core.package_identification:_identify(.) by extension 'ros'
[1.248s] Level 1:colcon.colcon_core.package_identification:_identify(.) by extensions ['cmake', 'python']
[1.248s] Level 1:colcon.colcon_core.package_identification:_identify(.) by extension 'cmake'
[1.248s] Level 1:colcon.colcon_core.package_identification:_identify(.) by extension 'python'
[1.248s] Level 1:colcon.colcon_core.package_identification:_identify(.) by extensions ['python_setup_py']
[1.248s] Level 1:colcon.colcon_core.package_identification:_identify(.) by extension 'python_setup_py'
[1.249s] Level 1:colcon.colcon_core.package_identification:_identify(build) by extensions ['ignore', 'ignore_ament_install']
[1.249s] Level 1:colcon.colcon_core.package_identification:_identify(build) by extension 'ignore'
[1.249s] Level 1:colcon.colcon_core.package_identification:_identify(build) ignored
[1.249s] Level 1:colcon.colcon_core.package_identification:_identify(install) by extensions ['ignore', 'ignore_ament_install']
[1.249s] Level 1:colcon.colcon_core.package_identification:_identify(install) by extension 'ignore'
[1.250s] Level 1:colcon.colcon_core.package_identification:_identify(install) ignored
[1.250s] Level 1:colcon.colcon_core.package_identification:_identify(log) by extensions ['ignore', 'ignore_ament_install']
[1.251s] Level 1:colcon.colcon_core.package_identification:_identify(log) by extension 'ignore'
[1.251s] Level 1:colcon.colcon_core.package_identification:_identify(log) ignored
[1.251s] Level 1:colcon.colcon_core.package_identification:_identify(src) by extensions ['ignore', 'ignore_ament_install']
[1.251s] Level 1:colcon.colcon_core.package_identification:_identify(src) by extension 'ignore'
[1.252s] Level 1:colcon.colcon_core.package_identification:_identify(src) by extension 'ignore_ament_install'
[1.252s] Level 1:colcon.colcon_core.package_identification:_identify(src) by extensions ['colcon_pkg']
[1.252s] Level 1:colcon.colcon_core.package_identification:_identify(src) by extension 'colcon_pkg'
[1.252s] Level 1:colcon.colcon_core.package_identification:_identify(src) by extensions ['colcon_meta']
[1.252s] Level 1:colcon.colcon_core.package_identification:_identify(src) by extension 'colcon_meta'
[1.252s] Level 1:colcon.colcon_core.package_identification:_identify(src) by extensions ['ros']
[1.252s] Level 1:colcon.colcon_core.package_identification:_identify(src) by extension 'ros'
[1.252s] Level 1:colcon.colcon_core.package_identification:_identify(src) by extensions ['cmake', 'python']
[1.252s] Level 1:colcon.colcon_core.package_identification:_identify(src) by extension 'cmake'
[1.252s] Level 1:colcon.colcon_core.package_identification:_identify(src) by extension 'python'
[1.252s] Level 1:colcon.colcon_core.package_identification:_identify(src) by extensions ['python_setup_py']
[1.253s] Level 1:colcon.colcon_core.package_identification:_identify(src) by extension 'python_setup_py'
[1.253s] Level 1:colcon.colcon_core.package_identification:_identify(src/astra_camera) by extensions ['ignore', 'ignore_ament_install']
[1.253s] Level 1:colcon.colcon_core.package_identification:_identify(src/astra_camera) by extension 'ignore'
[1.254s] Level 1:colcon.colcon_core.package_identification:_identify(src/astra_camera) by extension 'ignore_ament_install'
[1.254s] Level 1:colcon.colcon_core.package_identification:_identify(src/astra_camera) by extensions ['colcon_pkg']
[1.254s] Level 1:colcon.colcon_core.package_identification:_identify(src/astra_camera) by extension 'colcon_pkg'
[1.254s] Level 1:colcon.colcon_core.package_identification:_identify(src/astra_camera) by extensions ['colcon_meta']
[1.254s] Level 1:colcon.colcon_core.package_identification:_identify(src/astra_camera) by extension 'colcon_meta'
[1.255s] Level 1:colcon.colcon_core.package_identification:_identify(src/astra_camera) by extensions ['ros']
[1.255s] Level 1:colcon.colcon_core.package_identification:_identify(src/astra_camera) by extension 'ros'
[1.255s] Level 1:colcon.colcon_core.package_identification:_identify(src/astra_camera) by extensions ['cmake', 'python']
[1.255s] Level 1:colcon.colcon_core.package_identification:_identify(src/astra_camera) by extension 'cmake'
[1.255s] Level 1:colcon.colcon_core.package_identification:_identify(src/astra_camera) by extension 'python'
[1.255s] Level 1:colcon.colcon_core.package_identification:_identify(src/astra_camera) by extensions ['python_setup_py']
[1.255s] Level 1:colcon.colcon_core.package_identification:_identify(src/astra_camera) by extension 'python_setup_py'
[1.255s] Level 1:colcon.colcon_core.package_identification:_identify(src/astra_camera/astra_camera) by extensions ['ignore', 'ignore_ament_install']
[1.256s] Level 1:colcon.colcon_core.package_identification:_identify(src/astra_camera/astra_camera) by extension 'ignore'
[1.256s] Level 1:colcon.colcon_core.package_identification:_identify(src/astra_camera/astra_camera) by extension 'ignore_ament_install'
[1.256s] Level 1:colcon.colcon_core.package_identification:_identify(src/astra_camera/astra_camera) by extensions ['colcon_pkg']
[1.256s] Level 1:colcon.colcon_core.package_identification:_identify(src/astra_camera/astra_camera) by extension 'colcon_pkg'
[1.256s] Level 1:colcon.colcon_core.package_identification:_identify(src/astra_camera/astra_camera) by extensions ['colcon_meta']
[1.256s] Level 1:colcon.colcon_core.package_identification:_identify(src/astra_camera/astra_camera) by extension 'colcon_meta'
[1.256s] Level 1:colcon.colcon_core.package_identification:_identify(src/astra_camera/astra_camera) by extensions ['ros']
[1.256s] Level 1:colcon.colcon_core.package_identification:_identify(src/astra_camera/astra_camera) by extension 'ros'
[1.263s] DEBUG:colcon.colcon_core.package_identification:Package 'src/astra_camera/astra_camera' with type 'ros.ament_cmake' and name 'astra_camera'
[1.263s] Level 1:colcon.colcon_core.package_identification:_identify(src/astra_camera/astra_camera_msgs) by extensions ['ignore', 'ignore_ament_install']
[1.263s] Level 1:colcon.colcon_core.package_identification:_identify(src/astra_camera/astra_camera_msgs) by extension 'ignore'
[1.263s] Level 1:colcon.colcon_core.package_identification:_identify(src/astra_camera/astra_camera_msgs) by extension 'ignore_ament_install'
[1.263s] Level 1:colcon.colcon_core.package_identification:_identify(src/astra_camera/astra_camera_msgs) by extensions ['colcon_pkg']
[1.263s] Level 1:colcon.colcon_core.package_identification:_identify(src/astra_camera/astra_camera_msgs) by extension 'colcon_pkg'
[1.263s] Level 1:colcon.colcon_core.package_identification:_identify(src/astra_camera/astra_camera_msgs) by extensions ['colcon_meta']
[1.264s] Level 1:colcon.colcon_core.package_identification:_identify(src/astra_camera/astra_camera_msgs) by extension 'colcon_meta'
[1.264s] Level 1:colcon.colcon_core.package_identification:_identify(src/astra_camera/astra_camera_msgs) by extensions ['ros']
[1.264s] Level 1:colcon.colcon_core.package_identification:_identify(src/astra_camera/astra_camera_msgs) by extension 'ros'
[1.264s] DEBUG:colcon.colcon_core.package_identification:Package 'src/astra_camera/astra_camera_msgs' with type 'ros.ament_cmake' and name 'astra_camera_msgs'
[1.265s] Level 1:colcon.colcon_core.package_identification:_identify(src/calib_correspondences) by extensions ['ignore', 'ignore_ament_install']
[1.265s] Level 1:colcon.colcon_core.package_identification:_identify(src/calib_correspondences) by extension 'ignore'
[1.265s] Level 1:colcon.colcon_core.package_identification:_identify(src/calib_correspondences) by extension 'ignore_ament_install'
[1.265s] Level 1:colcon.colcon_core.package_identification:_identify(src/calib_correspondences) by extensions ['colcon_pkg']
[1.265s] Level 1:colcon.colcon_core.package_identification:_identify(src/calib_correspondences) by extension 'colcon_pkg'
[1.265s] Level 1:colcon.colcon_core.package_identification:_identify(src/calib_correspondences) by extensions ['colcon_meta']
[1.265s] Level 1:colcon.colcon_core.package_identification:_identify(src/calib_correspondences) by extension 'colcon_meta'
[1.265s] Level 1:colcon.colcon_core.package_identification:_identify(src/calib_correspondences) by extensions ['ros']
[1.265s] Level 1:colcon.colcon_core.package_identification:_identify(src/calib_correspondences) by extension 'ros'
[1.266s] DEBUG:colcon.colcon_core.package_identification:Package 'src/calib_correspondences' with type 'ros.ament_cmake' and name 'calib_correspondences'
[1.266s] Level 1:colcon.colcon_core.package_identification:_identify(src/custom_msgs) by extensions ['ignore', 'ignore_ament_install']
[1.266s] Level 1:colcon.colcon_core.package_identification:_identify(src/custom_msgs) by extension 'ignore'
[1.266s] Level 1:colcon.colcon_core.package_identification:_identify(src/custom_msgs) by extension 'ignore_ament_install'
[1.266s] Level 1:colcon.colcon_core.package_identification:_identify(src/custom_msgs) by extensions ['colcon_pkg']
[1.267s] Level 1:colcon.colcon_core.package_identification:_identify(src/custom_msgs) by extension 'colcon_pkg'
[1.267s] Level 1:colcon.colcon_core.package_identification:_identify(src/custom_msgs) by extensions ['colcon_meta']
[1.267s] Level 1:colcon.colcon_core.package_identification:_identify(src/custom_msgs) by extension 'colcon_meta'
[1.267s] Level 1:colcon.colcon_core.package_identification:_identify(src/custom_msgs) by extensions ['ros']
[1.267s] Level 1:colcon.colcon_core.package_identification:_identify(src/custom_msgs) by extension 'ros'
[1.268s] DEBUG:colcon.colcon_core.package_identification:Package 'src/custom_msgs' with type 'ros.ament_cmake' and name 'custom_msgs'
[1.268s] Level 1:colcon.colcon_core.package_identification:_identify(src/detection_aruco) by extensions ['ignore', 'ignore_ament_install']
[1.268s] Level 1:colcon.colcon_core.package_identification:_identify(src/detection_aruco) by extension 'ignore'
[1.268s] Level 1:colcon.colcon_core.package_identification:_identify(src/detection_aruco) by extension 'ignore_ament_install'
[1.268s] Level 1:colcon.colcon_core.package_identification:_identify(src/detection_aruco) by extensions ['colcon_pkg']
[1.269s] Level 1:colcon.colcon_core.package_identification:_identify(src/detection_aruco) by extension 'colcon_pkg'
[1.269s] Level 1:colcon.colcon_core.package_identification:_identify(src/detection_aruco) by extensions ['colcon_meta']
[1.269s] Level 1:colcon.colcon_core.package_identification:_identify(src/detection_aruco) by extension 'colcon_meta'
[1.269s] Level 1:colcon.colcon_core.package_identification:_identify(src/detection_aruco) by extensions ['ros']
[1.269s] Level 1:colcon.colcon_core.package_identification:_identify(src/detection_aruco) by extension 'ros'
[1.270s] DEBUG:colcon.colcon_core.package_identification:Package 'src/detection_aruco' with type 'ros.ament_python' and name 'detection_aruco'
[1.270s] Level 1:colcon.colcon_core.package_identification:_identify(src/detection_astra_camera) by extensions ['ignore', 'ignore_ament_install']
[1.270s] Level 1:colcon.colcon_core.package_identification:_identify(src/detection_astra_camera) by extension 'ignore'
[1.270s] Level 1:colcon.colcon_core.package_identification:_identify(src/detection_astra_camera) by extension 'ignore_ament_install'
[1.270s] Level 1:colcon.colcon_core.package_identification:_identify(src/detection_astra_camera) by extensions ['colcon_pkg']
[1.270s] Level 1:colcon.colcon_core.package_identification:_identify(src/detection_astra_camera) by extension 'colcon_pkg'
[1.270s] Level 1:colcon.colcon_core.package_identification:_identify(src/detection_astra_camera) by extensions ['colcon_meta']
[1.270s] Level 1:colcon.colcon_core.package_identification:_identify(src/detection_astra_camera) by extension 'colcon_meta'
[1.271s] Level 1:colcon.colcon_core.package_identification:_identify(src/detection_astra_camera) by extensions ['ros']
[1.271s] Level 1:colcon.colcon_core.package_identification:_identify(src/detection_astra_camera) by extension 'ros'
[1.272s] DEBUG:colcon.colcon_core.package_identification:Package 'src/detection_astra_camera' with type 'ros.ament_python' and name 'detection_astra_camera'
[1.272s] Level 1:colcon.colcon_core.package_identification:_identify(src/detection_human_ros) by extensions ['ignore', 'ignore_ament_install']
[1.272s] Level 1:colcon.colcon_core.package_identification:_identify(src/detection_human_ros) by extension 'ignore'
[1.272s] Level 1:colcon.colcon_core.package_identification:_identify(src/detection_human_ros) by extension 'ignore_ament_install'
[1.272s] Level 1:colcon.colcon_core.package_identification:_identify(src/detection_human_ros) by extensions ['colcon_pkg']
[1.272s] Level 1:colcon.colcon_core.package_identification:_identify(src/detection_human_ros) by extension 'colcon_pkg'
[1.272s] Level 1:colcon.colcon_core.package_identification:_identify(src/detection_human_ros) by extensions ['colcon_meta']
[1.272s] Level 1:colcon.colcon_core.package_identification:_identify(src/detection_human_ros) by extension 'colcon_meta'
[1.273s] Level 1:colcon.colcon_core.package_identification:_identify(src/detection_human_ros) by extensions ['ros']
[1.273s] Level 1:colcon.colcon_core.package_identification:_identify(src/detection_human_ros) by extension 'ros'
[1.273s] DEBUG:colcon.colcon_core.package_identification:Package 'src/detection_human_ros' with type 'ros.ament_python' and name 'detection_human_ros'
[1.274s] Level 1:colcon.colcon_core.package_identification:_identify(src/detection_person) by extensions ['ignore', 'ignore_ament_install']
[1.274s] Level 1:colcon.colcon_core.package_identification:_identify(src/detection_person) by extension 'ignore'
[1.274s] Level 1:colcon.colcon_core.package_identification:_identify(src/detection_person) by extension 'ignore_ament_install'
[1.274s] Level 1:colcon.colcon_core.package_identification:_identify(src/detection_person) by extensions ['colcon_pkg']
[1.274s] Level 1:colcon.colcon_core.package_identification:_identify(src/detection_person) by extension 'colcon_pkg'
[1.274s] Level 1:colcon.colcon_core.package_identification:_identify(src/detection_person) by extensions ['colcon_meta']
[1.274s] Level 1:colcon.colcon_core.package_identification:_identify(src/detection_person) by extension 'colcon_meta'
[1.274s] Level 1:colcon.colcon_core.package_identification:_identify(src/detection_person) by extensions ['ros']
[1.274s] Level 1:colcon.colcon_core.package_identification:_identify(src/detection_person) by extension 'ros'
[1.276s] DEBUG:colcon.colcon_core.package_identification:Package 'src/detection_person' with type 'ros.ament_python' and name 'detection_person'
[1.276s] Level 1:colcon.colcon_core.package_identification:_identify(src/pcl_example) by extensions ['ignore', 'ignore_ament_install']
[1.276s] Level 1:colcon.colcon_core.package_identification:_identify(src/pcl_example) by extension 'ignore'
[1.277s] Level 1:colcon.colcon_core.package_identification:_identify(src/pcl_example) by extension 'ignore_ament_install'
[1.277s] Level 1:colcon.colcon_core.package_identification:_identify(src/pcl_example) by extensions ['colcon_pkg']
[1.277s] Level 1:colcon.colcon_core.package_identification:_identify(src/pcl_example) by extension 'colcon_pkg'
[1.277s] Level 1:colcon.colcon_core.package_identification:_identify(src/pcl_example) by extensions ['colcon_meta']
[1.277s] Level 1:colcon.colcon_core.package_identification:_identify(src/pcl_example) by extension 'colcon_meta'
[1.277s] Level 1:colcon.colcon_core.package_identification:_identify(src/pcl_example) by extensions ['ros']
[1.277s] Level 1:colcon.colcon_core.package_identification:_identify(src/pcl_example) by extension 'ros'
[1.280s] DEBUG:colcon.colcon_core.package_identification:Package 'src/pcl_example' with type 'ros.ament_cmake' and name 'pcl_example'
[1.280s] Level 1:colcon.colcon_core.package_discovery:discover_packages(recursive) using defaults
[1.280s] Level 1:colcon.colcon_core.package_discovery:discover_packages(ignore) discover
[1.280s] Level 1:colcon.colcon_core.package_discovery:discover_packages(ignore) using defaults
[1.280s] Level 1:colcon.colcon_core.package_discovery:discover_packages(path) discover
[1.280s] Level 1:colcon.colcon_core.package_discovery:discover_packages(path) using defaults
[1.313s] INFO:colcon.colcon_core.package_selection:Skipping not selected package 'astra_camera_msgs' in 'src/astra_camera/astra_camera_msgs'
[1.313s] INFO:colcon.colcon_core.package_selection:Skipping not selected package 'calib_correspondences' in 'src/calib_correspondences'
[1.313s] INFO:colcon.colcon_core.package_selection:Skipping not selected package 'custom_msgs' in 'src/custom_msgs'
[1.314s] INFO:colcon.colcon_core.package_selection:Skipping not selected package 'pcl_example' in 'src/pcl_example'
[1.314s] INFO:colcon.colcon_core.package_selection:Skipping not selected package 'astra_camera' in 'src/astra_camera/astra_camera'
[1.314s] INFO:colcon.colcon_core.package_selection:Skipping not selected package 'detection_aruco' in 'src/detection_aruco'
[1.314s] INFO:colcon.colcon_core.package_selection:Skipping not selected package 'detection_astra_camera' in 'src/detection_astra_camera'
[1.314s] INFO:colcon.colcon_core.package_selection:Skipping not selected package 'detection_human_ros' in 'src/detection_human_ros'
[1.315s] Level 1:colcon.colcon_core.package_discovery:discover_packages(prefix_path) check parameters
[1.315s] Level 1:colcon.colcon_core.package_discovery:discover_packages(prefix_path) discover
[1.320s] DEBUG:colcon.colcon_installed_package_information.package_discovery:Found 11 installed packages in /home/andre/ros2_ws/install
[1.323s] DEBUG:colcon.colcon_installed_package_information.package_discovery:Found 271 installed packages in /opt/ros/humble
[1.325s] Level 1:colcon.colcon_core.package_discovery:discover_packages(prefix_path) using defaults
[1.384s] Level 5:colcon.colcon_core.verb:set package 'detection_person' build argument 'cmake_args' from command line to 'None'
[1.384s] Level 5:colcon.colcon_core.verb:set package 'detection_person' build argument 'cmake_target' from command line to 'None'
[1.384s] Level 5:colcon.colcon_core.verb:set package 'detection_person' build argument 'cmake_target_skip_unavailable' from command line to 'False'
[1.384s] Level 5:colcon.colcon_core.verb:set package 'detection_person' build argument 'cmake_clean_cache' from command line to 'False'
[1.384s] Level 5:colcon.colcon_core.verb:set package 'detection_person' build argument 'cmake_clean_first' from command line to 'False'
[1.384s] Level 5:colcon.colcon_core.verb:set package 'detection_person' build argument 'cmake_force_configure' from command line to 'False'
[1.384s] Level 5:colcon.colcon_core.verb:set package 'detection_person' build argument 'ament_cmake_args' from command line to 'None'
[1.385s] Level 5:colcon.colcon_core.verb:set package 'detection_person' build argument 'catkin_cmake_args' from command line to 'None'
[1.385s] Level 5:colcon.colcon_core.verb:set package 'detection_person' build argument 'catkin_skip_building_tests' from command line to 'False'
[1.385s] DEBUG:colcon.colcon_core.verb:Building package 'detection_person' with the following arguments: {'ament_cmake_args': None, 'build_base': '/home/andre/ros2_ws/build/detection_person', 'catkin_cmake_args': None, 'catkin_skip_building_tests': False, 'cmake_args': None, 'cmake_clean_cache': False, 'cmake_clean_first': False, 'cmake_force_configure': False, 'cmake_target': None, 'cmake_target_skip_unavailable': False, 'install_base': '/home/andre/ros2_ws/install/detection_person', 'merge_install': False, 'path': '/home/andre/ros2_ws/src/detection_person', 'symlink_install': False, 'test_result_base': None}
[1.385s] INFO:colcon.colcon_core.executor:Executing jobs using 'parallel' executor
[1.386s] DEBUG:colcon.colcon_parallel_executor.executor.parallel:run_until_complete
[1.387s] INFO:colcon.colcon_ros.task.ament_python.build:Building ROS package in '/home/andre/ros2_ws/src/detection_person' with build type 'ament_python'
[1.387s] Level 1:colcon.colcon_core.shell:create_environment_hook('detection_person', 'ament_prefix_path')
[1.390s] INFO:colcon.colcon_core.plugin_system:Skipping extension 'colcon_core.shell.bat': Not used on non-Windows systems
[1.390s] INFO:colcon.colcon_core.shell:Creating environment hook '/home/andre/ros2_ws/install/detection_person/share/detection_person/hook/ament_prefix_path.ps1'
[1.391s] INFO:colcon.colcon_core.shell:Creating environment descriptor '/home/andre/ros2_ws/install/detection_person/share/detection_person/hook/ament_prefix_path.dsv'
[1.392s] INFO:colcon.colcon_core.shell:Creating environment hook '/home/andre/ros2_ws/install/detection_person/share/detection_person/hook/ament_prefix_path.sh'
[1.393s] INFO:colcon.colcon_core.shell:Skip shell extension 'powershell' for command environment: Not usable outside of PowerShell
[1.393s] DEBUG:colcon.colcon_core.shell:Skip shell extension 'dsv' for command environment
[1.892s] INFO:colcon.colcon_core.task.python.build:Building Python package in '/home/andre/ros2_ws/src/detection_person'
[1.892s] INFO:colcon.colcon_core.shell:Skip shell extension 'powershell' for command environment: Not usable outside of PowerShell
[1.892s] DEBUG:colcon.colcon_core.shell:Skip shell extension 'dsv' for command environment
[2.631s] DEBUG:colcon.colcon_core.event_handler.log_command:Invoking command in '/home/andre/ros2_ws/src/detection_person': PYTHONPATH=/home/andre/ros2_ws/build/detection_person/prefix_override:/home/andre/ros2_ws/install/detection_person/lib/python3.10/site-packages:${PYTHONPATH} /usr/bin/python3 -W ignore:setup.py install is deprecated setup.py egg_info --egg-base ../../build/detection_person build --build-base /home/andre/ros2_ws/build/detection_person/build install --record /home/andre/ros2_ws/build/detection_person/install.log --single-version-externally-managed install_data
[3.197s] DEBUG:colcon.colcon_core.event_handler.log_command:Invoked command in '/home/andre/ros2_ws/src/detection_person' returned '0': PYTHONPATH=/home/andre/ros2_ws/build/detection_person/prefix_override:/home/andre/ros2_ws/install/detection_person/lib/python3.10/site-packages:${PYTHONPATH} /usr/bin/python3 -W ignore:setup.py install is deprecated setup.py egg_info --egg-base ../../build/detection_person build --build-base /home/andre/ros2_ws/build/detection_person/build install --record /home/andre/ros2_ws/build/detection_person/install.log --single-version-externally-managed install_data
[3.203s] Level 1:colcon.colcon_core.environment:checking '/home/andre/ros2_ws/install/detection_person' for CMake module files
[3.204s] Level 1:colcon.colcon_core.environment:checking '/home/andre/ros2_ws/install/detection_person' for CMake config files
[3.205s] Level 1:colcon.colcon_core.environment:checking '/home/andre/ros2_ws/install/detection_person/lib'
[3.206s] Level 1:colcon.colcon_core.environment:checking '/home/andre/ros2_ws/install/detection_person/bin'
[3.206s] Level 1:colcon.colcon_core.environment:checking '/home/andre/ros2_ws/install/detection_person/lib/pkgconfig/detection_person.pc'
[3.206s] Level 1:colcon.colcon_core.environment:checking '/home/andre/ros2_ws/install/detection_person/lib/python3.10/site-packages'
[3.206s] Level 1:colcon.colcon_core.shell:create_environment_hook('detection_person', 'pythonpath')
[3.207s] INFO:colcon.colcon_core.shell:Creating environment hook '/home/andre/ros2_ws/install/detection_person/share/detection_person/hook/pythonpath.ps1'
[3.209s] INFO:colcon.colcon_core.shell:Creating environment descriptor '/home/andre/ros2_ws/install/detection_person/share/detection_person/hook/pythonpath.dsv'
[3.210s] INFO:colcon.colcon_core.shell:Creating environment hook '/home/andre/ros2_ws/install/detection_person/share/detection_person/hook/pythonpath.sh'
[3.211s] Level 1:colcon.colcon_core.environment:checking '/home/andre/ros2_ws/install/detection_person/bin'
[3.211s] Level 1:colcon.colcon_core.environment:create_environment_scripts_only(detection_person)
[3.212s] INFO:colcon.colcon_core.shell:Creating package script '/home/andre/ros2_ws/install/detection_person/share/detection_person/package.ps1'
[3.213s] INFO:colcon.colcon_core.shell:Creating package descriptor '/home/andre/ros2_ws/install/detection_person/share/detection_person/package.dsv'
[3.214s] INFO:colcon.colcon_core.shell:Creating package script '/home/andre/ros2_ws/install/detection_person/share/detection_person/package.sh'
[3.215s] INFO:colcon.colcon_core.shell:Creating package script '/home/andre/ros2_ws/install/detection_person/share/detection_person/package.bash'
[3.217s] INFO:colcon.colcon_core.shell:Creating package script '/home/andre/ros2_ws/install/detection_person/share/detection_person/package.zsh'
[3.218s] Level 1:colcon.colcon_core.environment:create_file_with_runtime_dependencies(/home/andre/ros2_ws/install/detection_person/share/colcon-core/packages/detection_person)
[3.218s] DEBUG:colcon.colcon_parallel_executor.executor.parallel:closing loop
[3.219s] DEBUG:colcon.colcon_parallel_executor.executor.parallel:loop closed
[3.219s] DEBUG:colcon.colcon_parallel_executor.executor.parallel:run_until_complete finished with '0'
[3.219s] DEBUG:colcon.colcon_core.event_reactor:joining thread
[3.228s] INFO:colcon.colcon_core.plugin_system:Skipping extension 'colcon_notification.desktop_notification.terminal_notifier': Not used on non-Darwin systems
[3.228s] INFO:colcon.colcon_core.plugin_system:Skipping extension 'colcon_notification.desktop_notification.win32': Not used on non-Windows systems
[3.228s] INFO:colcon.colcon_notification.desktop_notification:Sending desktop notification using 'notify2'
[3.263s] DEBUG:colcon.colcon_core.event_reactor:joined thread
[3.263s] INFO:colcon.colcon_core.shell:Creating prefix script '/home/andre/ros2_ws/install/local_setup.ps1'
[3.265s] INFO:colcon.colcon_core.shell:Creating prefix util module '/home/andre/ros2_ws/install/_local_setup_util_ps1.py'
[3.269s] INFO:colcon.colcon_core.shell:Creating prefix chain script '/home/andre/ros2_ws/install/setup.ps1'
[3.272s] INFO:colcon.colcon_core.shell:Creating prefix script '/home/andre/ros2_ws/install/local_setup.sh'
[3.274s] INFO:colcon.colcon_core.shell:Creating prefix util module '/home/andre/ros2_ws/install/_local_setup_util_sh.py'
[3.275s] INFO:colcon.colcon_core.shell:Creating prefix chain script '/home/andre/ros2_ws/install/setup.sh'
[3.280s] INFO:colcon.colcon_core.shell:Creating prefix script '/home/andre/ros2_ws/install/local_setup.bash'
[3.282s] INFO:colcon.colcon_core.shell:Creating prefix chain script '/home/andre/ros2_ws/install/setup.bash'
[3.286s] INFO:colcon.colcon_core.shell:Creating prefix script '/home/andre/ros2_ws/install/local_setup.zsh'
[3.287s] INFO:colcon.colcon_core.shell:Creating prefix chain script '/home/andre/ros2_ws/install/setup.zsh'
