[0.022s] Invoking command in '/home/andrea/ros2_ws/build/datos_camara': CMAKE_PREFIX_PATH=${CMAKE_PREFIX_PATH}:/home/andrea/ros2_ws/install/detection_aruco:/opt/ros/humble /usr/bin/cmake --build /home/andrea/ros2_ws/build/datos_camara -- -j4 -l4
[0.119s] [  9%] Built target datos_camara__rosidl_generator_c
[0.165s] [ 12%] Built target ament_cmake_python_copy_datos_camara
[0.167s] [ 12%] Built target datos_camara__cpp
[0.233s] [ 22%] Built target datos_camara__rosidl_typesupport_fastrtps_c
[0.236s] [ 32%] Built target datos_camara__rosidl_typesupport_introspection_c
[0.241s] [ 41%] Built target datos_camara__rosidl_typesupport_c
[0.308s] [ 51%] Built target datos_camara__rosidl_typesupport_cpp
[0.313s] [ 61%] Built target datos_camara__rosidl_typesupport_fastrtps_cpp
[0.329s] [ 70%] Built target datos_camara__rosidl_typesupport_introspection_cpp
[0.366s] [ 70%] Built target datos_camara
[0.415s] [ 74%] Built target datos_camara__py
[0.460s] [ 80%] Built target datos_camara__rosidl_generator_py
[0.542s] [ 87%] Built target datos_camara__rosidl_typesupport_fastrtps_c__pyext
[0.561s] [ 93%] Built target datos_camara__rosidl_typesupport_introspection_c__pyext
[0.566s] [100%] Built target datos_camara__rosidl_typesupport_c__pyext
[0.663s] running egg_info
[0.684s] writing datos_camara.egg-info/PKG-INFO
[0.685s] writing dependency_links to datos_camara.egg-info/dependency_links.txt
[0.686s] writing top-level names to datos_camara.egg-info/top_level.txt
[0.754s] reading manifest file 'datos_camara.egg-info/SOURCES.txt'
[0.755s] writing manifest file 'datos_camara.egg-info/SOURCES.txt'
[0.803s] [100%] Built target ament_cmake_python_build_datos_camara_egg
[0.818s] Invoked command in '/home/andrea/ros2_ws/build/datos_camara' returned '0': CMAKE_PREFIX_PATH=${CMAKE_PREFIX_PATH}:/home/andrea/ros2_ws/install/detection_aruco:/opt/ros/humble /usr/bin/cmake --build /home/andrea/ros2_ws/build/datos_camara -- -j4 -l4
[0.914s] Invoking command in '/home/andrea/ros2_ws/build/datos_camara': CMAKE_PREFIX_PATH=${CMAKE_PREFIX_PATH}:/home/andrea/ros2_ws/install/detection_aruco:/opt/ros/humble /usr/bin/cmake --install /home/andrea/ros2_ws/build/datos_camara
[0.927s] -- Install configuration: ""
[0.928s] -- Up-to-date: /home/andrea/ros2_ws/install/datos_camara/share/ament_index/resource_index/rosidl_interfaces/datos_camara
[0.928s] -- Up-to-date: /home/andrea/ros2_ws/install/datos_camara/include/datos_camara/datos_camara
[0.928s] -- Up-to-date: /home/andrea/ros2_ws/install/datos_camara/include/datos_camara/datos_camara/msg
[0.928s] -- Up-to-date: /home/andrea/ros2_ws/install/datos_camara/include/datos_camara/datos_camara/msg/num.h
[0.928s] -- Up-to-date: /home/andrea/ros2_ws/install/datos_camara/include/datos_camara/datos_camara/msg/detail
[0.929s] -- Up-to-date: /home/andrea/ros2_ws/install/datos_camara/include/datos_camara/datos_camara/msg/detail/num__type_support.h
[0.929s] -- Up-to-date: /home/andrea/ros2_ws/install/datos_camara/include/datos_camara/datos_camara/msg/detail/num__functions.h
[0.929s] -- Up-to-date: /home/andrea/ros2_ws/install/datos_camara/include/datos_camara/datos_camara/msg/detail/num__struct.h
[0.929s] -- Up-to-date: /home/andrea/ros2_ws/install/datos_camara/include/datos_camara/datos_camara/msg/detail/num__functions.c
[0.929s] -- Up-to-date: /home/andrea/ros2_ws/install/datos_camara/include/datos_camara/datos_camara/msg/rosidl_generator_c__visibility_control.h
[0.930s] -- Up-to-date: /home/andrea/ros2_ws/install/datos_camara/share/datos_camara/environment/library_path.sh
[0.931s] -- Up-to-date: /home/andrea/ros2_ws/install/datos_camara/share/datos_camara/environment/library_path.dsv
[0.931s] -- Up-to-date: /home/andrea/ros2_ws/install/datos_camara/lib/libdatos_camara__rosidl_generator_c.so
[0.931s] -- Up-to-date: /home/andrea/ros2_ws/install/datos_camara/include/datos_camara/datos_camara
[0.931s] -- Up-to-date: /home/andrea/ros2_ws/install/datos_camara/include/datos_camara/datos_camara/msg
[0.932s] -- Up-to-date: /home/andrea/ros2_ws/install/datos_camara/include/datos_camara/datos_camara/msg/detail
[0.932s] -- Up-to-date: /home/andrea/ros2_ws/install/datos_camara/include/datos_camara/datos_camara/msg/detail/num__rosidl_typesupport_fastrtps_c.h
[0.932s] -- Up-to-date: /home/andrea/ros2_ws/install/datos_camara/include/datos_camara/datos_camara/msg/rosidl_typesupport_fastrtps_c__visibility_control.h
[0.932s] -- Up-to-date: /home/andrea/ros2_ws/install/datos_camara/lib/libdatos_camara__rosidl_typesupport_fastrtps_c.so
[0.933s] -- Up-to-date: /home/andrea/ros2_ws/install/datos_camara/include/datos_camara/datos_camara
[0.933s] -- Up-to-date: /home/andrea/ros2_ws/install/datos_camara/include/datos_camara/datos_camara/msg
[0.933s] -- Up-to-date: /home/andrea/ros2_ws/install/datos_camara/include/datos_camara/datos_camara/msg/detail
[0.934s] -- Up-to-date: /home/andrea/ros2_ws/install/datos_camara/include/datos_camara/datos_camara/msg/detail/num__builder.hpp
[0.934s] -- Up-to-date: /home/andrea/ros2_ws/install/datos_camara/include/datos_camara/datos_camara/msg/detail/num__struct.hpp
[0.934s] -- Up-to-date: /home/andrea/ros2_ws/install/datos_camara/include/datos_camara/datos_camara/msg/detail/num__traits.hpp
[0.934s] -- Up-to-date: /home/andrea/ros2_ws/install/datos_camara/include/datos_camara/datos_camara/msg/num.hpp
[0.935s] -- Up-to-date: /home/andrea/ros2_ws/install/datos_camara/include/datos_camara/datos_camara
[0.935s] -- Up-to-date: /home/andrea/ros2_ws/install/datos_camara/include/datos_camara/datos_camara/msg
[0.935s] -- Up-to-date: /home/andrea/ros2_ws/install/datos_camara/include/datos_camara/datos_camara/msg/rosidl_typesupport_fastrtps_cpp__visibility_control.h
[0.935s] -- Up-to-date: /home/andrea/ros2_ws/install/datos_camara/include/datos_camara/datos_camara/msg/detail
[0.936s] -- Up-to-date: /home/andrea/ros2_ws/install/datos_camara/include/datos_camara/datos_camara/msg/detail/num__rosidl_typesupport_fastrtps_cpp.hpp
[0.936s] -- Up-to-date: /home/andrea/ros2_ws/install/datos_camara/include/datos_camara/datos_camara/msg/detail/dds_fastrtps
[0.937s] -- Up-to-date: /home/andrea/ros2_ws/install/datos_camara/lib/libdatos_camara__rosidl_typesupport_fastrtps_cpp.so
[0.937s] -- Up-to-date: /home/andrea/ros2_ws/install/datos_camara/include/datos_camara/datos_camara
[0.937s] -- Up-to-date: /home/andrea/ros2_ws/install/datos_camara/include/datos_camara/datos_camara/msg
[0.938s] -- Up-to-date: /home/andrea/ros2_ws/install/datos_camara/include/datos_camara/datos_camara/msg/rosidl_typesupport_introspection_c__visibility_control.h
[0.938s] -- Up-to-date: /home/andrea/ros2_ws/install/datos_camara/include/datos_camara/datos_camara/msg/detail
[0.938s] -- Up-to-date: /home/andrea/ros2_ws/install/datos_camara/include/datos_camara/datos_camara/msg/detail/num__rosidl_typesupport_introspection_c.h
[0.938s] -- Up-to-date: /home/andrea/ros2_ws/install/datos_camara/include/datos_camara/datos_camara/msg/detail/num__type_support.c
[0.938s] -- Up-to-date: /home/andrea/ros2_ws/install/datos_camara/lib/libdatos_camara__rosidl_typesupport_introspection_c.so
[0.939s] -- Up-to-date: /home/andrea/ros2_ws/install/datos_camara/lib/libdatos_camara__rosidl_typesupport_c.so
[0.939s] -- Up-to-date: /home/andrea/ros2_ws/install/datos_camara/include/datos_camara/datos_camara
[0.939s] -- Up-to-date: /home/andrea/ros2_ws/install/datos_camara/include/datos_camara/datos_camara/msg
[0.939s] -- Up-to-date: /home/andrea/ros2_ws/install/datos_camara/include/datos_camara/datos_camara/msg/detail
[0.939s] -- Up-to-date: /home/andrea/ros2_ws/install/datos_camara/include/datos_camara/datos_camara/msg/detail/num__rosidl_typesupport_introspection_cpp.hpp
[0.939s] -- Up-to-date: /home/andrea/ros2_ws/install/datos_camara/include/datos_camara/datos_camara/msg/detail/num__type_support.cpp
[0.940s] -- Up-to-date: /home/andrea/ros2_ws/install/datos_camara/lib/libdatos_camara__rosidl_typesupport_introspection_cpp.so
[0.940s] -- Up-to-date: /home/andrea/ros2_ws/install/datos_camara/lib/libdatos_camara__rosidl_typesupport_cpp.so
[0.940s] -- Up-to-date: /home/andrea/ros2_ws/install/datos_camara/share/datos_camara/environment/pythonpath.sh
[0.940s] -- Up-to-date: /home/andrea/ros2_ws/install/datos_camara/share/datos_camara/environment/pythonpath.dsv
[0.940s] -- Up-to-date: /home/andrea/ros2_ws/install/datos_camara/local/lib/python3.10/dist-packages/datos_camara-0.0.0-py3.10.egg-info
[0.941s] -- Installing: /home/andrea/ros2_ws/install/datos_camara/local/lib/python3.10/dist-packages/datos_camara-0.0.0-py3.10.egg-info/dependency_links.txt
[0.941s] -- Installing: /home/andrea/ros2_ws/install/datos_camara/local/lib/python3.10/dist-packages/datos_camara-0.0.0-py3.10.egg-info/SOURCES.txt
[0.941s] -- Installing: /home/andrea/ros2_ws/install/datos_camara/local/lib/python3.10/dist-packages/datos_camara-0.0.0-py3.10.egg-info/PKG-INFO
[0.941s] -- Installing: /home/andrea/ros2_ws/install/datos_camara/local/lib/python3.10/dist-packages/datos_camara-0.0.0-py3.10.egg-info/top_level.txt
[0.941s] -- Up-to-date: /home/andrea/ros2_ws/install/datos_camara/local/lib/python3.10/dist-packages/datos_camara
[0.942s] -- Up-to-date: /home/andrea/ros2_ws/install/datos_camara/local/lib/python3.10/dist-packages/datos_camara/_datos_camara_s.ep.rosidl_typesupport_fastrtps_c.c
[0.942s] -- Up-to-date: /home/andrea/ros2_ws/install/datos_camara/local/lib/python3.10/dist-packages/datos_camara/_datos_camara_s.ep.rosidl_typesupport_c.c
[0.942s] -- Up-to-date: /home/andrea/ros2_ws/install/datos_camara/local/lib/python3.10/dist-packages/datos_camara/libdatos_camara__rosidl_generator_py.so
[0.942s] -- Up-to-date: /home/andrea/ros2_ws/install/datos_camara/local/lib/python3.10/dist-packages/datos_camara/_datos_camara_s.ep.rosidl_typesupport_introspection_c.c
[0.942s] -- Up-to-date: /home/andrea/ros2_ws/install/datos_camara/local/lib/python3.10/dist-packages/datos_camara/datos_camara_s__rosidl_typesupport_c.cpython-310-x86_64-linux-gnu.so
[0.942s] -- Up-to-date: /home/andrea/ros2_ws/install/datos_camara/local/lib/python3.10/dist-packages/datos_camara/msg
[0.943s] -- Up-to-date: /home/andrea/ros2_ws/install/datos_camara/local/lib/python3.10/dist-packages/datos_camara/msg/_num_s.c
[0.943s] -- Up-to-date: /home/andrea/ros2_ws/install/datos_camara/local/lib/python3.10/dist-packages/datos_camara/msg/_num.py
[0.943s] -- Up-to-date: /home/andrea/ros2_ws/install/datos_camara/local/lib/python3.10/dist-packages/datos_camara/msg/__init__.py
[0.943s] -- Up-to-date: /home/andrea/ros2_ws/install/datos_camara/local/lib/python3.10/dist-packages/datos_camara/datos_camara_s__rosidl_typesupport_introspection_c.cpython-310-x86_64-linux-gnu.so
[0.943s] -- Up-to-date: /home/andrea/ros2_ws/install/datos_camara/local/lib/python3.10/dist-packages/datos_camara/__init__.py
[0.943s] -- Up-to-date: /home/andrea/ros2_ws/install/datos_camara/local/lib/python3.10/dist-packages/datos_camara/datos_camara_s__rosidl_typesupport_fastrtps_c.cpython-310-x86_64-linux-gnu.so
[0.998s] Listing '/home/andrea/ros2_ws/install/datos_camara/local/lib/python3.10/dist-packages/datos_camara'...
[0.999s] Listing '/home/andrea/ros2_ws/install/datos_camara/local/lib/python3.10/dist-packages/datos_camara/msg'...
[1.005s] -- Up-to-date: /home/andrea/ros2_ws/install/datos_camara/local/lib/python3.10/dist-packages/datos_camara/datos_camara_s__rosidl_typesupport_fastrtps_c.cpython-310-x86_64-linux-gnu.so
[1.006s] -- Up-to-date: /home/andrea/ros2_ws/install/datos_camara/local/lib/python3.10/dist-packages/datos_camara/datos_camara_s__rosidl_typesupport_introspection_c.cpython-310-x86_64-linux-gnu.so
[1.006s] -- Up-to-date: /home/andrea/ros2_ws/install/datos_camara/local/lib/python3.10/dist-packages/datos_camara/datos_camara_s__rosidl_typesupport_c.cpython-310-x86_64-linux-gnu.so
[1.007s] -- Up-to-date: /home/andrea/ros2_ws/install/datos_camara/lib/libdatos_camara__rosidl_generator_py.so
[1.014s] -- Up-to-date: /home/andrea/ros2_ws/install/datos_camara/share/datos_camara/msg/Num.idl
[1.014s] -- Up-to-date: /home/andrea/ros2_ws/install/datos_camara/share/datos_camara/msg/Num.msg
[1.014s] -- Up-to-date: /home/andrea/ros2_ws/install/datos_camara/share/ament_index/resource_index/package_run_dependencies/datos_camara
[1.015s] -- Up-to-date: /home/andrea/ros2_ws/install/datos_camara/share/ament_index/resource_index/parent_prefix_path/datos_camara
[1.015s] -- Up-to-date: /home/andrea/ros2_ws/install/datos_camara/share/datos_camara/environment/ament_prefix_path.sh
[1.015s] -- Up-to-date: /home/andrea/ros2_ws/install/datos_camara/share/datos_camara/environment/ament_prefix_path.dsv
[1.016s] -- Up-to-date: /home/andrea/ros2_ws/install/datos_camara/share/datos_camara/environment/path.sh
[1.018s] -- Up-to-date: /home/andrea/ros2_ws/install/datos_camara/share/datos_camara/environment/path.dsv
[1.019s] -- Up-to-date: /home/andrea/ros2_ws/install/datos_camara/share/datos_camara/local_setup.bash
[1.019s] -- Up-to-date: /home/andrea/ros2_ws/install/datos_camara/share/datos_camara/local_setup.sh
[1.019s] -- Up-to-date: /home/andrea/ros2_ws/install/datos_camara/share/datos_camara/local_setup.zsh
[1.020s] -- Up-to-date: /home/andrea/ros2_ws/install/datos_camara/share/datos_camara/local_setup.dsv
[1.020s] -- Installing: /home/andrea/ros2_ws/install/datos_camara/share/datos_camara/package.dsv
[1.021s] -- Up-to-date: /home/andrea/ros2_ws/install/datos_camara/share/ament_index/resource_index/packages/datos_camara
[1.023s] -- Up-to-date: /home/andrea/ros2_ws/install/datos_camara/share/datos_camara/cmake/export_datos_camara__rosidl_generator_cExport.cmake
[1.023s] -- Up-to-date: /home/andrea/ros2_ws/install/datos_camara/share/datos_camara/cmake/export_datos_camara__rosidl_generator_cExport-noconfig.cmake
[1.023s] -- Up-to-date: /home/andrea/ros2_ws/install/datos_camara/share/datos_camara/cmake/export_datos_camara__rosidl_typesupport_fastrtps_cExport.cmake
[1.024s] -- Up-to-date: /home/andrea/ros2_ws/install/datos_camara/share/datos_camara/cmake/export_datos_camara__rosidl_typesupport_fastrtps_cExport-noconfig.cmake
[1.024s] -- Up-to-date: /home/andrea/ros2_ws/install/datos_camara/share/datos_camara/cmake/export_datos_camara__rosidl_generator_cppExport.cmake
[1.029s] -- Up-to-date: /home/andrea/ros2_ws/install/datos_camara/share/datos_camara/cmake/export_datos_camara__rosidl_typesupport_fastrtps_cppExport.cmake
[1.030s] -- Up-to-date: /home/andrea/ros2_ws/install/datos_camara/share/datos_camara/cmake/export_datos_camara__rosidl_typesupport_fastrtps_cppExport-noconfig.cmake
[1.031s] -- Up-to-date: /home/andrea/ros2_ws/install/datos_camara/share/datos_camara/cmake/datos_camara__rosidl_typesupport_introspection_cExport.cmake
[1.031s] -- Up-to-date: /home/andrea/ros2_ws/install/datos_camara/share/datos_camara/cmake/datos_camara__rosidl_typesupport_introspection_cExport-noconfig.cmake
[1.032s] -- Up-to-date: /home/andrea/ros2_ws/install/datos_camara/share/datos_camara/cmake/datos_camara__rosidl_typesupport_cExport.cmake
[1.032s] -- Up-to-date: /home/andrea/ros2_ws/install/datos_camara/share/datos_camara/cmake/datos_camara__rosidl_typesupport_cExport-noconfig.cmake
[1.032s] -- Up-to-date: /home/andrea/ros2_ws/install/datos_camara/share/datos_camara/cmake/datos_camara__rosidl_typesupport_introspection_cppExport.cmake
[1.032s] -- Up-to-date: /home/andrea/ros2_ws/install/datos_camara/share/datos_camara/cmake/datos_camara__rosidl_typesupport_introspection_cppExport-noconfig.cmake
[1.032s] -- Up-to-date: /home/andrea/ros2_ws/install/datos_camara/share/datos_camara/cmake/datos_camara__rosidl_typesupport_cppExport.cmake
[1.033s] -- Up-to-date: /home/andrea/ros2_ws/install/datos_camara/share/datos_camara/cmake/datos_camara__rosidl_typesupport_cppExport-noconfig.cmake
[1.033s] -- Up-to-date: /home/andrea/ros2_ws/install/datos_camara/share/datos_camara/cmake/export_datos_camara__rosidl_generator_pyExport.cmake
[1.033s] -- Up-to-date: /home/andrea/ros2_ws/install/datos_camara/share/datos_camara/cmake/export_datos_camara__rosidl_generator_pyExport-noconfig.cmake
[1.034s] -- Up-to-date: /home/andrea/ros2_ws/install/datos_camara/share/datos_camara/cmake/rosidl_cmake-extras.cmake
[1.034s] -- Up-to-date: /home/andrea/ros2_ws/install/datos_camara/share/datos_camara/cmake/ament_cmake_export_dependencies-extras.cmake
[1.035s] -- Up-to-date: /home/andrea/ros2_ws/install/datos_camara/share/datos_camara/cmake/ament_cmake_export_include_directories-extras.cmake
[1.039s] -- Up-to-date: /home/andrea/ros2_ws/install/datos_camara/share/datos_camara/cmake/ament_cmake_export_libraries-extras.cmake
[1.040s] -- Up-to-date: /home/andrea/ros2_ws/install/datos_camara/share/datos_camara/cmake/ament_cmake_export_targets-extras.cmake
[1.042s] -- Up-to-date: /home/andrea/ros2_ws/install/datos_camara/share/datos_camara/cmake/rosidl_cmake_export_typesupport_targets-extras.cmake
[1.043s] -- Up-to-date: /home/andrea/ros2_ws/install/datos_camara/share/datos_camara/cmake/rosidl_cmake_export_typesupport_libraries-extras.cmake
[1.043s] -- Up-to-date: /home/andrea/ros2_ws/install/datos_camara/share/datos_camara/cmake/datos_camaraConfig.cmake
[1.043s] -- Up-to-date: /home/andrea/ros2_ws/install/datos_camara/share/datos_camara/cmake/datos_camaraConfig-version.cmake
[1.044s] -- Up-to-date: /home/andrea/ros2_ws/install/datos_camara/share/datos_camara/package.xml
[1.047s] Invoked command in '/home/andrea/ros2_ws/build/datos_camara' returned '0': CMAKE_PREFIX_PATH=${CMAKE_PREFIX_PATH}:/home/andrea/ros2_ws/install/detection_aruco:/opt/ros/humble /usr/bin/cmake --install /home/andrea/ros2_ws/build/datos_camara
