[2.150s] Invoking command in '/home/andre/ros2_ws/src/detection_human_ros': CMAKE_PREFIX_PATH=/home/andre/ros2_ws/install/astra_camera:/home/andre/ros2_ws/install/astra_camera_msgs:/home/andre/ros2_ws/install/custom_msgs:/home/andre/ros2_ws/install/calib_correspondences:/home/andre/ros2_ws/install/apriltag_ros:/home/andre/ros2_ws/install/apriltag_msgs LD_LIBRARY_PATH=/home/andre/ros2_ws/install/astra_camera/lib:/home/andre/ros2_ws/install/astra_camera_msgs/lib:/home/andre/ros2_ws/install/custom_msgs/lib:/home/andre/ros2_ws/install/apriltag_ros/lib:/home/andre/ros2_ws/install/apriltag_msgs/lib:/opt/ros/humble/opt/rviz_ogre_vendor/lib:/opt/ros/humble/lib/x86_64-linux-gnu:/opt/ros/humble/lib PYTHONPATH=/home/andre/ros2_ws/build/detection_human_ros/prefix_override:/home/andre/ros2_ws/install/detection_human_ros/lib/python3.10/site-packages:${PYTHONPATH} /usr/bin/python3 -W ignore:setup.py install is deprecated setup.py egg_info --egg-base ../../build/detection_human_ros build --build-base /home/andre/ros2_ws/build/detection_human_ros/build install --record /home/andre/ros2_ws/build/detection_human_ros/install.log --single-version-externally-managed install_data
[3.060s] running egg_info
[3.063s] writing ../../build/detection_human_ros/detection_human_ros.egg-info/PKG-INFO
[3.063s] writing dependency_links to ../../build/detection_human_ros/detection_human_ros.egg-info/dependency_links.txt
[3.068s] writing entry points to ../../build/detection_human_ros/detection_human_ros.egg-info/entry_points.txt
[3.068s] writing requirements to ../../build/detection_human_ros/detection_human_ros.egg-info/requires.txt
[3.068s] writing top-level names to ../../build/detection_human_ros/detection_human_ros.egg-info/top_level.txt
[3.068s] reading manifest file '../../build/detection_human_ros/detection_human_ros.egg-info/SOURCES.txt'
[3.069s] adding license file 'LICENSE'
[3.071s] writing manifest file '../../build/detection_human_ros/detection_human_ros.egg-info/SOURCES.txt'
[3.071s] running build
[3.071s] running build_py
[3.071s] copying detection_human_ros/detection_human.py -> /home/andre/ros2_ws/build/detection_human_ros/build/lib/detection_human_ros
[3.080s] running install
[3.081s] running install_lib
[3.082s] copying /home/andre/ros2_ws/build/detection_human_ros/build/lib/detection_human_ros/detection_human.py -> /home/andre/ros2_ws/install/detection_human_ros/lib/python3.10/site-packages/detection_human_ros
[3.085s] byte-compiling /home/andre/ros2_ws/install/detection_human_ros/lib/python3.10/site-packages/detection_human_ros/detection_human.py to detection_human.cpython-310.pyc
[3.092s] running install_data
[3.092s] running install_egg_info
[3.097s] removing '/home/andre/ros2_ws/install/detection_human_ros/lib/python3.10/site-packages/detection_human_ros-0.0.0-py3.10.egg-info' (and everything under it)
[3.104s] Copying ../../build/detection_human_ros/detection_human_ros.egg-info to /home/andre/ros2_ws/install/detection_human_ros/lib/python3.10/site-packages/detection_human_ros-0.0.0-py3.10.egg-info
[3.105s] running install_scripts
[3.187s] Installing obtain_human script to /home/andre/ros2_ws/install/detection_human_ros/lib/detection_human_ros
[3.188s] writing list of installed files to '/home/andre/ros2_ws/build/detection_human_ros/install.log'
[3.282s] Invoked command in '/home/andre/ros2_ws/src/detection_human_ros' returned '0': CMAKE_PREFIX_PATH=/home/andre/ros2_ws/install/astra_camera:/home/andre/ros2_ws/install/astra_camera_msgs:/home/andre/ros2_ws/install/custom_msgs:/home/andre/ros2_ws/install/calib_correspondences:/home/andre/ros2_ws/install/apriltag_ros:/home/andre/ros2_ws/install/apriltag_msgs LD_LIBRARY_PATH=/home/andre/ros2_ws/install/astra_camera/lib:/home/andre/ros2_ws/install/astra_camera_msgs/lib:/home/andre/ros2_ws/install/custom_msgs/lib:/home/andre/ros2_ws/install/apriltag_ros/lib:/home/andre/ros2_ws/install/apriltag_msgs/lib:/opt/ros/humble/opt/rviz_ogre_vendor/lib:/opt/ros/humble/lib/x86_64-linux-gnu:/opt/ros/humble/lib PYTHONPATH=/home/andre/ros2_ws/build/detection_human_ros/prefix_override:/home/andre/ros2_ws/install/detection_human_ros/lib/python3.10/site-packages:${PYTHONPATH} /usr/bin/python3 -W ignore:setup.py install is deprecated setup.py egg_info --egg-base ../../build/detection_human_ros build --build-base /home/andre/ros2_ws/build/detection_human_ros/build install --record /home/andre/ros2_ws/build/detection_human_ros/install.log --single-version-externally-managed install_data
