[0.027s] Invoking command in '/home/andre/ros2_ws/build/datos_camara': CMAKE_PREFIX_PATH=${CMAKE_PREFIX_PATH}:/home/andre/ros2_ws/install/detection_astra_camera:/home/andre/ros2_ws/install/detection_aruco:/opt/ros/humble /usr/bin/cmake --build /home/andre/ros2_ws/build/datos_camara -- -j4 -l4
[0.241s] [  9%] Built target datos_camara__rosidl_generator_c
[0.256s] [  9%] Built target ament_cmake_python_copy_datos_camara
[0.265s] [ 12%] Built target datos_camara__cpp
[0.412s] [ 22%] Built target datos_camara__rosidl_typesupport_introspection_c
[0.453s] [ 32%] Built target datos_camara__rosidl_typesupport_introspection_cpp
[0.471s] [ 41%] Built target datos_camara__rosidl_typesupport_fastrtps_c
[0.475s] [ 51%] Built target datos_camara__rosidl_typesupport_c
[0.592s] [ 61%] Built target datos_camara__rosidl_typesupport_cpp
[0.606s] [ 70%] Built target datos_camara__rosidl_typesupport_fastrtps_cpp
[0.677s] [ 70%] Built target datos_camara
[0.785s] [ 74%] Built target datos_camara__py
[0.922s] [ 80%] Built target datos_camara__rosidl_generator_py
[1.053s] [ 87%] Built target datos_camara__rosidl_typesupport_introspection_c__pyext
[1.081s] [ 93%] Built target datos_camara__rosidl_typesupport_fastrtps_c__pyext
[1.093s] [100%] Built target datos_camara__rosidl_typesupport_c__pyext
[1.206s] running egg_info
[1.209s] writing datos_camara.egg-info/PKG-INFO
[1.210s] writing dependency_links to datos_camara.egg-info/dependency_links.txt
[1.210s] writing top-level names to datos_camara.egg-info/top_level.txt
[1.218s] reading manifest file 'datos_camara.egg-info/SOURCES.txt'
[1.218s] writing manifest file 'datos_camara.egg-info/SOURCES.txt'
[1.292s] [100%] Built target ament_cmake_python_build_datos_camara_egg
[1.319s] Invoked command in '/home/andre/ros2_ws/build/datos_camara' returned '0': CMAKE_PREFIX_PATH=${CMAKE_PREFIX_PATH}:/home/andre/ros2_ws/install/detection_astra_camera:/home/andre/ros2_ws/install/detection_aruco:/opt/ros/humble /usr/bin/cmake --build /home/andre/ros2_ws/build/datos_camara -- -j4 -l4
[1.520s] Invoking command in '/home/andre/ros2_ws/build/datos_camara': CMAKE_PREFIX_PATH=${CMAKE_PREFIX_PATH}:/home/andre/ros2_ws/install/detection_astra_camera:/home/andre/ros2_ws/install/detection_aruco:/opt/ros/humble /usr/bin/cmake --install /home/andre/ros2_ws/build/datos_camara
[1.544s] -- Install configuration: ""
[1.545s] -- Up-to-date: /home/andre/ros2_ws/install/datos_camara/share/ament_index/resource_index/rosidl_interfaces/datos_camara
[1.545s] -- Up-to-date: /home/andre/ros2_ws/install/datos_camara/include/datos_camara/datos_camara
[1.547s] -- Up-to-date: /home/andre/ros2_ws/install/datos_camara/include/datos_camara/datos_camara/msg
[1.547s] -- Up-to-date: /home/andre/ros2_ws/install/datos_camara/include/datos_camara/datos_camara/msg/detail
[1.547s] -- Up-to-date: /home/andre/ros2_ws/install/datos_camara/include/datos_camara/datos_camara/msg/detail/num__functions.h
[1.548s] -- Up-to-date: /home/andre/ros2_ws/install/datos_camara/include/datos_camara/datos_camara/msg/detail/num__struct.h
[1.548s] -- Up-to-date: /home/andre/ros2_ws/install/datos_camara/include/datos_camara/datos_camara/msg/detail/num__functions.c
[1.548s] -- Up-to-date: /home/andre/ros2_ws/install/datos_camara/include/datos_camara/datos_camara/msg/detail/num__type_support.h
[1.548s] -- Up-to-date: /home/andre/ros2_ws/install/datos_camara/include/datos_camara/datos_camara/msg/rosidl_generator_c__visibility_control.h
[1.553s] -- Up-to-date: /home/andre/ros2_ws/install/datos_camara/include/datos_camara/datos_camara/msg/num.h
[1.553s] -- Up-to-date: /home/andre/ros2_ws/install/datos_camara/share/datos_camara/environment/library_path.sh
[1.553s] -- Up-to-date: /home/andre/ros2_ws/install/datos_camara/share/datos_camara/environment/library_path.dsv
[1.554s] -- Up-to-date: /home/andre/ros2_ws/install/datos_camara/lib/libdatos_camara__rosidl_generator_c.so
[1.554s] -- Up-to-date: /home/andre/ros2_ws/install/datos_camara/include/datos_camara/datos_camara
[1.554s] -- Up-to-date: /home/andre/ros2_ws/install/datos_camara/include/datos_camara/datos_camara/msg
[1.554s] -- Up-to-date: /home/andre/ros2_ws/install/datos_camara/include/datos_camara/datos_camara/msg/detail
[1.554s] -- Up-to-date: /home/andre/ros2_ws/install/datos_camara/include/datos_camara/datos_camara/msg/detail/num__rosidl_typesupport_fastrtps_c.h
[1.554s] -- Up-to-date: /home/andre/ros2_ws/install/datos_camara/include/datos_camara/datos_camara/msg/rosidl_typesupport_fastrtps_c__visibility_control.h
[1.561s] -- Up-to-date: /home/andre/ros2_ws/install/datos_camara/lib/libdatos_camara__rosidl_typesupport_fastrtps_c.so
[1.561s] -- Up-to-date: /home/andre/ros2_ws/install/datos_camara/include/datos_camara/datos_camara
[1.561s] -- Up-to-date: /home/andre/ros2_ws/install/datos_camara/include/datos_camara/datos_camara/msg
[1.561s] -- Up-to-date: /home/andre/ros2_ws/install/datos_camara/include/datos_camara/datos_camara/msg/num.hpp
[1.562s] -- Up-to-date: /home/andre/ros2_ws/install/datos_camara/include/datos_camara/datos_camara/msg/detail
[1.562s] -- Up-to-date: /home/andre/ros2_ws/install/datos_camara/include/datos_camara/datos_camara/msg/detail/num__struct.hpp
[1.562s] -- Up-to-date: /home/andre/ros2_ws/install/datos_camara/include/datos_camara/datos_camara/msg/detail/num__traits.hpp
[1.562s] -- Up-to-date: /home/andre/ros2_ws/install/datos_camara/include/datos_camara/datos_camara/msg/detail/num__builder.hpp
[1.562s] -- Up-to-date: /home/andre/ros2_ws/install/datos_camara/include/datos_camara/datos_camara
[1.562s] -- Up-to-date: /home/andre/ros2_ws/install/datos_camara/include/datos_camara/datos_camara/msg
[1.562s] -- Up-to-date: /home/andre/ros2_ws/install/datos_camara/include/datos_camara/datos_camara/msg/detail
[1.563s] -- Up-to-date: /home/andre/ros2_ws/install/datos_camara/include/datos_camara/datos_camara/msg/detail/num__rosidl_typesupport_fastrtps_cpp.hpp
[1.563s] -- Up-to-date: /home/andre/ros2_ws/install/datos_camara/include/datos_camara/datos_camara/msg/detail/dds_fastrtps
[1.563s] -- Up-to-date: /home/andre/ros2_ws/install/datos_camara/include/datos_camara/datos_camara/msg/rosidl_typesupport_fastrtps_cpp__visibility_control.h
[1.563s] -- Up-to-date: /home/andre/ros2_ws/install/datos_camara/lib/libdatos_camara__rosidl_typesupport_fastrtps_cpp.so
[1.563s] -- Up-to-date: /home/andre/ros2_ws/install/datos_camara/include/datos_camara/datos_camara
[1.563s] -- Up-to-date: /home/andre/ros2_ws/install/datos_camara/include/datos_camara/datos_camara/msg
[1.564s] -- Up-to-date: /home/andre/ros2_ws/install/datos_camara/include/datos_camara/datos_camara/msg/detail
[1.564s] -- Up-to-date: /home/andre/ros2_ws/install/datos_camara/include/datos_camara/datos_camara/msg/detail/num__rosidl_typesupport_introspection_c.h
[1.564s] -- Up-to-date: /home/andre/ros2_ws/install/datos_camara/include/datos_camara/datos_camara/msg/detail/num__type_support.c
[1.564s] -- Up-to-date: /home/andre/ros2_ws/install/datos_camara/include/datos_camara/datos_camara/msg/rosidl_typesupport_introspection_c__visibility_control.h
[1.569s] -- Up-to-date: /home/andre/ros2_ws/install/datos_camara/lib/libdatos_camara__rosidl_typesupport_introspection_c.so
[1.569s] -- Up-to-date: /home/andre/ros2_ws/install/datos_camara/lib/libdatos_camara__rosidl_typesupport_c.so
[1.570s] -- Up-to-date: /home/andre/ros2_ws/install/datos_camara/include/datos_camara/datos_camara
[1.570s] -- Up-to-date: /home/andre/ros2_ws/install/datos_camara/include/datos_camara/datos_camara/msg
[1.570s] -- Up-to-date: /home/andre/ros2_ws/install/datos_camara/include/datos_camara/datos_camara/msg/detail
[1.570s] -- Up-to-date: /home/andre/ros2_ws/install/datos_camara/include/datos_camara/datos_camara/msg/detail/num__rosidl_typesupport_introspection_cpp.hpp
[1.570s] -- Up-to-date: /home/andre/ros2_ws/install/datos_camara/include/datos_camara/datos_camara/msg/detail/num__type_support.cpp
[1.570s] -- Up-to-date: /home/andre/ros2_ws/install/datos_camara/lib/libdatos_camara__rosidl_typesupport_introspection_cpp.so
[1.570s] -- Up-to-date: /home/andre/ros2_ws/install/datos_camara/lib/libdatos_camara__rosidl_typesupport_cpp.so
[1.571s] -- Up-to-date: /home/andre/ros2_ws/install/datos_camara/share/datos_camara/environment/pythonpath.sh
[1.571s] -- Up-to-date: /home/andre/ros2_ws/install/datos_camara/share/datos_camara/environment/pythonpath.dsv
[1.571s] -- Up-to-date: /home/andre/ros2_ws/install/datos_camara/local/lib/python3.10/dist-packages/datos_camara-0.0.0-py3.10.egg-info
[1.571s] -- Installing: /home/andre/ros2_ws/install/datos_camara/local/lib/python3.10/dist-packages/datos_camara-0.0.0-py3.10.egg-info/PKG-INFO
[1.571s] -- Installing: /home/andre/ros2_ws/install/datos_camara/local/lib/python3.10/dist-packages/datos_camara-0.0.0-py3.10.egg-info/dependency_links.txt
[1.571s] -- Installing: /home/andre/ros2_ws/install/datos_camara/local/lib/python3.10/dist-packages/datos_camara-0.0.0-py3.10.egg-info/SOURCES.txt
[1.572s] -- Installing: /home/andre/ros2_ws/install/datos_camara/local/lib/python3.10/dist-packages/datos_camara-0.0.0-py3.10.egg-info/top_level.txt
[1.576s] -- Up-to-date: /home/andre/ros2_ws/install/datos_camara/local/lib/python3.10/dist-packages/datos_camara
[1.576s] -- Up-to-date: /home/andre/ros2_ws/install/datos_camara/local/lib/python3.10/dist-packages/datos_camara/_datos_camara_s.ep.rosidl_typesupport_introspection_c.c
[1.576s] -- Up-to-date: /home/andre/ros2_ws/install/datos_camara/local/lib/python3.10/dist-packages/datos_camara/datos_camara_s__rosidl_typesupport_c.cpython-310-x86_64-linux-gnu.so
[1.577s] -- Up-to-date: /home/andre/ros2_ws/install/datos_camara/local/lib/python3.10/dist-packages/datos_camara/datos_camara_s__rosidl_typesupport_fastrtps_c.cpython-310-x86_64-linux-gnu.so
[1.578s] -- Up-to-date: /home/andre/ros2_ws/install/datos_camara/local/lib/python3.10/dist-packages/datos_camara/_datos_camara_s.ep.rosidl_typesupport_c.c
[1.578s] -- Up-to-date: /home/andre/ros2_ws/install/datos_camara/local/lib/python3.10/dist-packages/datos_camara/_datos_camara_s.ep.rosidl_typesupport_fastrtps_c.c
[1.578s] -- Up-to-date: /home/andre/ros2_ws/install/datos_camara/local/lib/python3.10/dist-packages/datos_camara/libdatos_camara__rosidl_generator_py.so
[1.578s] -- Up-to-date: /home/andre/ros2_ws/install/datos_camara/local/lib/python3.10/dist-packages/datos_camara/__init__.py
[1.578s] -- Up-to-date: /home/andre/ros2_ws/install/datos_camara/local/lib/python3.10/dist-packages/datos_camara/datos_camara_s__rosidl_typesupport_introspection_c.cpython-310-x86_64-linux-gnu.so
[1.578s] -- Up-to-date: /home/andre/ros2_ws/install/datos_camara/local/lib/python3.10/dist-packages/datos_camara/msg
[1.579s] -- Up-to-date: /home/andre/ros2_ws/install/datos_camara/local/lib/python3.10/dist-packages/datos_camara/msg/_num.py
[1.579s] -- Up-to-date: /home/andre/ros2_ws/install/datos_camara/local/lib/python3.10/dist-packages/datos_camara/msg/_num_s.c
[1.580s] -- Up-to-date: /home/andre/ros2_ws/install/datos_camara/local/lib/python3.10/dist-packages/datos_camara/msg/__init__.py
[1.632s] Listing '/home/andre/ros2_ws/install/datos_camara/local/lib/python3.10/dist-packages/datos_camara'...
[1.633s] Listing '/home/andre/ros2_ws/install/datos_camara/local/lib/python3.10/dist-packages/datos_camara/msg'...
[1.655s] -- Up-to-date: /home/andre/ros2_ws/install/datos_camara/local/lib/python3.10/dist-packages/datos_camara/datos_camara_s__rosidl_typesupport_fastrtps_c.cpython-310-x86_64-linux-gnu.so
[1.655s] -- Up-to-date: /home/andre/ros2_ws/install/datos_camara/local/lib/python3.10/dist-packages/datos_camara/datos_camara_s__rosidl_typesupport_introspection_c.cpython-310-x86_64-linux-gnu.so
[1.655s] -- Up-to-date: /home/andre/ros2_ws/install/datos_camara/local/lib/python3.10/dist-packages/datos_camara/datos_camara_s__rosidl_typesupport_c.cpython-310-x86_64-linux-gnu.so
[1.655s] -- Up-to-date: /home/andre/ros2_ws/install/datos_camara/lib/libdatos_camara__rosidl_generator_py.so
[1.656s] -- Up-to-date: /home/andre/ros2_ws/install/datos_camara/share/datos_camara/msg/Num.idl
[1.661s] -- Up-to-date: /home/andre/ros2_ws/install/datos_camara/share/datos_camara/msg/Num.msg
[1.663s] -- Up-to-date: /home/andre/ros2_ws/install/datos_camara/share/ament_index/resource_index/package_run_dependencies/datos_camara
[1.664s] -- Up-to-date: /home/andre/ros2_ws/install/datos_camara/share/ament_index/resource_index/parent_prefix_path/datos_camara
[1.669s] -- Up-to-date: /home/andre/ros2_ws/install/datos_camara/share/datos_camara/environment/ament_prefix_path.sh
[1.674s] -- Up-to-date: /home/andre/ros2_ws/install/datos_camara/share/datos_camara/environment/ament_prefix_path.dsv
[1.674s] -- Up-to-date: /home/andre/ros2_ws/install/datos_camara/share/datos_camara/environment/path.sh
[1.675s] -- Up-to-date: /home/andre/ros2_ws/install/datos_camara/share/datos_camara/environment/path.dsv
[1.676s] -- Up-to-date: /home/andre/ros2_ws/install/datos_camara/share/datos_camara/local_setup.bash
[1.676s] -- Up-to-date: /home/andre/ros2_ws/install/datos_camara/share/datos_camara/local_setup.sh
[1.677s] -- Up-to-date: /home/andre/ros2_ws/install/datos_camara/share/datos_camara/local_setup.zsh
[1.677s] -- Up-to-date: /home/andre/ros2_ws/install/datos_camara/share/datos_camara/local_setup.dsv
[1.677s] -- Installing: /home/andre/ros2_ws/install/datos_camara/share/datos_camara/package.dsv
[1.679s] -- Up-to-date: /home/andre/ros2_ws/install/datos_camara/share/ament_index/resource_index/packages/datos_camara
[1.679s] -- Up-to-date: /home/andre/ros2_ws/install/datos_camara/share/datos_camara/cmake/export_datos_camara__rosidl_generator_cExport.cmake
[1.680s] -- Up-to-date: /home/andre/ros2_ws/install/datos_camara/share/datos_camara/cmake/export_datos_camara__rosidl_generator_cExport-noconfig.cmake
[1.680s] -- Up-to-date: /home/andre/ros2_ws/install/datos_camara/share/datos_camara/cmake/export_datos_camara__rosidl_typesupport_fastrtps_cExport.cmake
[1.680s] -- Up-to-date: /home/andre/ros2_ws/install/datos_camara/share/datos_camara/cmake/export_datos_camara__rosidl_typesupport_fastrtps_cExport-noconfig.cmake
[1.680s] -- Up-to-date: /home/andre/ros2_ws/install/datos_camara/share/datos_camara/cmake/export_datos_camara__rosidl_generator_cppExport.cmake
[1.680s] -- Up-to-date: /home/andre/ros2_ws/install/datos_camara/share/datos_camara/cmake/export_datos_camara__rosidl_typesupport_fastrtps_cppExport.cmake
[1.681s] -- Up-to-date: /home/andre/ros2_ws/install/datos_camara/share/datos_camara/cmake/export_datos_camara__rosidl_typesupport_fastrtps_cppExport-noconfig.cmake
[1.682s] -- Up-to-date: /home/andre/ros2_ws/install/datos_camara/share/datos_camara/cmake/datos_camara__rosidl_typesupport_introspection_cExport.cmake
[1.682s] -- Up-to-date: /home/andre/ros2_ws/install/datos_camara/share/datos_camara/cmake/datos_camara__rosidl_typesupport_introspection_cExport-noconfig.cmake
[1.682s] -- Up-to-date: /home/andre/ros2_ws/install/datos_camara/share/datos_camara/cmake/datos_camara__rosidl_typesupport_cExport.cmake
[1.683s] -- Up-to-date: /home/andre/ros2_ws/install/datos_camara/share/datos_camara/cmake/datos_camara__rosidl_typesupport_cExport-noconfig.cmake
[1.683s] -- Up-to-date: /home/andre/ros2_ws/install/datos_camara/share/datos_camara/cmake/datos_camara__rosidl_typesupport_introspection_cppExport.cmake
[1.683s] -- Up-to-date: /home/andre/ros2_ws/install/datos_camara/share/datos_camara/cmake/datos_camara__rosidl_typesupport_introspection_cppExport-noconfig.cmake
[1.684s] -- Up-to-date: /home/andre/ros2_ws/install/datos_camara/share/datos_camara/cmake/datos_camara__rosidl_typesupport_cppExport.cmake
[1.684s] -- Up-to-date: /home/andre/ros2_ws/install/datos_camara/share/datos_camara/cmake/datos_camara__rosidl_typesupport_cppExport-noconfig.cmake
[1.686s] -- Up-to-date: /home/andre/ros2_ws/install/datos_camara/share/datos_camara/cmake/export_datos_camara__rosidl_generator_pyExport.cmake
[1.686s] -- Up-to-date: /home/andre/ros2_ws/install/datos_camara/share/datos_camara/cmake/export_datos_camara__rosidl_generator_pyExport-noconfig.cmake
[1.686s] -- Up-to-date: /home/andre/ros2_ws/install/datos_camara/share/datos_camara/cmake/rosidl_cmake-extras.cmake
[1.687s] -- Up-to-date: /home/andre/ros2_ws/install/datos_camara/share/datos_camara/cmake/ament_cmake_export_dependencies-extras.cmake
[1.687s] -- Up-to-date: /home/andre/ros2_ws/install/datos_camara/share/datos_camara/cmake/ament_cmake_export_include_directories-extras.cmake
[1.691s] -- Up-to-date: /home/andre/ros2_ws/install/datos_camara/share/datos_camara/cmake/ament_cmake_export_libraries-extras.cmake
[1.691s] -- Up-to-date: /home/andre/ros2_ws/install/datos_camara/share/datos_camara/cmake/ament_cmake_export_targets-extras.cmake
[1.691s] -- Up-to-date: /home/andre/ros2_ws/install/datos_camara/share/datos_camara/cmake/rosidl_cmake_export_typesupport_targets-extras.cmake
[1.692s] -- Up-to-date: /home/andre/ros2_ws/install/datos_camara/share/datos_camara/cmake/rosidl_cmake_export_typesupport_libraries-extras.cmake
[1.693s] -- Up-to-date: /home/andre/ros2_ws/install/datos_camara/share/datos_camara/cmake/datos_camaraConfig.cmake
[1.693s] -- Up-to-date: /home/andre/ros2_ws/install/datos_camara/share/datos_camara/cmake/datos_camaraConfig-version.cmake
[1.693s] -- Up-to-date: /home/andre/ros2_ws/install/datos_camara/share/datos_camara/package.xml
[1.694s] Invoked command in '/home/andre/ros2_ws/build/datos_camara' returned '0': CMAKE_PREFIX_PATH=${CMAKE_PREFIX_PATH}:/home/andre/ros2_ws/install/detection_astra_camera:/home/andre/ros2_ws/install/detection_aruco:/opt/ros/humble /usr/bin/cmake --install /home/andre/ros2_ws/build/datos_camara
