[0.026s] Invoking command in '/home/andre/ros2_ws/build/datos_camara': CMAKE_PREFIX_PATH=/opt/ros/humble /usr/bin/cmake --build /home/andre/ros2_ws/build/datos_camara -- -j4 -l4
[0.103s] [35m[1mConsolidate compiler generated dependencies of target datos_camara__rosidl_generator_c[0m
[0.143s] [  3%] Built target datos_camara__cpp
[0.178s] [ 12%] Built target datos_camara__rosidl_generator_c
[0.203s] [ 12%] Built target ament_cmake_python_copy_datos_camara
[0.225s] [35m[1mConsolidate compiler generated dependencies of target datos_camara__rosidl_typesupport_cpp[0m
[0.251s] [35m[1mConsolidate compiler generated dependencies of target datos_camara__rosidl_typesupport_introspection_cpp[0m
[0.254s] [35m[1mConsolidate compiler generated dependencies of target datos_camara__rosidl_typesupport_fastrtps_c[0m
[0.255s] [35m[1mConsolidate compiler generated dependencies of target datos_camara__rosidl_typesupport_fastrtps_cpp[0m
[0.352s] [ 22%] Built target datos_camara__rosidl_typesupport_cpp
[0.384s] [ 32%] Built target datos_camara__rosidl_typesupport_fastrtps_cpp
[0.395s] [ 41%] Built target datos_camara__rosidl_typesupport_introspection_cpp
[0.402s] [ 51%] Built target datos_camara__rosidl_typesupport_fastrtps_c
[0.432s] [35m[1mConsolidate compiler generated dependencies of target datos_camara__rosidl_typesupport_c[0m
[0.439s] [35m[1mConsolidate compiler generated dependencies of target datos_camara__rosidl_typesupport_introspection_c[0m
[0.471s] [ 61%] Built target datos_camara__rosidl_typesupport_c
[0.527s] [ 70%] Built target datos_camara__rosidl_typesupport_introspection_c
[0.668s] [ 70%] Built target datos_camara
[0.828s] [ 74%] Built target datos_camara__py
[0.899s] [35m[1mConsolidate compiler generated dependencies of target datos_camara__rosidl_generator_py[0m
[0.968s] [ 80%] Built target datos_camara__rosidl_generator_py
[1.045s] [35m[1mConsolidate compiler generated dependencies of target datos_camara__rosidl_typesupport_fastrtps_c__pyext[0m
[1.052s] [35m[1mConsolidate compiler generated dependencies of target datos_camara__rosidl_typesupport_introspection_c__pyext[0m
[1.092s] [35m[1mConsolidate compiler generated dependencies of target datos_camara__rosidl_typesupport_c__pyext[0m
[1.145s] [ 87%] Built target datos_camara__rosidl_typesupport_introspection_c__pyext
[1.191s] [ 93%] Built target datos_camara__rosidl_typesupport_c__pyext
[1.195s] [100%] Built target datos_camara__rosidl_typesupport_fastrtps_c__pyext
[1.536s] running egg_info
[1.538s] writing datos_camara.egg-info/PKG-INFO
[1.539s] writing dependency_links to datos_camara.egg-info/dependency_links.txt
[1.539s] writing top-level names to datos_camara.egg-info/top_level.txt
[1.545s] reading manifest file 'datos_camara.egg-info/SOURCES.txt'
[1.547s] writing manifest file 'datos_camara.egg-info/SOURCES.txt'
[1.611s] [100%] Built target ament_cmake_python_build_datos_camara_egg
[1.636s] Invoked command in '/home/andre/ros2_ws/build/datos_camara' returned '0': CMAKE_PREFIX_PATH=/opt/ros/humble /usr/bin/cmake --build /home/andre/ros2_ws/build/datos_camara -- -j4 -l4
[1.762s] Invoking command in '/home/andre/ros2_ws/build/datos_camara': CMAKE_PREFIX_PATH=/opt/ros/humble /usr/bin/cmake --install /home/andre/ros2_ws/build/datos_camara
[1.780s] -- Install configuration: ""
[1.781s] -- Up-to-date: /home/andre/ros2_ws/install/datos_camara/share/ament_index/resource_index/rosidl_interfaces/datos_camara
[1.781s] -- Up-to-date: /home/andre/ros2_ws/install/datos_camara/include/datos_camara/datos_camara
[1.781s] -- Up-to-date: /home/andre/ros2_ws/install/datos_camara/include/datos_camara/datos_camara/msg
[1.782s] -- Up-to-date: /home/andre/ros2_ws/install/datos_camara/include/datos_camara/datos_camara/msg/detail
[1.782s] -- Up-to-date: /home/andre/ros2_ws/install/datos_camara/include/datos_camara/datos_camara/msg/detail/num__functions.h
[1.782s] -- Up-to-date: /home/andre/ros2_ws/install/datos_camara/include/datos_camara/datos_camara/msg/detail/num__struct.h
[1.782s] -- Up-to-date: /home/andre/ros2_ws/install/datos_camara/include/datos_camara/datos_camara/msg/detail/num__functions.c
[1.783s] -- Up-to-date: /home/andre/ros2_ws/install/datos_camara/include/datos_camara/datos_camara/msg/detail/num__type_support.h
[1.783s] -- Up-to-date: /home/andre/ros2_ws/install/datos_camara/include/datos_camara/datos_camara/msg/rosidl_generator_c__visibility_control.h
[1.784s] -- Up-to-date: /home/andre/ros2_ws/install/datos_camara/include/datos_camara/datos_camara/msg/num.h
[1.784s] -- Up-to-date: /home/andre/ros2_ws/install/datos_camara/share/datos_camara/environment/library_path.sh
[1.785s] -- Up-to-date: /home/andre/ros2_ws/install/datos_camara/share/datos_camara/environment/library_path.dsv
[1.785s] -- Up-to-date: /home/andre/ros2_ws/install/datos_camara/lib/libdatos_camara__rosidl_generator_c.so
[1.786s] -- Up-to-date: /home/andre/ros2_ws/install/datos_camara/include/datos_camara/datos_camara
[1.786s] -- Up-to-date: /home/andre/ros2_ws/install/datos_camara/include/datos_camara/datos_camara/msg
[1.787s] -- Up-to-date: /home/andre/ros2_ws/install/datos_camara/include/datos_camara/datos_camara/msg/detail
[1.787s] -- Up-to-date: /home/andre/ros2_ws/install/datos_camara/include/datos_camara/datos_camara/msg/detail/num__rosidl_typesupport_fastrtps_c.h
[1.787s] -- Up-to-date: /home/andre/ros2_ws/install/datos_camara/include/datos_camara/datos_camara/msg/rosidl_typesupport_fastrtps_c__visibility_control.h
[1.788s] -- Up-to-date: /home/andre/ros2_ws/install/datos_camara/lib/libdatos_camara__rosidl_typesupport_fastrtps_c.so
[1.789s] -- Up-to-date: /home/andre/ros2_ws/install/datos_camara/include/datos_camara/datos_camara
[1.790s] -- Up-to-date: /home/andre/ros2_ws/install/datos_camara/include/datos_camara/datos_camara/msg
[1.790s] -- Up-to-date: /home/andre/ros2_ws/install/datos_camara/include/datos_camara/datos_camara/msg/num.hpp
[1.790s] -- Up-to-date: /home/andre/ros2_ws/install/datos_camara/include/datos_camara/datos_camara/msg/detail
[1.791s] -- Up-to-date: /home/andre/ros2_ws/install/datos_camara/include/datos_camara/datos_camara/msg/detail/num__struct.hpp
[1.791s] -- Up-to-date: /home/andre/ros2_ws/install/datos_camara/include/datos_camara/datos_camara/msg/detail/num__traits.hpp
[1.791s] -- Up-to-date: /home/andre/ros2_ws/install/datos_camara/include/datos_camara/datos_camara/msg/detail/num__builder.hpp
[1.792s] -- Up-to-date: /home/andre/ros2_ws/install/datos_camara/include/datos_camara/datos_camara
[1.792s] -- Up-to-date: /home/andre/ros2_ws/install/datos_camara/include/datos_camara/datos_camara/msg
[1.793s] -- Up-to-date: /home/andre/ros2_ws/install/datos_camara/include/datos_camara/datos_camara/msg/detail
[1.793s] -- Up-to-date: /home/andre/ros2_ws/install/datos_camara/include/datos_camara/datos_camara/msg/detail/num__rosidl_typesupport_fastrtps_cpp.hpp
[1.793s] -- Up-to-date: /home/andre/ros2_ws/install/datos_camara/include/datos_camara/datos_camara/msg/detail/dds_fastrtps
[1.793s] -- Up-to-date: /home/andre/ros2_ws/install/datos_camara/include/datos_camara/datos_camara/msg/rosidl_typesupport_fastrtps_cpp__visibility_control.h
[1.794s] -- Up-to-date: /home/andre/ros2_ws/install/datos_camara/lib/libdatos_camara__rosidl_typesupport_fastrtps_cpp.so
[1.794s] -- Up-to-date: /home/andre/ros2_ws/install/datos_camara/include/datos_camara/datos_camara
[1.794s] -- Up-to-date: /home/andre/ros2_ws/install/datos_camara/include/datos_camara/datos_camara/msg
[1.794s] -- Up-to-date: /home/andre/ros2_ws/install/datos_camara/include/datos_camara/datos_camara/msg/detail
[1.794s] -- Up-to-date: /home/andre/ros2_ws/install/datos_camara/include/datos_camara/datos_camara/msg/detail/num__rosidl_typesupport_introspection_c.h
[1.794s] -- Up-to-date: /home/andre/ros2_ws/install/datos_camara/include/datos_camara/datos_camara/msg/detail/num__type_support.c
[1.795s] -- Up-to-date: /home/andre/ros2_ws/install/datos_camara/include/datos_camara/datos_camara/msg/rosidl_typesupport_introspection_c__visibility_control.h
[1.795s] -- Up-to-date: /home/andre/ros2_ws/install/datos_camara/lib/libdatos_camara__rosidl_typesupport_introspection_c.so
[1.796s] -- Up-to-date: /home/andre/ros2_ws/install/datos_camara/lib/libdatos_camara__rosidl_typesupport_c.so
[1.796s] -- Up-to-date: /home/andre/ros2_ws/install/datos_camara/include/datos_camara/datos_camara
[1.796s] -- Up-to-date: /home/andre/ros2_ws/install/datos_camara/include/datos_camara/datos_camara/msg
[1.797s] -- Up-to-date: /home/andre/ros2_ws/install/datos_camara/include/datos_camara/datos_camara/msg/detail
[1.797s] -- Up-to-date: /home/andre/ros2_ws/install/datos_camara/include/datos_camara/datos_camara/msg/detail/num__rosidl_typesupport_introspection_cpp.hpp
[1.797s] -- Up-to-date: /home/andre/ros2_ws/install/datos_camara/include/datos_camara/datos_camara/msg/detail/num__type_support.cpp
[1.797s] -- Up-to-date: /home/andre/ros2_ws/install/datos_camara/lib/libdatos_camara__rosidl_typesupport_introspection_cpp.so
[1.798s] -- Up-to-date: /home/andre/ros2_ws/install/datos_camara/lib/libdatos_camara__rosidl_typesupport_cpp.so
[1.798s] -- Up-to-date: /home/andre/ros2_ws/install/datos_camara/share/datos_camara/environment/pythonpath.sh
[1.799s] -- Up-to-date: /home/andre/ros2_ws/install/datos_camara/share/datos_camara/environment/pythonpath.dsv
[1.800s] -- Up-to-date: /home/andre/ros2_ws/install/datos_camara/local/lib/python3.10/dist-packages/datos_camara-0.0.0-py3.10.egg-info
[1.800s] -- Installing: /home/andre/ros2_ws/install/datos_camara/local/lib/python3.10/dist-packages/datos_camara-0.0.0-py3.10.egg-info/PKG-INFO
[1.801s] -- Installing: /home/andre/ros2_ws/install/datos_camara/local/lib/python3.10/dist-packages/datos_camara-0.0.0-py3.10.egg-info/dependency_links.txt
[1.801s] -- Installing: /home/andre/ros2_ws/install/datos_camara/local/lib/python3.10/dist-packages/datos_camara-0.0.0-py3.10.egg-info/SOURCES.txt
[1.801s] -- Installing: /home/andre/ros2_ws/install/datos_camara/local/lib/python3.10/dist-packages/datos_camara-0.0.0-py3.10.egg-info/top_level.txt
[1.803s] -- Up-to-date: /home/andre/ros2_ws/install/datos_camara/local/lib/python3.10/dist-packages/datos_camara
[1.803s] -- Up-to-date: /home/andre/ros2_ws/install/datos_camara/local/lib/python3.10/dist-packages/datos_camara/_datos_camara_s.ep.rosidl_typesupport_introspection_c.c
[1.803s] -- Up-to-date: /home/andre/ros2_ws/install/datos_camara/local/lib/python3.10/dist-packages/datos_camara/datos_camara_s__rosidl_typesupport_c.cpython-310-x86_64-linux-gnu.so
[1.805s] -- Up-to-date: /home/andre/ros2_ws/install/datos_camara/local/lib/python3.10/dist-packages/datos_camara/datos_camara_s__rosidl_typesupport_fastrtps_c.cpython-310-x86_64-linux-gnu.so
[1.805s] -- Up-to-date: /home/andre/ros2_ws/install/datos_camara/local/lib/python3.10/dist-packages/datos_camara/_datos_camara_s.ep.rosidl_typesupport_c.c
[1.805s] -- Up-to-date: /home/andre/ros2_ws/install/datos_camara/local/lib/python3.10/dist-packages/datos_camara/_datos_camara_s.ep.rosidl_typesupport_fastrtps_c.c
[1.805s] -- Up-to-date: /home/andre/ros2_ws/install/datos_camara/local/lib/python3.10/dist-packages/datos_camara/libdatos_camara__rosidl_generator_py.so
[1.806s] -- Up-to-date: /home/andre/ros2_ws/install/datos_camara/local/lib/python3.10/dist-packages/datos_camara/__init__.py
[1.806s] -- Up-to-date: /home/andre/ros2_ws/install/datos_camara/local/lib/python3.10/dist-packages/datos_camara/datos_camara_s__rosidl_typesupport_introspection_c.cpython-310-x86_64-linux-gnu.so
[1.806s] -- Up-to-date: /home/andre/ros2_ws/install/datos_camara/local/lib/python3.10/dist-packages/datos_camara/msg
[1.806s] -- Up-to-date: /home/andre/ros2_ws/install/datos_camara/local/lib/python3.10/dist-packages/datos_camara/msg/_num.py
[1.806s] -- Up-to-date: /home/andre/ros2_ws/install/datos_camara/local/lib/python3.10/dist-packages/datos_camara/msg/_num_s.c
[1.806s] -- Up-to-date: /home/andre/ros2_ws/install/datos_camara/local/lib/python3.10/dist-packages/datos_camara/msg/__init__.py
[1.868s] Listing '/home/andre/ros2_ws/install/datos_camara/local/lib/python3.10/dist-packages/datos_camara'...
[1.868s] Listing '/home/andre/ros2_ws/install/datos_camara/local/lib/python3.10/dist-packages/datos_camara/msg'...
[1.878s] -- Up-to-date: /home/andre/ros2_ws/install/datos_camara/local/lib/python3.10/dist-packages/datos_camara/datos_camara_s__rosidl_typesupport_fastrtps_c.cpython-310-x86_64-linux-gnu.so
[1.879s] -- Up-to-date: /home/andre/ros2_ws/install/datos_camara/local/lib/python3.10/dist-packages/datos_camara/datos_camara_s__rosidl_typesupport_introspection_c.cpython-310-x86_64-linux-gnu.so
[1.880s] -- Up-to-date: /home/andre/ros2_ws/install/datos_camara/local/lib/python3.10/dist-packages/datos_camara/datos_camara_s__rosidl_typesupport_c.cpython-310-x86_64-linux-gnu.so
[1.881s] -- Up-to-date: /home/andre/ros2_ws/install/datos_camara/lib/libdatos_camara__rosidl_generator_py.so
[1.881s] -- Up-to-date: /home/andre/ros2_ws/install/datos_camara/share/datos_camara/msg/Num.idl
[1.881s] -- Up-to-date: /home/andre/ros2_ws/install/datos_camara/share/datos_camara/msg/Num.msg
[1.881s] -- Up-to-date: /home/andre/ros2_ws/install/datos_camara/share/ament_index/resource_index/package_run_dependencies/datos_camara
[1.882s] -- Up-to-date: /home/andre/ros2_ws/install/datos_camara/share/ament_index/resource_index/parent_prefix_path/datos_camara
[1.882s] -- Up-to-date: /home/andre/ros2_ws/install/datos_camara/share/datos_camara/environment/ament_prefix_path.sh
[1.882s] -- Up-to-date: /home/andre/ros2_ws/install/datos_camara/share/datos_camara/environment/ament_prefix_path.dsv
[1.882s] -- Up-to-date: /home/andre/ros2_ws/install/datos_camara/share/datos_camara/environment/path.sh
[1.882s] -- Up-to-date: /home/andre/ros2_ws/install/datos_camara/share/datos_camara/environment/path.dsv
[1.882s] -- Up-to-date: /home/andre/ros2_ws/install/datos_camara/share/datos_camara/local_setup.bash
[1.883s] -- Up-to-date: /home/andre/ros2_ws/install/datos_camara/share/datos_camara/local_setup.sh
[1.883s] -- Up-to-date: /home/andre/ros2_ws/install/datos_camara/share/datos_camara/local_setup.zsh
[1.883s] -- Up-to-date: /home/andre/ros2_ws/install/datos_camara/share/datos_camara/local_setup.dsv
[1.883s] -- Installing: /home/andre/ros2_ws/install/datos_camara/share/datos_camara/package.dsv
[1.883s] -- Up-to-date: /home/andre/ros2_ws/install/datos_camara/share/ament_index/resource_index/packages/datos_camara
[1.883s] -- Up-to-date: /home/andre/ros2_ws/install/datos_camara/share/datos_camara/cmake/export_datos_camara__rosidl_generator_cExport.cmake
[1.884s] -- Up-to-date: /home/andre/ros2_ws/install/datos_camara/share/datos_camara/cmake/export_datos_camara__rosidl_generator_cExport-noconfig.cmake
[1.884s] -- Up-to-date: /home/andre/ros2_ws/install/datos_camara/share/datos_camara/cmake/export_datos_camara__rosidl_typesupport_fastrtps_cExport.cmake
[1.884s] -- Up-to-date: /home/andre/ros2_ws/install/datos_camara/share/datos_camara/cmake/export_datos_camara__rosidl_typesupport_fastrtps_cExport-noconfig.cmake
[1.884s] -- Up-to-date: /home/andre/ros2_ws/install/datos_camara/share/datos_camara/cmake/export_datos_camara__rosidl_generator_cppExport.cmake
[1.884s] -- Up-to-date: /home/andre/ros2_ws/install/datos_camara/share/datos_camara/cmake/export_datos_camara__rosidl_typesupport_fastrtps_cppExport.cmake
[1.884s] -- Up-to-date: /home/andre/ros2_ws/install/datos_camara/share/datos_camara/cmake/export_datos_camara__rosidl_typesupport_fastrtps_cppExport-noconfig.cmake
[1.885s] -- Up-to-date: /home/andre/ros2_ws/install/datos_camara/share/datos_camara/cmake/datos_camara__rosidl_typesupport_introspection_cExport.cmake
[1.885s] -- Up-to-date: /home/andre/ros2_ws/install/datos_camara/share/datos_camara/cmake/datos_camara__rosidl_typesupport_introspection_cExport-noconfig.cmake
[1.885s] -- Up-to-date: /home/andre/ros2_ws/install/datos_camara/share/datos_camara/cmake/datos_camara__rosidl_typesupport_cExport.cmake
[1.885s] -- Up-to-date: /home/andre/ros2_ws/install/datos_camara/share/datos_camara/cmake/datos_camara__rosidl_typesupport_cExport-noconfig.cmake
[1.885s] -- Up-to-date: /home/andre/ros2_ws/install/datos_camara/share/datos_camara/cmake/datos_camara__rosidl_typesupport_introspection_cppExport.cmake
[1.886s] -- Up-to-date: /home/andre/ros2_ws/install/datos_camara/share/datos_camara/cmake/datos_camara__rosidl_typesupport_introspection_cppExport-noconfig.cmake
[1.886s] -- Up-to-date: /home/andre/ros2_ws/install/datos_camara/share/datos_camara/cmake/datos_camara__rosidl_typesupport_cppExport.cmake
[1.886s] -- Up-to-date: /home/andre/ros2_ws/install/datos_camara/share/datos_camara/cmake/datos_camara__rosidl_typesupport_cppExport-noconfig.cmake
[1.887s] -- Up-to-date: /home/andre/ros2_ws/install/datos_camara/share/datos_camara/cmake/export_datos_camara__rosidl_generator_pyExport.cmake
[1.887s] -- Up-to-date: /home/andre/ros2_ws/install/datos_camara/share/datos_camara/cmake/export_datos_camara__rosidl_generator_pyExport-noconfig.cmake
[1.887s] -- Up-to-date: /home/andre/ros2_ws/install/datos_camara/share/datos_camara/cmake/rosidl_cmake-extras.cmake
[1.887s] -- Up-to-date: /home/andre/ros2_ws/install/datos_camara/share/datos_camara/cmake/ament_cmake_export_dependencies-extras.cmake
[1.898s] -- Up-to-date: /home/andre/ros2_ws/install/datos_camara/share/datos_camara/cmake/ament_cmake_export_include_directories-extras.cmake
[1.899s] -- Up-to-date: /home/andre/ros2_ws/install/datos_camara/share/datos_camara/cmake/ament_cmake_export_libraries-extras.cmake
[1.901s] -- Up-to-date: /home/andre/ros2_ws/install/datos_camara/share/datos_camara/cmake/ament_cmake_export_targets-extras.cmake
[1.902s] -- Up-to-date: /home/andre/ros2_ws/install/datos_camara/share/datos_camara/cmake/rosidl_cmake_export_typesupport_targets-extras.cmake
[1.902s] -- Up-to-date: /home/andre/ros2_ws/install/datos_camara/share/datos_camara/cmake/rosidl_cmake_export_typesupport_libraries-extras.cmake
[1.902s] -- Up-to-date: /home/andre/ros2_ws/install/datos_camara/share/datos_camara/cmake/datos_camaraConfig.cmake
[1.902s] -- Up-to-date: /home/andre/ros2_ws/install/datos_camara/share/datos_camara/cmake/datos_camaraConfig-version.cmake
[1.903s] -- Up-to-date: /home/andre/ros2_ws/install/datos_camara/share/datos_camara/package.xml
[1.904s] Invoked command in '/home/andre/ros2_ws/build/datos_camara' returned '0': CMAKE_PREFIX_PATH=/opt/ros/humble /usr/bin/cmake --install /home/andre/ros2_ws/build/datos_camara
