[0.084s] Invoking command in '/home/andre/ros2_ws/build/datos_camara': CMAKE_PREFIX_PATH=${CMAKE_PREFIX_PATH}:/home/andre/ros2_ws/install/detection_astra_camera:/home/andre/ros2_ws/install/detection_aruco:/opt/ros/humble /usr/bin/cmake --build /home/andre/ros2_ws/build/datos_camara -- -j4 -l4
[0.315s] [  3%] Built target datos_camara__cpp
[0.494s] [  3%] Built target ament_cmake_python_copy_datos_camara
[0.661s] [ 12%] Built target datos_camara__rosidl_typesupport_fastrtps_cpp
[0.877s] [ 22%] Built target datos_camara__rosidl_typesupport_introspection_cpp
[2.497s] running egg_info
[2.501s] writing datos_camara.egg-info/PKG-INFO
[2.501s] writing dependency_links to datos_camara.egg-info/dependency_links.txt
[2.501s] writing top-level names to datos_camara.egg-info/top_level.txt
[2.505s] reading manifest file 'datos_camara.egg-info/SOURCES.txt'
[2.506s] writing manifest file 'datos_camara.egg-info/SOURCES.txt'
[2.655s] [ 22%] Built target ament_cmake_python_build_datos_camara_egg
[2.755s] [ 32%] Built target datos_camara__rosidl_typesupport_cpp
[2.823s] [ 41%] Built target datos_camara__rosidl_generator_c
[2.924s] [ 51%] Built target datos_camara__rosidl_typesupport_fastrtps_c
[3.073s] [ 61%] Built target datos_camara__rosidl_typesupport_c
[3.190s] [ 70%] Built target datos_camara__rosidl_typesupport_introspection_c
[3.302s] [ 70%] Built target datos_camara
[3.476s] [ 74%] Built target datos_camara__py
[3.705s] [ 80%] Built target datos_camara__rosidl_generator_py
[3.876s] [ 87%] Built target datos_camara__rosidl_typesupport_fastrtps_c__pyext
[4.005s] [ 93%] Built target datos_camara__rosidl_typesupport_c__pyext
[4.106s] [100%] Built target datos_camara__rosidl_typesupport_introspection_c__pyext
[4.164s] Invoked command in '/home/andre/ros2_ws/build/datos_camara' returned '0': CMAKE_PREFIX_PATH=${CMAKE_PREFIX_PATH}:/home/andre/ros2_ws/install/detection_astra_camera:/home/andre/ros2_ws/install/detection_aruco:/opt/ros/humble /usr/bin/cmake --build /home/andre/ros2_ws/build/datos_camara -- -j4 -l4
[4.441s] Invoking command in '/home/andre/ros2_ws/build/datos_camara': CMAKE_PREFIX_PATH=${CMAKE_PREFIX_PATH}:/home/andre/ros2_ws/install/detection_astra_camera:/home/andre/ros2_ws/install/detection_aruco:/opt/ros/humble /usr/bin/cmake --install /home/andre/ros2_ws/build/datos_camara
[4.556s] -- Install configuration: ""
[4.556s] -- Up-to-date: /home/andre/ros2_ws/install/datos_camara/share/ament_index/resource_index/rosidl_interfaces/datos_camara
[4.563s] -- Up-to-date: /home/andre/ros2_ws/install/datos_camara/include/datos_camara/datos_camara
[4.563s] -- Up-to-date: /home/andre/ros2_ws/install/datos_camara/include/datos_camara/datos_camara/msg
[4.563s] -- Up-to-date: /home/andre/ros2_ws/install/datos_camara/include/datos_camara/datos_camara/msg/detail
[4.563s] -- Up-to-date: /home/andre/ros2_ws/install/datos_camara/include/datos_camara/datos_camara/msg/detail/num__functions.h
[4.563s] -- Up-to-date: /home/andre/ros2_ws/install/datos_camara/include/datos_camara/datos_camara/msg/detail/num__struct.h
[4.569s] -- Up-to-date: /home/andre/ros2_ws/install/datos_camara/include/datos_camara/datos_camara/msg/detail/num__functions.c
[4.569s] -- Up-to-date: /home/andre/ros2_ws/install/datos_camara/include/datos_camara/datos_camara/msg/detail/num__type_support.h
[4.570s] -- Up-to-date: /home/andre/ros2_ws/install/datos_camara/include/datos_camara/datos_camara/msg/rosidl_generator_c__visibility_control.h
[4.570s] -- Up-to-date: /home/andre/ros2_ws/install/datos_camara/include/datos_camara/datos_camara/msg/num.h
[4.571s] -- Up-to-date: /home/andre/ros2_ws/install/datos_camara/share/datos_camara/environment/library_path.sh
[4.571s] -- Up-to-date: /home/andre/ros2_ws/install/datos_camara/share/datos_camara/environment/library_path.dsv
[4.593s] -- Up-to-date: /home/andre/ros2_ws/install/datos_camara/lib/libdatos_camara__rosidl_generator_c.so
[4.608s] -- Up-to-date: /home/andre/ros2_ws/install/datos_camara/include/datos_camara/datos_camara
[4.609s] -- Up-to-date: /home/andre/ros2_ws/install/datos_camara/include/datos_camara/datos_camara/msg
[4.609s] -- Up-to-date: /home/andre/ros2_ws/install/datos_camara/include/datos_camara/datos_camara/msg/detail
[4.609s] -- Up-to-date: /home/andre/ros2_ws/install/datos_camara/include/datos_camara/datos_camara/msg/detail/num__rosidl_typesupport_fastrtps_c.h
[4.609s] -- Up-to-date: /home/andre/ros2_ws/install/datos_camara/include/datos_camara/datos_camara/msg/rosidl_typesupport_fastrtps_c__visibility_control.h
[4.641s] -- Up-to-date: /home/andre/ros2_ws/install/datos_camara/lib/libdatos_camara__rosidl_typesupport_fastrtps_c.so
[4.641s] -- Up-to-date: /home/andre/ros2_ws/install/datos_camara/include/datos_camara/datos_camara
[4.641s] -- Up-to-date: /home/andre/ros2_ws/install/datos_camara/include/datos_camara/datos_camara/msg
[4.641s] -- Up-to-date: /home/andre/ros2_ws/install/datos_camara/include/datos_camara/datos_camara/msg/num.hpp
[4.641s] -- Up-to-date: /home/andre/ros2_ws/install/datos_camara/include/datos_camara/datos_camara/msg/detail
[4.642s] -- Up-to-date: /home/andre/ros2_ws/install/datos_camara/include/datos_camara/datos_camara/msg/detail/num__struct.hpp
[4.642s] -- Up-to-date: /home/andre/ros2_ws/install/datos_camara/include/datos_camara/datos_camara/msg/detail/num__traits.hpp
[4.642s] -- Up-to-date: /home/andre/ros2_ws/install/datos_camara/include/datos_camara/datos_camara/msg/detail/num__builder.hpp
[4.642s] -- Up-to-date: /home/andre/ros2_ws/install/datos_camara/include/datos_camara/datos_camara
[4.642s] -- Up-to-date: /home/andre/ros2_ws/install/datos_camara/include/datos_camara/datos_camara/msg
[4.642s] -- Up-to-date: /home/andre/ros2_ws/install/datos_camara/include/datos_camara/datos_camara/msg/detail
[4.642s] -- Up-to-date: /home/andre/ros2_ws/install/datos_camara/include/datos_camara/datos_camara/msg/detail/num__rosidl_typesupport_fastrtps_cpp.hpp
[4.642s] -- Up-to-date: /home/andre/ros2_ws/install/datos_camara/include/datos_camara/datos_camara/msg/detail/dds_fastrtps
[4.643s] -- Up-to-date: /home/andre/ros2_ws/install/datos_camara/include/datos_camara/datos_camara/msg/rosidl_typesupport_fastrtps_cpp__visibility_control.h
[4.643s] -- Up-to-date: /home/andre/ros2_ws/install/datos_camara/lib/libdatos_camara__rosidl_typesupport_fastrtps_cpp.so
[4.643s] -- Up-to-date: /home/andre/ros2_ws/install/datos_camara/include/datos_camara/datos_camara
[4.643s] -- Up-to-date: /home/andre/ros2_ws/install/datos_camara/include/datos_camara/datos_camara/msg
[4.643s] -- Up-to-date: /home/andre/ros2_ws/install/datos_camara/include/datos_camara/datos_camara/msg/detail
[4.643s] -- Up-to-date: /home/andre/ros2_ws/install/datos_camara/include/datos_camara/datos_camara/msg/detail/num__rosidl_typesupport_introspection_c.h
[4.643s] -- Up-to-date: /home/andre/ros2_ws/install/datos_camara/include/datos_camara/datos_camara/msg/detail/num__type_support.c
[4.643s] -- Up-to-date: /home/andre/ros2_ws/install/datos_camara/include/datos_camara/datos_camara/msg/rosidl_typesupport_introspection_c__visibility_control.h
[4.656s] -- Up-to-date: /home/andre/ros2_ws/install/datos_camara/lib/libdatos_camara__rosidl_typesupport_introspection_c.so
[4.656s] -- Up-to-date: /home/andre/ros2_ws/install/datos_camara/lib/libdatos_camara__rosidl_typesupport_c.so
[4.657s] -- Up-to-date: /home/andre/ros2_ws/install/datos_camara/include/datos_camara/datos_camara
[4.657s] -- Up-to-date: /home/andre/ros2_ws/install/datos_camara/include/datos_camara/datos_camara/msg
[4.657s] -- Up-to-date: /home/andre/ros2_ws/install/datos_camara/include/datos_camara/datos_camara/msg/detail
[4.657s] -- Up-to-date: /home/andre/ros2_ws/install/datos_camara/include/datos_camara/datos_camara/msg/detail/num__rosidl_typesupport_introspection_cpp.hpp
[4.657s] -- Up-to-date: /home/andre/ros2_ws/install/datos_camara/include/datos_camara/datos_camara/msg/detail/num__type_support.cpp
[4.657s] -- Up-to-date: /home/andre/ros2_ws/install/datos_camara/lib/libdatos_camara__rosidl_typesupport_introspection_cpp.so
[4.657s] -- Up-to-date: /home/andre/ros2_ws/install/datos_camara/lib/libdatos_camara__rosidl_typesupport_cpp.so
[4.657s] -- Up-to-date: /home/andre/ros2_ws/install/datos_camara/share/datos_camara/environment/pythonpath.sh
[4.658s] -- Up-to-date: /home/andre/ros2_ws/install/datos_camara/share/datos_camara/environment/pythonpath.dsv
[4.658s] -- Up-to-date: /home/andre/ros2_ws/install/datos_camara/local/lib/python3.10/dist-packages/datos_camara-0.0.0-py3.10.egg-info
[4.658s] -- Installing: /home/andre/ros2_ws/install/datos_camara/local/lib/python3.10/dist-packages/datos_camara-0.0.0-py3.10.egg-info/PKG-INFO
[4.658s] -- Installing: /home/andre/ros2_ws/install/datos_camara/local/lib/python3.10/dist-packages/datos_camara-0.0.0-py3.10.egg-info/dependency_links.txt
[4.658s] -- Installing: /home/andre/ros2_ws/install/datos_camara/local/lib/python3.10/dist-packages/datos_camara-0.0.0-py3.10.egg-info/SOURCES.txt
[4.658s] -- Installing: /home/andre/ros2_ws/install/datos_camara/local/lib/python3.10/dist-packages/datos_camara-0.0.0-py3.10.egg-info/top_level.txt
[4.658s] -- Up-to-date: /home/andre/ros2_ws/install/datos_camara/local/lib/python3.10/dist-packages/datos_camara
[4.659s] -- Up-to-date: /home/andre/ros2_ws/install/datos_camara/local/lib/python3.10/dist-packages/datos_camara/_datos_camara_s.ep.rosidl_typesupport_introspection_c.c
[4.659s] -- Up-to-date: /home/andre/ros2_ws/install/datos_camara/local/lib/python3.10/dist-packages/datos_camara/datos_camara_s__rosidl_typesupport_c.cpython-310-x86_64-linux-gnu.so
[4.659s] -- Up-to-date: /home/andre/ros2_ws/install/datos_camara/local/lib/python3.10/dist-packages/datos_camara/datos_camara_s__rosidl_typesupport_fastrtps_c.cpython-310-x86_64-linux-gnu.so
[4.659s] -- Up-to-date: /home/andre/ros2_ws/install/datos_camara/local/lib/python3.10/dist-packages/datos_camara/_datos_camara_s.ep.rosidl_typesupport_c.c
[4.659s] -- Up-to-date: /home/andre/ros2_ws/install/datos_camara/local/lib/python3.10/dist-packages/datos_camara/_datos_camara_s.ep.rosidl_typesupport_fastrtps_c.c
[4.679s] -- Up-to-date: /home/andre/ros2_ws/install/datos_camara/local/lib/python3.10/dist-packages/datos_camara/libdatos_camara__rosidl_generator_py.so
[4.679s] -- Up-to-date: /home/andre/ros2_ws/install/datos_camara/local/lib/python3.10/dist-packages/datos_camara/__init__.py
[4.684s] -- Up-to-date: /home/andre/ros2_ws/install/datos_camara/local/lib/python3.10/dist-packages/datos_camara/datos_camara_s__rosidl_typesupport_introspection_c.cpython-310-x86_64-linux-gnu.so
[4.684s] -- Up-to-date: /home/andre/ros2_ws/install/datos_camara/local/lib/python3.10/dist-packages/datos_camara/msg
[4.684s] -- Up-to-date: /home/andre/ros2_ws/install/datos_camara/local/lib/python3.10/dist-packages/datos_camara/msg/_num.py
[4.684s] -- Up-to-date: /home/andre/ros2_ws/install/datos_camara/local/lib/python3.10/dist-packages/datos_camara/msg/_num_s.c
[4.685s] -- Up-to-date: /home/andre/ros2_ws/install/datos_camara/local/lib/python3.10/dist-packages/datos_camara/msg/__init__.py
[4.704s] Listing '/home/andre/ros2_ws/install/datos_camara/local/lib/python3.10/dist-packages/datos_camara'...
[4.704s] Listing '/home/andre/ros2_ws/install/datos_camara/local/lib/python3.10/dist-packages/datos_camara/msg'...
[4.704s] -- Up-to-date: /home/andre/ros2_ws/install/datos_camara/local/lib/python3.10/dist-packages/datos_camara/datos_camara_s__rosidl_typesupport_fastrtps_c.cpython-310-x86_64-linux-gnu.so
[4.704s] -- Up-to-date: /home/andre/ros2_ws/install/datos_camara/local/lib/python3.10/dist-packages/datos_camara/datos_camara_s__rosidl_typesupport_introspection_c.cpython-310-x86_64-linux-gnu.so
[4.704s] -- Up-to-date: /home/andre/ros2_ws/install/datos_camara/local/lib/python3.10/dist-packages/datos_camara/datos_camara_s__rosidl_typesupport_c.cpython-310-x86_64-linux-gnu.so
[4.705s] -- Up-to-date: /home/andre/ros2_ws/install/datos_camara/lib/libdatos_camara__rosidl_generator_py.so
[4.705s] -- Up-to-date: /home/andre/ros2_ws/install/datos_camara/share/datos_camara/msg/Num.idl
[4.705s] -- Up-to-date: /home/andre/ros2_ws/install/datos_camara/share/datos_camara/msg/Num.msg
[4.705s] -- Up-to-date: /home/andre/ros2_ws/install/datos_camara/share/ament_index/resource_index/package_run_dependencies/datos_camara
[4.705s] -- Up-to-date: /home/andre/ros2_ws/install/datos_camara/share/ament_index/resource_index/parent_prefix_path/datos_camara
[4.705s] -- Up-to-date: /home/andre/ros2_ws/install/datos_camara/share/datos_camara/environment/ament_prefix_path.sh
[4.706s] -- Up-to-date: /home/andre/ros2_ws/install/datos_camara/share/datos_camara/environment/ament_prefix_path.dsv
[4.706s] -- Up-to-date: /home/andre/ros2_ws/install/datos_camara/share/datos_camara/environment/path.sh
[4.706s] -- Up-to-date: /home/andre/ros2_ws/install/datos_camara/share/datos_camara/environment/path.dsv
[4.706s] -- Up-to-date: /home/andre/ros2_ws/install/datos_camara/share/datos_camara/local_setup.bash
[4.707s] -- Up-to-date: /home/andre/ros2_ws/install/datos_camara/share/datos_camara/local_setup.sh
[4.707s] -- Up-to-date: /home/andre/ros2_ws/install/datos_camara/share/datos_camara/local_setup.zsh
[4.707s] -- Up-to-date: /home/andre/ros2_ws/install/datos_camara/share/datos_camara/local_setup.dsv
[4.707s] -- Installing: /home/andre/ros2_ws/install/datos_camara/share/datos_camara/package.dsv
[4.707s] -- Up-to-date: /home/andre/ros2_ws/install/datos_camara/share/ament_index/resource_index/packages/datos_camara
[4.707s] -- Up-to-date: /home/andre/ros2_ws/install/datos_camara/share/datos_camara/cmake/export_datos_camara__rosidl_generator_cExport.cmake
[4.708s] -- Up-to-date: /home/andre/ros2_ws/install/datos_camara/share/datos_camara/cmake/export_datos_camara__rosidl_generator_cExport-noconfig.cmake
[4.708s] -- Up-to-date: /home/andre/ros2_ws/install/datos_camara/share/datos_camara/cmake/export_datos_camara__rosidl_typesupport_fastrtps_cExport.cmake
[4.708s] -- Up-to-date: /home/andre/ros2_ws/install/datos_camara/share/datos_camara/cmake/export_datos_camara__rosidl_typesupport_fastrtps_cExport-noconfig.cmake
[4.708s] -- Up-to-date: /home/andre/ros2_ws/install/datos_camara/share/datos_camara/cmake/export_datos_camara__rosidl_generator_cppExport.cmake
[4.708s] -- Up-to-date: /home/andre/ros2_ws/install/datos_camara/share/datos_camara/cmake/export_datos_camara__rosidl_typesupport_fastrtps_cppExport.cmake
[4.714s] -- Up-to-date: /home/andre/ros2_ws/install/datos_camara/share/datos_camara/cmake/export_datos_camara__rosidl_typesupport_fastrtps_cppExport-noconfig.cmake
[4.714s] -- Up-to-date: /home/andre/ros2_ws/install/datos_camara/share/datos_camara/cmake/datos_camara__rosidl_typesupport_introspection_cExport.cmake
[4.714s] -- Up-to-date: /home/andre/ros2_ws/install/datos_camara/share/datos_camara/cmake/datos_camara__rosidl_typesupport_introspection_cExport-noconfig.cmake
[4.715s] -- Up-to-date: /home/andre/ros2_ws/install/datos_camara/share/datos_camara/cmake/datos_camara__rosidl_typesupport_cExport.cmake
[4.715s] -- Up-to-date: /home/andre/ros2_ws/install/datos_camara/share/datos_camara/cmake/datos_camara__rosidl_typesupport_cExport-noconfig.cmake
[4.715s] -- Up-to-date: /home/andre/ros2_ws/install/datos_camara/share/datos_camara/cmake/datos_camara__rosidl_typesupport_introspection_cppExport.cmake
[4.715s] -- Up-to-date: /home/andre/ros2_ws/install/datos_camara/share/datos_camara/cmake/datos_camara__rosidl_typesupport_introspection_cppExport-noconfig.cmake
[4.715s] -- Up-to-date: /home/andre/ros2_ws/install/datos_camara/share/datos_camara/cmake/datos_camara__rosidl_typesupport_cppExport.cmake
[4.715s] -- Up-to-date: /home/andre/ros2_ws/install/datos_camara/share/datos_camara/cmake/datos_camara__rosidl_typesupport_cppExport-noconfig.cmake
[4.716s] -- Up-to-date: /home/andre/ros2_ws/install/datos_camara/share/datos_camara/cmake/export_datos_camara__rosidl_generator_pyExport.cmake
[4.716s] -- Up-to-date: /home/andre/ros2_ws/install/datos_camara/share/datos_camara/cmake/export_datos_camara__rosidl_generator_pyExport-noconfig.cmake
[4.716s] -- Up-to-date: /home/andre/ros2_ws/install/datos_camara/share/datos_camara/cmake/rosidl_cmake-extras.cmake
[4.716s] -- Up-to-date: /home/andre/ros2_ws/install/datos_camara/share/datos_camara/cmake/ament_cmake_export_dependencies-extras.cmake
[4.716s] -- Up-to-date: /home/andre/ros2_ws/install/datos_camara/share/datos_camara/cmake/ament_cmake_export_include_directories-extras.cmake
[4.716s] -- Up-to-date: /home/andre/ros2_ws/install/datos_camara/share/datos_camara/cmake/ament_cmake_export_libraries-extras.cmake
[4.717s] -- Up-to-date: /home/andre/ros2_ws/install/datos_camara/share/datos_camara/cmake/ament_cmake_export_targets-extras.cmake
[4.717s] -- Up-to-date: /home/andre/ros2_ws/install/datos_camara/share/datos_camara/cmake/rosidl_cmake_export_typesupport_targets-extras.cmake
[4.717s] -- Up-to-date: /home/andre/ros2_ws/install/datos_camara/share/datos_camara/cmake/rosidl_cmake_export_typesupport_libraries-extras.cmake
[4.717s] -- Up-to-date: /home/andre/ros2_ws/install/datos_camara/share/datos_camara/cmake/datos_camaraConfig.cmake
[4.717s] -- Up-to-date: /home/andre/ros2_ws/install/datos_camara/share/datos_camara/cmake/datos_camaraConfig-version.cmake
[4.717s] -- Up-to-date: /home/andre/ros2_ws/install/datos_camara/share/datos_camara/package.xml
[4.732s] Invoked command in '/home/andre/ros2_ws/build/datos_camara' returned '0': CMAKE_PREFIX_PATH=${CMAKE_PREFIX_PATH}:/home/andre/ros2_ws/install/detection_astra_camera:/home/andre/ros2_ws/install/detection_aruco:/opt/ros/humble /usr/bin/cmake --install /home/andre/ros2_ws/build/datos_camara
