[0.849s] Invoking command in '/home/andre/ros2_ws/src/detection_person': PS1=(venv) \[\e]0;\u@\h: \w\a\]${debian_chroot:+($debian_chroot)}\[\033[01;32m\]\u@\h\[\033[00m\]:\[\033[01;34m\]\w\[\033[00m\]\$ PYTHONPATH=/home/andre/ros2_ws/build/detection_person/prefix_override:/usr/lib/python3/dist-packages/colcon_core/task/python/colcon_distutils_commands:/home/andre/ros2_ws/install/detection_person/lib/python3.10/site-packages:${PYTHONPATH} /usr/bin/python3 -W ignore:setup.py install is deprecated setup.py egg_info --egg-base ../../build/detection_person build --build-base /home/andre/ros2_ws/build/detection_person/build install --record /home/andre/ros2_ws/build/detection_person/install.log --single-version-externally-managed install_data
[1.180s] running egg_info
[1.181s] writing ../../build/detection_person/detection_person.egg-info/PKG-INFO
[1.181s] writing dependency_links to ../../build/detection_person/detection_person.egg-info/dependency_links.txt
[1.181s] writing entry points to ../../build/detection_person/detection_person.egg-info/entry_points.txt
[1.182s] writing requirements to ../../build/detection_person/detection_person.egg-info/requires.txt
[1.182s] writing top-level names to ../../build/detection_person/detection_person.egg-info/top_level.txt
[1.185s] reading manifest file '../../build/detection_person/detection_person.egg-info/SOURCES.txt'
[1.186s] adding license file 'LICENSE'
[1.187s] writing manifest file '../../build/detection_person/detection_person.egg-info/SOURCES.txt'
[1.187s] running build
[1.187s] running build_py
[1.187s] copying detection_person/detection_person.py -> /home/andre/ros2_ws/build/detection_person/build/lib/detection_person
[1.188s] running install
[1.190s] running install_lib
[1.191s] copying /home/andre/ros2_ws/build/detection_person/build/lib/detection_person/detection_person.py -> /home/andre/ros2_ws/install/detection_person/lib/python3.10/site-packages/detection_person
[1.192s] byte-compiling /home/andre/ros2_ws/install/detection_person/lib/python3.10/site-packages/detection_person/detection_person.py to detection_person.cpython-310.pyc
[1.284s] running install_data
[1.284s] running install_egg_info
[1.291s] removing '/home/andre/ros2_ws/install/detection_person/lib/python3.10/site-packages/detection_person-0.0.0-py3.10.egg-info' (and everything under it)
[1.292s] Copying ../../build/detection_person/detection_person.egg-info to /home/andre/ros2_ws/install/detection_person/lib/python3.10/site-packages/detection_person-0.0.0-py3.10.egg-info
[1.322s] running install_scripts
[1.370s] Installing obtain_person script to /home/andre/ros2_ws/install/detection_person/lib/detection_person
[1.370s] writing list of installed files to '/home/andre/ros2_ws/build/detection_person/install.log'
[1.404s] Invoked command in '/home/andre/ros2_ws/src/detection_person' returned '0': PS1=(venv) \[\e]0;\u@\h: \w\a\]${debian_chroot:+($debian_chroot)}\[\033[01;32m\]\u@\h\[\033[00m\]:\[\033[01;34m\]\w\[\033[00m\]\$ PYTHONPATH=/home/andre/ros2_ws/build/detection_person/prefix_override:/usr/lib/python3/dist-packages/colcon_core/task/python/colcon_distutils_commands:/home/andre/ros2_ws/install/detection_person/lib/python3.10/site-packages:${PYTHONPATH} /usr/bin/python3 -W ignore:setup.py install is deprecated setup.py egg_info --egg-base ../../build/detection_person build --build-base /home/andre/ros2_ws/build/detection_person/build install --record /home/andre/ros2_ws/build/detection_person/install.log --single-version-externally-managed install_data
