[1.546s] DEBUG:colcon:Command line arguments: ['/usr/bin/colcon', 'build', '--packages-select', 'pcl_example']
[1.547s] DEBUG:colcon:Parsed command line arguments: Namespace(log_base=None, log_level=None, verb_name='build', build_base='build', install_base='install', merge_install=False, symlink_install=False, test_result_base=None, continue_on_error=False, executor='parallel', parallel_workers=4, event_handlers=None, ignore_user_meta=False, metas=['./colcon.meta'], base_paths=['.'], packages_ignore=None, packages_ignore_regex=None, paths=None, packages_up_to=None, packages_up_to_regex=None, packages_above=None, packages_above_and_dependencies=None, packages_above_depth=None, packages_select_by_dep=None, packages_skip_by_dep=None, packages_skip_up_to=None, packages_select_build_failed=False, packages_skip_build_finished=False, packages_select_test_failures=False, packages_skip_test_passed=False, packages_select=['pcl_example'], packages_skip=None, packages_select_regex=None, packages_skip_regex=None, packages_start=None, packages_end=None, allow_overriding=[], cmake_args=None, cmake_target=None, cmake_target_skip_unavailable=False, cmake_clean_cache=False, cmake_clean_first=False, cmake_force_configure=False, ament_cmake_args=None, catkin_cmake_args=None, catkin_skip_building_tests=False, mixin_files=None, mixin=None, verb_parser=<colcon_mixin.mixin.mixin_argument.MixinArgumentDecorator object at 0x7bc3fa0b5f30>, verb_extension=<colcon_core.verb.build.BuildVerb object at 0x7bc3fa1a6680>, main=<bound method BuildVerb.main of <colcon_core.verb.build.BuildVerb object at 0x7bc3fa1a6680>>, mixin_verb=('build',))
[5.093s] Level 1:colcon.colcon_core.package_discovery:discover_packages(colcon_meta) check parameters
[5.094s] Level 1:colcon.colcon_core.package_discovery:discover_packages(recursive) check parameters
[5.094s] Level 1:colcon.colcon_core.package_discovery:discover_packages(ignore) check parameters
[5.095s] Level 1:colcon.colcon_core.package_discovery:discover_packages(path) check parameters
[5.095s] Level 1:colcon.colcon_core.package_discovery:discover_packages(colcon_meta) discover
[5.095s] Level 1:colcon.colcon_core.package_discovery:discover_packages(recursive) discover
[5.096s] INFO:colcon.colcon_core.package_discovery:Crawling recursively for packages in '/home/andre/ros2_ws'
[5.096s] Level 1:colcon.colcon_core.package_identification:_identify(.) by extensions ['ignore', 'ignore_ament_install']
[5.096s] Level 1:colcon.colcon_core.package_identification:_identify(.) by extension 'ignore'
[5.097s] Level 1:colcon.colcon_core.package_identification:_identify(.) by extension 'ignore_ament_install'
[5.097s] Level 1:colcon.colcon_core.package_identification:_identify(.) by extensions ['colcon_pkg']
[5.097s] Level 1:colcon.colcon_core.package_identification:_identify(.) by extension 'colcon_pkg'
[5.097s] Level 1:colcon.colcon_core.package_identification:_identify(.) by extensions ['colcon_meta']
[5.097s] Level 1:colcon.colcon_core.package_identification:_identify(.) by extension 'colcon_meta'
[5.098s] Level 1:colcon.colcon_core.package_identification:_identify(.) by extensions ['ros']
[5.098s] Level 1:colcon.colcon_core.package_identification:_identify(.) by extension 'ros'
[5.162s] Level 1:colcon.colcon_core.package_identification:_identify(.) by extensions ['cmake', 'python']
[5.162s] Level 1:colcon.colcon_core.package_identification:_identify(.) by extension 'cmake'
[5.163s] Level 1:colcon.colcon_core.package_identification:_identify(.) by extension 'python'
[5.163s] Level 1:colcon.colcon_core.package_identification:_identify(.) by extensions ['python_setup_py']
[5.163s] Level 1:colcon.colcon_core.package_identification:_identify(.) by extension 'python_setup_py'
[5.163s] Level 1:colcon.colcon_core.package_identification:_identify(build) by extensions ['ignore', 'ignore_ament_install']
[5.163s] Level 1:colcon.colcon_core.package_identification:_identify(build) by extension 'ignore'
[5.163s] Level 1:colcon.colcon_core.package_identification:_identify(build) ignored
[5.163s] Level 1:colcon.colcon_core.package_identification:_identify(install) by extensions ['ignore', 'ignore_ament_install']
[5.164s] Level 1:colcon.colcon_core.package_identification:_identify(install) by extension 'ignore'
[5.164s] Level 1:colcon.colcon_core.package_identification:_identify(install) ignored
[5.164s] Level 1:colcon.colcon_core.package_identification:_identify(log) by extensions ['ignore', 'ignore_ament_install']
[5.164s] Level 1:colcon.colcon_core.package_identification:_identify(log) by extension 'ignore'
[5.165s] Level 1:colcon.colcon_core.package_identification:_identify(log) ignored
[5.165s] Level 1:colcon.colcon_core.package_identification:_identify(src) by extensions ['ignore', 'ignore_ament_install']
[5.165s] Level 1:colcon.colcon_core.package_identification:_identify(src) by extension 'ignore'
[5.165s] Level 1:colcon.colcon_core.package_identification:_identify(src) by extension 'ignore_ament_install'
[5.165s] Level 1:colcon.colcon_core.package_identification:_identify(src) by extensions ['colcon_pkg']
[5.165s] Level 1:colcon.colcon_core.package_identification:_identify(src) by extension 'colcon_pkg'
[5.166s] Level 1:colcon.colcon_core.package_identification:_identify(src) by extensions ['colcon_meta']
[5.166s] Level 1:colcon.colcon_core.package_identification:_identify(src) by extension 'colcon_meta'
[5.166s] Level 1:colcon.colcon_core.package_identification:_identify(src) by extensions ['ros']
[5.166s] Level 1:colcon.colcon_core.package_identification:_identify(src) by extension 'ros'
[5.166s] Level 1:colcon.colcon_core.package_identification:_identify(src) by extensions ['cmake', 'python']
[5.166s] Level 1:colcon.colcon_core.package_identification:_identify(src) by extension 'cmake'
[5.166s] Level 1:colcon.colcon_core.package_identification:_identify(src) by extension 'python'
[5.166s] Level 1:colcon.colcon_core.package_identification:_identify(src) by extensions ['python_setup_py']
[5.166s] Level 1:colcon.colcon_core.package_identification:_identify(src) by extension 'python_setup_py'
[5.166s] Level 1:colcon.colcon_core.package_identification:_identify(src/astra_camera) by extensions ['ignore', 'ignore_ament_install']
[5.167s] Level 1:colcon.colcon_core.package_identification:_identify(src/astra_camera) by extension 'ignore'
[5.167s] Level 1:colcon.colcon_core.package_identification:_identify(src/astra_camera) by extension 'ignore_ament_install'
[5.167s] Level 1:colcon.colcon_core.package_identification:_identify(src/astra_camera) by extensions ['colcon_pkg']
[5.167s] Level 1:colcon.colcon_core.package_identification:_identify(src/astra_camera) by extension 'colcon_pkg'
[5.167s] Level 1:colcon.colcon_core.package_identification:_identify(src/astra_camera) by extensions ['colcon_meta']
[5.167s] Level 1:colcon.colcon_core.package_identification:_identify(src/astra_camera) by extension 'colcon_meta'
[5.167s] Level 1:colcon.colcon_core.package_identification:_identify(src/astra_camera) by extensions ['ros']
[5.167s] Level 1:colcon.colcon_core.package_identification:_identify(src/astra_camera) by extension 'ros'
[5.167s] Level 1:colcon.colcon_core.package_identification:_identify(src/astra_camera) by extensions ['cmake', 'python']
[5.167s] Level 1:colcon.colcon_core.package_identification:_identify(src/astra_camera) by extension 'cmake'
[5.167s] Level 1:colcon.colcon_core.package_identification:_identify(src/astra_camera) by extension 'python'
[5.168s] Level 1:colcon.colcon_core.package_identification:_identify(src/astra_camera) by extensions ['python_setup_py']
[5.168s] Level 1:colcon.colcon_core.package_identification:_identify(src/astra_camera) by extension 'python_setup_py'
[5.168s] Level 1:colcon.colcon_core.package_identification:_identify(src/astra_camera/astra_camera) by extensions ['ignore', 'ignore_ament_install']
[5.168s] Level 1:colcon.colcon_core.package_identification:_identify(src/astra_camera/astra_camera) by extension 'ignore'
[5.168s] Level 1:colcon.colcon_core.package_identification:_identify(src/astra_camera/astra_camera) by extension 'ignore_ament_install'
[5.168s] Level 1:colcon.colcon_core.package_identification:_identify(src/astra_camera/astra_camera) by extensions ['colcon_pkg']
[5.168s] Level 1:colcon.colcon_core.package_identification:_identify(src/astra_camera/astra_camera) by extension 'colcon_pkg'
[5.168s] Level 1:colcon.colcon_core.package_identification:_identify(src/astra_camera/astra_camera) by extensions ['colcon_meta']
[5.168s] Level 1:colcon.colcon_core.package_identification:_identify(src/astra_camera/astra_camera) by extension 'colcon_meta'
[5.169s] Level 1:colcon.colcon_core.package_identification:_identify(src/astra_camera/astra_camera) by extensions ['ros']
[5.169s] Level 1:colcon.colcon_core.package_identification:_identify(src/astra_camera/astra_camera) by extension 'ros'
[5.178s] DEBUG:colcon.colcon_core.package_identification:Package 'src/astra_camera/astra_camera' with type 'ros.ament_cmake' and name 'astra_camera'
[5.179s] Level 1:colcon.colcon_core.package_identification:_identify(src/astra_camera/astra_camera_msgs) by extensions ['ignore', 'ignore_ament_install']
[5.179s] Level 1:colcon.colcon_core.package_identification:_identify(src/astra_camera/astra_camera_msgs) by extension 'ignore'
[5.179s] Level 1:colcon.colcon_core.package_identification:_identify(src/astra_camera/astra_camera_msgs) by extension 'ignore_ament_install'
[5.179s] Level 1:colcon.colcon_core.package_identification:_identify(src/astra_camera/astra_camera_msgs) by extensions ['colcon_pkg']
[5.179s] Level 1:colcon.colcon_core.package_identification:_identify(src/astra_camera/astra_camera_msgs) by extension 'colcon_pkg'
[5.179s] Level 1:colcon.colcon_core.package_identification:_identify(src/astra_camera/astra_camera_msgs) by extensions ['colcon_meta']
[5.179s] Level 1:colcon.colcon_core.package_identification:_identify(src/astra_camera/astra_camera_msgs) by extension 'colcon_meta'
[5.179s] Level 1:colcon.colcon_core.package_identification:_identify(src/astra_camera/astra_camera_msgs) by extensions ['ros']
[5.179s] Level 1:colcon.colcon_core.package_identification:_identify(src/astra_camera/astra_camera_msgs) by extension 'ros'
[5.180s] DEBUG:colcon.colcon_core.package_identification:Package 'src/astra_camera/astra_camera_msgs' with type 'ros.ament_cmake' and name 'astra_camera_msgs'
[5.181s] Level 1:colcon.colcon_core.package_identification:_identify(src/calib_correspondences) by extensions ['ignore', 'ignore_ament_install']
[5.181s] Level 1:colcon.colcon_core.package_identification:_identify(src/calib_correspondences) by extension 'ignore'
[5.181s] Level 1:colcon.colcon_core.package_identification:_identify(src/calib_correspondences) by extension 'ignore_ament_install'
[5.181s] Level 1:colcon.colcon_core.package_identification:_identify(src/calib_correspondences) by extensions ['colcon_pkg']
[5.181s] Level 1:colcon.colcon_core.package_identification:_identify(src/calib_correspondences) by extension 'colcon_pkg'
[5.181s] Level 1:colcon.colcon_core.package_identification:_identify(src/calib_correspondences) by extensions ['colcon_meta']
[5.181s] Level 1:colcon.colcon_core.package_identification:_identify(src/calib_correspondences) by extension 'colcon_meta'
[5.181s] Level 1:colcon.colcon_core.package_identification:_identify(src/calib_correspondences) by extensions ['ros']
[5.181s] Level 1:colcon.colcon_core.package_identification:_identify(src/calib_correspondences) by extension 'ros'
[5.182s] DEBUG:colcon.colcon_core.package_identification:Package 'src/calib_correspondences' with type 'ros.ament_cmake' and name 'calib_correspondences'
[5.182s] Level 1:colcon.colcon_core.package_identification:_identify(src/custom_msgs) by extensions ['ignore', 'ignore_ament_install']
[5.183s] Level 1:colcon.colcon_core.package_identification:_identify(src/custom_msgs) by extension 'ignore'
[5.183s] Level 1:colcon.colcon_core.package_identification:_identify(src/custom_msgs) by extension 'ignore_ament_install'
[5.183s] Level 1:colcon.colcon_core.package_identification:_identify(src/custom_msgs) by extensions ['colcon_pkg']
[5.183s] Level 1:colcon.colcon_core.package_identification:_identify(src/custom_msgs) by extension 'colcon_pkg'
[5.183s] Level 1:colcon.colcon_core.package_identification:_identify(src/custom_msgs) by extensions ['colcon_meta']
[5.183s] Level 1:colcon.colcon_core.package_identification:_identify(src/custom_msgs) by extension 'colcon_meta'
[5.183s] Level 1:colcon.colcon_core.package_identification:_identify(src/custom_msgs) by extensions ['ros']
[5.183s] Level 1:colcon.colcon_core.package_identification:_identify(src/custom_msgs) by extension 'ros'
[5.184s] DEBUG:colcon.colcon_core.package_identification:Package 'src/custom_msgs' with type 'ros.ament_cmake' and name 'custom_msgs'
[5.185s] Level 1:colcon.colcon_core.package_identification:_identify(src/detection_aruco) by extensions ['ignore', 'ignore_ament_install']
[5.185s] Level 1:colcon.colcon_core.package_identification:_identify(src/detection_aruco) by extension 'ignore'
[5.185s] Level 1:colcon.colcon_core.package_identification:_identify(src/detection_aruco) by extension 'ignore_ament_install'
[5.185s] Level 1:colcon.colcon_core.package_identification:_identify(src/detection_aruco) by extensions ['colcon_pkg']
[5.185s] Level 1:colcon.colcon_core.package_identification:_identify(src/detection_aruco) by extension 'colcon_pkg'
[5.185s] Level 1:colcon.colcon_core.package_identification:_identify(src/detection_aruco) by extensions ['colcon_meta']
[5.185s] Level 1:colcon.colcon_core.package_identification:_identify(src/detection_aruco) by extension 'colcon_meta'
[5.185s] Level 1:colcon.colcon_core.package_identification:_identify(src/detection_aruco) by extensions ['ros']
[5.185s] Level 1:colcon.colcon_core.package_identification:_identify(src/detection_aruco) by extension 'ros'
[5.187s] DEBUG:colcon.colcon_core.package_identification:Package 'src/detection_aruco' with type 'ros.ament_python' and name 'detection_aruco'
[5.187s] Level 1:colcon.colcon_core.package_identification:_identify(src/detection_astra_camera) by extensions ['ignore', 'ignore_ament_install']
[5.187s] Level 1:colcon.colcon_core.package_identification:_identify(src/detection_astra_camera) by extension 'ignore'
[5.187s] Level 1:colcon.colcon_core.package_identification:_identify(src/detection_astra_camera) by extension 'ignore_ament_install'
[5.187s] Level 1:colcon.colcon_core.package_identification:_identify(src/detection_astra_camera) by extensions ['colcon_pkg']
[5.187s] Level 1:colcon.colcon_core.package_identification:_identify(src/detection_astra_camera) by extension 'colcon_pkg'
[5.188s] Level 1:colcon.colcon_core.package_identification:_identify(src/detection_astra_camera) by extensions ['colcon_meta']
[5.188s] Level 1:colcon.colcon_core.package_identification:_identify(src/detection_astra_camera) by extension 'colcon_meta'
[5.188s] Level 1:colcon.colcon_core.package_identification:_identify(src/detection_astra_camera) by extensions ['ros']
[5.188s] Level 1:colcon.colcon_core.package_identification:_identify(src/detection_astra_camera) by extension 'ros'
[5.189s] DEBUG:colcon.colcon_core.package_identification:Package 'src/detection_astra_camera' with type 'ros.ament_python' and name 'detection_astra_camera'
[5.189s] Level 1:colcon.colcon_core.package_identification:_identify(src/detection_human_ros) by extensions ['ignore', 'ignore_ament_install']
[5.189s] Level 1:colcon.colcon_core.package_identification:_identify(src/detection_human_ros) by extension 'ignore'
[5.189s] Level 1:colcon.colcon_core.package_identification:_identify(src/detection_human_ros) by extension 'ignore_ament_install'
[5.189s] Level 1:colcon.colcon_core.package_identification:_identify(src/detection_human_ros) by extensions ['colcon_pkg']
[5.189s] Level 1:colcon.colcon_core.package_identification:_identify(src/detection_human_ros) by extension 'colcon_pkg'
[5.189s] Level 1:colcon.colcon_core.package_identification:_identify(src/detection_human_ros) by extensions ['colcon_meta']
[5.189s] Level 1:colcon.colcon_core.package_identification:_identify(src/detection_human_ros) by extension 'colcon_meta'
[5.190s] Level 1:colcon.colcon_core.package_identification:_identify(src/detection_human_ros) by extensions ['ros']
[5.190s] Level 1:colcon.colcon_core.package_identification:_identify(src/detection_human_ros) by extension 'ros'
[5.191s] DEBUG:colcon.colcon_core.package_identification:Package 'src/detection_human_ros' with type 'ros.ament_python' and name 'detection_human_ros'
[5.191s] Level 1:colcon.colcon_core.package_identification:_identify(src/detection_person) by extensions ['ignore', 'ignore_ament_install']
[5.191s] Level 1:colcon.colcon_core.package_identification:_identify(src/detection_person) by extension 'ignore'
[5.191s] Level 1:colcon.colcon_core.package_identification:_identify(src/detection_person) by extension 'ignore_ament_install'
[5.191s] Level 1:colcon.colcon_core.package_identification:_identify(src/detection_person) by extensions ['colcon_pkg']
[5.191s] Level 1:colcon.colcon_core.package_identification:_identify(src/detection_person) by extension 'colcon_pkg'
[5.191s] Level 1:colcon.colcon_core.package_identification:_identify(src/detection_person) by extensions ['colcon_meta']
[5.191s] Level 1:colcon.colcon_core.package_identification:_identify(src/detection_person) by extension 'colcon_meta'
[5.191s] Level 1:colcon.colcon_core.package_identification:_identify(src/detection_person) by extensions ['ros']
[5.191s] Level 1:colcon.colcon_core.package_identification:_identify(src/detection_person) by extension 'ros'
[5.193s] DEBUG:colcon.colcon_core.package_identification:Package 'src/detection_person' with type 'ros.ament_python' and name 'detection_person'
[5.193s] Level 1:colcon.colcon_core.package_identification:_identify(src/pcl_example) by extensions ['ignore', 'ignore_ament_install']
[5.193s] Level 1:colcon.colcon_core.package_identification:_identify(src/pcl_example) by extension 'ignore'
[5.193s] Level 1:colcon.colcon_core.package_identification:_identify(src/pcl_example) by extension 'ignore_ament_install'
[5.193s] Level 1:colcon.colcon_core.package_identification:_identify(src/pcl_example) by extensions ['colcon_pkg']
[5.193s] Level 1:colcon.colcon_core.package_identification:_identify(src/pcl_example) by extension 'colcon_pkg'
[5.194s] Level 1:colcon.colcon_core.package_identification:_identify(src/pcl_example) by extensions ['colcon_meta']
[5.194s] Level 1:colcon.colcon_core.package_identification:_identify(src/pcl_example) by extension 'colcon_meta'
[5.194s] Level 1:colcon.colcon_core.package_identification:_identify(src/pcl_example) by extensions ['ros']
[5.194s] Level 1:colcon.colcon_core.package_identification:_identify(src/pcl_example) by extension 'ros'
[5.195s] DEBUG:colcon.colcon_core.package_identification:Package 'src/pcl_example' with type 'ros.ament_cmake' and name 'pcl_example'
[5.196s] Level 1:colcon.colcon_core.package_discovery:discover_packages(recursive) using defaults
[5.196s] Level 1:colcon.colcon_core.package_discovery:discover_packages(ignore) discover
[5.196s] Level 1:colcon.colcon_core.package_discovery:discover_packages(ignore) using defaults
[5.196s] Level 1:colcon.colcon_core.package_discovery:discover_packages(path) discover
[5.196s] Level 1:colcon.colcon_core.package_discovery:discover_packages(path) using defaults
[5.366s] INFO:colcon.colcon_core.package_selection:Skipping not selected package 'astra_camera_msgs' in 'src/astra_camera/astra_camera_msgs'
[5.366s] INFO:colcon.colcon_core.package_selection:Skipping not selected package 'calib_correspondences' in 'src/calib_correspondences'
[5.366s] INFO:colcon.colcon_core.package_selection:Skipping not selected package 'custom_msgs' in 'src/custom_msgs'
[5.366s] INFO:colcon.colcon_core.package_selection:Skipping not selected package 'detection_person' in 'src/detection_person'
[5.366s] INFO:colcon.colcon_core.package_selection:Skipping not selected package 'astra_camera' in 'src/astra_camera/astra_camera'
[5.366s] INFO:colcon.colcon_core.package_selection:Skipping not selected package 'detection_aruco' in 'src/detection_aruco'
[5.366s] INFO:colcon.colcon_core.package_selection:Skipping not selected package 'detection_astra_camera' in 'src/detection_astra_camera'
[5.366s] INFO:colcon.colcon_core.package_selection:Skipping not selected package 'detection_human_ros' in 'src/detection_human_ros'
[5.381s] Level 1:colcon.colcon_core.package_discovery:discover_packages(prefix_path) check parameters
[5.381s] Level 1:colcon.colcon_core.package_discovery:discover_packages(prefix_path) discover
[5.386s] DEBUG:colcon.colcon_installed_package_information.package_discovery:Found 11 installed packages in /home/andre/ros2_ws/install
[5.390s] DEBUG:colcon.colcon_installed_package_information.package_discovery:Found 270 installed packages in /opt/ros/humble
[5.393s] Level 1:colcon.colcon_core.package_discovery:discover_packages(prefix_path) using defaults
[7.903s] Level 5:colcon.colcon_core.verb:set package 'pcl_example' build argument 'cmake_args' from command line to 'None'
[7.903s] Level 5:colcon.colcon_core.verb:set package 'pcl_example' build argument 'cmake_target' from command line to 'None'
[7.904s] Level 5:colcon.colcon_core.verb:set package 'pcl_example' build argument 'cmake_target_skip_unavailable' from command line to 'False'
[7.904s] Level 5:colcon.colcon_core.verb:set package 'pcl_example' build argument 'cmake_clean_cache' from command line to 'False'
[7.904s] Level 5:colcon.colcon_core.verb:set package 'pcl_example' build argument 'cmake_clean_first' from command line to 'False'
[7.904s] Level 5:colcon.colcon_core.verb:set package 'pcl_example' build argument 'cmake_force_configure' from command line to 'False'
[7.904s] Level 5:colcon.colcon_core.verb:set package 'pcl_example' build argument 'ament_cmake_args' from command line to 'None'
[7.904s] Level 5:colcon.colcon_core.verb:set package 'pcl_example' build argument 'catkin_cmake_args' from command line to 'None'
[7.904s] Level 5:colcon.colcon_core.verb:set package 'pcl_example' build argument 'catkin_skip_building_tests' from command line to 'False'
[7.904s] DEBUG:colcon.colcon_core.verb:Building package 'pcl_example' with the following arguments: {'ament_cmake_args': None, 'build_base': '/home/andre/ros2_ws/build/pcl_example', 'catkin_cmake_args': None, 'catkin_skip_building_tests': False, 'cmake_args': None, 'cmake_clean_cache': False, 'cmake_clean_first': False, 'cmake_force_configure': False, 'cmake_target': None, 'cmake_target_skip_unavailable': False, 'install_base': '/home/andre/ros2_ws/install/pcl_example', 'merge_install': False, 'path': '/home/andre/ros2_ws/src/pcl_example', 'symlink_install': False, 'test_result_base': None}
[7.904s] INFO:colcon.colcon_core.executor:Executing jobs using 'parallel' executor
[7.906s] DEBUG:colcon.colcon_parallel_executor.executor.parallel:run_until_complete
[7.906s] INFO:colcon.colcon_ros.task.ament_cmake.build:Building ROS package in '/home/andre/ros2_ws/src/pcl_example' with build type 'ament_cmake'
[7.906s] INFO:colcon.colcon_cmake.task.cmake.build:Building CMake package in '/home/andre/ros2_ws/src/pcl_example'
[7.947s] INFO:colcon.colcon_core.plugin_system:Skipping extension 'colcon_core.shell.bat': Not used on non-Windows systems
[7.947s] INFO:colcon.colcon_core.shell:Skip shell extension 'powershell' for command environment: Not usable outside of PowerShell
[7.947s] DEBUG:colcon.colcon_core.shell:Skip shell extension 'dsv' for command environment
[7.982s] DEBUG:colcon.colcon_core.event_handler.log_command:Invoking command in '/home/andre/ros2_ws/build/pcl_example': CMAKE_PREFIX_PATH=${CMAKE_PREFIX_PATH}:/home/andre/ros2_ws/install/detection_person:/home/andre/ros2_ws/install/detection_human_ros:/home/andre/ros2_ws/install/detection_astra_camera:/home/andre/ros2_ws/install/detection_aruco:/opt/ros/humble /usr/bin/cmake --build /home/andre/ros2_ws/build/pcl_example -- -j4 -l4
[11.739s] DEBUG:colcon.colcon_core.event_handler.log_command:Invoked command in '/home/andre/ros2_ws/build/pcl_example' returned '2': CMAKE_PREFIX_PATH=${CMAKE_PREFIX_PATH}:/home/andre/ros2_ws/install/detection_person:/home/andre/ros2_ws/install/detection_human_ros:/home/andre/ros2_ws/install/detection_astra_camera:/home/andre/ros2_ws/install/detection_aruco:/opt/ros/humble /usr/bin/cmake --build /home/andre/ros2_ws/build/pcl_example -- -j4 -l4
[11.828s] Level 1:colcon.colcon_core.environment:create_environment_scripts_only(pcl_example)
[11.863s] Level 1:colcon.colcon_core.environment:checking '/home/andre/ros2_ws/install/pcl_example' for CMake module files
[11.865s] Level 1:colcon.colcon_core.environment:checking '/home/andre/ros2_ws/install/pcl_example' for CMake config files
[11.865s] Level 1:colcon.colcon_core.shell:create_environment_hook('pcl_example', 'cmake_prefix_path')
[11.866s] INFO:colcon.colcon_core.shell:Creating environment hook '/home/andre/ros2_ws/install/pcl_example/share/pcl_example/hook/cmake_prefix_path.ps1'
[11.883s] INFO:colcon.colcon_core.shell:Creating environment descriptor '/home/andre/ros2_ws/install/pcl_example/share/pcl_example/hook/cmake_prefix_path.dsv'
[11.888s] INFO:colcon.colcon_core.shell:Creating environment hook '/home/andre/ros2_ws/install/pcl_example/share/pcl_example/hook/cmake_prefix_path.sh'
[11.889s] Level 1:colcon.colcon_core.environment:checking '/home/andre/ros2_ws/install/pcl_example/lib'
[11.890s] Level 1:colcon.colcon_core.environment:checking '/home/andre/ros2_ws/install/pcl_example/bin'
[11.890s] Level 1:colcon.colcon_core.environment:checking '/home/andre/ros2_ws/install/pcl_example/lib/pkgconfig/pcl_example.pc'
[11.890s] Level 1:colcon.colcon_core.environment:checking '/home/andre/ros2_ws/install/pcl_example/lib/python3.10/site-packages'
[11.890s] Level 1:colcon.colcon_core.environment:checking '/home/andre/ros2_ws/install/pcl_example/bin'
[11.891s] INFO:colcon.colcon_core.shell:Creating package script '/home/andre/ros2_ws/install/pcl_example/share/pcl_example/package.ps1'
[11.892s] INFO:colcon.colcon_core.shell:Creating package descriptor '/home/andre/ros2_ws/install/pcl_example/share/pcl_example/package.dsv'
[11.894s] INFO:colcon.colcon_core.shell:Creating package script '/home/andre/ros2_ws/install/pcl_example/share/pcl_example/package.sh'
[11.896s] INFO:colcon.colcon_core.shell:Creating package script '/home/andre/ros2_ws/install/pcl_example/share/pcl_example/package.bash'
[11.909s] INFO:colcon.colcon_core.shell:Creating package script '/home/andre/ros2_ws/install/pcl_example/share/pcl_example/package.zsh'
[11.924s] Level 1:colcon.colcon_core.environment:create_file_with_runtime_dependencies(/home/andre/ros2_ws/install/pcl_example/share/colcon-core/packages/pcl_example)
[11.924s] DEBUG:colcon.colcon_parallel_executor.executor.parallel:closing loop
[11.925s] DEBUG:colcon.colcon_parallel_executor.executor.parallel:loop closed
[11.925s] DEBUG:colcon.colcon_parallel_executor.executor.parallel:run_until_complete finished with '2'
[11.925s] DEBUG:colcon.colcon_core.event_reactor:joining thread
[11.945s] INFO:colcon.colcon_core.plugin_system:Skipping extension 'colcon_notification.desktop_notification.terminal_notifier': Not used on non-Darwin systems
[11.946s] INFO:colcon.colcon_core.plugin_system:Skipping extension 'colcon_notification.desktop_notification.win32': Not used on non-Windows systems
[11.946s] INFO:colcon.colcon_notification.desktop_notification:Sending desktop notification using 'notify2'
[11.980s] DEBUG:colcon.colcon_core.event_reactor:joined thread
[11.980s] INFO:colcon.colcon_core.shell:Creating prefix script '/home/andre/ros2_ws/install/local_setup.ps1'
[11.983s] INFO:colcon.colcon_core.shell:Creating prefix util module '/home/andre/ros2_ws/install/_local_setup_util_ps1.py'
[11.999s] INFO:colcon.colcon_core.shell:Creating prefix chain script '/home/andre/ros2_ws/install/setup.ps1'
[12.002s] INFO:colcon.colcon_core.shell:Creating prefix script '/home/andre/ros2_ws/install/local_setup.sh'
[12.004s] INFO:colcon.colcon_core.shell:Creating prefix util module '/home/andre/ros2_ws/install/_local_setup_util_sh.py'
[12.006s] INFO:colcon.colcon_core.shell:Creating prefix chain script '/home/andre/ros2_ws/install/setup.sh'
[12.008s] INFO:colcon.colcon_core.shell:Creating prefix script '/home/andre/ros2_ws/install/local_setup.bash'
[12.010s] INFO:colcon.colcon_core.shell:Creating prefix chain script '/home/andre/ros2_ws/install/setup.bash'
[12.013s] INFO:colcon.colcon_core.shell:Creating prefix script '/home/andre/ros2_ws/install/local_setup.zsh'
[12.015s] INFO:colcon.colcon_core.shell:Creating prefix chain script '/home/andre/ros2_ws/install/setup.zsh'
